
Version identifier: 22.1.1.0 | 2022-11-28 | 9160aff4d
CPXPARAM_MultiObjective_Display                  0
CPXPARAM_TimeLimit                               2000000
CPXPARAM_WorkMem                                 8192
CPXPARAM_DetTimeLimit                            2000000
Found incumbent of value 249000,000000 after 0,09 sec. (51,23 ticks)
Tried aggregator 3 times.
MIP Presolve eliminated 105614 rows and 1080845 columns.
Aggregator did 1046 substitutions.
Reduced MIP has 5882 rows, 28371 columns, and 62633 nonzeros.
Reduced MIP has 28339 binaries, 32 generals, 0 SOSs, and 0 indicators.
Presolve time = 0,83 sec. (590,42 ticks)
Probing time = 0,06 sec. (21,67 ticks)
Tried aggregator 2 times.
Detecting symmetries...
MIP Presolve eliminated 2 rows and 2 columns.
Aggregator did 16 substitutions.
Reduced MIP has 5864 rows, 28353 columns, and 62597 nonzeros.
Reduced MIP has 28337 binaries, 16 generals, 0 SOSs, and 0 indicators.
Presolve time = 0,07 sec. (66,07 ticks)
Probing time = 0,03 sec. (11,93 ticks)
Clique table members: 35395.
MIP emphasis: balance optimality and feasibility.
MIP search method: dynamic search.
Parallel mode: deterministic, using up to 12 threads.
Root relaxation solution time = 0,72 sec. (537,98 ticks)

        Nodes                                         Cuts/
   Node  Left     Objective  IInf  Best Integer    Best Bound    ItCnt     Gap

*     0+    0                       249000,0000 -1904267,0000           864,77%
      0     0    10430,8627  2394   249000,0000    10430,8627       40   95,81%
      0     0    10493,7913  2367   249000,0000      Cuts: 20      740   95,79%
*     0+    0                        43792,7221    10493,7913            76,04%
*     0+    0                        43790,6161    10493,7913            76,04%
      0     0    10522,7128  2537    43790,6161  ZeroHalf: 37     1661   75,97%
      0     0    10523,4358  2534    43790,6161   ZeroHalf: 4     1837   75,97%
      0     0    10528,7596  2512    43790,6161   ZeroHalf: 2     2051   75,96%
      0     0    10534,7693  2543    43790,6161  ZeroHalf: 11     2332   75,94%
Detecting symmetries...
      0     0    10551,2991  2600    43790,6161  ZeroHalf: 11     2867   75,91%
      0     0    10563,3233  2623    43790,6161   ZeroHalf: 5     3340   75,88%
      0     0    10569,6589  2657    43790,6161   ZeroHalf: 6     3713   75,86%
      0     0    10576,5961  2672    43790,6161   ZeroHalf: 6     4019   75,85%
      0     0    10583,8483  2641    43790,6161   ZeroHalf: 7     4425   75,83%
      0     0    10592,0008  2638    43790,6161   ZeroHalf: 9     4872   75,81%
      0     0    10599,2180  2640    43790,6161   ZeroHalf: 9     5147   75,80%
      0     0    10606,0813  2700    43790,6161   ZeroHalf: 7     5444   75,78%
      0     0    10614,1789  2712    43790,6161  ZeroHalf: 12     5890   75,76%
      0     0    10617,4109  2671    43790,6161   ZeroHalf: 4     6125   75,75%
      0     0    10624,4233  2770    43790,6161   ZeroHalf: 2     6418   75,74%
      0     0    10631,5213  2794    43790,6161   ZeroHalf: 4     6779   75,72%
      0     0    10631,7213  2813    43790,6161   ZeroHalf: 1     6878   75,72%
*     0+    0                        36099,1245    10631,7213            70,55%
      0     0    10642,7588  2795    36099,1245   ZeroHalf: 4     7360   70,52%
      0     0    10648,4593  2774    36099,1245   ZeroHalf: 7     7639   70,50%
      0     0    10648,4593  2775    36099,1245   ZeroHalf: 5     7643   70,50%
*     0+    0                        35506,0863    10648,4593            70,01%
*     0+    0                        35503,9803    10648,4593            70,01%
Detecting symmetries...
      0     2    10648,4593  2775    35503,9803    10648,4593     7643   70,01%
Elapsed time = 48,07 sec. (23972,24 ticks, tree = 0,02 MB, solutions = 5)
      1     3    10677,9335  2579    35503,9803    10648,5086     9059   70,01%
      3     4    10722,8190  2489    35503,9803    10648,6389    10437   70,01%
      6     7    10763,8263  2479    35503,9803    10723,2925    15650   69,80%
      7     6    10749,8738  2422    35503,9803    10723,2925    14505   69,80%
     12     8    10921,7843  2350    35503,9803    10723,2925    17822   69,80%
     14     9    10825,1507  2437    35503,9803    10723,2925    18396   69,80%
     17    11    10799,2582  2336    35503,9803    10723,2925    24050   69,80%
     19    13    10955,4945  2181    35503,9803    10749,9092    26808   69,72%
     21    16    10867,0294  2171    35503,9803    10749,9391    30816   69,72%
     30    18    11420,3030  2169    35503,9803    10771,5118    35577   69,66%
Elapsed time = 68,27 sec. (29902,66 ticks, tree = 0,07 MB, solutions = 5)
     38    27    10942,9907  1944    35503,9803    10771,5118    71001   69,66%
     47    38    10936,4654  2110    35503,9803    10771,5118   109089   69,66%
     54    42    11072,3033  1989    35503,9803    10771,5118   119330   69,66%
     71    63    11122,3810  2152    35503,9803    10771,5118   167351   69,66%
     87    70    11285,2882  1789    35503,9803    10771,5118   175521   69,66%
    107    84    11749,1892  1827    35503,9803    10771,5118   191715   69,66%
    115    95    10943,2325  2055    35503,9803    10771,5118   205553   69,66%
*   116+   81                        17725,4888    10771,5118            39,23%
*   125+   74                        14479,7199    10771,5118            25,61%
    129   115    11577,4900  1863    14479,7199    10771,5118   223270   25,61%
    150   117    11650,1744  1660    14479,7199    10771,5118   225035   25,61%
*   153+   96                        14179,1721    10771,5118            24,03%
    177   142    12181,2928  1233    14179,1721    10771,5118   245102   24,03%
Elapsed time = 134,13 sec. (40045,87 ticks, tree = 1,20 MB, solutions = 9)
*   191+  115                        12652,9757    10771,5118            14,87%
    211   154    11378,7390  1577    12652,9757    10771,5118   256538   14,87%
    243   155    11423,8251  1373    12652,9757    10771,5118   254517   14,87%
    277   205    12026,2150   899    12652,9757    10771,5118   286354   14,87%
    325   268    12202,6177   949    12652,9757    10771,5118   321236   14,87%
*   346+  249                        12157,0697    10771,5118            11,40%
    386   294    11203,1442  1659    12157,0697    10771,5118   342303   11,40%
    443   322    12140,4411  1133    12157,0697    10771,5118   358839   11,40%
    480   367    11440,2783  1550    12157,0697    10771,5118   397754   11,40%
    519   371    11090,1736  2152    12157,0697    10771,5118   402023   11,40%
*   545   385      integral     0    11999,5875    10771,5118   407816   10,23%
    556   403    11205,3589  1646    11999,5875    10771,5118   425124   10,23%
    584   392    11339,6597  1795    11999,5875    10771,5118   418771   10,23%
Elapsed time = 201,35 sec. (49763,03 ticks, tree = 9,36 MB, solutions = 14)
    611   385    11013,2363  2006    11999,5875    10825,1547   433438    9,79%
    639   405    11419,5909  1629    11999,5875    10825,1547   453153    9,79%
    663   459    11633,6752  1863    11999,5875    10872,5322   501112    9,39%
    700   429    11812,8374  1421    11999,5875    10872,5322   472741    9,39%
    746   485    10912,8661  2394    11999,5875    10872,5322   519462    9,39%
    786   523    11698,5337  1976    11999,5875    10872,5322   547358    9,39%
    816   511    11437,0846  1626    11999,5875    10872,5322   534981    9,39%
    855   553    11303,0738  2028    11999,5875    10872,5322   565867    9,39%
    892   597    11072,2500  1966    11999,5875    10872,5322   596482    9,39%
    934   567    11512,6964  1914    11999,5875    10872,5322   575108    9,39%
Elapsed time = 270,46 sec. (59527,29 ticks, tree = 18,25 MB, solutions = 14)
    975   610    11592,1948  2037    11999,5875    10872,5517   603983    9,39%
   1020   702    11594,2957  1679    11999,5875    10872,5517   663762    9,39%
   1065   742    11793,7525  1000    11999,5875    10872,5517   684848    9,39%
   1125   693    11821,2855  1837    11999,5875    10881,3598   657344    9,32%
   1174   806        cutoff          11999,5875    10881,3598   721723    9,32%
   1197   780    11230,8966  2027    11999,5875    10881,3598   707181    9,32%
   1224   846    11072,5317  2119    11999,5875    10885,0365   748913    9,29%
   1261   892    11284,0542  2141    11999,5875    10917,0814   778918    9,02%
   1303   866    11789,6399  1656    11999,5875    10918,0034   766122    9,01%
   1343   968    11389,4973  1945    11999,5875    10918,0034   817703    9,01%
Elapsed time = 339,80 sec. (69334,18 ticks, tree = 38,34 MB, solutions = 14)
   1387   974        cutoff          11999,5875    10918,0034   824675    9,01%
   1425   975    11056,4035  1977    11999,5875    10918,0034   826596    9,01%
   1469  1024    11231,5568  1983    11999,5875    10921,7907   856964    8,98%
   1508  1028    11376,2028  1992    11999,5875    10928,4677   858767    8,93%
   1549  1125    11534,8479  1838    11999,5875    10933,7937   918789    8,88%
   1587  1077    11475,2055  1918    11999,5875    10933,7937   888702    8,88%
   1630  1096    11936,4952  1800    11999,5875    10937,6722   898999    8,85%
   1678  1246    11545,3849  1863    11999,5875    10943,4048   991366    8,80%
   1712  1178    11259,3156  1871    11999,5875    10943,4048   955169    8,80%
   1752  1240    11620,9564  1773    11999,5875    10943,4048   987906    8,80%
Elapsed time = 408,84 sec. (79086,77 ticks, tree = 43,72 MB, solutions = 14)
   1793  1234    11991,6581  1625    11999,5875    10943,4048   982292    8,80%
   1828  1355        cutoff          11999,5875    10950,3803  1060069    8,74%
   1853  1371    11391,4841  1595    11999,5875    10952,8199  1070885    8,72%
   1882  1434    11916,6412   967    11999,5875    10952,8199  1112260    8,72%
   1935  1425    11036,8421  1874    11999,5875    10956,2105  1106723    8,70%
   1978  1445        cutoff          11999,5875    10956,2105  1122157    8,70%
   2013  1394    11560,8631  1567    11999,5875    10956,2105  1085459    8,70%
   2063  1464    11554,0094  1738    11999,5875    10956,2105  1130511    8,70%
   2103  1574    11227,6440  2016    11999,5875    10956,2105  1212275    8,70%
   2148  1603    11100,4560  2078    11999,5875    10959,3407  1230050    8,67%
Elapsed time = 478,42 sec. (88877,35 ticks, tree = 56,17 MB, solutions = 14)
   2185  1531    11294,4645  2021    11999,5875    10959,3407  1187764    8,67%
   2234  1683    11446,7591  1936    11999,5875    10980,2974  1285914    8,49%
   2275  1676    11953,1380  1437    11999,5875    10980,2974  1279014    8,49%
   2325  1733    11132,8511  1820    11999,5875    10980,3656  1319166    8,49%
   2372  1721    11988,9438  1499    11999,5875    10986,2212  1313058    8,45%
   2419  1773    11531,0354  2008    11999,5875    10987,4543  1347671    8,43%
   2469  1707    11415,6417  2008    11999,5875    10987,4543  1303215    8,43%
   2510  1750    11980,9963  1528    11999,5875    10988,8718  1327069    8,42%
   2559  1839    11232,6391  1784    11999,5875    10988,8718  1382737    8,42%
   2609  1922    11172,0157  2063    11999,5875    10988,8718  1428680    8,42%
Elapsed time = 546,44 sec. (98554,27 ticks, tree = 74,43 MB, solutions = 14)
   2656  2027    11696,2577  1790    11999,5875    10997,5084  1478120    8,35%
   2705  2051    11896,6583  1750    11999,5875    10997,5084  1493360    8,35%
   2756  2005    11475,9241  1672    11999,5875    10997,5963  1468313    8,35%
   2803  1978    11536,6123  1962    11999,5875    10998,4270  1457065    8,34%
   2849  2084    11623,7178  1821    11999,5875    11001,1877  1513739    8,32%
   2886  2063    11550,4894  1830    11999,5875    11010,0738  1500988    8,25%
   2926  2193    11419,7573  1763    11999,5875    11012,6546  1577089    8,22%
   2972  2265    11423,8180  1678    11999,5875    11013,5335  1616170    8,22%
   3016  2177    11690,2922  1871    11999,5875    11015,8170  1564378    8,20%
   3062  2347    11938,1853  1793    11999,5875    11015,8170  1663819    8,20%
Elapsed time = 615,29 sec. (108389,30 ticks, tree = 92,41 MB, solutions = 14)
   3105  2364    11872,0902  1726    11999,5875    11015,8170  1671959    8,20%
   3145  2308    11850,5732  1762    11999,5875    11016,3726  1644669    8,19%
   3185  2367    11388,1164  1929    11999,5875    11016,3726  1675769    8,19%
   3223  2386    11457,9385  2008    11999,5875    11019,6557  1682506    8,17%
   3266  2493        cutoff          11999,5875    11020,0271  1755115    8,16%
   3297  2502    11536,5637  1930    11999,5875    11022,3415  1763392    8,14%
   3334  2454    11467,9957  1663    11999,5875    11022,3415  1734087    8,14%
   3389  2446    11381,4206  1770    11999,5875    11022,3415  1727574    8,14%
   3446  2574        cutoff          11999,5875    11023,1344  1817592    8,14%
*  3452  2579      integral     0    11976,4749    11023,1344  1812413    7,96%
*  3600  2688      integral     0    11909,2683    11028,8616  1906452    7,39%
   3628  2646        cutoff          11909,2683    11028,8616  1868349    7,39%
Elapsed time = 706,09 sec. (121064,96 ticks, tree = 100,16 MB, solutions = 16)
   3798  2580    11106,0796  1857    11909,2683    11032,5331  1957990    7,36%
   3911  2673    11768,3415  1599    11909,2683    11032,5331  2019418    7,36%

Performing restart 1

Repeating presolve.
Tried aggregator 2 times.
MIP Presolve eliminated 28 rows and 812 columns.
Aggregator did 2 substitutions.
Reduced MIP has 5834 rows, 27539 columns, and 60931 nonzeros.
Reduced MIP has 27523 binaries, 16 generals, 0 SOSs, and 0 indicators.
Presolve time = 0,05 sec. (43,07 ticks)
Tried aggregator 1 time.
Reduced MIP has 5834 rows, 27539 columns, and 60931 nonzeros.
Reduced MIP has 27523 binaries, 16 generals, 0 SOSs, and 0 indicators.
Presolve time = 0,05 sec. (46,04 ticks)
Represolve time = 1,34 sec. (1011,75 ticks)
   3925     0    10665,0734  2837    11909,2683       Cuts: 7  2162288    7,31%
   3925     0    10668,8826  2821    11909,2683   ZeroHalf: 8  2162603    7,31%
   3925     0    10675,0963  2816    11909,2683   ZeroHalf: 9  2163001    7,31%
   3925     0    10681,9456  2834    11909,2683   ZeroHalf: 6  2163387    7,31%
   3925     0    10696,3055  2914    11909,2683      Cuts: 21  2164173    7,31%
   3925     0    10698,8345  2889    11909,2683   ZeroHalf: 8  2164482    7,31%
   3925     0    10699,7466  2912    11909,2683   ZeroHalf: 3  2164642    7,31%
   3925     2    10699,7466  2912    11909,2683    11038,9034  2164642    7,31%
   3929     5    10709,9208  2845    11909,2683    11038,9034  2165651    7,31%
   3960    29    10806,0919  2742    11909,2683    11038,9034  2203137    7,31%
   4005    55    10992,5454  2381    11909,2683    11038,9034  2242112    7,31%
   4062    97    11244,6470  2429    11909,2683    11038,9034  2298655    7,31%
   4160   126    11667,0109  1938    11909,2683    11038,9034  2353238    7,31%
   4238   246    11588,2640  2299    11909,2683    11038,9034  2438422    7,31%
   4340   308    11120,4299  2367    11909,2683    11038,9034  2496914    7,31%
Elapsed time = 968,17 sec. (196963,01 ticks, tree = 6,37 MB, solutions = 16)
   4417   415    11256,1827  2057    11909,2683    11038,9034  2581848    7,31%
   4513   510    11448,2887  2053    11909,2683    11038,9034  2657861    7,31%
   4632   559    11186,5601  2233    11909,2683    11038,9034  2689910    7,31%
   4737   653    11170,9172  2347    11909,2683    11038,9034  2765920    7,31%
   4800   752    11230,0637  2337    11909,2683    11038,9034  2839281    7,31%
   4934   792    11654,6896  1897    11909,2683    11038,9034  2864116    7,31%
   5092   827    11760,5583  1863    11909,2683    11038,9034  2890461    7,31%
   5241   935    11007,5676  2468    11909,2683    11038,9034  2980376    7,31%
   5345  1030    11187,6300  2329    11909,2683    11038,9034  3039514    7,31%
   5459  1202    11619,4509  2158    11909,2683    11038,9034  3165233    7,31%
Elapsed time = 1220,97 sec. (235453,00 ticks, tree = 36,71 MB, solutions = 16)
   5574  1275    11512,1056  2102    11909,2683    11038,9034  3237969    7,31%
   5713  1331    11652,0439  2041    11909,2683    11038,9034  3269267    7,31%
   5848  1398    11636,2121  1875    11909,2683    11038,9034  3310077    7,31%
   5960  1558    11118,7955  2514    11909,2683    11038,9034  3440113    7,31%
   6099  1675    11052,8560  2536    11909,2683    11038,9034  3527236    7,31%
   6216  1740    11264,7457  2224    11909,2683    11038,9034  3569230    7,31%
   6368  1775    11775,8369  1791    11909,2683    11038,9034  3595464    7,31%
   6489  1926    11380,8148  1740    11909,2683    11038,9034  3695680    7,31%
   6556  2020    11233,0645  1792    11909,2683    11038,9034  3752080    7,31%
   6650  2088        cutoff          11909,2683    11038,9034  3806944    7,31%
Elapsed time = 1488,17 sec. (273881,05 ticks, tree = 83,71 MB, solutions = 16)
   6767  2203    11044,2410  2379    11909,2683    11038,9034  3898839    7,31%
   6880  2234    11279,4807  1965    11909,2683    11038,9034  3930558    7,31%
   7035  2255    11097,8609  2299    11909,2683    11038,9034  3948029    7,31%
   7136  2373    11505,3365  2473    11909,2683    11038,9034  4038058    7,31%
   7257  2502    11539,5716  2126    11909,2683    11038,9034  4123800    7,31%
   7383  2629    11841,7582  1455    11909,2683    11038,9034  4235372    7,31%
   7483  2720        cutoff          11909,2683    11038,9034  4318296    7,31%
   7570  2790    11633,0932  1495    11909,2683    11038,9034  4380338    7,31%
   7685  2811    11000,7401  2521    11909,2683    11038,9034  4386847    7,31%
   7756  2948    11591,0786  1921    11909,2683    11038,9034  4524704    7,31%
Elapsed time = 1729,93 sec. (312459,47 ticks, tree = 122,48 MB, solutions = 16)
   7851  2967        cutoff          11909,2683    11038,9034  4550675    7,31%
   7933  3060    11811,2854  1459    11909,2683    11038,9034  4663008    7,31%
   8062  3075    11733,0629  1807    11909,2683    11038,9034  4679483    7,31%
   8120  3202        cutoff          11909,2683    11038,9034  4841877    7,31%
   8177  3270    11810,0747  1645    11909,2683    11038,9034  4901145    7,31%
   8237  3246        cutoff          11909,2683    11038,9034  4874096    7,31%
*  8293  3329      integral     0    11880,9460    11038,9034  4965996    7,09%
*  8307  3265      integral     0    11860,2702    11038,9034  4981843    6,93%
*  8310  3153      integral     0    11837,6861    11038,9034  4981890    6,75%
   8338  3349        cutoff          11837,6861    11038,9034  4978576    6,75%
   8404  3032    11357,5788  2556    11837,6861    11038,9034  5029771    6,75%
   8470  3065    11814,1886  1798    11837,6861    11038,9034  5060336    6,75%
   8540  3089    11642,8824  2195    11837,6861    11038,9034  5084662    6,75%
Elapsed time = 1985,77 sec. (351055,97 ticks, tree = 127,28 MB, solutions = 19)
   8598  3168    11831,3680  2370    11837,6861    11038,9034  5193345    6,75%
   8673  3211    11548,5153  2123    11837,6861    11038,9034  5287595    6,75%
   8741  3213    11803,1839  1281    11837,6861    11038,9034  5286748    6,75%
   8799  3319    11825,7373  2203    11837,6861    11038,9034  5462914    6,75%
   8866  3235    11537,9367  2373    11837,6861    11038,9034  5353936    6,75%
   8929  3373    11486,4728  2312    11837,6861    11038,9034  5562512    6,75%
   9014  3389    11721,9499  2016    11837,6861    11038,9034  5602657    6,75%
   9079  3454    11339,3831  2368    11837,6861    11038,9034  5701631    6,75%
   9124  3488    11626,4548  2158    11837,6861    11038,9034  5759786    6,75%
   9170  3465    11562,0674  2508    11837,6861    11038,9034  5723426    6,75%
Elapsed time = 2253,62 sec. (389623,06 ticks, tree = 138,81 MB, solutions = 19)
   9215  3575        cutoff          11837,6861    11038,9034  5883360    6,75%
   9279  3544    11586,4535  2187    11837,6861    11038,9034  5838140    6,75%
   9358  3584    11641,2157  2649    11837,6861    11038,9034  5908104    6,75%
   9411  3622    11600,4491  1865    11837,6861    11038,9034  5950044    6,75%
   9477  3656    11645,8714  2239    11837,6861    11038,9034  5987067    6,75%
   9551  3701        cutoff          11837,6861    11038,9034  6077915    6,75%
   9608  3736    11830,1023  1783    11837,6861    11038,9034  6154496    6,75%
   9677  3789    11762,6706  1935    11837,6861    11046,9445  6248796    6,68%
   9737  3823    11741,0098  1855    11837,6861    11046,9848  6346712    6,68%
   9799  3824    11689,6770  2384    11837,6861    11046,9848  6366100    6,68%
Elapsed time = 2518,79 sec. (428622,73 ticks, tree = 155,07 MB, solutions = 19)
   9854  3829    11591,6244  2380    11837,6861    11054,7585  6386945    6,61%
   9930  3905    11731,9034  1894    11837,6861    11055,0471  6557024    6,61%
   9992  3884    11645,2626  2413    11837,6861    11058,7952  6507451    6,58%
  10067  3980        cutoff          11837,6861    11058,7952  6691309    6,58%
  10129  3953    11294,1826  2454    11837,6861    11058,7952  6642051    6,58%
  10185  4003    11254,2769  2552    11837,6861    11069,3790  6748179    6,49%
  10233  4076        cutoff          11837,6861    11070,4190  6858694    6,48%
  10262  4025    11279,6018  2728    11837,6861    11071,0972  6791328    6,48%
  10321  4156    11633,3584  1986    11837,6861    11072,4585  7006772    6,46%
  10382  4173    11817,3684  1419    11837,6861    11072,4585  7013457    6,46%
Elapsed time = 2810,71 sec. (467346,43 ticks, tree = 165,99 MB, solutions = 19)
  10450  4142    11820,8985  2545    11837,6861    11076,3887  6985035    6,43%
  10515  4175    11356,5099  2780    11837,6861    11076,7215  7024675    6,43%
  10579  4256    11742,2450  1813    11837,6861    11079,0373  7210144    6,41%
  10661  4284    11622,3833  1918    11837,6861    11079,6345  7242634    6,40%
  10717  4309        cutoff          11837,6861    11079,6345  7310039    6,40%
  10764  4379    11554,1581  2579    11837,6861    11079,6345  7418937    6,40%
  10841  4298    11233,1320  2339    11837,6861    11085,4714  7290064    6,35%
  10892  4415    11609,6840  2298    11837,6861    11087,6382  7493872    6,34%
  10948  4472    11801,8839  1554    11837,6861    11088,1894  7606216    6,33%
  10989  4404    11624,2400  2630    11837,6861    11088,1894  7472864    6,33%
Elapsed time = 3073,16 sec. (506125,78 ticks, tree = 169,14 MB, solutions = 19)
  11030  4450    11272,0136  2555    11837,6861    11088,1894  7568752    6,33%
  11071  4505    11235,3394  2590    11837,6861    11093,1354  7720519    6,29%
  11121  4554    11698,6378  1871    11837,6861    11094,2409  7822280    6,28%
  11180  4560        cutoff          11837,6861    11094,2409  7829178    6,28%
  11243  4575    11644,8910  2322    11837,6861    11094,3754  7868178    6,28%
  11310  4562        cutoff          11837,6861    11094,3754  7861737    6,28%
  11360  4650    11765,1050  1830    11837,6861    11099,4917  8060079    6,24%
  11433  4590    11708,4786  2840    11837,6861    11101,2534  7933779    6,22%
  11497  4690        cutoff          11837,6861    11101,5850  8140126    6,22%
  11545  4671    11367,6605  2352    11837,6861    11101,8512  8092685    6,22%
Elapsed time = 3336,98 sec. (545019,25 ticks, tree = 177,46 MB, solutions = 19)
  11600  4754        cutoff          11837,6861    11105,3426  8267714    6,19%
  11639  4768    11591,5686  2423    11837,6861    11106,1695  8308131    6,18%
  11706  4799    11819,7394  2107    11837,6861    11107,6017  8362793    6,17%
  11759  4859        cutoff          11837,6861    11110,6817  8531477    6,14%
  11807  4799        cutoff          11837,6861    11113,7678  8386490    6,12%
  11847  4893    11664,9165  2148    11837,6861    11115,6276  8602358    6,10%
  11894  4859        cutoff          11837,6861    11121,4270  8526748    6,05%
  11932  4894    11785,3622  2334    11837,6861    11124,5244  8598056    6,02%
  11971  4918    11561,7141  2322    11837,6861    11124,8617  8673621    6,02%
  12018  4982    11686,4317  2111    11837,6861    11127,5701  8847888    6,00%
Elapsed time = 3616,19 sec. (583589,95 ticks, tree = 188,87 MB, solutions = 19)
  12086  4965    11825,3174  2314    11837,6861    11129,5201  8806371    5,98%
  12154  4993    11449,6240  2478    11837,6861    11130,8527  8887922    5,97%
  12206  5015    11831,8230  2166    11837,6861    11133,4366  8942790    5,95%
  12243  5004    11610,0028  2477    11837,6861    11133,4366  8909433    5,95%
  12312  5098    11763,2641  2315    11837,6861    11138,1949  9124196    5,91%
  12357  5068    11739,3970  2077    11837,6861    11138,1949  9067068    5,91%
  12416  5127    11478,9168  2737    11837,6861    11138,7053  9203635    5,90%
  12473  5148        cutoff          11837,6861    11145,9437  9301018    5,84%
  12527  5129    11360,5593  2544    11837,6861    11147,5308  9212020    5,83%
  12575  5142    11761,4874  1968    11837,6861    11148,0643  9275662    5,83%
Elapsed time = 3883,50 sec. (622136,31 ticks, tree = 190,94 MB, solutions = 19)
  12623  5167    11769,7446  1910    11837,6861    11152,5078  9336260    5,79%
  12668  5208        cutoff          11837,6861    11154,0942  9545246    5,77%
  12713  5199    11815,7605  2531    11837,6861    11157,8029  9457808    5,74%
  12758  5218    11804,7105  1980    11837,6861    11158,9961  9574426    5,73%
  12809  5240        cutoff          11837,6861    11160,4392  9663968    5,72%
  12856  5232        cutoff          11837,6861    11163,3849  9628688    5,70%
  12882  5305    11710,7107  1878    11837,6861    11163,9013  9910110    5,69%
  12927  5265    11701,3554  2443    11837,6861    11165,0601  9769269    5,68%
  12969  5308    11761,1339  2103    11837,6861    11167,2639  9899973    5,66%
  13010  5319        cutoff          11837,6861    11168,9103  9998752    5,65%
Elapsed time = 4171,96 sec. (661010,21 ticks, tree = 195,35 MB, solutions = 19)
  13049  5316    11761,3733  2183    11837,6861    11168,9103  9942936    5,65%
  13104  5342    11443,4490  2294    11837,6861    11169,3994 10088485    5,65%
  13171  5347    11423,0442  2685    11837,6861    11171,8878 10105316    5,62%
  13221  5354    11772,7757  2396    11837,6861    11174,4270 10125121    5,60%
  13290  5365    11663,7140  2199    11837,6861    11177,1556 10170363    5,58%
  13346  5407    11471,3519  2445    11837,6861    11177,1730 10266346    5,58%
  13404  5462    11695,9199  2120    11837,6861    11177,7865 10439272    5,57%
  13454  5463    11830,0450  2233    11837,6861    11178,1772 10401617    5,57%
  13513  5461        cutoff          11837,6861    11183,4642 10407225    5,53%
  13565  5491    11816,1140  2234    11837,6861    11184,4357 10584142    5,52%
Elapsed time = 4450,97 sec. (699984,29 ticks, tree = 203,94 MB, solutions = 19)
  13611  5534    11817,5317  2199    11837,6861    11186,4863 10669039    5,50%
  13663  5556    11700,8374  2695    11837,6861    11187,8149 10735147    5,49%
  13702  5540        cutoff          11837,6861    11189,1945 10697673    5,48%
  13760  5552        cutoff          11837,6861    11189,9028 10723839    5,47%
  13814  5566    11668,8477  2258    11837,6861    11193,2020 10773599    5,44%
  13862  5592        cutoff          11837,6861    11195,8667 10841976    5,42%
  13905  5639    11715,1222  2090    11837,6861    11196,9636 11069972    5,41%
  13941  5637    11735,2690  2565    11837,6861    11199,1842 11028116    5,39%
  13993  5674        cutoff          11837,6861    11201,9111 11203992    5,37%
  14034  5635        cutoff          11837,6861    11201,9782 11059583    5,37%
Elapsed time = 4738,39 sec. (738742,95 ticks, tree = 204,70 MB, solutions = 19)
  14074  5672        cutoff          11837,6861    11204,4408 11211985    5,35%
  14124  5689    11532,8280  2268    11837,6861    11206,7681 11283545    5,33%
  14176  5689    11713,8460  2343    11837,6861    11209,7258 11305041    5,30%
  14242  5699    11608,2499  2835    11837,6861    11210,4801 11326791    5,30%
  14307  5697    11531,8286  2460    11837,6861    11213,0085 11300186    5,28%
  14359  5729    11528,8310  2528    11837,6861    11213,9271 11492884    5,27%
  14418  5728    11718,9699  2241    11837,6861    11215,6216 11475917    5,25%
  14472  5734    11703,1030  2272    11837,6861    11217,8024 11503543    5,24%
  14521  5798    11502,3771  2342    11837,6861    11223,0563 11685253    5,19%
  14586  5765        cutoff          11837,6861    11225,5136 11559257    5,17%
Elapsed time = 5016,16 sec. (777713,92 ticks, tree = 212,27 MB, solutions = 19)
  14625  5792    11631,5810  2235    11837,6861    11225,5136 11631519    5,17%
  14689  5877    11830,3053  2078    11837,6861    11230,3550 11924384    5,13%
  14744  5877        cutoff          11837,6861    11231,9376 11950748    5,12%
  14785  5874    11664,0405  2601    11837,6861    11233,6387 11934346    5,10%
  14834  5850        cutoff          11837,6861    11236,3464 11867610    5,08%
  14878  5881        cutoff          11837,6861    11240,8236 11966284    5,04%
  14939  5932    11800,8187  1947    11837,6861    11244,6470 12182856    5,01%
  14982  5923        cutoff          11837,6861    11245,2359 12161615    5,00%
  15026  5933    11602,1041  2401    11837,6861    11248,7759 12191372    4,97%
  15073  5950    11694,5804  1770    11837,6861    11248,8692 12219746    4,97%
Elapsed time = 5310,27 sec. (816819,53 ticks, tree = 217,22 MB, solutions = 19)
  15133  6007        cutoff          11837,6861    11248,8692 12455055    4,97%
  15168  5987        cutoff          11837,6861    11251,0635 12405424    4,96%
  15222  5993    11773,0342  1925    11837,6861    11253,2756 12408201    4,94%
  15286  6086        cutoff          11837,6861    11256,1869 12633323    4,91%
  15340  6080    11756,3971  2520    11837,6861    11258,4580 12618148    4,89%
  15400  6100        cutoff          11837,6861    11260,5993 12691877    4,87%
  15463  6076    11801,6188  2572    11837,6861    11261,4868 12591307    4,87%
  15514  6131    11723,5512  2666    11837,6861    11264,1962 12796036    4,84%
  15578  6149        cutoff          11837,6861    11268,8491 12880274    4,81%
  15621  6115    11566,9923  2309    11837,6861    11270,1774 12731536    4,79%
Elapsed time = 5586,31 sec. (855753,90 ticks, tree = 223,42 MB, solutions = 19)
  15695  6131        cutoff          11837,6861    11272,2206 12812796    4,78%
  15730  6189    11827,5781  1804    11837,6861    11272,2206 12993239    4,78%
  15777  6220    11837,2018  1996    11837,6861    11272,2206 13044520    4,78%
  15826  6151    11764,5629  2488    11837,6861    11277,2520 12907737    4,73%
  15878  6238    11761,0364  2172    11837,6861    11279,9599 13104008    4,71%
  15936  6233        cutoff          11837,6861    11279,9599 13221318    4,71%
  16000  6257        cutoff          11837,6861    11283,0016 13356661    4,69%
  16065  6269        cutoff          11837,6861    11284,9537 13407221    4,67%
  16122  6246    11569,4821  2467    11837,6861    11286,9957 13262823    4,65%
  16183  6245        cutoff          11837,6861    11287,7253 13311728    4,65%
Elapsed time = 5858,85 sec. (894521,88 ticks, tree = 227,11 MB, solutions = 19)
  16231  6339    11809,7713  2357    11837,6861    11287,7253 13608103    4,65%
  16281  6252    11610,9660  2741    11837,6861    11287,7925 13347382    4,65%
  16331  6271    11750,8332  2427    11837,6861    11290,2008 13432954    4,62%
  16379  6388    11782,5160  2069    11837,6861    11291,7840 13785185    4,61%
  16426  6360    11808,2011  2159    11837,6861    11292,6728 13670846    4,60%
  16474  6420        cutoff          11837,6861    11296,0056 13931799    4,58%
  16517  6416    11830,0107  2217    11837,6861    11296,0056 13905556    4,58%
  16559  6416        cutoff          11837,6861    11301,1074 13881840    4,53%
  16603  6380    11771,3953  2323    11837,6861    11301,6173 13776518    4,53%
  16644  6451    11572,9406  2593    11837,6861    11302,3931 14011404    4,52%
Elapsed time = 6151,56 sec. (933402,52 ticks, tree = 234,24 MB, solutions = 19)
  16674  6488    11726,7127  2366    11837,6861    11304,8782 14158604    4,50%
  16720  6488        cutoff          11837,6861    11306,8797 14164208    4,48%
  16770  6475        cutoff          11837,6861    11307,2780 14128311    4,48%
  16811  6502    11789,8047  2185    11837,6861    11308,1640 14282494    4,47%
  16854  6492    11673,2002  2605    11837,6861    11308,1640 14203238    4,47%
  16902  6491        cutoff          11837,6861    11310,4093 14185629    4,45%
  16945  6506    11816,1841  2064    11837,6861    11312,1052 14275839    4,44%
  16992  6515    11636,3043  2354    11837,6861    11312,4017 14365624    4,44%
  17050  6514        cutoff          11837,6861    11314,4596 14426991    4,42%
  17092  6516    11741,8457  2258    11837,6861    11314,4596 14431979    4,42%
Elapsed time = 6420,14 sec. (972374,45 ticks, tree = 233,46 MB, solutions = 19)
  17137  6534    11717,9291  2720    11837,6861    11317,3572 14554201    4,40%
  17197  6571    11642,4387  2582    11837,6861    11319,7108 14721016    4,38%
  17252  6572    11762,8709  2189    11837,6861    11321,1209 14757514    4,36%
  17307  6559    11788,7489  2157    11837,6861    11324,9200 14704621    4,33%
  17370  6559    11699,9519  2812    11837,6861    11325,0707 14682459    4,33%
  17422  6600    11810,7131  2592    11837,6861    11327,5437 14823644    4,31%
  17464  6600        cutoff          11837,6861    11328,9853 14881372    4,30%
  17505  6632    11655,3940  2517    11837,6861    11329,5448 14959300    4,29%
  17548  6635    11795,3422  2305    11837,6861    11329,5448 14963062    4,29%
  17600  6662        cutoff          11837,6861    11334,0892 15140233    4,25%
Elapsed time = 6698,65 sec. (1011226,19 ticks, tree = 240,40 MB, solutions = 19)
  17643  6655    11785,8099  1845    11837,6861    11337,1052 15031389    4,23%
  17688  6680    11671,3112  2569    11837,6861    11338,0424 15231056    4,22%
  17726  6693        cutoff          11837,6861    11341,0056 15322269    4,20%
  17759  6683    11582,9690  2559    11837,6861    11342,0687 15238813    4,19%
  17811  6736    11817,3669  2713    11837,6861    11343,5160 15461105    4,17%
  17857  6748    11795,1019  2210    11837,6861    11346,1623 15514991    4,15%
  17903  6749    11665,4585  2889    11837,6861    11347,1313 15519960    4,14%
  17952  6728        cutoff          11837,6861    11348,8952 15410881    4,13%
  17999  6772    11664,0873  1921    11837,6861    11349,6960 15636700    4,12%
  18047  6751    11695,8532  2607    11837,6861    11350,2875 15534105    4,12%
Elapsed time = 7009,88 sec. (1050012,46 ticks, tree = 242,02 MB, solutions = 19)
  18108  6749        cutoff          11837,6861    11351,5729 15539395    4,11%
  18153  6775        cutoff          11837,6861    11351,5729 15673607    4,11%
  18198  6820    11534,4187  2254    11837,6861    11353,3742 15880552    4,09%
  18244  6803    11827,9718  2145    11837,6861    11353,5305 15776893    4,09%
  18300  6800    11718,7611  2602    11837,6861    11355,6522 15803107    4,07%
  18345  6835    11742,2637  2463    11837,6861    11355,6522 15923323    4,07%
  18402  6858    11661,0674  2228    11837,6861    11357,0230 16067583    4,06%
  18452  6848        cutoff          11837,6861    11358,5378 16054526    4,05%
  18508  6856        cutoff          11837,6861    11360,4419 16106336    4,03%
  18553  6857    11699,9337  2608    11837,6861    11360,8183 16034251    4,03%
Elapsed time = 7279,84 sec. (1088800,89 ticks, tree = 242,24 MB, solutions = 19)
  18600  6895    11788,4477  2438    11837,6861    11363,2669 16323733    4,01%
  18655  6869    11729,8646  1918    11837,6861    11367,2166 16179756    3,97%
  18719  6897    11805,4037  2344    11837,6861    11367,2166 16361260    3,97%
  18752  6901    11464,1292  2888    11837,6861    11368,9025 16424557    3,96%
  18800  6941    11707,2795  2516    11837,6861    11372,6159 16545221    3,93%
  18841  6905    11770,3640  2606    11837,6861    11374,1635 16456779    3,92%
  18880  6896    11664,0522  2693    11837,6861    11375,5492 16376367    3,90%
  18931  6942        cutoff          11837,6861    11377,8695 16558536    3,88%
  18964  6906    11764,9465  2201    11837,6861    11378,2538 16504611    3,88%
  19009  6939        cutoff          11837,6861    11380,8027 16669064    3,86%
Elapsed time = 7570,34 sec. (1127864,84 ticks, tree = 248,57 MB, solutions = 19)
  19047  6951    11784,3945  2486    11837,6861    11383,9917 16693800    3,83%
  19106  7009    11793,7783  1059    11837,6861    11386,0550 16862573    3,82%
  19147  6981    11789,9643  2183    11837,6861    11386,9079 16790492    3,81%
  19210  7008    11623,1881  2498    11837,6861    11387,8537 16921311    3,80%
  19259  7008        cutoff          11837,6861    11389,2806 17004971    3,79%
  19310  7008        cutoff          11837,6861    11390,4428 16904325    3,78%
  19346  6999    11676,2793  2162    11837,6861    11392,6463 17163571    3,76%
  19403  7003    11731,9214  1972    11837,6861    11394,9283 17169520    3,74%
  19484  7004    11730,5986  2114    11837,6861    11395,3856 17137491    3,74%
  19535  7054    11722,3637  2333    11837,6861    11396,5950 17336365    3,73%
Elapsed time = 7852,54 sec. (1166830,75 ticks, tree = 250,65 MB, solutions = 19)
  19599  7059    11797,6578  2545    11837,6861    11398,5022 17402284    3,71%
  19658  7043        cutoff          11837,6861    11399,7229 17251188    3,70%
  19710  7040    11466,3472  2485    11837,6861    11399,7229 17287463    3,70%
  19776  7044        cutoff          11837,6861    11401,0042 17385552    3,69%
  19837  7043    11598,3427  2627    11837,6861    11403,8443 17390259    3,66%
  19882  7077        cutoff          11837,6861    11404,1993 17587894    3,66%
  19934  7068        cutoff          11837,6861    11404,4040 17528665    3,66%
  19982  7089    11567,1699  2796    11837,6861    11405,5253 17630151    3,65%
  20028  7112        cutoff          11837,6861    11407,1936 17697921    3,64%
  20076  7139        cutoff          11837,6861    11408,5128 17792880    3,63%
Elapsed time = 8141,61 sec. (1205580,65 ticks, tree = 259,12 MB, solutions = 19)
  20114  7171        cutoff          11837,6861    11408,9537 17926760    3,62%
  20166  7147        cutoff          11837,6861    11410,8831 17829708    3,61%
  20211  7201    11731,5148  2563    11837,6861    11411,7947 18091227    3,60%
  20254  7200    11665,6539  2145    11837,6861    11412,6880 18095726    3,59%
  20291  7155        cutoff          11837,6861    11413,9379 17911539    3,58%
  20325  7199        cutoff          11837,6861    11413,9379 18104750    3,58%
  20365  7232    11753,7166  2184    11837,6861    11415,7246 18294665    3,56%
  20411  7224    11665,3914  2100    11837,6861    11418,2712 18210914    3,54%
  20446  7196        cutoff          11837,6861    11418,8202 18119019    3,54%
  20512  7226        cutoff          11837,6861    11423,1818 18248550    3,50%
Elapsed time = 8461,85 sec. (1244757,38 ticks, tree = 265,49 MB, solutions = 19)
  20563  7266    11811,6406  2376    11837,6861    11423,1818 18428009    3,50%
  20613  7232    11736,6790  2168    11837,6861    11424,7277 18254942    3,49%
  20677  7299        cutoff          11837,6861    11425,3598 18590869    3,48%
  20714  7285        cutoff          11837,6861    11426,4416 18524237    3,47%
  20773  7264    11766,4942  1865    11837,6861    11429,4596 18553971    3,45%
  20822  7335    11507,3643  2784    11837,6861    11429,4596 18699564    3,45%
  20876  7299    11793,3993  1973    11837,6861    11430,0842 18589075    3,44%
  20945  7345    11821,3284  2317    11837,6861    11430,6431 18889600    3,44%
  21008  7348    11719,9040  2362    11837,6861    11430,6431 18788242    3,44%
  21062  7355        cutoff          11837,6861    11431,1950 18970283    3,43%
Elapsed time = 8724,88 sec. (1283582,94 ticks, tree = 265,06 MB, solutions = 19)
  21128  7350    11475,6721  2841    11837,6861    11432,3048 18797640    3,42%
  21201  7374    11834,7804  2502    11837,6861    11435,3832 18949276    3,40%
  21271  7448    11800,4157  1817    11837,6861    11435,5743 19233663    3,40%
  21324  7351    11828,3491  2845    11837,6861    11436,2001 18919130    3,39%
* 21362+ 7378                        11833,4848    11436,2001             3,36%
  21389  7448    11746,2266  2546    11833,4848    11439,6201 19243631    3,33%
  21450  7472    11723,2384  1443    11833,4848    11439,6201 19386797    3,33%
  21515  7457        cutoff          11833,4848    11440,6512 19420460    3,32%
  21594  7396    11820,3222  1491    11833,4848    11440,6512 19118096    3,32%
  21653  7409    11725,8215  2130    11833,4848    11442,1470 19156564    3,31%
  21704  7459    11791,5464  2434    11833,4848    11443,6511 19333223    3,29%
Elapsed time = 9016,32 sec. (1322138,86 ticks, tree = 269,15 MB, solutions = 20)
  21773  7448        cutoff          11833,4848    11445,1348 19376222    3,28%
  21818  7516        cutoff          11833,4848    11445,1348 19730784    3,28%
  21876  7555    11783,0422  2781    11833,4848    11448,5571 19848591    3,25%
  21927  7525        cutoff          11833,4848    11448,5571 19812206    3,25%
  21973  7557    11831,4376  2002    11833,4848    11449,1689 19857059    3,25%
  22012  7492    11772,1145  2433    11833,4848    11449,1689 19603993    3,25%
  22067  7576    11766,2694  1943    11833,4848    11450,6236 19887608    3,24%
  22125  7597    11782,3952  2107    11833,4848    11454,0130 19964260    3,21%
  22166  7595        cutoff          11833,4848    11454,7429 19937344    3,20%
  22200  7531    11609,2259  2526    11833,4848    11454,7429 19835242    3,20%
Elapsed time = 9307,56 sec. (1361410,12 ticks, tree = 276,26 MB, solutions = 20)
  22253  7623    11818,5340  2292    11833,4848    11457,5720 20169745    3,18%
  22309  7660        cutoff          11833,4848    11458,7638 20286093    3,17%
  22351  7648    11744,2245  2568    11833,4848    11458,7638 20271664    3,17%
  22402  7634    11771,3064  1859    11833,4848    11458,7638 20180838    3,17%
  22461  7611    11822,7690  2995    11833,4848    11460,9681 20093263    3,15%
  22526  7678        cutoff          11833,4848    11463,3462 20390672    3,13%
  22573  7638    11757,4796  1813    11833,4848    11464,9013 20260148    3,11%
  22632  7707    11806,6124  2267    11833,4848    11465,6647 20494838    3,11%
  22692  7676    11606,0977  2969    11833,4848    11466,3646 20405064    3,10%
  22739  7693    11827,7029  2047    11833,4848    11466,3646 20472285    3,10%
Elapsed time = 9599,10 sec. (1400159,24 ticks, tree = 279,13 MB, solutions = 20)
  22811  7734        cutoff          11833,4848    11468,1314 20687460    3,09%
  22854  7688    11706,5808  2500    11833,4848    11468,1314 20420806    3,09%
  22900  7747    11666,9701  2656    11833,4848    11469,9102 20845960    3,07%
  22978  7747    11757,5173  2168    11833,4848    11472,9037 20893621    3,05%
  23044  7790    11684,8489  1782    11833,4848    11474,7396 21052567    3,03%
  23118  7747        cutoff          11833,4848    11475,4659 20669421    3,03%
  23178  7758    11770,2304  2404    11833,4848    11476,6481 20909109    3,02%
  23236  7730        cutoff          11833,4848    11478,4663 20801913    3,00%
  23312  7822    11713,9862  2661    11833,4848    11478,7447 21216936    3,00%
  23384  7832    11787,2741  2344    11833,4848    11479,8098 21296262    2,99%
Elapsed time = 9880,66 sec. (1438901,19 ticks, tree = 284,83 MB, solutions = 20)
  23458  7815    11726,5299  1769    11833,4848    11480,6613 21084527    2,98%
  23518  7804        cutoff          11833,4848    11482,1277 21160333    2,97%
  23587  7783        cutoff          11833,4848    11482,4206 21128038    2,97%
  23672  7852    11761,8787  2618    11833,4848    11482,9199 21354624    2,96%
  23730  7838    11744,1677  1781    11833,4848    11484,5685 21283973    2,95%
  23788  7863    11763,9064  2575    11833,4848    11485,5954 21444244    2,94%
  23831  7953    11715,8644  2485    11833,4848    11486,2372 21687736    2,93%
  23888  7838        cutoff          11833,4848    11486,4189 21337146    2,93%
  23937  7900    11641,4780  2777    11833,4848    11486,6900 21501954    2,93%
  23985  7905    11818,3687  2111    11833,4848    11488,5666 21540760    2,91%
Elapsed time = 10180,88 sec. (1477629,92 ticks, tree = 290,40 MB, solutions = 20)
  24049  8020    11814,9826  1165    11833,4848    11490,8534 21855470    2,90%
* 24052  8021      integral     0    11827,1701    11490,8534 21855743    2,84%
  24088  7937    11594,7599  2380    11827,1701    11492,0729 21665081    2,83%
  24123  7947    11786,5797  2221    11827,1701    11492,0729 21714233    2,83%
  24174  7955        cutoff          11827,1701    11494,9328 22070259    2,81%
  24208  7955        cutoff          11827,1701    11496,4586 22074252    2,80%
  24263  8000    11815,9126  1791    11827,1701    11497,7608 21834593    2,79%
  24310  7956    11791,4649  2219    11827,1701    11497,7608 22083672    2,79%
  24362  8050    11795,6190  2135    11827,1701    11499,6913 21965873    2,77%
  24413  7961    11734,5501  2171    11827,1701    11499,6913 22090973    2,77%
  24473  8034    11815,1370  1658    11827,1701    11504,8330 22476631    2,73%
Elapsed time = 10487,74 sec. (1516336,18 ticks, tree = 293,78 MB, solutions = 21)
  24520  7972        cutoff          11827,1701    11504,8330 22197117    2,73%
  24580  8030        cutoff          11827,1701    11506,3834 22454402    2,71%
  24658  8054    11814,7372  2257    11827,1701    11507,1258 22620421    2,71%
  24740  8009        cutoff          11827,1701    11507,8817 22362740    2,70%
  24809  8033    11732,4298  2321    11827,1701    11507,8817 22530480    2,70%
  24884  8026        cutoff          11827,1701    11507,8817 22475347    2,70%
  24967  8014    11817,0509  1592    11827,1701    11508,6184 22446450    2,69%
  25050  8050    11741,9546  2356    11827,1701    11512,3075 22616545    2,66%
  25134  8053        cutoff          11827,1701    11512,8891 22621811    2,66%
  25191  8039    11770,9520  2421    11827,1701    11513,3933 22555308    2,65%
Elapsed time = 10747,52 sec. (1554939,30 ticks, tree = 294,49 MB, solutions = 21)
  25276  8073    11732,2186  2149    11827,1701    11515,4121 22661622    2,64%
  25341  8068    11765,6762  2386    11827,1701    11516,1035 22707656    2,63%
  25418  8114        cutoff          11827,1701    11517,2302 22829202    2,62%
  25473  8136        cutoff          11827,1701    11517,2302 23005173    2,62%
  25535  8137    11757,5790  2500    11827,1701    11517,3514 23090757    2,62%
  25612  8218    11692,6772  2698    11827,1701    11518,2253 23294496    2,61%
  25688  8191    11749,5631  2190    11827,1701    11518,8831 23263472    2,61%
  25759  8258    11785,0844  2214    11827,1701    11519,7585 23348665    2,60%
  25816  8207        cutoff          11827,1701    11519,9763 23239630    2,60%
  25875  8263    11817,1284  2368    11827,1701    11521,8147 23444897    2,58%
Elapsed time = 11047,60 sec. (1593206,98 ticks, tree = 310,65 MB, solutions = 21)
  25941  8282        cutoff          11827,1701    11522,1618 23569631    2,58%
  25999  8281        cutoff          11827,1701    11522,1618 23574398    2,58%
  26067  8289    11806,1954  2441    11827,1701    11522,8195 23711300    2,57%
  26124  8231        cutoff          11827,1701    11522,8195 23336805    2,57%
  26176  8266    11773,2786  2140    11827,1701    11524,4532 23515663    2,56%
  26244  8277        cutoff          11827,1701    11525,7249 23634973    2,55%
  26296  8315    11823,6581  2341    11827,1701    11528,7647 23767370    2,52%
  26365  8326        cutoff          11827,1701    11528,7647 23849757    2,52%
  26420  8331        cutoff          11827,1701    11529,4445 23904610    2,52%
  26473  8287    11760,7327  2143    11827,1701    11530,6180 23741941    2,51%
Elapsed time = 11335,66 sec. (1632491,18 ticks, tree = 312,60 MB, solutions = 21)
  26528  8378    11799,6585  1800    11827,1701    11531,5927 24090550    2,50%
  26575  8313        cutoff          11827,1701    11531,9637 23826052    2,50%
  26631  8419    11730,6129  2170    11827,1701    11532,7090 24212924    2,49%
  26686  8410    11823,0117  2688    11827,1701    11533,4753 24172820    2,48%
  26747  8380        cutoff          11827,1701    11535,3165 24144764    2,47%
  26809  8419    11815,9777  2561    11827,1701    11538,2290 24226070    2,44%
  26876  8443    11729,5587  2590    11827,1701    11538,2290 24299718    2,44%
  26946  8514    11659,8253  2617    11827,1701    11539,2995 24545388    2,43%
  27012  8512    11750,9120  2052    11827,1701    11540,5563 24550133    2,42%
  27084  8514    11652,9444  2579    11827,1701    11541,0849 24694684    2,42%
Elapsed time = 11651,42 sec. (1671380,93 ticks, tree = 310,86 MB, solutions = 21)
  27160  8432    11677,8842  2240    11827,1701    11541,0849 24349239    2,42%
  27252  8527    11735,4560  2316    11827,1701    11542,1738 24669544    2,41%
  27328  8524    11727,3304  2170    11827,1701    11542,7311 24603946    2,40%
  27407  8446    11700,5119  1960    11827,1701    11543,0208 24434342    2,40%
  27511  8574    11741,2123  2549    11827,1701    11546,7027 24985511    2,37%
  27595  8564        cutoff          11827,1701    11547,9158 24900775    2,36%
  27687  8546    11655,4181  2235    11827,1701    11548,2230 24695728    2,36%
  27772  8580    11786,8579  1618    11827,1701    11550,1115 25092376    2,34%
  27873  8579    11643,5442  2373    11827,1701    11550,1115 25052489    2,34%
* 27884  8653      integral     0    11807,8440    11550,4851 25272291    2,18%
Elapsed time = 11857,47 sec. (1706994,73 ticks, tree = 321,58 MB, solutions = 22)
  27951  8586    11754,5587  2074    11807,8440    11550,4851 25058688    2,18%
  28033  7998    11789,8036  2404    11807,8440    11551,4591 25322571    2,17%
  28124  8544        cutoff          11807,8440    11551,4591 24888340    2,17%
  28193  8583    11630,0210  2443    11807,8440    11552,9226 25027640    2,16%
  28265  8077    11743,0853  1909    11807,8440    11555,8049 25645986    2,13%
  28324  7987    11804,4658  1859    11807,8440    11555,8049 25304573    2,13%
  28399  8633    11778,2601  2229    11807,8440    11557,2381 25219031    2,12%
  28456  8041        cutoff          11807,8440    11557,2381 25614573    2,12%
  28534  8023    11681,1845  2426    11807,8440    11558,7029 25522860    2,11%
  28599  8003        cutoff          11807,8440    11558,7029 25364833    2,11%
Elapsed time = 12135,25 sec. (1745557,69 ticks, tree = 295,78 MB, solutions = 22)
  28675  8000        cutoff          11807,8440    11558,7029 25459879    2,11%
  28731  8108        cutoff          11807,8440    11559,1480 25876505    2,11%
  28792  8108    11770,0205  2033    11807,8440    11560,5596 25881559    2,09%
  28849  8109    11759,3474  2717    11807,8440    11560,5596 25886820    2,09%
  28919  8042        cutoff          11807,8440    11561,6895 25651193    2,08%
  28959  8125    11776,5709  2450    11807,8440    11562,8043 26077432    2,08%
  29015  8124    11781,9711  1909    11807,8440    11564,1318 25880414    2,06%
  29089  8161    11620,0469  2206    11807,8440    11564,4395 26340314    2,06%
  29156  8142    11633,5335  2514    11807,8440    11565,0308 26240992    2,06%
  29246  8167    11807,1883  1794    11807,8440    11565,3189 26386981    2,05%
Elapsed time = 12435,13 sec. (1784365,34 ticks, tree = 302,59 MB, solutions = 22)
  29289  8130        cutoff          11807,8440    11565,7663 26203402    2,05%
  29341  8162        cutoff          11807,8440    11566,9042 26356890    2,04%
  29391  8178    11753,6197  2170    11807,8440    11567,2656 26496286    2,04%
  29455  8172    11716,3810  2333    11807,8440    11567,2656 26546481    2,04%
  29517  8189        cutoff          11807,8440    11570,7509 26752617    2,01%
  29587  8186        cutoff          11807,8440    11572,7352 26756718    1,99%
  29644  8176        cutoff          11807,8440    11573,8761 26720598    1,98%
  29703  8204    11701,7769  2439    11807,8440    11573,8761 26841199    1,98%
  29782  8182    11797,5820  2081    11807,8440    11575,4660 26518712    1,97%
  29858  8221    11729,9791  1816    11807,8440    11575,7595 26886047    1,97%
Elapsed time = 12736,75 sec. (1823435,32 ticks, tree = 302,94 MB, solutions = 22)
  29943  8206    11787,9562  2197    11807,8440    11576,9256 26655814    1,96%
  30024  8252    11779,2313  2371    11807,8440    11576,9256 27030786    1,96%
  30113  8254    11771,8112  2270    11807,8440    11577,6633 27035740    1,95%
  30195  8276    11738,3610  1216    11807,8440    11578,3507 27007391    1,94%
  30292  8251    11697,6623  2606    11807,8440    11579,3368 27211037    1,94%
  30371  8235    11688,2784  2745    11807,8440    11580,8075 27110702    1,92%
  30469  8268    11749,1163  1671    11807,8440    11581,8469 26996895    1,91%
  30557  8280    11768,6980  1467    11807,8440    11581,8469 27027857    1,91%
  30649  8257        cutoff          11807,8440    11582,8703 27193843    1,91%
  30734  8292        cutoff          11807,8440    11583,6716 27363129    1,90%
Elapsed time = 13004,20 sec. (1861984,17 ticks, tree = 311,85 MB, solutions = 22)
  30814  8247    11769,2903  2337    11807,8440    11587,1926 27242453    1,87%
  30895  8348        cutoff          11807,8440    11587,1926 27636785    1,87%
  30958  8321    11744,6269  2064    11807,8440    11591,6649 27743464    1,83%
  31039  8265        cutoff          11807,8440    11591,6649 27338326    1,83%
  31114  8347    11634,6302  2294    11807,8440    11592,1529 27807728    1,83%
  31200  8351    11736,0558  1752    11807,8440    11592,1529 27813596    1,83%
  31289  8341    11770,8024  1674    11807,8440    11592,1529 27855947    1,83%
  31378  8343    11758,0646  2170    11807,8440    11594,5539 27861874    1,81%
  31460  8331    11640,4120  2017    11807,8440    11595,7651 27986296    1,80%
  31546  8314    11725,2714  2094    11807,8440    11595,7651 27781294    1,80%
Elapsed time = 13276,40 sec. (1900509,35 ticks, tree = 318,11 MB, solutions = 22)
  31631  8382    11787,7124  1539    11807,8440    11596,1657 27720533    1,79%
  31705  8318        cutoff          11807,8440    11597,8031 27909328    1,78%
  31783  8421    11677,0849  2214    11807,8440    11598,6609 28206977    1,77%
  31855  8377    11745,6620  1988    11807,8440    11600,6011 28120753    1,76%
  31924  8423    11754,9301  2707    11807,8440    11600,6011 28218128    1,76%
  32021  8355        cutoff          11807,8440    11600,6011 28079627    1,76%
  32102  8337    11737,0491  2721    11807,8440    11600,6011 28030764    1,76%
  32181  8434    11731,5669  2103    11807,8440    11601,0344 28235557    1,75%
  32256  8442    11678,4530  2203    11807,8440    11601,4099 28529210    1,75%
  32351  8473    11722,2361   616    11807,8440    11602,3243 28621436    1,74%
Elapsed time = 13590,94 sec. (1939726,74 ticks, tree = 322,20 MB, solutions = 22)
  32418  8443        cutoff          11807,8440    11603,0535 28538680    1,73%
  32498  8477    11757,5605  2009    11807,8440    11604,4575 28629155    1,72%
  32561  8465    11679,2425  2440    11807,8440    11606,9418 28779882    1,70%
  32628  8473        cutoff          11807,8440    11606,9418 28637889    1,70%
  32701  8516    11764,6875  2636    11807,8440    11607,6080 29046454    1,70%
  32778  8543    11697,3813  2456    11807,8440    11607,6080 29100936    1,70%
  32861  8481        cutoff          11807,8440    11608,1801 28650556    1,69%
  32937  8496        cutoff          11807,8440    11608,1801 28944213    1,69%
  32998  8584    11787,3977  2371    11807,8440    11609,5661 29214185    1,68%
  33067  8585    11650,8368  2707    11807,8440    11610,3245 29261281    1,67%
Elapsed time = 13862,43 sec. (1978525,36 ticks, tree = 328,20 MB, solutions = 22)
  33132  8594    11772,1824  2168    11807,8440    11611,6083 29409515    1,66%
  33209  8602        cutoff          11807,8440    11611,6083 29448691    1,66%
  33285  8575    11804,0966  1852    11807,8440    11615,9652 29167431    1,63%
  33376  8597    11732,9804  1871    11807,8440    11615,9652 29532149    1,63%
  33465  8615    11792,5408   863    11807,8440    11615,9652 29390731    1,63%

Zero-half cuts applied:  1461
Lift and project cuts applied:  4
Gomory fractional cuts applied:  1

Root node processing (before b&c):
  Real time             =   46,98 sec. (23869,46 ticks)
Parallel b&c, 12 threads:
  Real time             = 13960,45 sec. (1976347,38 ticks)
  Sync time (average)   = 1762,70 sec.
  Wait time (average)   =    0,11 sec.
                          ------------
Total (root+branch&cut) = 14007,43 sec. (2000216,84 ticks)

