
Version identifier: 22.1.1.0 | 2022-11-28 | 9160aff4d
CPXPARAM_MultiObjective_Display                  0
CPXPARAM_WorkMem                                 8192
CPXPARAM_DetTimeLimit                            2000000
Tried aggregator 3 times.
MIP Presolve eliminated 19922 rows and 127761 columns.
Aggregator did 312 substitutions.
Reduced MIP has 982 rows, 2753 columns, and 6578 nonzeros.
Reduced MIP has 2739 binaries, 14 generals, 0 SOSs, and 0 indicators.
Presolve time = 0,09 sec. (75,69 ticks)
Found incumbent of value 96696,840000 after 0,11 sec. (91,13 ticks)
Probing time = 0,01 sec. (3,43 ticks)
Tried aggregator 2 times.
Detecting symmetries...
Aggregator did 7 substitutions.
Reduced MIP has 975 rows, 2746 columns, and 6564 nonzeros.
Reduced MIP has 2739 binaries, 7 generals, 0 SOSs, and 0 indicators.
Presolve time = 0,01 sec. (6,56 ticks)
Probing time = 0,01 sec. (3,45 ticks)
Clique table members: 4001.
MIP emphasis: balance optimality and feasibility.
MIP search method: dynamic search.
Parallel mode: deterministic, using up to 12 threads.
Root relaxation solution time = 0,02 sec. (19,88 ticks)

        Nodes                                         Cuts/
   Node  Left     Objective  IInf  Best Integer    Best Bound    ItCnt     Gap

*     0+    0                        96696,8400  -388286,0000           501,55%
*     0+    0                        79024,7670  -388286,0000           591,35%
*     0+    0                        79016,6940  -388286,0000           591,40%
*     0+    0                        79008,6210  -388286,0000           591,45%
*     0+    0                        79000,5480  -388286,0000           591,50%
*     0+    0                        78992,4750  -388286,0000           591,55%
*     0+    0                        78984,4020  -388286,0000           591,60%
*     0     0      integral     0    21803,5800    21803,5800     1117    0,00%
Elapsed time = 0,18 sec. (149,36 ticks, tree = 0,00 MB, solutions = 8)

Root node processing (before b&c):
  Real time             =    0,19 sec. (159,02 ticks)
Parallel b&c, 12 threads:
  Real time             =    0,00 sec. (0,00 ticks)
  Sync time (average)   =    0,00 sec.
  Wait time (average)   =    0,00 sec.
                          ------------
Total (root+branch&cut) =    0,19 sec. (159,02 ticks)

