
Version identifier: 22.1.1.0 | 2022-11-28 | 9160aff4d
CPXPARAM_MultiObjective_Display                  0
CPXPARAM_WorkMem                                 8192
CPXPARAM_DetTimeLimit                            2000000
Tried aggregator 3 times.
MIP Presolve eliminated 20637 rows and 125717 columns.
Aggregator did 373 substitutions.
Reduced MIP has 1320 rows, 4826 columns, and 11004 nonzeros.
Reduced MIP has 4814 binaries, 12 generals, 0 SOSs, and 0 indicators.
Presolve time = 0,09 sec. (82,59 ticks)
Found incumbent of value 104633,540000 after 0,11 sec. (103,58 ticks)
Probing time = 0,01 sec. (4,74 ticks)
Tried aggregator 2 times.
Detecting symmetries...
MIP Presolve eliminated 1 rows and 0 columns.
Aggregator did 9 substitutions.
Reduced MIP has 1310 rows, 4817 columns, and 10983 nonzeros.
Reduced MIP has 4811 binaries, 6 generals, 0 SOSs, and 0 indicators.
Presolve time = 0,01 sec. (11,04 ticks)
Probing time = 0,01 sec. (4,67 ticks)
Clique table members: 6445.
MIP emphasis: balance optimality and feasibility.
MIP search method: dynamic search.
Parallel mode: deterministic, using up to 12 threads.
Root relaxation solution time = 0,09 sec. (80,48 ticks)

        Nodes                                         Cuts/
   Node  Left     Objective  IInf  Best Integer    Best Bound    ItCnt     Gap

*     0+    0                       104633,5400  -466524,0000           545,86%
*     0     0      integral     0    17281,1600    17281,1600     2450    0,00%
Elapsed time = 0,25 sec. (223,59 ticks, tree = 0,00 MB, solutions = 2)

Root node processing (before b&c):
  Real time             =    0,26 sec. (228,04 ticks)
Parallel b&c, 12 threads:
  Real time             =    0,00 sec. (0,00 ticks)
  Sync time (average)   =    0,00 sec.
  Wait time (average)   =    0,00 sec.
                          ------------
Total (root+branch&cut) =    0,26 sec. (228,04 ticks)

