
Version identifier: 22.1.1.0 | 2022-11-28 | 9160aff4d
CPXPARAM_MultiObjective_Display                  0
CPXPARAM_TimeLimit                               60000
CPXPARAM_WorkMem                                 8192
CPXPARAM_DetTimeLimit                            60000
Tried aggregator 3 times.
MIP Presolve eliminated 19680 rows and 127955 columns.
Aggregator did 279 substitutions.
Reduced MIP has 791 rows, 2032 columns, and 4850 nonzeros.
Reduced MIP has 2020 binaries, 12 generals, 0 SOSs, and 0 indicators.
Presolve time = 0,10 sec. (79,36 ticks)
Found incumbent of value 97779,545960 after 0,12 sec. (93,25 ticks)
Probing time = 0,00 sec. (3,25 ticks)
Tried aggregator 3 times.
Detecting symmetries...
Aggregator did 9 substitutions.
Reduced MIP has 782 rows, 2023 columns, and 4833 nonzeros.
Reduced MIP has 2017 binaries, 6 generals, 0 SOSs, and 0 indicators.
Presolve time = 0,01 sec. (5,35 ticks)
Probing time = 0,00 sec. (3,26 ticks)
Clique table members: 3129.
MIP emphasis: balance optimality and feasibility.
MIP search method: dynamic search.
Parallel mode: deterministic, using up to 12 threads.
Root relaxation solution time = 0,02 sec. (12,98 ticks)

        Nodes                                         Cuts/
   Node  Left     Objective  IInf  Best Integer    Best Bound    ItCnt     Gap

*     0+    0                        97779,5460  -262075,3261           368,03%
*     0+    0                        81235,9578  -262075,3261           422,61%
*     0+    0                        81228,9378  -262075,3261           422,64%
*     0+    0                        81221,9178  -262075,3261           422,67%
*     0+    0                        81214,8978  -262075,3261           422,69%
      0     0    26946,3161   134    81214,8978    26946,3161      834   66,82%
*     0+    0                        26992,6810    26946,3161             0,17%
      0     0        cutoff          26992,6810    26992,6810      906    0,00%
Elapsed time = 0,30 sec. (167,40 ticks, tree = 0,01 MB, solutions = 6)

Zero-half cuts applied:  7
Lift and project cuts applied:  1
Gomory fractional cuts applied:  1

Root node processing (before b&c):
  Real time             =    0,31 sec. (175,26 ticks)
Parallel b&c, 12 threads:
  Real time             =    0,00 sec. (0,00 ticks)
  Sync time (average)   =    0,00 sec.
  Wait time (average)   =    0,00 sec.
                          ------------
Total (root+branch&cut) =    0,31 sec. (175,26 ticks)

