
Version identifier: 22.1.1.0 | 2022-11-28 | 9160aff4d
CPXPARAM_MultiObjective_Display                  0
CPXPARAM_TimeLimit                               60000
CPXPARAM_WorkMem                                 8192
CPXPARAM_DetTimeLimit                            60000
Tried aggregator 3 times.
MIP Presolve eliminated 22775 rows and 129794 columns.
Aggregator did 263 substitutions.
Reduced MIP has 1280 rows, 4049 columns, and 9325 nonzeros.
Reduced MIP has 4034 binaries, 15 generals, 0 SOSs, and 0 indicators.
Presolve time = 0,10 sec. (81,81 ticks)
Found incumbent of value 102125,061900 after 0,12 sec. (102,66 ticks)
Probing time = 0,01 sec. (4,03 ticks)
Tried aggregator 2 times.
Detecting symmetries...
Aggregator did 7 substitutions.
Reduced MIP has 1273 rows, 4042 columns, and 9311 nonzeros.
Reduced MIP has 4034 binaries, 8 generals, 0 SOSs, and 0 indicators.
Presolve time = 0,01 sec. (9,20 ticks)
Probing time = 0,01 sec. (4,01 ticks)
Clique table members: 5672.
MIP emphasis: balance optimality and feasibility.
MIP search method: dynamic search.
Parallel mode: deterministic, using up to 12 threads.
Root relaxation solution time = 0,07 sec. (57,18 ticks)

        Nodes                                         Cuts/
   Node  Left     Objective  IInf  Best Integer    Best Bound    ItCnt     Gap

*     0+    0                       102125,0619  -351153,0000           443,85%
*     0+    0                        82641,6839  -351153,0000           524,91%
*     0+    0                        82632,5579  -351153,0000           524,96%
*     0+    0                        82623,4319  -351153,0000           525,00%
*     0+    0                        82614,3059  -351153,0000           525,05%
*     0+    0                        82605,1799  -351153,0000           525,10%
*     0+    0                        82596,0539  -351153,0000           525,15%
*     0+    0                        82586,9279  -351153,0000           525,19%
*     0+    0                        82578,8819  -351153,0000           525,23%
*     0+    0                        82571,1599  -351153,0000           525,27%
      0     0    12237,3537   319    82571,1599    12237,3537     1907   85,18%
*     0+    0                        12389,0945    12237,3537             1,22%
      0     0        cutoff          12389,0945    12389,0945     2058    0,00%
Elapsed time = 0,48 sec. (326,91 ticks, tree = 0,01 MB, solutions = 11)

Zero-half cuts applied:  27
Lift and project cuts applied:  1
Gomory fractional cuts applied:  3

Root node processing (before b&c):
  Real time             =    0,49 sec. (339,52 ticks)
Parallel b&c, 12 threads:
  Real time             =    0,00 sec. (0,00 ticks)
  Sync time (average)   =    0,00 sec.
  Wait time (average)   =    0,00 sec.
                          ------------
Total (root+branch&cut) =    0,49 sec. (339,52 ticks)

