
Version identifier: 22.1.1.0 | 2022-11-28 | 9160aff4d
CPXPARAM_MultiObjective_Display                  0
CPXPARAM_TimeLimit                               60000
CPXPARAM_WorkMem                                 8192
CPXPARAM_DetTimeLimit                            60000
Tried aggregator 3 times.
MIP Presolve eliminated 24955 rows and 131557 columns.
Aggregator did 300 substitutions.
Reduced MIP has 1316 rows, 4199 columns, and 9672 nonzeros.
Reduced MIP has 4184 binaries, 15 generals, 0 SOSs, and 0 indicators.
Presolve time = 0,11 sec. (85,10 ticks)
Found incumbent of value 102485,865987 after 0,13 sec. (105,32 ticks)
Probing time = 0,01 sec. (4,11 ticks)
Tried aggregator 2 times.
Detecting symmetries...
Aggregator did 7 substitutions.
Reduced MIP has 1309 rows, 4192 columns, and 9658 nonzeros.
Reduced MIP has 4184 binaries, 8 generals, 0 SOSs, and 0 indicators.
Presolve time = 0,01 sec. (9,55 ticks)
Probing time = 0,01 sec. (4,07 ticks)
Clique table members: 6031.
MIP emphasis: balance optimality and feasibility.
MIP search method: dynamic search.
Parallel mode: deterministic, using up to 12 threads.
Root relaxation solution time = 0,07 sec. (60,44 ticks)

        Nodes                                         Cuts/
   Node  Left     Objective  IInf  Best Integer    Best Bound    ItCnt     Gap

*     0+    0                       102485,8660  -369050,0000           460,10%
*     0+    0                        86875,3620  -369050,0000           524,80%
*     0+    0                        86866,2360  -369050,0000           524,85%
*     0+    0                        86857,1100  -369050,0000           524,89%
*     0+    0                        86847,9840  -369050,0000           524,94%
*     0+    0                        86838,8580  -369050,0000           524,98%
*     0+    0                        86829,7320  -369050,0000           525,03%
*     0+    0                        86821,6860  -369050,0000           525,07%
*     0+    0                        86813,9640  -369050,0000           525,10%
*     0+    0                        86806,2420  -369050,0000           525,14%
      0     0    17796,2444   377    86806,2420    17796,2444     2109   79,50%
*     0+    0                        30392,5227    17796,2444            41,45%
*     0+    0                        17797,9801    17796,2444             0,01%
      0     0        cutoff          17797,9801    17796,2444     2122    0,01%
Elapsed time = 0,40 sec. (306,58 ticks, tree = 0,01 MB, solutions = 12)

Zero-half cuts applied:  20
Lift and project cuts applied:  1
Gomory fractional cuts applied:  2

Root node processing (before b&c):
  Real time             =    0,41 sec. (320,27 ticks)
Parallel b&c, 12 threads:
  Real time             =    0,00 sec. (0,00 ticks)
  Sync time (average)   =    0,00 sec.
  Wait time (average)   =    0,00 sec.
                          ------------
Total (root+branch&cut) =    0,41 sec. (320,27 ticks)

