
Version identifier: 22.1.1.0 | 2022-11-28 | 9160aff4d
CPXPARAM_MultiObjective_Display                  0
CPXPARAM_TimeLimit                               60000
CPXPARAM_WorkMem                                 8192
CPXPARAM_DetTimeLimit                            60000
Tried aggregator 3 times.
MIP Presolve eliminated 21523 rows and 126911 columns.
Aggregator did 289 substitutions.
Reduced MIP has 1446 rows, 4806 columns, and 10998 nonzeros.
Reduced MIP has 4791 binaries, 15 generals, 0 SOSs, and 0 indicators.
Presolve time = 0,10 sec. (80,51 ticks)
Found incumbent of value 104396,731166 after 0,13 sec. (101,31 ticks)
Probing time = 0,01 sec. (4,81 ticks)
Tried aggregator 2 times.
Detecting symmetries...
Aggregator did 7 substitutions.
Reduced MIP has 1439 rows, 4799 columns, and 10984 nonzeros.
Reduced MIP has 4791 binaries, 8 generals, 0 SOSs, and 0 indicators.
Presolve time = 0,01 sec. (10,85 ticks)
Probing time = 0,01 sec. (4,76 ticks)
Clique table members: 6572.
MIP emphasis: balance optimality and feasibility.
MIP search method: dynamic search.
Parallel mode: deterministic, using up to 12 threads.
Root relaxation solution time = 0,14 sec. (110,83 ticks)

        Nodes                                         Cuts/
   Node  Left     Objective  IInf  Best Integer    Best Bound    ItCnt     Gap

*     0+    0                       104396,7312  -404454,0000           487,42%
*     0+    0                        89644,8292  -404454,0000           551,17%
*     0+    0                        89637,1072  -404454,0000           551,21%
*     0+    0                        89629,3852  -404454,0000           551,25%
*     0+    0                        89621,6632  -404454,0000           551,29%
*     0+    0                        89613,9412  -404454,0000           551,33%
*     0+    0                        89606,2192  -404454,0000           551,37%
*     0+    0                        89598,4972  -404454,0000           551,41%
*     0+    0                        89590,7752  -404454,0000           551,45%
*     0+    0                        89583,0532  -404454,0000           551,48%
      0     0    13707,1886   305    89583,0532    13707,1886     2767   84,70%
*     0+    0                        22969,5789    13707,1886            40,32%
*     0+    0                        14210,5713    13707,1886             3,54%
      0     0    14091,7280   506    14210,5713      Cuts: 25     2995    0,84%
      0     0    14112,9947   556    14210,5713      Cuts: 20     3113    0,69%
Detecting symmetries...

Repeating presolve.
Tried aggregator 3 times.
MIP Presolve eliminated 227 rows and 2321 columns.
Aggregator did 110 substitutions.
Reduced MIP has 1102 rows, 2368 columns, and 5892 nonzeros.
Reduced MIP has 2360 binaries, 8 generals, 0 SOSs, and 0 indicators.
Presolve time = 0,02 sec. (12,94 ticks)
Probing time = 0,01 sec. (3,39 ticks)
Tried aggregator 1 time.
Detecting symmetries...
Reduced MIP has 1102 rows, 2368 columns, and 5892 nonzeros.
Reduced MIP has 2360 binaries, 8 generals, 0 SOSs, and 0 indicators.
Presolve time = 0,01 sec. (4,46 ticks)
Represolve time = 0,07 sec. (90,99 ticks)
Probing time = 0,01 sec. (3,40 ticks)
Clique table members: 4166.
MIP emphasis: balance optimality and feasibility.
MIP search method: dynamic search.
Parallel mode: deterministic, using up to 12 threads.
Root relaxation solution time = 0,05 sec. (46,87 ticks)

        Nodes                                         Cuts/
   Node  Left     Objective  IInf  Best Integer    Best Bound    ItCnt     Gap

*     0+    0                        14210,5713    14112,9947             0,69%
      0     0    14112,9947   532    14210,5713    14112,9947     5027    0,69%
*     0+    0                        14199,0218    14112,9947             0,61%
      0     0        cutoff          14199,0218    14199,0218     5101    0,00%
Elapsed time = 1,02 sec. (731,69 ticks, tree = 0,01 MB, solutions = 13)

Zero-half cuts applied:  48
Lift and project cuts applied:  2
Gomory fractional cuts applied:  3

Root node processing (before b&c):
  Real time             =    1,03 sec. (745,85 ticks)
Parallel b&c, 12 threads:
  Real time             =    0,00 sec. (0,00 ticks)
  Sync time (average)   =    0,00 sec.
  Wait time (average)   =    0,00 sec.
                          ------------
Total (root+branch&cut) =    1,03 sec. (745,85 ticks)

