
Version identifier: 22.1.1.0 | 2022-11-28 | 9160aff4d
CPXPARAM_MultiObjective_Display                  0
CPXPARAM_TimeLimit                               60000
CPXPARAM_WorkMem                                 8192
CPXPARAM_DetTimeLimit                            60000
Tried aggregator 3 times.
MIP Presolve eliminated 19954 rows and 126911 columns.
Aggregator did 321 substitutions.
Reduced MIP has 1242 rows, 3654 columns, and 8544 nonzeros.
Reduced MIP has 3640 binaries, 14 generals, 0 SOSs, and 0 indicators.
Presolve time = 0,11 sec. (79,58 ticks)
Found incumbent of value 101430,605312 after 0,13 sec. (96,58 ticks)
Probing time = 0,01 sec. (3,87 ticks)
Tried aggregator 2 times.
Detecting symmetries...
Aggregator did 7 substitutions.
Reduced MIP has 1235 rows, 3647 columns, and 8530 nonzeros.
Reduced MIP has 3640 binaries, 7 generals, 0 SOSs, and 0 indicators.
Presolve time = 0,01 sec. (8,44 ticks)
Probing time = 0,01 sec. (3,85 ticks)
Clique table members: 5265.
MIP emphasis: balance optimality and feasibility.
MIP search method: dynamic search.
Parallel mode: deterministic, using up to 12 threads.
Root relaxation solution time = 0,08 sec. (62,12 ticks)

        Nodes                                         Cuts/
   Node  Left     Objective  IInf  Best Integer    Best Bound    ItCnt     Gap

*     0+    0                       101430,6053  -367894,5703           462,71%
*     0+    0                        83883,2403  -367894,5703           538,58%
*     0+    0                        83875,1673  -367894,5703           538,62%
*     0+    0                        83867,0943  -367894,5703           538,66%
*     0+    0                        83859,0213  -367894,5703           538,71%
*     0+    0                        83850,9483  -367894,5703           538,75%
*     0+    0                        83843,9553  -367894,5703           538,78%
*     0+    0                        83837,2863  -367894,5703           538,82%
*     0+    0                        83830,6173  -367894,5703           538,85%
*     0+    0                        83823,9483  -367894,5703           538,89%
      0     0    20633,0049   203    83823,9483    20633,0049     2041   75,39%
*     0+    0                        21073,2850    20633,0049             2,09%
      0     0    21057,4483   412    21073,2850      Cuts: 22     2175    0,08%
      0     0        cutoff          21073,2850                   2209    0,00%
Elapsed time = 0,51 sec. (301,55 ticks, tree = 0,01 MB, solutions = 11)

Zero-half cuts applied:  31
Lift and project cuts applied:  1
Gomory fractional cuts applied:  3

Root node processing (before b&c):
  Real time             =    0,52 sec. (313,84 ticks)
Parallel b&c, 12 threads:
  Real time             =    0,00 sec. (0,00 ticks)
  Sync time (average)   =    0,00 sec.
  Wait time (average)   =    0,00 sec.
                          ------------
Total (root+branch&cut) =    0,52 sec. (313,84 ticks)

