
Version identifier: 22.1.1.0 | 2022-11-28 | 9160aff4d
CPXPARAM_MultiObjective_Display                  0
CPXPARAM_TimeLimit                               2000000
CPXPARAM_WorkMem                                 8192
CPXPARAM_DetTimeLimit                            2000000
Tried aggregator 3 times.
MIP Presolve eliminated 127011 rows and 1081658 columns.
Aggregator did 1173 substitutions.
Reduced MIP has 6056 rows, 33171 columns, and 72543 nonzeros.
Reduced MIP has 33142 binaries, 29 generals, 0 SOSs, and 0 indicators.
Presolve time = 0,89 sec. (641,49 ticks)
Found incumbent of value 193559,488012 after 1,07 sec. (786,83 ticks)
Tried aggregator 2 times.
Detecting symmetries...
Aggregator did 15 substitutions.
Reduced MIP has 6041 rows, 33156 columns, and 72513 nonzeros.
Reduced MIP has 33141 binaries, 15 generals, 0 SOSs, and 0 indicators.
Presolve time = 0,07 sec. (66,96 ticks)
Probing time = 0,08 sec. (14,82 ticks)
Clique table members: 40407.
MIP emphasis: balance optimality and feasibility.
MIP search method: dynamic search.
Parallel mode: deterministic, using up to 12 threads.
Root relaxation solution time = 1,13 sec. (589,90 ticks)

        Nodes                                         Cuts/
   Node  Left     Objective  IInf  Best Integer    Best Bound    ItCnt     Gap

*     0+    0                       193559,4880 -2042474,4934              --- 
*     0+    0                       170996,4930 -2042474,4934              --- 
*     0+    0                       170979,2940 -2042474,4934              --- 
*     0+    0                       170962,0950 -2042474,4934              --- 
*     0+    0                       170944,8960 -2042474,4934              --- 
*     0+    0                       170927,6970 -2042474,4934              --- 
*     0+    0                       170911,5780 -2042474,4934              --- 
*     0+    0                       170895,7830 -2042474,4934              --- 
*     0+    0                       170879,9880 -2042474,4934              --- 
*     0+    0                       170864,1930 -2042474,4934              --- 
      0     0    26362,4034  1787   170864,1930    26362,4034       43   84,57%
*     0+    0                       110759,4639    26362,4034            76,20%
      0     0    26392,4654  2168   110759,4639  ZeroHalf: 12      615   76,17%
*     0+    0                        49146,3941    26392,4654            46,30%
      0     0    26417,5461  1817    49146,3941      Cuts: 25     1046   46,25%
      0     0    26431,3612  2298    49146,3941   ZeroHalf: 4     1464   46,22%
      0     0    26436,9064  2276    49146,3941   ZeroHalf: 6     1641   46,21%
      0     0    26444,0533  2301    49146,3941  ZeroHalf: 12     1892   46,19%
Detecting symmetries...
      0     0    26444,7584  2330    49146,3941   ZeroHalf: 1     1983   46,19%
*     0+    0                        30031,4631    26444,7584            11,94%
      0     0    26454,9274  2331    30031,4631   ZeroHalf: 7     2360   11,91%
      0     0    26458,4517  2190    30031,4631   ZeroHalf: 7     2560   11,90%
      0     0    26461,8360  2409    30031,4631  ZeroHalf: 25     2795   11,89%
      0     0    26465,6473  2433    30031,4631   ZeroHalf: 3     2966   11,87%
      0     0    26467,8529  2408    30031,4631   ZeroHalf: 2     3147   11,87%
Detecting symmetries...
      0     2    26467,8529  2408    30031,4631    26467,8529     3147   11,87%
Elapsed time = 31,18 sec. (14818,26 ticks, tree = 0,02 MB, solutions = 13)
      1     3    26500,0230  2342    30031,4631    26467,8529     4949   11,87%
      2     3    26559,3495  2026    30031,4631    26467,8529     5235   11,87%
      3     4    26518,6661  2210    30031,4631    26467,8529     5755   11,87%
      4     4    26605,3423  2135    30031,4631    26467,8529     6443   11,87%
      7     6    26568,4886  2328    30031,4631    26500,0531     9130   11,76%
      9     7    26651,9380  2089    30031,4631    26518,7466    10384   11,70%
     12     9    26648,8068  1899    30031,4631    26518,9107    12985   11,70%
     16    16    26713,8680  1707    30031,4631    26568,5465    20569   11,53%
     21    17    26775,7967  1561    30031,4631    26568,5465    21401   11,53%
     42    26    26849,9376  1304    30031,4631    26568,5465    30919   11,53%
Elapsed time = 57,34 sec. (20554,33 ticks, tree = 0,11 MB, solutions = 13)
     70    57    26948,2435  1332    30031,4631    26648,9957    53587   11,26%
*    86+   11                        28789,3343    26648,9957             7,43%
     99    69    26797,2262  2326    28789,3343    26648,9957    62372    7,43%
*   104+   51                        27793,2737    26648,9957             4,12%
    136   104    27537,4317   634    27793,2737    26648,9957    78500    4,12%
    187   151    27241,6009  1382    27793,2737    26648,9957   101371    4,12%
*   203   142      integral     0    27599,2255    26648,9957    96473    3,44%
    257   164    26766,2261  1719    27599,2255    26648,9957   111223    3,44%
    304   235    27346,5794   768    27599,2255    26648,9957   149433    3,44%
*   306+  211                        27494,0907    26648,9957             3,07%
*   339   238      integral     0    27469,1139    26648,9957   150640    2,99%
    369   232    26988,7589  1567    27469,1139    26648,9957   148013    2,99%
*   386   247      integral     0    27070,4945    26648,9957   160705    1,56%
    428   273    26984,0342  1246    27070,4945    26654,8073   170406    1,54%
    481   206    26833,6625  1991    27070,4945    26716,9985   210092    1,31%
Elapsed time = 125,19 sec. (29479,58 ticks, tree = 4,84 MB, solutions = 20)
    535   245    27002,3285  1205    27070,4945    26738,5393   235808    1,23%
*   588   234      integral     0    27047,1218    26738,5393   232100    1,14%
    599   260    26965,7093  1638    27047,1218    26738,5393   246570    1,14%
    666   272    26941,0774  2204    27047,1218    26738,5483   264645    1,14%
    733   332    26959,2032  1801    27047,1218    26779,7332   307503    0,99%
    805   344    26973,7212  1916    27047,1218    26781,2832   312777    0,98%
    872   395    26904,1296  1388    27047,1218    26786,9311   342139    0,96%
    952   435        cutoff          27047,1218    26796,0044   371581    0,93%
   1038   429        cutoff          27047,1218    26799,7415   365418    0,91%
   1104   452    27028,4036  1615    27047,1218    26800,4707   380108    0,91%
   1182   528    27030,0998  1261    27047,1218    26807,5304   442391    0,89%
Elapsed time = 197,07 sec. (39158,52 ticks, tree = 11,48 MB, solutions = 21)
   1261   542    26912,1905  1417    27047,1218    26810,4610   452957    0,87%
   1343   545    26940,3624  1245    27047,1218    26814,1959   455171    0,86%
   1430   581    26872,2467  1382    27047,1218    26817,6922   478954    0,85%
   1520   611        cutoff          27047,1218    26822,0507   500742    0,83%
   1598   698        cutoff          27047,1218    26825,5832   553811    0,82%
   1671   683    27010,8353  1625    27047,1218    26828,7100   542183    0,81%
   1756   738    26876,0931  1738    27047,1218    26831,1300   584682    0,80%
   1841   773    26908,4560  1552    27047,1218    26835,8563   606154    0,78%
   1915   862    26944,0420  1450    27047,1218    26839,7717   668207    0,77%
   1986   854    26997,8803  1696    27047,1218    26840,1144   665995    0,77%
Elapsed time = 272,06 sec. (48869,76 ticks, tree = 24,70 MB, solutions = 21)
   2056   906        cutoff          27047,1218    26844,6649   709360    0,75%
   2102   960        cutoff          27047,1218    26848,0059   763126    0,74%
   2133   968    26920,4667  1502    27047,1218    26850,6988   768509    0,73%
   2175   967    27000,0408  1614    27047,1218    26854,8007   767810    0,71%
   2216  1002    27006,6805  1295    27047,1218    26858,0060   801637    0,70%
   2259  1011        cutoff          27047,1218    26858,0060   806779    0,70%
   2307  1017    26968,5491  1144    27047,1218    26858,0060   809275    0,70%
   2388  1031    26970,0974  1466    27047,1218    26859,9930   818274    0,69%
   2469  1059        cutoff          27047,1218    26859,9930   844373    0,69%
   2560  1095        cutoff          27047,1218    26863,8955   881501    0,68%
Elapsed time = 342,29 sec. (58532,62 ticks, tree = 33,03 MB, solutions = 21)
   2654  1121    27022,8392  1224    27047,1218    26865,8909   900615    0,67%
   2742  1091    26922,8788  1435    27047,1218    26866,8839   874168    0,67%
   2839  1183    27020,9723  1223    27047,1218    26869,2317   956566    0,66%
   2929  1171    26946,0380  1515    27047,1218    26871,6142   946423    0,65%
   3015  1173        cutoff          27047,1218    26873,1312   948778    0,64%
   3097  1231    27018,0873  1511    27047,1218    26876,3985  1005850    0,63%
   3182  1268        cutoff          27047,1218    26879,0668  1043327    0,62%
*  3267+ 1275                        27013,6336    26880,9916             0,49%
   3271  1290        cutoff          27013,6336    26880,9916  1061896    0,49%
   3366  1303        cutoff          27013,6336    26882,0153  1092344    0,49%
   3464  1321    27033,6819  1319    27013,6336    26884,1354  1101226    0,48%
Elapsed time = 411,44 sec. (68205,54 ticks, tree = 37,11 MB, solutions = 22)
   3564  1266        cutoff          27013,6336    26884,5583  1167672    0,48%
   3661  1279        cutoff          27013,6336    26888,0139  1194179    0,47%
   3760  1276        cutoff          27013,6336    26890,2522  1190931    0,46%
   3853  1288    26954,8568  1417    27013,6336    26893,8562  1209250    0,44%
   3944  1282        cutoff          27013,6336    26895,5274  1306559    0,44%
   4039  1293    26930,5583  1428    27013,6336    26895,5274  1284979    0,44%
   4135  1285        cutoff          27013,6336    26900,1009  1299168    0,42%
   4240  1289        cutoff          27013,6336    26903,4918  1375638    0,41%
   4347  1287    26973,2324  1719    27013,6336    26904,0076  1327380    0,41%
   4457  1297        cutoff          27013,6336    26907,6245  1416470    0,39%
Elapsed time = 479,61 sec. (77827,94 ticks, tree = 36,07 MB, solutions = 22)
   4545  1278        cutoff          27013,6336    26911,3098  1429073    0,38%
   4627  1265        cutoff          27013,6336    26912,8013  1488962    0,37%
   4690  1285    27008,7061  1372    27013,6336    26915,2248  1460992    0,36%
   4744  1250    26946,7363  1521    27013,6336    26917,2934  1523103    0,36%
   4812  1257        cutoff          27013,6336    26919,4330  1512577    0,35%
   4891  1252        cutoff          27013,6336    26921,9309  1542601    0,34%
   4992  1248        cutoff          27013,6336    26923,5621  1549227    0,33%
   5100  1252    26992,1421  1485    27013,6336    26927,4044  1582524    0,32%
   5211  1232        cutoff          27013,6336    26927,9733  1596139    0,32%
   5306  1152    27006,6450  1252    27013,6336    26929,7685  1673706    0,31%
Elapsed time = 543,30 sec. (87467,29 ticks, tree = 31,06 MB, solutions = 22)
   5426  1179    26981,4538  1359    27013,6336    26931,9700  1653067    0,30%
   5542  1139        cutoff          27013,6336    26932,0483  1696124    0,30%
   5674  1056        cutoff          27013,6336    26936,1278  1760996    0,29%
   5789  1008        cutoff          27013,6336    26941,1455  1797027    0,27%
   5909   999        cutoff          27013,6336    26942,7239  1801587    0,26%
   6017   920        cutoff          27013,6336    26948,5062  1855541    0,24%
   6107   873    26961,9096  1662    27013,6336    26950,2162  1878351    0,23%
   6194   913    27002,7272  1177    27013,6336    26951,8083  1861283    0,23%
   6313   784    27011,6202  1573    27013,6336    26955,7401  1929251    0,21%
   6437   772        cutoff          27013,6336    26961,3513  1935023    0,19%
Elapsed time = 608,53 sec. (97098,19 ticks, tree = 16,43 MB, solutions = 22)
   6585   652        cutoff          27013,6336    26967,1927  1986157    0,17%
   6740   549        cutoff          27013,6336    26971,6480  2018511    0,16%
   6907   368        cutoff          27013,6336    26977,3825  2065254    0,13%
   7082   249        cutoff          27013,6336    26983,7318  2089118    0,11%

Cover cuts applied:  1
Zero-half cuts applied:  55
Lift and project cuts applied:  1
Gomory fractional cuts applied:  1

Root node processing (before b&c):
  Real time             =   30,20 sec. (14835,77 ticks)
Parallel b&c, 12 threads:
  Real time             =  606,27 sec. (86769,92 ticks)
  Sync time (average)   =   84,91 sec.
  Wait time (average)   =    0,00 sec.
                          ------------
Total (root+branch&cut) =  636,47 sec. (101605,69 ticks)

