
Version identifier: 22.1.1.0 | 2022-11-28 | 9160aff4d
CPXPARAM_MultiObjective_Display                  0
CPXPARAM_WorkMem                                 8192
CPXPARAM_DetTimeLimit                            2000000
Tried aggregator 3 times.
MIP Presolve eliminated 123922 rows and 1081206 columns.
Aggregator did 1052 substitutions.
Reduced MIP has 5822 rows, 31274 columns, and 68420 nonzeros.
Reduced MIP has 31243 binaries, 31 generals, 0 SOSs, and 0 indicators.
Presolve time = 0,98 sec. (634,66 ticks)
Found incumbent of value 213515,874564 after 1,17 sec. (774,04 ticks)
Tried aggregator 2 times.
Detecting symmetries...
Aggregator did 15 substitutions.
Reduced MIP has 5807 rows, 31259 columns, and 68390 nonzeros.
Reduced MIP has 31243 binaries, 16 generals, 0 SOSs, and 0 indicators.
Presolve time = 0,07 sec. (63,34 ticks)
Probing time = 0,06 sec. (13,82 ticks)
Clique table members: 38212.
MIP emphasis: balance optimality and feasibility.
MIP search method: dynamic search.
Parallel mode: deterministic, using up to 12 threads.
Root relaxation solution time = 1,01 sec. (534,97 ticks)

        Nodes                                         Cuts/
   Node  Left     Objective  IInf  Best Integer    Best Bound    ItCnt     Gap

*     0+    0                       213515,8746 -1889374,0000           984,89%
*     0+    0                       192969,6146 -1889374,0000              --- 
*     0+    0                       192951,3626 -1889374,0000              --- 
*     0+    0                       192933,1106 -1889374,0000              --- 
*     0+    0                       192914,8586 -1889374,0000              --- 
*     0+    0                       192896,6066 -1889374,0000              --- 
*     0+    0                       192879,4346 -1889374,0000              --- 
*     0+    0                       192862,5866 -1889374,0000              --- 
*     0+    0                       192845,7386 -1889374,0000              --- 
*     0+    0                       192828,8906 -1889374,0000              --- 
      0     0    23021,7747  1930   192828,8906    23021,7747       45   88,06%
      0     0    23305,3321  2207   192828,8906      Cuts: 14     1252   87,91%
*     0+    0                        91848,9032    23305,3321            74,63%
*     0+    0                        34344,5959    23305,3321            32,14%
      0     0    23315,0598  2274    34344,5959   ZeroHalf: 5     1499   32,11%
      0     0    23332,4507  2310    34344,5959   ZeroHalf: 6     1807   32,06%
*     0+    0                        33423,7299    23332,4507            30,19%
*     0+    0                        32436,8699    23332,4507            28,07%
      0     0  -1,00000e+75     0    32436,8699    23332,4507     1807   28,07%
Detecting symmetries...
      0     2    23332,4507  2310    32436,8699    23332,4507     1807   28,07%
Elapsed time = 27,15 sec. (11904,50 ticks, tree = 0,02 MB, solutions = 14)
      1     3    23363,0396  2293    32436,8699    23332,4570     2611   28,07%
      2     4    23368,4338  2266    32436,8699    23332,4570     2983   28,07%
      4     5    23414,2847  2094    32436,8699    23332,4570     3684   28,07%
      5     4    23388,6865  2179    32436,8699    23332,4570     3372   28,07%
      8     5    23436,5038  2194    32436,8699    23352,0189     4133   28,01%
      9     7    23474,6490  2267    32436,8699    23352,0189     6403   28,01%
     12    10    23442,5422  2206    32436,8699    23368,4432     9401   27,96%
     15     8    23468,3720  2140    32436,8699    23368,4432     8268   27,96%
     20    12    23540,1648  2148    32436,8699    23388,7275    14133   27,89%
     31    19    23561,7717  2331    32436,8699    23407,0692    31462   27,84%
Elapsed time = 54,29 sec. (16040,56 ticks, tree = 0,03 MB, solutions = 14)
     43    29    23571,5045  2156    32436,8699    23407,7665    68196   27,84%
     54    38    23684,4888  2028    32436,8699    23407,7665    86000   27,84%
     77    56    23832,1813  1852    32436,8699    23407,7665   111813   27,84%
    102    88    23625,2585  2120    32436,8699    23407,7665   137729   27,84%
    144   126    23916,9627  1852    32436,8699    23407,7665   164027   27,84%
    165   125    25021,2597  1741    32436,8699    23407,7665   164938   27,84%
    198   161    24127,2175  1916    32436,8699    23407,7665   184368   27,84%
*   228+  148                        26794,0000    23407,7665            12,64%
    229   178    24117,2237  1681    26794,0000    23407,7665   197061   12,64%
    265   221    24754,9886  1319    26794,0000    23407,7665   219550   12,64%
    305   253    24871,7048  1290    26794,0000    23407,7665   236825   12,64%
Elapsed time = 131,95 sec. (25887,14 ticks, tree = 3,99 MB, solutions = 20)
*   323   273      integral     0    26413,1869    23407,7665   245697   11,38%
    361   282    24653,1639  1383    26413,1869    23407,7665   251539   11,38%
    417   375    25190,8765  1649    26413,1869    23407,7665   287492   11,38%
    494   336    25319,1005  1325    26413,1869    23407,7665   274910   11,38%
    557   437    25266,8592  1264    26413,1869    23442,6209   310971   11,25%
    610   497    26405,6789   707    26413,1869    23461,4176   337134   11,18%
    647   466    24439,3570  1875    26413,1869    23461,4176   327841   11,18%
    675   580    25623,4793  1560    26413,1869    23464,9842   383843   11,16%
    700   600    24261,1350  2026    26413,1869    23468,6490   396971   11,15%
    734   600    24477,0467  1383    26413,1869    23468,6490   394367   11,15%
    782   615    23694,7797  2038    26413,1869    23468,6490   410466   11,15%
Elapsed time = 214,93 sec. (35724,51 ticks, tree = 19,84 MB, solutions = 22)
    814   634    25211,9862  1558    26413,1869    23468,6490   420128   11,15%
    851   660    24366,6124  1594    26413,1869    23468,6490   440074   11,15%
    907   732    25227,6292  1632    26413,1869    23468,6490   479480   11,15%
*   972   796      integral     0    26405,8692    23468,6490   502646   11,12%
    979   724    24729,5379  1499    26405,8692    23468,6490   472725   11,12%
   1037   745    25653,7919  1487    26405,8692    23468,6490   483611   11,12%
   1099   875    26078,2660  1067    26405,8692    23468,6490   535065   11,12%
   1153   877    23573,7162  2180    26405,8692    23468,6490   537069   11,12%
   1206   880    23717,9817  2077    26405,8692    23468,6490   538662   11,12%
   1242   947    25857,9373  1246    26405,8692    23468,6490   563928   11,12%
*  1276+ 1010                        26047,3196    23485,4725             9,84%
   1288   999    24302,6017  1600    26047,3196    23485,4725   631546    9,84%
Elapsed time = 297,99 sec. (45409,11 ticks, tree = 39,33 MB, solutions = 24)
   1333  1036    24062,7623  2204    26047,3196    23520,2163   610036    9,70%
   1378  1062    26017,2410   896    26047,3196    23520,2163   661515    9,70%
   1421  1056    24130,2056  2107    26047,3196    23520,2163   619893    9,70%
   1487  1134    25189,6923  1800    26047,3196    23520,2163   695215    9,70%
   1540  1111    25457,0612  1786    26047,3196    23520,2163   688095    9,70%
   1603  1119    25874,5014  1796    26047,3196    23556,0264   690289    9,56%
   1651  1205    25050,4357  1765    26047,3196    23556,0264   723049    9,56%
   1688  1241    25889,5266  1529    26047,3196    23564,3496   736693    9,53%
   1740  1334    23894,0498  2046    26047,3196    23566,7096   776160    9,52%
   1786  1286    24420,7825  1975    26047,3196    23566,7096   758631    9,52%
Elapsed time = 382,96 sec. (55134,20 ticks, tree = 55,92 MB, solutions = 25)
   1836  1440    25039,9755  1290    26047,3196    23568,1158   823959    9,52%
   1898  1400    25944,8870  1481    26047,3196    23568,1158   805191    9,52%
   1959  1488    25535,4548  1379    26047,3196    23568,1158   842994    9,52%
   2026  1575    24084,6120  1849    26047,3196    23568,1158   880583    9,52%
   2058  1496    24627,5936  1902    26047,3196    23569,8900   847060    9,51%
   2108  1674    25024,4116  1883    26047,3196    23575,6604   922436    9,49%
   2159  1596    25141,2764  1786    26047,3196    23581,8765   889846    9,47%
   2204  1601    25763,7122  1716    26047,3196    23594,3046   891999    9,42%
   2266  1720    24791,7999  1773    26047,3196    23603,8346   944909    9,38%
   2314  1734        cutoff          26047,3196    23607,2718   951704    9,37%
Elapsed time = 465,49 sec. (64773,56 ticks, tree = 70,63 MB, solutions = 25)
   2352  1866    25975,9172  1512    26047,3196    23607,2718  1021167    9,37%
   2390  1902    25510,4437  1559    26047,3196    23607,2718  1033489    9,37%
   2427  1927    24720,0706  1514    26047,3196    23607,2718  1045552    9,37%
   2468  1942    24613,9779  1582    26047,3196    23608,2121  1053319    9,36%
   2512  1960    25912,7651  1373    26047,3196    23608,2121  1063075    9,36%
   2551  1999    25074,9532  1750    26047,3196    23619,0119  1086192    9,32%
   2595  2086    25110,8220  1163    26047,3196    23620,2666  1129523    9,32%
   2641  2139    25762,2358  1348    26047,3196    23620,2666  1159568    9,32%
   2702  2130    25841,7712   949    26047,3196    23620,2666  1152849    9,32%
   2750  2165    23977,1812  1879    26047,3196    23621,7471  1176858    9,31%
Elapsed time = 549,37 sec. (74486,10 ticks, tree = 87,59 MB, solutions = 25)
   2806  2179    24949,0777  1306    26047,3196    23625,6564  1182830    9,30%
   2854  2283    23756,0955  1739    26047,3196    23625,8960  1253200    9,30%
   2910  2208    24997,0510  1222    26047,3196    23634,1347  1198278    9,26%
   2968  2284    25262,9143  1881    26047,3196    23636,4483  1248442    9,26%
   3037  2392    25332,0189  1312    26047,3196    23637,0776  1295620    9,25%
   3097  2422    25094,2765  1849    26047,3196    23637,0776  1316350    9,25%
   3157  2522        cutoff          26047,3196    23637,0776  1353243    9,25%
   3208  2572    25585,4895  1696    26047,3196    23646,6333  1373987    9,22%
   3248  2433    24316,4162  1995    26047,3196    23647,8086  1322629    9,21%
   3295  2662    24000,7568  2044    26047,3196    23653,4420  1422869    9,19%
Elapsed time = 634,42 sec. (84154,88 ticks, tree = 112,74 MB, solutions = 25)
   3354  2584    24940,9968  1897    26047,3196    23653,7340  1378880    9,19%
   3419  2648    25354,2206  1407    26047,3196    23653,7340  1408186    9,19%
   3475  2720    24787,8080  1706    26047,3196    23653,7340  1460355    9,19%
   3545  2769    25941,4152  1438    26047,3196    23653,7340  1478050    9,19%
   3605  2865    25904,2935  1453    26047,3196    23661,0655  1514248    9,16%
   3646  2908    24043,6113  1907    26047,3196    23661,0655  1535252    9,16%
   3703  2882    25414,5405  1776    26047,3196    23662,5416  1523108    9,16%
   3755  2937    25941,1404  1426    26047,3196    23669,2233  1546490    9,13%
   3795  2950    24759,4577  1655    26047,3196    23669,2233  1554804    9,13%
   3829  3010    25673,2382  1335    26047,3196    23669,2233  1582813    9,13%
Elapsed time = 709,17 sec. (93942,56 ticks, tree = 132,10 MB, solutions = 25)
   3853  3045    23962,9251  2002    26047,3196    23669,2233  1597365    9,13%

Performing restart 1

Repeating presolve.
Tried aggregator 1 time.
MIP Presolve eliminated 0 rows and 39 columns.
Reduced MIP has 5807 rows, 31220 columns, and 68312 nonzeros.
Reduced MIP has 31204 binaries, 16 generals, 0 SOSs, and 0 indicators.
Presolve time = 0,05 sec. (41,27 ticks)
Tried aggregator 1 time.
Reduced MIP has 5807 rows, 31220 columns, and 68312 nonzeros.
Reduced MIP has 31204 binaries, 16 generals, 0 SOSs, and 0 indicators.
Presolve time = 0,07 sec. (51,40 ticks)
Represolve time = 1,69 sec. (1039,13 ticks)
   3855     0    23375,8529  2424    26047,3196   ZeroHalf: 8  1700504    9,08%
   3855     0    23391,9021  2414    26047,3196  ZeroHalf: 10  1700899    9,08%
   3855     0    23402,2356  2448    26047,3196   ZeroHalf: 5  1701251    9,08%
   3855     0    23406,3563  2431    26047,3196   ZeroHalf: 8  1701440    9,08%
   3855     0    23409,3336  2466    26047,3196   ZeroHalf: 6  1701602    9,08%
   3855     0    23411,5076  2492    26047,3196   ZeroHalf: 4  1701749    9,08%
   3855     2    23411,5076  2492    26047,3196    23681,6377  1701749    9,08%
   3856     3    23431,2377  2442    26047,3196    23681,6377  1702407    9,08%
   3857     3    23811,0241  2207    26047,3196    23681,6377  1704793    9,08%
   3862     6    23502,3627  2307    26047,3196    23681,6377  1707111    9,08%
   3877    18    23910,7062  1972    26047,3196    23681,6377  1716703    9,08%
   3893    23    23726,3022  2241    26047,3196    23681,6377  1725355    9,08%
   3906    42    24091,1881  1846    26047,3196    23681,6377  1767702    9,08%
   3918    56    24542,9446  2153    26047,3196    23681,6377  1804962    9,08%
   3948    77    25782,2615  1862    26047,3196    23681,6377  1839384    9,08%
Elapsed time = 863,82 sec. (141757,37 ticks, tree = 0,83 MB, solutions = 25)
   4070   154    25396,6124  2056    26047,3196    23681,6377  1914205    9,08%
   4243   273    25598,2388  2092    26047,3196    23681,6377  1985245    9,08%
   4415   425    24596,1561  1759    26047,3196    23681,6377  2067002    9,08%
   4544   514    24843,0585  2138    26047,3196    23681,6377  2118075    9,08%
   4656   600        cutoff          26047,3196    23681,6377  2167877    9,08%
   4788   673    24730,4377  2023    26047,3196    23681,6377  2217848    9,08%
   4940   851        cutoff          26047,3196    23681,6377  2325239    9,08%
   5128   955    24967,6170  1800    26047,3196    23681,6377  2373883    9,08%
   5221  1152    25732,1511  1608    26047,3196    23681,6377  2480883    9,08%
   5321  1220    25267,3441  1854    26047,3196    23681,6377  2525505    9,08%
Elapsed time = 1197,82 sec. (180092,45 ticks, tree = 52,75 MB, solutions = 25)
   5491  1237    25841,7408  1661    26047,3196    23681,6377  2533870    9,08%
   5705  1317    25437,0899  1801    26047,3196    23681,6377  2574343    9,08%
   5926  1560    25530,8611  1843    26047,3196    23681,6377  2707642    9,08%
   6137  1652    25935,6473  1300    26047,3196    23681,6377  2752298    9,08%
   6358  1838    25652,0525  1433    26047,3196    23681,6377  2844757    9,08%
   6549  1939    26028,4454  1682    26047,3196    23681,6377  2904382    9,08%
   6736  2100    24583,3573  2212    26047,3196    23681,6377  2995547    9,08%
   6970  2307    25704,9260  1698    26047,3196    23681,6377  3121310    9,08%
   7132  2439    24711,5738  1995    26047,3196    23687,6179  3175336    9,06%
   7303  2604    25781,7047  1358    26047,3196    23758,2535  3271647    8,79%
Elapsed time = 1518,38 sec. (218441,88 ticks, tree = 133,69 MB, solutions = 25)
   7534  2716    26000,1507  1656    26047,3196    23776,5368  3325529    8,72%
   7669  2889    24977,2547  1542    26047,3196    23778,7304  3408994    8,71%
   7878  3096    25413,7442  1320    26047,3196    23778,7304  3516669    8,71%
   8063  3146    24582,3305  2157    26047,3196    23798,4601  3567628    8,63%
   8253  3337    25658,2536  1811    26047,3196    23818,9047  3668878    8,56%
   8438  3487    24984,3767  2164    26047,3196    23836,5139  3750032    8,49%
   8583  3607    24766,2273  2298    26047,3196    23836,5139  3820483    8,49%
   8695  3771    25102,2974  1889    26047,3196    23887,2428  3912384    8,29%
   8796  3943    25228,7851  1527    26047,3196    23912,2849  4019776    8,20%
   8990  3973    24860,8345  1970    26047,3196    23913,6226  4036512    8,19%
Elapsed time = 1843,01 sec. (256788,54 ticks, tree = 195,52 MB, solutions = 25)
   9113  4056    24880,1944  1670    26047,3196    23931,9871  4078967    8,12%
   9297  4254        cutoff          26047,3196    23952,5814  4221515    8,04%
   9436  4399    25096,9545  2166    26047,3196    23962,0718  4305632    8,01%
   9626  4417    25207,8733  2066    26047,3196    23981,0081  4323131    7,93%
   9756  4506    25464,7102  1647    26047,3196    23989,4179  4376480    7,90%
   9918  4704    25910,9047  1892    26047,3196    23990,0588  4497077    7,90%
  10047  4840    25854,6693   932    26047,3196    24014,2873  4587870    7,81%
  10160  4888    25991,1109  1424    26047,3196    24039,5956  4635605    7,71%
  10268  5083    25440,5130  1970    26047,3196    24039,5956  4747588    7,71%
  10393  5178    24818,3681  2163    26047,3196    24041,0837  4798695    7,70%
Elapsed time = 2179,41 sec. (295256,69 ticks, tree = 257,81 MB, solutions = 25)
  10523  5199    25815,0402  1165    26047,3196    24047,7569  4806262    7,68%
  10726  5418    25314,2932  1567    26047,3196    24074,8247  4934680    7,57%
  10911  5358    25637,5548  1999    26047,3196    24083,0113  4923733    7,54%
  11048  5728    25480,5499  1483    26047,3196    24092,4327  5110207    7,51%
  11232  5745    25577,7333  1709    26047,3196    24100,7865  5111434    7,47%
  11442  5861        cutoff          26047,3196    24111,6042  5234820    7,43%
  11613  5918    24891,2794  2273    26047,3196    24129,9991  5273273    7,36%
  11773  6209    25088,8116  1941    26047,3196    24144,4274  5425526    7,31%
  11894  6349    25434,5708  2053    26047,3196    24144,4274  5484541    7,31%
  12000  6480    25923,0075  1470    26047,3196    24159,3684  5605220    7,25%
Elapsed time = 2507,68 sec. (333622,44 ticks, tree = 316,89 MB, solutions = 25)
  12087  6503    25766,6659  1830    26047,3196    24169,3873  5617870    7,21%
  12186  6666    25912,6517  1455    26047,3196    24169,7812  5761691    7,21%
  12255  6681    25430,9587  1767    26047,3196    24169,7812  5774703    7,21%
  12382  6737    25839,9032  1395    26047,3196    24171,0912  5828552    7,20%
  12528  6748    24939,7421  1940    26047,3196    24171,0912  5834965    7,20%
  12696  6970    26004,9438  1203    26047,3196    24187,8117  5998572    7,14%
  12817  6833    24482,4829  2436    26047,3196    24188,0830  5908233    7,14%
  12936  7138    25886,6871  1879    26047,3196    24188,0830  6124484    7,14%
  13048  7240    25914,1016  2009    26047,3196    24201,2061  6207711    7,09%
  13211  7311        cutoff          26047,3196    24201,7701  6275661    7,09%
Elapsed time = 2832,26 sec. (372003,07 ticks, tree = 362,35 MB, solutions = 25)
  13387  7389    25346,4570  2176    26047,3196    24211,6170  6343769    7,05%
  13562  7426    25787,4608  1509    26047,3196    24227,1475  6386869    6,99%
  13676  7636    25919,4056  2087    26047,3196    24232,5431  6459813    6,97%
  13737  7699    25040,3160  2303    26047,3196    24232,5431  6500887    6,97%
  13838  7872    25439,1802  1769    26047,3196    24234,7872  6642686    6,96%
  13942  7887    25952,9844  1672    26047,3196    24236,3898  6656475    6,95%
  14128  7973    25156,7453  1216    26047,3196    24236,3898  6720979    6,95%
  14306  8159    25907,0818  1016    26047,3196    24243,3375  6813331    6,93%
  14448  8182    25379,6532  1852    26047,3196    24253,0468  6834576    6,89%
  14610  8223    24749,0366  1811    26047,3196    24264,7530  6867625    6,84%
Elapsed time = 3168,00 sec. (410303,86 ticks, tree = 397,47 MB, solutions = 25)
  14732  8341    24820,3874  2241    26047,3196    24264,7530  6959577    6,84%
  14893  8566    24621,8513  2160    26047,3196    24264,8948  7083790    6,84%
  15038  8723    25067,8544  1206    26047,3196    24273,2657  7204567    6,81%
* 15238  8706      integral     0    25910,3305    24287,6445  7184520    6,26%
  15257  8777    25809,4439  1001    25910,3305    24287,6445  7211346    6,26%
  15380  7945        cutoff          25910,3305    24287,6445  7322570    6,26%
  15486  8030    25732,6460  1667    25910,3305    24296,9688  7359660    6,23%
  15600  8133    25468,8886  1741    25910,3305    24316,4901  7406990    6,15%
  15686  8330    25127,9992  2366    25910,3305    24319,0891  7596614    6,14%
  15779  8266    25875,6502  1642    25910,3305    24319,0891  7542173    6,14%
  15851  8344    25553,3845  2075    25910,3305    24334,4081  7603442    6,08%
Elapsed time = 3508,07 sec. (448752,31 ticks, tree = 409,66 MB, solutions = 26)
  15962  8467    25571,8145  1514    25910,3305    24336,5339  7713572    6,07%
  16063  8583    25574,6547  1596    25910,3305    24340,0043  7816655    6,06%
  16184  8541    25498,0245  1900    25910,3305    24340,0043  7778219    6,06%
  16323  8706    25695,5250  1690    25910,3305    24353,7978  7907874    6,01%
  16436  8678    25175,4755  2410    25910,3305    24358,1895  7890504    5,99%
  16536  8806    25889,0885  1709    25910,3305    24364,5548  7985280    5,97%
  16661  8980    25194,5887  2448    25910,3305    24369,0918  8131375    5,95%
  16750  9015    25457,9009  1955    25910,3305    24371,3046  8179319    5,94%
  16853  9110    25203,1291  1972    25910,3305    24373,4451  8261346    5,93%
  16965  9200    25652,4231  1169    25910,3305    24383,3467  8371372    5,89%
Elapsed time = 3833,65 sec. (487223,13 ticks, tree = 434,37 MB, solutions = 26)
  17143  9221    25669,9933  2150    25910,3305    24388,0987  8396725    5,87%
  17247  9295    25125,0398  2458    25910,3305    24393,7345  8480538    5,85%
  17348  9430        cutoff          25910,3305    24399,0001  8584236    5,83%
  17429  9501        cutoff          25910,3305    24401,8528  8637331    5,82%
  17495  9679    25751,9387  1875    25910,3305    24407,4413  8808070    5,80%
  17563  9617    25680,2195  1156    25910,3305    24409,8056  8721557    5,79%
  17616  9681    25063,5317  1895    25910,3305    24409,8226  8813342    5,79%
  17752  9797    25632,9446  1177    25910,3305    24409,8226  8920214    5,79%
  17894  9814    25802,4790  1921    25910,3305    24409,9367  8934020    5,79%
  18029  9794    25093,6230  1899    25910,3305    24421,5573  8920935    5,75%
Elapsed time = 4176,59 sec. (525887,19 ticks, tree = 446,45 MB, solutions = 26)
  18167  9852    25587,5823  2364    25910,3305    24421,5573  8991438    5,75%
  18289  9933    25134,5147  2178    25910,3305    24430,1962  9068049    5,71%
  18405 10139    25816,9980   889    25910,3305    24435,5194  9200317    5,69%
  18525 10150    25542,4040  2202    25910,3305    24442,4173  9223523    5,67%
  18680 10361    25614,4008  2470    25910,3305    24445,6133  9414386    5,65%
  18774 10455    25719,9629  1831    25910,3305    24450,2521  9509212    5,64%
  18880 10563        cutoff          25910,3305    24458,2613  9592297    5,60%
  18985 10453    25727,3861  2045    25910,3305    24462,1377  9503156    5,59%
  19123 10615    25442,0149  1428    25910,3305    24462,1377  9642659    5,59%
  19224 10668    24599,3595  2011    25910,3305    24471,3348  9732735    5,55%
Elapsed time = 4503,37 sec. (564301,38 ticks, tree = 491,44 MB, solutions = 26)
  19348 10650    25184,1384  2399    25910,3305    24473,7069  9705423    5,54%
  19473 10698        cutoff          25910,3305    24474,7617  9767164    5,54%
  19591 10901        cutoff          25910,3305    24479,9313  9958377    5,52%
  19682 11067    25508,7662  2224    25910,3305    24482,2324 10094610    5,51%
  19797 11055    25500,9443  2240    25910,3305    24483,4794 10083240    5,51%
  19877 11128        cutoff          25910,3305    24487,3276 10143816    5,49%
  19924 11375    25437,6634  1433    25910,3305    24487,3276 10353263    5,49%
  19988 11250    25776,7261  1589    25910,3305    24487,3276 10258753    5,49%
  20065 11405        cutoff          25910,3305    24491,9475 10402530    5,47%
  20166 11471    25900,6407  1441    25910,3305    24491,9475 10464137    5,47%
Elapsed time = 4885,31 sec. (602901,59 ticks, tree = 534,37 MB, solutions = 26)
  20272 11457    25754,3032  1521    25910,3305    24497,0309 10418521    5,45%
  20411 11494    25277,9989  1568    25910,3305    24506,0498 10511269    5,42%
  20545 11588    25403,5442  1323    25910,3305    24509,7847 10595268    5,41%
  20677 11603    25377,8579  1905    25910,3305    24514,2144 10602268    5,39%
  20814 11756    25717,7337  1645    25910,3305    24519,9492 10774132    5,37%
  20932 11762    25460,0531  2054    25910,3305    24520,5430 10781201    5,36%
  21053 11960    25505,8319  2123    25910,3305    24523,6764 10930638    5,35%
  21207 11995    25085,5217  2053    25910,3305    24524,8278 10977829    5,35%
  21318 12170    25774,8969  1752    25910,3305    24530,0403 11160788    5,33%
  21456 12094        cutoff          25910,3305    24533,4707 11088483    5,31%
Elapsed time = 5178,30 sec. (641387,46 ticks, tree = 567,24 MB, solutions = 26)
  21564 12161    25230,5295  2308    25910,3305    24537,4182 11152338    5,30%
  21689 12223    25578,8525  2228    25910,3305    24540,5370 11222076    5,29%
  21803 12460        cutoff          25910,3305    24541,2326 11437304    5,28%
  21908 12666    25751,6358  1867    25910,3305    24544,3289 11588349    5,27%
  22017 12423    25159,9605  2269    25910,3305    24545,7264 11409701    5,27%
  22089 12797    25814,8573  2092    25910,3305    24548,7481 11748030    5,25%
  22154 12774    25261,4113  2312    25910,3305    24559,0713 11727912    5,22%
  22204 12773    25824,1781  1991    25910,3305    24561,9711 11704796    5,20%
  22266 12821        cutoff          25910,3305    24566,2782 11776698    5,19%
  22347 12950    25034,1159  2265    25910,3305    24569,1059 11898353    5,18%
Elapsed time = 5551,93 sec. (679886,35 ticks, tree = 601,32 MB, solutions = 26)
  22473 12920    25713,4578  2107    25910,3305    24569,2487 11866038    5,18%
  22582 13002    25669,4569  1570    25910,3305    24569,2487 11948504    5,18%
  22691 12994    25841,7148  1400    25910,3305    24569,2487 11945008    5,18%
  22789 13072    25619,1585  2072    25910,3305    24575,1827 12024933    5,15%
  22884 13245    25544,1789  2084    25910,3305    24576,9642 12209164    5,15%
  23013 13196    25442,8468  1756    25910,3305    24578,5372 12168358    5,14%
  23121 13270    25510,4111  2402    25910,3305    24580,2318 12281864    5,13%
  23244 13448    25639,8793  1706    25910,3305    24583,2006 12446677    5,12%
  23370 13413    25454,0163  2230    25910,3305    24586,5637 12403600    5,11%
  23469 13586    25622,0952  2172    25910,3305    24587,5327 12594567    5,11%
Elapsed time = 5852,22 sec. (718489,15 ticks, tree = 631,82 MB, solutions = 26)
  23559 13527    25510,0874  2065    25910,3305    24590,9721 12512237    5,09%
  23676 13736    25871,3194  1730    25910,3305    24594,5390 12722672    5,08%
  23815 13708    25801,8242   873    25910,3305    24595,4751 12685682    5,07%
  23918 13848    25706,3364  1869    25910,3305    24596,2697 12825304    5,07%
  24012 14009    25856,5839  1437    25910,3305    24600,8791 13019052    5,05%
  24116 13965        cutoff          25910,3305    24602,8560 12973656    5,05%
  24238 13928    24850,5520  1814    25910,3305    24605,3218 12955774    5,04%
  24345 14175    25350,3863  2076    25910,3305    24605,8869 13197725    5,03%
  24454 14169    25298,4735  1264    25910,3305    24611,5683 13160836    5,01%
  24546 14376    25650,5390  2164    25910,3305    24617,0399 13426491    4,99%
Elapsed time = 6193,80 sec. (757147,00 ticks, tree = 651,81 MB, solutions = 26)
  24610 14326    25797,9946  1741    25910,3305    24617,7036 13378982    4,99%
  24676 14384    25080,8447  1982    25910,3305    24618,7246 13433014    4,98%
  24748 14329    25658,6395  1780    25910,3305    24630,7648 13385675    4,94%
  24851 14573    25658,0685  1776    25910,3305    24634,8580 13599508    4,92%
  24941 14590    25363,8584  2164    25910,3305    24635,8059 13615282    4,92%
  25032 14656    25606,6334  1412    25910,3305    24635,9477 13642742    4,92%
  25130 14668        cutoff          25910,3305    24638,4790 13649447    4,91%
  25234 14707    25711,6936  1436    25910,3305    24645,1172 13725004    4,88%
  25372 14731    25795,7931  2021    25910,3305    24645,5741 13766182    4,88%
  25492 14789    25121,8732  1971    25910,3305    24645,7508 13827125    4,88%
Elapsed time = 6537,98 sec. (795617,55 ticks, tree = 671,00 MB, solutions = 26)
  25633 15030    25608,8670  2013    25910,3305    24645,7527 14003628    4,88%
  25722 15006    25812,9591  1904    25910,3305    24649,2059 13986372    4,87%
  25825 15220        cutoff          25910,3305    24655,2415 14207151    4,84%
  25916 15280    25899,6933  1372    25910,3305    24655,4657 14261604    4,84%
  26029 15114    25463,6050  2395    25910,3305    24655,4657 14138928    4,84%
  26134 15225    25680,9916  1867    25910,3305    24657,9470 14201269    4,83%
  26237 15266    25531,6927  2119    25910,3305    24664,4123 14252603    4,81%
  26369 15351    25334,9853  1444    25910,3305    24665,8393 14350802    4,80%
  26485 15338    25857,8676  2060    25910,3305    24667,7703 14334202    4,80%
  26605 15392    25849,0135  2151    25910,3305    24671,9670 14441616    4,78%
Elapsed time = 6866,22 sec. (834117,72 ticks, tree = 691,79 MB, solutions = 26)
  26703 15669    25860,1363  1703    25910,3305    24676,6249 14706828    4,76%
  26788 15534    25289,7581  2175    25910,3305    24677,5763 14614866    4,76%
  26873 15829    25677,2180  1600    25910,3305    24680,7607 14898777    4,75%
  27007 15891    25823,6539  2444    25910,3305    24682,2029 14978235    4,74%
  27147 15799    25511,3125  2337    25910,3305    24684,9465 14836028    4,73%
  27271 15921    25639,5562  1368    25910,3305    24687,4078 14990434    4,72%
  27344 15883    25238,8948  1504    25910,3305    24690,1656 14972218    4,71%
  27415 16076    25894,3674  2206    25910,3305    24691,2499 15189586    4,70%
  27497 16235    25812,6465  1342    25910,3305    24692,9876 15328830    4,70%
  27576 16146    25586,5868  2242    25910,3305    24696,1109 15251159    4,69%
Elapsed time = 7210,94 sec. (872641,75 ticks, tree = 721,90 MB, solutions = 26)
  27624 16415    25437,1279  1786    25910,3305    24697,5628 15511881    4,68%
  27718 16433    25171,9037  2225    25910,3305    24699,4753 15546227    4,67%
  27803 16465    25813,1330  1702    25910,3305    24699,9211 15569175    4,67%
  27891 16491    25801,0652  1562    25910,3305    24701,3618 15611896    4,67%
  27967 16475    25323,2399  1857    25910,3305    24708,9639 15588619    4,64%
  28082 16552    25893,4243  1305    25910,3305    24710,1550 15686115    4,63%
  28196 16554        cutoff          25910,3305    24714,1960 15692360    4,62%
  28308 16575    25829,0688  1627    25910,3305    24714,1960 15715945    4,62%
  28403 16559    25892,8464  2137    25910,3305    24715,0499 15704046    4,61%
  28510 16616    25492,0893  2164    25910,3305    24721,0998 15768576    4,59%
Elapsed time = 7549,72 sec. (911177,59 ticks, tree = 743,52 MB, solutions = 26)
  28621 16625    25032,0885  2310    25910,3305    24721,0998 15775547    4,59%
  28726 16948    25841,1205  1125    25910,3305    24723,4983 16089790    4,58%
  28842 17037    25596,9160  2420    25910,3305    24723,8130 16199456    4,58%
  28942 17100    25656,4215  2118    25910,3305    24726,2665 16293478    4,57%
  29045 17224    25178,3563  2195    25910,3305    24728,2560 16421550    4,56%
  29160 17235    25665,5763  1810    25910,3305    24728,2560 16428081    4,56%
  29253 17191    25410,7776  2570    25910,3305    24730,4625 16402189    4,55%
  29342 17249    25670,0427  2396    25910,3305    24730,4625 16439887    4,55%
  29432 17428    25645,2549  1890    25910,3305    24733,6492 16638557    4,54%
  29556 17505    25873,5648  1989    25910,3305    24740,8452 16765196    4,51%
Elapsed time = 7881,62 sec. (949963,29 ticks, tree = 780,72 MB, solutions = 26)
  29656 17471    25537,9823  2453    25910,3305    24740,8452 16682136    4,51%
  29731 17446    25666,6565  2560    25910,3305    24741,7965 16657694    4,51%
  29838 17479        cutoff          25910,3305    24741,7965 16695493    4,51%
  29938 17525    25315,3838  1812    25910,3305    24745,6497 16761690    4,50%
  30055 17632        cutoff          25910,3305    24751,7229 16915391    4,47%
  30151 17819        cutoff          25910,3305    24751,7373 17159570    4,47%
  30231 17687        cutoff          25910,3305    24754,0238 17010846    4,46%
  30341 17884    25838,7234  1653    25910,3305    24754,0238 17252041    4,46%
  30426 17943    25791,6544  2264    25910,3305    24755,5294 17324586    4,46%
  30524 18157        cutoff          25910,3305    24762,2416 17563289    4,43%
Elapsed time = 8220,73 sec. (988356,88 ticks, tree = 818,19 MB, solutions = 26)
  30582 18028    25433,8469  1502    25910,3305    24762,4475 17421272    4,43%
  30648 18160    25406,9456  1895    25910,3305    24764,3239 17571170    4,42%
  30706 18008    25641,5281  2007    25910,3305    24764,4849 17394746    4,42%
  30776 18257    25464,7777  1348    25910,3305    24766,8349 17655555    4,41%
  30856 18266    25809,9369  1128    25910,3305    24769,5413 17662776    4,40%
  30958 18276    25844,0711  1566    25910,3305    24769,8537 17669872    4,40%
  31046 18399    25313,6934  2191    25910,3305    24775,8983 17823148    4,38%
  31147 18301    25681,1728  1759    25910,3305    24777,0807 17702641    4,37%
  31251 18387    25623,3974  2349    25910,3305    24777,0807 17796142    4,37%
  31344 18355    25426,2780  1802    25910,3305    24777,7333 17763642    4,37%
Elapsed time = 8582,42 sec. (1026895,12 ticks, tree = 831,13 MB, solutions = 26)
  31449 18397    25758,9541  2324    25910,3305    24782,3517 17809589    4,35%
  31566 18548    25782,7818  1771    25910,3305    24783,7776 18035584    4,35%
  31663 18566    25820,6838  2174    25910,3305    24784,4907 18113625    4,35%
  31782 18599    25711,0783  2058    25910,3305    24784,8459 18149525    4,34%
  31905 18585    25344,1139  1323    25910,3305    24785,4763 18055338    4,34%
  32003 18610    25170,6351  1691    25910,3305    24787,1635 18161057    4,33%
  32149 18977    25650,5200  1218    25910,3305    24789,1942 18562167    4,33%
  32265 18791    25687,6889  1783    25910,3305    24791,0493 18399723    4,32%
  32375 19124    25821,7125  1287    25910,3305    24792,9627 18774853    4,31%
  32487 18994    25728,6611  1922    25910,3305    24792,9627 18581947    4,31%
Elapsed time = 8910,92 sec. (1065498,30 ticks, tree = 851,13 MB, solutions = 26)
  32591 18996    25806,6732  1572    25910,3305    24793,3981 18588978    4,31%
  32714 19158    25363,2347  1724    25910,3305    24796,9279 18818113    4,30%
  32830 19034    25380,6537  2083    25910,3305    24798,6824 18666573    4,29%
  32929 19378    25787,9108  1575    25910,3305    24800,9360 19071685    4,28%
  33039 19463    25629,5355  1834    25910,3305    24802,4652 19178124    4,28%
  33136 19188    25634,2785  2157    25910,3305    24802,4652 18876721    4,28%
  33234 19233    25317,7629  2264    25910,3305    24803,4607 18913348    4,27%
  33337 19649    25641,7487  1800    25910,3305    24808,5718 19436773    4,25%
  33433 19540    25774,5060  2470    25910,3305    24810,3489 19299700    4,25%
  33540 19553    25442,5492   622    25910,3305    24812,8155 19306106    4,24%
Elapsed time = 9243,22 sec. (1104030,02 ticks, tree = 885,73 MB, solutions = 26)
  33677 19668    25604,4944  1606    25910,3305    24814,8992 19455718    4,23%
  33780 19550        cutoff          25910,3305    24814,8992 19286651    4,23%
  33880 19682    25700,4825  1043    25910,3305    24816,3257 19468880    4,22%
  33956 19982    25585,6212  1038    25910,3305    24819,8515 19811774    4,21%
  34033 19930    25802,6540  1715    25910,3305    24821,4186 19741436    4,20%
  34114 19999        cutoff          25910,3305    24822,2620 19816914    4,20%
  34194 19936    25489,5869  2151    25910,3305    24822,5126 19750747    4,20%
  34269 20139    25852,8401  2171    25910,3305    24824,7220 20010010    4,19%
  34338 20228    25172,6706  1994    25910,3305    24826,4117 20114781    4,18%
  34406 20351    25904,4697  1394    25910,3305    24829,8637 20217883    4,17%
Elapsed time = 9618,21 sec. (1142588,92 ticks, tree = 903,11 MB, solutions = 26)
  34490 20228    25884,4270  1366    25910,3305    24830,5827 20101485    4,17%
  34596 20249    25762,1191  1619    25910,3305    24831,9486 20122276    4,16%
  34692 20442    25374,7976  2153    25910,3305    24835,0444 20295988    4,15%
  34819 20375        cutoff          25910,3305    24835,1368 20242964    4,15%
* 34883 20345      integral     0    25909,3508    24836,7535 20225148    4,14%
  35035 20385        cutoff          25909,3508    24839,5357 20253218    4,13%
  35142 20502    25792,5374  2069    25909,3508    24842,9485 20355796    4,12%
  35234 20567        cutoff          25909,3508    24843,0728 20424637    4,12%
  35356 20783    25637,7539  1723    25909,3508    24843,6078 20609063    4,11%
  35483 20882    25660,2931  2128    25909,3508    24845,2278 20720362    4,11%
Elapsed time = 9920,00 sec. (1179005,83 ticks, tree = 939,30 MB, solutions = 27)
  35641 20882    25311,7187  1672    25909,3508    24845,2278 20725252    4,11%
  35777 20671        cutoff          25909,3508    24846,1279 20552205    4,10%
  35878 21000    25565,7213  1838    25909,3508    24846,6852 20852214    4,10%
* 35973+21068                        25763,4147    24848,4157             3,55%
  35980 20866    25783,2193  2423    25763,4147    24848,4157 20673489    3,55%
  36056 20981    25644,1008  1490    25763,4147    24850,5107 20824543    3,54%
  36172 20922    25550,3052  1390    25763,4147    24850,9836 20755861    3,54%
  36262 21140    25304,1723  1502    25763,4147    24851,9047 21018522    3,54%
  36390 21119    25117,3064  2361    25763,4147    24852,3839 20989069    3,54%
  36504 17176    25593,3371  1820    25763,4147    24854,2051 21128919    3,53%
  36628 17191    25188,4097  2175    25763,4147    24857,8377 21168635    3,51%
Elapsed time = 10244,90 sec. (1217467,21 ticks, tree = 756,01 MB, solutions = 28)
  36723 17336    25009,2658  1676    25763,4147    24859,9444 21358103    3,51%
  36834 17343    25213,7759  1449    25763,4147    24860,8370 21364385    3,50%
* 36877 17345      integral     0    25746,3270    24860,8370 21366707    3,44%
  37016 17352    25533,2414  1955    25746,3270    24865,4400 21413580    3,42%
  37128 17548    25601,8605  2466    25746,3270    24866,4390 21672714    3,42%
  37242 17468        cutoff          25746,3270    24866,7668 21536704    3,42%
  37351 17149    25386,2672  2349    25746,3270    24869,1731 21891615    3,41%
  37477 17134    25620,1260  2254    25746,3270    24869,7451 21862107    3,40%
  37585 17142        cutoff          25746,3270    24870,9983 21868198    3,40%
  37716 17107    25577,5545  1749    25746,3270    24874,1015 21837975    3,39%
Elapsed time = 10556,31 sec. (1253544,43 ticks, tree = 743,96 MB, solutions = 29)
  37817 17424    25254,5771  1505    25746,3270    24875,7194 22270751    3,38%
  37943 17264    25679,9807  1804    25746,3270    24876,1144 22036826    3,38%
  38082 17505    25183,8127  2423    25746,3270    24876,4128 22355204    3,38%
  38182 17513    25734,4479  1851    25746,3270    24878,6974 22361680    3,37%
  38317 17417    25742,9140  1921    25746,3270    24881,2925 22256547    3,36%
  38404 17655    25724,1054  1340    25746,3270    24881,9768 22564043    3,36%
  38485 17728        cutoff          25746,3270    24882,7713 22648342    3,35%
  38560 17757    25305,4594  1645    25746,3270    24884,9520 22694599    3,35%
  38639 17765    25716,1446  1638    25746,3270    24886,0996 22697965    3,34%
  38712 17874    25678,8916  2155    25746,3270    24889,8912 22869098    3,33%
Elapsed time = 10915,83 sec. (1291933,77 ticks, tree = 786,56 MB, solutions = 29)
  38776 17765        cutoff          25746,3270    24891,2854 22706466    3,32%
  38845 17817    25622,1452  2058    25746,3270    24895,0995 22799036    3,31%
  38910 18011    25485,1571  2178    25746,3270    24896,7160 23071847    3,30%
  38962 17977    25313,9471  1813    25746,3270    24899,6437 23016626    3,29%
  39037 17988    25579,2336  1458    25746,3270    24901,5556 22963849    3,28%
  39120 18118    25641,6522  1401    25746,3270    24903,2818 23221032    3,27%
  39200 18070    25531,3701  2291    25746,3270    24903,2818 23164473    3,27%
  39272 18117        cutoff          25746,3270    24906,4536 23213269    3,26%
  39380 18122        cutoff          25746,3270    24909,1966 23238301    3,25%
  39536 18132        cutoff          25746,3270    24909,1966 23207115    3,25%
Elapsed time = 11296,18 sec. (1330855,96 ticks, tree = 792,82 MB, solutions = 29)
  39643 18248    25710,8115  1558    25746,3270    24913,8886 23333047    3,23%
* 39678+18135                        25738,0740    24915,7830             3,19%
  39746 18195    25382,0720  2118    25738,0740    24917,4058 23319700    3,19%
  39855 18252    25458,5615  1680    25738,0740    24917,4058 23369108    3,19%
  39971 18345    25497,9088  1928    25738,0740    24918,5997 23524241    3,18%
  40078 18276        cutoff          25738,0740    24919,8236 23358006    3,18%
  40229 18283    25088,9789  1452    25738,0740    24924,4551 23822043    3,16%
  40367 18221    25637,2422  1518    25738,0740    24924,4551 23742296    3,16%
  40451 18378    25456,1979  2021    25738,0740    24926,8777 23950991    3,15%
  40566 18395        cutoff          25738,0740    24927,2613 23999617    3,15%
  40639 18387    25419,8933  1905    25738,0740    24928,9923 23963867    3,14%
Elapsed time = 11565,52 sec. (1369639,57 ticks, tree = 811,01 MB, solutions = 30)
  40739 18320        cutoff          25738,0740    24929,5895 23887302    3,14%
  40835 18437    25221,2047  1937    25738,0740    24929,8709 24056131    3,14%
* 40877+18535                        25714,8606    24930,2678             3,05%
  40920 18446        cutoff          25714,8606    24932,4045 24062831    3,04%
  41009 18450    25469,6438  2399    25714,8606    24933,4691 24068251    3,04%
  41119 17824    25598,1493  2199    25714,8606    24935,6421 24368037    3,03%
  41223 17842    25640,4131  1313    25714,8606    24937,4455 24377427    3,02%
  41323 17977    25572,8229  1506    25714,8606    24938,2612 24604065    3,02%
  41430 17828        cutoff          25714,8606    24938,2612 24386952    3,02%
  41522 17840    25459,1207  1993    25714,8606    24943,8631 24392376    3,00%
  41620 17837    25489,1191  1545    25714,8606    24943,8631 24403476    3,00%
Elapsed time = 11887,15 sec. (1408190,76 ticks, tree = 780,20 MB, solutions = 31)
  41750 18000    25614,7958  1415    25714,8606    24944,9576 24667177    2,99%
  41851 18136    25549,9334  1836    25714,8606    24946,8210 24919210    2,99%
  41935 18183    25566,3132  1847    25714,8606    24950,8373 25059842    2,97%
  42014 18185    25504,0070  1847    25714,8606    24953,0016 25063621    2,96%
  42106 18194    25561,7897  2485    25714,8606    24953,3079 25108410    2,96%
  42174 18110    25619,3190  2412    25714,8606    24955,8062 24842240    2,95%
  42242 18109    25333,2715  2387    25714,8606    24955,8062 24845307    2,95%
  42318 18130        cutoff          25714,8606    24955,8062 24987978    2,95%
  42383 18207    25609,4359  1539    25714,8606    24961,6143 25079867    2,93%
  42464 18307    25574,0934  1196    25714,8606    24961,6143 25253205    2,93%
Elapsed time = 12254,04 sec. (1446765,11 ticks, tree = 784,19 MB, solutions = 31)
  42524 18458        cutoff          25714,8606    24966,7435 25524729    2,91%
  42594 18388        cutoff          25714,8606    24968,4455 25365441    2,90%
  42682 18471    25510,6575  1392    25714,8606    24968,4455 25534335    2,90%
  42772 18477    25401,6453  1653    25714,8606    24971,4018 25540321    2,89%
  42858 18456        cutoff          25714,8606    24971,4018 25514603    2,89%
  42932 18456    25537,9045  2443    25714,8606    24971,4018 25518661    2,89%
  43031 18543        cutoff          25714,8606    24974,8105 25670722    2,88%
  43112 18504        cutoff          25714,8606    24975,3779 25635466    2,88%
  43205 18516    25523,4776  2389    25714,8606    24980,0384 25623987    2,86%
  43318 18671    25710,3307  1187    25714,8606    24980,0384 25880398    2,86%
Elapsed time = 12609,00 sec. (1485543,98 ticks, tree = 806,36 MB, solutions = 31)
  43442 18552    25661,9311  1814    25714,8606    24981,7458 25679313    2,85%
  43546 18582    25639,2588  1247    25714,8606    24983,2467 25704188    2,85%
  43687 18649    25685,2420  1407    25714,8606    24983,2467 25857463    2,85%
  43814 18675    25488,3106  2491    25714,8606    24984,4231 25903439    2,84%
  43909 18977        cutoff          25714,8606    24987,4821 26261578    2,83%
  44032 18678        cutoff          25714,8606    24988,0473 25915924    2,83%
  44150 18740    25711,0655  2295    25714,8606    24989,6201 26009560    2,82%
  44245 19022    25622,1442  2152    25714,8606    24993,1012 26322742    2,81%
  44344 18951    25562,0680  2102    25714,8606    24993,6735 26194615    2,80%
  44442 19145        cutoff          25714,8606    24995,1655 26471088    2,80%
Elapsed time = 12875,36 sec. (1523873,21 ticks, tree = 811,58 MB, solutions = 31)
  44529 19142        cutoff          25714,8606    24996,2084 26476470    2,79%
  44624 19200    25561,2154  2194    25714,8606    24996,2084 26622672    2,79%
  44759 19177    25641,5828  1499    25714,8606    25001,0080 26539986    2,78%
  44900 19233    25485,4033  1472    25714,8606    25002,3696 26720618    2,77%
  45064 19164    25451,0529  1291    25714,8606    25002,9888 26499935    2,77%
  45171 19344    25608,7466  1538    25714,8606    25005,7403 26877208    2,76%
  45311 19488        cutoff          25714,8606    25007,5950 27192882    2,75%
  45423 19370    25343,5828  2115    25714,8606    25007,5950 26979117    2,75%
  45532 19405        cutoff          25714,8606    25008,2159 27068699    2,75%
  45627 19564        cutoff          25714,8606    25008,8960 27291742    2,75%
Elapsed time = 13194,06 sec. (1562243,24 ticks, tree = 832,72 MB, solutions = 31)
  45726 19525    25351,4926  1914    25714,8606    25009,6785 27257143    2,74%
  45856 19463    25609,9241  1747    25714,8606    25012,4197 27136444    2,73%
  45974 19537    25575,3341  1515    25714,8606    25015,3586 27270836    2,72%
  46049 19606    25658,8885  1850    25714,8606    25015,8808 27407612    2,72%
  46141 19734        cutoff          25714,8606    25017,6404 27543662    2,71%
  46257 19549    25707,2607  1365    25714,8606    25020,1303 27289409    2,70%
  46337 19855    25654,3831  1947    25714,8606    25020,9533 27834601    2,70%
  46414 19740    25476,0266  2080    25714,8606    25020,9533 27554385    2,70%
  46519 19746    25190,9299  1703    25714,8606    25021,3774 27559674    2,70%
  46596 19860    25600,2986  1651    25714,8606    25024,0232 27847829    2,69%
Elapsed time = 13538,27 sec. (1601336,05 ticks, tree = 853,35 MB, solutions = 31)
  46671 19819        cutoff          25714,8606    25027,4680 27712611    2,67%
  46723 19853    25543,5284  1298    25714,8606    25028,5165 27804356    2,67%
  46789 19973    25649,2128  1594    25714,8606    25030,1644 28003494    2,66%
  46876 19987    25438,4935  2244    25714,8606    25034,1671 28044977    2,65%
  46941 20073        cutoff          25714,8606    25035,2729 28242769    2,64%
  47027 19979        cutoff          25714,8606    25035,2729 28016686    2,64%
  47113 20057    25537,9163  1489    25714,8606    25035,2729 28181687    2,64%
  47225 20005    25474,3107  1484    25714,8606    25039,2809 28092165    2,63%
  47331 20197    25452,6651  1632    25714,8606    25042,2642 28370076    2,62%
  47428 20267    25641,6172  1553    25714,8606    25045,8037 28535084    2,60%
Elapsed time = 13921,85 sec. (1639864,78 ticks, tree = 867,77 MB, solutions = 31)
  47532 20217    25551,1845  1486    25714,8606    25049,0018 28383758    2,59%
  47645 20164    25381,4358  1292    25714,8606    25049,7893 28340590    2,59%
  47737 20230    25591,6362  1873    25714,8606    25049,7893 28488029    2,59%
  47837 20203        cutoff          25714,8606    25052,0667 28464619    2,58%
  47947 20333        cutoff          25714,8606    25052,0667 28602342    2,58%
  48057 20433        cutoff          25714,8606    25053,7910 28889322    2,57%
  48196 20440    25238,9227  1607    25714,8606    25056,1914 28894301    2,56%
  48317 20479    25534,0631  2664    25714,8606    25058,5808 28955862    2,55%
  48418 20563        cutoff          25714,8606    25060,9136 29109996    2,54%
  48533 20465    25630,4740  2569    25714,8606    25062,8120 28912637    2,54%
Elapsed time = 14209,80 sec. (1678210,20 ticks, tree = 870,80 MB, solutions = 31)
  48670 20668    25354,4871  1663    25714,8606    25063,9273 29273697    2,53%
  48816 20527    25622,0051  1558    25714,8606    25065,3381 29027068    2,53%
  48915 20564    25547,4222  1812    25714,8606    25066,0795 29134056    2,52%
  49070 20495    25565,8040  1815    25714,8606    25066,0795 28986725    2,52%
  49199 20681    25536,9682  1491    25714,8606    25066,6577 29249835    2,52%
  49300 20534    25502,0507  2103    25714,8606    25069,7072 29096687    2,51%
  49432 20830        cutoff          25714,8606    25071,3846 29581863    2,50%
  49575 20910        cutoff          25714,8606    25071,6640 29682529    2,50%
  49677 20943    25662,5291  1642    25714,8606    25073,9582 29741635    2,49%
  49774 21021        cutoff          25714,8606    25074,8252 29848158    2,49%
Elapsed time = 14520,28 sec. (1716674,56 ticks, tree = 897,30 MB, solutions = 31)
  49916 20776    25297,7951  1623    25714,8606    25075,4150 29472377    2,49%
  50057 20962    25540,5867  1977    25714,8606    25075,7124 29757818    2,49%
  50191 20807    25510,3712  1479    25714,8606    25075,7124 29522364    2,49%
  50309 21197    25547,3689  1596    25714,8606    25076,3084 30071410    2,48%
  50408 20923        cutoff          25714,8606    25077,6432 29674868    2,48%
  50549 21220    25464,3978  2051    25714,8606    25080,9075 30127350    2,47%
  50669 21268        cutoff          25714,8606    25080,9075 30340267    2,47%
  50747 21209    25364,6729  1257    25714,8606    25084,4918 30093931    2,45%
  50861 21246    25683,8200  1253    25714,8606    25085,1966 30253958    2,45%
  50945 21278        cutoff          25714,8606    25085,1966 30359911    2,45%
Elapsed time = 14891,15 sec. (1755190,09 ticks, tree = 917,78 MB, solutions = 31)
  51023 21353    25620,7312  2250    25714,8606    25086,3088 30451361    2,44%
  51111 21387    25534,4413  1687    25714,8606    25086,8137 30508398    2,44%
  51216 21559    25663,5010  1611    25714,8606    25087,6893 30763932    2,44%
  51290 21476    25588,5496  1684    25714,8606    25089,7032 30671152    2,43%
  51357 21603    25505,8193  2046    25714,8606    25092,8547 30879863    2,42%
  51428 21609        cutoff          25714,8606    25094,2675 30826660    2,41%
  51503 21415    25611,4174  2139    25714,8606    25096,9584 30582474    2,40%
* 51551 21514      integral     0    25631,6762    25097,7031 30733392    2,08%
  51577 21481    25491,5122  1880    25631,6762    25097,7031 30685642    2,08%
  51660 21717    25402,5845  2105    25631,6762    25098,9608 31154761    2,08%
  51730 21725    25491,0628  1931    25631,6762    25101,7089 31157079    2,07%
Elapsed time = 15207,08 sec. (1793861,16 ticks, tree = 933,61 MB, solutions = 32)
  51815 17613        cutoff          25631,6762    25101,7089 31259497    2,07%
  51893 21661    25691,4104  1876    25631,6762    25101,7089 31015246    2,07%
* 51942+17597                        25623,4232    25102,8475             2,03%
  51982 21747        cutoff          25623,4232    25103,7333 31168201    2,03%
  52071 17621    25407,2699  1573    25623,4232    25105,9556 31197529    2,02%
  52194 21747    25365,1850  1802    25623,4232    25107,4050 31177141    2,01%
  52307 17177        cutoff          25623,4232    25109,8110 31409144    2,00%
  52443 17172        cutoff          25623,4232    25112,1447 31414991    2,00%
  52597 17179        cutoff          25623,4232    25114,7254 31457387    1,99%
  52752 17183        cutoff          25623,4232    25114,7254 31427089    1,99%
  52836 17182    25466,5310  1517    25623,4232    25115,9150 31433052    1,98%
Elapsed time = 15525,32 sec. (1832247,10 ticks, tree = 726,37 MB, solutions = 33)
  52950 17169    25499,9019  1625    25623,4232    25115,9150 31343654    1,98%
  53050 17163        cutoff          25623,4232    25115,9150 31513540    1,98%
  53177 17182    25388,1317  1400    25623,4232    25118,9097 31520209    1,97%
  53310 17336        cutoff          25623,4232    25122,9303 32005430    1,95%
  53463 17315    25269,6715  1074    25623,4232    25123,8868 31796787    1,95%
  53583 17327    25605,1727  1426    25623,4232    25128,5125 31803818    1,93%
  53692 17385    25607,7836  1572    25623,4232    25128,5125 32261007    1,93%
  53812 17381    25404,2177  1646    25623,4232    25132,8586 32170983    1,91%
  53934 17361    25572,7888  1116    25623,4232    25132,8586 31980852    1,91%
  54072 17398    25350,2970  1823    25623,4232    25132,8586 32277982    1,91%
Elapsed time = 15805,31 sec. (1870560,02 ticks, tree = 742,84 MB, solutions = 33)
  54220 17427        cutoff          25623,4232    25133,7313 32418904    1,91%
  54324 17388        cutoff          25623,4232    25133,7313 32194873    1,91%
  54431 17438        cutoff          25623,4232    25137,4534 32338156    1,90%
  54548 17523    25486,4156  1876    25623,4232    25139,4247 32592724    1,89%
  54677 17398    25557,5902  1408    25623,4232    25139,7581 32212061    1,89%
  54766 17489    25416,9540  1224    25623,4232    25142,8553 32553755    1,88%
  54883 17617        cutoff          25623,4232    25143,2931 32885177    1,87%
  55007 17490    25606,8881  1591    25623,4232    25143,7640 32566706    1,87%
  55104 17579        cutoff          25623,4232    25143,7640 32838123    1,87%
  55205 17652        cutoff          25623,4232    25144,4277 33108122    1,87%
Elapsed time = 16131,01 sec. (1908884,07 ticks, tree = 751,18 MB, solutions = 33)
  55318 17587    25465,2568  1883    25623,4232    25144,4277 32849983    1,87%
  55401 17639    25318,2796  1826    25623,4232    25144,4277 33201928    1,87%
  55509 17661    25451,3415  1401    25623,4232    25147,1624 33031785    1,86%
  55603 17591        cutoff          25623,4232    25147,1624 32765189    1,86%
  55672 17691    25614,1592  2255    25623,4232    25150,2681 33327262    1,85%
  55756 17745        cutoff          25623,4232    25153,5452 33483924    1,83%
  55855 17671    25325,2426  2204    25623,4232    25154,7551 33276828    1,83%
  55941 17746        cutoff          25623,4232    25154,7551 33491236    1,83%
  56037 17742    25551,0646  1959    25623,4232    25154,7551 33709149    1,83%
  56129 17634    25449,8822  1992    25623,4232    25155,4533 33234940    1,83%
Elapsed time = 16474,80 sec. (1947446,57 ticks, tree = 749,87 MB, solutions = 33)
  56196 17733    25573,8662  1888    25623,4232    25158,2228 33554305    1,82%
  56286 17711    25551,5616  2316    25623,4232    25158,2228 33863747    1,82%
  56389 17769    25534,2752  1688    25623,4232    25161,2433 33622148    1,80%
  56474 17731    25551,3393  1600    25623,4232    25162,1279 33840555    1,80%
  56546 17731        cutoff          25623,4232    25164,5191 33843935    1,79%
  56636 17761    25434,9202  2177    25623,4232    25166,9892 33684623    1,78%
  56701 17718    25495,1875  2097    25623,4232    25168,5882 33997065    1,78%
  56787 17704    25417,0354  1603    25623,4232    25169,9033 34186764    1,77%
  56871 17692        cutoff          25623,4232    25169,9033 34155817    1,77%
  56969 17695    25524,7913  1939    25623,4232    25169,9033 34161188    1,77%
Elapsed time = 16853,28 sec. (1986426,97 ticks, tree = 747,92 MB, solutions = 33)
  57055 17694    25511,4889  1474    25623,4232    25173,9358 34166561    1,75%
  57153 17728        cutoff          25623,4232    25175,3222 34268744    1,75%
  57252 17710    25608,3249  1806    25623,4232    25179,3188 34055435    1,73%

Zero-half cuts applied:  1356
Lift and project cuts applied:  1
Gomory fractional cuts applied:  2

Root node processing (before b&c):
  Real time             =   26,42 sec. (12063,06 ticks)
Parallel b&c, 12 threads:
  Real time             = 16913,42 sec. (1988269,11 ticks)
  Sync time (average)   = 2009,11 sec.
  Wait time (average)   =    0,04 sec.
                          ------------
Total (root+branch&cut) = 16939,84 sec. (2000332,18 ticks)

