
Version identifier: 22.1.1.0 | 2022-11-28 | 9160aff4d
CPXPARAM_MultiObjective_Display                  0
CPXPARAM_TimeLimit                               2000000
CPXPARAM_WorkMem                                 8192
CPXPARAM_DetTimeLimit                            2000000
Tried aggregator 3 times.
MIP Presolve eliminated 132595 rows and 1111565 columns.
Aggregator did 561 substitutions.
Reduced MIP has 2094 rows, 5916 columns, and 13844 nonzeros.
Reduced MIP has 5887 binaries, 29 generals, 0 SOSs, and 0 indicators.
Presolve time = 0,88 sec. (604,36 ticks)
Found incumbent of value 211246,764361 after 1,01 sec. (688,04 ticks)
Probing time = 0,01 sec. (5,30 ticks)
Tried aggregator 2 times.
Detecting symmetries...
MIP Presolve modified 4 coefficients.
Aggregator did 15 substitutions.
Reduced MIP has 2079 rows, 5901 columns, and 13814 nonzeros.
Reduced MIP has 5886 binaries, 15 generals, 0 SOSs, and 0 indicators.
Presolve time = 0,02 sec. (13,89 ticks)
Probing time = 0,02 sec. (5,24 ticks)
Clique table members: 8492.
MIP emphasis: balance optimality and feasibility.
MIP search method: dynamic search.
Parallel mode: deterministic, using up to 12 threads.
Root relaxation solution time = 0,13 sec. (70,41 ticks)

        Nodes                                         Cuts/
   Node  Left     Objective  IInf  Best Integer    Best Bound    ItCnt     Gap

*     0+    0                       211246,7644  -641988,9513           403,90%
*     0+    0                       177040,6184  -641988,9513           462,62%
*     0+    0                       177024,4724  -641988,9513           462,66%
*     0+    0                       177008,3264  -641988,9513           462,69%
*     0+    0                       176992,1804  -641988,9513           462,72%
      0     0    70434,2723   107   176992,1804    70434,2723     2712   60,20%
*     0+    0                        70439,9525    70434,2723             0,01%
      0     0        cutoff          70439,9525    70434,2723     2725    0,01%
Elapsed time = 1,54 sec. (1024,15 ticks, tree = 0,01 MB, solutions = 6)

Zero-half cuts applied:  5
Lift and project cuts applied:  1
Gomory fractional cuts applied:  1

Root node processing (before b&c):
  Real time             =    1,63 sec. (1091,42 ticks)
Parallel b&c, 12 threads:
  Real time             =    0,00 sec. (0,00 ticks)
  Sync time (average)   =    0,00 sec.
  Wait time (average)   =    0,00 sec.
                          ------------
Total (root+branch&cut) =    1,63 sec. (1091,42 ticks)

