
Version identifier: 22.1.1.0 | 2022-11-28 | 9160aff4d
CPXPARAM_MultiObjective_Display                  0
CPXPARAM_TimeLimit                               2000000
CPXPARAM_WorkMem                                 8192
CPXPARAM_DetTimeLimit                            2000000
Tried aggregator 4 times.
MIP Presolve eliminated 122412 rows and 1106860 columns.
MIP Presolve modified 40 coefficients.
Aggregator did 551 substitutions.
Reduced MIP has 1745 rows, 4741 columns, and 11104 nonzeros.
Reduced MIP has 4717 binaries, 24 generals, 0 SOSs, and 0 indicators.
Presolve time = 1,05 sec. (699,21 ticks)
Found incumbent of value 204602,984200 after 1,17 sec. (779,22 ticks)
Probing time = 0,02 sec. (7,07 ticks)
Tried aggregator 2 times.
Detecting symmetries...
MIP Presolve eliminated 2 rows and 1 columns.
Aggregator did 15 substitutions.
Reduced MIP has 1728 rows, 4725 columns, and 11068 nonzeros.
Reduced MIP has 4712 binaries, 13 generals, 0 SOSs, and 0 indicators.
Presolve time = 0,02 sec. (14,56 ticks)
Probing time = 0,01 sec. (4,81 ticks)
Clique table members: 6867.
MIP emphasis: balance optimality and feasibility.
MIP search method: dynamic search.
Parallel mode: deterministic, using up to 12 threads.
Root relaxation solution time = 0,04 sec. (28,07 ticks)

        Nodes                                         Cuts/
   Node  Left     Objective  IInf  Best Integer    Best Bound    ItCnt     Gap

*     0+    0                       204602,9842  -572764,9403           379,94%
*     0     0      integral     0    86451,0224    86451,0224     1990    0,00%
Elapsed time = 1,42 sec. (919,98 ticks, tree = 0,00 MB, solutions = 2)

Root node processing (before b&c):
  Real time             =    1,56 sec. (957,18 ticks)
Parallel b&c, 12 threads:
  Real time             =    0,00 sec. (0,00 ticks)
  Sync time (average)   =    0,00 sec.
  Wait time (average)   =    0,00 sec.
                          ------------
Total (root+branch&cut) =    1,56 sec. (957,18 ticks)

