
Version identifier: 22.1.1.0 | 2022-11-28 | 9160aff4d
CPXPARAM_MultiObjective_Display                  0
CPXPARAM_WorkMem                                 8192
CPXPARAM_DetTimeLimit                            2000000
Tried aggregator 3 times.
MIP Presolve eliminated 21730 rows and 128235 columns.
Aggregator did 303 substitutions.
Reduced MIP has 1429 rows, 4818 columns, and 11013 nonzeros.
Reduced MIP has 4804 binaries, 14 generals, 0 SOSs, and 0 indicators.
Presolve time = 0,11 sec. (81,54 ticks)
Found incumbent of value 108164,880000 after 0,13 sec. (102,32 ticks)
Probing time = 0,01 sec. (4,71 ticks)
Tried aggregator 2 times.
Detecting symmetries...
Aggregator did 7 substitutions.
Reduced MIP has 1422 rows, 4811 columns, and 10999 nonzeros.
Reduced MIP has 4804 binaries, 7 generals, 0 SOSs, and 0 indicators.
Presolve time = 0,01 sec. (10,83 ticks)
Probing time = 0,01 sec. (4,66 ticks)
Clique table members: 6563.
MIP emphasis: balance optimality and feasibility.
MIP search method: dynamic search.
Parallel mode: deterministic, using up to 12 threads.
Root relaxation solution time = 0,12 sec. (101,52 ticks)

        Nodes                                         Cuts/
   Node  Left     Objective  IInf  Best Integer    Best Bound    ItCnt     Gap

*     0+    0                       108164,8800  -414857,0000           483,54%
*     0+    0                        92463,2300  -414857,0000           548,67%
*     0+    0                        92456,5610  -414857,0000           548,70%
*     0+    0                        92449,8920  -414857,0000           548,74%
*     0+    0                        92443,2230  -414857,0000           548,77%
*     0+    0                        92436,5540  -414857,0000           548,80%
*     0+    0                        92429,8850  -414857,0000           548,83%
*     0+    0                        92423,2160  -414857,0000           548,87%
*     0+    0                        92416,5470  -414857,0000           548,90%
*     0+    0                        92409,8780  -414857,0000           548,93%
*     0     0      integral     0    11844,5800    11844,5800     2591    0,00%
Elapsed time = 0,33 sec. (254,08 ticks, tree = 0,00 MB, solutions = 11)

Root node processing (before b&c):
  Real time             =    0,34 sec. (266,62 ticks)
Parallel b&c, 12 threads:
  Real time             =    0,00 sec. (0,00 ticks)
  Sync time (average)   =    0,00 sec.
  Wait time (average)   =    0,00 sec.
                          ------------
Total (root+branch&cut) =    0,34 sec. (266,62 ticks)

