
Version identifier: 22.1.1.0 | 2022-11-28 | 9160aff4d
CPXPARAM_MultiObjective_Display                  0
CPXPARAM_TimeLimit                               2000000
CPXPARAM_WorkMem                                 8192
CPXPARAM_DetTimeLimit                            2000000
Tried aggregator 3 times.
MIP Presolve eliminated 124928 rows and 1101205 columns.
Aggregator did 1121 substitutions.
Reduced MIP has 4253 rows, 18006 columns, and 40349 nonzeros.
Reduced MIP has 17974 binaries, 32 generals, 0 SOSs, and 0 indicators.
Presolve time = 0,91 sec. (626,48 ticks)
Found incumbent of value 188832,478678 after 1,06 sec. (736,73 ticks)
Probing time = 0,02 sec. (9,13 ticks)
Tried aggregator 2 times.
Detecting symmetries...
Aggregator did 16 substitutions.
Reduced MIP has 4237 rows, 17990 columns, and 40317 nonzeros.
Reduced MIP has 17974 binaries, 16 generals, 0 SOSs, and 0 indicators.
Presolve time = 0,04 sec. (38,44 ticks)
Probing time = 0,04 sec. (8,92 ticks)
Clique table members: 23166.
MIP emphasis: balance optimality and feasibility.
MIP search method: dynamic search.
Parallel mode: deterministic, using up to 12 threads.
Root relaxation solution time = 0,53 sec. (282,70 ticks)

        Nodes                                         Cuts/
   Node  Left     Objective  IInf  Best Integer    Best Bound    ItCnt     Gap

*     0+    0                       188832,4787 -1432401,0000           858,56%
*     0+    0                       166418,2267 -1432401,0000           960,72%
*     0+    0                       166399,9747 -1432401,0000           960,82%
*     0+    0                       166381,7227 -1432401,0000           960,91%
*     0+    0                       166363,4707 -1432401,0000           961,01%
*     0+    0                       166345,2187 -1432401,0000           961,10%
*     0+    0                       166326,9667 -1432401,0000           961,20%
*     0+    0                       166308,7147 -1432401,0000           961,29%
*     0+    0                       166290,4627 -1432401,0000           961,38%
*     0+    0                       166272,2107 -1432401,0000           961,48%
      0     0    38867,9277   903   166272,2107    38867,9277       31   76,62%
*     0+    0                        78955,1217    38867,9277            50,77%
*     0+    0                        47310,9375    38867,9277            17,85%
      0     0    39065,5698  1061    47310,9375      Cuts: 36      368   17,43%
*     0+    0                        43536,1961    39065,5698            10,27%
      0     0    39231,3526  1123    43536,1961      Cuts: 37      673    9,89%
      0     0    39284,0744  1068    43536,1961  ZeroHalf: 14      963    9,77%
*     0+    0                        42517,9768    39284,0744             7,61%
      0     0  -1,00000e+75     0    42517,9768    39284,0744      963    7,61%
*     0+    0                        39970,0826    39284,0744             1,72%
      0     0    39341,0052  1133    39970,0826  ZeroHalf: 36     1372    1,57%
*     0+    0                        39874,8478    39341,0052             1,34%
*     0+    0                        39849,0976    39341,0052             1,28%
      0     0  -1,00000e+75     0    39849,0976    39341,0052     1372    1,28%
Detecting symmetries...

Repeating presolve.
Tried aggregator 4 times.
MIP Presolve eliminated 1208 rows and 9836 columns.
Aggregator did 380 substitutions.
Reduced MIP has 2649 rows, 7774 columns, and 18768 nonzeros.
Reduced MIP has 7760 binaries, 14 generals, 0 SOSs, and 0 indicators.
Presolve time = 0,03 sec. (28,68 ticks)
Probing time = 0,01 sec. (5,40 ticks)
Tried aggregator 1 time.
Detecting symmetries...
Reduced MIP has 2649 rows, 7774 columns, and 18768 nonzeros.
Reduced MIP has 7760 binaries, 14 generals, 0 SOSs, and 0 indicators.
Presolve time = 0,02 sec. (14,12 ticks)
Represolve time = 0,74 sec. (763,82 ticks)
Probing time = 0,01 sec. (5,33 ticks)
Clique table members: 11072.
MIP emphasis: balance optimality and feasibility.
MIP search method: dynamic search.
Parallel mode: deterministic, using up to 12 threads.
Root relaxation solution time = 0,28 sec. (191,49 ticks)

        Nodes                                         Cuts/
   Node  Left     Objective  IInf  Best Integer    Best Bound    ItCnt     Gap

*     0+    0                        39849,0976    39341,0052             1,28%
      0     0    39341,0052  1024    39849,0976    39341,0052     1405    1,28%
*     0+    0                        39825,6497    39341,0052             1,22%
      0     0    39404,3280  1018    39825,6497      Cuts: 23     1859    1,06%
*     0+    0                        39761,5119    39404,3280             0,90%
      0     0    39414,2372  1149    39761,5119   ZeroHalf: 9     2022    0,87%
      0     0    39418,7276  1130    39761,5119       Cuts: 4     2103    0,86%
      0     0    39425,3258  1139    39761,5119   ZeroHalf: 6     2213    0,85%
      0     0    39429,2972  1138    39761,5119   ZeroHalf: 4     2276    0,84%
Detecting symmetries...
      0     0    39431,1548  1180    39761,5119   ZeroHalf: 3     2337    0,83%
      0     0    39436,9968  1135    39761,5119   ZeroHalf: 2     2469    0,82%
      0     0    39436,9968  1135    39761,5119   ZeroHalf: 3     2473    0,82%
Detecting symmetries...
      0     2    39436,9968  1135    39761,5119    39436,9968     2473    0,82%
Elapsed time = 9,08 sec. (5305,46 ticks, tree = 0,02 MB, solutions = 19)
     13    10        cutoff          39761,5119    39486,6372     5207    0,69%
     92    48        cutoff          39761,5119    39500,6920    20026    0,66%
    262    83    39635,6479   202    39761,5119    39557,3296    39570    0,51%
    507   110    39729,6069   552    39761,5119    39638,2088    61879    0,31%

Zero-half cuts applied:  54
Lift and project cuts applied:  2
Gomory fractional cuts applied:  4

Root node processing (before b&c):
  Real time             =    8,28 sec. (5423,96 ticks)
Parallel b&c, 12 threads:
  Real time             =    4,25 sec. (1187,28 ticks)
  Sync time (average)   =    1,06 sec.
  Wait time (average)   =    0,00 sec.
                          ------------
Total (root+branch&cut) =   12,54 sec. (6611,24 ticks)

