
Version identifier: 22.1.1.0 | 2022-11-28 | 9160aff4d
CPXPARAM_MultiObjective_Display                  0
CPXPARAM_TimeLimit                               2000000
CPXPARAM_WorkMem                                 8192
CPXPARAM_DetTimeLimit                            2000000
Tried aggregator 3 times.
MIP Presolve eliminated 108286 rows and 1078595 columns.
Aggregator did 1257 substitutions.
Reduced MIP has 5562 rows, 30010 columns, and 65801 nonzeros.
Reduced MIP has 29979 binaries, 31 generals, 0 SOSs, and 0 indicators.
Presolve time = 0,83 sec. (596,33 ticks)
Found incumbent of value 194894,195393 after 0,99 sec. (731,62 ticks)
Tried aggregator 2 times.
Detecting symmetries...
Aggregator did 15 substitutions.
Reduced MIP has 5547 rows, 29995 columns, and 65771 nonzeros.
Reduced MIP has 29979 binaries, 16 generals, 0 SOSs, and 0 indicators.
Presolve time = 0,06 sec. (60,94 ticks)
Probing time = 0,06 sec. (13,32 ticks)
Clique table members: 36676.
MIP emphasis: balance optimality and feasibility.
MIP search method: dynamic search.
Parallel mode: deterministic, using up to 12 threads.
Root relaxation solution time = 0,89 sec. (560,38 ticks)

        Nodes                                         Cuts/
   Node  Left     Objective  IInf  Best Integer    Best Bound    ItCnt     Gap

*     0+    0                       194894,1954 -1865400,0000              --- 
*     0+    0                       175209,6834 -1865400,0000              --- 
*     0+    0                       175191,4314 -1865400,0000              --- 
*     0+    0                       175173,1794 -1865400,0000              --- 
*     0+    0                       175154,9274 -1865400,0000              --- 
*     0+    0                       175137,7554 -1865400,0000              --- 
*     0+    0                       175120,9074 -1865400,0000              --- 
*     0+    0                       175104,0594 -1865400,0000              --- 
*     0+    0                       175087,2114 -1865400,0000              --- 
*     0+    0                       175070,3634 -1865400,0000              --- 
      0     0    24075,7188  2146   175070,3634    24075,7188       41   86,25%
*     0+    0                       126199,6109    24075,7188            80,92%
      0     0    24130,5077  2257   126199,6109  ZeroHalf: 26      676   80,88%
      0     0    24186,6649  2163   126199,6109      Cuts: 31     1406   80,83%
*     0+    0                        45802,8290    24186,6649            47,19%
      0     0    24216,1650  2286    45802,8290  ZeroHalf: 23     2234   47,13%
*     0+    0                        37351,6381    24216,1650            35,17%
      0     0  -1,00000e+75     0    37351,6381    24216,1650     2234   35,17%
      0     0    24227,1900  2252    37351,6381   ZeroHalf: 8     2659   35,14%
      0     0    24244,1755  2280    37351,6381   ZeroHalf: 6     3131   35,09%
Detecting symmetries...
      0     0    24252,5473  2299    37351,6381   ZeroHalf: 6     3391   35,07%
*     0+    0                        26404,5329    24252,5473             8,15%
Detecting symmetries...
      0     2    24252,5473  2299    26404,5329    24252,5473     3391    8,15%
Elapsed time = 25,53 sec. (13015,36 ticks, tree = 0,02 MB, solutions = 14)
      1     3    24290,5441  2074    26404,5329    24252,6282     4517    8,15%
      3     4    24311,0343  2168    26404,5329    24252,6282     5266    8,15%
      5     5    24384,5201  2054    26404,5329    24290,5780     7069    8,01%
      9     8    24403,5524  1937    26404,5329    24290,5780     9170    8,01%
     13    10    24387,6503  2123    26404,5329    24311,1612    14593    7,93%
     17     9    24410,5582  1835    26404,5329    24311,1612    12151    7,93%
     22    15    24435,9527  1728    26404,5329    24366,1108    19042    7,72%
     25    16    24430,6810  1877    26404,5329    24366,1108    25620    7,72%
     29    20    24435,8520  1409    26404,5329    24372,2193    39047    7,70%
     37    28    24514,3345  1481    26404,5329    24387,4578    62881    7,64%
Elapsed time = 50,89 sec. (18183,61 ticks, tree = 0,15 MB, solutions = 14)
     50    45    24559,3942  1733    26404,5329    24387,4578   157589    7,64%
     62    47    24555,1676  1115    26404,5329    24387,4578   160817    7,64%
     99    61    24581,9899  1326    26404,5329    24387,4578   180120    7,64%
*   113    97      integral     0    24682,3681    24387,4578   210538    1,19%
    141    91    24765,0480  1441    24682,3681    24387,4578   207347    1,19%
    172    96        cutoff          24682,3681    24387,8061   235331    1,19%
    213   102    24504,1849  1889    24682,3681    24387,8061   241811    1,19%
    279   126        cutoff          24682,3681    24409,5348   278056    1,11%
    348   141    24596,5942  1307    24682,3681    24456,4218   291637    0,92%
    409   163    24660,8983  1148    24682,3681    24456,4218   315631    0,92%
Elapsed time = 112,23 sec. (27576,91 ticks, tree = 3,63 MB, solutions = 20)
    482   223    24520,1593  1327    24682,3681    24460,8123   363218    0,90%
    553   227    24676,4299  1759    24682,3681    24460,8123   368897    0,90%
    627   248    24577,6326  1222    24682,3681    24501,4275   395103    0,73%
    707   265    24607,1206  1172    24682,3681    24516,8639   422105    0,67%
    793   290        cutoff          24682,3681    24522,6981   470959    0,65%
*   797+  278                        24649,7219    24522,6981             0,52%
    870   300        cutoff          24649,7219    24524,0771   505682    0,51%
    947   305    24628,8208  1549    24649,7219    24535,5918   518893    0,46%
   1028   311        cutoff          24649,7219    24537,9832   552475    0,45%
   1110   310    24603,6618  1429    24649,7219    24547,7662   550019    0,41%
   1199   308        cutoff          24649,7219    24552,6327   580306    0,39%
Elapsed time = 179,44 sec. (37333,50 ticks, tree = 3,66 MB, solutions = 21)
   1281   293        cutoff          24649,7219    24558,6746   652170    0,37%
   1382   263    24638,4386  1265    24649,7219    24566,0638   687798    0,34%
   1498   231    24648,9265  1413    24649,7219    24587,5961   718447    0,25%
   1615   166    24637,7903  1068    24649,7219    24604,9326   749050    0,18%

Zero-half cuts applied:  43
Gomory fractional cuts applied:  1

Root node processing (before b&c):
  Real time             =   24,15 sec. (13030,82 ticks)
Parallel b&c, 12 threads:
  Real time             =  179,20 sec. (29199,09 ticks)
  Sync time (average)   =   18,58 sec.
  Wait time (average)   =    0,00 sec.
                          ------------
Total (root+branch&cut) =  203,35 sec. (42229,92 ticks)

