
Version identifier: 22.1.1.0 | 2022-11-28 | 9160aff4d
CPXPARAM_MultiObjective_Display                  0
CPXPARAM_WorkMem                                 8192
CPXPARAM_DetTimeLimit                            2000000
Found incumbent of value 126000,000000 after 0,01 sec. (6,53 ticks)
Tried aggregator 3 times.
MIP Presolve eliminated 22204 rows and 125696 columns.
Aggregator did 343 substitutions.
Reduced MIP has 2024 rows, 7467 columns, and 16896 nonzeros.
Reduced MIP has 7451 binaries, 16 generals, 0 SOSs, and 0 indicators.
Presolve time = 0,11 sec. (83,15 ticks)
Probing time = 0,01 sec. (5,78 ticks)
Tried aggregator 2 times.
Detecting symmetries...
Aggregator did 8 substitutions.
Reduced MIP has 2016 rows, 7459 columns, and 16880 nonzeros.
Reduced MIP has 7451 binaries, 8 generals, 0 SOSs, and 0 indicators.
Presolve time = 0,02 sec. (16,54 ticks)
Probing time = 0,01 sec. (5,70 ticks)
Clique table members: 9907.
MIP emphasis: balance optimality and feasibility.
MIP search method: dynamic search.
Parallel mode: deterministic, using up to 12 threads.
Root relaxation solution time = 0,22 sec. (176,51 ticks)

        Nodes                                         Cuts/
   Node  Left     Objective  IInf  Best Integer    Best Bound    ItCnt     Gap

*     0+    0                       126000,0000  -595171,0000           572,36%
*     0+    0                       111411,0000  -595171,0000           634,21%
      0     0     6948,1710  1168   111411,0000     6948,1710       31   93,76%
      0     0     6985,6362  1195   111411,0000      Cuts: 30      547   93,73%
*     0+    0                        62176,9540     6985,6362            88,76%
      0     0     6997,6992  1236    62176,9540  ZeroHalf: 40      869   88,75%
*     0+    0                        27492,4490     6997,6992            74,55%
      0     0     7006,2928  1275    27492,4490  ZeroHalf: 17     1187   74,52%
*     0+    0                        25536,2900     7006,2928            72,56%
*     0+    0                        22516,0000     7006,2928            68,88%
      0     0  -1,00000e+75     0    22516,0000     7006,2928     1187   68,88%
      0     0     7014,1858  1293    22516,0000  ZeroHalf: 16     1481   68,85%
      0     0     7021,4593  1293    22516,0000  ZeroHalf: 16     1769   68,82%
Detecting symmetries...
      0     0     7025,5564  1296    22516,0000  ZeroHalf: 11     2003   68,80%
      0     0     7026,4215  1320    22516,0000   ZeroHalf: 8     2111   68,79%
      0     0     7028,6607  1351    22516,0000   ZeroHalf: 8     2323   68,78%
      0     0     7028,7118  1362    22516,0000   ZeroHalf: 5     2349   68,78%
*     0+    0                        11214,3000     7028,7118            37,32%
      0     0     7030,9023  1384    11214,3000   ZeroHalf: 8     2507   37,30%
      0     0     7032,1731  1372    11214,3000  ZeroHalf: 10     2664   37,29%
*     0+    0                         8459,0100     7032,1731            16,87%
      0     0     7034,7181  1412     8459,0100   ZeroHalf: 5     2844   16,84%
      0     0     7041,6798  1390     8459,0100  ZeroHalf: 12     3113   16,76%
*     0+    0                         8401,7400     7041,6798            16,19%
      0     0     7045,7759  1396     8401,7400   ZeroHalf: 6     3401   16,14%
      0     0     7046,7113  1469     8401,7400   ZeroHalf: 6     3527   16,13%
*     0+    0                         8376,1600     7046,7113            15,87%
Detecting symmetries...
      0     2     7046,7113  1468     8376,1600     7046,7113     3527   15,87%
Elapsed time = 9,21 sec. (4995,01 ticks, tree = 0,02 MB, solutions = 9)
      4     4     7099,5339  1197     8376,1600     7046,7228     4991   15,87%
     24    19     7163,5298   997     8376,1600     7065,5461    14230   15,65%
     75    37     7192,8124   921     8376,1600     7085,9279    22596   15,40%
*   149   126      integral     0     8306,3100     7085,9279    53775   14,69%
    153   129     7955,5025   379     8306,3100     7085,9279    55203   14,69%
*   159   128      integral     0     8217,7300     7085,9279    55448   13,77%
    219   148     7661,1750   563     8217,7300     7085,9279    65816   13,77%
    324   183     7888,6725   379     8217,7300     7085,9279    87588   13,77%
    388   201     8002,0236   846     8217,7300     7092,8725    98472   13,69%
    434   258     7741,9578   704     8217,7300     7138,2747   124596   13,14%
    521   305     8117,5387   618     8217,7300     7138,2747   145726   13,14%
    815   508     7177,3039  1074     8217,7300     7154,9178   231568   12,93%
Elapsed time = 16,64 sec. (8152,66 ticks, tree = 1,82 MB, solutions = 12)
   1168   742     8015,4746   666     8217,7300     7177,8009   316565   12,65%
   1475   983        cutoff           8217,7300     7194,9356   414070   12,45%
   1821  1094     8159,4794   710     8217,7300     7220,4026   470173   12,14%
   2153  1300     8104,2440   782     8217,7300     7246,3002   580288   11,82%
   2496  1463     8163,0502   712     8217,7300     7262,9738   667654   11,62%
   2881  1612        cutoff           8217,7300     7307,1441   753892   11,08%
   3356  1714        cutoff           8217,7300     7349,9169   889894   10,56%
   3898  1772     7760,9957   708     8217,7300     7487,1153   989303    8,89%
   4448  1967     7817,8639   627     8217,7300     7692,5750  1067152    6,39%
   5032  2435        cutoff           8217,7300     7720,7744  1228072    6,05%
Elapsed time = 41,60 sec. (17703,08 ticks, tree = 10,96 MB, solutions = 12)
   5691  2656     7962,4875   461     8217,7300     7735,7358  1294051    5,87%

Performing restart 1

Repeating presolve.
Tried aggregator 1 time.
MIP Presolve eliminated 81 rows and 754 columns.
Reduced MIP has 1935 rows, 6705 columns, and 15298 nonzeros.
Reduced MIP has 6697 binaries, 8 generals, 0 SOSs, and 0 indicators.
Presolve time = 0,01 sec. (9,83 ticks)
Tried aggregator 1 time.
Reduced MIP has 1935 rows, 6705 columns, and 15298 nonzeros.
Reduced MIP has 6697 binaries, 8 generals, 0 SOSs, and 0 indicators.
Presolve time = 0,01 sec. (12,06 ticks)
Represolve time = 0,34 sec. (174,66 ticks)
   5924     0     7049,6537  1440     8217,7300   ZeroHalf: 5  1401927    5,75%
   5924     0     7050,7817  1412     8217,7300   ZeroHalf: 8  1402115    5,75%
   5924     0     7055,0546  1432     8217,7300  ZeroHalf: 12  1402514    5,75%
   5924     0     7057,5825  1415     8217,7300  ZeroHalf: 17  1402790    5,75%
   5924     0     7062,5275  1344     8217,7300   ZeroHalf: 6  1403219    5,75%
   5924     0     7063,2631  1372     8217,7300  ZeroHalf: 12  1403390    5,75%
   5924     0     7063,6258  1408     8217,7300   ZeroHalf: 9  1403514    5,75%
   5924     0     7063,8743  1429     8217,7300   ZeroHalf: 1  1403616    5,75%
   5924     2     7063,8743  1427     8217,7300     7745,0058  1403616    5,75%
   5943     7     7968,6307   989     8217,7300     7745,0058  1406613    5,75%
   6161   115     8073,4212   699     8217,7300     7745,0058  1439695    5,75%
   6617   384     8140,8106   657     8217,7300     7745,0058  1498376    5,75%
   6941   532     7640,2280  1160     8217,7300     7745,0058  1533417    5,75%
   7252   712     7626,1441  1020     8217,7300     7745,0058  1590842    5,75%
   7575   945     7397,1778   864     8217,7300     7745,0058  1648523    5,75%
   7864  1131     8177,4702  1003     8217,7300     7745,0058  1697627    5,75%
   8165  1241     7967,6480  1014     8217,7300     7745,0058  1767239    5,75%
Elapsed time = 74,78 sec. (33688,48 ticks, tree = 11,23 MB, solutions = 12)
   8608  1384     8129,5885   852     8217,7300     7745,0058  1825371    5,75%
   8951  1587        cutoff           8217,7300     7745,0058  1894164    5,75%
   9361  1745        cutoff           8217,7300     7745,0058  1940007    5,75%
   9856  1928     8160,1492   861     8217,7300     7745,0058  2000994    5,75%
  10258  2109     8155,6067   964     8217,7300     7984,8059  2050977    2,83%
  10731  2360     8145,2537   850     8217,7300     8001,2262  2136642    2,63%
  11038  2543     8213,1482   912     8217,7300     8015,8427  2197053    2,46%
  11482  2726     8162,5205   868     8217,7300     8028,2721  2253179    2,31%
  11996  2947        cutoff           8217,7300     8035,9293  2332943    2,21%
  12458  3110     8183,6441   756     8217,7300     8043,3499  2381358    2,12%
Elapsed time = 102,24 sec. (43237,68 ticks, tree = 33,64 MB, solutions = 12)
  12954  3245     8115,6166   723     8217,7300     8051,3319  2432995    2,02%
  13428  3409     8208,9306   477     8217,7300     8056,2531  2486315    1,96%
  13786  3591     8120,4658   640     8217,7300     8062,1084  2572874    1,89%
  14320  3684     8184,9618   834     8217,7300     8067,1707  2624454    1,83%
  14849  3824     8208,7757   874     8217,7300     8072,2561  2697307    1,77%
  15205  3945        cutoff           8217,7300     8079,9176  2759460    1,68%
  15664  4000        cutoff           8217,7300     8086,6792  2807522    1,59%
  16164  4142        cutoff           8217,7300     8092,0188  2891350    1,53%
  16661  4170        cutoff           8217,7300     8098,1840  2983381    1,45%
  17245  4173        cutoff           8217,7300     8103,4756  3015374    1,39%
Elapsed time = 130,09 sec. (52796,25 ticks, tree = 44,84 MB, solutions = 12)
  17717  4258        cutoff           8217,7300     8109,5154  3066161    1,32%
  18129  4320     8163,1145   749     8217,7300     8114,6778  3139358    1,25%
  18739  4372     8204,0722   790     8217,7300     8118,1428  3209029    1,21%
  19326  4382        cutoff           8217,7300     8123,6852  3261055    1,14%
  19976  4427     8202,0600   593     8217,7300     8128,8125  3358716    1,08%
  20570  4367        cutoff           8217,7300     8135,0233  3420462    1,01%
  21087  4265        cutoff           8217,7300     8139,9547  3471625    0,95%
  21712  4196        cutoff           8217,7300     8146,0446  3535145    0,87%
  22407  3951        cutoff           8217,7300     8152,7439  3606832    0,79%
  23164  3582     8181,8046   767     8217,7300     8156,8824  3705497    0,74%
Elapsed time = 158,41 sec. (62351,37 ticks, tree = 36,98 MB, solutions = 12)
  23942  3232        cutoff           8217,7300     8167,3268  3777665    0,61%
  24779  2622        cutoff           8217,7300     8176,0185  3866433    0,51%
  25830  1976        cutoff           8217,7300     8185,4144  3928104    0,39%
  27429   577        cutoff           8217,7300     8202,8378  4007987    0,18%

Zero-half cuts applied:  114
Lift and project cuts applied:  1
Gomory fractional cuts applied:  2

Root node processing (before b&c):
  Real time             =    8,87 sec. (4953,82 ticks)
Parallel b&c, 12 threads:
  Real time             =  162,08 sec. (61379,41 ticks)
  Sync time (average)   =   26,60 sec.
  Wait time (average)   =    0,01 sec.
                          ------------
Total (root+branch&cut) =  170,95 sec. (66333,23 ticks)

