
Version identifier: 22.1.1.0 | 2022-11-28 | 9160aff4d
CPXPARAM_MultiObjective_Display                  0
CPXPARAM_WorkMem                                 8192
CPXPARAM_DetTimeLimit                            2000000
Tried aggregator 3 times.
MIP Presolve eliminated 21511 rows and 126316 columns.
Aggregator did 365 substitutions.
Reduced MIP has 1429 rows, 4975 columns, and 11372 nonzeros.
Reduced MIP has 4959 binaries, 16 generals, 0 SOSs, and 0 indicators.
Presolve time = 0,11 sec. (83,64 ticks)
Found incumbent of value 96760,860000 after 0,13 sec. (104,37 ticks)
Probing time = 0,01 sec. (6,80 ticks)
Tried aggregator 2 times.
Detecting symmetries...
MIP Presolve eliminated 1 rows and 1 columns.
Aggregator did 8 substitutions.
Reduced MIP has 1420 rows, 4966 columns, and 11354 nonzeros.
Reduced MIP has 4958 binaries, 8 generals, 0 SOSs, and 0 indicators.
Presolve time = 0,01 sec. (12,59 ticks)
Probing time = 0,02 sec. (4,70 ticks)
Clique table members: 6731.
MIP emphasis: balance optimality and feasibility.
MIP search method: dynamic search.
Parallel mode: deterministic, using up to 12 threads.
Root relaxation solution time = 0,26 sec. (117,80 ticks)

        Nodes                                         Cuts/
   Node  Left     Objective  IInf  Best Integer    Best Bound    ItCnt     Gap

*     0+    0                        96760,8600  -420617,0000           534,70%
*     0+    0                        84018,7220  -420617,0000           600,62%
*     0+    0                        84012,0530  -420617,0000           600,66%
*     0+    0                        84005,3840  -420617,0000           600,70%
*     0+    0                        83998,7150  -420617,0000           600,74%
*     0+    0                        83992,0460  -420617,0000           600,78%
*     0+    0                        83985,3770  -420617,0000           600,82%
*     0+    0                        83978,7080  -420617,0000           600,86%
*     0+    0                        83972,0390  -420617,0000           600,90%
*     0+    0                        83965,3700  -420617,0000           600,94%
*     0     0      integral     0    13265,1500    13265,1500     3000    0,00%
Elapsed time = 0,49 sec. (276,39 ticks, tree = 0,00 MB, solutions = 11)

Root node processing (before b&c):
  Real time             =    0,51 sec. (288,78 ticks)
Parallel b&c, 12 threads:
  Real time             =    0,00 sec. (0,00 ticks)
  Sync time (average)   =    0,00 sec.
  Wait time (average)   =    0,00 sec.
                          ------------
Total (root+branch&cut) =    0,51 sec. (288,78 ticks)

