
Version identifier: 22.1.1.0 | 2022-11-28 | 9160aff4d
CPXPARAM_MultiObjective_Display                  0
CPXPARAM_TimeLimit                               60000
CPXPARAM_WorkMem                                 8192
CPXPARAM_DetTimeLimit                            60000
Tried aggregator 3 times.
MIP Presolve eliminated 23285 rows and 130749 columns.
Aggregator did 260 substitutions.
Reduced MIP has 1009 rows, 2727 columns, and 6417 nonzeros.
Reduced MIP has 2713 binaries, 14 generals, 0 SOSs, and 0 indicators.
Presolve time = 0,10 sec. (82,66 ticks)
Found incumbent of value 95580,726627 after 0,13 sec. (100,78 ticks)
Probing time = 0,01 sec. (3,56 ticks)
Tried aggregator 2 times.
Detecting symmetries...
Aggregator did 6 substitutions.
Reduced MIP has 1003 rows, 2721 columns, and 6405 nonzeros.
Reduced MIP has 2713 binaries, 8 generals, 0 SOSs, and 0 indicators.
Presolve time = 0,01 sec. (6,38 ticks)
Probing time = 0,01 sec. (3,54 ticks)
Clique table members: 3998.
MIP emphasis: balance optimality and feasibility.
MIP search method: dynamic search.
Parallel mode: deterministic, using up to 12 threads.
Root relaxation solution time = 0,03 sec. (21,30 ticks)

        Nodes                                         Cuts/
   Node  Left     Objective  IInf  Best Integer    Best Bound    ItCnt     Gap

*     0+    0                        95580,7266  -265193,0000           377,45%
*     0+    0                        85861,6006  -265193,0000           408,86%
*     0+    0                        85852,4746  -265193,0000           408,89%
*     0+    0                        85843,3486  -265193,0000           408,93%
*     0+    0                        85834,2226  -265193,0000           408,96%
*     0+    0                        85825,0966  -265193,0000           408,99%
*     0+    0                        85815,9706  -265193,0000           409,03%
*     0     0      integral     0    22187,3982    22187,3982     1156    0,00%
Elapsed time = 0,20 sec. (160,82 ticks, tree = 0,00 MB, solutions = 8)

Root node processing (before b&c):
  Real time             =    0,22 sec. (170,69 ticks)
Parallel b&c, 12 threads:
  Real time             =    0,00 sec. (0,00 ticks)
  Sync time (average)   =    0,00 sec.
  Wait time (average)   =    0,00 sec.
                          ------------
Total (root+branch&cut) =    0,22 sec. (170,69 ticks)

