
Version identifier: 22.1.1.0 | 2022-11-28 | 9160aff4d
CPXPARAM_MultiObjective_Display                  0
CPXPARAM_TimeLimit                               60000
CPXPARAM_WorkMem                                 8192
CPXPARAM_DetTimeLimit                            60000
Tried aggregator 3 times.
MIP Presolve eliminated 22199 rows and 131083 columns.
Aggregator did 286 substitutions.
Reduced MIP has 938 rows, 2457 columns, and 5840 nonzeros.
Reduced MIP has 2443 binaries, 14 generals, 0 SOSs, and 0 indicators.
Presolve time = 0,10 sec. (78,88 ticks)
Found incumbent of value 92912,624024 after 0,12 sec. (95,44 ticks)
Probing time = 0,01 sec. (3,49 ticks)
Tried aggregator 2 times.
Detecting symmetries...
Aggregator did 6 substitutions.
Reduced MIP has 932 rows, 2451 columns, and 5828 nonzeros.
Reduced MIP has 2443 binaries, 8 generals, 0 SOSs, and 0 indicators.
Presolve time = 0,01 sec. (5,82 ticks)
Probing time = 0,01 sec. (3,49 ticks)
Clique table members: 3740.
MIP emphasis: balance optimality and feasibility.
MIP search method: dynamic search.
Parallel mode: deterministic, using up to 12 threads.
Root relaxation solution time = 0,03 sec. (22,78 ticks)

        Nodes                                         Cuts/
   Node  Left     Objective  IInf  Best Integer    Best Bound    ItCnt     Gap

*     0+    0                        92912,6240  -255942,0000           375,47%
*     0+    0                        77317,5510  -255942,0000           431,03%
*     0+    0                        77309,4780  -255942,0000           431,06%
*     0+    0                        77301,4050  -255942,0000           431,10%
*     0+    0                        77293,3320  -255942,0000           431,13%
*     0+    0                        77285,2590  -255942,0000           431,17%
*     0+    0                        77277,1860  -255942,0000           431,20%
*     0+    0                        77269,1130  -255942,0000           431,23%
*     0     0      integral     0    31712,7063    31712,7063     1135    0,00%
Elapsed time = 0,19 sec. (156,03 ticks, tree = 0,00 MB, solutions = 9)

Root node processing (before b&c):
  Real time             =    0,20 sec. (166,80 ticks)
Parallel b&c, 12 threads:
  Real time             =    0,00 sec. (0,00 ticks)
  Sync time (average)   =    0,00 sec.
  Wait time (average)   =    0,00 sec.
                          ------------
Total (root+branch&cut) =    0,20 sec. (166,80 ticks)

