
Version identifier: 22.1.1.0 | 2022-11-28 | 9160aff4d
CPXPARAM_MultiObjective_Display                  0
CPXPARAM_TimeLimit                               2000000
CPXPARAM_WorkMem                                 8192
CPXPARAM_DetTimeLimit                            2000000
Tried aggregator 3 times.
MIP Presolve eliminated 117539 rows and 1084183 columns.
Aggregator did 1248 substitutions.
Reduced MIP has 5814 rows, 30951 columns, and 67965 nonzeros.
Reduced MIP has 30919 binaries, 32 generals, 0 SOSs, and 0 indicators.
Presolve time = 0,98 sec. (637,86 ticks)
Found incumbent of value 188185,763642 after 1,15 sec. (773,05 ticks)
Tried aggregator 2 times.
Detecting symmetries...
Aggregator did 16 substitutions.
Reduced MIP has 5798 rows, 30935 columns, and 67933 nonzeros.
Reduced MIP has 30919 binaries, 16 generals, 0 SOSs, and 0 indicators.
Presolve time = 0,07 sec. (62,70 ticks)
Probing time = 0,11 sec. (13,85 ticks)
Clique table members: 37907.
MIP emphasis: balance optimality and feasibility.
MIP search method: dynamic search.
Parallel mode: deterministic, using up to 12 threads.
Root relaxation solution time = 1,32 sec. (578,05 ticks)

        Nodes                                         Cuts/
   Node  Left     Objective  IInf  Best Integer    Best Bound    ItCnt     Gap

*     0+    0                       188185,7636 -1955555,0000              --- 
*     0+    0                       168551,2516 -1955555,0000              --- 
*     0+    0                       168532,9996 -1955555,0000              --- 
*     0+    0                       168514,7476 -1955555,0000              --- 
*     0+    0                       168496,4956 -1955555,0000              --- 
*     0+    0                       168479,3236 -1955555,0000              --- 
*     0+    0                       168462,4756 -1955555,0000              --- 
*     0+    0                       168445,6276 -1955555,0000              --- 
*     0+    0                       168428,7796 -1955555,0000              --- 
*     0+    0                       168411,9316 -1955555,0000              --- 
      0     0    18214,8783  2810   168411,9316    18214,8783       46   89,18%
      0     0    18260,6682  2867   168411,9316      Cuts: 19     1037   89,16%
*     0+    0                        78630,1834    18260,6682            76,78%
*     0+    0                        78629,1304    18260,6682            76,78%
      0     0    18276,0813  2937    78629,1304   ZeroHalf: 6     1687   76,76%
      0     0    18298,9338  2909    78629,1304  ZeroHalf: 10     2421   76,73%
      0     0    18309,8923  2996    78629,1304  ZeroHalf: 12     2910   76,71%
      0     0    18321,5842  3006    78629,1304  ZeroHalf: 12     3457   76,70%
Detecting symmetries...
*     0+    0                        23017,7152    18321,5842            20,40%
      0     0    18327,2733  3054    23017,7152  ZeroHalf: 14     3828   20,38%
      0     0    18333,2485  3001    23017,7152  ZeroHalf: 13     4225   20,35%
      0     0    18337,3796  3006    23017,7152   ZeroHalf: 9     4545   20,33%
      0     0    18338,8398  3098    23017,7152   ZeroHalf: 3     4787   20,33%
      0     0    18340,9888  3082    23017,7152   ZeroHalf: 5     5020   20,32%
      0     0    18341,4672  3104    23017,7152   ZeroHalf: 2     5137   20,32%
Detecting symmetries...
      0     2    18341,4672  3104    23017,7152    18341,4672     5137   20,32%
Elapsed time = 58,14 sec. (23461,74 ticks, tree = 0,02 MB, solutions = 13)
      1     3    18354,1540  3068    23017,7152    18341,4672     6873   20,32%
      2     3    18366,0699  2902    23017,7152    18341,4672     7143   20,32%
      3     4    18379,7131  2958    23017,7152    18341,4672     8213   20,32%
      5     5    18388,6971  2945    23017,7152    18354,1633     9991   20,26%
      6     7    18394,8066  2739    23017,7152    18366,0802    12085   20,21%
     10     9    18421,6853  2663    23017,7152    18366,1019    13709   20,21%
     12    10    18430,9740  2577    23017,7152    18366,1019    15028   20,21%
     16    13    18438,7613  2645    23017,7152    18373,1974    17870   20,18%
     22    10    18469,6316  2798    23017,7152    18379,7811    15620   20,15%
     36    21    18470,7555  2777    23017,7152    18395,4985    28068   20,08%
Elapsed time = 82,98 sec. (29857,36 ticks, tree = 0,03 MB, solutions = 13)
     50    30    18517,0231  2600    23017,7152    18395,4985    37747   20,08%
     62    56    18506,5402  2756    23017,7152    18395,4985    69700   20,08%
     79    60    18588,9251  2027    23017,7152    18395,4985    74728   20,08%
     96    78    18641,3486  1872    23017,7152    18395,4985    92849   20,08%
    105    86    18635,1149  2255    23017,7152    18395,4985   100339   20,08%
    113   105    18585,4837  2252    23017,7152    18395,4985   126692   20,08%
*   114+   66                        20202,0568    18395,4985             8,94%
    119   112    18685,7298  2171    20202,0568    18395,4985   163914    8,94%
*   121+   94                        19352,5880    18395,4985             4,95%
    125    97    18633,0606  2521    19352,5880    18395,4985   116915    4,95%
    130   119    18712,8478  1824    19352,5880    18395,4985   182370    4,95%
    147   137    18617,9130  2524    19352,5880    18395,4985   233666    4,95%
Elapsed time = 157,39 sec. (40644,48 ticks, tree = 2,08 MB, solutions = 17)
    174   133    18650,8734  2322    19352,5880    18395,4985   219711    4,95%
    213   172    18677,2438  2184    19352,5880    18395,4985   269506    4,95%
    248   185    19043,8617  1287    19352,5880    18395,4985   276183    4,95%
    280   151    18838,6115  2242    19352,5880    18395,4985   249369    4,95%
    321   229        cutoff          19352,5880    18395,4985   303384    4,95%
    355   273    18997,0493  1417    19352,5880    18395,4985   328079    4,95%
    392   288    19225,3012  1243    19352,5880    18395,4985   338149    4,95%
*   405+  333                        19247,2555    18395,4985             4,43%
    428   370    19198,5767  1093    19247,2555    18395,4985   389527    4,43%
    488   266    18537,4310  2259    19247,2555    18395,4985   326108    4,43%
    516   381    18501,4000  2528    19247,2555    18395,4985   403949    4,43%
Elapsed time = 231,37 sec. (50465,97 ticks, tree = 7,48 MB, solutions = 20)
    536   409    18460,5180  2650    19247,2555    18430,8815   434251    4,24%
    561   400    18522,5784  2384    19247,2555    18430,9848   423281    4,24%
    588   451    18786,0388  1876    19247,2555    18431,1536   463603    4,24%
    616   486    19023,0722  1676    19247,2555    18451,1311   490328    4,14%
    645   480    18663,2526  2240    19247,2555    18451,1311   487033    4,14%
    675   497    18682,1641  1953    19247,2555    18451,1311   498173    4,14%
    704   544    18778,6445  1973    19247,2555    18451,2095   527166    4,14%
    742   511    18510,4050  2633    19247,2555    18451,2095   506456    4,14%
*   766   596      integral     0    19224,8054    18451,2095   561491    4,02%
    806   581    18852,8319  1581    19224,8054    18451,2095   550876    4,02%
Elapsed time = 300,32 sec. (59761,96 ticks, tree = 14,54 MB, solutions = 21)
    852   595    19120,7972  1228    19224,8054    18452,7968   559829    4,02%
    897   689    19052,5106  1347    19224,8054    18452,7968   626389    4,02%
    938   640    18507,9597  2468    19224,8054    18453,9263   598263    4,01%
    985   718    18818,4162  2448    19224,8054    18453,9263   641656    4,01%
   1023   714    18717,6805  2359    19224,8054    18453,9263   638780    4,01%
   1060   785    18877,6637  2248    19224,8054    18461,0564   683515    3,97%
   1089   795    18688,5828  2265    19224,8054    18461,0564   690610    3,97%
   1117   867    18990,4531  1997    19224,8054    18468,4099   726216    3,93%
   1173   924    18862,2410  2190    19224,8054    18468,4099   758929    3,93%
   1219   854    18513,1727  2453    19224,8054    18468,4099   721642    3,93%
Elapsed time = 376,31 sec. (69755,41 ticks, tree = 28,48 MB, solutions = 21)
   1262   932    19040,4428  2094    19224,8054    18468,4288   762242    3,93%
   1301   936    19180,0161  2180    19224,8054    18468,4288   764428    3,93%
   1344   916    19214,2878  2111    19224,8054    18468,4288   753959    3,93%
   1381   968    19018,2395  1935    19224,8054    18468,7873   778377    3,93%
   1417  1038    19091,3386  1277    19224,8054    18468,7873   811595    3,93%
   1445  1099    18709,1011  2443    19224,8054    18468,7873   845997    3,93%
   1470  1145    18970,1026  2184    19224,8054    18468,7873   868062    3,93%
   1507  1083    18597,2419  2566    19224,8054    18470,6687   837646    3,92%
   1555  1245    18901,5344  2237    19224,8054    18476,6721   923662    3,89%
   1595  1256    18813,0301  2233    19224,8054    18477,5168   928741    3,89%
Elapsed time = 449,02 sec. (79509,32 ticks, tree = 49,48 MB, solutions = 21)
   1632  1331    18933,0776  2306    19224,8054    18478,0843   968018    3,88%
   1668  1230    18949,4827  1961    19224,8054    18478,0843   915729    3,88%
   1708  1359    19077,1394  2213    19224,8054    18478,0843   984006    3,88%
   1755  1363    19129,0501  2178    19224,8054    18478,0843   985559    3,88%
   1795  1475    18870,7847  2292    19224,8054    18478,0843  1042469    3,88%
   1829  1376    18945,2568  2209    19224,8054    18479,4201   993077    3,88%
   1864  1460    18692,4059  2278    19224,8054    18480,7999  1034666    3,87%
   1904  1489    19107,6101  2035    19224,8054    18482,5065  1047600    3,86%
   1939  1586    18841,5818  2046    19224,8054    18484,6776  1113756    3,85%
   1969  1575    18728,5209  2459    19224,8054    18484,6776  1105108    3,85%
Elapsed time = 523,26 sec. (89296,67 ticks, tree = 59,58 MB, solutions = 21)
   2010  1550    18671,5312  2284    19224,8054    18484,6776  1091250    3,85%
   2048  1597    19158,7286  1938    19224,8054    18484,6776  1119745    3,85%
   2085  1665        cutoff          19224,8054    18484,6776  1154364    3,85%
   2115  1717    19037,6493  1941    19224,8054    18487,7277  1181002    3,83%
   2147  1698    18592,2694  2292    19224,8054    18487,7277  1174976    3,83%
   2183  1680    18684,4894  2175    19224,8054    18487,7277  1166097    3,83%
   2215  1806    18909,9240  1994    19224,8054    18487,7277  1235431    3,83%
   2256  1744    18691,9805  2203    19224,8054    18490,8522  1202777    3,82%
   2296  1801    18907,3307  1529    19224,8054    18490,8522  1230337    3,82%
   2340  1808    19141,4300  1152    19224,8054    18490,8522  1232739    3,82%
Elapsed time = 598,03 sec. (99130,59 ticks, tree = 64,22 MB, solutions = 21)
   2377  1832    19126,8357  1603    19224,8054    18490,8522  1251398    3,82%
   2410  1902    18830,2635  2066    19224,8054    18490,8522  1298854    3,82%
   2447  1986    18529,5491  2319    19224,8054    18490,8522  1346486    3,82%
   2490  2023    18888,1203  1863    19224,8054    18498,2341  1370134    3,78%
   2537  2077    18522,3311  2676    19224,8054    18498,2341  1402686    3,78%
   2571  2107    18618,7871  2221    19224,8054    18499,3765  1419920    3,77%
   2608  2127    18854,1488  2306    19224,8054    18500,3286  1431794    3,77%
   2641  2137    18844,6929  2364    19224,8054    18500,3286  1438340    3,77%
*  2658  2225      integral     0    19068,6423    18500,3286  1487198    2,98%
   2681  1850    18563,9631  2317    19068,6423    18501,1492  1496100    2,98%
   2731  1861    18744,6153  1951    19068,6423    18501,1492  1503270    2,98%
Elapsed time = 671,41 sec. (108850,94 ticks, tree = 67,78 MB, solutions = 22)
   2776  2181    18897,2777  2150    19068,6423    18501,1492  1461400    2,98%
   2828  1876    18537,2781  2841    19068,6423    18502,1336  1514447    2,97%
   2868  2242    18891,0440  2346    19068,6423    18505,6880  1497928    2,95%
   2900  1991    18648,3922  2310    19068,6423    18505,6880  1583994    2,95%
   2944  2006    19052,7299  2165    19068,6423    18505,6880  1590214    2,95%
   2981  2006    18571,0636  2430    19068,6423    18505,6880  1591925    2,95%
   3023  2042    18661,1685  2560    19068,6423    18505,6880  1608516    2,95%
   3063  2066    19046,2104  2116    19068,6423    18506,7513  1622767    2,95%
   3107  2078    18978,3027  2199    19068,6423    18506,8191  1630489    2,95%
   3270  2241    18942,1283  2046    19068,6423    18507,2322  1727213    2,94%
Elapsed time = 765,38 sec. (121404,69 ticks, tree = 90,04 MB, solutions = 22)
   3415  2273    18954,4907  2284    19068,6423    18507,2322  1749776    2,94%
   3555  2530    19004,0625  2407    19068,6423    18515,2860  1908581    2,90%
   3715  2605    18915,2325  2193    19068,6423    18516,3740  1955050    2,90%
   3848  2774    18951,1154  2206    19068,6423    18516,9518  2057202    2,89%
   3919  2798    18763,6295  1906    19068,6423    18516,9518  2071650    2,89%

Performing restart 1

Repeating presolve.
Tried aggregator 2 times.
MIP Presolve eliminated 566 rows and 10245 columns.
Aggregator did 149 substitutions.
Reduced MIP has 5083 rows, 20541 columns, and 46591 nonzeros.
Reduced MIP has 20525 binaries, 16 generals, 0 SOSs, and 0 indicators.
Presolve time = 0,06 sec. (43,45 ticks)
Tried aggregator 1 time.
Reduced MIP has 5083 rows, 20541 columns, and 46591 nonzeros.
Reduced MIP has 20525 binaries, 16 generals, 0 SOSs, and 0 indicators.
Presolve time = 0,06 sec. (35,52 ticks)
Represolve time = 1,40 sec. (888,86 ticks)
   3924     0    18351,8007  3127    19068,6423       Cuts: 7  2195205    2,88%
   3924     0    18356,2804  3172    19068,6423  ZeroHalf: 10  2195584    2,88%
   3924     0    18359,1934  3175    19068,6423  ZeroHalf: 12  2195908    2,88%
   3924     0    18362,5293  3240    19068,6423  ZeroHalf: 12  2196255    2,88%
   3924     0    18367,6201  3233    19068,6423      Cuts: 15  2196949    2,88%
   3924     0    18371,6522  3250    19068,6423   ZeroHalf: 8  2197401    2,88%
   3924     2    18371,6522  3250    19068,6423    18519,2035  2197401    2,88%
   3933     4    18423,3440  3025    19068,6423    18519,2035  2199951    2,88%
   3998    54    18620,3014  2711    19068,6423    18519,2035  2248864    2,88%
   4077   126    18684,6922  2599    19068,6423    18519,2035  2308968    2,88%
   4138   141    18454,5994  2757    19068,6423    18519,2035  2319089    2,88%
Elapsed time = 1023,27 sec. (189509,40 ticks, tree = 1,72 MB, solutions = 22)
   4242   250    18700,2256  2585    19068,6423    18519,2035  2410380    2,88%
   4362   368    18549,0460  2651    19068,6423    18519,2035  2495891    2,88%
   4481   487    18604,9567  2562    19068,6423    18519,2035  2571234    2,88%
   4598   575    18779,4213  2380    19068,6423    18519,2035  2642004    2,88%
   4728   722    18741,7569  2487    19068,6423    18519,2035  2724085    2,88%
   4863   733    18599,3967  2451    19068,6423    18519,2035  2735249    2,88%
   4988   833    18753,3270  2686    19068,6423    18519,2035  2806983    2,88%
   5132   934    18897,7838  1872    19068,6423    18519,2035  2869626    2,88%
   5334  1180    18493,5200  2606    19068,6423    18519,2035  3010620    2,88%
   5482  1189    18495,5440  2643    19068,6423    18519,2035  3015423    2,88%
Elapsed time = 1262,45 sec. (227993,75 ticks, tree = 34,37 MB, solutions = 22)
   5597  1330    18583,7313  2712    19068,6423    18519,2035  3107177    2,88%
   5707  1502    18831,0689  2113    19068,6423    18519,2035  3219446    2,88%
   5912  1589    18963,4522  2218    19068,6423    18519,2035  3289086    2,88%
   6118  1777    18770,1938  2403    19068,6423    18519,2035  3399319    2,88%
   6312  1849    18994,5452  2297    19068,6423    18519,2035  3435994    2,88%
   6506  2187    18762,0164  2270    19068,6423    18519,2035  3586867    2,88%
   6710  2340    18913,7032  1859    19068,6423    18519,2035  3653444    2,88%
   6932  2415    18839,2427  2586    19068,6423    18519,2035  3701504    2,88%
   7112  2636    18550,8031  2437    19068,6423    18519,2035  3784479    2,88%
   7280  2725    18850,8631  2250    19068,6423    18519,2035  3830843    2,88%
Elapsed time = 1499,33 sec. (266394,56 ticks, tree = 103,10 MB, solutions = 22)
   7430  2948    18693,1841  2404    19068,6423    18519,2035  3932510    2,88%
   7584  3168    18975,6890  1757    19068,6423    18519,2035  4061752    2,88%
   7752  3194    18831,9223  2172    19068,6423    18519,2035  4076751    2,88%
   7875  3306    19021,2955  1841    19068,6423    18519,2035  4142150    2,88%
   7990  3498    18856,5709  2157    19068,6423    18519,2035  4258830    2,88%
   8120  3564    18987,5761  2392    19068,6423    18519,2035  4321217    2,88%
   8219  3682    18896,4116  2288    19068,6423    18519,2035  4435354    2,88%
   8337  3715        cutoff          19068,6423    18519,2035  4452635    2,88%
   8482  3880    18648,7477  2643    19068,6423    18519,2035  4588762    2,88%
   8660  4009    18937,5706  2311    19068,6423    18519,2035  4682483    2,88%
Elapsed time = 1745,92 sec. (304889,14 ticks, tree = 157,18 MB, solutions = 22)
   8792  4022    19002,6142  2103    19068,6423    18519,2035  4690581    2,88%
   8954  4150    18659,1179  2992    19068,6423    18519,2035  4790702    2,88%
   9062  4284    18911,7424  2150    19068,6423    18519,2035  4898488    2,88%
   9140  4337    18656,4770  2833    19068,6423    18519,2035  4944317    2,88%
   9211  4386    18820,8862  2687    19068,6423    18519,2035  4999830    2,88%
   9327  4512    18971,7753  1739    19068,6423    18519,2035  5117891    2,88%
   9420  4573    18909,5595  2078    19068,6423    18519,2035  5173689    2,88%
   9530  4602    18779,0914  2519    19068,6423    18519,2035  5195305    2,88%
   9624  4676    19056,1785  2138    19068,6423    18519,2035  5278462    2,88%
   9741  4787    19051,7351  1764    19068,6423    18519,2035  5388029    2,88%
Elapsed time = 2001,47 sec. (343326,15 ticks, tree = 190,64 MB, solutions = 22)
   9831  4833    18776,1606  2269    19068,6423    18519,2035  5432582    2,88%
   9969  4867    18849,2046  2228    19068,6423    18519,2035  5461401    2,88%
  10088  5067    19015,9689  1643    19068,6423    18519,2035  5625233    2,88%
  10246  5075    19050,7266  2205    19068,6423    18519,2035  5641838    2,88%
  10384  5254    18959,8634  1952    19068,6423    18519,2035  5758634    2,88%
  10552  5261        cutoff          19068,6423    18519,2035  5777116    2,88%
  10674  5340    18959,0377  1945    19068,6423    18519,2035  5837278    2,88%
  10792  5495        cutoff          19068,6423    18519,2035  5947392    2,88%
  10882  5653    18789,1334  2208    19068,6423    18519,2035  6072415    2,88%
  11000  5775        cutoff          19068,6423    18519,2035  6178869    2,88%
Elapsed time = 2259,06 sec. (381773,20 ticks, tree = 228,18 MB, solutions = 22)
  11117  5761    19035,1702  1948    19068,6423    18519,2035  6174306    2,88%
  11225  5887    18991,9044  2211    19068,6423    18519,2035  6282344    2,88%
  11300  5986    18996,7343  2092    19068,6423    18519,2035  6373669    2,88%
  11414  6066    19056,2536  2193    19068,6423    18519,2035  6449082    2,88%
  11501  6069    18835,4721  2500    19068,6423    18519,2035  6455700    2,88%
  11620  6095    18922,1059  1759    19068,6423    18519,2035  6469709    2,88%
  11749  6288    18772,4381  2474    19068,6423    18519,2035  6664354    2,88%
  11844  6333    18842,3596  2347    19068,6423    18519,2035  6707659    2,88%
  11960  6380    18972,0075  2377    19068,6423    18519,2035  6727098    2,88%
  12083  6524    18847,6593  2449    19068,6423    18519,2035  6895528    2,88%
Elapsed time = 2519,68 sec. (420407,34 ticks, tree = 257,29 MB, solutions = 22)
  12213  6574    18967,4270  2314    19068,6423    18519,2035  6942591    2,88%
  12308  6672    18920,7890  2127    19068,6423    18519,2035  7011100    2,88%
  12433  6791    19046,1015  1890    19068,6423    18519,2035  7112528    2,88%
  12530  6857    18791,7854  2606    19068,6423    18519,2035  7174837    2,88%
  12638  7021    18957,9156  2118    19068,6423    18519,2035  7331168    2,88%
  12740  7038    18662,3547  2547    19068,6423    18519,2035  7350600    2,88%
  12861  7096        cutoff          19068,6423    18519,2035  7401141    2,88%
  12967  7221    19068,2357  1665    19068,6423    18519,2035  7544822    2,88%
  13067  7210    18609,2252  2957    19068,6423    18519,2035  7538675    2,88%
  13173  7397    18911,8255  2192    19068,6423    18519,2035  7717349    2,88%
Elapsed time = 2782,01 sec. (458926,93 ticks, tree = 287,43 MB, solutions = 22)
  13267  7502    18990,8645  1763    19068,6423    18519,2035  7813991    2,88%
  13361  7475    18706,8764  2758    19068,6423    18519,2035  7786181    2,88%
  13465  7641    19012,3402  2255    19068,6423    18519,2035  7944496    2,88%
  13563  7618    18935,0733  2305    19068,6423    18520,4681  7930465    2,87%
  13726  7700        cutoff          19068,6423    18524,2299  7994781    2,86%
  13839  7702    18871,0545  2157    19068,6423    18524,9921  8010077    2,85%
  13966  8011    18702,1560  2703    19068,6423    18526,2092  8228440    2,84%
  14080  7923    18783,6431  2468    19068,6423    18526,3034  8171699    2,84%
  14172  7980    18703,1574  2685    19068,6423    18527,4606  8212627    2,84%
  14265  8149    19039,9430  2207    19068,6423    18527,9441  8344709    2,84%
Elapsed time = 3041,63 sec. (497492,03 ticks, tree = 323,93 MB, solutions = 22)
  14363  8294    18858,5829  2086    19068,6423    18527,9441  8514242    2,84%
  14468  8295    18872,1809  2638    19068,6423    18527,9583  8505600    2,84%
  14562  8404    18848,6374  2292    19068,6423    18528,2966  8635044    2,83%
  14675  8508    19035,5084  2087    19068,6423    18531,3936  8733945    2,82%
  14761  8564    18973,7356  2266    19068,6423    18531,4013  8801078    2,82%
  14879  8641    18674,9823  2741    19068,6423    18531,4013  8898555    2,82%
  14976  8705    18908,8401  2067    19068,6423    18532,9738  8965525    2,81%
  15111  8634    18704,6189  2586    19068,6423    18533,6382  8881541    2,81%
  15180  8858    18983,2944  2544    19068,6423    18536,0183  9099775    2,79%
  15271  8845    19023,9877  1744    19068,6423    18539,5300  9093844    2,77%
Elapsed time = 3308,91 sec. (536023,95 ticks, tree = 350,04 MB, solutions = 22)
  15354  8995    19017,5018  1766    19068,6423    18539,8751  9207316    2,77%
  15457  9049    18900,9635  2278    19068,6423    18540,3541  9288122    2,77%
  15509  9042    18814,7390  2251    19068,6423    18542,0889  9278123    2,76%
  15571  9224    18927,8082  1723    19068,6423    18544,6947  9458551    2,75%
  15686  9251    19004,4025  2234    19068,6423    18545,5215  9505694    2,74%
  15752  9303    18717,5336  2842    19068,6423    18546,0125  9577825    2,74%
  15841  9363    18994,8515  1891    19068,6423    18546,0125  9664929    2,74%
  15930  9344    18982,8195  1801    19068,6423    18546,9221  9638176    2,74%
  16025  9377    18910,1857  2080    19068,6423    18549,1704  9677350    2,72%
  16081  9494    18873,2939  2319    19068,6423    18549,2119  9823247    2,72%
Elapsed time = 3561,64 sec. (574772,55 ticks, tree = 381,97 MB, solutions = 22)
  16162  9571    18907,4918  1880    19068,6423    18549,5132  9917510    2,72%
* 16213  9577      integral     0    19057,2125    18549,5132  9922430    2,66%
  16257  9565    19044,3827  2288    19057,2125    18550,4852  9908248    2,66%
  16332  9617    19038,3799  1958    19057,2125    18550,4852  9991612    2,66%
  16443  9598    18942,3507  1798    19057,2125    18550,4852 10147909    2,66%
  16550  9684    18950,4410  2115    19057,2125    18553,6494 10283074    2,64%
  16658  9665    18996,7433  2279    19057,2125    18555,0085 10254390    2,64%
  16746  9791    18839,2583  2411    19057,2125    18555,2361 10405726    2,63%
  16859  9809        cutoff          19057,2125    18555,6763 10429853    2,63%
  16954  9837    19014,0509  1767    19057,2125    18556,3555 10449033    2,63%
  17041  9934    18722,6537  2771    19057,2125    18557,7510 10573591    2,62%
Elapsed time = 3788,33 sec. (613396,42 ticks, tree = 393,11 MB, solutions = 23)
  17140  9955    19016,8241  2587    19057,2125    18558,8679 10595430    2,61%
  17239 10151    18681,5738  2712    19057,2125    18559,3438 10809202    2,61%
  17321 10097        cutoff          19057,2125    18559,3438 10758826    2,61%
  17414 10269        cutoff          19057,2125    18559,3438 10931378    2,61%
  17544 10182    18948,7665  2287    19057,2125    18563,7996 10844529    2,59%
  17632 10393    18991,5921  2232    19057,2125    18563,7996 11061893    2,59%
  17763 10397    18948,9091  2378    19057,2125    18564,1104 11051725    2,59%
  17858 10406        cutoff          19057,2125    18564,1104 11088201    2,59%
  17941 10472    18705,7969  2677    19057,2125    18564,1104 11150467    2,59%
  18023 10519    18985,6328  2048    19057,2125    18566,3011 11196072    2,58%
Elapsed time = 4011,38 sec. (651852,83 ticks, tree = 409,00 MB, solutions = 23)
  18139 10721    18669,3803  3056    19057,2125    18566,9441 11329911    2,57%
  18220 10911    18832,2201  2733    19057,2125    18567,0369 11514254    2,57%
  18327 10812    18833,0654  2296    19057,2125    18567,8534 11436562    2,57%
  18431 11042    18999,1942  1986    19057,2125    18569,6270 11630497    2,56%
  18536 10932    18885,4028  2427    19057,2125    18570,5180 11532675    2,55%
  18656 11200    19006,0038  2305    19057,2125    18570,6431 11776050    2,55%
  18756 11057    18651,5994  2591    19057,2125    18570,7357 11648868    2,55%
  18882 11353    18966,9761  2166    19057,2125    18571,4659 11929607    2,55%
  18995 11329    18832,8805  2303    19057,2125    18571,5656 11897687    2,55%
  19110 11411    18872,2972  2199    19057,2125    18571,6653 11981148    2,55%
Elapsed time = 4222,21 sec. (690351,10 ticks, tree = 456,40 MB, solutions = 23)
  19223 11711    18976,1795  1911    19057,2125    18574,3276 12201219    2,53%
  19305 11604    18807,9417  2580    19057,2125    18574,4206 12137786    2,53%
  19392 11769    18781,4260  2942    19057,2125    18574,7146 12290476    2,53%
  19496 11776    18921,1678  2772    19057,2125    18574,8473 12297050    2,53%
  19559 11768        cutoff          19057,2125    18575,2075 12284146    2,53%
  19648 11940    19007,1566  1840    19057,2125    18575,2695 12483697    2,53%
  19724 11990    18954,2753  2067    19057,2125    18576,3334 12548349    2,52%
  19814 11953    18817,8312  2439    19057,2125    18576,8043 12494524    2,52%
  19907 12166    19027,4266  2380    19057,2125    18577,8691 12759609    2,52%
  20013 12188    19009,7420  2292    19057,2125    18578,0634 12788573    2,51%
Elapsed time = 4450,86 sec. (728899,49 ticks, tree = 479,51 MB, solutions = 23)
  20104 12244    18848,1170  2505    19057,2125    18578,1628 12874325    2,51%
  20202 12166    18954,7965  2271    19057,2125    18578,8626 12755841    2,51%
  20292 12379    18964,1129  2155    19057,2125    18579,1891 12998041    2,51%
  20403 12309    18861,1276  2589    19057,2125    18579,1891 12956808    2,51%
  20474 12472    19050,6042  1995    19057,2125    18579,1891 13100727    2,51%
  20550 12320    18942,6724  2517    19057,2125    18579,1891 12969450    2,51%
  20627 12569    18844,5110  2643    19057,2125    18582,6827 13199333    2,49%
  20721 12624    19049,7302  1931    19057,2125    18583,2470 13270519    2,49%
  20808 12709    18868,3065  1971    19057,2125    18583,8237 13392725    2,48%
  20924 12736    19005,5217  2047    19057,2125    18584,4588 13375168    2,48%
Elapsed time = 4679,28 sec. (767392,00 ticks, tree = 506,02 MB, solutions = 23)
  21026 12772    18935,5274  2442    19057,2125    18586,3530 13444566    2,47%
  21111 12963    18841,8574  2323    19057,2125    18586,4650 13644784    2,47%
  21205 12888    18942,2974  2437    19057,2125    18586,6263 13587118    2,47%
  21301 12998    19042,8475  2086    19057,2125    18587,4043 13696807    2,47%
  21352 13077    18976,6197  2201    19057,2125    18587,4552 13771028    2,46%
  21427 13264    19009,7371  2739    19057,2125    18587,7771 13933940    2,46%
  21547 13312    19015,7590  2219    19057,2125    18587,7771 13991394    2,46%
  21632 13295    18749,9051  2382    19057,2125    18587,8445 13982156    2,46%
  21704 13304    18847,8636  1982    19057,2125    18587,8445 13988579    2,46%
  21788 13344    18871,5080  2666    19057,2125    18587,8445 14030239    2,46%
Elapsed time = 4906,32 sec. (805950,53 ticks, tree = 522,43 MB, solutions = 23)
  21923 13529    19040,7240  2594    19057,2125    18592,6437 14185250    2,44%
  21991 13428    19038,1232  2282    19057,2125    18593,1063 14095303    2,44%
  22105 13724    18709,3188  2631    19057,2125    18593,8687 14407982    2,43%
  22195 13663    18735,7253  2702    19057,2125    18594,1641 14327304    2,43%
  22298 13646    18732,6550  2319    19057,2125    18594,4183 14312719    2,43%
  22405 13839    18869,1883  2763    19057,2125    18594,9737 14517920    2,43%
  22524 13845        cutoff          19057,2125    18595,4190 14524267    2,42%
  22626 13994        cutoff          19057,2125    18595,5439 14646323    2,42%
  22687 14155    19004,8118  1661    19057,2125    18596,8655 14789084    2,42%
  22753 14022    19007,2745  1880    19057,2125    18597,4187 14678033    2,41%
Elapsed time = 5121,49 sec. (844483,82 ticks, tree = 558,37 MB, solutions = 23)
  22816 14112    18884,1684  2591    19057,2125    18597,6806 14751969    2,41%
  22894 14326    18887,6959  2322    19057,2125    18598,1162 14955760    2,41%
  23004 14367        cutoff          19057,2125    18598,1193 14988266    2,41%
  23123 14269    19031,0359  2151    19057,2125    18598,1193 14889100    2,41%
  23202 14390    18985,5290  2393    19057,2125    18598,1193 15071165    2,41%
  23292 14444    18776,8723  2557    19057,2125    18598,1193 15127312    2,41%
  23378 14672    18900,1070  2470    19057,2125    18599,8455 15336955    2,40%
  23483 14485    18851,1791  2351    19057,2125    18600,2018 15155484    2,40%
  23548 14609    19032,9474  2424    19057,2125    18600,2973 15269566    2,40%
  23638 14823    18827,0628  2198    19057,2125    18600,7540 15503504    2,40%
Elapsed time = 5354,63 sec. (882938,03 ticks, tree = 585,98 MB, solutions = 23)
  23739 14715    18747,5010  2915    19057,2125    18601,0037 15413830    2,39%
  23812 14876    18942,3522  2892    19057,2125    18601,2672 15589609    2,39%
  23904 14967    18946,8277  2541    19057,2125    18602,2614 15702959    2,39%
  23993 15035    19024,5198  1881    19057,2125    18602,7419 15787935    2,38%
  24098 15113        cutoff          19057,2125    18603,0233 15842855    2,38%
  24176 15154    18856,7594  2461    19057,2125    18604,4101 15921378    2,38%
  24269 15136    18684,5561  2593    19057,2125    18604,9693 15876255    2,37%
  24352 15273    19036,0591  1766    19057,2125    18605,3377 16071778    2,37%
  24433 15218    19021,7678  2460    19057,2125    18605,3377 15997858    2,37%
  24524 15210        cutoff          19057,2125    18605,6541 15975564    2,37%
Elapsed time = 5592,08 sec. (921589,30 ticks, tree = 605,21 MB, solutions = 23)
  24608 15380    18901,4687  2653    19057,2125    18606,0805 16172804    2,37%
  24688 15580        cutoff          19057,2125    18606,4587 16397079    2,37%
  24766 15568    18828,5586  2389    19057,2125    18606,6002 16374811    2,36%
  24859 15675    18961,7605  1904    19057,2125    18607,7237 16484519    2,36%
  24943 15686    18689,2767  2798    19057,2125    18608,4404 16491317    2,35%
  25028 15686    18774,7798  2609    19057,2125    18609,4584 16513186    2,35%
  25128 15751    18827,7016  2396    19057,2125    18610,0488 16621215    2,35%
  25209 15892    18938,5873  2327    19057,2125    18610,0488 16749990    2,35%
  25330 16024    19035,3258  2006    19057,2125    18610,3256 16839464    2,34%
  25422 15772    18763,3851  2720    19057,2125    18610,9807 16634036    2,34%
Elapsed time = 5816,16 sec. (960017,25 ticks, tree = 615,87 MB, solutions = 23)
  25525 15962    19039,1867  1399    19057,2125    18611,2840 16789037    2,34%
  25635 15964    18837,4757  2728    19057,2125    18611,3729 16794776    2,34%
  25732 16153    18781,9832  2451    19057,2125    18611,7732 16952326    2,34%
  25857 16288    18838,2690  2588    19057,2125    18611,9308 17104059    2,34%
  25979 16475    18968,5387  2406    19057,2125    18612,0509 17255099    2,34%
  26076 16198    19021,3221  2034    19057,2125    18612,7343 17026455    2,33%
  26179 16632    18780,7762  2295    19057,2125    18613,5289 17384596    2,33%
  26268 16369    18811,4414  2065    19057,2125    18613,9455 17177588    2,33%
  26356 16619    18783,2693  2718    19057,2125    18614,5275 17368555    2,32%
  26458 16592    18821,0668  2596    19057,2125    18614,7155 17345143    2,32%
Elapsed time = 6036,97 sec. (998554,65 ticks, tree = 659,26 MB, solutions = 23)
  26572 16890    18900,0601  2034    19057,2125    18615,5901 17626584    2,32%
  26642 16743    18919,9073  2471    19057,2125    18616,3367 17470460    2,31%
  26732 16864    18937,5062  2325    19057,2125    18616,7026 17584053    2,31%
  26838 17024    18817,6092  2671    19057,2125    18616,7026 17793131    2,31%
  26914 16908    18998,2410  2756    19057,2125    18617,4502 17650417    2,31%
  27008 17027    19031,1158  2338    19057,2125    18617,7495 17778616    2,31%
  27106 17337    18909,0814  2318    19057,2125    18619,2501 18077009    2,30%
  27223 17179    18987,4876  2543    19057,2125    18619,9036 17929000    2,29%
  27307 17316    18881,8685  2064    19057,2125    18619,9036 18058348    2,29%
  27407 17436        cutoff          19057,2125    18620,0577 18176112    2,29%
Elapsed time = 6272,38 sec. (1037065,82 ticks, tree = 686,03 MB, solutions = 23)
  27498 17539    18713,0418  2241    19057,2125    18620,0577 18290550    2,29%
  27586 17467    18980,0839  2485    19057,2125    18621,3128 18216154    2,29%
  27695 17788    19039,8357  2320    19057,2125    18621,6364 18526470    2,29%
  27779 17584    18847,5959  2430    19057,2125    18622,5198 18332629    2,28%
  27866 17676    18756,3346  2727    19057,2125    18622,8310 18426326    2,28%
  27950 17951    18999,0941  2152    19057,2125    18622,8310 18668776    2,28%
  28019 17844    18806,4942  2744    19057,2125    18623,0355 18581558    2,28%
  28107 17888    18770,6270  2595    19057,2125    18623,6042 18618526    2,28%
  28204 18135    18935,3709  2317    19057,2125    18624,3986 18888825    2,27%
  28325 17994    19038,7944  1900    19057,2125    18624,7636 18713280    2,27%
Elapsed time = 6507,65 sec. (1075566,91 ticks, tree = 718,06 MB, solutions = 23)
  28432 18118    18952,2116  2533    19057,2125    18625,0398 18870021    2,27%
  28541 18123        cutoff          19057,2125    18625,7986 18876251    2,26%
  28627 18390    19054,4688  1851    19057,2125    18626,1429 19145958    2,26%
* 28656+18304                        19040,6891    18626,3034             2,18%
  28736 18497    19021,0945  2191    19040,6891    18626,7129 19217125    2,17%
  28841 18133    18931,8778  2673    19040,6891    18627,7469 19432962    2,17%
  28927 17961    19019,5348  2173    19040,6891    18627,7469 19242385    2,17%
  29016 18452    18920,9320  2000    19040,6891    18627,7469 19201345    2,17%
  29122 18178    18899,9010  2148    19040,6891    18628,5747 19472072    2,16%
  29213 18210    19014,0795  2210    19040,6891    18629,2906 19511438    2,16%
  29310 18194    18858,0407  1928    19040,6891    18629,8935 19483917    2,16%
Elapsed time = 6756,77 sec. (1114453,68 ticks, tree = 718,27 MB, solutions = 24)
  29414 18479    19036,3951  2004    19040,6891    18630,7727 19786794    2,15%
  29491 18402        cutoff          19040,6891    18630,7727 19725792    2,15%
  29564 18547        cutoff          19040,6891    18630,7727 19863239    2,15%
  29682 18410    18924,1348  2621    19040,6891    18631,0810 19737240    2,15%
  29775 18464    18887,0563  2453    19040,6891    18631,5037 19773764    2,15%
  29848 18505    18848,7424  2325    19040,6891    18632,4656 19812147    2,14%
  29921 18885    18970,9519  1853    19040,6891    18633,2585 20188268    2,14%
  30011 18708    19020,6140  2411    19040,6891    18633,2585 20004726    2,14%
  30103 18611    18878,3573  2158    19040,6891    18633,2585 19919502    2,14%
  30184 18952    19032,0722  2444    19040,6891    18634,3896 20264582    2,13%
Elapsed time = 6981,24 sec. (1153319,13 ticks, tree = 745,92 MB, solutions = 24)
  30256 18843    18897,6234  2634    19040,6891    18634,9704 20152908    2,13%
  30355 18976        cutoff          19040,6891    18635,5115 20318405    2,13%
  30438 19131    18972,9725  2298    19040,6891    18635,8157 20459410    2,13%
  30536 19261    18849,8691  2710    19040,6891    18635,8157 20625691    2,13%
  30627 19139    18845,7312  2723    19040,6891    18635,8157 20469469    2,13%
  30736 19049        cutoff          19040,6891    18636,5853 20395815    2,12%
  30820 19223    18730,0576  2614    19040,6891    18637,5281 20606836    2,12%
  30889 19275    18832,2780  2645    19040,6891    18637,6554 20647540    2,12%
  30971 19545    18968,1835  2500    19040,6891    18638,5170 20933203    2,11%
  31050 19358        cutoff          19040,6891    18638,5170 20723744    2,11%
Elapsed time = 7206,87 sec. (1192138,39 ticks, tree = 768,32 MB, solutions = 24)
  31139 19554    19020,8468  2374    19040,6891    18638,5170 20945661    2,11%
  31233 19575        cutoff          19040,6891    18638,6647 20983575    2,11%
  31320 19509    18696,9785  2877    19040,6891    18639,0185 20887664    2,11%
  31401 19580        cutoff          19040,6891    18641,1856 20995950    2,10%
  31486 19889    18927,3239  2146    19040,6891    18642,0323 21383262    2,09%
  31563 19826    19000,3824  2233    19040,6891    18642,2628 21273153    2,09%
  31628 19899    18942,7465  2986    19040,6891    18642,2628 21394968    2,09%
  31734 19911    19000,6865  2532    19040,6891    18642,7191 21431998    2,09%
  31815 19885    18963,6253  2181    19040,6891    18643,0845 21370837    2,09%
  31936 19945    18985,9083  2421    19040,6891    18643,8324 21482415    2,08%
Elapsed time = 7444,76 sec. (1230907,61 ticks, tree = 785,41 MB, solutions = 24)
  32030 19920    18684,3875  2925    19040,6891    18643,8324 21449273    2,08%
  32129 20232    18842,5308  2195    19040,6891    18644,6928 21809909    2,08%
  32247 20254    18972,3243  2036    19040,6891    18644,6928 21816617    2,08%
  32334 20120    18808,2057  2274    19040,6891    18644,6928 21711351    2,08%
  32434 20400    18999,0363  2006    19040,6891    18645,3309 22026108    2,08%
  32526 20560    19031,8315  2220    19040,6891    18646,2124 22171406    2,07%
  32623 20444    18922,1084  2175    19040,6891    18648,0915 22069855    2,06%
  32738 20677    18974,3471  2200    19040,6891    18648,7021 22297930    2,06%
  32842 20489    18927,3047  2000    19040,6891    18649,0898 22116776    2,06%
  32933 20614    18963,5832  1831    19040,6891    18649,0898 22233899    2,06%
Elapsed time = 7683,60 sec. (1269392,63 ticks, tree = 816,36 MB, solutions = 24)
  33051 20885    19032,2802  2445    19040,6891    18649,5532 22487002    2,05%
  33129 20860    18996,8787  2236    19040,6891    18650,1288 22468727    2,05%
  33207 20927    18963,6447  2476    19040,6891    18650,7739 22533696    2,05%
  33273 20822    18954,5613  2889    19040,6891    18651,1226 22441955    2,05%
  33332 20895    18937,8057  2754    19040,6891    18651,5926 22508919    2,04%
  33414 21207    18904,8291  3069    19040,6891    18652,0351 22830352    2,04%
  33518 21038    18964,4077  2133    19040,6891    18652,0351 22657594    2,04%
  33628 21218    18976,1198  2240    19040,6891    18652,1633 22842596    2,04%
  33716 21054    18945,8382  1926    19040,6891    18652,4071 22670803    2,04%
  33799 21171    19022,1204  2192    19040,6891    18652,5753 22784822    2,04%
Elapsed time = 7920,79 sec. (1307896,56 ticks, tree = 845,34 MB, solutions = 24)
  33880 21307    18996,5053  1619    19040,6891    18652,9448 22934532    2,04%
  33958 21418    19001,2560  1907    19040,6891    18653,3303 23070164    2,03%
  34018 21652    18953,1945  2057    19040,6891    18653,4684 23348537    2,03%
  34094 21659    18795,1677  2629    19040,6891    18653,4684 23354511    2,03%
  34173 21667    18868,6527  2461    19040,6891    18653,9360 23360355    2,03%
  34262 21678    19019,0149  2077    19040,6891    18654,5272 23367573    2,03%
  34337 21834    18883,6856  2414    19040,6891    18654,9542 23619284    2,03%
  34424 21869    18766,8851  2850    19040,6891    18655,2608 23661070    2,02%
  34487 21849    18802,4298  2701    19040,6891    18656,2844 23628559    2,02%
  34574 21938    18964,5303  2118    19040,6891    18656,4950 23744963    2,02%
Elapsed time = 8178,63 sec. (1346622,48 ticks, tree = 863,60 MB, solutions = 24)
  34663 21738    18964,7892  2210    19040,6891    18656,4950 23458856    2,02%
  34723 22010        cutoff          19040,6891    18656,9271 23838871    2,02%
  34773 21964    18921,0676  2099    19040,6891    18657,1257 23801739    2,01%
  34849 22046    18818,3728  2553    19040,6891    18657,6587 23885445    2,01%
  34911 22245    18940,8532  2595    19040,6891    18657,9204 24155658    2,01%
  34976 22349        cutoff          19040,6891    18658,4579 24257596    2,01%
  35047 22254    18913,9714  2190    19040,6891    18658,5038 24166595    2,01%
  35130 22096    18781,9063  2646    19040,6891    18658,5038 23969674    2,01%
  35216 22266    18875,9112  2725    19040,6891    18659,1610 24177435    2,00%
  35298 22367    18798,7596  2478    19040,6891    18659,2310 24279874    2,00%
Elapsed time = 8388,19 sec. (1385374,56 ticks, tree = 886,33 MB, solutions = 24)
  35390 22505    18918,4464  2738    19040,6891    18659,8922 24458770    2,00%
  35497 22481    19023,2796  2277    19040,6891    18660,4047 24402213    2,00%
  35589 22547    18925,1871  2392    19040,6891    18661,5635 24502620    1,99%
  35681 22631    18977,1638  2071    19040,6891    18661,6231 24612133    1,99%
  35779 22483    18959,9170  2326    19040,6891    18661,6231 24446999    1,99%
  35871 22559    18960,6322  2399    19040,6891    18661,6231 24518384    1,99%
  35953 22716    18962,6904  2172    19040,6891    18661,9583 24713324    1,99%
  36050 22788    18975,5677  2444    19040,6891    18662,5757 24784940    1,99%
  36138 22627    18892,7051  2724    19040,6891    18662,9975 24606785    1,98%
  36226 23059        cutoff          19040,6891    18663,5532 25074043    1,98%
Elapsed time = 8619,76 sec. (1423899,25 ticks, tree = 926,69 MB, solutions = 24)
  36333 22842    19036,9199  1722    19040,6891    18663,8001 24847505    1,98%
  36430 23224    18994,6802  2458    19040,6891    18663,8110 25245761    1,98%
  36526 22897    18874,5079  2577    19040,6891    18663,8110 24931775    1,98%
  36598 23229    18834,9738  2686    19040,6891    18664,0623 25256701    1,98%
  36682 22993    18995,5639  1990    19040,6891    18665,2383 25018090    1,97%
  36756 23372    18994,6168  2275    19040,6891    18665,4499 25413988    1,97%
  36852 23412    18767,4621  2433    19040,6891    18665,7172 25462160    1,97%
  36948 23384        cutoff          19040,6891    18666,3857 25425771    1,97%
  37031 23326    18919,6808  2488    19040,6891    18666,5848 25357873    1,96%
  37136 23351    18849,5893  2763    19040,6891    18666,5848 25395644    1,96%
Elapsed time = 8861,87 sec. (1462518,92 ticks, tree = 943,80 MB, solutions = 24)
  37218 23488    18901,4011  2293    19040,6891    18666,5848 25526268    1,96%
  37340 23520        cutoff          19040,6891    18666,8972 25533417    1,96%
  37417 23510        cutoff          19040,6891    18667,3382 25572722    1,96%
  37498 23715    19016,4150  1926    19040,6891    18667,3815 25812590    1,96%
  37594 23777    18803,5374  2441    19040,6891    18667,9367 25861548    1,96%
  37666 23845    18804,0760  2586    19040,6891    18667,9744 25947888    1,96%
  37727 24004    18846,0914  2634    19040,6891    18669,0298 26112432    1,95%
  37814 23803    18718,0634  2459    19040,6891    18669,0298 25916126    1,95%
  37892 24138    18882,8494  2533    19040,6891    18669,5065 26324927    1,95%
  37982 23856    19023,9282  2450    19040,6891    18669,5065 25971482    1,95%
Elapsed time = 9106,95 sec. (1501024,74 ticks, tree = 970,35 MB, solutions = 24)
  38080 24213    19004,8842  2083    19040,6891    18670,0686 26383289    1,95%
  38193 24039    18837,4180  2615    19040,6891    18670,0686 26181345    1,95%
  38283 24134    18911,4045  2173    19040,6891    18671,0856 26314771    1,94%
  38362 24304    19030,7546  2868    19040,6891    18671,8508 26485579    1,94%
  38440 24543    18855,3203  2630    19040,6891    18671,9646 26754675    1,94%
  38547 24309    19029,0373  2493    19040,6891    18671,9646 26496906    1,94%
  38613 24336    18806,3860  2594    19040,6891    18672,1746 26538922    1,94%
  38710 24345    18894,8564  2248    19040,6891    18672,1746 26544916    1,94%
  38790 24380    18975,4248  2867    19040,6891    18672,5077 26600203    1,93%
  38885 24507    18898,7883  2568    19040,6891    18673,2538 26693437    1,93%
Elapsed time = 9348,90 sec. (1539557,40 ticks, tree = 986,24 MB, solutions = 24)
  38984 24687    18975,9632  2529    19040,6891    18673,5508 26912194    1,93%
  39087 24915    18914,6424  2056    19040,6891    18673,9808 27167802    1,93%
  39183 24854    19024,7302  2016    19040,6891    18674,1157 27087634    1,93%
  39286 25043    18991,7013  2593    19040,6891    18674,1157 27353771    1,93%
  39369 24891    18870,0187  2529    19040,6891    18674,1157 27142188    1,93%
  39466 24819    18984,2442  2058    19040,6891    18674,1826 27066563    1,92%
  39540 25075    18928,8135  2485    19040,6891    18674,6674 27410225    1,92%
  39632 25109    18966,5979  2430    19040,6891    18674,6674 27450470    1,92%
  39710 25252    18919,1607  2232    19040,6891    18675,3037 27593728    1,92%
  39814 25218    18902,0491  2795    19040,6891    18676,1457 27552526    1,91%
Elapsed time = 9591,94 sec. (1578017,67 ticks, tree = 1012,12 MB, solutions = 24)
  39908 25124    18986,5137  2162    19040,6891    18676,1457 27467799    1,91%
  39995 25593    18872,5252  2114    19040,6891    18676,2465 27968962    1,91%
  40111 25313    18855,5285  2794    19040,6891    18676,2465 27657489    1,91%
  40195 25268    18939,1335  2582    19040,6891    18676,2917 27621701    1,91%
  40279 25507    18841,3007  2403    19040,6891    18676,7510 27851026    1,91%
  40376 25498    18873,5752  2856    19040,6891    18676,7510 27814767    1,91%
  40460 25748    18978,7821  2572    19040,6891    18677,2107 28170222    1,91%
  40535 25862    18979,1844  2316    19040,6891    18677,6059 28308944    1,91%
  40616 25737        cutoff          19040,6891    18677,9795 28134514    1,90%
  40709 25756    18951,4445  2115    19040,6891    18678,1712 28188632    1,90%
Elapsed time = 9855,26 sec. (1616397,84 ticks, tree = 1043,39 MB, solutions = 24)
  40774 25723    18987,0119  2242    19040,6891    18678,1712 28107371    1,90%
  40854 25878    18978,9920  2586    19040,6891    18678,4768 28328610    1,90%
  40932 25794        cutoff          19040,6891    18678,6278 28245375    1,90%
  41003 25888    18982,3968  1956    19040,6891    18678,6278 28340661    1,90%
  41061 26242    19022,9912  3161    19040,6891    18679,1830 28713387    1,90%
  41120 26302    18895,5932  2192    19040,6891    18679,8291 28804363    1,90%
  41179 26165    18971,6125  2632    19040,6891    18680,5261 28632757    1,89%
  41237 26223    18880,2376  2570    19040,6891    18680,9985 28687116    1,89%
  41297 26360    18961,4001  2689    19040,6891    18680,9985 28909876    1,89%
  41397 26499    18856,3591  2392    19040,6891    18680,9985 29117464    1,89%
Elapsed time = 10076,69 sec. (1655343,87 ticks, tree = 1069,70 MB, solutions = 24)
  41464 26336    18798,8641  2717    19040,6891    18681,3631 28875602    1,89%
  41542 26426    18735,5365  2753    19040,6891    18681,4014 29010306    1,89%
* 41599+26644                        18960,4342    18681,4712             1,47%
  41629 26416    18984,1403  1896    18960,4342    18681,4712 28971938    1,47%
* 41682+18401                        18894,6107    18681,9848             1,13%
  41708 18406    18856,9097  2880    18894,6107    18681,9848 29285001    1,13%
  41763 26502    18980,4575  1630    18894,6107    18681,9848 29124222    1,13%
  41828 18419    18956,6383  2467    18894,6107    18681,9848 29297557    1,13%
  41861 26588    18792,9664  2745    18894,6107    18681,9848 29232070    1,13%
  41893 18449    18948,9476  2163    18894,6107    18681,9848 29352163    1,13%
  41928 18428    18932,3219  2560    18894,6107    18681,9848 29313851    1,13%
  41945 18449    18780,5217  2416    18894,6107    18681,9848 29362381    1,13%
Elapsed time = 10206,34 sec. (1694213,59 ticks, tree = 726,75 MB, solutions = 26)
  41973 18461    18951,1178  2097    18894,6107    18681,9848 29368908    1,13%
  41994 18475    18877,4691  2362    18894,6107    18681,9848 29415034    1,13%

Performing restart 2

Repeating presolve.
Tried aggregator 2 times.
MIP Presolve eliminated 321 rows and 2555 columns.
MIP Presolve modified 4 coefficients.
Aggregator did 84 substitutions.
Reduced MIP has 4678 rows, 17902 columns, and 40913 nonzeros.
Reduced MIP has 17886 binaries, 16 generals, 0 SOSs, and 0 indicators.
Presolve time = 0,06 sec. (54,01 ticks)
Tried aggregator 1 time.
Reduced MIP has 4678 rows, 17902 columns, and 40913 nonzeros.
Reduced MIP has 17886 binaries, 16 generals, 0 SOSs, and 0 indicators.
Presolve time = 0,04 sec. (31,21 ticks)
Represolve time = 1,37 sec. (1169,30 ticks)
  41997     0    18486,3062  3687    18894,6107      Cuts: 20 29925614    1,11%
  41997     0    18489,3509  3572    18894,6107       Cuts: 9 29926117    1,11%
  41997     0    18493,8014  3573    18894,6107  ZeroHalf: 25 29926805    1,11%
  41997     0    18495,6037  3537    18894,6107   ZeroHalf: 7 29927296    1,11%
  41997     0    18496,6520  3622    18894,6107   ZeroHalf: 7 29927681    1,11%
  41997     0    18496,9271  3646    18894,6107       Cuts: 3 29927787    1,11%
  41997     0    18499,1723  3648    18894,6107      Cuts: 16 29928342    1,11%
  41997     0    18499,6075  3657    18894,6107   ZeroHalf: 2 29928574    1,11%

Repeating presolve.
Tried aggregator 2 times.
MIP Presolve eliminated 149 rows and 999 columns.
Aggregator did 12 substitutions.
Reduced MIP has 4517 rows, 16891 columns, and 38663 nonzeros.
Reduced MIP has 16875 binaries, 16 generals, 0 SOSs, and 0 indicators.
Presolve time = 0,03 sec. (30,26 ticks)
Tried aggregator 1 time.
Reduced MIP has 4517 rows, 16891 columns, and 38663 nonzeros.
Reduced MIP has 16875 binaries, 16 generals, 0 SOSs, and 0 indicators.
Presolve time = 0,04 sec. (29,51 ticks)
Represolve time = 1,33 sec. (1167,78 ticks)
  41997     0    18503,8586  3629    18894,6107      Cuts: 23 29949414    1,11%
  41997     0    18506,7013  3620    18894,6107      Cuts: 16 29949933    1,11%
  41997     0    18507,5364  3682    18894,6107   ZeroHalf: 9 29950249    1,11%
  41997     0    18508,6232  3620    18894,6107   ZeroHalf: 6 29950631    1,11%
  41997     0    18508,8116  3663    18894,6107       Cuts: 6 29950790    1,11%
  41997     0    18509,2025  3675    18894,6107       Cuts: 7 29951087    1,11%
  41997     0    18510,5846  3688    18894,6107      Cuts: 10 29951523    1,11%
  41997     0    18510,6419  3702    18894,6107       Cuts: 3 29951638    1,11%
  41997     0    18511,2768  3683    18894,6107       Cuts: 7 29951916    1,11%
  41997     0    18511,4978  3685    18894,6107   ZeroHalf: 2 29952115    1,11%
  41997     2    18511,4978  3685    18894,6107    18685,0218 29952115    1,11%
  41999     4    18511,8570  3625    18894,6107    18685,0218 29952996    1,11%
  42005    10    18602,1262  3239    18894,6107    18685,0218 29962212    1,11%
  42037    25    18773,7701  2774    18894,6107    18685,0218 29980566    1,11%
  42111    85    18658,8467  3052    18894,6107    18685,0218 30045491    1,11%
  42161   122    18653,8003  3020    18894,6107    18685,0218 30106936    1,11%
  42247   164    18815,7782  2695    18894,6107    18685,0218 30181018    1,11%
  42331   228    18600,2670  3164    18894,6107    18685,0218 30226659    1,11%
Elapsed time = 10491,43 sec. (1865625,90 ticks, tree = 3,24 MB, solutions = 26)
  42430   287    18829,2932  2508    18894,6107    18685,0218 30265297    1,11%
  42556   355    18743,4789  2964    18894,6107    18685,0218 30317481    1,11%
  42660   447        cutoff          18894,6107    18685,0218 30391318    1,11%
  42791   458    18735,1531  2992    18894,6107    18685,0218 30402991    1,11%
  42918   571    18796,0635  2880    18894,6107    18685,0218 30480516    1,11%
  43012   697    18826,0892  2460    18894,6107    18685,0218 30553720    1,11%
  43136   727    18824,3336  2396    18894,6107    18685,0218 30571243    1,11%
  43260   779    18756,4360  2227    18894,6107    18685,0218 30614181    1,11%
  43382   907    18827,8349  2785    18894,6107    18685,0218 30705148    1,11%
  43512   940    18825,3210  2861    18894,6107    18685,0218 30725213    1,11%
Elapsed time = 10674,67 sec. (1904053,26 ticks, tree = 26,86 MB, solutions = 26)
  43644  1037    18688,5361  2844    18894,6107    18685,0218 30793025    1,11%
  43768  1127    18755,3280  2804    18894,6107    18685,0218 30848233    1,11%
  43866  1271    18660,2777  3001    18894,6107    18685,0218 30956744    1,11%
  43962  1319    18812,3470  2175    18894,6107    18685,0218 30986598    1,11%
  44108  1381        cutoff          18894,6107    18685,0218 31038217    1,11%
  44223  1515    18623,6803  2973    18894,6107    18685,0218 31124890    1,11%
  44333  1514    18733,8648  2942    18894,6107    18685,0218 31124045    1,11%
  44441  1739    18790,8339  1795    18894,6107    18685,0218 31286716    1,11%
  44540  1693    18738,3772  2318    18894,6107    18685,0218 31262710    1,11%
  44644  1833    18808,1482  2301    18894,6107    18685,0218 31362957    1,11%
Elapsed time = 10868,52 sec. (1942594,71 ticks, tree = 64,88 MB, solutions = 26)
  44754  1896    18881,9114  2128    18894,6107    18685,0218 31417785    1,11%
  44871  2004    18890,8221  1856    18894,6107    18685,0218 31499590    1,11%
  44981  2107    18855,4690  2324    18894,6107    18685,0218 31594056    1,11%
  45090  2181    18881,0498  1998    18894,6107    18685,0218 31641973    1,11%
  45197  2215    18677,8579  2492    18894,6107    18685,0218 31671366    1,11%
  45296  2301    18700,6154  2835    18894,6107    18685,0218 31748054    1,11%
  45401  2379    18654,8497  2765    18894,6107    18685,0218 31806236    1,11%
  45486  2412    18838,5411  2192    18894,6107    18685,0218 31839079    1,11%
  45578  2561    18771,2331  3010    18894,6107    18685,0218 31980103    1,11%
  45683  2562    18829,4651  2820    18894,6107    18685,0218 31977649    1,11%
Elapsed time = 11068,12 sec. (1981032,73 ticks, tree = 90,23 MB, solutions = 26)
  45773  2689    18890,9008  1996    18894,6107    18685,0218 32087790    1,11%
  45866  2678    18867,1307  2335    18894,6107    18685,0218 32084023    1,11%
  45968  2755    18785,7482  2985    18894,6107    18685,0218 32173678    1,11%
  46087  2822    18860,7876  2258    18894,6107    18685,0218 32239833    1,11%

Mixed integer rounding cuts applied:  1
Zero-half cuts applied:  393
Lift and project cuts applied:  36
Gomory fractional cuts applied:  2

Root node processing (before b&c):
  Real time             =   56,82 sec. (23427,51 ticks)
Parallel b&c, 12 threads:
  Real time             = 11106,67 sec. (1976816,81 ticks)
  Sync time (average)   =  995,46 sec.
  Wait time (average)   =    0,11 sec.
                          ------------
Total (root+branch&cut) = 11163,49 sec. (2000244,32 ticks)

