
Version identifier: 22.1.1.0 | 2022-11-28 | 9160aff4d
CPXPARAM_MultiObjective_Display                  0
CPXPARAM_TimeLimit                               60000
CPXPARAM_WorkMem                                 8192
CPXPARAM_DetTimeLimit                            60000
Tried aggregator 3 times.
MIP Presolve eliminated 24752 rows and 131206 columns.
Aggregator did 332 substitutions.
Reduced MIP has 1554 rows, 5268 columns, and 12054 nonzeros.
Reduced MIP has 5254 binaries, 14 generals, 0 SOSs, and 0 indicators.
Presolve time = 0,11 sec. (86,72 ticks)
Found incumbent of value 107344,778650 after 0,13 sec. (108,75 ticks)
Probing time = 0,01 sec. (5,12 ticks)
Tried aggregator 2 times.
Detecting symmetries...
Aggregator did 7 substitutions.
Reduced MIP has 1547 rows, 5261 columns, and 12040 nonzeros.
Reduced MIP has 5254 binaries, 7 generals, 0 SOSs, and 0 indicators.
Presolve time = 0,01 sec. (11,81 ticks)
Probing time = 0,01 sec. (5,04 ticks)
Clique table members: 7165.
MIP emphasis: balance optimality and feasibility.
MIP search method: dynamic search.
Parallel mode: deterministic, using up to 12 threads.
Root relaxation solution time = 0,24 sec. (129,34 ticks)

        Nodes                                         Cuts/
   Node  Left     Objective  IInf  Best Integer    Best Bound    ItCnt     Gap

*     0+    0                       107344,7786  -462003,2670           530,39%
*     0+    0                        93559,7906  -462003,2670           593,81%
*     0+    0                        93553,1216  -462003,2670           593,84%
*     0+    0                        93546,4526  -462003,2670           593,88%
*     0+    0                        93539,7836  -462003,2670           593,91%
*     0+    0                        93533,1146  -462003,2670           593,95%
*     0+    0                        93526,4456  -462003,2670           593,98%
*     0+    0                        93519,7766  -462003,2670           594,02%
*     0+    0                        93513,1076  -462003,2670           594,05%
*     0+    0                        93506,4386  -462003,2670           594,09%
      0     0    12015,6760   508    93506,4386    12015,6760     3046   87,15%
*     0+    0                        17331,5612    12015,6760            30,67%
      0     0    12443,5480   628    17331,5612      Cuts: 63     3311   28,20%
      0     0    12515,6905   668    17331,5612  ZeroHalf: 27     3391   27,79%
*     0+    0                        13581,3088    12515,6905             7,85%
      0     0    12604,2178   626    13581,3088  ZeroHalf: 34     3504    7,19%
      0     0    12630,3180   656    13581,3088  ZeroHalf: 21     3593    7,00%
      0     0    12701,3994   661    13581,3088  ZeroHalf: 32     3767    6,48%
Detecting symmetries...
*     0+    0                        13518,1033    12701,3994             6,04%
      0     0    12713,8195   697    13518,1033  ZeroHalf: 13     3836    5,95%
*     0+    0                        13436,9907    12713,8195             5,38%
*     0+    0                        13392,7556    12713,8195             5,07%
Detecting symmetries...

Repeating presolve.
Tried aggregator 2 times.
MIP Presolve eliminated 103 rows and 1595 columns.
Aggregator did 66 substitutions.
Reduced MIP has 1378 rows, 3600 columns, and 8624 nonzeros.
Reduced MIP has 3593 binaries, 7 generals, 0 SOSs, and 0 indicators.
Presolve time = 0,01 sec. (8,23 ticks)
Probing fixed 60 vars, tightened 0 bounds.
Probing changed sense of 6 constraints.
Probing time = 0,11 sec. (73,00 ticks)
Tried aggregator 2 times.
MIP Presolve eliminated 15 rows and 70 columns.
Aggregator did 4 substitutions.
Reduced MIP has 1359 rows, 3526 columns, and 8464 nonzeros.
Reduced MIP has 3519 binaries, 7 generals, 0 SOSs, and 0 indicators.
Presolve time = 0,01 sec. (10,23 ticks)
Probing time = 0,01 sec. (3,85 ticks)
Tried aggregator 2 times.
Detecting symmetries...
Aggregator did 1 substitutions.
Reduced MIP has 1358 rows, 3525 columns, and 8467 nonzeros.
Reduced MIP has 3518 binaries, 7 generals, 0 SOSs, and 0 indicators.
Presolve time = 0,01 sec. (7,12 ticks)
Represolve time = 0,23 sec. (228,20 ticks)
Probing time = 0,01 sec. (3,87 ticks)
Clique table members: 5672.
MIP emphasis: balance optimality and feasibility.
MIP search method: dynamic search.
Parallel mode: deterministic, using up to 12 threads.
Root relaxation solution time = 0,13 sec. (133,55 ticks)

        Nodes                                         Cuts/
   Node  Left     Objective  IInf  Best Integer    Best Bound    ItCnt     Gap

*     0+    0                        13392,7556    12713,8195             5,07%
      0     0    12713,8195   677    13392,7556    12713,8195     6544    5,07%
*     0+    0                        13265,8363    12713,8195             4,16%
      0     0    12735,4525   699    13265,8363      Cuts: 34     6673    3,72%
      0     0    12746,5487   699    13265,8363      Cuts: 17     6760    3,72%
      0     0    12754,5217   693    13265,8363      Cuts: 18     6836    3,72%
      0     0    12759,1246   659    13265,8363   ZeroHalf: 4     6895    3,72%
      0     0    12767,6607   702    13265,8363   ZeroHalf: 9     6980    3,72%
      0     0    12769,9249   733    13265,8363   ZeroHalf: 8     7026    3,72%
      0     0    12776,3766   762    13265,8363   ZeroHalf: 8     7091    3,35%
      0     0    12780,3920   761    13265,8363   ZeroHalf: 7     7146    3,35%
      0     0    12784,7026   744    13265,8363   ZeroHalf: 6     7224    2,65%
      0     0    12786,3038   752    13265,8363   ZeroHalf: 2     7258    2,65%
Detecting symmetries...
      0     2    12786,3038   751    13265,8363    13137,2646     7258    0,97%
Elapsed time = 3,63 sec. (1890,31 ticks, tree = 0,02 MB, solutions = 16)
    248    56    12906,5226   663    13265,8363    13137,2646    23816    0,97%
    679    28    13232,8407   443    13265,8363    13137,2646    56144    0,97%

Zero-half cuts applied:  60
Lift and project cuts applied:  6
Gomory fractional cuts applied:  6

Root node processing (before b&c):
  Real time             =    3,58 sec. (1890,89 ticks)
Parallel b&c, 12 threads:
  Real time             =    1,24 sec. (574,04 ticks)
  Sync time (average)   =    0,38 sec.
  Wait time (average)   =    0,00 sec.
                          ------------
Total (root+branch&cut) =    4,82 sec. (2464,94 ticks)

