
Version identifier: 22.1.1.0 | 2022-11-28 | 9160aff4d
CPXPARAM_MultiObjective_Display                  0
CPXPARAM_TimeLimit                               60000
CPXPARAM_WorkMem                                 8192
CPXPARAM_DetTimeLimit                            60000
Found incumbent of value 128000,000000 after 0,01 sec. (6,49 ticks)
Tried aggregator 3 times.
MIP Presolve eliminated 22464 rows and 124966 columns.
Aggregator did 482 substitutions.
Reduced MIP has 1845 rows, 7578 columns, and 17083 nonzeros.
Reduced MIP has 7562 binaries, 16 generals, 0 SOSs, and 0 indicators.
Presolve time = 0,12 sec. (89,63 ticks)
Probing time = 0,01 sec. (5,82 ticks)
Tried aggregator 2 times.
Detecting symmetries...
Aggregator did 8 substitutions.
Reduced MIP has 1837 rows, 7570 columns, and 17067 nonzeros.
Reduced MIP has 7562 binaries, 8 generals, 0 SOSs, and 0 indicators.
Presolve time = 0,02 sec. (16,62 ticks)
Probing time = 0,02 sec. (5,73 ticks)
Clique table members: 9833.
MIP emphasis: balance optimality and feasibility.
MIP search method: dynamic search.
Parallel mode: deterministic, using up to 12 threads.
Root relaxation solution time = 0,18 sec. (165,62 ticks)

        Nodes                                         Cuts/
   Node  Left     Objective  IInf  Best Integer    Best Bound    ItCnt     Gap

*     0+    0                       128000,0000  -580194,0000           553,28%
*     0+    0                       117332,0000  -580194,0000           594,49%
      0     0    10868,4405   980   117332,0000    10868,4405       23   90,74%
      0     0    10894,9247   910   117332,0000      Cuts: 22      471   90,71%
*     0+    0                        31858,6838    10894,9247            65,80%
      0     0    10908,8954   866    31858,6838      Cuts: 25      808   65,76%
      0     0    10917,2359   968    31858,6838      Cuts: 39     1087   65,73%
*     0+    0                        22363,8622    10917,2359            51,18%
*     0+    0                        20860,1690    10917,2359            47,66%
      0     0  -1,00000e+75     0    20860,1690    10917,2359     1087   47,66%
*     0+    0                        11097,1983    10917,2359             1,62%
      0     0    10923,4989   914    11097,1983  ZeroHalf: 22     1348    1,57%
      0     0    10924,3011   993    11097,1983  ZeroHalf: 12     1484    1,56%

Repeating presolve.
Tried aggregator 2 times.
MIP Presolve eliminated 173 rows and 2522 columns.
Aggregator did 52 substitutions.
Reduced MIP has 1612 rows, 4996 columns, and 11718 nonzeros.
Reduced MIP has 4988 binaries, 8 generals, 0 SOSs, and 0 indicators.
Presolve time = 0,02 sec. (16,06 ticks)
Probing time = 0,01 sec. (4,67 ticks)
Tried aggregator 1 time.
Detecting symmetries...
Reduced MIP has 1612 rows, 4996 columns, and 11718 nonzeros.
Reduced MIP has 4988 binaries, 8 generals, 0 SOSs, and 0 indicators.
Presolve time = 0,01 sec. (9,06 ticks)
Represolve time = 0,08 sec. (76,34 ticks)
Probing time = 0,01 sec. (4,66 ticks)
Clique table members: 6982.
MIP emphasis: balance optimality and feasibility.
MIP search method: dynamic search.
Parallel mode: deterministic, using up to 12 threads.
Root relaxation solution time = 0,20 sec. (158,61 ticks)

        Nodes                                         Cuts/
   Node  Left     Objective  IInf  Best Integer    Best Bound    ItCnt     Gap

*     0+    0                        11097,1983    10924,3011             1,56%
      0     0    10924,3011   969    11097,1983    10924,3011     1511    1,56%
      0     0    10929,6526   984    11097,1983  ZeroHalf: 16     1774    1,35%
      0     0    10932,2803  1012    11097,1983   ZeroHalf: 9     1961    1,35%
      0     0    10936,3773  1038    11097,1983   ZeroHalf: 8     2130    1,35%
      0     0    10939,8396  1067    11097,1983   ZeroHalf: 6     2352    1,35%
      0     0    10940,6603  1054    11097,1983   ZeroHalf: 4     2435    1,35%
      0     0    10941,0213  1096    11097,1983   ZeroHalf: 2     2500    1,35%
*     0+    0                        11068,1124    10947,9056             1,09%
      0     2    10941,0213  1093    11068,1124    11004,0204     2500    0,58%
Elapsed time = 5,67 sec. (3605,40 ticks, tree = 0,02 MB, solutions = 6)
      8    10    11050,2541   689    11068,1124    11004,0204     5186    0,58%
     99    17    11066,9025   771    11068,1124    11004,0204    22802    0,58%

Cover cuts applied:  1
Zero-half cuts applied:  52
Lift and project cuts applied:  1
Gomory fractional cuts applied:  3

Root node processing (before b&c):
  Real time             =    5,60 sec. (3593,90 ticks)
Parallel b&c, 12 threads:
  Real time             =    1,10 sec. (599,15 ticks)
  Sync time (average)   =    0,51 sec.
  Wait time (average)   =    0,00 sec.
                          ------------
Total (root+branch&cut) =    6,70 sec. (4193,05 ticks)

