
Version identifier: 22.1.1.0 | 2022-11-28 | 9160aff4d
CPXPARAM_MultiObjective_Display                  0
CPXPARAM_WorkMem                                 8192
CPXPARAM_DetTimeLimit                            2000000
Tried aggregator 3 times.
MIP Presolve eliminated 21937 rows and 130936 columns.
MIP Presolve modified 2 coefficients.
Aggregator did 307 substitutions.
Reduced MIP has 948 rows, 2653 columns, and 6339 nonzeros.
Reduced MIP has 2640 binaries, 13 generals, 0 SOSs, and 0 indicators.
Presolve time = 0,11 sec. (85,37 ticks)
Found incumbent of value 86946,140000 after 0,13 sec. (101,32 ticks)
Probing time = 0,01 sec. (3,61 ticks)
Tried aggregator 2 times.
Detecting symmetries...
Aggregator did 6 substitutions.
Reduced MIP has 942 rows, 2647 columns, and 6327 nonzeros.
Reduced MIP has 2640 binaries, 7 generals, 0 SOSs, and 0 indicators.
Presolve time = 0,01 sec. (6,29 ticks)
Probing time = 0,01 sec. (3,60 ticks)
Clique table members: 3857.
MIP emphasis: balance optimality and feasibility.
MIP search method: dynamic search.
Parallel mode: deterministic, using up to 12 threads.
Root relaxation solution time = 0,03 sec. (16,38 ticks)

        Nodes                                         Cuts/
   Node  Left     Objective  IInf  Best Integer    Best Bound    ItCnt     Gap

*     0+    0                        86946,1400  -369780,0000           525,30%
*     0+    0                        73374,0670  -369780,0000           603,97%
*     0+    0                        73365,9940  -369780,0000           604,02%
*     0+    0                        73357,9210  -369780,0000           604,08%
*     0+    0                        73349,8480  -369780,0000           604,13%
*     0+    0                        73341,7750  -369780,0000           604,19%
*     0     0      integral     0    23613,8600    23613,8600     1007    0,00%
Elapsed time = 0,20 sec. (155,54 ticks, tree = 0,00 MB, solutions = 7)

Root node processing (before b&c):
  Real time             =    0,21 sec. (164,52 ticks)
Parallel b&c, 12 threads:
  Real time             =    0,00 sec. (0,00 ticks)
  Sync time (average)   =    0,00 sec.
  Wait time (average)   =    0,00 sec.
                          ------------
Total (root+branch&cut) =    0,21 sec. (164,52 ticks)

