
Version identifier: 22.1.1.0 | 2022-11-28 | 9160aff4d
CPXPARAM_MultiObjective_Display                  0
CPXPARAM_TimeLimit                               60000
CPXPARAM_WorkMem                                 8192
CPXPARAM_DetTimeLimit                            60000
Tried aggregator 3 times.
MIP Presolve eliminated 21919 rows and 127398 columns.
MIP Presolve modified 2 coefficients.
Aggregator did 268 substitutions.
Reduced MIP has 1107 rows, 3240 columns, and 7530 nonzeros.
Reduced MIP has 3226 binaries, 14 generals, 0 SOSs, and 0 indicators.
Presolve time = 0,10 sec. (80,13 ticks)
Found incumbent of value 101749,051603 after 0,12 sec. (98,02 ticks)
Probing time = 0,02 sec. (10,55 ticks)
Tried aggregator 2 times.
Detecting symmetries...
MIP Presolve eliminated 2 rows and 2 columns.
Aggregator did 6 substitutions.
Reduced MIP has 1099 rows, 3232 columns, and 7514 nonzeros.
Reduced MIP has 3224 binaries, 8 generals, 0 SOSs, and 0 indicators.
Presolve time = 0,01 sec. (8,39 ticks)
Probing time = 0,01 sec. (3,63 ticks)
Clique table members: 4612.
MIP emphasis: balance optimality and feasibility.
MIP search method: dynamic search.
Parallel mode: deterministic, using up to 12 threads.
Root relaxation solution time = 0,05 sec. (43,52 ticks)

        Nodes                                         Cuts/
   Node  Left     Objective  IInf  Best Integer    Best Bound    ItCnt     Gap

*     0+    0                       101749,0516  -289972,0000           384,99%
*     0+    0                        88087,7996  -289972,0000           429,19%
*     0+    0                        88078,6736  -289972,0000           429,22%
*     0+    0                        88069,5476  -289972,0000           429,25%
*     0+    0                        88060,4216  -289972,0000           429,29%
*     0+    0                        88051,2956  -289972,0000           429,32%
*     0+    0                        88042,1696  -289972,0000           429,36%
*     0+    0                        88033,0436  -289972,0000           429,39%
*     0+    0                        88023,9176  -289972,0000           429,42%
*     0+    0                        88015,8716  -289972,0000           429,45%
*     0     0      integral     0    19529,4633    19529,4633     1618    0,00%
Elapsed time = 0,24 sec. (190,71 ticks, tree = 0,00 MB, solutions = 11)

Root node processing (before b&c):
  Real time             =    0,26 sec. (203,00 ticks)
Parallel b&c, 12 threads:
  Real time             =    0,00 sec. (0,00 ticks)
  Sync time (average)   =    0,00 sec.
  Wait time (average)   =    0,00 sec.
                          ------------
Total (root+branch&cut) =    0,26 sec. (203,00 ticks)

