
Version identifier: 22.1.1.0 | 2022-11-28 | 9160aff4d
CPXPARAM_MultiObjective_Display                  0
CPXPARAM_TimeLimit                               60000
CPXPARAM_WorkMem                                 8192
CPXPARAM_DetTimeLimit                            60000
Tried aggregator 3 times.
MIP Presolve eliminated 24894 rows and 131702 columns.
Aggregator did 360 substitutions.
Reduced MIP has 1352 rows, 4374 columns, and 10108 nonzeros.
Reduced MIP has 4358 binaries, 16 generals, 0 SOSs, and 0 indicators.
Presolve time = 0,11 sec. (88,99 ticks)
Found incumbent of value 105525,897690 after 0,13 sec. (108,65 ticks)
Probing time = 0,01 sec. (4,80 ticks)
Tried aggregator 2 times.
Detecting symmetries...
Aggregator did 8 substitutions.
Reduced MIP has 1344 rows, 4366 columns, and 10092 nonzeros.
Reduced MIP has 4358 binaries, 8 generals, 0 SOSs, and 0 indicators.
Presolve time = 0,01 sec. (9,96 ticks)
Probing time = 0,01 sec. (4,79 ticks)
Clique table members: 6044.
MIP emphasis: balance optimality and feasibility.
MIP search method: dynamic search.
Parallel mode: deterministic, using up to 12 threads.
Root relaxation solution time = 0,07 sec. (61,01 ticks)

        Nodes                                         Cuts/
   Node  Left     Objective  IInf  Best Integer    Best Bound    ItCnt     Gap

*     0+    0                       105525,8977  -401011,0000           480,01%
*     0+    0                        85997,3937  -401011,0000           566,31%
*     0+    0                        85988,2677  -401011,0000           566,36%
*     0+    0                        85979,1417  -401011,0000           566,40%
*     0+    0                        85970,0157  -401011,0000           566,45%
*     0+    0                        85960,8897  -401011,0000           566,50%
*     0+    0                        85951,7637  -401011,0000           566,55%
*     0+    0                        85943,7177  -401011,0000           566,60%
*     0+    0                        85935,9957  -401011,0000           566,64%
*     0+    0                        85928,2737  -401011,0000           566,68%
      0     0    13280,5923   199    85928,2737    13280,5923     2030   84,54%
*     0+    0                        19120,7630    13280,5923            30,54%
*     0+    0                        13315,4051    13280,5923             0,26%
      0     0        cutoff          13315,4051    13315,4051     2072    0,00%
Elapsed time = 0,39 sec. (290,48 ticks, tree = 0,01 MB, solutions = 12)

Zero-half cuts applied:  6
Lift and project cuts applied:  1
Gomory fractional cuts applied:  1

Root node processing (before b&c):
  Real time             =    0,40 sec. (304,21 ticks)
Parallel b&c, 12 threads:
  Real time             =    0,00 sec. (0,00 ticks)
  Sync time (average)   =    0,00 sec.
  Wait time (average)   =    0,00 sec.
                          ------------
Total (root+branch&cut) =    0,40 sec. (304,21 ticks)

