
Version identifier: 22.1.1.0 | 2022-11-28 | 9160aff4d
CPXPARAM_MultiObjective_Display                  0
CPXPARAM_WorkMem                                 8192
CPXPARAM_DetTimeLimit                            2000000
Tried aggregator 4 times.
MIP Presolve eliminated 20832 rows and 128927 columns.
Aggregator did 338 substitutions.
Reduced MIP has 1148 rows, 3720 columns, and 8658 nonzeros.
Reduced MIP has 3708 binaries, 12 generals, 0 SOSs, and 0 indicators.
Presolve time = 0,10 sec. (88,59 ticks)
Found incumbent of value 107083,840000 after 0,12 sec. (106,06 ticks)
Probing time = 0,01 sec. (3,82 ticks)
Tried aggregator 2 times.
Detecting symmetries...
Aggregator did 6 substitutions.
Reduced MIP has 1142 rows, 3714 columns, and 8646 nonzeros.
Reduced MIP has 3708 binaries, 6 generals, 0 SOSs, and 0 indicators.
Presolve time = 0,01 sec. (8,55 ticks)
Probing time = 0,01 sec. (3,83 ticks)
Clique table members: 5189.
MIP emphasis: balance optimality and feasibility.
MIP search method: dynamic search.
Parallel mode: deterministic, using up to 12 threads.
Root relaxation solution time = 0,05 sec. (44,74 ticks)

        Nodes                                         Cuts/
   Node  Left     Objective  IInf  Best Integer    Best Bound    ItCnt     Gap

*     0+    0                       107083,8400  -411573,0000           484,35%
*     0+    0                        86576,8000  -411573,0000           575,38%
*     0+    0                        86569,7800  -411573,0000           575,42%
*     0+    0                        86562,7600  -411573,0000           575,46%
*     0+    0                        86555,7400  -411573,0000           575,50%
*     0+    0                        86548,7200  -411573,0000           575,54%
*     0+    0                        86541,7000  -411573,0000           575,58%
*     0+    0                        86534,6800  -411573,0000           575,62%
*     0+    0                        86527,6600  -411573,0000           575,65%
*     0+    0                        86521,7200  -411573,0000           575,69%
      0     0    17847,8725    87    86521,7200    17847,8725     1922   79,37%
*     0+    0                        18814,0290    17847,8725             5,14%
*     0+    0                        17849,7300    17847,8725             0,01%
      0     0        cutoff          17849,7300    17848,3025     1924    0,01%
Elapsed time = 0,38 sec. (257,86 ticks, tree = 0,01 MB, solutions = 12)

Zero-half cuts applied:  1
Lift and project cuts applied:  1
Gomory fractional cuts applied:  2

Root node processing (before b&c):
  Real time             =    0,39 sec. (271,24 ticks)
Parallel b&c, 12 threads:
  Real time             =    0,00 sec. (0,00 ticks)
  Sync time (average)   =    0,00 sec.
  Wait time (average)   =    0,00 sec.
                          ------------
Total (root+branch&cut) =    0,39 sec. (271,24 ticks)

