
Version identifier: 22.1.1.0 | 2022-11-28 | 9160aff4d
CPXPARAM_MultiObjective_Display                  0
CPXPARAM_TimeLimit                               2000000
CPXPARAM_WorkMem                                 8192
CPXPARAM_DetTimeLimit                            2000000
Tried aggregator 3 times.
MIP Presolve eliminated 125314 rows and 1082566 columns.
Aggregator did 1272 substitutions.
Reduced MIP has 6025 rows, 34564 columns, and 75282 nonzeros.
Reduced MIP has 34532 binaries, 32 generals, 0 SOSs, and 0 indicators.
Presolve time = 0,86 sec. (628,06 ticks)
Found incumbent of value 201779,771462 after 1,03 sec. (771,59 ticks)
Tried aggregator 2 times.
Detecting symmetries...
Aggregator did 16 substitutions.
Reduced MIP has 6009 rows, 34548 columns, and 75250 nonzeros.
Reduced MIP has 34532 binaries, 16 generals, 0 SOSs, and 0 indicators.
Presolve time = 0,07 sec. (69,40 ticks)
Probing time = 0,08 sec. (15,17 ticks)
Clique table members: 41771.
MIP emphasis: balance optimality and feasibility.
MIP search method: dynamic search.
Parallel mode: deterministic, using up to 12 threads.
Root relaxation solution time = 0,98 sec. (571,14 ticks)

        Nodes                                         Cuts/
   Node  Left     Objective  IInf  Best Integer    Best Bound    ItCnt     Gap

*     0+    0                       201779,7715 -2027529,0000              --- 
*     0+    0                       180214,5115 -2027529,0000              --- 
*     0+    0                       180196,2595 -2027529,0000              --- 
*     0+    0                       180178,0075 -2027529,0000              --- 
*     0+    0                       180159,7555 -2027529,0000              --- 
*     0+    0                       180141,5035 -2027529,0000              --- 
*     0+    0                       180124,3315 -2027529,0000              --- 
*     0+    0                       180107,4835 -2027529,0000              --- 
*     0+    0                       180090,6355 -2027529,0000              --- 
*     0+    0                       180073,7875 -2027529,0000              --- 
      0     0    17335,8634  2280   180073,7875    17335,8634       40   90,37%
*     0+    0                       108507,9959    17335,8634            84,02%
      0     0    17344,9063  2362   108507,9959   ZeroHalf: 6      453   84,02%
*     0+    0                        37453,0540    17344,9063            53,69%
      0     0    17350,6315  2353    37453,0540   ZeroHalf: 4      874   53,67%
      0     0    17356,0613  2312    37453,0540   ZeroHalf: 5     1220   53,66%
      0     0    17362,8169  2388    37453,0540   ZeroHalf: 5     1622   53,64%
      0     0    17371,5452  2466    37453,0540   ZeroHalf: 6     2060   53,62%
Detecting symmetries...
      0     0    17373,1804  2512    37453,0540   ZeroHalf: 1     2248   53,61%
      0     0    17378,0790  2373    37453,0540   ZeroHalf: 2     2614   53,60%
      0     0    17388,4410  2450    37453,0540   ZeroHalf: 8     3062   53,57%
      0     0    17389,0163  2463    37453,0540   ZeroHalf: 4     3169   53,57%
      0     0    17390,7663  2442    37453,0540   ZeroHalf: 6     3360   53,57%
      0     0    17394,5244  2502    37453,0540   ZeroHalf: 5     3692   53,56%
      0     0    17396,7030  2447    37453,0540   ZeroHalf: 2     3863   53,55%
*     0+    0                        21117,9657    17396,7030            17,62%
      0     0    17398,8980  2490    21117,9657   ZeroHalf: 6     4105   17,61%
*     0+    0                        20045,0559    17398,8980            13,20%
Detecting symmetries...
      0     2    17398,8980  2490    20045,0559    17398,8980     4105   13,20%
Elapsed time = 40,02 sec. (18631,21 ticks, tree = 0,02 MB, solutions = 14)
      1     3    17421,5964  2524    20045,0559    17398,8980     5949   13,20%
      3     5    17444,0832  2234    20045,0559    17420,2330     8707   13,09%
      7     6    17451,8677  2174    20045,0559    17420,2398     9106   13,09%
      9     8    17480,0592  2404    20045,0559    17444,0372    12442   12,98%
     12     7    17508,0003  2361    20045,0559    17444,0372    11541   12,98%
     19    13    17474,3966  2480    20045,0559    17444,0372    15901   12,98%
     21    17    17568,0207  1841    20045,0559    17451,9010    20742   12,94%
     28    23    17529,0510  2312    20045,0559    17452,6895    26171   12,93%
     31    28    17641,6940  1743    20045,0559    17452,6895    32994   12,93%
     47    32    17594,3808  2089    20045,0559    17452,6895    40162   12,93%
Elapsed time = 69,98 sec. (25009,47 ticks, tree = 0,25 MB, solutions = 14)
     61    44    17679,6294  1780    20045,0559    17452,6895    55315   12,93%
     76    59    17701,2640  1752    20045,0559    17452,6895    70260   12,93%
     99    74    17741,4257  1473    20045,0559    17452,6895    87251   12,93%
    119   104    17721,8012  1887    20045,0559    17452,6895   113871   12,93%
*   138+   89                        18396,2212    17452,6895             5,13%
    144   131    17753,5694  1749    18396,2212    17452,6895   131884    5,13%
*   178+   95                        18265,9839    17452,6895             4,45%
    179   151    17799,6926  1459    18265,9839    17452,6895   142002    4,45%
    226   150    18023,6657  1045    18265,9839    17452,6895   140782    4,45%
    278   208    18263,6128   155    18265,9839    17452,6895   169018    4,45%
*   302+  177                        18258,9350    17452,6895             4,42%
    330   271    17555,8423  2150    18258,9350    17452,6895   199890    4,42%
*   377+  254                        18172,2053    17452,6895             3,96%
    382   280    17976,0968  1621    18172,2053    17452,6895   204188    3,96%
Elapsed time = 138,47 sec. (34830,00 ticks, tree = 7,42 MB, solutions = 19)
    411   323    18026,4563  1363    18172,2053    17452,6895   238584    3,96%
    440   325        cutoff          18172,2053    17452,6895   240668    3,96%
    469   331    17727,1276  1865    18172,2053    17452,6895   247635    3,96%
    509   387    17879,5189   900    18172,2053    17452,6895   288345    3,96%
    540   397    17514,0886  2004    18172,2053    17467,6172   292724    3,88%
    576   415    17813,3048  1457    18172,2053    17514,1029   303565    3,62%
    623   439    17772,8615  1633    18172,2053    17514,1029   321731    3,62%
    655   493    17588,6758  2015    18172,2053    17514,1029   352100    3,62%
    697   543    17689,1776  1586    18172,2053    17514,1029   380003    3,62%
    733   527        cutoff          18172,2053    17514,1029   371665    3,62%
Elapsed time = 208,73 sec. (44522,07 ticks, tree = 17,87 MB, solutions = 19)
    780   624    17658,0059  1539    18172,2053    17514,1029   424851    3,62%
    816   627    18059,0881   797    18172,2053    17514,1029   423586    3,62%
    856   684    17789,4730  1807    18172,2053    17514,1029   459314    3,62%
    891   659    18129,7817  1107    18172,2053    17514,1029   444500    3,62%
    927   731    17640,1957  1632    18172,2053    17514,1813   491738    3,62%
    964   745    17927,1724  1816    18172,2053    17527,9126   497624    3,55%
    998   793    17946,3293  1953    18172,2053    17527,9126   531354    3,55%
   1035   772    17681,1878  1940    18172,2053    17527,9126   516528    3,55%
   1075   829    17969,0362  1632    18172,2053    17527,9126   555967    3,55%
   1109   819        cutoff          18172,2053    17527,9126   546115    3,55%
Elapsed time = 279,70 sec. (54299,86 ticks, tree = 33,14 MB, solutions = 19)
   1145   900    17604,9545  1988    18172,2053    17527,9126   601566    3,55%
   1184   881    17905,3832  1610    18172,2053    17537,4090   587780    3,49%
   1216   906    17736,5084  1823    18172,2053    17556,1509   605142    3,39%
   1252   974    17681,7845  1968    18172,2053    17556,1509   654980    3,39%
   1286   993    17876,1048  1371    18172,2053    17556,1509   665764    3,39%
   1319   975    17674,8836  2289    18172,2053    17556,1509   651780    3,39%
   1353  1002    18061,8807  1321    18172,2053    17556,1509   669776    3,39%
   1395  1067        cutoff          18172,2053    17559,6035   711826    3,37%
   1441  1100    17836,9086  2184    18172,2053    17559,6035   728233    3,37%
   1476  1049    17590,7788  1895    18172,2053    17559,6035   701338    3,37%
Elapsed time = 352,74 sec. (64171,15 ticks, tree = 37,81 MB, solutions = 19)
   1507  1161    17943,3827  1774    18172,2053    17559,6035   765444    3,37%
*  1533+ 1131                        18126,3720    17559,6035             3,13%
   1545  1160    17973,2026  1766    18126,3720    17559,6035   760024    3,13%
   1587  1199    17911,7212  1749    18126,3720    17566,0374   825164    3,09%
   1622  1203    18012,3911  1824    18126,3720    17569,2378   827042    3,07%
   1664  1207    17835,3077  1675    18126,3720    17569,2378   832000    3,07%
   1712  1203    18098,8274  1367    18126,3720    17569,2378   824745    3,07%
   1754  1248    17716,1107  1552    18126,3720    17569,2378   852646    3,07%
   1793  1321    17759,2384  1796    18126,3720    17569,2378   897939    3,07%
   1836  1429    18070,0438  1547    18126,3720    17569,2378   956023    3,07%
   1885  1310    17616,7050  2112    18126,3720    17573,0073   894680    3,05%
Elapsed time = 424,05 sec. (73881,51 ticks, tree = 48,42 MB, solutions = 20)
   1930  1457    17594,7548  1762    18126,3720    17573,0073   974734    3,05%
*  1950+ 1391                        18041,5654    17573,0073             2,60%
   1977  1451    18040,0303  1394    18041,5654    17573,0073   969856    2,60%
   2020  1464    17723,6396  1910    18041,5654    17573,0073   978208    2,60%
   2071  1532        cutoff          18041,5654    17576,6717  1019896    2,58%
   2112  1383    17886,3831  1250    18041,5654    17576,6717  1050981    2,58%
   2146  1379    17829,5895  1693    18041,5654    17577,9849  1045750    2,57%
   2193  1398    17969,6190  1931    18041,5654    17578,5185  1059983    2,57%
   2231  1448    17844,0961  1507    18041,5654    17580,2640  1096401    2,56%
   2276  1424    17954,4461  1679    18041,5654    17580,2640  1081620    2,56%
   2317  1524    17718,9793  1777    18041,5654    17580,2640  1141235    2,56%
Elapsed time = 496,55 sec. (83656,01 ticks, tree = 58,50 MB, solutions = 21)
   2360  1585    17697,8021  1925    18041,5654    17581,4518  1181683    2,55%
   2398  1652    17838,1062  1547    18041,5654    17583,1706  1217361    2,54%
   2439  1609    17697,2282  1821    18041,5654    17583,4079  1193117    2,54%
   2490  1673    17612,5561  1522    18041,5654    17583,4079  1228276    2,54%
   2533  1708        cutoff          18041,5654    17584,5667  1247479    2,53%
   2581  1745        cutoff          18041,5654    17584,5667  1271396    2,53%
   2625  1822    17829,6689  1781    18041,5654    17585,2406  1314482    2,53%
   2671  1834        cutoff          18041,5654    17585,2406  1322953    2,53%
   2713  1831    17983,6644  1565    18041,5654    17585,2406  1318339    2,53%
   2763  1866    17949,5490  1796    18041,5654    17585,6005  1339278    2,53%
Elapsed time = 568,56 sec. (93386,82 ticks, tree = 78,53 MB, solutions = 21)
   2807  1869        cutoff          18041,5654    17585,6005  1341672    2,53%
   2840  1871    17628,8731  1844    18041,5654    17591,2687  1343211    2,50%
   2883  1873    17705,9721  1797    18041,5654    17591,3014  1344920    2,50%
   2925  2042    17989,2681  1896    18041,5654    17591,5123  1452769    2,49%
   2967  2028    17818,7372  1855    18041,5654    17591,5123  1446707    2,49%
   3009  2020    17990,0285  1604    18041,5654    17591,8394  1441708    2,49%
   3058  2108    17851,9606  1419    18041,5654    17591,8394  1494165    2,49%
   3101  2087    18015,5680  2088    18041,5654    17591,8394  1481389    2,49%
   3149  2124    17801,6448  1711    18041,5654    17592,7232  1505698    2,49%
   3183  2193    17845,0415  1981    18041,5654    17592,7500  1548834    2,49%
Elapsed time = 640,53 sec. (103132,15 ticks, tree = 85,30 MB, solutions = 21)
   3223  2228    17712,3397  1625    18041,5654    17594,7565  1573701    2,48%
   3269  2224    17898,2570  1744    18041,5654    17594,7565  1567062    2,48%
   3309  2291    18033,5193  1480    18041,5654    17596,3217  1609180    2,47%
   3355  2372    17998,7327  1384    18041,5654    17596,3217  1653265    2,47%
   3410  2439    17672,8994  1704    18041,5654    17596,3217  1695245    2,47%
   3456  2442    17744,1387  1860    18041,5654    17596,6138  1696965    2,47%
   3493  2446    17802,9716  1705    18041,5654    17596,6138  1698754    2,47%
   3543  2473    17814,9705  1641    18041,5654    17596,6138  1717474    2,47%
   3590  2546    17662,2727  1765    18041,5654    17596,6138  1764803    2,47%
   3785  2574    17814,8631  1627    18041,5654    17599,9150  1780132    2,45%
Elapsed time = 733,00 sec. (115711,03 ticks, tree = 107,92 MB, solutions = 21)
   3842  2690    17961,0595  1838    18041,5654    17599,9150  1849036    2,45%

Performing restart 1

Repeating presolve.
Tried aggregator 5 times.
MIP Presolve eliminated 468 rows and 7674 columns.
Aggregator did 136 substitutions.
Reduced MIP has 5405 rows, 26738 columns, and 59143 nonzeros.
Reduced MIP has 26722 binaries, 16 generals, 0 SOSs, and 0 indicators.
Presolve time = 0,08 sec. (67,23 ticks)
Tried aggregator 2 times.
MIP Presolve eliminated 116 rows and 906 columns.
Aggregator did 34 substitutions.
Reduced MIP has 5255 rows, 25798 columns, and 57146 nonzeros.
Reduced MIP has 25782 binaries, 16 generals, 0 SOSs, and 0 indicators.
Presolve time = 0,09 sec. (71,00 ticks)
Tried aggregator 1 time.
Reduced MIP has 5255 rows, 25798 columns, and 57146 nonzeros.
Reduced MIP has 25782 binaries, 16 generals, 0 SOSs, and 0 indicators.
Presolve time = 0,06 sec. (43,06 ticks)
Represolve time = 2,84 sec. (2024,09 ticks)
   3843     0    17404,9946  2538    18041,5654   ZeroHalf: 4  1959285    2,44%
   3843     0    17404,9946  2537    18041,5654   ZeroHalf: 1  1959292    2,44%
   3843     0    17406,6081  2544    18041,5654   ZeroHalf: 1  1959566    2,44%
   3843     0    17410,6550  2515    18041,5654   ZeroHalf: 2  1959896    2,44%
   3843     0    17420,3454  2584    18041,5654   ZeroHalf: 9  1960492    2,44%
*  3843+    0                        18039,4683    17601,6952             2,43%
   3843     2    17420,3454  2584    18039,4683    17601,6952  1960492    2,43%
   3847     4    17464,8730  2549    18039,4683    17601,6952  1963399    2,43%
*  3848+    2                        18036,2738    17601,6952             2,41%
*  3851+    2                        18031,4138    17601,6952             2,38%
   3875    20    17655,2247  2132    18031,4138    17601,6952  1996230    2,38%
   3927    49    17673,8605  2241    18031,4138    17601,6952  2058301    2,38%
   4009   134    17733,7264  2124    18031,4138    17601,6952  2152882    2,38%
   4133   249    17807,3765  2034    18031,4138    17601,6952  2243669    2,38%
   4275   307    17796,8791  1895    18031,4138    17601,6952  2292292    2,38%
   4446   446    17886,4687  1727    18031,4138    17601,6952  2368370    2,38%
   4675   564        cutoff          18031,4138    17601,6952  2436897    2,38%
Elapsed time = 950,31 sec. (179047,69 ticks, tree = 14,72 MB, solutions = 24)
   4780   740    17791,6823  2163    18031,4138    17601,6952  2547854    2,38%
   4942   766    17594,9784  2241    18031,4138    17601,6952  2564872    2,38%
   5152   868    17917,4008  1387    18031,4138    17601,6952  2632081    2,38%
   5332   940    17759,8436  1750    18031,4138    17601,6952  2682828    2,38%
   5513  1225    17919,9506  1876    18031,4138    17601,6952  2849707    2,38%
   5747  1261        cutoff          18031,4138    17601,6952  2863967    2,38%
   5906  1536    17699,2591  2081    18031,4138    17601,6952  3007714    2,38%
   6044  1666    17951,9549  1734    18031,4138    17601,6952  3077057    2,38%
   6189  1720    17749,2436  1964    18031,4138    17601,6952  3102786    2,38%
   6349  1891    17943,3565  1881    18031,4138    17601,6952  3213064    2,38%
Elapsed time = 1183,31 sec. (217370,39 ticks, tree = 71,74 MB, solutions = 24)
   6503  1986    17955,9340  1719    18031,4138    17601,6952  3269209    2,38%
   6693  2197    17677,8097  2378    18031,4138    17601,6952  3424003    2,38%
   6902  2364    17930,5291  1919    18031,4138    17601,6952  3514925    2,38%
   7105  2536    17977,8624  1970    18031,4138    17601,6952  3602362    2,38%
   7265  2671    17950,0043  1636    18031,4138    17601,6952  3682389    2,38%
   7412  2825    17896,7164  1710    18031,4138    17601,6952  3772168    2,38%
   7580  2846    17916,2228  1913    18031,4138    17601,6952  3787557    2,38%
   7742  3042    17913,2320  1579    18031,4138    17601,6952  3905231    2,38%
   7942  3101    17866,9448  1715    18031,4138    17617,8093  3946089    2,29%
   8089  3320    17796,2676  2308    18031,4138    17623,8100  4100437    2,26%
Elapsed time = 1424,20 sec. (255769,71 ticks, tree = 127,85 MB, solutions = 24)
   8275  3356    17899,5017  1972    18031,4138    17625,3302  4117125    2,25%
   8435  3484    17904,1866  1914    18031,4138    17630,6373  4206204    2,22%
   8608  3720    17926,8308  2025    18031,4138    17630,6373  4355194    2,22%
   8799  3767    17964,0550  1558    18031,4138    17630,6373  4390696    2,22%
   8946  3875    17808,6618  2272    18031,4138    17631,7103  4472185    2,22%
   9075  4099        cutoff          18031,4138    17631,7103  4615287    2,22%
   9217  4115    17900,6080  1930    18031,4138    17642,8059  4625350    2,16%
   9399  4204    18003,8619  1679    18031,4138    17646,5106  4686881    2,13%
   9571  4404        cutoff          18031,4138    17647,4118  4843492    2,13%
   9738  4475    17803,6978  1805    18031,4138    17649,7423  4889994    2,12%
Elapsed time = 1671,32 sec. (294101,74 ticks, tree = 166,05 MB, solutions = 24)
   9943  4629    17734,4205  2143    18031,4138    17652,0517  4968090    2,10%
  10154  4826    17754,6384  1779    18031,4138    17659,3353  5122713    2,06%
  10358  4974    18025,7271  1350    18031,4138    17661,9211  5212567    2,05%
  10502  4949    17817,2781  2079    18031,4138    17664,8153  5208763    2,03%
* 10545  5043      integral     0    18025,8775    17664,8153  5261255    2,00%
  10765  5170    17842,1637  1821    18025,8775    17667,5574  5374383    1,99%
  10927  5378    18015,4031  1461    18025,8775    17667,6951  5524637    1,99%
  11115  5426    17944,5273  1762    18025,8775    17669,5397  5552535    1,98%
  11218  5566    17859,5171  1943    18025,8775    17672,0030  5661172    1,96%
  11359  5653        cutoff          18025,8775    17673,8124  5723581    1,95%
Elapsed time = 1902,12 sec. (329536,31 ticks, tree = 208,06 MB, solutions = 25)
  11542  5804    17898,1745  1905    18025,8775    17673,8124  5833457    1,95%
  11738  5894    17987,8115  1931    18025,8775    17677,9127  5911026    1,93%
  11891  6088    17786,4940  1784    18025,8775    17679,1855  6059514    1,92%
  12089  6154    17931,6483  2073    18025,8775    17681,4784  6112920    1,91%
  12268  6204    17909,4190  1932    18025,8775    17683,5193  6152601    1,90%
  12460  6391    17894,3364  1908    18025,8775    17684,6218  6293668    1,89%
  12633  6493    17951,0094  1638    18025,8775    17688,4159  6378902    1,87%
  12826  6632    17980,8301  1731    18025,8775    17689,5087  6477345    1,87%
  13003  6758    17992,5043  1324    18025,8775    17692,2719  6591267    1,85%
  13185  6835    17782,4266  1755    18025,8775    17692,7494  6651460    1,85%
Elapsed time = 2153,20 sec. (367941,09 ticks, tree = 242,83 MB, solutions = 25)
  13373  6971    17793,3105  1786    18025,8775    17694,1194  6791224    1,84%
  13574  7059    18011,4615  1662    18025,8775    17696,8931  6851656    1,83%
  13724  7098    17896,3386  1863    18025,8775    17698,6144  6888638    1,82%
  13840  7273    17854,2347  1719    18025,8775    17701,2177  7043158    1,80%
  13983  7283        cutoff          18025,8775    17702,6336  7051962    1,79%
  14168  7405    17920,9686  1855    18025,8775    17704,3037  7166622    1,78%
  14364  7491    17964,6484  1165    18025,8775    17706,2587  7226269    1,77%
  14564  7737        cutoff          18025,8775    17706,6791  7419911    1,77%
  14741  7678    18011,7085  1922    18025,8775    17707,3412  7366202    1,77%
  14918  7872    17849,7434  1774    18025,8775    17708,7978  7518632    1,76%
Elapsed time = 2393,32 sec. (406289,21 ticks, tree = 286,16 MB, solutions = 25)
  15088  8080    17829,1897  1743    18025,8775    17710,7493  7689908    1,75%
  15280  8092    17995,6031  1554    18025,8775    17712,9539  7699236    1,74%
  15474  8306    18020,3959  1672    18025,8775    17714,4756  7888033    1,73%
  15671  8424        cutoff          18025,8775    17716,9987  7967594    1,71%
  15859  8370    17975,3652  1761    18025,8775    17717,8050  7933113    1,71%
  16065  8590    17770,4070  1745    18025,8775    17719,8993  8105760    1,70%
  16265  8639        cutoff          18025,8775    17720,8729  8145665    1,69%
  16455  8819    17790,9548  1896    18025,8775    17723,2251  8286475    1,68%
  16632  8932    17824,0756  1813    18025,8775    17724,6459  8372980    1,67%
  16791  9067    17869,4186  1706    18025,8775    17725,9039  8478877    1,66%
Elapsed time = 2652,99 sec. (444675,75 ticks, tree = 332,80 MB, solutions = 25)
  16932  9243    17925,3065  1473    18025,8775    17726,1801  8646389    1,66%
  17046  9298    17949,8740  1753    18025,8775    17727,1227  8702439    1,66%
  17175  9307    17881,9237  1809    18025,8775    17728,5378  8711144    1,65%
* 17181  9460      integral     0    18009,9635    17728,5378  8833321    1,56%
* 17188  9134      integral     0    18007,5793    17728,5378  8851017    1,55%
  17344  9460    17782,8793  1934    18007,5793    17729,4760  8846400    1,54%
  17546  9206    17816,7664  1961    18007,5793    17730,6353  8986620    1,54%
  17763  9227    17988,9333  1725    18007,5793    17730,9480  9008672    1,54%
  17930  9279    17884,4996  1717    18007,5793    17731,5852  9052188    1,53%
  18122  9551    17880,2665  1735    18007,5793    17732,9650  9285399    1,52%
  18301  9586    17964,6065  1766    18007,5793    17733,9475  9330147    1,52%
  18489  9749    17924,0050  1842    18007,5793    17735,0327  9484425    1,51%
Elapsed time = 2884,88 sec. (482955,52 ticks, tree = 340,27 MB, solutions = 27)
  18658  9828        cutoff          18007,5793    17737,1693  9551788    1,50%
  18847  9746    17903,0733  2055    18007,5793    17739,3081  9482952    1,49%
  19032  9941    17801,9513  1675    18007,5793    17740,8919  9691688    1,48%
  19229 10115    17984,2150  1686    18007,5793    17742,2718  9845975    1,47%
  19409 10121    17996,1234  1739    18007,5793    17743,7138  9854713    1,47%
  19593 10165    17915,4318  1786    18007,5793    17744,5323  9898484    1,46%
  19784 10342    17996,7589  1750    18007,5793    17745,9247 10065399    1,45%
  19980 10474    17768,5657  2056    18007,5793    17747,0990 10187469    1,45%
* 20062 10470      integral     0    17997,1693    17747,2256 10173058    1,39%
  20181 10588    17895,3189  1467    17997,1693    17748,0783 10290205    1,38%
  20364 10181    17942,7353  1836    17997,1693    17748,7760 10350462    1,38%
Elapsed time = 3141,85 sec. (521243,53 ticks, tree = 351,40 MB, solutions = 28)
  20522 10340    17884,8530  1718    17997,1693    17749,2634 10498066    1,38%
  20684 10319    17943,9920  2020    17997,1693    17750,4968 10487568    1,37%
  20802 10487        cutoff          17997,1693    17751,5590 10645971    1,36%
  20898 10683    17979,8790  1594    17997,1693    17752,5808 10823882    1,36%
  21084 10752    17882,9854  2067    17997,1693    17753,0135 10891785    1,36%
  21291 10730    17912,8938  1601    17997,1693    17754,6796 10865423    1,35%
  21487 10786    17926,6540  1960    17997,1693    17755,7880 10909247    1,34%
* 21614 10916      integral     0    17960,6266    17755,9055 11061336    1,14%
  21683 10963    17870,2853  1835    17960,6266    17756,1693 11101702    1,14%
  21869  8877    17851,8782  1629    17960,6266    17757,2033 11247117    1,13%
  22049  8805    17887,0817  1883    17960,6266    17757,6307 11173365    1,13%
Elapsed time = 3376,67 sec. (559642,23 ticks, tree = 294,18 MB, solutions = 29)
  22236  8911    17946,5412  1500    17960,6266    17758,8284 11286166    1,12%
  22409  9171    17815,9354  1977    17960,6266    17760,4572 11622941    1,11%
  22607  9075    17839,6178  2033    17960,6266    17760,8197 11515584    1,11%
  22809  9241    17910,4497  1886    17960,6266    17762,6839 11722357    1,10%
  22996  9339    17860,4980  1666    17960,6266    17763,7596 11840405    1,10%
  23185  9323        cutoff          17960,6266    17764,7776 11827009    1,09%
  23383  9536    17905,0267  2033    17960,6266    17765,7119 12092128    1,09%
  23573  9543        cutoff          17960,6266    17766,5268 12101546    1,08%
  23765  9664    17830,2804  1658    17960,6266    17767,6000 12261807    1,07%
  23963  9698    17927,6696  1565    17960,6266    17768,2694 12320091    1,07%
Elapsed time = 3630,68 sec. (597965,10 ticks, tree = 328,30 MB, solutions = 29)
  24161  9755    17838,4646  1951    17960,6266    17770,3293 12396227    1,06%
  24352  9933    17945,6871  1858    17960,6266    17771,3921 12621835    1,05%
  24525  9847        cutoff          17960,6266    17772,0971 12514496    1,05%
  24717  9998    17906,5006  1894    17960,6266    17774,0735 12734707    1,04%
  24903 10136        cutoff          17960,6266    17775,8503 12914761    1,03%
  25064 10010    17943,6344  1864    17960,6266    17776,5735 12752079    1,02%
  25177 10097        cutoff          17960,6266    17778,1390 12875203    1,02%
  25272 10160    17860,3532  1679    17960,6266    17779,3861 12951760    1,01%
  25424 10357    17959,7018  1012    17960,6266    17780,2817 13229620    1,00%
  25575 10357    17849,6451  1957    17960,6266    17781,6762 13237701    1,00%
Elapsed time = 3890,70 sec. (636217,73 ticks, tree = 339,64 MB, solutions = 29)
  25784 10449    17880,4112  1371    17960,6266    17782,3501 13350304    0,99%
  26010 10513    17857,3296  1795    17960,6266    17783,5457 13459206    0,99%
  26200 10455    17911,6677  1891    17960,6266    17784,7389 13368554    0,98%
  26395 10524    17899,1453  1744    17960,6266    17784,9887 13497919    0,98%
  26584 10729        cutoff          17960,6266    17785,8418 13794048    0,97%
  26781 10814    17901,1585  1809    17960,6266    17786,5404 13905077    0,97%
  26983 10761    17922,7615  1471    17960,6266    17786,7564 13834737    0,97%
  27176 10937    17850,0397  1928    17960,6266    17787,7965 14080061    0,96%
  27381 10866        cutoff          17960,6266    17788,7058 13985047    0,96%
  27576 10972        cutoff          17960,6266    17790,1713 14152565    0,95%
Elapsed time = 4119,73 sec. (674520,32 ticks, tree = 358,44 MB, solutions = 29)
  27777 11060        cutoff          17960,6266    17790,9504 14240136    0,94%
  27982 11112    17907,6012  1944    17960,6266    17791,9809 14331215    0,94%
  28197 11172    17931,8450  1800    17960,6266    17793,4529 14447478    0,93%
  28412 11158    17924,7620  1911    17960,6266    17794,2133 14430318    0,93%
* 28467 11193      integral     0    17959,6359    17794,2133 14513760    0,92%
  28617 11242    17948,2432  1723    17959,6359    17795,6038 14571910    0,91%
  28820 11293        cutoff          17959,6359    17796,8658 14789747    0,91%
  29035 11347        cutoff          17959,6359    17797,1561 14745785    0,90%
  29227 11348    17898,1493  1836    17959,6359    17797,9910 14883824    0,90%
  29415 11428    17941,4475  1326    17959,6359    17798,8309 15008987    0,90%
  29586 11602        cutoff          17959,6359    17799,9473 15353983    0,89%
Elapsed time = 4381,63 sec. (712864,18 ticks, tree = 374,41 MB, solutions = 30)
  29720 11554    17945,4296  1556    17959,6359    17800,8304 15266962    0,88%
  29838 11580    17893,5664  1614    17959,6359    17802,2405 15332083    0,88%
  29953 11677    17922,5977  1449    17959,6359    17803,2085 15483452    0,87%
  30079 11659    17843,3837  1798    17959,6359    17803,8578 15460677    0,87%
  30223 11814    17930,0895  1473    17959,6359    17805,2715 15703749    0,86%
  30396 11763        cutoff          17959,6359    17805,9648 15643239    0,86%
  30581 11840    17935,6673  1882    17959,6359    17807,7239 15804137    0,85%
  30803 11887    17932,4651  2067    17959,6359    17807,9897 15922525    0,84%
  31016 11925        cutoff          17959,6359    17809,0083 15990920    0,84%
  31217 11985    17915,4466  1744    17959,6359    17809,3536 16120850    0,84%
Elapsed time = 4623,09 sec. (751197,26 ticks, tree = 374,32 MB, solutions = 30)
  31410 11988    17916,9959  1675    17959,6359    17810,0059 16128751    0,83%
  31654 12057    17951,0155   977    17959,6359    17810,5392 16255315    0,83%
  31880 12092        cutoff          17959,6359    17811,3688 16318435    0,83%
  32093 12108        cutoff          17959,6359    17811,8119 16384659    0,82%
  32288 12100    17930,6010  1751    17959,6359    17812,3445 16360485    0,82%
  32473 12276    17900,8310  1451    17959,6359    17812,9092 16670589    0,82%
  32673 12360        cutoff          17959,6359    17813,5634 16860609    0,81%
  32873 12310    17912,0717  2023    17959,6359    17814,4476 16743776    0,81%
  33073 12369    17937,4843  2022    17959,6359    17815,0031 16879829    0,81%
  33278 12388        cutoff          17959,6359    17815,8163 16946590    0,80%
Elapsed time = 4875,53 sec. (789439,07 ticks, tree = 393,47 MB, solutions = 30)
  33474 12492    17930,1882  1689    17959,6359    17816,6946 17212000    0,80%
  33675 12535    17937,8811  1744    17959,6359    17817,9532 17318243    0,79%
  33838 12561    17911,4448  1619    17959,6359    17818,5654 17451256    0,79%
  33975 12548    17856,6979  1895    17959,6359    17820,0332 17387356    0,78%
  34077 12670    17880,0199  1626    17959,6359    17820,9212 17667883    0,77%
  34187 12720    17930,6371  1990    17959,6359    17821,9021 17791624    0,77%
  34330 12707    17899,7990  1559    17959,6359    17822,5193 17744846    0,76%
  34486 12759    17917,4708  1692    17959,6359    17824,1705 17898994    0,75%
  34681 12754    17958,6822  1628    17959,6359    17824,4446 17877874    0,75%
  34879 12775        cutoff          17959,6359    17825,5108 17961616    0,75%
Elapsed time = 5150,11 sec. (828087,97 ticks, tree = 398,51 MB, solutions = 30)
  35075 12784    17934,1203  1478    17959,6359    17825,9543 17970309    0,74%
  35290 12833    17955,5554  1765    17959,6359    17827,3092 18140650    0,74%
  35497 12863        cutoff          17959,6359    17827,8198 18252525    0,73%
  35737 12915    17908,5325  1479    17959,6359    17828,5784 18362180    0,73%
  35943 12886    17890,1945  1785    17959,6359    17829,4406 18308090    0,72%
  36178 13022    17953,4795   880    17959,6359    17830,3574 18660932    0,72%
  36383 12995    17946,7890  1774    17959,6359    17830,6755 18633195    0,72%
  36599 13076        cutoff          17959,6359    17831,2760 18788417    0,71%
  36817 13114    17938,2708  1719    17959,6359    17831,5819 18939355    0,71%
  37046 13096        cutoff          17959,6359    17831,8337 18873014    0,71%
Elapsed time = 5379,93 sec. (866429,08 ticks, tree = 400,91 MB, solutions = 30)
  37294 13128    17950,9658  1710    17959,6359    17832,4188 19027357    0,71%
  37514 13168        cutoff          17959,6359    17832,8453 19175957    0,71%
  37736 13174        cutoff          17959,6359    17833,6726 19218916    0,70%
  37939 13193        cutoff          17959,6359    17833,7959 19293478    0,70%
  38119 13249    17912,4200  1656    17959,6359    17834,7926 19544302    0,70%
  38260 13223    17929,2398  1587    17959,6359    17835,1756 19369747    0,69%
  38379 13219    17940,7039  1783    17959,6359    17835,9197 19448795    0,69%
  38491 13256    17904,9880  1496    17959,6359    17836,9808 19556584    0,68%
  38605 13311        cutoff          17959,6359    17837,6294 19821619    0,68%
  38749 13348    17927,1868  1584    17959,6359    17838,4442 19961181    0,67%
Elapsed time = 5638,35 sec. (904738,70 ticks, tree = 411,34 MB, solutions = 30)
  38888 13360    17927,0490  1998    17959,6359    17838,4442 19983149    0,67%
  39082 13328    17952,5774  1687    17959,6359    17839,7150 19924287    0,67%
  39291 13375    17913,4024  1894    17959,6359    17840,1821 20093463    0,67%
  39522 13370    17888,3917  1573    17959,6359    17841,3840 20006459    0,66%
  39723 13394    17945,0316  2080    17959,6359    17841,6544 20156404    0,66%
  39939 13426        cutoff          17959,6359    17842,5357 20421344    0,65%
  40164 13397        cutoff          17959,6359    17843,4147 20327534    0,65%
  40367 13394        cutoff          17959,6359    17843,9071 20299385    0,64%
  40596 13460    17907,1274  2249    17959,6359    17844,7949 20563600    0,64%
  40822 13430        cutoff          17959,6359    17844,7949 20492611    0,64%
Elapsed time = 5872,12 sec. (943105,33 ticks, tree = 408,49 MB, solutions = 30)
  41022 13452    17954,2423  1668    17959,6359    17846,0967 21002880    0,63%
  41235 13453    17930,1854  1910    17959,6359    17846,0967 20659729    0,63%
  41382 13450        cutoff          17959,6359    17846,0967 20980558    0,63%
  41468 13471    17955,4480  1951    17959,6359    17846,0967 21068535    0,63%
  41551 13456    17943,2144  1938    17959,6359    17846,0967 20997231    0,63%

Performing restart 2

Repeating presolve.
Tried aggregator 3 times.
MIP Presolve eliminated 145 rows and 1387 columns.
Aggregator did 58 substitutions.
Reduced MIP has 5052 rows, 24353 columns, and 54069 nonzeros.
Reduced MIP has 24337 binaries, 16 generals, 0 SOSs, and 0 indicators.
Presolve time = 0,12 sec. (99,69 ticks)
Tried aggregator 1 time.
Reduced MIP has 5052 rows, 24353 columns, and 54069 nonzeros.
Reduced MIP has 24337 binaries, 16 generals, 0 SOSs, and 0 indicators.
Presolve time = 0,05 sec. (40,82 ticks)
Represolve time = 1,91 sec. (1391,73 ticks)
  41590     0    17438,3072  2709    17959,6359   ZeroHalf: 2 21497270    0,62%
  41590     0    17441,0741  2669    17959,6359   ZeroHalf: 2 21497633    0,62%
  41590     0    17450,0299  2736    17959,6359      Cuts: 12 21498411    0,62%
  41590     0    17454,0284  2748    17959,6359       Cuts: 4 21498761    0,62%
  41590     0    17454,0284  2748    17959,6359   ZeroHalf: 2 21498762    0,62%
  41590     0    17456,2177  2832    17959,6359   ZeroHalf: 7 21499041    0,62%
  41590     0    17461,1305  2804    17959,6359       Cuts: 4 21499456    0,62%
  41590     0    17463,0282  2874    17959,6359   ZeroHalf: 4 21499707    0,62%

Repeating presolve.
Tried aggregator 2 times.
MIP Presolve eliminated 122 rows and 893 columns.
Aggregator did 22 substitutions.
Reduced MIP has 4908 rows, 23438 columns, and 52080 nonzeros.
Reduced MIP has 23422 binaries, 16 generals, 0 SOSs, and 0 indicators.
Presolve time = 0,10 sec. (78,49 ticks)
Tried aggregator 1 time.
Reduced MIP has 4908 rows, 23438 columns, and 52080 nonzeros.
Reduced MIP has 23422 binaries, 16 generals, 0 SOSs, and 0 indicators.
Presolve time = 0,05 sec. (39,42 ticks)
Represolve time = 1,82 sec. (1385,87 ticks)
  41590     0    17467,9562  2946    17959,6359  ZeroHalf: 14 21518585    0,62%
  41590     0    17471,0797  2877    17959,6359  ZeroHalf: 13 21519032    0,62%
  41590     0    17475,4935  2882    17959,6359      Cuts: 12 21519630    0,62%
  41590     0    17476,3926  2908    17959,6359   ZeroHalf: 3 21519880    0,62%
  41590     0    17477,1407  2978    17959,6359  ZeroHalf: 15 21520128    0,62%
  41590     0    17478,9403  3011    17959,6359   ZeroHalf: 3 21520476    0,62%
  41590     0    17479,1228  3014    17959,6359   ZeroHalf: 6 21520584    0,62%
  41590     2    17479,1228  3014    17959,6359    17848,5438 21520584    0,62%
  41593     3    17535,5217  2555    17959,6359    17848,5438 21523533    0,62%
  41601     8    17506,1094  2803    17959,6359    17848,5438 21531934    0,62%
  41625    28    17741,9964  1861    17959,6359    17848,5438 21623932    0,62%
  41663    45    17690,5226  2215    17959,6359    17848,5438 21692985    0,62%
Elapsed time = 6136,05 sec. (1081611,85 ticks, tree = 0,17 MB, solutions = 30)
  41755    98    17867,6671  1566    17959,6359    17848,5438 21790958    0,62%
  41861   187    17790,5502  2218    17959,6359    17848,5438 21862676    0,62%
  41936   235    17617,7996  2423    17959,6359    17848,5438 21919379    0,62%
  42018   308    17761,7525  2188    17959,6359    17848,5438 22011294    0,62%
  42153   353    17922,7202  1762    17959,6359    17848,5438 22055952    0,62%
  42292   490        cutoff          17959,6359    17848,5438 22159972    0,62%
  42467   577    17927,0672  1456    17959,6359    17848,5438 22214915    0,62%
  42585   616    17849,7021  2133    17959,6359    17848,5438 22244732    0,62%
  42699   730    17604,7329  2366    17959,6359    17848,5438 22341487    0,62%
  42798   738    17780,1062  2170    17959,6359    17848,5438 22358243    0,62%
Elapsed time = 6377,76 sec. (1120056,60 ticks, tree = 17,65 MB, solutions = 30)
  42914   820    17846,0518  1969    17959,6359    17848,5438 22417724    0,62%
  43037   885    17828,2493  2066    17959,6359    17848,5438 22496114    0,62%
  43169   975    17822,9398  1947    17959,6359    17848,5438 22562455    0,62%
  43315  1081    17924,4438  1595    17959,6359    17848,5438 22638388    0,62%
  43430  1210        cutoff          17959,6359    17848,5438 22752913    0,62%
  43553  1213    17949,6058  1284    17959,6359    17848,5438 22737092    0,62%
  43651  1314    17823,7683  1829    17959,6359    17848,5438 22857941    0,62%
  43764  1350    17787,5423  1952    17959,6359    17848,5438 22919409    0,62%
  43893  1501    17869,2806  1957    17959,6359    17848,5438 23087255    0,62%
  44022  1532        cutoff          17959,6359    17848,5438 23117463    0,62%
Elapsed time = 6630,42 sec. (1158463,45 ticks, tree = 45,15 MB, solutions = 30)
  44153  1602        cutoff          17959,6359    17848,5438 23178040    0,62%
  44265  1701    17837,1219  2127    17959,6359    17848,5438 23286817    0,62%
  44379  1780    17908,2287  1531    17959,6359    17848,5438 23398484    0,62%
  44473  1809    17860,2265  1612    17959,6359    17848,5438 23441725    0,62%
  44600  1906    17749,7136  2288    17959,6359    17848,5438 23553376    0,62%
  44716  1971        cutoff          17959,6359    17848,5438 23652867    0,62%
  44843  1979    17899,3428  1745    17959,6359    17848,5438 23660030    0,62%
  44954  2074    17937,3507  1836    17959,6359    17848,5438 23763946    0,62%
  45101  2140    17689,4256  2379    17959,6359    17848,5438 23838893    0,62%
  45220  2249    17938,7188  1446    17959,6359    17848,5438 23960934    0,62%
Elapsed time = 6889,63 sec. (1196860,47 ticks, tree = 70,49 MB, solutions = 30)
  45330  2251    17874,2978  2142    17959,6359    17848,5438 23977799    0,62%
  45460  2340        cutoff          17959,6359    17848,5438 24118607    0,62%
  45590  2420    17899,1546  1882    17959,6359    17848,5438 24202308    0,62%
  45729  2477    17959,1104  1965    17959,6359    17848,5438 24282522    0,62%
  45857  2551    17709,8679  2182    17959,6359    17848,5438 24369770    0,62%
  45991  2589        cutoff          17959,6359    17848,5438 24415991    0,62%
  46115  2717    17925,9651  1829    17959,6359    17848,5438 24547681    0,62%
  46247  2770    17933,8318  1654    17959,6359    17848,5438 24625268    0,62%
  46397  2785    17923,0386  2144    17959,6359    17848,5438 24644454    0,62%
  46527  2874    17886,8097  2058    17959,6359    17848,5438 24744852    0,62%
Elapsed time = 7147,57 sec. (1235335,67 ticks, tree = 86,04 MB, solutions = 30)
  46667  2952    17923,2437  1744    17959,6359    17848,5438 24847626    0,62%
  46798  3074    17765,9564  2135    17959,6359    17848,5438 24983903    0,62%
  46923  3043    17820,0303  2107    17959,6359    17848,5438 24941789    0,62%
  47047  3115    17904,2682  1926    17959,6359    17848,5438 25028828    0,62%
  47181  3199    17909,2170  2050    17959,6359    17848,5438 25185879    0,62%
  47302  3289        cutoff          17959,6359    17848,5438 25297501    0,62%
  47456  3379    17951,3591  1900    17959,6359    17848,5438 25428795    0,62%
  47604  3406        cutoff          17959,6359    17848,5438 25476366    0,62%
  47743  3444    17847,7315  1504    17959,6359    17848,5438 25530250    0,62%
  47884  3461    17813,4839  2098    17959,6359    17848,5438 25550297    0,62%
Elapsed time = 7402,66 sec. (1273821,22 ticks, tree = 103,98 MB, solutions = 30)
  48028  3626    17898,0471  1873    17959,6359    17848,5438 25752898    0,62%
  48154  3579    17860,1121  1815    17959,6359    17848,5438 25704504    0,62%
  48310  3687        cutoff          17959,6359    17848,5438 25883880    0,62%
  48473  3748    17862,6181  1842    17959,6359    17848,5438 25957535    0,62%
  48610  3906    17907,8914  1471    17959,6359    17848,5438 26129002    0,62%
  48775  3811        cutoff          17959,6359    17848,5438 26050822    0,62%
  48939  3971    17900,3620  1962    17959,6359    17848,5438 26238856    0,62%
  49107  4079        cutoff          17959,6359    17848,5438 26385964    0,62%
  49245  4103    17939,1960  1851    17959,6359    17848,5438 26420255    0,62%
  49389  4129    17936,9599  1640    17959,6359    17848,5438 26440516    0,62%
Elapsed time = 7659,00 sec. (1312263,78 ticks, tree = 125,81 MB, solutions = 30)
  49534  4171    17929,8211  1819    17959,6359    17848,5438 26523807    0,62%
  49668  4284    17951,5382  1137    17959,6359    17848,5438 26659826    0,62%
  49806  4291    17847,2062  1835    17959,6359    17848,5438 26680808    0,62%
  49948  4367    17843,6409  2070    17959,6359    17848,5438 26786234    0,62%
  50064  4466    17950,4132  1875    17959,6359    17848,5438 27001111    0,62%
  50175  4504    17821,2059  2224    17959,6359    17848,5438 27078690    0,62%
  50271  4508        cutoff          17959,6359    17848,5438 27082375    0,62%
  50390  4542    17913,5030  1634    17959,6359    17848,5438 27168580    0,62%
  50541  4537    17921,2822  1467    17959,6359    17848,5438 27154375    0,62%
  50683  4564    17920,4430  1606    17959,6359    17848,5438 27217853    0,62%
Elapsed time = 7907,61 sec. (1350662,48 ticks, tree = 132,39 MB, solutions = 30)
  50830  4611        cutoff          17959,6359    17848,5438 27312985    0,62%
  50973  4651    17898,9901  1945    17959,6359    17848,5438 27369199    0,62%
  51122  4730        cutoff          17959,6359    17848,5438 27492602    0,62%
  51263  4726    17884,4624  1905    17959,6359    17848,5438 27532146    0,62%
  51423  4811    17889,6631  2226    17959,6359    17848,5438 27704381    0,62%
  51584  4825    17950,0041  1037    17959,6359    17848,5438 27728484    0,62%
  51747  4893        cutoff          17959,6359    17848,5438 27905717    0,62%
  51890  4942        cutoff          17959,6359    17848,5438 27989573    0,62%
  52037  4968    17853,5270  1803    17959,6359    17848,5438 28030434    0,62%
  52193  4988    17833,3465  1628    17959,6359    17848,5438 28122642    0,62%
Elapsed time = 8163,49 sec. (1388995,18 ticks, tree = 143,75 MB, solutions = 30)
  52355  5040        cutoff          17959,6359    17848,5438 28292363    0,62%
  52515  5073        cutoff          17959,6359    17848,5438 28354936    0,62%
  52673  5098        cutoff          17959,6359    17848,5438 28378535    0,62%
  52798  5191    17929,7242  1815    17959,6359    17848,5438 28585789    0,62%
  52937  5179    17859,9921  1860    17959,6359    17848,5438 28576091    0,62%
  53049  5218        cutoff          17959,6359    17848,5438 28688158    0,62%
  53147  5243    17895,3428  1618    17959,6359    17848,5438 28764661    0,62%
  53286  5271        cutoff          17959,6359    17848,5438 28875584    0,62%
  53457  5288    17951,3572  1629    17959,6359    17848,5438 28925097    0,62%
  53648  5302    17958,1398  1493    17959,6359    17848,5438 28976318    0,62%
Elapsed time = 8409,47 sec. (1427370,65 ticks, tree = 144,40 MB, solutions = 30)
  53827  5354    17899,9372  2021    17959,6359    17848,5438 29111251    0,62%
  53993  5332    17892,0551  1614    17959,6359    17848,5438 29061766    0,62%
  54140  5444        cutoff          17959,6359    17848,5438 29338119    0,62%
  54310  5420    17948,2755  1571    17959,6359    17848,5438 29249291    0,62%
  54479  5517    17880,8480  1943    17959,6359    17848,5438 29534264    0,62%
  54650  5545    17889,0936  1831    17959,6359    17848,5438 29604046    0,62%
  54836  5595    17938,0542  2021    17959,6359    17848,5438 29710919    0,62%
  55021  5544        cutoff          17959,6359    17848,5438 29620257    0,62%
  55203  5598    17959,5261  1741    17959,6359    17848,5438 29726117    0,62%
  55373  5652    17930,3699  1895    17959,6359    17848,5438 29933829    0,62%
Elapsed time = 8668,37 sec. (1465721,04 ticks, tree = 154,39 MB, solutions = 30)
  55545  5654    17906,9707  1918    17959,6359    17848,5438 29942630    0,62%
  55679  5702    17859,0743  1515    17959,6359    17848,5438 30122637    0,62%
  55790  5711    17844,2375  2246    17959,6359    17848,5438 30050954    0,62%
  55896  5710        cutoff          17959,6359    17848,5438 30269331    0,62%
  56006  5716    17957,6575  1643    17959,6359    17848,5438 30294801    0,62%
  56160  5732    17938,1930  1762    17959,6359    17848,5438 30411147    0,62%
  56339  5716        cutoff          17959,6359    17848,5438 30530926    0,62%
  56520  5715    17958,1788  1843    17959,6359    17848,5438 30538344    0,62%
  56725  5727        cutoff          17959,6359    17848,5438 30579465    0,62%
  56914  5747    17927,8946  1919    17959,6359    17848,5438 30726481    0,62%
Elapsed time = 8901,18 sec. (1503947,47 ticks, tree = 156,72 MB, solutions = 30)
  57119  5747        cutoff          17959,6359    17848,5438 30734551    0,62%
  57296  5747    17930,2640  2173    17959,6359    17848,5438 30956466    0,62%
  57482  5746        cutoff          17959,6359    17848,5438 30897068    0,62%
  57643  5753    17890,8422  1823    17959,6359    17848,5438 31169359    0,62%
  57851  5751    17903,4510  1808    17959,6359    17848,5438 31155332    0,62%
  58046  5749    17905,5063  1382    17959,6359    17848,5438 31164694    0,62%
  58231  5796        cutoff          17959,6359    17848,5438 31433563    0,62%
  58425  5803    17939,7613  1650    17959,6359    17848,5438 31466879    0,62%
  58596  5828    17927,2860  1791    17959,6359    17848,5438 31626477    0,62%
  58781  5806    17892,2924  1672    17959,6359    17849,5454 31586817    0,61%
Elapsed time = 9163,95 sec. (1542385,47 ticks, tree = 155,65 MB, solutions = 30)
  58951  5803        cutoff          17959,6359    17851,8756 31801034    0,60%
  59098  5810        cutoff          17959,6359    17853,1363 32021922    0,59%
  59235  5813    17939,0915  1618    17959,6359    17853,7313 32060979    0,59%
  59395  5810    17911,6552  1289    17959,6359    17855,6265 32031979    0,58%
  59562  5795        cutoff          17959,6359    17856,3880 32110507    0,57%
  59767  5805    17930,8586  1855    17959,6359    17857,2189 32092939    0,57%
  59951  5817    17949,2026  1734    17959,6359    17858,9674 32279036    0,56%
  60179  5803    17939,1308  1623    17959,6359    17860,8592 32272659    0,55%
  60378  5795        cutoff          17959,6359    17862,1590 32431599    0,54%
  60562  5763        cutoff          17959,6359    17864,1273 32570093    0,53%
Elapsed time = 9400,48 sec. (1580878,45 ticks, tree = 153,00 MB, solutions = 30)
  60784  5710    17942,4851  1873    17959,6359    17865,9797 32783473    0,52%
  60990  5744        cutoff          17959,6359    17865,9797 32632227    0,52%
  61220  5697        cutoff          17959,6359    17868,3062 32991176    0,51%
  61485  5680        cutoff          17959,6359    17869,1887 33027632    0,50%
  61724  5616    17905,6481  1836    17959,6359    17871,4413 33145619    0,49%
  61950  5554        cutoff          17959,6359    17873,1677 33260613    0,48%
  62178  5575    17956,2655  1799    17959,6359    17876,0935 33250496    0,47%
  62391  5419        cutoff          17959,6359    17878,3147 33500150    0,45%
  62584  5407        cutoff          17959,6359    17879,1099 33532743    0,45%
  62762  5387    17956,0941  1642    17959,6359    17881,5541 33568818    0,43%
Elapsed time = 9652,09 sec. (1619172,77 ticks, tree = 140,49 MB, solutions = 30)
  62920  5252    17934,2209  1714    17959,6359    17882,3891 33771288    0,43%
  63086  5329    17936,9412  1676    17959,6359    17882,5959 33675213    0,43%
  63326  5166        cutoff          17959,6359    17885,0255 33926947    0,42%
  63551  5115        cutoff          17959,6359    17886,1916 34014453    0,41%
  63825  5090    17947,4845  1866    17959,6359    17888,9206 34072573    0,39%
  64095  4962        cutoff          17959,6359    17891,5043 34216845    0,38%
  64372  4757        cutoff          17959,6359    17892,1001 34373728    0,38%
  64626  4532        cutoff          17959,6359    17896,3245 34533554    0,35%
  64900  4630        cutoff          17959,6359    17897,4382 34473170    0,35%
  65164  4358        cutoff          17959,6359    17899,4755 34650692    0,33%
Elapsed time = 9881,23 sec. (1657485,81 ticks, tree = 110,31 MB, solutions = 30)
  65442  4180        cutoff          17959,6359    17901,0439 34798897    0,33%
  65731  4081        cutoff          17959,6359    17904,1768 34887538    0,31%
  66009  3899        cutoff          17959,6359    17906,7862 35025000    0,29%
  66302  3648        cutoff          17959,6359    17907,9070 35181303    0,29%
  66579  3397        cutoff          17959,6359    17911,6243 35334674    0,27%
  66862  3383        cutoff          17959,6359    17913,4766 35342787    0,26%
  67214  2943    17956,4699  1457    17959,6359    17917,0727 35566718    0,24%
  67609  2730        cutoff          17959,6359    17919,4951 35683215    0,22%
  67992  2388        cutoff          17959,6359    17922,5430 35813387    0,21%
  68453  2086        cutoff          17959,6359    17926,0675 35922685    0,19%
Elapsed time = 10120,30 sec. (1695739,27 ticks, tree = 41,37 MB, solutions = 30)
  69069  1628    17947,0872  1040    17959,6359    17932,2682 36048792    0,15%
  69858   793        cutoff          17959,6359    17939,5519 36204980    0,11%

Clique cuts applied:  1
Cover cuts applied:  26
Mixed integer rounding cuts applied:  18
Zero-half cuts applied:  133

Root node processing (before b&c):
  Real time             =   38,77 sec. (18677,90 ticks)
Parallel b&c, 12 threads:
  Real time             = 10134,63 sec. (1687053,28 ticks)
  Sync time (average)   = 1200,96 sec.
  Wait time (average)   =    0,15 sec.
                          ------------
Total (root+branch&cut) = 10173,40 sec. (1705731,17 ticks)

