
Version identifier: 22.1.1.0 | 2022-11-28 | 9160aff4d
CPXPARAM_MultiObjective_Display                  0
CPXPARAM_TimeLimit                               2000000
CPXPARAM_WorkMem                                 8192
CPXPARAM_DetTimeLimit                            2000000
Tried aggregator 3 times.
MIP Presolve eliminated 110806 rows and 1078778 columns.
Aggregator did 1183 substitutions.
Reduced MIP has 5445 rows, 27911 columns, and 61477 nonzeros.
Reduced MIP has 27879 binaries, 32 generals, 0 SOSs, and 0 indicators.
Presolve time = 0,80 sec. (611,21 ticks)
Found incumbent of value 198537,926225 after 0,94 sec. (735,46 ticks)
Probing time = 0,03 sec. (12,59 ticks)
Tried aggregator 2 times.
Detecting symmetries...
Aggregator did 16 substitutions.
Reduced MIP has 5429 rows, 27895 columns, and 61445 nonzeros.
Reduced MIP has 27879 binaries, 16 generals, 0 SOSs, and 0 indicators.
Presolve time = 0,06 sec. (57,03 ticks)
Probing time = 0,03 sec. (12,32 ticks)
Clique table members: 34459.
MIP emphasis: balance optimality and feasibility.
MIP search method: dynamic search.
Parallel mode: deterministic, using up to 12 threads.
Root relaxation solution time = 0,62 sec. (465,86 ticks)

        Nodes                                         Cuts/
   Node  Left     Objective  IInf  Best Integer    Best Bound    ItCnt     Gap

*     0+    0                       198537,9262 -1804035,0000              --- 
*     0+    0                       172094,9182 -1804035,0000              --- 
*     0+    0                       172076,6662 -1804035,0000              --- 
*     0+    0                       172058,4142 -1804035,0000              --- 
*     0+    0                       172040,1622 -1804035,0000              --- 
*     0+    0                       172021,9102 -1804035,0000              --- 
*     0+    0                       172003,6582 -1804035,0000              --- 
*     0+    0                       171986,4862 -1804035,0000              --- 
*     0+    0                       171969,6382 -1804035,0000              --- 
*     0+    0                       171952,7902 -1804035,0000              --- 
      0     0    24791,6498  2173   171952,7902    24791,6498       34   85,58%
*     0+    0                       118865,4627    24791,6498            79,14%
      0     0    24851,5154  2228   118865,4627  ZeroHalf: 16      716   79,09%
*     0+    0                        56083,1155    24851,5154            55,69%
*     0+    0                        50755,9004    24851,5154            51,04%
      0     0    24866,0015  2182    50755,9004  ZeroHalf: 10      993   51,01%
      0     0    24880,1347  2273    50755,9004   ZeroHalf: 5     1381   50,98%
*     0+    0                        45367,7080    24880,1347            45,16%
      0     0  -1,00000e+75     0    45367,7080    24880,1347     1381   45,16%
      0     0    24891,5383  2324    45367,7080   ZeroHalf: 8     1700   45,13%
      0     0    24902,6112  2328    45367,7080   ZeroHalf: 7     1940   45,11%
Detecting symmetries...
      0     0    24917,4487  2359    45367,7080   ZeroHalf: 8     2235   45,08%
      0     0    24936,2185  2510    45367,7080  ZeroHalf: 11     2681   45,04%
      0     0    24937,6618  2502    45367,7080   ZeroHalf: 1     2811   45,03%
      0     0    24955,3398  2501    45367,7080   ZeroHalf: 5     3151   44,99%
      0     0    24957,9036  2472    45367,7080   ZeroHalf: 2     3262   44,99%
      0     0    24959,8646  2472    45367,7080   ZeroHalf: 1     3361   44,98%
      0     0    24965,3431  2465    45367,7080   ZeroHalf: 3     3581   44,97%
      0     0    24984,5045  2543    45367,7080   ZeroHalf: 8     4073   44,93%
      0     0    24985,2068  2519    45367,7080   ZeroHalf: 3     4163   44,93%
      0     0    24994,4577  2448    45367,7080   ZeroHalf: 6     4501   44,91%
      0     0    25006,2972  2483    45367,7080   ZeroHalf: 5     4825   44,88%
      0     0    25009,3421  2508    45367,7080   ZeroHalf: 4     4961   44,87%
*     0+    0                        32258,7215    25009,3421            22,47%
*     0+    0                        28288,3325    25009,3421            11,59%
Detecting symmetries...
      0     2    25009,3421  2508    28288,3325    25009,3421     4961   11,59%
Elapsed time = 33,61 sec. (19360,37 ticks, tree = 0,02 MB, solutions = 16)
      2     4    25084,3506  2515    28288,3325    25009,3594     5880   11,59%
      3     3    25031,0325  2363    28288,3325    25009,3594     5724   11,59%
      5     7    25157,8338  2282    28288,3325    25019,3126     7773   11,56%
      6     6    25121,4066  2436    28288,3325    25019,3126     7695   11,56%
     10     9    25147,9023  2335    28288,3325    25019,3126     9277   11,56%
     13     9    25181,0247  2320    28288,3325    25019,3126     9554   11,56%
     22    15    25431,4048  2143    28288,3325    25019,3126    13234   11,56%
     26    23    25551,6354  2049    28288,3325    25135,7631    23964   11,14%
     31    26    25362,2925  2317    28288,3325    25179,5558    26765   10,99%
     52    45    26094,4000  1831    28288,3325    25179,5558    55183   10,99%
Elapsed time = 51,90 sec. (23450,04 ticks, tree = 0,31 MB, solutions = 16)
     65    63    25813,0660  1756    28288,3325    25179,5558    74156   10,99%
     93    83    26378,8212  1548    28288,3325    25179,5558    91885   10,99%
    119    99    26212,1774  1679    28288,3325    25179,5558   104678   10,99%
    153   148    27411,3775  1242    28288,3325    25179,5558   132132   10,99%
    196   145    27065,3856  1196    28288,3325    25179,5558   130533   10,99%
    239   193    27524,4395   993    28288,3325    25179,5558   156515   10,99%
    310   249    27014,0627  1233    28288,3325    25179,5558   185568   10,99%
*   363   272      integral     0    27233,6075    25180,6240   193454    7,54%
    395   255    27357,2355  1335    27233,6075    25180,6240   187754    7,54%
    425   273    25598,5593  2187    27233,6075    25180,6317   223011    7,54%
    453   278    26860,5322  1322    27233,6075    25181,0777   235252    7,54%
Elapsed time = 110,55 sec. (33204,22 ticks, tree = 6,52 MB, solutions = 17)
    482   297    26113,0441  1919    27233,6075    25215,2477   254851    7,41%
    511   335    26390,9116  1696    27233,6075    25215,2477   283455    7,41%
    539   341    26227,7303  1421    27233,6075    25215,2477   287559    7,41%
    588   371    26137,2959  2091    27233,6075    25215,2477   313307    7,41%
    636   391    27110,0944  1217    27233,6075    25215,2477   328532    7,41%
    687   467        cutoff          27233,6075    25215,2477   381534    7,41%
    716   439        cutoff          27233,6075    25286,5287   365000    7,15%
    736   496    26455,7965  1927    27233,6075    25286,5287   407862    7,15%
    767   532    25888,9707  1696    27233,6075    25286,5287   437932    7,15%
    804   519    26294,0540  1692    27233,6075    25286,5287   423070    7,15%
Elapsed time = 171,76 sec. (42963,13 ticks, tree = 14,50 MB, solutions = 17)
    846   574    26687,3181  1725    27233,6075    25301,6918   465633    7,09%
    886   582    26506,6306  1484    27233,6075    25301,6918   471145    7,09%
    927   587    26844,6046  1363    27233,6075    25301,6918   473526    7,09%
    972   607    25681,5009  2214    27233,6075    25301,6918   489497    7,09%
   1015   629    25564,3980  1942    27233,6075    25301,6918   503865    7,09%
   1050   717    27209,4063  1619    27233,6075    25301,6918   567298    7,09%
   1098   717    25682,6748  2021    27233,6075    25301,6918   569106    7,09%
   1151   788    26834,3952  1582    27233,6075    25421,8496   612995    6,65%
   1202   821    27067,8876  1603    27233,6075    25442,1170   630867    6,58%
   1237   785    25867,9191  1966    27233,6075    25453,3864   605497    6,54%
Elapsed time = 232,79 sec. (52711,80 ticks, tree = 22,44 MB, solutions = 17)
   1273   840    26166,9414  1882    27233,6075    25454,8426   643393    6,53%
   1311   870    26523,2417  1460    27233,6075    25454,8426   663919    6,53%
   1373   893        cutoff          27233,6075    25454,8426   677501    6,53%
   1432   933    27120,3672  1528    27233,6075    25475,1528   703411    6,46%
   1478   976    25830,4395  1881    27233,6075    25475,1528   728565    6,46%
   1519   935    26361,3682  1814    27233,6075    25495,9410   707462    6,38%
   1570  1048    27127,5756  1690    27233,6075    25501,0280   765129    6,36%
   1616  1129    26105,2975  1531    27233,6075    25520,9430   824039    6,29%
   1666  1072    27199,0865  1480    27233,6075    25520,9430   781459    6,29%
   1711  1182    26198,0901  1713    27233,6075    25520,9430   854052    6,29%
Elapsed time = 295,03 sec. (62544,53 ticks, tree = 34,91 MB, solutions = 17)
   1751  1235    26101,5900  1778    27233,6075    25520,9430   884666    6,29%
   1790  1221    25935,8454  1847    27233,6075    25535,8210   880560    6,23%
   1845  1208    27083,5144  1229    27233,6075    25535,8210   871113    6,23%
   1903  1341    26608,2607  1522    27233,6075    25535,8210   946243    6,23%
   1953  1303    27214,0186  1103    27233,6075    25535,8210   924043    6,23%
   1991  1401    25957,1291  2351    27233,6075    25548,0259   983867    6,19%
   2038  1388    26677,0937  1485    27233,6075    25548,0259   971622    6,19%
   2093  1482    26335,3805  1737    27233,6075    25548,0259  1032143    6,19%
   2148  1454    26827,3265  1591    27233,6075    25548,0259  1010350    6,19%
   2204  1557    26293,4619  1711    27233,6075    25564,8408  1081032    6,13%
Elapsed time = 356,74 sec. (72249,20 ticks, tree = 46,56 MB, solutions = 17)
   2256  1521    26966,2158  1930    27233,6075    25564,8408  1053591    6,13%
   2299  1636    26733,2435  1767    27233,6075    25567,5324  1117123    6,12%
   2348  1589    25649,4710  2344    27233,6075    25567,5324  1100973    6,12%
   2404  1643    25727,8423  2056    27233,6075    25576,9091  1121389    6,08%
   2463  1741        cutoff          27233,6075    25576,9091  1177478    6,08%
   2495  1811    26212,2940  2110    27233,6075    25592,9855  1223936    6,02%
   2533  1760        cutoff          27233,6075    25592,9855  1195078    6,02%
   2575  1886        cutoff          27233,6075    25598,8505  1269940    6,00%
   2631  1887    27196,1452  1875    27233,6075    25598,8505  1265959    6,00%
   2704  1810    26125,1320  1811    27233,6075    25598,8505  1223332    6,00%
Elapsed time = 418,84 sec. (81920,26 ticks, tree = 55,23 MB, solutions = 17)
   2751  1927    25992,7898  1846    27233,6075    25598,8505  1300055    6,00%
   2806  1933    26352,4844  1618    27233,6075    25603,9808  1301989    5,98%
   2873  2073    26240,8362  1555    27233,6075    25609,0274  1382186    5,97%
   2936  2025    26926,7964  1119    27233,6075    25613,6536  1348946    5,95%
   2979  2142    26422,2371  1844    27233,6075    25613,6536  1421804    5,95%
   3018  2144    26380,3655  1589    27233,6075    25613,6536  1423224    5,95%
   3082  2194    26515,4320  1688    27233,6075    25615,5518  1446421    5,94%
   3126  2252    26605,7163  1558    27233,6075    25615,5518  1475766    5,94%
   3178  2330    26408,0102  2011    27233,6075    25628,3090  1539047    5,89%
   3242  2321    26772,8592  1483    27233,6075    25628,3090  1527286    5,89%
Elapsed time = 480,14 sec. (91634,60 ticks, tree = 76,74 MB, solutions = 17)
   3312  2337        cutoff          27233,6075    25628,3090  1543556    5,89%
   3366  2340    25836,4338  1804    27233,6075    25636,8034  1545300    5,86%
   3406  2458    26587,3813  1823    27233,6075    25636,8034  1608926    5,86%
   3449  2463        cutoff          27233,6075    25653,5886  1611281    5,80%
   3500  2566    26717,5196  1545    27233,6075    25658,0773  1670979    5,79%
   3534  2557    26901,6521  1841    27233,6075    25663,5529  1666227    5,77%
   3583  2634    27113,3469  1585    27233,6075    25664,9371  1712866    5,76%
   3641  2585    27148,6433  1686    27233,6075    25664,9371  1682284    5,76%
   3683  2586    26108,6844  1815    27233,6075    25666,1703  1684349    5,76%
   3725  2727    26196,5501  1624    27233,6075    25666,1703  1768338    5,76%
Elapsed time = 542,71 sec. (101348,79 ticks, tree = 84,04 MB, solutions = 17)
   3789  2765    26791,1299  1466    27233,6075    25672,6933  1798672    5,73%
   3838  2773    27162,2130  1409    27233,6075    25672,6933  1800438    5,73%
   3862  2773    26051,1092  2073    27233,6075    25672,6933  1802118    5,73%
   3878  2780    26500,2657  1980    27233,6075    25672,6933  1811432    5,73%
   3886  2781    26634,1611  1873    27233,6075    25672,6933  1812174    5,73%

Performing restart 1

Repeating presolve.
Tried aggregator 2 times.
MIP Presolve eliminated 2 rows and 36 columns.
Aggregator did 1 substitutions.
Reduced MIP has 5426 rows, 27858 columns, and 61368 nonzeros.
Reduced MIP has 27842 binaries, 16 generals, 0 SOSs, and 0 indicators.
Presolve time = 0,05 sec. (43,27 ticks)
Tried aggregator 1 time.
Reduced MIP has 5426 rows, 27858 columns, and 61368 nonzeros.
Reduced MIP has 27842 binaries, 16 generals, 0 SOSs, and 0 indicators.
Presolve time = 0,06 sec. (46,17 ticks)
Represolve time = 1,51 sec. (1215,76 ticks)
   3887     0    25048,2162  2560    27233,6075      Cuts: 11  1921702    5,70%
   3887     0    25061,9956  2591    27233,6075   ZeroHalf: 6  1922043    5,70%
   3887     0    25072,3578  2643    27233,6075   ZeroHalf: 4  1922414    5,70%
   3887     0    25078,6390  2673    27233,6075   ZeroHalf: 4  1922705    5,70%
   3887     0    25085,5063  2693    27233,6075   ZeroHalf: 5  1923044    5,70%
   3887     2    25085,5063  2693    27233,6075    25681,7817  1923044    5,70%
   3889     4    25086,9588  2679    27233,6075    25681,7817  1923415    5,70%
   3892     7    25379,8312  2356    27233,6075    25681,7817  1925962    5,70%
   3905    11    25586,8477  2285    27233,6075    25681,7817  1930962    5,70%
   3954    47    25519,0684  2349    27233,6075    25681,7817  1996227    5,70%
Elapsed time = 636,23 sec. (147362,63 ticks, tree = 0,74 MB, solutions = 17)
   4014    95    26434,6107  2118    27233,6075    25681,7817  2065439    5,70%
   4087   169    26493,4414  2145    27233,6075    25681,7817  2124843    5,70%
   4227   283        cutoff          27233,6075    25681,7817  2205203    5,70%
   4413   380    25686,0880  2177    27233,6075    25681,7817  2266568    5,70%
   4597   480    26852,9693  1328    27233,6075    25681,7817  2313478    5,70%
   4782   662    26293,8473  1891    27233,6075    25681,7817  2421903    5,70%
   5043   813    26233,5434  1625    27233,6075    25681,7817  2489161    5,70%
   5371  1044    26802,5570  1540    27233,6075    25681,7817  2562436    5,70%
   5568  1132    26448,3650  1996    27233,6075    25681,7817  2621450    5,70%
   5770  1399    26924,0322  1493    27233,6075    25681,7817  2683650    5,70%
Elapsed time = 869,32 sec. (185976,80 ticks, tree = 60,13 MB, solutions = 17)
   6112  1572    26660,8105  1765    27233,6075    25681,7817  2755489    5,70%
   6384  1825    26481,7657  1490    27233,6075    25681,7817  2842002    5,70%
   6573  1975    26633,4093  1797    27233,6075    25681,7817  2902125    5,70%
   6760  2202    26750,0652  1626    27233,6075    25681,7817  3010061    5,70%
   6972  2334    25978,2478  2050    27233,6075    25681,7817  3091030    5,70%
   7188  2391    26757,0689  1597    27233,6075    25681,7817  3116241    5,70%
   7380  2619    26874,4810  1415    27233,6075    25681,7817  3248344    5,70%
   7605  2814    26471,1664  1627    27233,6075    25681,7817  3348194    5,70%
   7806  2942    26057,0371  2165    27233,6075    25681,7817  3399831    5,70%
   7974  3150        cutoff          27233,6075    25681,7817  3485787    5,70%
Elapsed time = 1103,14 sec. (224269,61 ticks, tree = 131,15 MB, solutions = 17)
   8163  3263    27054,3327  1671    27233,6075    25681,7817  3532176    5,70%
   8335  3457    27168,0821  2257    27233,6075    25681,7817  3648982    5,70%
   8522  3565    26712,9072  1611    27233,6075    25681,7817  3712844    5,70%
   8710  3692    26526,9082  2127    27233,6075    25681,7817  3827243    5,70%
   8885  3824    26983,7167  1892    27233,6075    25681,7817  3902712    5,70%
   9090  3915    27134,6572  1511    27233,6075    25681,7817  3953287    5,70%
   9208  4135    26985,0931  1357    27233,6075    25681,7817  4078094    5,70%
   9353  4184    27095,3273  2221    27233,6075    25682,8136  4109516    5,69%
   9567  4303    26909,8383  1904    27233,6075    25686,8626  4186275    5,68%
   9746  4433    27203,4129  1075    27233,6075    25690,4620  4268069    5,67%
Elapsed time = 1329,22 sec. (262554,03 ticks, tree = 178,08 MB, solutions = 17)
   9964  4502    27230,8798  1753    27233,6075    25707,7959  4325023    5,60%
  10146  4672    26529,6809  1820    27233,6075    25720,6179  4453530    5,56%
  10298  4834        cutoff          27233,6075    25721,8868  4555452    5,55%
  10397  4944        cutoff          27233,6075    25735,5983  4631391    5,50%
  10536  4980    26644,7763  1583    27233,6075    25735,5983  4652420    5,50%
  10766  5184    26679,5583  1491    27233,6075    25741,1954  4770755    5,48%
  11002  5226    26427,1279  1615    27233,6075    25766,5700  4787522    5,39%
  11221  5521    26128,4278  2111    27233,6075    25774,6453  4957150    5,36%
  11411  5626    25800,3461  2047    27233,6075    25778,9924  5014886    5,34%
  11595  5758        cutoff          27233,6075    25778,9989  5121853    5,34%
Elapsed time = 1560,62 sec. (300946,40 ticks, tree = 214,88 MB, solutions = 17)
  11799  5791    26788,5922  1805    27233,6075    25800,3895  5148905    5,26%
  12007  5998    26465,7472  1920    27233,6075    25803,0914  5291542    5,25%
  12253  6107        cutoff          27233,6075    25816,0343  5361405    5,21%
  12491  6236    26697,6455  1781    27233,6075    25823,3362  5455818    5,18%
  12705  6493    26293,7718  1934    27233,6075    25843,0826  5575028    5,11%
  12896  6555    26960,8655  1598    27233,6075    25844,9680  5619297    5,10%
  13068  6817    27061,6812  1725    27233,6075    25847,3709  5791180    5,09%
  13216  6913    27122,0709  1616    27233,6075    25849,4777  5864942    5,08%
  13340  6960        cutoff          27233,6075    25869,0616  5891531    5,01%
  13565  7152    26452,2927  1675    27233,6075    25874,1506  5992926    4,99%
Elapsed time = 1800,92 sec. (339223,88 ticks, tree = 260,58 MB, solutions = 17)
  13776  7112    26913,6385  1409    27233,6075    25874,1506  5984765    4,99%
  13970  7297    27109,7181  1833    27233,6075    25886,9327  6067305    4,94%
  14148  7525    26773,7354  1960    27233,6075    25889,0047  6206930    4,94%
  14351  7608    27211,4998  1689    27233,6075    25898,7392  6275846    4,90%
  14567  7840    26647,0474  1705    27233,6075    25910,7144  6457198    4,86%
  14840  7760    26592,0570  2095    27233,6075    25914,6437  6410675    4,84%
  15071  8181    26205,9443  2025    27233,6075    25931,1267  6668851    4,78%
  15261  8147    26357,7327  1994    27233,6075    25933,1067  6649865    4,78%
  15471  8340    26705,0086  2173    27233,6075    25936,4882  6768729    4,76%
  15677  8390    26748,1776  2158    27233,6075    25948,7046  6800974    4,72%
Elapsed time = 2044,54 sec. (377533,81 ticks, tree = 313,14 MB, solutions = 17)
  15832  8514    27112,1974  1591    27233,6075    25953,6911  6896238    4,70%
  15933  8802    26925,7501  1998    27233,6075    25966,0025  7101251    4,65%
  16073  8851    26873,4297  1563    27233,6075    25968,2916  7122365    4,65%
  16273  8878    27225,5527  2120    27233,6075    25968,2916  7150184    4,65%
  16499  9003    27186,6460  1396    27233,6075    25971,3226  7234188    4,64%
  16694  9259    26587,7876  2472    27233,6075    25983,1503  7430241    4,59%
  16905  9312    26437,3552  1749    27233,6075    25984,5997  7476207    4,59%
  17117  9310    27157,9705  1528    27233,6075    25994,2324  7457076    4,55%
  17364  9532        cutoff          27233,6075    25996,6227  7637855    4,54%
  17530  9702    26817,3068  1672    27233,6075    26007,5402  7733463    4,50%
Elapsed time = 2296,39 sec. (415839,51 ticks, tree = 361,83 MB, solutions = 17)
  17760  9818    26183,6799  1811    27233,6075    26011,1883  7817447    4,49%
  17982  9934    26735,4625  2099    27233,6075    26020,1248  7912070    4,46%
  18197 10031    26427,7275  2149    27233,6075    26022,3507  7985497    4,45%
  18398 10201    27229,0938  1862    27233,6075    26028,8476  8107176    4,42%
  18550 10361    26661,2320  2100    27233,6075    26033,9036  8223342    4,41%
  18688 10597    26612,6841  1754    27233,6075    26042,5788  8380733    4,37%
  18798 10608    27188,4404  1478    27233,6075    26043,7589  8394163    4,37%
  18952 10667    27166,3544  1623    27233,6075    26046,2562  8442212    4,36%
  19176 10657    26535,5536  2113    27233,6075    26048,8401  8435680    4,35%
  19425 10788    27076,2538  1466    27233,6075    26048,8401  8514408    4,35%
Elapsed time = 2561,32 sec. (454162,48 ticks, tree = 397,71 MB, solutions = 17)
  19644 10910    27046,2583  1894    27233,6075    26056,4368  8615106    4,32%
  19878 10903    27171,1598  1613    27233,6075    26057,4061  8609164    4,32%
  20088 11212    26823,7920  1713    27233,6075    26063,0480  8798554    4,30%
  20293 11465    26353,5302  2188    27233,6075    26064,1049  8991106    4,29%
  20486 11440    26947,7146  1823    27233,6075    26075,2873  8982264    4,25%
  20669 11588    26719,5297  2164    27233,6075    26080,6388  9095793    4,23%
  20881 11819    26520,1412  1894    27233,6075    26085,1333  9289355    4,22%
  21136 11856        cutoff          27233,6075    26090,4325  9318168    4,20%
  21387 11849    26735,3247  2027    27233,6075    26094,0613  9306664    4,18%
  21611 12091    27201,7401  1413    27233,6075    26099,0090  9492763    4,17%
Elapsed time = 2850,50 sec. (492543,88 ticks, tree = 449,91 MB, solutions = 17)
  21797 12203        cutoff          27233,6075    26104,2400  9573615    4,15%
  21961 12315        cutoff          27233,6075    26110,3004  9649726    4,12%
  22061 12564    27049,9395  1825    27233,6075    26113,3786  9816464    4,11%
  22202 12652    26705,7855  2226    27233,6075    26116,3883  9880179    4,10%
  22406 12625    26893,8960  1484    27233,6075    26121,3385  9861911    4,08%
  22625 12820    27172,1350  1881    27233,6075    26122,9125 10012776    4,08%
  22834 12878    26687,5170  1689    27233,6075    26127,9298 10056973    4,06%
  23032 12860    26725,0489  1632    27233,6075    26128,3966 10048071    4,06%
  23246 12961    27039,8274  2024    27233,6075    26131,3599 10113820    4,05%
  23466 13098    26620,7288  1887    27233,6075    26134,0223 10220198    4,04%
Elapsed time = 3096,81 sec. (530903,54 ticks, tree = 496,48 MB, solutions = 17)
  23681 13178    26601,5889  1780    27233,6075    26138,6633 10307564    4,02%
  23911 13577    26581,9083  2020    27233,6075    26144,6324 10612979    4,00%
  24161 13582    27141,2257  1976    27233,6075    26146,5229 10600041    3,99%
  24393 13642    27072,4183  1850    27233,6075    26150,7152 10690464    3,98%
  24630 13709    26579,0656  1895    27233,6075    26158,1700 10735160    3,95%
  24857 13827        cutoff          27233,6075    26161,7802 10825131    3,94%
  25048 14111    27018,6574  1381    27233,6075    26169,4658 11028164    3,91%
  25190 14120    26806,2840  1581    27233,6075    26171,7544 11037484    3,90%
  25290 14410    26880,3824  1709    27233,6075    26176,7819 11270720    3,88%
  25400 14381    27102,7764  2050    27233,6075    26179,1702 11235282    3,87%
Elapsed time = 3366,52 sec. (569187,62 ticks, tree = 535,65 MB, solutions = 17)
  25575 14415    26987,0208  1851    27233,6075    26179,1702 11260926    3,87%
  25764 14542    26979,2768  1497    27233,6075    26179,1702 11397509    3,87%
  25990 14707    27106,1725  1453    27233,6075    26186,5812 11530171    3,84%
  26210 14627    26994,8020  1705    27233,6075    26186,5812 11454718    3,84%
  26417 14765    26961,3605  1846    27233,6075    26196,1586 11593259    3,81%
  26643 14835    26949,2190  1722    27233,6075    26199,5481 11646929    3,80%
  26859 14950    26899,2461  2257    27233,6075    26200,5227 11721744    3,79%
  27114 15018    26631,4445  1983    27233,6075    26202,8989 11793783    3,78%
  27371 15392        cutoff          27233,6075    26208,5843 12106871    3,76%
  27617 15534    26782,0227  1677    27233,6075    26212,9519 12221611    3,75%
Elapsed time = 3625,82 sec. (607561,20 ticks, tree = 569,67 MB, solutions = 17)
  27891 15450        cutoff          27233,6075    26215,8442 12167883    3,74%
  28112 15809    27162,8250  1712    27233,6075    26221,7435 12426766    3,72%
  28349 15715        cutoff          27233,6075    26225,6255 12362415    3,70%
  28582 15727    27100,2218  2012    27233,6075    26228,9584 12369027    3,69%
  28805 15940    27190,8826  1767    27233,6075    26235,0634 12541304    3,67%
  29059 16082    27135,8075  1783    27233,6075    26237,0764 12642195    3,66%
  29288 16323    26876,4004  2164    27233,6075    26240,1601 12842295    3,65%
  29510 16340    26515,8077  2224    27233,6075    26245,8838 12875486    3,63%
  29751 16682    26909,3525  1921    27233,6075    26249,8941 13134219    3,61%
  30024 16497    27013,9994  2065    27233,6075    26251,5301 12988507    3,61%
Elapsed time = 3898,19 sec. (645868,25 ticks, tree = 593,54 MB, solutions = 17)
  30313 16709    26640,2235  1920    27233,6075    26258,4785 13151451    3,58%
  30544 16812        cutoff          27233,6075    26262,1525 13253908    3,57%
  30715 17010        cutoff          27233,6075    26265,4254 13376992    3,56%
  30828 17069    26766,9709  1883    27233,6075    26266,8299 13405252    3,55%
  30937 17479    26835,8034  2091    27233,6075    26271,4274 13675287    3,53%
  31087 17519    26933,8081  1581    27233,6075    26272,7291 13710447    3,53%
  31268 17512    26954,9211  1906    27233,6075    26278,1735 13701987    3,51%
  31530 17529    26749,7053  1642    27233,6075    26284,4852 13728355    3,49%
  31782 17571    26625,4754  1673    27233,6075    26288,2275 13751978    3,47%
  31995 17651        cutoff          27233,6075    26289,8117 13788114    3,47%
Elapsed time = 4158,80 sec. (684248,15 ticks, tree = 650,02 MB, solutions = 17)
  32246 17873    26959,8035  1976    27233,6075    26293,0414 14008327    3,45%
* 32463 17795      integral     0    27213,7843    26293,8811 13936885    3,38%
  32487 18087        cutoff          27213,7843    26293,9572 14156864    3,38%
  32749 18129    26774,7608  1720    27213,7843    26295,8373 14216356    3,37%
  32995 18223        cutoff          27213,7843    26298,8834 14385511    3,36%
  33284 18238    26364,2506  2053    27213,7843    26300,3916 14394307    3,36%
  33553 18374    27154,6066  1627    27213,7843    26303,3852 14514141    3,35%
  33798 18608    27119,9689  1933    27213,7843    26305,2684 14683343    3,34%
  34043 18643    27138,6294  2021    27213,7843    26309,4634 14718595    3,32%
  34258 18747        cutoff          27213,7843    26311,3533 14810784    3,32%
  34463 19014    27101,3807  1521    27213,7843    26313,5537 15013356    3,31%
Elapsed time = 4431,78 sec. (722698,35 ticks, tree = 694,52 MB, solutions = 18)
  34677 19218    26634,3433  1764    27213,7843    26320,6362 15187984    3,28%
  34936 19151    27108,7076  1445    27213,7843    26323,1656 15135728    3,27%
  35184 19244        cutoff          27213,7843    26325,2192 15205265    3,27%
  35448 19361    27116,6265  1735    27213,7843    26329,6374 15326655    3,25%
  35734 19418    26609,6370  1854    27213,7843    26334,7295 15364274    3,23%
  35974 19715    26560,5449  1934    27213,7843    26337,7243 15630174    3,22%
  36193 19523    26704,7289  1985    27213,7843    26339,4709 15495196    3,21%
  36398 19828    26453,4280  1564    27213,7843    26342,1429 15697645    3,20%
  36532 20085    27161,2876  1603    27213,7843    26343,9741 15903591    3,20%
  36666 20258    26880,3148  1677    27213,7843    26346,5570 16047543    3,19%
Elapsed time = 4707,89 sec. (761258,86 ticks, tree = 742,23 MB, solutions = 18)
  36789 20030    26514,3875  1756    27213,7843    26348,5956 15850508    3,18%
  36931 20378    27204,5555  1434    27213,7843    26352,5787 16146977    3,16%
  37146 20434        cutoff          27213,7843    26354,5102 16193048    3,16%
  37368 20504    26407,1101  2263    27213,7843    26358,2309 16264857    3,14%
  37602 20424    27114,3279  2108    27213,7843    26360,6574 16184029    3,13%
  37846 20616    26962,7763  1396    27213,7843    26363,0812 16371642    3,13%
  38108 20741    27130,3963  1678    27213,7843    26367,3238 16478304    3,11%
  38348 20840        cutoff          27213,7843    26367,9747 16577566    3,11%
  38599 20871    27015,3984  1802    27213,7843    26369,3320 16619477    3,10%
* 38833+20799                        27199,9542    26370,7143             3,05%
  38862 20945    26867,4188  1859    27199,9542    26373,1802 16905252    3,04%
Elapsed time = 4960,14 sec. (799613,43 ticks, tree = 745,39 MB, solutions = 19)
  39122 21028    27010,3274  1705    27199,9542    26373,5513 16973767    3,04%
* 39268+20994                        27195,0942    26374,0143             3,02%
  39387 21079    27168,3062  1640    27195,0942    26374,3459 16829721    3,02%
  39635 21154    26826,6473  1890    27195,0942    26376,2042 16906384    3,01%
  39894 21068    26718,7468  1698    27195,0942    26379,4306 17073852    3,00%
  40131 21461        cutoff          27195,0942    26382,2186 17393226    2,99%
  40403 21331    26871,9840  1595    27195,0942    26385,9059 17277465    2,98%
  40661 21546    27100,6107  1678    27195,0942    26388,2288 17472875    2,97%
  40901 21455    27003,2935  2105    27195,0942    26391,1304 17387125    2,96%
  41179 21869    27161,3525  1430    27195,0942    26393,2578 17745528    2,95%
  41391 21730    26940,4609  2067    27195,0942    26394,9423 17655174    2,94%
Elapsed time = 5229,57 sec. (837984,45 ticks, tree = 786,05 MB, solutions = 20)
  41639 22140    27133,6613  1538    27195,0942    26399,1850 17965874    2,93%
  41880 21911        cutoff          27195,0942    26403,3048 17797909    2,91%
  42105 22132        cutoff          27195,0942    26405,2636 17980363    2,90%
  42310 22385    26816,9847  1579    27195,0942    26408,9833 18213389    2,89%
  42479 22604    27093,3496  1636    27195,0942    26413,8590 18430827    2,87%
  42643 22363    27001,9042  1483    27195,0942    26416,8839 18204089    2,86%
  42767 22544    26682,1433  1632    27195,0942    26417,9478 18363489    2,86%
  42898 22619    27143,5053  2026    27195,0942    26419,6467 18440174    2,85%
  43050 22846    27085,7768  1808    27195,0942    26424,1312 18651190    2,83%
  43253 22789    27085,6011  1642    27195,0942    26427,2367 18578845    2,82%
Elapsed time = 5512,39 sec. (876297,59 ticks, tree = 796,40 MB, solutions = 20)
  43500 22945        cutoff          27195,0942    26428,8823 18743762    2,82%
  43750 22909    26907,2964  1547    27195,0942    26431,1060 18724491    2,81%
  44035 23140        cutoff          27195,0942    26436,4705 18919714    2,79%
  44269 23206    27151,5655  1483    27195,0942    26439,2710 19005015    2,78%
  44543 23112    27090,1377  1663    27195,0942    26442,4952 18900495    2,77%
  44821 23489    26918,5757  1881    27195,0942    26445,4946 19266654    2,76%
  45070 23226    27051,2240  1855    27195,0942    26445,4946 19031687    2,76%
  45306 23382    26795,1795  2009    27195,0942    26449,9771 19182909    2,74%
  45569 23576    27177,9893  1063    27195,0942    26452,1882 19355310    2,73%
  45816 23535    27048,3074  1345    27195,0942    26453,0810 19339620    2,73%
Elapsed time = 5748,48 sec. (914662,41 ticks, tree = 838,68 MB, solutions = 20)
  46064 23942    27101,7652  1666    27195,0942    26454,0579 19781725    2,72%
  46308 23743        cutoff          27195,0942    26456,0822 19532314    2,72%
  46557 23846    26934,3214  1711    27195,0942    26456,8164 19652013    2,71%
  46809 24212        cutoff          27195,0942    26458,8027 20068754    2,71%
  47102 24269    26885,7674  1560    27195,0942    26461,5068 20119034    2,70%
  47375 24136    26806,4625  1630    27195,0942    26461,5068 20012422    2,70%
  47660 24420    27090,3347  1872    27195,0942    26464,9836 20287886    2,68%
  47955 24467        cutoff          27195,0942    26468,3615 20366393    2,67%
  48223 24788        cutoff          27195,0942    26471,5975 20689246    2,66%
  48477 24888    26690,0161  1988    27195,0942    26474,1450 20770892    2,65%
Elapsed time = 6021,33 sec. (953006,16 ticks, tree = 867,44 MB, solutions = 20)
  48817 24737    27063,8408  1467    27195,0942    26475,9783 20630184    2,64%
  49087 25021    27048,1649  1662    27195,0942    26478,6469 20896175    2,63%
  49371 24922    26981,8376  1396    27195,0942    26481,2589 20797512    2,62%
  49582 25264    27180,5923  1690    27195,0942    26484,0811 21096982    2,61%
  49759 25051    27156,7791  1453    27195,0942    26485,7881 20923121    2,61%
  49908 25205    27028,4642  2025    27195,0942    26488,3877 21064879    2,60%
  50060 25209        cutoff          27195,0942    26492,6010 21072007    2,58%
  50202 25536        cutoff          27195,0942    26495,5416 21344383    2,57%
  50336 25538    27018,0887  1583    27195,0942    26497,1916 21348649    2,57%
  50495 25709    27151,3302  1738    27195,0942    26497,5631 21566509    2,56%
Elapsed time = 6289,80 sec. (991315,08 ticks, tree = 911,89 MB, solutions = 20)
  50664 25689    27097,5352   594    27195,0942    26502,2930 21515290    2,55%
  50889 25693        cutoff          27195,0942    26504,9505 21546517    2,54%
  51156 25844        cutoff          27195,0942    26507,4894 21730763    2,53%
  51406 26036    27082,6309  1533    27195,0942    26509,1036 21918101    2,52%
  51690 25844    27112,3925  1498    27195,0942    26510,0931 21732005    2,52%
  51939 25991    27019,7103  1585    27195,0942    26511,6539 21896641    2,51%
  52214 25954        cutoff          27195,0942    26515,8326 21823153    2,50%
  52472 26340    26940,8823  2025    27195,0942    26518,7482 22229381    2,49%
  52754 26174    26954,8549  1748    27195,0942    26521,3579 22071656    2,48%
  53028 26449    26600,0398  1984    27195,0942    26522,7116 22326167    2,47%
Elapsed time = 6532,36 sec. (1029534,71 ticks, tree = 918,21 MB, solutions = 20)
  53335 26602    26962,4119  1924    27195,0942    26524,8773 22506885    2,46%
  53606 26834        cutoff          27195,0942    26527,5724 22764840    2,45%
  53922 26751    26986,4778  1753    27195,0942    26529,5958 22689132    2,45%
  54209 26999    27009,5603  1599    27195,0942    26531,4526 22903522    2,44%
  54492 26670    27174,2818  1491    27195,0942    26532,3399 22576865    2,44%
  54765 26909        cutoff          27195,0942    26533,3595 22840394    2,43%
  55018 27115        cutoff          27195,0942    26535,3581 23055007    2,43%
  55288 27121        cutoff          27195,0942    26536,2656 23064583    2,42%
  55545 27315    27101,9125  1610    27195,0942    26537,9447 23317409    2,42%
  55824 27449    26687,1882  1671    27195,0942    26539,3560 23452833    2,41%
Elapsed time = 6795,94 sec. (1067801,26 ticks, tree = 968,96 MB, solutions = 20)
  56086 27208        cutoff          27195,0942    26539,3560 23167805    2,41%
  56351 27365    27078,1908  2158    27195,0942    26543,4127 23387638    2,40%
  56608 27492    27112,5865  1394    27195,0942    26545,4242 23522662    2,39%
  56856 27689    26986,8756  1486    27195,0942    26547,3129 23793095    2,38%
  57086 27612        cutoff          27195,0942    26549,4693 23707665    2,37%
  57328 27785    26832,9187  1714    27195,0942    26549,4693 23990803    2,37%
  57543 27854        cutoff          27195,0942    26552,6778 24083508    2,36%
  57741 27852        cutoff          27195,0942    26555,0148 24093340    2,35%
  57909 27998    26984,3871  2154    27195,0942    26556,6188 24315216    2,35%
  58057 27891    26918,6811  1854    27195,0942    26558,1310 24142280    2,34%
Elapsed time = 7067,83 sec. (1106063,59 ticks, tree = 973,24 MB, solutions = 20)
  58199 28289        cutoff          27195,0942    26560,2856 24636884    2,33%
  58339 28252        cutoff          27195,0942    26562,5581 24598379    2,33%
  58498 28415    27062,1341   933    27195,0942    26565,2501 24799893    2,32%
  58701 28403    27021,4530  1698    27195,0942    26568,0388 24792239    2,31%
  58951 28487    26791,6679  2111    27195,0942    26570,6606 24883177    2,30%
  59200 28586    26946,8944  1684    27195,0942    26573,3241 24948628    2,29%
  59494 28507        cutoff          27195,0942    26573,3241 24899584    2,29%
  59774 28536    27067,7172  1498    27195,0942    26576,4785 24925788    2,27%
  60100 28648    26614,5942  1648    27195,0942    26580,9631 25037865    2,26%
  60373 28833    27040,4699  2082    27195,0942    26583,6264 25321682    2,25%
Elapsed time = 7308,78 sec. (1144295,79 ticks, tree = 1008,56 MB, solutions = 20)
  60696 28733    27118,8982  1778    27195,0942    26586,1127 25194517    2,24%
  60966 28639        cutoff          27195,0942    26587,8978 25017279    2,23%
  61256 28991    26956,3118  2235    27195,0942    26587,8978 25530040    2,23%
  61548 29070    27038,8112  1267    27195,0942    26591,9518 25624735    2,22%
  61812 28941    27152,3461  1603    27195,0942    26593,3865 25460955    2,21%
  62086 29089    27050,9787  1961    27195,0942    26596,4251 25643554    2,20%
  62338 29157        cutoff          27195,0942    26597,3863 25756610    2,20%
  62608 29160    27082,1629  1408    27195,0942    26599,1067 25766205    2,19%
  62883 29267        cutoff          27195,0942    26599,4164 25917799    2,19%
  63160 29238    26943,7276  1610    27195,0942    26601,1383 25881249    2,18%
Elapsed time = 7575,78 sec. (1182553,19 ticks, tree = 1023,31 MB, solutions = 20)
  63420 29511    27137,7296  1396    27195,0942    26601,4736 26223278    2,18%
  63710 29609    26997,8886  1681    27195,0942    26602,4412 26389501    2,18%
  63976 29527        cutoff          27195,0942    26602,8898 26241739    2,18%
  64294 29700    26942,8483  1460    27195,0942    26604,3357 26555182    2,17%
  64572 29726    27142,5264  1837    27195,0942    26605,4806 26563708    2,17%
  64914 29962    27173,9855  1576    27195,0942    26607,7207 26921207    2,16%
  65188 29969    27135,9189  1777    27195,0942    26608,5618 26930041    2,16%
  65475 30049    27088,4250  1637    27195,0942    26610,4715 27135292    2,15%
  65801 29981        cutoff          27195,0942    26613,0023 26996201    2,14%
  66123 30076        cutoff          27195,0942    26613,9921 27153366    2,14%
Elapsed time = 7834,33 sec. (1220894,51 ticks, tree = 1027,29 MB, solutions = 20)
  66456 30256    27000,7104  1831    27195,0942    26616,2725 27443708    2,13%
  66785 30166    27096,4775  1376    27195,0942    26620,0825 27217416    2,11%
  67124 30184        cutoff          27195,0942    26621,3539 27226240    2,11%
  67406 30358    27051,0035  1385    27195,0942    26624,4009 27555960    2,10%
  67693 30313        cutoff          27195,0942    26625,3351 27509074    2,10%
  67922 30370    26717,1741  1745    27195,0942    26627,8445 27621490    2,09%
  68143 30372    27063,4823  1506    27195,0942    26629,8112 27630692    2,08%
  68347 30667    26946,2163  1653    27195,0942    26634,0701 27972742    2,06%
  68536 30581    27149,2278  1550    27195,0942    26635,4330 27848541    2,06%
  68699 30734    27116,6716  1597    27195,0942    26638,4407 28035484    2,05%
Elapsed time = 8104,14 sec. (1259277,36 ticks, tree = 1076,72 MB, solutions = 20)
  68852 30797    27058,2715  1894    27195,0942    26639,6512 28085772    2,04%
  68991 30904        cutoff          27195,0942    26641,3830 28353860    2,04%
  69151 30910    27118,4005  1207    27195,0942    26643,4961 28358149    2,03%
  69324 30982        cutoff          27195,0942    26646,5897 28463941    2,02%
  69556 31075    27152,3687  1407    27195,0942    26647,5293 28546306    2,01%
  69783 31207    26978,4467  1650    27195,0942    26650,7796 28846109    2,00%
  70053 31158    27015,5524  1992    27195,0942    26653,0066 28716309    1,99%
  70336 31268        cutoff          27195,0942    26654,0790 28906244    1,99%
  70633 31271    26901,5265  1890    27195,0942    26656,3058 28937163    1,98%
  70927 31364    26949,4180  1709    27195,0942    26660,0110 29183320    1,97%
Elapsed time = 8372,27 sec. (1297627,93 ticks, tree = 1083,51 MB, solutions = 20)
  71200 31294        cutoff          27195,0942    26661,1600 28935110    1,96%
  71503 31372        cutoff          27195,0942    26664,3453 29257638    1,95%
  71822 31358        cutoff          27195,0942    26666,4684 29155616    1,94%
* 71904 31566      integral     0    27156,9939    26667,5085 29632592    1,80%
  72115 31357        cutoff          27156,9939    26667,5085 29114143    1,80%
  72388 31418    27106,9935  2008    27156,9939    26669,9532 29333516    1,79%
  72720 30143        cutoff          27156,9939    26673,1853 29809152    1,78%
  73041 31564    27002,8064  1499    27156,9939    26674,0899 29561192    1,78%
  73335 30159        cutoff          27156,9939    26677,5380 29882192    1,77%
  73666 30094        cutoff          27156,9939    26679,2193 29783255    1,76%
  73977 30205        cutoff          27156,9939    26679,9613 29953993    1,76%
Elapsed time = 8613,20 sec. (1335849,07 ticks, tree = 1027,57 MB, solutions = 21)
  74290 30194    27060,2211  1666    27156,9939    26681,9082 30010104    1,75%
  74588 30286    27046,9082  1972    27156,9939    26684,2478 30166803    1,74%
  74931 30228    27133,5210  1435    27156,9939    26685,1318 30073562    1,74%
  75242 30386    27128,5762  1611    27156,9939    26686,8454 30564655    1,73%
  75560 30348    27156,3769  1778    27156,9939    26687,8605 30333469    1,73%
  75870 30464    27001,1296  1711    27156,9939    26688,4078 30914934    1,73%
  76181 30435        cutoff          27156,9939    26689,8436 30828950    1,72%
  76453 30488    26847,2164  1637    27156,9939    26691,7966 31127056    1,71%
  76746 30526        cutoff          27156,9939    26693,4900 31290450    1,71%
  77067 30420        cutoff          27156,9939    26694,9650 30899830    1,70%
Elapsed time = 8877,28 sec. (1374149,12 ticks, tree = 1055,76 MB, solutions = 21)
  77380 30529    27128,9549  1286    27156,9939    26696,4660 31309859    1,70%
  77673 30569        cutoff          27156,9939    26697,8268 31470218    1,69%
  77945 30521    27097,9828  1311    27156,9939    26700,6588 31430013    1,68%
  78230 30536    26906,3275  1912    27156,9939    26701,8609 31535811    1,68%
  78486 30587        cutoff          27156,9939    26706,9171 31681774    1,66%
  78757 30593    27125,4383  1468    27156,9939    26710,0394 31691629    1,65%
  78953 30582        cutoff          27156,9939    26710,5546 32173594    1,64%
  79157 30606        cutoff          27156,9939    26710,5546 31979111    1,64%
  79354 30607    27102,0635  2232    27156,9939    26713,3596 32074996    1,63%
  79541 30608        cutoff          27156,9939    26715,1568 32329696    1,63%
Elapsed time = 9143,99 sec. (1412489,22 ticks, tree = 1037,69 MB, solutions = 21)
  79754 30674    27114,2144  1290    27156,9939    26717,9896 32544846    1,62%
  79955 30670        cutoff          27156,9939    26721,6622 32596150    1,60%
  80184 30690    26995,3691  1860    27156,9939    26722,6638 32580772    1,60%
  80436 30668        cutoff          27156,9939    26724,0620 32613631    1,59%
  80736 30662    26957,3344  1759    27156,9939    26726,1990 32578783    1,59%
  81067 30660    26862,6924  1859    27156,9939    26729,8080 32631101    1,57%
  81385 30665    27100,9265  1595    27156,9939    26732,3399 32640222    1,56%
  81713 30645        cutoff          27156,9939    26736,3055 33058360    1,55%
  82015 30670    27086,6444  1036    27156,9939    26737,6820 32883121    1,54%
  82350 30661    27058,4716  2041    27156,9939    26739,0312 32822061    1,54%
Elapsed time = 9378,43 sec. (1450794,97 ticks, tree = 1040,80 MB, solutions = 21)
  82663 30641    27132,6839  1775    27156,9939    26740,9874 33087204    1,53%
  82956 30653        cutoff          27156,9939    26744,1283 33274476    1,52%
  83306 30653    27060,4402  1734    27156,9939    26746,3720 33284462    1,51%
  83587 30640    27136,5357  1514    27156,9939    26749,5332 33342946    1,50%
  83901 30628    27013,4539  1319    27156,9939    26750,6770 33710957    1,50%
  84225 30626        cutoff          27156,9939    26751,9956 33511157    1,49%
  84564 30614    27085,2047  1154    27156,9939    26757,4680 34014669    1,47%
  84849 30509        cutoff          27156,9939    26760,1764 34161648    1,46%
  85177 30583    26906,9784  1765    27156,9939    26760,1764 33841786    1,46%
  85514 30508        cutoff          27156,9939    26762,1270 34123729    1,45%
Elapsed time = 9646,88 sec. (1489128,30 ticks, tree = 1035,09 MB, solutions = 21)
  85824 30511        cutoff          27156,9939    26767,0812 34277998    1,44%
  86134 30451        cutoff          27156,9939    26767,0812 34362641    1,44%
  86494 30492        cutoff          27156,9939    26769,0338 34497927    1,43%
  86849 30434    27008,1728  1444    27156,9939    26770,9355 34590620    1,42%
  87166 30281    27002,1585  1639    27156,9939    26772,1783 34992948    1,42%
  87437 30409        cutoff          27156,9939    26774,9881 34723449    1,41%
  87690 30335        cutoff          27156,9939    26774,9881 34907597    1,41%
  87925 30247        cutoff          27156,9939    26776,2427 35194163    1,40%
  88150 30304        cutoff          27156,9939    26779,5188 34945847    1,39%
  88364 30152        cutoff          27156,9939    26781,7661 35351988    1,38%
Elapsed time = 9896,04 sec. (1527471,51 ticks, tree = 1024,41 MB, solutions = 21)
  88565 30097        cutoff          27156,9939    26785,8770 35404975    1,37%
  88785 30054        cutoff          27156,9939    26788,4073 35468022    1,36%
  89011 30040    27053,1486  1993    27156,9939    26790,5201 35556557    1,35%
  89276 30036        cutoff          27156,9939    26793,9026 35520900    1,34%
  89574 29981    26812,9608  1985    27156,9939    26796,9149 35736271    1,33%
  89891 30071    27060,9473  1546    27156,9939    26796,9149 35435673    1,33%
  90257 30036    26928,8946  1837    27156,9939    26801,6860 35566325    1,31%
  90587 30037        cutoff          27156,9939    26801,6860 35575934    1,31%
  90953 29803        cutoff          27156,9939    26806,4783 36052724    1,29%
  91296 29955        cutoff          27156,9939    26807,3467 35825888    1,29%
Elapsed time = 10151,10 sec. (1565771,63 ticks, tree = 1011,79 MB, solutions = 21)
  91652 29742    27130,0728  1906    27156,9939    26811,6295 36219176    1,27%
  91992 29736    27051,9991  1434    27156,9939    26812,4357 36192753    1,27%
  92352 29756        cutoff          27156,9939    26813,2742 36146376    1,27%
  92700 29750    27002,6051  2048    27156,9939    26816,4153 36248358    1,25%
  93056 29316        cutoff          27156,9939    26822,2255 36922790    1,23%
  93419 29580    26901,5002  1419    27156,9939    26822,2255 36555299    1,23%
  93768 29142    27149,4505  1956    27156,9939    26822,2255 37124331    1,23%
  94117 29282        cutoff          27156,9939    26830,6502 37004149    1,20%
* 94314 29101      integral     0    27007,6616    26832,8517 37179189    0,65%
  94484 29175    27041,7677  1501    27007,6616    26832,8517 37111886    0,65%
* 94673+12852                        26987,9776    26833,5868             0,57%
  94922 29084        cutoff          26987,9776    26834,1982 37299965    0,57%
Elapsed time = 10420,18 sec. (1604028,14 ticks, tree = 962,53 MB, solutions = 23)
  95390 10225        cutoff          26987,9776    26837,2782 37658108    0,56%
  95996  9798        cutoff          26987,9776    26838,0067 37794024    0,56%
  96690  9194        cutoff          26987,9776    26876,3769 37999954    0,41%
  97313  8712        cutoff          26987,9776    26884,9239 38091559    0,38%
  97969  7944        cutoff          26987,9776    26893,7602 38215769    0,35%
  98841  7220        cutoff          26987,9776    26902,0205 38320078    0,32%
  99658  6445        cutoff          26987,9776    26913,2924 38421255    0,28%
 100651  5667        cutoff          26987,9776    26925,1791 38506058    0,23%
 101919  4369        cutoff          26987,9776    26937,2139 38617054    0,19%
 103476  2789        cutoff          26987,9776    26957,2899 38717215    0,11%
Elapsed time = 10672,20 sec. (1642230,62 ticks, tree = 55,51 MB, solutions = 23)

Zero-half cuts applied:  96
Gomory fractional cuts applied:  1

Root node processing (before b&c):
  Real time             =   32,53 sec. (19346,88 ticks)
Parallel b&c, 12 threads:
  Real time             = 10660,97 sec. (1626529,78 ticks)
  Sync time (average)   = 1356,41 sec.
  Wait time (average)   =    0,03 sec.
                          ------------
Total (root+branch&cut) = 10693,50 sec. (1645876,66 ticks)

