
Version identifier: 22.1.1.0 | 2022-11-28 | 9160aff4d
CPXPARAM_MultiObjective_Display                  0
CPXPARAM_WorkMem                                 8192
CPXPARAM_DetTimeLimit                            2000000
Tried aggregator 3 times.
MIP Presolve eliminated 112993 rows and 1088725 columns.
Aggregator did 1182 substitutions.
Reduced MIP has 4996 rows, 23535 columns, and 52309 nonzeros.
Reduced MIP has 23503 binaries, 32 generals, 0 SOSs, and 0 indicators.
Presolve time = 1,03 sec. (616,16 ticks)
Found incumbent of value 190054,660991 after 1,21 sec. (734,51 ticks)
Probing time = 0,04 sec. (10,97 ticks)
Tried aggregator 2 times.
Detecting symmetries...
Aggregator did 16 substitutions.
Reduced MIP has 4980 rows, 23519 columns, and 52277 nonzeros.
Reduced MIP has 23503 binaries, 16 generals, 0 SOSs, and 0 indicators.
Presolve time = 0,06 sec. (48,91 ticks)
Probing time = 0,09 sec. (10,67 ticks)
Clique table members: 29565.
MIP emphasis: balance optimality and feasibility.
MIP search method: dynamic search.
Parallel mode: deterministic, using up to 12 threads.
Root relaxation solution time = 0,76 sec. (385,51 ticks)

        Nodes                                         Cuts/
   Node  Left     Objective  IInf  Best Integer    Best Bound    ItCnt     Gap

*     0+    0                       190054,6610 -1677898,0000           982,85%
*     0+    0                       166620,9050 -1677898,0000              --- 
*     0+    0                       166602,6530 -1677898,0000              --- 
*     0+    0                       166584,4010 -1677898,0000              --- 
*     0+    0                       166566,1490 -1677898,0000              --- 
*     0+    0                       166547,8970 -1677898,0000              --- 
*     0+    0                       166529,6450 -1677898,0000              --- 
*     0+    0                       166511,3930 -1677898,0000              --- 
*     0+    0                       166494,2210 -1677898,0000              --- 
*     0+    0                       166477,3730 -1677898,0000              --- 
      0     0    31551,6032  1567   166477,3730    31551,6032       36   81,05%
*     0+    0                        57785,9759    31551,6032            45,40%
      0     0    31552,7916  1530    57785,9759   ZeroHalf: 2      107   45,40%
      0     0    31573,5000  1599    57785,9759   ZeroHalf: 3      295   45,36%
      0     0    31586,1763  1590    57785,9759   ZeroHalf: 3      416   45,34%
*     0+    0                        48399,6527    31586,1763            34,74%
*     0+    0                        45448,3167    31586,1763            30,50%
*     0+    0                        42545,5956    31586,1763            25,76%
      0     0  -1,00000e+75     0    42545,5956    31586,1763      416   25,76%
      0     0    31587,2107  1643    42545,5956   ZeroHalf: 5      464   25,76%
      0     0    31593,8623  1638    42545,5956   ZeroHalf: 7      583   25,74%
Detecting symmetries...
*     0+    0                        34837,1140    31593,8623             9,31%
Detecting symmetries...
      0     2    31593,8623  1638    34837,1140    31593,8623      583    9,31%
Elapsed time = 20,50 sec. (6889,80 ticks, tree = 0,02 MB, solutions = 15)
      1     3    31649,1452  1629    34837,1140    31594,1252     1457    9,31%
      4     6    31717,6025  1408    34837,1140    31649,1885     3083    9,15%
     12     8    31751,9165  1287    34837,1140    31649,1885     4113    9,15%
     18     9    31771,8883  1604    34837,1140    31712,1630     6136    8,97%
     22    16    31781,3057  1335    34837,1140    31729,9503    11920    8,92%
*    26+   10                        32684,1115    31730,0861             2,92%
     29    22    31956,4184  1143    32684,1115    31730,0861    22342    2,92%
     33    25    31845,0350  1321    32684,1115    31730,0861    26133    2,92%
     43    31    31961,6488  1587    32684,1115    31737,4098    40118    2,90%
     51    37    32327,7748  1087    32684,1115    31743,3040    53858    2,88%
     97    86    32407,2329   622    32684,1115    31743,3040    91081    2,88%
Elapsed time = 41,13 sec. (10319,75 ticks, tree = 0,65 MB, solutions = 17)
*   121    90      integral     0    32575,2113    31743,3040    92315    2,55%
    228   132    32543,2083  1035    32575,2113    31747,8169   122308    2,54%
    345   199    32239,4519   947    32575,2113    31804,0276   157519    2,37%
    463   269    32052,4042  1272    32575,2113    31810,5053   193647    2,35%
    582   304        cutoff          32575,2113    31847,0576   209767    2,24%
    707   368    32128,1695  1435    32575,2113    31857,4744   241232    2,20%
    789   495    32236,3809  1306    32575,2113    31885,2319   282662    2,12%
    839   519        cutoff          32575,2113    31895,3856   296484    2,09%
    936   530    32121,7759  1274    32575,2113    31905,3095   302848    2,06%
*  1063   556      integral     0    32564,2851    31905,3095   312152    2,02%
   1095   563    32488,7012   991    32564,2851    31905,3095   313514    2,02%
Elapsed time = 118,64 sec. (19340,80 ticks, tree = 10,74 MB, solutions = 19)
   1237   658    32100,3511  1528    32564,2851    31947,8335   350701    1,89%
   1369   712    32402,9285  1134    32564,2851    31965,4257   373641    1,84%
   1513   764    32240,5092  1015    32564,2851    31984,2171   396065    1,78%
   1709   890    32455,3103  1142    32564,2851    31999,2358   450151    1,74%
   1849   970    32183,6303  1160    32564,2851    32024,0833   485286    1,66%
*  1864   945      integral     0    32552,1530    32024,0833   473603    1,62%
   2027  1058        cutoff          32552,1530    32048,6031   540794    1,55%
   2197  1026    32251,4560  1342    32552,1530    32058,7525   527841    1,52%
   2373  1178        cutoff          32552,1530    32082,6450   600468    1,44%
   2536  1302        cutoff          32552,1530    32093,0188   649619    1,41%
   2682  1345    32223,4253  1085    32552,1530    32109,0680   677790    1,36%
Elapsed time = 194,90 sec. (28928,44 ticks, tree = 32,11 MB, solutions = 20)
*  2781+ 1352                        32524,7188    32114,3145             1,26%
   2829  1356    32288,2373  1305    32524,7188    32116,8268   719692    1,25%
   2936  1395    32391,4076   874    32524,7188    32122,9577   715241    1,24%
   3051  1436    32291,6144  1537    32524,7188    32135,9848   759218    1,20%
   3231  1469    32457,8601  1248    32524,7188    32150,3220   771905    1,15%
   3407  1469    32406,0106   840    32524,7188    32157,8034   789688    1,13%
   3594  1547        cutoff          32524,7188    32168,5199   836816    1,10%
   3782  1599    32509,2245  1218    32524,7188    32181,0249   865076    1,06%
   4027  1670    32418,2120  1349    32524,7188    32190,8769   929764    1,03%
   4260  1764        cutoff          32524,7188    32196,2488   971216    1,01%
   4506  1886    32430,2089  1117    32524,7188    32211,5706  1010634    0,96%
Elapsed time = 272,52 sec. (38541,55 ticks, tree = 52,86 MB, solutions = 21)
*  4738  1916      integral     0    32478,8954    32220,2022  1024573    0,80%
   4747  1762        cutoff          32478,8954    32220,2022  1046924    0,80%
   4941  1942    32376,2062   451    32478,8954    32229,3055  1039780    0,77%
   5123  1831    32317,4227   761    32478,8954    32240,2469  1093819    0,73%
   5300  1852        cutoff          32478,8954    32243,6162  1120861    0,72%
   5576  1891    32341,0423   811    32478,8954    32252,3750  1134826    0,70%
   5843  1910        cutoff          32478,8954    32256,8854  1159431    0,68%
   5957  1942    32455,3947   469    32478,8954    32256,8854  1182441    0,68%

Performing restart 1

Repeating presolve.
Tried aggregator 2 times.
MIP Presolve eliminated 354 rows and 5829 columns.
Aggregator did 65 substitutions.
Reduced MIP has 4561 rows, 17625 columns, and 40079 nonzeros.
Reduced MIP has 17609 binaries, 16 generals, 0 SOSs, and 0 indicators.
Presolve time = 0,04 sec. (35,15 ticks)
Tried aggregator 1 time.
Reduced MIP has 4561 rows, 17625 columns, and 40079 nonzeros.
Reduced MIP has 17609 binaries, 16 generals, 0 SOSs, and 0 indicators.
Presolve time = 0,16 sec. (30,47 ticks)
Represolve time = 1,96 sec. (1001,89 ticks)
   5965     0    31620,8040  1663    32478,8954   ZeroHalf: 7  1244075    0,65%
   5965     0    31627,4055  1703    32478,8954   ZeroHalf: 4  1244199    0,65%
   5965     0    31630,0886  1667    32478,8954   ZeroHalf: 2  1244283    0,65%
   5965     0    31630,4062  1610    32478,8954   ZeroHalf: 6  1244315    0,65%
   5965     0    31633,3346  1738    32478,8954  ZeroHalf: 10  1244486    0,65%
   5965     0    31637,9390  1743    32478,8954   ZeroHalf: 3  1244621    0,65%
   5965     0    31640,2756  1856    32478,8954   ZeroHalf: 3  1244780    0,65%
   5965     2    31640,2756  1856    32478,8954    32266,6403  1244780    0,65%
   5967     3    31881,2077  1581    32478,8954    32266,6403  1246675    0,65%
   5993     7    32372,8591  1630    32478,8954    32266,6403  1250301    0,65%
Elapsed time = 347,87 sec. (61785,74 ticks, tree = 0,02 MB, solutions = 22)
   6027    29        cutoff          32478,8954    32266,6403  1267274    0,65%
   6065    51    32265,0830  1363    32478,8954    32266,6403  1306236    0,65%
   6169    78    32321,3559  1614    32478,8954    32266,6403  1322287    0,65%
   6255   152        cutoff          32478,8954    32266,6403  1376207    0,65%
   6355   183    32353,8456  1442    32478,8954    32266,6403  1401020    0,65%
   6467   223    32077,8261  1504    32478,8954    32266,6403  1438964    0,65%
   6578   311    31954,2865  1558    32478,8954    32266,6403  1485144    0,65%
   6636   349    32336,4977  1171    32478,8954    32266,6403  1515921    0,65%
   6717   405    32332,6235  1402    32478,8954    32266,6403  1540477    0,65%
   6825   439    32462,5802  1391    32478,8954    32266,6403  1558011    0,65%
Elapsed time = 416,64 sec. (71459,71 ticks, tree = 2,49 MB, solutions = 22)
   6891   441    32267,7780  1317    32478,8954    32266,6403  1564092    0,65%
   6996   482        cutoff          32478,8954    32266,6403  1613150    0,65%
   7083   524    32387,4479  1160    32478,8954    32266,6403  1675186    0,65%
   7174   550    32110,2719   913    32478,8954    32266,6403  1714537    0,65%
   7244   589    32440,8388   449    32478,8954    32266,6403  1765880    0,65%
*  7253   587      integral     0    32470,3870    32266,6403  1766144    0,63%
   7308   587    32437,6658  1431    32470,3870    32266,6403  1773990    0,63%
   7369   595    32258,6651  1257    32470,3870    32266,6403  1803303    0,63%
   7467   603        cutoff          32470,3870    32266,6403  1845889    0,63%
   7560   609        cutoff          32470,3870    32266,6403  1883691    0,63%
   7655   626        cutoff          32470,3870    32266,6403  1906943    0,63%
Elapsed time = 477,31 sec. (81108,35 ticks, tree = 4,49 MB, solutions = 23)
   7772   616    32393,2595  1170    32470,3870    32266,6403  1940864    0,63%
   7891   568    32306,7050  1456    32470,3870    32266,6403  2054326    0,63%
   8033   528        cutoff          32470,3870    32266,6403  2088545    0,63%
   8205   459        cutoff          32470,3870    32266,6403  2152318    0,63%
   8388   322        cutoff          32470,3870    32318,9825  2213261    0,47%
*  8603   198      integral     0    32429,6036    32318,9825  2243070    0,34%

Zero-half cuts applied:  24
Gomory fractional cuts applied:  1

Root node processing (before b&c):
  Real time             =   19,11 sec. (7031,79 ticks)
Parallel b&c, 12 threads:
  Real time             =  494,25 sec. (79971,61 ticks)
  Sync time (average)   =   71,33 sec.
  Wait time (average)   =    0,04 sec.
                          ------------
Total (root+branch&cut) =  513,36 sec. (87003,41 ticks)

