
Version identifier: 22.1.1.0 | 2022-11-28 | 9160aff4d
CPXPARAM_MultiObjective_Display                  0
CPXPARAM_TimeLimit                               2000000
CPXPARAM_WorkMem                                 8192
CPXPARAM_DetTimeLimit                            2000000
Found incumbent of value 248000,000000 after 0,08 sec. (51,20 ticks)
Tried aggregator 3 times.
MIP Presolve eliminated 107814 rows and 1076708 columns.
Aggregator did 1260 substitutions.
Reduced MIP has 5796 rows, 31784 columns, and 69611 nonzeros.
Reduced MIP has 31752 binaries, 32 generals, 0 SOSs, and 0 indicators.
Presolve time = 0,87 sec. (620,83 ticks)
Tried aggregator 2 times.
Detecting symmetries...
Aggregator did 17 substitutions.
Reduced MIP has 5779 rows, 31767 columns, and 69577 nonzeros.
Reduced MIP has 31751 binaries, 16 generals, 0 SOSs, and 0 indicators.
Presolve time = 0,06 sec. (64,23 ticks)
Probing time = 0,06 sec. (13,99 ticks)
Clique table members: 38717.
MIP emphasis: balance optimality and feasibility.
MIP search method: dynamic search.
Parallel mode: deterministic, using up to 12 threads.
Root relaxation solution time = 0,82 sec. (584,28 ticks)

        Nodes                                         Cuts/
   Node  Left     Objective  IInf  Best Integer    Best Bound    ItCnt     Gap

*     0+    0                       248000,0000 -1945141,0000           884,33%
*     0+    0                       217762,0000 -1945141,0000           993,24%
      0     0    16241,1899  2495   217762,0000    16241,1899       44   92,54%
*     0+    0                       138304,1524    16241,1899            88,26%
      0     0    16261,1068  2517   138304,1524  ZeroHalf: 19      687   88,24%
*     0+    0                        45543,9285    16261,1068            64,30%
      0     0    16276,4980  2630    45543,9285   ZeroHalf: 9     1338   64,26%
      0     0    16288,2470  2584    45543,9285      Cuts: 13     1933   64,24%
      0     0    16296,9156  2614    45543,9285   ZeroHalf: 7     2408   64,22%
      0     0    16300,5688  2598    45543,9285   ZeroHalf: 6     2610   64,21%
Detecting symmetries...
      0     0    16309,8501  2689    45543,9285   ZeroHalf: 6     3206   64,19%
      0     0    16316,3411  2663    45543,9285   ZeroHalf: 4     3643   64,17%
      0     0    16319,3513  2660    45543,9285   ZeroHalf: 3     3823   64,17%
      0     0    16326,6920  2867    45543,9285  ZeroHalf: 10     4363   64,15%
*     0+    0                        40917,9028    16326,6920            60,10%
Detecting symmetries...
      0     2    16326,6920  2867    40917,9028    16326,6920     4363   60,10%
Elapsed time = 36,98 sec. (18671,45 ticks, tree = 0,02 MB, solutions = 4)
      1     3    16347,0633  2784    40917,9028    16326,7032     5756   60,10%
      2     3    16348,5157  2743    40917,9028    16326,7032     5712   60,10%
      3     4    16368,9597  2765    40917,9028    16326,7032     7178   60,10%
      4     4    16391,4023  2492    40917,9028    16326,7032     7527   60,10%
      5     5    16394,6290  2628    40917,9028    16347,0690     8639   60,05%
      8     6    16406,9087  2706    40917,9028    16347,1055    10213   60,05%
     11     7    16406,9594  2490    40917,9028    16369,0106    11377   60,00%
     12     7    16545,5786  2327    40917,9028    16369,0106    13007   60,00%
     14     8    16520,1809  1905    40917,9028    16369,0106    14277   60,00%
     22    15    16568,1574  2204    40917,9028    16394,7225    26162   59,93%
Elapsed time = 58,86 sec. (24443,04 ticks, tree = 0,03 MB, solutions = 4)
     31    21    16455,9316  2362    40917,9028    16402,2519    47714   59,91%
     33    26    16560,4618  2284    40917,9028    16402,2519    67933   59,91%
     42    34    16467,1120  2415    40917,9028    16407,1270   112229   59,90%
     47    39    16551,7081  2285    40917,9028    16407,1270   157053   59,90%
     56    47    16578,2787  2304    40917,9028    16407,1270   190552   59,90%
     63    58    16712,1739  1885    40917,9028    16407,1270   217645   59,90%
     70    50    16889,0452  2020    40917,9028    16407,1270   198529   59,90%
     83    73    16703,9386  1970    40917,9028    16407,1270   243715   59,90%
     99    80    16868,4119  1655    40917,9028    16407,1270   253996   59,90%
*   110+   86                        39281,5986    16407,1270            58,23%
    110    73    16687,9257  1851    39281,5986    16407,1270   244099   58,23%
Elapsed time = 121,32 sec. (34610,67 ticks, tree = 1,22 MB, solutions = 4)
    126   110    16779,8682  1810    39281,5986    16407,1270   301715   58,23%
    150   118    17273,4719  1693    39281,5986    16407,1270   310724   58,23%
    178   136    17162,5972  1593    39281,5986    16407,1270   331911   58,23%
*   188+  143                        36391,9164    16407,1270            54,92%
*   196+  143                        30059,5066    16407,1270            45,42%
    204   147    16967,8039  1871    30059,5066    16407,1270   345478   45,42%
    239   176    17838,2711   976    30059,5066    16407,1270   365437   45,42%
*   249   177      integral     0    17213,2142    16407,1270   371571    4,68%
    285   213    17138,4765  1065    17213,2142    16407,1270   396557    4,68%
    314   201    16659,0185  1940    17213,2142    16407,1270   393569    4,68%
    335   209    16560,1257  2210    17213,2142    16407,1270   421598    4,68%
    363   229    16731,9517  2059    17213,2142    16407,1270   445760    4,68%
Elapsed time = 184,85 sec. (43820,93 ticks, tree = 5,22 MB, solutions = 12)
    384   230    16860,9887  1645    17213,2142    16413,9779   445345    4,64%
    406   244    16748,0809  1834    17213,2142    16413,9779   462171    4,64%
    431   269    16711,6733  2177    17213,2142    16487,1337   490298    4,22%
    459   281    16898,5971  2024    17213,2142    16487,1337   503877    4,22%
    491   320    17204,8163  1208    17213,2142    16487,1337   532598    4,22%
*   520   292      integral     0    17150,6468    16487,8098   511424    3,86%
    543   355    16948,8923  1602    17150,6468    16487,8098   573081    3,86%
    582   348    16535,5658  2522    17150,6468    16489,3198   559081    3,86%
    610   372    17134,9564  1834    17150,6468    16489,3198   601184    3,86%
    633   381    16608,6085  1802    17150,6468    16489,3198   610116    3,86%
Elapsed time = 252,75 sec. (53527,52 ticks, tree = 7,60 MB, solutions = 13)
    660   384    16705,8788  1823    17150,6468    16489,3198   611896    3,86%
    690   404    16816,3757  1977    17150,6468    16493,8567   632908    3,83%
    716   416    16890,6601  1887    17150,6468    16525,7931   641388    3,64%
    755   454    17011,7089  1616    17150,6468    16525,7931   680455    3,64%
    803   467        cutoff          17150,6468    16525,7931   699256    3,64%
    830   502        cutoff          17150,6468    16525,7931   725058    3,64%
    863   550    16846,6113  2077    17150,6468    16525,7931   766730    3,64%
    905   553    16999,6741  1791    17150,6468    16525,7931   768791    3,64%
    940   594    16712,6918  2326    17150,6468    16525,7931   802787    3,64%
    974   582        cutoff          17150,6468    16527,6886   798918    3,63%
Elapsed time = 321,96 sec. (63460,10 ticks, tree = 17,12 MB, solutions = 13)
   1004   648    16785,8935  2515    17150,6468    16559,9786   849716    3,44%
   1031   600    16974,8173  2174    17150,6468    16559,9786   807507    3,44%
   1057   644    16813,7765  2047    17150,6468    16559,9786   846609    3,44%
   1085   664    16964,5743  2061    17150,6468    16559,9786   870524    3,44%
   1113   698    16909,0433  1925    17150,6468    16560,1610   905373    3,44%
   1144   750    17002,9750  2132    17150,6468    16568,1874   959384    3,40%
   1180   713    17070,2751  1995    17150,6468    16568,1874   917250    3,40%
   1205   751    16694,5210  2179    17150,6468    16568,1874   963068    3,40%
   1238   768        cutoff          17150,6468    16571,6984   973774    3,38%
   1267   799    17018,5507  2060    17150,6468    16571,6984  1007107    3,38%
Elapsed time = 388,18 sec. (73255,84 ticks, tree = 24,60 MB, solutions = 13)
   1292   770    16738,9993  2169    17150,6468    16571,9360   977214    3,37%
   1318   850    17050,5737  1798    17150,6468    16580,1572  1055801    3,33%
   1352   774    16936,5267  2122    17150,6468    16592,6488   987471    3,25%
   1386   830        cutoff          17150,6468    16592,6488  1034068    3,25%
   1413   838    17004,1005  1946    17150,6468    16592,6488  1044947    3,25%
   1443   923        cutoff          17150,6468    16598,5121  1149053    3,22%
   1475   933    16725,2430  1896    17150,6468    16614,2025  1161273    3,13%
   1507   921    16938,7501  1899    17150,6468    16618,1073  1143415    3,11%
   1555   912    17147,2931  2038    17150,6468    16618,5495  1124744    3,10%
   1594   976    16852,9174  1821    17150,6468    16621,8179  1205546    3,08%
Elapsed time = 456,80 sec. (82994,57 ticks, tree = 30,14 MB, solutions = 13)
   1630  1018        cutoff          17150,6468    16624,6861  1244465    3,07%
   1655  1029    17102,9650  1739    17150,6468    16624,6861  1253727    3,07%
*  1657+  962                        17099,6815    16624,6861             2,78%
   1686  1002        cutoff          17099,6815    16625,2781  1231739    2,77%
   1724   992    16958,7822  1868    17099,6815    16625,2781  1220920    2,77%
   1765  1063        cutoff          17099,6815    16625,2781  1290881    2,77%
   1805  1033    17093,9359  1787    17099,6815    16625,2781  1319747    2,77%
   1841  1072    16949,9044  1841    17099,6815    16625,2781  1353353    2,77%
   1888  1108    16764,1051  1884    17099,6815    16639,2458  1390985    2,69%
   1925  1112    16884,2294  1655    17099,6815    16643,4907  1392859    2,67%
   1954  1065        cutoff          17099,6815    16643,4907  1351613    2,67%
Elapsed time = 526,05 sec. (92651,60 ticks, tree = 35,75 MB, solutions = 14)
   1985  1167    16865,7270  1781    17099,6815    16643,4907  1437592    2,67%
   2024  1178    16893,8073  1777    17099,6815    16646,8236  1454411    2,65%
   2065  1144        cutoff          17099,6815    16649,0862  1420162    2,64%
   2103  1174    16781,8371  1956    17099,6815    16652,8451  1443807    2,61%
   2139  1271    16997,9982  1439    17099,6815    16653,0989  1540190    2,61%
   2183  1201    16793,3588  1790    17099,6815    16653,0989  1482060    2,61%
   2213  1252    16856,2915  1581    17099,6815    16655,9438  1526093    2,60%
   2242  1318    17037,6314  1786    17099,6815    16657,6754  1584761    2,58%
   2285  1346    16990,1817  1786    17099,6815    16660,5459  1614682    2,57%
   2326  1331    17030,4376  1299    17099,6815    16662,5014  1599323    2,56%
Elapsed time = 592,50 sec. (102333,43 ticks, tree = 49,70 MB, solutions = 14)
   2368  1300    17000,8006  1808    17099,6815    16663,2127  1569511    2,55%
   2403  1412    16859,6432  2006    17099,6815    16663,2127  1672548    2,55%
   2440  1391        cutoff          17099,6815    16665,9507  1653748    2,54%
   2475  1392    16808,7852  1892    17099,6815    16670,8816  1655549    2,51%
   2512  1471    16876,7653  1814    17099,6815    16674,0992  1734050    2,49%
   2546  1476    17026,8560  1621    17099,6815    16674,2265  1736092    2,49%
   2579  1526    16884,2042  2154    17099,6815    16674,2265  1786310    2,49%
   2614  1504    17005,0496  1899    17099,6815    16674,2577  1767321    2,49%
   2656  1582    16908,7928  1658    17099,6815    16679,8786  1844563    2,46%
   2824  1564    16944,0692  1633    17099,6815    16687,4581  1831854    2,41%
Elapsed time = 682,78 sec. (114995,65 ticks, tree = 53,81 MB, solutions = 14)
   2996  1679    17012,6789  2075    17099,6815    16692,0115  1946047    2,38%
*  3125  1845      integral     0    17047,0363    16697,7528  2090300    2,05%
   3281  1738        cutoff          17047,0363    16700,6256  2167058    2,03%
   3455  1847    16946,0119  1340    17047,0363    16711,6759  2276162    1,97%
   3625  1874        cutoff          17047,0363    16716,0038  2297632    1,94%
   3786  1928    16994,8965  1654    17047,0363    16723,0285  2345512    1,90%
   3930  2030    16859,9314  1533    17047,0363    16723,5535  2463901    1,90%

Performing restart 1

Repeating presolve.
Tried aggregator 2 times.
MIP Presolve eliminated 323 rows and 6817 columns.
Aggregator did 79 substitutions.
Reduced MIP has 5377 rows, 24871 columns, and 55351 nonzeros.
Reduced MIP has 24855 binaries, 16 generals, 0 SOSs, and 0 indicators.
Presolve time = 0,06 sec. (47,97 ticks)
Tried aggregator 1 time.
Reduced MIP has 5377 rows, 24871 columns, and 55351 nonzeros.
Reduced MIP has 24855 binaries, 16 generals, 0 SOSs, and 0 indicators.
Presolve time = 0,05 sec. (42,03 ticks)
Represolve time = 1,13 sec. (952,61 ticks)
   3967     0    16344,2407  2764    17047,0363   ZeroHalf: 1  2650701    1,84%
   3967     0    16345,6641  2789    17047,0363   ZeroHalf: 2  2650885    1,84%
   3967     0    16349,3332  2820    17047,0363   ZeroHalf: 6  2651205    1,84%
   3967     0    16354,5331  2853    17047,0363   ZeroHalf: 5  2651536    1,84%
   3967     0    16359,4551  2870    17047,0363   ZeroHalf: 3  2651933    1,84%
   3967     2    16359,4551  2870    17047,0363    16733,7145  2651933    1,84%
   3972     6    16378,3671  2633    17047,0363    16733,7145  2655830    1,84%
   4007    18    16523,7932  2421    17047,0363    16733,7145  2672010    1,84%
Elapsed time = 928,51 sec. (180639,42 ticks, tree = 0,04 MB, solutions = 15)
   4049    62    16505,8212  2626    17047,0363    16733,7145  2785942    1,84%
   4129   138    16578,0692  2605    17047,0363    16733,7145  2866104    1,84%
   4240   204    16866,9818  2003    17047,0363    16733,7145  2918126    1,84%
   4364   311    16941,0646  1971    17047,0363    16733,7145  2988995    1,84%
   4508   441    16667,5815  2514    17047,0363    16733,7145  3076793    1,84%
   4623   478    16885,8408  2307    17047,0363    16733,7145  3107769    1,84%
   4736   591    16806,3222  2228    17047,0363    16733,7145  3181605    1,84%
   4965   708    16845,2809  2048    17047,0363    16733,7145  3247742    1,84%
   5156   764    16868,7294  1904    17047,0363    16733,7145  3280196    1,84%
   5316   957    16561,5057  2114    17047,0363    16733,7145  3371201    1,84%
Elapsed time = 1164,62 sec. (219093,63 ticks, tree = 31,05 MB, solutions = 15)
   5490  1118    16720,5156  1988    17047,0363    16733,7145  3473147    1,84%
   5699  1191    16612,7639  2459    17047,0363    16733,7145  3520948    1,84%
   5865  1386    16755,9605  1769    17047,0363    16733,7145  3623079    1,84%
   6077  1561    16959,5934  1323    17047,0363    16733,7145  3718315    1,84%
   6318  1645        cutoff          17047,0363    16733,7145  3768540    1,84%
   6511  1766        cutoff          17047,0363    16733,7145  3836186    1,84%
   6704  1942    16847,1519  2025    17047,0363    16733,7145  3913837    1,84%
   6911  2254    16891,8637  1846    17047,0363    16733,7145  4076531    1,84%
   7112  2284    16576,5426  2329    17047,0363    16733,7145  4099831    1,84%
   7258  2496    16830,7124  1769    17047,0363    16733,7145  4212011    1,84%
Elapsed time = 1395,08 sec. (257424,81 ticks, tree = 84,86 MB, solutions = 15)
   7431  2644        cutoff          17047,0363    16733,7145  4304735    1,84%
   7629  2803    16782,5584  1961    17047,0363    16733,7145  4397373    1,84%
   7803  2833    16997,4691  1752    17047,0363    16733,7145  4420606    1,84%
   7961  3037    16749,1517  1806    17047,0363    16733,7145  4567937    1,84%
   8183  3226    16996,6950  1307    17047,0363    16733,7145  4678747    1,84%
   8358  3305    16806,2500  1989    17047,0363    16733,7145  4724118    1,84%
   8541  3327        cutoff          17047,0363    16733,7145  4740612    1,84%
   8668  3530    16860,8248  1994    17047,0363    16733,7145  4895740    1,84%
   8802  3650    16957,7035  1524    17047,0363    16733,7145  4984170    1,84%
   8927  3690    16716,8029  2078    17047,0363    16733,7145  5002684    1,84%
Elapsed time = 1621,24 sec. (296126,35 ticks, tree = 131,70 MB, solutions = 15)

Performing restart 2

Repeating presolve.
Tried aggregator 2 times.
MIP Presolve eliminated 31 rows and 522 columns.
Aggregator did 11 substitutions.
Reduced MIP has 5335 rows, 24338 columns, and 54238 nonzeros.
Reduced MIP has 24322 binaries, 16 generals, 0 SOSs, and 0 indicators.
Presolve time = 0,07 sec. (67,43 ticks)
Tried aggregator 1 time.
Reduced MIP has 5335 rows, 24338 columns, and 54238 nonzeros.
Reduced MIP has 24322 binaries, 16 generals, 0 SOSs, and 0 indicators.
Presolve time = 0,05 sec. (41,27 ticks)
Represolve time = 1,41 sec. (968,22 ticks)
   8929     0    16370,6198  2889    17047,0363   ZeroHalf: 5  5112798    1,84%
   8929     0    16379,1136  2895    17047,0363       Cuts: 8  5113226    1,84%
   8929     0    16379,9815  2947    17047,0363   ZeroHalf: 5  5113405    1,84%
   8929     0    16386,3216  2922    17047,0363   ZeroHalf: 6  5113865    1,84%
   8929     0    16390,2135  2946    17047,0363   ZeroHalf: 4  5114202    1,84%
   8929     0    16391,1511  2935    17047,0363   ZeroHalf: 4  5114403    1,84%
   8929     0    16392,6370  2984    17047,0363   ZeroHalf: 5  5114642    1,84%
   8929     0    16393,8539  3027    17047,0363   ZeroHalf: 3  5114796    1,84%
   8929     0    16394,0275  2983    17047,0363   ZeroHalf: 1  5114906    1,84%
   8929     0    16397,2807  2953    17047,0363   ZeroHalf: 9  5115275    1,84%
   8929     0    16398,7606  2955    17047,0363   ZeroHalf: 2  5115513    1,84%

Repeating presolve.
Tried aggregator 2 times.
MIP Presolve eliminated 106 rows and 1306 columns.
Aggregator did 33 substitutions.
Reduced MIP has 5196 rows, 22999 columns, and 51409 nonzeros.
Reduced MIP has 22983 binaries, 16 generals, 0 SOSs, and 0 indicators.
Presolve time = 0,08 sec. (64,64 ticks)
Tried aggregator 1 time.
Reduced MIP has 5196 rows, 22999 columns, and 51409 nonzeros.
Reduced MIP has 22983 binaries, 16 generals, 0 SOSs, and 0 indicators.
Presolve time = 0,05 sec. (39,24 ticks)
Represolve time = 1,30 sec. (977,91 ticks)
   8929     0    16403,0427  3012    17047,0363  ZeroHalf: 10  5133516    1,84%
   8929     0    16407,5924  2989    17047,0363  ZeroHalf: 10  5133931    1,84%
   8929     0    16409,1307  3020    17047,0363   ZeroHalf: 4  5134239    1,84%
   8929     0    16411,5661  3084    17047,0363   ZeroHalf: 6  5134570    1,84%
   8929     0    16412,0901  3120    17047,0363   ZeroHalf: 1  5134743    1,84%
   8929     0    16415,8177  3096    17047,0363   ZeroHalf: 6  5135183    1,84%
   8929     0    16416,5935  3114    17047,0363   ZeroHalf: 6  5135413    1,84%
   8929     0    16417,7946  3112    17047,0363   ZeroHalf: 5  5135678    1,84%
   8929     2    16417,7946  3110    17047,0363    16733,7145  5135678    1,84%
   8934     5    infeasible          17047,0363    16733,7145  5140964    1,84%
   8944     8    16671,8115  2130    17047,0363    16733,7145  5149534    1,84%
   8966    23    16653,2927  2107    17047,0363    16733,7145  5196648    1,84%
   9006    52    infeasible          17047,0363    16733,7145  5286763    1,84%
   9088   102    16774,2855  2031    17047,0363    16733,7145  5352865    1,84%
   9202   144    16579,9915  2270    17047,0363    16733,7145  5390137    1,84%
   9339   262    17021,0229  1817    17047,0363    16733,7145  5482965    1,84%
   9461   392    16662,3846  2172    17047,0363    16733,7145  5573014    1,84%
   9614   513    16822,8781  1988    17047,0363    16733,7145  5663667    1,84%
Elapsed time = 1942,36 sec. (451058,47 ticks, tree = 12,12 MB, solutions = 15)
   9774   606    16982,9582  1602    17047,0363    16733,7145  5717221    1,84%
   9942   658    16908,3021  1780    17047,0363    16733,7145  5756382    1,84%
  10091   779    16871,7280  1648    17047,0363    16733,7145  5842709    1,84%
  10267   862    16678,4499  2375    17047,0363    16733,7145  5886350    1,84%
  10447  1002    16746,5697  1976    17047,0363    16733,7145  5987401    1,84%
  10618  1142    16888,9830  1921    17047,0363    16733,7145  6069088    1,84%
  10757  1302        cutoff          17047,0363    16733,7145  6191715    1,84%
  10858  1346    16949,2562  2330    17047,0363    16733,7145  6228108    1,84%
  11017  1417    16835,4023  1890    17047,0363    16733,7145  6284297    1,84%
  11175  1500    16996,1879  1490    17047,0363    16733,7145  6347238    1,84%
Elapsed time = 2164,86 sec. (489452,72 ticks, tree = 50,10 MB, solutions = 15)
  11339  1672    16641,8274  2272    17047,0363    16733,7145  6475225    1,84%
  11505  1685    16680,6217  2133    17047,0363    16733,7145  6490645    1,84%
  11690  1895    16944,3767  1742    17047,0363    16733,7145  6640726    1,84%
  11889  1923    17030,5302  1833    17047,0363    16733,7145  6666020    1,84%
  12035  2131    16789,3011  2104    17047,0363    16733,7145  6831112    1,84%
  12183  2147    16765,0389  2098    17047,0363    16733,7145  6844058    1,84%
  12322  2350    17032,1291  1205    17047,0363    16733,7145  7009594    1,84%
  12452  2440        cutoff          17047,0363    16733,7145  7082039    1,84%
  12592  2508    17017,4734  1897    17047,0363    16733,7145  7127814    1,84%
  12764  2556    16897,5227  1589    17047,0363    16733,7145  7161733    1,84%
Elapsed time = 2394,66 sec. (527727,21 ticks, tree = 82,89 MB, solutions = 15)
  12913  2700    16998,2874  1185    17047,0363    16733,7145  7279845    1,84%
  13051  2775    16848,4653  1717    17047,0363    16733,7145  7343251    1,84%
  13205  2932    16810,9947  1913    17047,0363    16733,7145  7494334    1,84%
* 13238  2916      integral     0    16997,7678    16733,7145  7466462    1,55%
* 13337  2628      integral     0    16973,9055    16733,7145  7580978    1,42%
  13477  2609    16964,8355  1726    16973,9055    16733,7145  7550137    1,42%
  13601  2470    16826,9993  1802    16973,9055    16733,7145  7673470    1,42%
* 13721  2502      integral     0    16964,5357    16733,7145  7732426    1,36%
  13741  2571    16864,7918  1548    16964,5357    16733,7145  7838733    1,36%
  13847  2575    16751,9657  1788    16964,5357    16733,7145  7842819    1,36%
  13927  2577    16804,0511  2078    16964,5357    16733,7145  7977193    1,36%
  14029  2567    16854,1935  2053    16964,5357    16733,7145  7966711    1,36%
Elapsed time = 2633,46 sec. (566059,09 ticks, tree = 79,53 MB, solutions = 18)
  14205  2634    16762,1662  1919    16964,5357    16733,7145  8062598    1,36%
  14378  2736    16832,6821  2005    16964,5357    16733,7145  8204261    1,36%
  14524  2812    16899,0725  2073    16964,5357    16733,7145  8287672    1,36%
  14661  2815    16853,2901  1507    16964,5357    16733,7145  8295953    1,36%
  14803  2939    16892,2131  1825    16964,5357    16733,7145  8456901    1,36%
  14946  2966    16791,7671  2220    16964,5357    16733,7145  8523741    1,36%
  15039  3077        cutoff          16964,5357    16733,7145  8716313    1,36%
  15122  3097    16884,1418  2087    16964,5357    16733,7145  8736556    1,36%
  15272  3112        cutoff          16964,5357    16733,7145  8777868    1,36%
  15418  3147    16905,2102  1799    16964,5357    16733,7145  8839302    1,36%
Elapsed time = 2874,74 sec. (604485,44 ticks, tree = 94,35 MB, solutions = 18)
  15577  3228    16758,5582  1850    16964,5357    16733,7145  8958223    1,36%
  15740  3276        cutoff          16964,5357    16733,7145  9049971    1,36%
  15883  3297    16739,2277  1817    16964,5357    16733,7145  9071016    1,36%
  16058  3372    16860,5479  1315    16964,5357    16733,7145  9182258    1,36%
  16220  3389        cutoff          16964,5357    16733,7145  9244223    1,36%
  16371  3499    16944,5040  1920    16964,5357    16733,7145  9395848    1,36%
  16544  3588        cutoff          16964,5357    16733,9112  9550453    1,36%
  16695  3612    16887,5367  2200    16964,5357    16736,8704  9603993    1,34%
  16844  3662        cutoff          16964,5357    16738,2896  9741861    1,33%
  17005  3675    16940,6346  1959    16964,5357    16741,8815  9749919    1,31%
Elapsed time = 3123,40 sec. (642831,17 ticks, tree = 105,66 MB, solutions = 18)
  17137  3680    16911,7397  1912    16964,5357    16744,4810  9804785    1,30%
  17256  3734    16940,7845  1868    16964,5357    16747,6632  9915278    1,28%
  17354  3801        cutoff          16964,5357    16750,0685 10071122    1,26%
  17481  3802        cutoff          16964,5357    16753,6695 10079378    1,24%
  17636  3807    16852,5730  1970    16964,5357    16756,1623 10102026    1,23%
  17828  3840    16911,9549  1741    16964,5357    16757,6985 10167760    1,22%
  18019  3877    16950,3463  1693    16964,5357    16759,6730 10280658    1,21%
  18215  3971    16884,6373  1284    16964,5357    16761,8917 10478779    1,19%
  18405  4008    16957,1186  1418    16964,5357    16763,2966 10545907    1,19%
  18591  4069    16868,5277  1484    16964,5357    16768,3324 10693835    1,16%
Elapsed time = 3345,88 sec. (681225,01 ticks, tree = 120,40 MB, solutions = 18)
  18769  4063        cutoff          16964,5357    16770,6847 10686123    1,14%
  18934  4110        cutoff          16964,5357    16773,6948 10771418    1,12%
  19113  4144    16952,5335  1491    16964,5357    16775,8522 10815305    1,11%
  19293  4249    16941,0878  1678    16964,5357    16779,3743 11108307    1,09%
  19442  4224    16941,9753  1808    16964,5357    16781,2013 11063185    1,08%
  19563  4250        cutoff          16964,5357    16784,7658 11152845    1,06%
  19674  4352    16954,3883  1875    16964,5357    16786,6330 11339969    1,05%
  19818  4364    16906,3707  1589    16964,5357    16790,2593 11395905    1,03%
  20003  4362    16866,8432  1675    16964,5357    16791,7916 11388197    1,02%
  20187  4371    16867,8605  1933    16964,5357    16794,0192 11482193    1,01%
Elapsed time = 3580,04 sec. (719708,83 ticks, tree = 129,64 MB, solutions = 18)
  20359  4400    16861,0042  2253    16964,5357    16795,9431 11596442    0,99%
  20556  4373    16859,5064  1976    16964,5357    16796,3524 11527199    0,99%
  20780  4412    16931,6080  1790    16964,5357    16798,8344 11809517    0,98%
  20992  4431    16920,8618  1752    16964,5357    16800,0071 11856456    0,97%
  21191  4533    16951,8676  1441    16964,5357    16803,6476 12109405    0,95%
  21387  4530    16958,4088  1874    16964,5357    16805,4376 12099504    0,94%
  21585  4522    16929,6606  1824    16964,5357    16808,0301 12051725    0,92%
  21767  4561        cutoff          16964,5357    16811,5415 12329924    0,90%
  21949  4547        cutoff          16964,5357    16812,6676 12242509    0,90%
  22082  4558    16963,7052  1702    16964,5357    16815,7657 12382656    0,88%
Elapsed time = 3821,32 sec. (758077,50 ticks, tree = 135,74 MB, solutions = 18)
  22183  4582    16923,8654  1425    16964,5357    16817,4591 12501348    0,87%
  22287  4576        cutoff          16964,5357    16818,2219 12650570    0,86%
  22441  4570        cutoff          16964,5357    16822,9855 12710421    0,83%
  22670  4584    16929,3422  1817    16964,5357    16823,8215 12782486    0,83%
  22894  4589        cutoff          16964,5357    16827,5048 12820841    0,81%
  23105  4583    16895,9118  1862    16964,5357    16828,7303 12828487    0,80%
  23328  4581        cutoff          16964,5357    16829,9453 12897424    0,79%
  23521  4587        cutoff          16964,5357    16832,1516 13181140    0,78%
  23711  4582    16898,3001  1976    16964,5357    16833,1709 13087228    0,77%
  23907  4545        cutoff          16964,5357    16835,1602 13478160    0,76%
Elapsed time = 4058,03 sec. (796355,01 ticks, tree = 132,61 MB, solutions = 18)
  24111  4548        cutoff          16964,5357    16835,7991 13443945    0,76%
  24336  4509        cutoff          16964,5357    16839,7163 13573091    0,74%
  24548  4493    16951,3446  1528    16964,5357    16841,6520 13638990    0,72%
  24709  4463    16954,6653  1749    16964,5357    16844,5286 13772440    0,71%
  24872  4431        cutoff          16964,5357    16847,2488 13864452    0,69%
  25032  4403        cutoff          16964,5357    16849,5561 13961556    0,68%
  25237  4371        cutoff          16964,5357    16850,5674 14030962    0,67%
  25467  4322    16952,9199  1592    16964,5357    16853,4959 14122280    0,65%
  25707  4330        cutoff          16964,5357    16855,7744 14118178    0,64%
  25933  4223        cutoff          16964,5357    16858,1719 14323833    0,63%
Elapsed time = 4292,26 sec. (834763,69 ticks, tree = 121,97 MB, solutions = 18)
  26174  4219    16946,9551  2026    16964,5357    16862,3514 14332736    0,60%
  26428  4119        cutoff          16964,5357    16866,6706 14518203    0,58%
  26694  4102    16954,1624  1626    16964,5357    16869,3936 14588482    0,56%
  26965  3944    16942,5650  1801    16964,5357    16873,6524 14792506    0,54%
  27199  3787        cutoff          16964,5357    16877,5346 14907914    0,51%
  27451  3650        cutoff          16964,5357    16880,2654 15031067    0,50%
  27737  3544        cutoff          16964,5357    16880,8661 15117695    0,49%
  28023  3341        cutoff          16964,5357    16889,2267 15271678    0,44%
  28282  3174    16959,5887  1347    16964,5357    16892,5882 15368983    0,42%
  28574  3051        cutoff          16964,5357    16895,2329 15428571    0,41%
Elapsed time = 4511,93 sec. (873048,51 ticks, tree = 81,33 MB, solutions = 18)
  28909  2853        cutoff          16964,5357    16901,1725 15514240    0,37%
  29280  2541        cutoff          16964,5357    16904,9422 15620932    0,35%
  29679  2263        cutoff          16964,5357    16912,2673 15708524    0,31%
  30103  1867    16940,3837  1693    16964,5357    16919,2177 15800652    0,27%
  30597  1476        cutoff          16964,5357    16927,6571 15862545    0,22%
  31125   975    16960,3366  1912    16964,5357    16937,3274 15922792    0,16%
* 31194   832      integral     0    16955,0639    16937,4601 15935706    0,10%

Cover cuts applied:  7
Mixed integer rounding cuts applied:  4
Zero-half cuts applied:  144
Lift and project cuts applied:  1
Gomory fractional cuts applied:  1

Root node processing (before b&c):
  Real time             =   36,10 sec. (18647,87 ticks)
Parallel b&c, 12 threads:
  Real time             = 4571,04 sec. (880420,71 ticks)
  Sync time (average)   =  556,55 sec.
  Wait time (average)   =    0,14 sec.
                          ------------
Total (root+branch&cut) = 4607,14 sec. (899068,58 ticks)

