
Version identifier: 22.1.1.0 | 2022-11-28 | 9160aff4d
CPXPARAM_MultiObjective_Display                  0
CPXPARAM_WorkMem                                 8192
CPXPARAM_DetTimeLimit                            2000000
Found incumbent of value 126000,000000 after 0,01 sec. (6,30 ticks)
Tried aggregator 3 times.
MIP Presolve eliminated 20425 rows and 124881 columns.
Aggregator did 393 substitutions.
Reduced MIP has 1689 rows, 6131 columns, and 13992 nonzeros.
Reduced MIP has 6118 binaries, 13 generals, 0 SOSs, and 0 indicators.
Presolve time = 0,19 sec. (82,43 ticks)
Probing time = 0,04 sec. (5,16 ticks)
Tried aggregator 2 times.
Detecting symmetries...
Aggregator did 6 substitutions.
Reduced MIP has 1683 rows, 6125 columns, and 13980 nonzeros.
Reduced MIP has 6118 binaries, 7 generals, 0 SOSs, and 0 indicators.
Presolve time = 0,03 sec. (13,69 ticks)
Probing time = 0,02 sec. (5,09 ticks)
Clique table members: 8191.
MIP emphasis: balance optimality and feasibility.
MIP search method: dynamic search.
Parallel mode: deterministic, using up to 12 threads.
Root relaxation solution time = 0,25 sec. (154,06 ticks)

        Nodes                                         Cuts/
   Node  Left     Objective  IInf  Best Integer    Best Bound    ItCnt     Gap

*     0+    0                       126000,0000  -531245,0000           521,62%
      0     0    12021,9683   671   126000,0000    12021,9683       27   90,46%
*     0+    0                        23584,7300    12021,9683            49,03%
*     0+    0                        12195,4400    12021,9683             1,42%
      0     0    12046,2111   669    12195,4400      Cuts: 14      350    1,22%
*     0+    0                        12109,4500    12046,2111             0,52%
      0     0        cutoff          12109,4500    12109,4500      526    0,00%
Elapsed time = 1,40 sec. (781,42 ticks, tree = 0,01 MB, solutions = 3)

Zero-half cuts applied:  34
Lift and project cuts applied:  1
Gomory fractional cuts applied:  3

Root node processing (before b&c):
  Real time             =    1,41 sec. (787,67 ticks)
Parallel b&c, 12 threads:
  Real time             =    0,00 sec. (0,00 ticks)
  Sync time (average)   =    0,00 sec.
  Wait time (average)   =    0,00 sec.
                          ------------
Total (root+branch&cut) =    1,41 sec. (787,67 ticks)

