
Version identifier: 22.1.1.0 | 2022-11-28 | 9160aff4d
CPXPARAM_MultiObjective_Display                  0
CPXPARAM_TimeLimit                               2000000
CPXPARAM_WorkMem                                 8192
CPXPARAM_DetTimeLimit                            2000000
Tried aggregator 3 times.
MIP Presolve eliminated 131828 rows and 1100513 columns.
MIP Presolve modified 16 coefficients.
Aggregator did 1093 substitutions.
Reduced MIP has 4004 rows, 16516 columns, and 37203 nonzeros.
Reduced MIP has 16486 binaries, 30 generals, 0 SOSs, and 0 indicators.
Presolve time = 1,04 sec. (640,38 ticks)
Found incumbent of value 195675,165318 after 1,21 sec. (751,79 ticks)
Probing time = 0,03 sec. (8,91 ticks)
Tried aggregator 2 times.
Detecting symmetries...
Aggregator did 16 substitutions.
Reduced MIP has 3988 rows, 16500 columns, and 37171 nonzeros.
Reduced MIP has 16485 binaries, 15 generals, 0 SOSs, and 0 indicators.
Presolve time = 0,05 sec. (35,39 ticks)
Probing time = 0,03 sec. (8,71 ticks)
Clique table members: 21402.
MIP emphasis: balance optimality and feasibility.
MIP search method: dynamic search.
Parallel mode: deterministic, using up to 12 threads.
Root relaxation solution time = 0,57 sec. (272,32 ticks)

        Nodes                                         Cuts/
   Node  Left     Objective  IInf  Best Integer    Best Bound    ItCnt     Gap

*     0+    0                       195675,1653 -1439791,4267           835,81%
*     0+    0                       168383,2129 -1439791,4267           955,07%
*     0+    0                       168366,0139 -1439791,4267           955,16%
*     0+    0                       168348,8149 -1439791,4267           955,24%
*     0+    0                       168331,6159 -1439791,4267           955,33%
*     0+    0                       168314,4169 -1439791,4267           955,42%
*     0+    0                       168297,2179 -1439791,4267           955,51%
*     0+    0                       168280,0189 -1439791,4267           955,59%
*     0+    0                       168262,8199 -1439791,4267           955,68%
*     0+    0                       168245,6209 -1439791,4267           955,77%
      0     0    39571,9476  1009   168245,6209    39571,9476       34   76,48%
*     0+    0                        47917,2710    39571,9476            17,42%
*     0+    0                        45570,8334    39571,9476            13,16%
      0     0    39764,6755  1130    45570,8334      Cuts: 51      279   12,74%
*     0+    0                        41254,8129    39764,6755             3,61%
      0     0    39785,9693  1036    41254,8129  ZeroHalf: 12      388    3,56%
      0     0    39814,6983  1112    41254,8129  ZeroHalf: 20      554    3,49%
      0     0    39838,8653  1147    41254,8129  ZeroHalf: 23      678    3,43%
      0     0    39908,5153  1161    41254,8129      Cuts: 15      866    3,26%
Detecting symmetries...
      0     0    39914,0427  1229    41254,8129  ZeroHalf: 16      939    3,25%
      0     0    39916,1640  1233    41254,8129   ZeroHalf: 5      978    3,24%
      0     0    39917,9264  1262    41254,8129   ZeroHalf: 5     1027    3,24%
*     0+    0                        41120,3577    39917,9264             2,92%
*     0+    0                        41074,6377    39917,9264             2,82%
*     0+    0                        41045,1904    39917,9264             2,75%
      0     0  -1,00000e+75     0    41045,1904    39917,9264     1027    2,75%
Detecting symmetries...
      0     2    39917,9264  1262    41045,1904    39917,9264     1027    2,75%
Elapsed time = 8,49 sec. (3736,56 ticks, tree = 0,02 MB, solutions = 16)
      7     9    40032,0679  1003    41045,1904    39973,4635     2324    2,61%
*    10    10      integral     0    40304,3577    39973,4635     2734    0,82%
     26    14        cutoff          40304,3577    39973,4635     5225    0,82%
     55    11        cutoff          40304,3577    40032,3965     9071    0,67%
     94    12    40234,6911   829    40304,3577    40042,3736    13085    0,65%
    112     8    40271,1009   864    40304,3577    40116,1992    14581    0,47%
*   114     7      integral     0    40284,4204    40198,0802    15903    0,21%
    128     4    40269,1794   961    40284,4204    40198,1967    17016    0,21%

Zero-half cuts applied:  62
Gomory fractional cuts applied:  5

Root node processing (before b&c):
  Real time             =    7,74 sec. (3867,40 ticks)
Parallel b&c, 12 threads:
  Real time             =    4,47 sec. (1643,91 ticks)
  Sync time (average)   =    2,15 sec.
  Wait time (average)   =    0,00 sec.
                          ------------
Total (root+branch&cut) =   12,21 sec. (5511,31 ticks)

