
Version identifier: 22.1.1.0 | 2022-11-28 | 9160aff4d
CPXPARAM_MultiObjective_Display                  0
CPXPARAM_TimeLimit                               600000
CPXPARAM_WorkMem                                 8192
CPXPARAM_DetTimeLimit                            600000
Tried aggregator 3 times.
MIP Presolve eliminated 119527 rows and 1086360 columns.
Aggregator did 1142 substitutions.
Reduced MIP has 5202 rows, 25770 columns, and 57036 nonzeros.
Reduced MIP has 25743 binaries, 27 generals, 0 SOSs, and 0 indicators.
Presolve time = 0,85 sec. (623,44 ticks)
Found incumbent of value 198888,392143 after 1,00 sec. (750,69 ticks)
Probing time = 0,03 sec. (11,94 ticks)
Tried aggregator 2 times.
Detecting symmetries...
Aggregator did 13 substitutions.
Reduced MIP has 5189 rows, 25757 columns, and 57010 nonzeros.
Reduced MIP has 25743 binaries, 14 generals, 0 SOSs, and 0 indicators.
Presolve time = 0,05 sec. (53,06 ticks)
Probing time = 0,04 sec. (11,65 ticks)
Clique table members: 32057.
MIP emphasis: balance optimality and feasibility.
MIP search method: dynamic search.
Parallel mode: deterministic, using up to 12 threads.
Root relaxation solution time = 0,63 sec. (399,97 ticks)

        Nodes                                         Cuts/
   Node  Left     Objective  IInf  Best Integer    Best Bound    ItCnt     Gap

*     0+    0                       198888,3921 -1934162,8025              --- 
*     0+    0                       167715,9013 -1934162,8025              --- 
*     0+    0                       167700,8083 -1934162,8025              --- 
*     0+    0                       167685,7153 -1934162,8025              --- 
*     0+    0                       167670,6223 -1934162,8025              --- 
*     0+    0                       167655,5293 -1934162,8025              --- 
*     0+    0                       167640,4363 -1934162,8025              --- 
*     0+    0                       167625,3433 -1934162,8025              --- 
*     0+    0                       167611,3303 -1934162,8025              --- 
*     0+    0                       167597,6413 -1934162,8025              --- 
      0     0    23804,6508  1480   167597,6413    23804,6508       36   85,80%
*     0+    0                        67944,3872    23804,6508            64,96%
      0     0    23981,0322  1396    67944,3872      Cuts: 20      844   64,70%
*     0+    0                        35060,1665    23981,0322            31,60%
      0     0    24018,9065  1438    35060,1665  ZeroHalf: 10     1347   31,49%
      0     0    24032,4872  1457    35060,1665   ZeroHalf: 9     1696   31,45%
*     0+    0                        31379,6624    24032,4872            23,41%
      0     0  -1,00000e+75     0    31379,6624    24032,4872     1696   23,41%
      0     0    24046,1481  1652    31379,6624  ZeroHalf: 13     1960   23,37%
      0     0    24048,2349  1687    31379,6624   ZeroHalf: 9     2034   23,36%
Detecting symmetries...
      0     0    24053,2017  1696    31379,6624   ZeroHalf: 5     2225   23,35%
      0     0    24055,2760  1692    31379,6624   ZeroHalf: 3     2346   23,34%
*     0+    0                        28223,5656    24055,2760            14,77%
Detecting symmetries...
      0     2    24055,2760  1692    28223,5656    24055,2760     2346   14,77%
Elapsed time = 13,44 sec. (7248,11 ticks, tree = 0,02 MB, solutions = 14)
      1     3    24080,9529  1768    28223,5656    24055,4257     3132   14,77%
      2     4    24101,2853  1715    28223,5656    24055,4257     3746   14,77%
      4     4    24116,2457  1157    28223,5656    24055,4257     3910   14,77%
     10     7    24137,3599   974    28223,5656    24101,4840     6371   14,61%
     12     9    24189,3075  1637    28223,5656    24108,0252     8857   14,58%
*    20+   10                        24433,9697    24118,6458             1,29%
     20    16    24219,4266  1248    24433,9697    24118,6458    18557    1,29%
     31    11    24226,4093  1020    24433,9697    24137,5596    13405    1,21%
     35    24    24234,5764  1568    24433,9697    24137,5596    40991    1,21%
     38    29    24277,3832  1277    24433,9697    24148,2028    59276    1,17%
     56    46    24281,2020  1158    24433,9697    24148,2028    99967    1,17%
Elapsed time = 30,57 sec. (11030,56 ticks, tree = 0,51 MB, solutions = 15)
    101    65        cutoff          24433,9697    24148,2028   121727    1,17%
    185   102    24367,8144   840    24433,9697    24182,9879   147151    1,03%
*   244   101      integral     0    24428,4088    24200,4338   148501    0,93%
    317   125        cutoff          24428,4088    24213,9848   162825    0,88%
    475   175        cutoff          24428,4088    24246,9878   208481    0,74%
    608   229    24411,7642   706    24428,4088    24263,6589   262345    0,67%
*   714   228      integral     0    24399,0471    24286,7872   266093    0,46%
    739   225        cutoff          24399,0471    24290,0242   271219    0,45%
*   803   201      integral     0    24366,2517    24293,1929   289294    0,30%

Zero-half cuts applied:  38
Gomory fractional cuts applied:  1

Root node processing (before b&c):
  Real time             =   12,63 sec. (7312,20 ticks)
Parallel b&c, 12 threads:
  Real time             =   54,53 sec. (10570,58 ticks)
  Sync time (average)   =   10,13 sec.
  Wait time (average)   =    0,00 sec.
                          ------------
Total (root+branch&cut) =   67,17 sec. (17882,78 ticks)

