
Version identifier: 22.1.1.0 | 2022-11-28 | 9160aff4d
CPXPARAM_MultiObjective_Display                  0
CPXPARAM_TimeLimit                               60000
CPXPARAM_WorkMem                                 8192
CPXPARAM_DetTimeLimit                            60000
Tried aggregator 4 times.
MIP Presolve eliminated 20139 rows and 128357 columns.
Aggregator did 293 substitutions.
Reduced MIP has 993 rows, 2956 columns, and 6911 nonzeros.
Reduced MIP has 2944 binaries, 12 generals, 0 SOSs, and 0 indicators.
Presolve time = 0,12 sec. (94,70 ticks)
Found incumbent of value 104032,820275 after 0,14 sec. (110,68 ticks)
Probing time = 0,01 sec. (3,52 ticks)
Tried aggregator 2 times.
Detecting symmetries...
Aggregator did 8 substitutions.
Reduced MIP has 985 rows, 2948 columns, and 6900 nonzeros.
Reduced MIP has 2942 binaries, 6 generals, 0 SOSs, and 0 indicators.
Presolve time = 0,01 sec. (6,86 ticks)
Probing time = 0,01 sec. (3,53 ticks)
Clique table members: 4283.
MIP emphasis: balance optimality and feasibility.
MIP search method: dynamic search.
Parallel mode: deterministic, using up to 12 threads.
Root relaxation solution time = 0,04 sec. (34,70 ticks)

        Nodes                                         Cuts/
   Node  Left     Objective  IInf  Best Integer    Best Bound    ItCnt     Gap

*     0+    0                       104032,8203  -338208,2356           425,10%
*     0+    0                        84580,8003  -338208,2356           499,86%
*     0+    0                        84573,7803  -338208,2356           499,90%
*     0+    0                        84566,7603  -338208,2356           499,93%
*     0+    0                        84559,7403  -338208,2356           499,96%
*     0+    0                        84552,7203  -338208,2356           500,00%
*     0+    0                        84545,7003  -338208,2356           500,03%
*     0+    0                        84538,6803  -338208,2356           500,06%
*     0+    0                        84531,6603  -338208,2356           500,10%
*     0     0      integral     0    17977,9427    17977,9427     1347    0,00%
Elapsed time = 0,23 sec. (185,21 ticks, tree = 0,00 MB, solutions = 10)

Root node processing (before b&c):
  Real time             =    0,25 sec. (196,68 ticks)
Parallel b&c, 12 threads:
  Real time             =    0,00 sec. (0,00 ticks)
  Sync time (average)   =    0,00 sec.
  Wait time (average)   =    0,00 sec.
                          ------------
Total (root+branch&cut) =    0,25 sec. (196,68 ticks)

