
Version identifier: 22.1.1.0 | 2022-11-28 | 9160aff4d
CPXPARAM_MultiObjective_Display                  0
CPXPARAM_TimeLimit                               60000
CPXPARAM_WorkMem                                 8192
CPXPARAM_DetTimeLimit                            60000
Tried aggregator 3 times.
MIP Presolve eliminated 18352 rows and 124294 columns.
Aggregator did 249 substitutions.
Reduced MIP has 1182 rows, 3433 columns, and 7975 nonzeros.
Reduced MIP has 3419 binaries, 14 generals, 0 SOSs, and 0 indicators.
Presolve time = 0,10 sec. (75,61 ticks)
Found incumbent of value 102905,344497 after 0,12 sec. (91,36 ticks)
Probing time = 0,01 sec. (3,61 ticks)
Tried aggregator 2 times.
Detecting symmetries...
Aggregator did 7 substitutions.
Reduced MIP has 1175 rows, 3426 columns, and 7961 nonzeros.
Reduced MIP has 3419 binaries, 7 generals, 0 SOSs, and 0 indicators.
Presolve time = 0,01 sec. (7,90 ticks)
Probing time = 0,01 sec. (3,65 ticks)
Clique table members: 4999.
MIP emphasis: balance optimality and feasibility.
MIP search method: dynamic search.
Parallel mode: deterministic, using up to 12 threads.
Root relaxation solution time = 0,08 sec. (43,97 ticks)

        Nodes                                         Cuts/
   Node  Left     Objective  IInf  Best Integer    Best Bound    ItCnt     Gap

*     0+    0                       102905,3445  -324798,3789           415,63%
*     0+    0                        91216,8009  -324798,3789           456,07%
*     0+    0                        91208,7279  -324798,3789           456,10%
*     0+    0                        91200,6549  -324798,3789           456,14%
*     0+    0                        91192,5819  -324798,3789           456,17%
*     0+    0                        91184,5089  -324798,3789           456,20%
*     0+    0                        91176,4359  -324798,3789           456,23%
*     0+    0                        91168,3629  -324798,3789           456,26%
*     0+    0                        91160,2899  -324798,3789           456,29%
*     0+    0                        91153,2969  -324798,3789           456,32%
      0     0    20023,2717   231    91153,2969    20023,2717     1600   78,03%
*     0+    0                        26257,1911    20023,2717            23,74%
      0     0    20077,9737   217    26257,1911      Cuts: 18     1633   23,53%
      0     0    20098,9656   223    26257,1911  ZeroHalf: 12     1662   23,45%
      0     0    20109,3824   226    26257,1911  ZeroHalf: 10     1684   23,41%
      0     0    20131,3224   397    26257,1911   ZeroHalf: 6     1710   23,33%
      0     0    20158,1921   445    26257,1911  ZeroHalf: 23     1740   23,23%
Detecting symmetries...
      0     0    20172,4488   513    26257,1911  ZeroHalf: 35     1777   23,17%
*     0+    0                        20453,2642    20172,4488             1,37%
      0     0        cutoff          20453,2642    20453,2642     1856    0,00%
Elapsed time = 0,57 sec. (332,59 ticks, tree = 0,01 MB, solutions = 12)

Zero-half cuts applied:  41
Gomory fractional cuts applied:  1

Root node processing (before b&c):
  Real time             =    0,58 sec. (345,47 ticks)
Parallel b&c, 12 threads:
  Real time             =    0,00 sec. (0,00 ticks)
  Sync time (average)   =    0,00 sec.
  Wait time (average)   =    0,00 sec.
                          ------------
Total (root+branch&cut) =    0,58 sec. (345,47 ticks)

