
Version identifier: 22.1.1.0 | 2022-11-28 | 9160aff4d
CPXPARAM_MultiObjective_Display                  0
CPXPARAM_TimeLimit                               2000000
CPXPARAM_WorkMem                                 8192
CPXPARAM_DetTimeLimit                            2000000
Tried aggregator 3 times.
MIP Presolve eliminated 133577 rows and 1080907 columns.
Aggregator did 1283 substitutions.
Reduced MIP has 6360 rows, 35132 columns, and 76630 nonzeros.
Reduced MIP has 35100 binaries, 32 generals, 0 SOSs, and 0 indicators.
Presolve time = 0,98 sec. (653,15 ticks)
Found incumbent of value 200385,178241 after 1,17 sec. (797,19 ticks)
Tried aggregator 2 times.
Detecting symmetries...
Aggregator did 16 substitutions.
Reduced MIP has 6344 rows, 35116 columns, and 76598 nonzeros.
Reduced MIP has 35100 binaries, 16 generals, 0 SOSs, and 0 indicators.
Presolve time = 0,08 sec. (70,58 ticks)
Probing time = 0,08 sec. (15,33 ticks)
Clique table members: 42734.
MIP emphasis: balance optimality and feasibility.
MIP search method: dynamic search.
Parallel mode: deterministic, using up to 12 threads.
Root relaxation solution time = 1,06 sec. (539,60 ticks)

        Nodes                                         Cuts/
   Node  Left     Objective  IInf  Best Integer    Best Bound    ItCnt     Gap

*     0+    0                       200385,1782 -2141502,0000              --- 
*     0+    0                       176866,1702 -2141502,0000              --- 
*     0+    0                       176847,9182 -2141502,0000              --- 
*     0+    0                       176829,6662 -2141502,0000              --- 
*     0+    0                       176811,4142 -2141502,0000              --- 
*     0+    0                       176793,1622 -2141502,0000              --- 
*     0+    0                       176774,9102 -2141502,0000              --- 
*     0+    0                       176757,7382 -2141502,0000              --- 
*     0+    0                       176740,8902 -2141502,0000              --- 
*     0+    0                       176724,0422 -2141502,0000              --- 
      0     0    16177,7795  2404   176724,0422    16177,7795       37   90,85%
*     0+    0                       124411,2866    16177,7795            87,00%
      0     0    16397,9033  2516   124411,2866      Cuts: 17     2216   86,82%
*     0+    0                        52527,9937    16397,9033            68,78%
      0     0    16458,0734  2602    52527,9937  ZeroHalf: 21     3252   68,67%
      0     0    16501,9669  2615    52527,9937      Cuts: 15     4169   68,58%
      0     0    16511,4007  2726    52527,9937  ZeroHalf: 11     4576   68,57%
      0     0    16541,5310  2745    52527,9937  ZeroHalf: 15     5300   68,51%
Detecting symmetries...
      0     0    16570,1290  2827    52527,9937  ZeroHalf: 10     6056   68,45%
      0     0    16579,5922  2785    52527,9937   ZeroHalf: 6     6458   68,44%
      0     0    16585,5320  2808    52527,9937   ZeroHalf: 7     6797   68,43%
      0     0    16585,8646  2815    52527,9937   ZeroHalf: 1     6897   68,42%
      0     0    16586,6639  2808    52527,9937   ZeroHalf: 1     7005   68,42%
*     0+    0                        21371,5111    16586,6639            22,39%
Detecting symmetries...
      0     2    16586,6639  2808    21371,5111    16586,6639     7005   22,39%
Elapsed time = 56,16 sec. (24087,48 ticks, tree = 0,02 MB, solutions = 13)
      1     3    16597,1612  2800    21371,5111    16586,6885     7425   22,39%
      2     4    16611,3510  2756    21371,5111    16586,6885     7987   22,39%
      3     3    16683,8416  2645    21371,5111    16586,6885     8284   22,39%
      6     5    16764,0481  2594    21371,5111    16586,6885     9461   22,39%
      8     7    16645,2019  2813    21371,5111    16597,2755    10257   22,34%
     10    10    16721,4778  2671    21371,5111    16622,1270    13538   22,22%
     13    11    16651,4538  2809    21371,5111    16622,1270    14240   22,22%
     18    14    16749,4159  2632    21371,5111    16645,2084    17036   22,11%
     24    21    16766,0932  2557    21371,5111    16645,3074    24098   22,11%
     43    25    16894,8189  2381    21371,5111    16651,4651    27104   22,09%
Elapsed time = 78,88 sec. (28312,86 ticks, tree = 0,24 MB, solutions = 13)
     57    48    16959,9512  2435    21371,5111    16651,4651    51879   22,09%
     73    58    16904,7169  2390    21371,5111    16651,4651    66267   22,09%
     78    69    17229,5963  1990    21371,5111    16651,4651    76640   22,09%
     91    83    17126,0625  2065    21371,5111    16651,4651    94473   22,09%
    107    92    17465,2060  1829    21371,5111    16651,4651   107496   22,09%
    121    96    17409,3055  1974    21371,5111    16651,4651   112119   22,09%
    137   128    17624,8150  1757    21371,5111    16651,4651   151953   22,09%
    161   130    17657,0327  1543    21371,5111    16651,4651   152298   22,09%
    181   158    17556,4692  1563    21371,5111    16651,4651   186605   22,09%
    210   154    17944,6401  1535    21371,5111    16651,4651   182787   22,09%
Elapsed time = 157,16 sec. (38468,94 ticks, tree = 2,01 MB, solutions = 13)
    233   192    18032,1812  1424    21371,5111    16651,4651   225074   22,09%
    261   189    17569,6309  1636    21371,5111    16651,4651   223217   22,09%
    292   254    18251,4672  1208    21371,5111    16651,4651   280104   22,09%
    346   292    17750,6265  1174    21371,5111    16651,4651   300662   22,09%
    407   351    19101,0819   400    21371,5111    16651,4651   326427   22,09%
*   426   347      integral     0    19116,6002    16651,4651   327054   12,90%
*   450   374      integral     0    19083,0739    16651,4651   342272   12,74%
*   455   371      integral     0    19078,8446    16651,4651   343649   12,72%
    497   412    17878,3559  1464    19078,8446    16651,4651   353873   12,72%
    526   435    18844,7728   537    19078,8446    16651,4651   365878   12,72%
    545   450    18964,4234  1174    19078,8446    16651,4651   378434   12,72%
Elapsed time = 226,49 sec. (47053,74 ticks, tree = 12,35 MB, solutions = 19)
    560   427    17023,5001  2121    19078,8446    16651,4651   365343   12,72%
    570   465    17026,5733  2285    19078,8446    16651,4651   400305   12,72%
    587   467    17129,3296  2224    19078,8446    16651,4651   401828   12,72%
    601   507    17086,0061  2261    19078,8446    16651,4651   454095   12,72%
    618   503    19045,4156   955    19078,8446    16651,4651   441759   12,72%
    634   525    16683,7696  2502    19078,8446    16683,7959   471777   12,55%
    658   546    17580,5444  1571    19078,8446    16683,7959   493651   12,55%
    684   562    17652,7420  1547    19078,8446    16683,7959   508280   12,55%
    714   543    17990,1470  1338    19078,8446    16738,8442   481996   12,26%
    752   578    18366,6770  1241    19078,8446    16738,8442   528743   12,26%
Elapsed time = 307,41 sec. (57039,99 ticks, tree = 15,71 MB, solutions = 19)
*   791   636      integral     0    18991,7811    16738,8442   564075   11,86%
    794   609    17679,8233  1611    18991,7811    16738,8442   548887   11,86%
*   807   630      integral     0    18871,6662    16738,8442   571583   11,30%
    834   587    18510,8012  1070    18871,6662    16738,8442   532112   11,30%
    879   665    18758,5951   919    18871,6662    16738,8442   600025   11,30%
    924   635    18562,1984   662    18871,6662    16738,8908   586508   11,30%
    953   673    17928,1764  1222    18871,6662    16738,8908   606396   11,30%
    983   716    17060,0884  2119    18871,6662    16738,8908   630374   11,30%
   1008   791    16812,6196  2556    18871,6662    16738,8908   679433   11,30%
   1042   792    16941,5452  2492    18871,6662    16747,3938   680822   11,26%
   1062   824    17383,6504  2024    18871,6662    16747,3938   702718   11,26%
   1082   824    17702,2241  2021    18871,6662    16747,3938   704432   11,26%
Elapsed time = 393,57 sec. (66877,53 ticks, tree = 31,45 MB, solutions = 21)
   1102   820    17565,9421  2042    18871,6662    16747,3938   699973   11,26%
   1129   904    17692,4251  2010    18871,6662    16747,3938   771980   11,26%
   1159   848    18706,5507  1787    18871,6662    16747,3938   727865   11,26%
   1191   853    18838,6016  1860    18871,6662    16747,3938   729896   11,26%
   1224   891    17112,6732  2123    18871,6662    16747,3938   764336   11,26%
   1252   939    18831,8697  1632    18871,6662    16747,3938   800783   11,26%
   1290   938    18208,6335  1431    18871,6662    16800,1323   796224   10,98%
   1316  1006    17847,6863  2019    18871,6662    16800,1323   860593   10,98%
   1345   970        cutoff          18871,6662    16800,1323   837169   10,98%
   1369   989    17319,8344  2039    18871,6662    16800,1323   846066   10,98%
Elapsed time = 478,73 sec. (76790,26 ticks, tree = 41,31 MB, solutions = 21)
   1391  1039    18204,4992  1365    18871,6662    16800,1323   879991   10,98%
   1419  1044    18780,5404   756    18871,6662    16810,1791   882110   10,92%
*  1430  1136      integral     0    18849,9230    16810,1791   950194   10,82%
*  1445+  988                        18806,3119    16810,1791            10,61%
   1457  1090        cutoff          18806,3119    16810,1791   912068   10,61%
   1474  1131    17634,4113  1982    18806,3119    16810,1791   964538   10,61%
   1488  1120    18048,4971  2161    18806,3119    16810,1791   945994   10,61%
   1514  1103    17738,1429  2074    18806,3119    16810,1791   933195   10,61%
   1549  1164    18453,5750  1721    18806,3119    16826,1901   983368   10,53%
   1585  1224    18200,1507  1992    18806,3119    16829,1310  1034872   10,51%
   1628  1258    18744,4661  1331    18806,3119    16829,1310  1056947   10,51%
   1667  1209    18441,3072  1376    18806,3119    16829,1310  1014482   10,51%
Elapsed time = 565,51 sec. (86646,41 ticks, tree = 55,02 MB, solutions = 23)
   1699  1189    17891,9278  1619    18806,3119    16829,1310  1003711   10,51%
   1731  1275    17253,7856  2038    18806,3119    16833,4653  1067785   10,49%
   1760  1327    18215,9259  1622    18806,3119    16833,4653  1094502   10,49%
   1783  1366    18701,7033  1743    18806,3119    16833,4653  1120729   10,49%
   1818  1361        cutoff          18806,3119    16847,0938  1114602   10,42%
   1841  1383        cutoff          18806,3119    16847,0938  1140558   10,42%
   1863  1407    18546,6390  1970    18806,3119    16847,0938  1160805   10,42%
   1883  1410    18697,3069  1944    18806,3119    16866,4228  1162753   10,32%
   1912  1479    17672,5821  1902    18806,3119    16870,4926  1211639   10,29%
   1944  1550    18293,1275  2058    18806,3119    16870,4926  1269824   10,29%
Elapsed time = 651,05 sec. (96618,97 ticks, tree = 66,25 MB, solutions = 23)
   1973  1498    17227,3235  2330    18806,3119    16870,4926  1230273   10,29%
   2002  1589    18111,7815  1730    18806,3119    16871,9610  1305081   10,29%
   2025  1515    17757,5278  1844    18806,3119    16871,9610  1247730   10,29%
   2044  1617    18246,0616  1115    18806,3119    16878,9531  1334747   10,25%
   2069  1658    17384,3087  2020    18806,3119    16889,9019  1368149   10,19%
   2093  1633    18330,0842  1744    18806,3119    16889,9019  1346473   10,19%
   2119  1641    17537,1062  2080    18806,3119    16890,5625  1357750   10,19%
   2152  1630    18544,0516  1285    18806,3119    16890,5625  1341128   10,19%
   2177  1680    17168,3728  2525    18806,3119    16891,4748  1394057   10,18%
   2206  1722    17879,7905  1685    18806,3119    16891,4748  1443763   10,18%
Elapsed time = 735,36 sec. (106475,87 ticks, tree = 70,56 MB, solutions = 23)
   2249  1766    17857,8703  1539    18806,3119    16891,4748  1478054   10,18%
   2299  1803    18688,1662   703    18806,3119    16891,4748  1496772   10,18%
   2347  1842        cutoff          18806,3119    16894,9117  1524706   10,16%
   2383  1866    18711,9819   962    18806,3119    16894,9117  1534209   10,16%
   2422  1812    17385,5477  1966    18806,3119    16897,0159  1501534   10,15%
   2463  1817    18075,9943  2002    18806,3119    16897,0159  1510644   10,15%
   2496  1932    18619,8205  1252    18806,3119    16897,0159  1575090   10,15%
   2528  1995    18161,2445  1799    18806,3119    16900,6010  1621201   10,13%
   2560  1961    17249,6685  2020    18806,3119    16900,6010  1597818   10,13%
   2676  2006    17054,5412  2347    18806,3119    16928,9420  1621850    9,98%
Elapsed time = 846,99 sec. (119152,62 ticks, tree = 87,86 MB, solutions = 23)
   2786  2161    17462,7245  2145    18806,3119    16928,9420  1731635    9,98%
   2904  2288    17226,2005  2283    18806,3119    16928,9420  1823861    9,98%
   3004  2391    17890,5988  2134    18806,3119    16944,4552  1899051    9,90%
   3126  2508    18557,2635  1843    18806,3119    16952,5495  2000022    9,86%
   3283  2585    18261,8418  1903    18806,3119    16969,9486  2060481    9,76%
   3387  2705    18166,3932  1637    18806,3119    16973,2181  2133370    9,75%
   3494  2718    17646,9303  1908    18806,3119    16983,3307  2148936    9,69%
   3641  2818    17007,5971  2403    18806,3119    16988,2744  2224789    9,67%
   3777  2882    17863,3239  1600    18806,3119    16993,2645  2289720    9,64%
   3866  3037    17069,6065  2451    18806,3119    16993,2645  2386358    9,64%
Elapsed time = 1169,45 sec. (157856,47 ticks, tree = 153,09 MB, solutions = 23)
   3886  3076    17530,2706  2133    18806,3119    16993,2645  2412208    9,64%

Performing restart 1

Repeating presolve.
Tried aggregator 1 time.
MIP Presolve eliminated 8 rows and 125 columns.
Reduced MIP has 6336 rows, 34991 columns, and 76337 nonzeros.
Reduced MIP has 34975 binaries, 16 generals, 0 SOSs, and 0 indicators.
Presolve time = 0,06 sec. (46,03 ticks)
Tried aggregator 1 time.
Reduced MIP has 6336 rows, 34991 columns, and 76337 nonzeros.
Reduced MIP has 34975 binaries, 16 generals, 0 SOSs, and 0 indicators.
Presolve time = 0,08 sec. (57,05 ticks)
Represolve time = 1,69 sec. (1192,99 ticks)
   3887     0    16624,0782  2850    18806,3119       Cuts: 4  2553181    9,60%
   3887     0    16631,6638  2814    18806,3119  ZeroHalf: 14  2553639    9,60%
   3887     0    16642,3579  2873    18806,3119       Cuts: 7  2554201    9,60%
   3887     0    16650,1680  2801    18806,3119       Cuts: 6  2554609    9,60%
   3887     0    16666,7130  2950    18806,3119      Cuts: 14  2555326    9,60%
   3887     0    16675,5717  2893    18806,3119   ZeroHalf: 5  2555840    9,60%
   3887     0    16683,1385  2908    18806,3119  ZeroHalf: 18  2556347    9,60%
   3887     2    16683,1385  2908    18806,3119    17000,0627  2556347    9,60%
   3890     5    16747,0635  2683    18806,3119    17000,0627  2558721    9,60%
   3920    21    17575,2956  2381    18806,3119    17000,0627  2576344    9,60%
   3957    41    18019,5180  1988    18806,3119    17000,0627  2611107    9,60%
   3981    57    17225,3734  2435    18806,3119    17000,0627  2652065    9,60%
   4039   125    17878,9137  2174    18806,3119    17000,0627  2738335    9,60%
   4092   173    17454,9330  2082    18806,3119    17000,0627  2804001    9,60%
   4141   234    17361,3835  2049    18806,3119    17000,0627  2878916    9,60%
   4203   269    17571,6584  1661    18806,3119    17000,0627  2914253    9,60%
Elapsed time = 1542,06 sec. (251668,25 ticks, tree = 4,50 MB, solutions = 23)
   4278   300    18472,4181  2446    18806,3119    17000,0627  2956970    9,60%
   4366   389    18376,8167  2100    18806,3119    17000,0627  3037056    9,60%
   4478   431    18007,7971  2183    18806,3119    17000,0627  3073126    9,60%
   4606   580    18699,6070  1651    18806,3119    17000,0627  3192864    9,60%
   4714   642    18582,7341  1740    18806,3119    17000,0627  3254256    9,60%
   4784   665    18653,4656  2193    18806,3119    17000,0627  3274768    9,60%
   4868   724    17991,8637  1234    18806,3119    17000,0627  3350737    9,60%
   4959   757    17667,9397  1612    18806,3119    17000,0627  3393981    9,60%
*  5058+  833                        18624,7085    17000,0627             8,72%
   5085   902    17997,8389  1683    18624,7085    17000,0627  3500546    8,72%
   5223   919    17884,1069  1791    18624,7085    17000,0627  3507116    8,72%
Elapsed time = 1866,76 sec. (290191,68 ticks, tree = 33,13 MB, solutions = 24)
   5359   939    18435,0184  1723    18624,7085    17000,0627  3581123    8,72%
   5451  1125    17607,6466  1822    18624,7085    17000,0627  3708153    8,72%
   5557  1104    18577,7708  1456    18624,7085    17000,0627  3692192    8,72%
   5730  1250    18001,6573  2025    18624,7085    17000,0627  3776097    8,72%
   5838  1326    18156,9371  1576    18624,7085    17000,0627  3823136    8,72%
*  5916  1307      integral     0    18417,5299    17000,0627  3813942    7,70%
   5976  1455    18330,7292  1830    18417,5299    17000,0627  3910875    7,70%
   6085  1392    17100,8159  2519    18417,5299    17000,0627  3973444    7,70%
   6205  1570    17984,3880  2373    18417,5299    17000,0627  4113875    7,70%
   6331  1630    17865,9101  1804    18417,5299    17000,0627  4158613    7,70%
   6422  1645    18312,7008  1543    18417,5299    17000,0627  4164100    7,70%
Elapsed time = 2196,53 sec. (328606,19 ticks, tree = 80,97 MB, solutions = 25)
   6518  1727    17404,3978  1899    18417,5299    17000,0627  4247978    7,70%
   6635  1887    18352,0628  1734    18417,5299    17000,0627  4339415    7,70%
   6769  1896    18063,5980  1810    18417,5299    17000,0627  4350901    7,70%
   6872  1938    17341,8188  2028    18417,5299    17000,0627  4403724    7,70%
   6983  2021        cutoff          18417,5299    17000,0627  4450758    7,70%
   7149  2220    18006,4618  1774    18417,5299    17000,0627  4607102    7,70%
   7314  2307    18337,1321  1551    18417,5299    17000,0627  4655299    7,70%
   7401  2400    18014,3644  2108    18417,5299    17000,0627  4710445    7,70%
   7452  2513    17595,8776  2137    18417,5299    17000,0627  4810177    7,70%
   7508  2494    18175,9717  2037    18417,5299    17000,0627  4791144    7,70%
Elapsed time = 2530,98 sec. (367128,79 ticks, tree = 135,86 MB, solutions = 25)
   7586  2552    17247,9831  2007    18417,5299    17000,0627  4842683    7,70%
   7700  2636    18234,9168  1608    18417,5299    17000,0627  4890941    7,70%
   7808  2740        cutoff          18417,5299    17008,7260  4993047    7,65%
   7928  2850    17687,7306  1879    18417,5299    17010,2582  5061925    7,64%
   8006  2839    17690,5749  1947    18417,5299    17013,0369  5047936    7,63%
   8105  2917    18310,6447  1728    18417,5299    17042,1354  5122218    7,47%
   8187  3017    17949,9890  1919    18417,5299    17052,9844  5231262    7,41%
   8304  3135    17985,3856  1986    18417,5299    17064,7724  5351624    7,34%
   8455  3211        cutoff          18417,5299    17064,7724  5385724    7,34%
   8545  3226    18070,0418  1997    18417,5299    17064,7724  5418595    7,34%
Elapsed time = 2851,42 sec. (405613,67 ticks, tree = 160,26 MB, solutions = 25)
   8657  3439    18389,2569  2147    18417,5299    17064,7724  5573071    7,34%
   8748  3497    17692,1865  2122    18417,5299    17089,1092  5615719    7,21%
   8827  3513    17445,3697  2231    18417,5299    17094,6296  5632606    7,18%
   8946  3632    17949,7550  1772    18417,5299    17103,2025  5760866    7,14%
   9040  3615    17437,3186  2290    18417,5299    17103,2025  5754095    7,14%
   9093  3690    18003,1666  1816    18417,5299    17103,2025  5810543    7,14%
   9148  3791    17680,5701  2256    18417,5299    17114,9655  5912135    7,07%
*  9152+ 3773                        18398,9212    17114,9655             6,98%
   9191  3886    18117,8132  2172    18398,9212    17114,9655  5997025    6,98%
*  9229  3877      integral     0    18304,2482    17114,9655  6010022    6,50%
   9305  3902    18325,5776  2068    18304,2482    17122,2734  6005517    6,46%
   9405  3491    17398,7196  2248    18304,2482    17122,2734  6078027    6,46%
Elapsed time = 3196,48 sec. (444061,35 ticks, tree = 172,65 MB, solutions = 27)
   9488  3583    18256,7745  1925    18304,2482    17134,3427  6145959    6,39%
   9593  3629    18229,7097  1729    18304,2482    17137,5197  6203968    6,37%
   9688  3656    18243,1077  1910    18304,2482    17146,5206  6233326    6,32%
   9784  3805    17829,7156  2178    18304,2482    17146,5206  6369597    6,32%
   9866  3826    17774,7518  1802    18304,2482    17162,9021  6389653    6,24%
   9982  3937    17990,1475  2025    18304,2482    17174,6331  6530953    6,17%
  10075  3999    18052,7431  1984    18304,2482    17177,0861  6592700    6,16%
  10159  3972    18231,5571  1373    18304,2482    17183,0931  6571807    6,13%
  10253  4161    18135,3420  2142    18304,2482    17189,7408  6749967    6,09%
  10332  4164    17794,7171  2073    18304,2482    17190,0602  6756492    6,09%
Elapsed time = 3522,01 sec. (482638,73 ticks, tree = 205,43 MB, solutions = 27)
  10408  4293    17943,1678  1963    18304,2482    17196,1246  6921297    6,05%
  10530  4236    18057,5893  2186    18304,2482    17196,1246  6839121    6,05%
  10604  4378    17966,7707  1949    18304,2482    17202,2344  7009741    6,02%
  10682  4397    17898,4695  2204    18304,2482    17202,9118  7046632    6,02%
  10761  4498    18196,3994  1927    18304,2482    17202,9118  7143448    6,02%
  10832  4532    18295,3642  1891    18304,2482    17202,9118  7197645    6,02%
  10885  4531    17544,7248  2542    18304,2482    17208,1743  7199949    5,99%
  10933  4649    18166,6661  1875    18304,2482    17208,1743  7339834    5,99%
  10981  4727    18248,9286  2056    18304,2482    17234,1100  7424406    5,85%
  11070  4736    18109,3287  2108    18304,2482    17234,8151  7450824    5,84%
Elapsed time = 3902,70 sec. (521433,47 ticks, tree = 224,52 MB, solutions = 27)
  11173  4748        cutoff          18304,2482    17234,8151  7470015    5,84%
  11247  4865    18101,5104  2311    18304,2482    17236,4866  7581247    5,83%
  11342  4931    18128,7527  1345    18304,2482    17248,3776  7648673    5,77%
  11434  4975    17833,8404  2167    18304,2482    17250,7192  7698842    5,76%
  11539  4922        cutoff          18304,2482    17252,3542  7643934    5,75%
  11621  4975    18201,2951  2006    18304,2482    17254,7705  7695920    5,73%
  11719  5110    18218,3757  1712    18304,2482    17255,0694  7871864    5,73%
  11825  5102    17795,9313  2077    18304,2482    17266,6522  7865760    5,67%
  11918  5114    17530,6174  2144    18304,2482    17269,0632  7896384    5,66%
  12016  5306    18089,3545  2053    18304,2482    17273,2508  8064763    5,63%
Elapsed time = 4198,06 sec. (559971,70 ticks, tree = 245,36 MB, solutions = 27)
  12112  5289    18283,1571  1739    18304,2482    17274,8463  8052957    5,62%
  12196  5492    18092,5233  1797    18304,2482    17277,1162  8248058    5,61%
  12276  5524    17835,2385  2061    18304,2482    17282,2368  8289117    5,58%
  12329  5603    18283,6738  1688    18304,2482    17284,4651  8379289    5,57%
  12380  5669    18245,9073  1539    18304,2482    17285,2372  8447410    5,57%
  12459  5742    18183,5113  2014    18304,2482    17286,8584  8523175    5,56%
  12516  5728    18246,9258  2007    18304,2482    17286,8584  8516665    5,56%
  12606  5805        cutoff          18304,2482    17287,0049  8595108    5,56%
  12702  5798    18060,2868  1799    18304,2482    17287,0049  8581511    5,56%
  12815  5810    17847,9076  2086    18304,2482    17292,2314  8603199    5,53%
Elapsed time = 4558,26 sec. (598693,30 ticks, tree = 275,54 MB, solutions = 27)
  12897  5899    18115,6543  2466    18304,2482    17301,1442  8718961    5,48%
  13022  6075    17870,6029  1967    18304,2482    17306,6217  8886289    5,45%
  13114  6083    18285,1339  1774    18304,2482    17310,7253  8893076    5,43%
  13203  6032    17812,0238  2002    18304,2482    17316,9927  8843619    5,39%
  13291  6249        cutoff          18304,2482    17323,7253  9086238    5,36%
  13373  6311        cutoff          18304,2482    17331,0239  9149485    5,32%
  13477  6225    18271,2981  1191    18304,2482    17332,4077  9062101    5,31%
  13552  6315    17772,0486  2323    18304,2482    17335,3650  9155683    5,29%
  13646  6500    18112,8536  2359    18304,2482    17339,3237  9386378    5,27%
  13726  6446    18015,7290  1971    18304,2482    17340,1547  9321254    5,27%
Elapsed time = 4882,61 sec. (637220,82 ticks, tree = 298,40 MB, solutions = 27)
  13825  6608    18247,6445  2036    18304,2482    17342,3545  9525749    5,26%
  13909  6610    18081,7858  2117    18304,2482    17344,0665  9531709    5,25%
  13991  6720    17866,6290  2092    18304,2482    17351,0158  9672172    5,21%
  14065  6642        cutoff          18304,2482    17353,3442  9583056    5,19%
  14111  6643    17721,0514  2536    18304,2482    17356,0893  9587910    5,18%
  14145  6872    17858,9125  2235    18304,2482    17361,5125  9873832    5,15%
  14194  6876    18014,3858  2089    18304,2482    17362,3665  9876400    5,15%
  14255  6907    18195,8395  2211    18304,2482    17363,7714  9936189    5,14%
  14323  6891    18210,6773  1926    18304,2482    17363,7714  9904616    5,14%
  14409  6968        cutoff          18304,2482    17363,7714 10010059    5,14%
Elapsed time = 5246,55 sec. (675702,00 ticks, tree = 328,47 MB, solutions = 27)
  14487  6972        cutoff          18304,2482    17371,9493 10016805    5,09%
  14576  6959    18267,6285  1899    18304,2482    17371,9493 10011112    5,09%
  14649  7067    17941,0059  2104    18304,2482    17381,4171 10162255    5,04%
  14739  7133    18258,9421  2243    18304,2482    17383,4003 10291660    5,03%
  14824  7185    18204,1266  1986    18304,2482    17384,7154 10338298    5,02%
  14911  7136        cutoff          18304,2482    17386,1211 10284900    5,02%
  15005  7265    18082,9057  2229    18304,2482    17388,9966 10443394    5,00%
  15094  7358    18019,1705  2041    18304,2482    17391,2334 10573029    4,99%
  15169  7338    17945,5389  2351    18304,2482    17395,8036 10537682    4,96%
  15245  7462    18052,2222  2160    18304,2482    17397,1605 10682246    4,96%
Elapsed time = 5556,73 sec. (714458,96 ticks, tree = 350,15 MB, solutions = 27)
  15325  7485    18244,5840  2164    18304,2482    17399,0236 10699386    4,95%
  15416  7511    18281,5209  1971    18304,2482    17400,1959 10752220    4,94%
  15494  7605    17797,0305  2271    18304,2482    17400,5309 10880649    4,94%
  15576  7697    18134,8886  2325    18304,2482    17403,7261 11004986    4,92%
  15671  7650        cutoff          18304,2482    17406,3855 10948390    4,91%
  15747  7776    17811,2338  2240    18304,2482    17408,7062 11121815    4,89%
  15826  7831    17956,6991  2324    18304,2482    17410,1837 11191321    4,88%
  15917  7778    17947,5522  2199    18304,2482    17415,5053 11113887    4,86%
  16001  7865    18158,4592  2231    18304,2482    17418,9192 11243614    4,84%
  16096  7877    17996,4265  2239    18304,2482    17419,2975 11271530    4,83%
Elapsed time = 5887,19 sec. (753337,62 ticks, tree = 364,34 MB, solutions = 27)
  16167  7933    18248,1932  1698    18304,2482    17421,1215 11350981    4,82%
  16242  7974    18189,6318  1786    18304,2482    17426,6457 11417215    4,79%
  16300  8039    18086,0894  2350    18304,2482    17429,2202 11502893    4,78%
  16355  8044    18278,4590  2260    18304,2482    17433,4223 11507511    4,76%
  16403  8254    18163,3856  1746    18304,2482    17436,1358 11777552    4,74%
* 16436  8160      integral     0    18250,6379    17440,4610 11661337    4,44%
  16483  8211    17836,0183  2202    18250,6379    17443,3078 11728949    4,42%
  16553  7740        cutoff          18250,6379    17443,3078 11892371    4,42%
  16624  8281    17979,3012  1752    18250,6379    17443,3078 11822565    4,42%
  16699  7780    18073,4963  1943    18250,6379    17443,3078 11928186    4,42%
Elapsed time = 6238,77 sec. (790596,31 ticks, tree = 362,84 MB, solutions = 28)
  16767  7833        cutoff          18250,6379    17453,3857 12024039    4,37%
  16844  7767        cutoff          18250,6379    17455,1060 11929611    4,36%
  16925  7831    18175,3030  1812    18250,6379    17455,3222 12020131    4,36%
  17004  7874    17798,6834  2312    18250,6379    17456,2262 12098527    4,35%
  17100  7999    17947,4023  2156    18250,6379    17460,3245 12288053    4,33%
  17174  8077    18030,1208  2048    18250,6379    17463,1794 12408308    4,31%
  17264  7950        cutoff          18250,6379    17463,3038 12207128    4,31%
  17344  8069    18207,8731  2118    18250,6379    17467,4673 12397488    4,29%
  17428  8073    18023,6373  2348    18250,6379    17471,5515 12403570    4,27%
  17498  8126    18080,3738  1889    18250,6379    17474,6304 12499918    4,25%
Elapsed time = 6548,58 sec. (829102,24 ticks, tree = 376,36 MB, solutions = 28)
  17574  8130    18133,6633  2300    18250,6379    17478,6926 12506551    4,23%
  17663  8226        cutoff          18250,6379    17479,3853 12683070    4,23%
  17731  8315        cutoff          18250,6379    17480,7774 12803109    4,22%
  17803  8404    17870,5889  2430    18250,6379    17485,1715 12939990    4,19%
  17879  8341    18214,8906  1502    18250,6379    17488,6602 12851794    4,18%
  17935  8343    18112,1699  1783    18250,6379    17488,6602 12857870    4,18%
  18009  8467    17998,7961  2177    18250,6379    17489,7896 13055493    4,17%
  18072  8545    18139,1761  2075    18250,6379    17494,3822 13204703    4,14%
  18138  8484    18156,3861  2220    18250,6379    17497,0799 13084740    4,13%
  18239  8536        cutoff          18250,6379    17499,5966 13190562    4,12%
Elapsed time = 6878,22 sec. (867931,13 ticks, tree = 394,34 MB, solutions = 28)
* 18284  8572      integral     0    18177,0150    17499,5966 13268834    3,73%
  18321  8603    17848,4881  2415    18177,0150    17500,0514 13350733    3,72%
  18394  8556    18171,3802  2034    18177,0150    17504,9125 13226153    3,70%
  18466  7307    18080,2329  2525    18177,0150    17507,7208 13422701    3,68%
  18504  7335    18048,0921  2087    18177,0150    17510,7651 13470120    3,67%
  18544  7308        cutoff          18177,0150    17511,6245 13434104    3,66%
  18591  7466    17880,6262  2301    18177,0150    17516,1565 13758118    3,64%
  18637  7442    17852,1421  2089    18177,0150    17517,8628 13689508    3,63%
  18684  7474    18123,1558  2047    18177,0150    17521,8627 13763883    3,60%
  18746  7514    18049,5029  2184    18177,0150    17523,8276 13859366    3,59%
  18800  7554    18001,6493  2377    18177,0150    17524,0527 13927385    3,59%
Elapsed time = 7262,82 sec. (907185,21 ticks, tree = 345,10 MB, solutions = 29)
  18851  7476    18040,2656  2383    18177,0150    17526,2118 13784176    3,58%
  18917  7582    18123,0227  2169    18177,0150    17530,6352 13977552    3,56%
  18992  7585    18037,4218  1787    18177,0150    17531,3205 13983086    3,55%
  19052  7638    18154,1769  2326    18177,0150    17538,2353 14096085    3,51%
  19124  7571        cutoff          18177,0150    17538,2682 13974356    3,51%
  19190  7682        cutoff          18177,0150    17538,8335 14232686    3,51%
  19251  7655    17746,8549  2410    18177,0150    17540,1501 14163010    3,50%
* 19258+ 7666                        18167,4564    17540,1501             3,45%
  19327  7689    18109,4071  1962    18167,4564    17544,2172 14245180    3,43%
  19386  7585    17987,0312  2015    18167,4564    17546,7840 14452122    3,42%
  19454  7694        cutoff          18167,4564    17547,4477 14257401    3,41%
Elapsed time = 7558,99 sec. (945639,54 ticks, tree = 348,96 MB, solutions = 30)
  19512  7750        cutoff          18167,4564    17547,4477 14367584    3,41%
  19587  7633    18011,5959  2676    18167,4564    17554,9620 14612753    3,37%
  19665  7609    18090,8061  2195    18167,4564    17554,9620 14500813    3,37%
  19742  7641    17981,1683  2315    18167,4564    17561,0044 14622997    3,34%
  19812  7770        cutoff          18167,4564    17561,7356 14893218    3,33%
  19881  7760        cutoff          18167,4564    17562,2603 14875094    3,33%
  19950  7749    18033,8808  2359    18167,4564    17564,3595 14858351    3,32%
  20034  7880        cutoff          18167,4564    17564,5847 15038054    3,32%
  20098  7840        cutoff          18167,4564    17570,0130 14992970    3,29%
  20162  7907    18064,6422  2264    18167,4564    17570,2594 15098695    3,29%
Elapsed time = 7881,52 sec. (984207,84 ticks, tree = 356,67 MB, solutions = 30)
  20218  7948    18133,8173  2367    18167,4564    17570,4162 15236756    3,29%
  20286  7933    17990,5637  2051    18167,4564    17576,5230 15194245    3,25%
  20342  7939    18070,6322  2487    18167,4564    17576,5230 15225794    3,25%
  20395  7963    17947,9601  2382    18167,4564    17576,8646 15279430    3,25%
  20445  7961    18140,7690  2282    18167,4564    17582,3503 15260840    3,22%
  20494  8058        cutoff          18167,4564    17583,9459 15576071    3,21%
  20529  8088    18138,6387  2101    18167,4564    17585,9135 15690961    3,20%
  20563  8071    17838,2848  2438    18167,4564    17586,9133 15636999    3,20%
  20604  8061    18126,7103  2157    18167,4564    17591,8930 15588216    3,17%
  20645  8108    18090,8990  2197    18167,4564    17592,0861 15760346    3,17%
Elapsed time = 8254,55 sec. (1023317,60 ticks, tree = 361,89 MB, solutions = 30)
  20697  8100    17965,3816  2291    18167,4564    17592,3550 15749184    3,17%
  20761  8140        cutoff          18167,4564    17596,4031 15827001    3,14%
  20822  8149        cutoff          18167,4564    17598,2175 15881004    3,13%
  20894  8118    17970,6047  2439    18167,4564    17598,2175 15794617    3,13%
  20973  8154        cutoff          18167,4564    17602,3875 15892988    3,11%
  21036  8208    18126,6622  1765    18167,4564    17604,0223 16042286    3,10%
  21107  8202    18068,4874  2417    18167,4564    17604,6787 16022976    3,10%
  21177  8199    18127,7190  2605    18167,4564    17606,6408 16008094    3,09%
  21245  8248        cutoff          18167,4564    17606,6408 16148021    3,09%
  21309  8268    18068,3094  2252    18167,4564    17608,6227 16179751    3,08%
Elapsed time = 8564,60 sec. (1062113,09 ticks, tree = 371,65 MB, solutions = 30)
  21371  8276    17980,1683  1813    18167,4564    17611,4427 16185459    3,06%
  21439  8333    17904,9782  2198    18167,4564    17612,8993 16333252    3,05%
  21513  8332    18019,9596  1891    18167,4564    17614,0370 16313000    3,05%
  21567  8371        cutoff          18167,4564    17617,9870 16435006    3,02%
  21626  8374    18030,5291  2368    18167,4564    17618,2902 16440328    3,02%
  21718  8385    17834,8557  2632    18167,4564    17620,3755 16505752    3,01%
  21787  8506        cutoff          18167,4564    17621,7082 16833198    3,00%
  21842  8484    17910,5132  2572    18167,4564    17623,1565 16691087    3,00%
  21916  8508    18010,6966  2246    18167,4564    17624,3065 16810985    2,99%
  21983  8553        cutoff          18167,4564    17626,6628 16995699    2,98%
Elapsed time = 8886,82 sec. (1100546,16 ticks, tree = 385,33 MB, solutions = 30)
  22038  8555    17937,2345  2385    18167,4564    17626,8614 17000751    2,98%
  22105  8537    18043,7129  2289    18167,4564    17632,4789 16950112    2,94%
  22158  8652    18081,5587  2298    18167,4564    17633,4809 17198102    2,94%
  22192  8655        cutoff          18167,4564    17634,4324 17238052    2,93%
  22229  8702    18100,6727  2325    18167,4564    17635,3505 17361859    2,93%
  22271  8637    18058,4299  2487    18167,4564    17637,8883 17178341    2,91%
  22305  8674    18134,1334  2248    18167,4564    17638,6786 17278994    2,91%
  22339  8716        cutoff          18167,4564    17638,6786 17440310    2,91%
  22380  8742    18010,6614  2302    18167,4564    17643,4149 17481932    2,88%
  22429  8756    17866,8067  2576    18167,4564    17647,5315 17559038    2,86%
Elapsed time = 9275,17 sec. (1139200,09 ticks, tree = 387,02 MB, solutions = 30)
  22476  8763    18096,2180  2196    18167,4564    17650,9444 17565158    2,84%
  22549  8782    18046,8626  2420    18167,4564    17651,9654 17661291    2,84%
  22600  8764    18157,7290  2154    18167,4564    17652,8477 17626966    2,83%
  22664  8765        cutoff          18167,4564    17655,4996 17605750    2,82%
  22722  8775    18001,0693  2609    18167,4564    17657,7480 17698081    2,81%
  22778  8778        cutoff          18167,4564    17658,3067 17717953    2,80%
  22812  8815    17992,4254  2728    18167,4564    17659,9307 17867759    2,79%
  22892  8850    18113,9399  2427    18167,4564    17661,5466 18065995    2,78%
  22965  8852    18025,3628  2548    18167,4564    17661,5466 18043384    2,78%
  23022  8885    18138,0198  2423    18167,4564    17663,2613 18197297    2,78%
Elapsed time = 9561,98 sec. (1178105,58 ticks, tree = 395,10 MB, solutions = 30)
  23076  8859    18068,4458  2098    18167,4564    17663,2613 18139241    2,78%
  23133  8868    18003,7431  2527    18167,4564    17664,8303 18171357    2,77%
  23192  8885        cutoff          18167,4564    17665,2681 18245608    2,76%
  23243  8933    18051,6759  2170    18167,4564    17666,2634 18347870    2,76%
  23292  8974    18130,2596  2268    18167,4564    17667,2807 18526541    2,75%
  23344  8940    18151,7057  1890    18167,4564    17668,0124 18359216    2,75%
  23396  8982    18164,2310  2381    18167,4564    17668,6781 18537753    2,75%
  23448  8953    17978,8164  2267    18167,4564    17673,3360 18466855    2,72%
  23506  8992    17922,0535  2083    18167,4564    17673,3360 18641837    2,72%
  23563  9000        cutoff          18167,4564    17677,5026 18711418    2,70%
Elapsed time = 9886,12 sec. (1216951,99 ticks, tree = 399,57 MB, solutions = 30)
  23610  9001        cutoff          18167,4564    17678,6699 18687323    2,69%
  23647  8999    18150,6369  2590    18167,4564    17678,6699 18722631    2,69%
  23698  9030        cutoff          18167,4564    17679,9662 18794913    2,68%
  23741  9041    18139,8124  2320    18167,4564    17685,6637 19126631    2,65%
  23797  9043        cutoff          18167,4564    17688,2874 19166139    2,64%
  23845  9043        cutoff          18167,4564    17689,1985 19170013    2,63%
  23886  9045        cutoff          18167,4564    17691,9292 19243715    2,62%
  23930  9039        cutoff          18167,4564    17691,9292 19071505    2,62%
  23969  9049    18077,6496  2673    18167,4564    17691,9292 19212465    2,62%
  24015  9059    18151,0416  2205    18167,4564    17696,0006 19279745    2,60%
Elapsed time = 10264,28 sec. (1256136,30 ticks, tree = 398,45 MB, solutions = 30)
  24071  9056    18135,6738  2437    18167,4564    17697,4275 19343361    2,59%
  24125  9090    18147,1091  1833    18167,4564    17700,1014 19557447    2,57%
  24174  9077    18096,2021  2045    18167,4564    17702,5086 19412972    2,56%
  24238  9087    18022,7145  2185    18167,4564    17703,9331 19613849    2,55%
  24298  9095    18164,6173  1644    18167,4564    17703,9331 19665771    2,55%
  24357  9089        cutoff          18167,4564    17705,6684 19647906    2,54%
  24414  9097    18009,9132  2068    18167,4564    17707,2703 19603536    2,53%
  24463  9108    18037,9411  2151    18167,4564    17710,6025 19853898    2,51%
  24527  9123    18146,5800  2142    18167,4564    17711,7163 19956222    2,51%
  24578  9109    18055,5727  2514    18167,4564    17713,5492 19760852    2,50%
Elapsed time = 10564,13 sec. (1295424,59 ticks, tree = 404,60 MB, solutions = 30)
  24643  9119    18099,9027  2326    18167,4564    17715,4544 19802889    2,49%
  24693  9124        cutoff          18167,4564    17715,4544 19972669    2,49%
  24735  9131    18046,9305  2660    18167,4564    17716,8709 20014253    2,48%
  24804  9151        cutoff          18167,4564    17720,4790 20154881    2,46%
  24857  9151    18046,6527  2366    18167,4564    17720,7479 20159550    2,46%
  24907  9161        cutoff          18167,4564    17721,0617 20269621    2,46%
  24966  9169    18130,2879  2433    18167,4564    17723,4340 20241869    2,44%
  25013  9170    18065,5414  2284    18167,4564    17723,7658 20246927    2,44%
  25073  9206        cutoff          18167,4564    17724,0456 20498911    2,44%
  25123  9204    18150,5023  2154    18167,4564    17724,9519 20428280    2,44%
Elapsed time = 10889,80 sec. (1334328,44 ticks, tree = 406,89 MB, solutions = 30)
  25176  9223        cutoff          18167,4564    17725,7203 20759262    2,43%
  25220  9192    18077,5642  2499    18167,4564    17725,7203 20583694    2,43%
  25260  9218        cutoff          18167,4564    17728,1002 20804619    2,42%
  25311  9198    18057,7150  2597    18167,4564    17731,2226 20557230    2,40%
  25361  9204    18084,6897  2788    18167,4564    17732,8479 20696295    2,39%
  25420  9255    18104,4435  2400    18167,4564    17732,8479 20958184    2,39%
  25467  9229    17910,7358  2003    18167,4564    17734,9498 20893353    2,38%
  25512  9244        cutoff          18167,4564    17737,8666 21000200    2,36%
  25557  9236    18158,8380  2166    18167,4564    17740,0200 20937773    2,35%
  25609  9256    18092,8327  2475    18167,4564    17741,0639 21176899    2,35%
Elapsed time = 11222,32 sec. (1373234,87 ticks, tree = 406,61 MB, solutions = 30)
  25659  9262    18149,3905  2162    18167,4564    17741,8471 21153132    2,34%
  25722  9267        cutoff          18167,4564    17746,8768 21208993    2,32%
  25777  9263        cutoff          18167,4564    17746,8768 21107637    2,32%
  25812  9262        cutoff          18167,4564    17748,2694 21350967    2,31%
  25867  9283    18126,7222  2269    18167,4564    17749,3593 21268178    2,30%
  25926  9282    18081,1530  2404    18167,4564    17752,4527 21528954    2,28%
  25983  9277        cutoff          18167,4564    17753,1203 21436244    2,28%
  26028  9292    18134,5704  2271    18167,4564    17753,1203 21540268    2,28%
  26081  9289        cutoff          18167,4564    17756,4921 21545534    2,26%
  26130  9283    18128,2313  1889    18167,4564    17757,5809 21514413    2,26%
Elapsed time = 11495,98 sec. (1411811,98 ticks, tree = 409,46 MB, solutions = 30)
  26182  9289    17990,1119  2429    18167,4564    17759,7494 21589031    2,24%
  26229  9278    18122,9442  1847    18167,4564    17760,9648 21662317    2,24%
  26279  9263        cutoff          18167,4564    17762,8713 21954847    2,23%
  26325  9278        cutoff          18167,4564    17765,0407 21854811    2,22%
  26380  9274    18063,7283  2546    18167,4564    17765,0407 22002912    2,22%
  26432  9289    18109,5067  2349    18167,4564    17767,8017 22079479    2,20%
  26474  9275    18153,2454  2372    18167,4564    17769,0092 21936854    2,19%
  26538  9296    18098,7538  2357    18167,4564    17770,5598 22058060    2,18%
  26604  9291        cutoff          18167,4564    17770,5598 22207233    2,18%
  26651  9292        cutoff          18167,4564    17771,7295 22177732    2,18%
Elapsed time = 11793,43 sec. (1450699,45 ticks, tree = 408,46 MB, solutions = 30)
  26715  9297    18005,4424  2356    18167,4564    17772,5059 22368048    2,17%
  26777  9294    18150,2800  2450    18167,4564    17774,2157 22406236    2,16%
  26834  9292    18150,1718  1728    18167,4564    17774,2157 22193940    2,16%
  26887  9293        cutoff          18167,4564    17775,8261 22233434    2,16%
  26946  9295        cutoff          18167,4564    17776,4422 22540658    2,15%
  26999  9306    18107,1804  2429    18167,4564    17779,5407 22392686    2,14%
  27047  9305    18074,0204  2586    18167,4564    17779,5407 22397281    2,14%
  27104  9296        cutoff          18167,4564    17782,0876 22627400    2,12%
  27149  9299    18117,6210  1746    18167,4564    17785,9696 22562833    2,10%
  27195  9328    18126,8942  2341    18167,4564    17786,7336 22967733    2,10%
Elapsed time = 12135,00 sec. (1489677,55 ticks, tree = 409,98 MB, solutions = 30)
  27249  9338        cutoff          18167,4564    17786,7336 22932816    2,10%
  27297  9325    18093,7863  2409    18167,4564    17788,9371 22974960    2,08%
  27339  9337        cutoff          18167,4564    17791,3107 23057030    2,07%
  27382  9338    18056,3901  2448    18167,4564    17791,7571 22943792    2,07%
  27432  9333        cutoff          18167,4564    17791,7571 23065441    2,07%
  27473  9319        cutoff          18167,4564    17794,3208 23137716    2,05%
  27512  9322        cutoff          18167,4564    17796,4886 23172672    2,04%
  27561  9313        cutoff          18167,4564    17798,0725 23327597    2,03%
  27599  9324    18053,7858  2053    18167,4564    17798,0725 23115451    2,03%
  27650  9310    18133,9256  2220    18167,4564    17799,1042 23365318    2,03%
Elapsed time = 12478,75 sec. (1528716,50 ticks, tree = 410,55 MB, solutions = 30)
  27708  9312    17962,1231  2385    18167,4564    17802,9749 23502319    2,01%
  27772  9304    18119,9377  2321    18167,4564    17804,3106 23283883    2,00%
  27837  9323        cutoff          18167,4564    17804,3106 23433732    2,00%
  27897  9291        cutoff          18167,4564    17806,0406 23639333    1,99%
  27952  9296        cutoff          18167,4564    17807,5459 23557024    1,98%
  28019  9314    18117,1403  2393    18167,4564    17809,0277 23473339    1,97%
  28080  9279        cutoff          18167,4564    17809,0277 23633679    1,97%
  28144  9310        cutoff          18167,4564    17810,2126 23903039    1,97%
  28210  9282        cutoff          18167,4564    17811,0201 23644772    1,96%
  28276  9292        cutoff          18167,4564    17813,8184 23830545    1,95%
Elapsed time = 12737,32 sec. (1567847,66 ticks, tree = 408,09 MB, solutions = 30)
  28340  9315    17951,6947  2314    18167,4564    17813,8184 23962080    1,95%
  28406  9311    18124,5789  2366    18167,4564    17815,5115 24010894    1,94%
  28459  9308    18083,6314  2153    18167,4564    17819,4842 23894167    1,92%
  28529  9286        cutoff          18167,4564    17819,9497 24191585    1,91%
  28602  9301        cutoff          18167,4564    17819,9497 24164291    1,91%
  28681  9293    18116,9556  2272    18167,4564    17822,1611 24245382    1,90%
  28760  9302        cutoff          18167,4564    17823,7328 24174538    1,89%
  28828  9297        cutoff          18167,4564    17825,9110 24256793    1,88%
  28886  9286    18118,3117  2266    18167,4564    17825,9110 24461453    1,88%
  28951  9277        cutoff          18167,4564    17825,9110 24681300    1,88%
Elapsed time = 13038,73 sec. (1606970,02 ticks, tree = 404,87 MB, solutions = 30)
  29010  9312        cutoff          18167,4564    17828,1474 24438518    1,87%
  29075  9270        cutoff          18167,4564    17830,8468 24692541    1,85%
  29124  9249    18144,0749  2275    18167,4564    17831,4156 24819323    1,85%
  29189  9253    18070,7283  2131    18167,4564    17831,4156 24775438    1,85%
  29247  9266        cutoff          18167,4564    17832,9585 24706919    1,84%
  29313  9244        cutoff          18167,4564    17834,7070 24915714    1,83%
  29366  9217        cutoff          18167,4564    17836,2856 25224296    1,82%
  29416  9219        cutoff          18167,4564    17836,2856 25183934    1,82%
  29463  9245    18134,1274  2325    18167,4564    17839,5503 25139017    1,80%
  29503  9217        cutoff          18167,4564    17840,7356 25343342    1,80%
Elapsed time = 13392,92 sec. (1646269,89 ticks, tree = 405,07 MB, solutions = 30)
  29555  9216        cutoff          18167,4564    17843,0542 25310921    1,79%
  29608  9216        cutoff          18167,4564    17843,0542 25277649    1,79%
  29659  9218    18015,0293  2457    18167,4564    17843,9280 25205588    1,78%
  29706  9190    18055,9509  2239    18167,4564    17846,5503 25471795    1,77%
  29756  9169    18077,2386  2487    18167,4564    17847,9076 25618866    1,76%
  29805  9201        cutoff          18167,4564    17849,6918 25409409    1,75%
  29860  9216        cutoff          18167,4564    17849,6918 25300097    1,75%
  29906  9197    18149,6827  2330    18167,4564    17851,9771 25451370    1,74%
  29970  9170        cutoff          18167,4564    17852,9524 25670620    1,73%
  30048  9164    18028,2573  2558    18167,4564    17855,0136 25778519    1,72%
Elapsed time = 13739,86 sec. (1685071,50 ticks, tree = 398,90 MB, solutions = 30)
  30116  9174        cutoff          18167,4564    17855,0136 25573720    1,72%
  30175  9171        cutoff          18167,4564    17855,5455 25790155    1,72%
  30240  9172        cutoff          18167,4564    17857,1524 25795908    1,71%
  30306  9148        cutoff          18167,4564    17859,0209 26153523    1,70%
  30368  9135    18116,2854  2192    18167,4564    17860,1255 25984084    1,69%
  30448  9151        cutoff          18167,4564    17860,1255 25892498    1,69%
  30519  9154    18057,4559  2203    18167,4564    17862,0991 25966313    1,68%
  30586  9126        cutoff          18167,4564    17865,0453 26000196    1,66%
  30658  9117        cutoff          18167,4564    17866,8371 26460816    1,65%
  30735  9132    18096,1842  1942    18167,4564    17866,8371 26093605    1,65%
Elapsed time = 13987,22 sec. (1723784,46 ticks, tree = 395,23 MB, solutions = 30)
  30812  9118    18144,6504  1867    18167,4564    17868,6614 26279257    1,64%
  30879  9110        cutoff          18167,4564    17872,9656 26521181    1,62%
  30956  9120        cutoff          18167,4564    17872,9656 26432159    1,62%
  31030  9013        cutoff          18167,4564    17874,1774 26784054    1,61%
  31107  9025    18159,2309  1777    18167,4564    17874,1774 26741309    1,61%
  31181  9061        cutoff          18167,4564    17874,1774 26637551    1,61%
  31241  8971    18056,5874  2019    18167,4564    17879,4857 26995964    1,59%
  31319  8960    18028,5749  2546    18167,4564    17879,9202 26955291    1,58%
  31381  8974    18105,9079  2136    18167,4564    17883,4389 27007531    1,56%
  31443  8992        cutoff          18167,4564    17884,2108 26870272    1,56%
Elapsed time = 14309,70 sec. (1762242,83 ticks, tree = 388,40 MB, solutions = 30)
  31495  8992    18154,9981  2153    18167,4564    17884,2108 26875510    1,56%
  31560  8916    18118,9654  2511    18167,4564    17884,2108 27247272    1,56%
  31640  8995        cutoff          18167,4564    17884,2108 26887373    1,56%
  31687  8864        cutoff          18167,4564    17889,6691 27364734    1,53%
  31742  8909        cutoff          18167,4564    17891,7785 27260672    1,52%
  31790  8821    18102,9481  2326    18167,4564    17892,8641 27535225    1,51%
  31836  8806    18140,5340  2409    18167,4564    17892,8641 27656317    1,51%
  31889  8820        cutoff          18167,4564    17893,6211 27544417    1,51%
  31934  8836    18121,8823  1869    18167,4564    17893,6211 27501434    1,51%
  31989  8843        cutoff          18167,4564    17894,4360 27426222    1,50%
Elapsed time = 14649,53 sec. (1801215,76 ticks, tree = 384,37 MB, solutions = 30)
  32038  8817        cutoff          18167,4564    17894,4360 27558421    1,50%
  32105  8783        cutoff          18167,4564    17895,3461 27715305    1,50%
  32171  8778        cutoff          18167,4564    17902,8285 27757235    1,46%
  32240  8803    18161,1372  1408    18167,4564    17902,8285 27687160    1,46%
  32318  8694        cutoff          18167,4564    17905,2756 28067398    1,44%
  32392  8740        cutoff          18167,4564    17905,2756 27829701    1,44%
  32466  8685        cutoff          18167,4564    17905,2756 28117451    1,44%
  32542  8696        cutoff          18167,4564    17907,5735 28084521    1,43%
  32608  8670    18149,4419  1919    18167,4564    17907,5735 28153136    1,43%
  32691  8631        cutoff          18167,4564    17908,9772 28255985    1,42%
Elapsed time = 14972,08 sec. (1839788,47 ticks, tree = 370,30 MB, solutions = 30)
  32770  8608        cutoff          18167,4564    17910,0110 28292057    1,42%
  32844  8573    18162,0607  2273    18167,4564    17917,5700 28523762    1,38%
  32920  8570        cutoff          18167,4564    17919,5113 28529270    1,36%
  32999  8562        cutoff          18167,4564    17919,5113 28485791    1,36%
  33088  8560        cutoff          18167,4564    17919,5113 28444787    1,36%
  33164  8499        cutoff          18167,4564    17923,4036 28733807    1,34%
  33245  8461        cutoff          18167,4564    17923,4036 28820499    1,34%
  33321  8534        cutoff          18167,4564    17928,3371 28705077    1,32%
  33390  8492        cutoff          18167,4564    17929,0809 28781242    1,31%
  33468  8518    18167,3967  2114    18167,4564    17929,0809 28734197    1,31%
Elapsed time = 15229,92 sec. (1878460,77 ticks, tree = 369,84 MB, solutions = 30)
  33536  8392        cutoff          18167,4564    17931,4554 28968666    1,30%
  33604  8335        cutoff          18167,4564    17932,1438 29076576    1,30%
  33669  8310    18106,4918  2260    18167,4564    17932,1438 29150387    1,30%
  33732  8309    18060,5886  2358    18167,4564    17934,7102 29156418    1,28%
  33812  8307        cutoff          18167,4564    17935,8987 29162611    1,27%
  33893  8383        cutoff          18167,4564    17935,8987 28997769    1,27%
  33968  8245        cutoff          18167,4564    17937,1449 29318194    1,27%
  34030  8189    18136,9854  2448    18167,4564    17938,7910 29484073    1,26%
  34108  8166        cutoff          18167,4564    17938,7910 29531696    1,26%
  34171  8251        cutoff          18167,4564    17941,4090 29297179    1,24%
Elapsed time = 15553,99 sec. (1916933,72 ticks, tree = 356,12 MB, solutions = 30)
  34229  8121        cutoff          18167,4564    17944,8181 29685605    1,23%
  34295  8066    18140,7797  2284    18167,4564    17945,9318 29834443    1,22%
  34366  8113        cutoff          18167,4564    17947,0368 29738753    1,21%
  34446  8140    18058,9271  2350    18167,4564    17947,0368 29685364    1,21%
  34515  8084        cutoff          18167,4564    17947,0368 29790309    1,21%
  34584  8073        cutoff          18167,4564    17950,4921 29833744    1,19%
  34665  7891        cutoff          18167,4564    17955,3202 30199136    1,17%
  34738  7890        cutoff          18167,4564    17957,3750 30203402    1,16%
  34823  7944        cutoff          18167,4564    17957,3750 30049290    1,16%
  34892  7878        cutoff          18167,4564    17958,8217 30213136    1,15%
Elapsed time = 15883,15 sec. (1955536,27 ticks, tree = 338,18 MB, solutions = 30)
  34985  7930        cutoff          18167,4564    17959,2489 30085657    1,15%
  35068  7835        cutoff          18167,4564    17961,4876 30290181    1,13%
  35154  7729    18054,8843  2498    18167,4564    17961,4876 30440228    1,13%
  35250  7799    18165,4533  2371    18167,4564    17961,4876 30364795    1,13%
  35336  7653    18144,4723  1954    18167,4564    17967,4298 30617258    1,10%
  35420  7649        cutoff          18167,4564    17969,2238 30623080    1,09%
  35504  7586    18115,2572  2528    18167,4564    17974,1797 30716545    1,06%
  35586  7623    18100,8782  2033    18167,4564    17974,5958 30668709    1,06%
  35674  7525        cutoff          18167,4564    17977,6659 30803392    1,04%
  35751  7497        cutoff          18167,4564    17977,6659 30828916    1,04%
Elapsed time = 16143,78 sec. (1994039,16 ticks, tree = 321,77 MB, solutions = 30)
  35826  7496    18147,2521  1786    18167,4564    17977,6659 30834853    1,04%

Zero-half cuts applied:  1040
Lift and project cuts applied:  5
Gomory fractional cuts applied:  1

Root node processing (before b&c):
  Real time             =   54,81 sec. (24033,61 ticks)
Parallel b&c, 12 threads:
  Real time             = 16132,44 sec. (1976240,48 ticks)
  Sync time (average)   = 1980,53 sec.
  Wait time (average)   =    0,06 sec.
                          ------------
Total (root+branch&cut) = 16187,25 sec. (2000274,09 ticks)

