
Version identifier: 22.1.1.0 | 2022-11-28 | 9160aff4d
CPXPARAM_MultiObjective_Display                  0
CPXPARAM_WorkMem                                 8192
CPXPARAM_DetTimeLimit                            2000000
Tried aggregator 3 times.
MIP Presolve eliminated 22657 rows and 129761 columns.
Aggregator did 282 substitutions.
Reduced MIP has 953 rows, 2832 columns, and 6619 nonzeros.
Reduced MIP has 2820 binaries, 12 generals, 0 SOSs, and 0 indicators.
Presolve time = 0,10 sec. (84,85 ticks)
Found incumbent of value 90780,260000 after 0,12 sec. (101,55 ticks)
Probing time = 0,01 sec. (7,87 ticks)
Tried aggregator 2 times.
Detecting symmetries...
MIP Presolve eliminated 2 rows and 12 columns.
Aggregator did 9 substitutions.
Reduced MIP has 942 rows, 2811 columns, and 6566 nonzeros.
Reduced MIP has 2805 binaries, 6 generals, 0 SOSs, and 0 indicators.
Presolve time = 0,01 sec. (8,81 ticks)
Probing time = 0,01 sec. (3,59 ticks)
Clique table members: 4178.
MIP emphasis: balance optimality and feasibility.
MIP search method: dynamic search.
Parallel mode: deterministic, using up to 12 threads.
Root relaxation solution time = 0,04 sec. (26,22 ticks)

        Nodes                                         Cuts/
   Node  Left     Objective  IInf  Best Integer    Best Bound    ItCnt     Gap

*     0+    0                        90780,2600  -355781,0000           491,91%
*     0+    0                        73264,2400  -355781,0000           585,61%
*     0+    0                        73257,2200  -355781,0000           585,66%
*     0+    0                        73250,2000  -355781,0000           585,71%
*     0+    0                        73243,1800  -355781,0000           585,75%
*     0+    0                        73236,1600  -355781,0000           585,80%
*     0+    0                        73229,1400  -355781,0000           585,85%
      0     0    23782,4300    14    73229,1400    23782,4300     1218   67,52%
*     0+    0                        23784,4300    23782,4300             0,01%
*     0+    0                        23783,7200    23782,4300             0,01%

Root node processing (before b&c):
  Real time             =    0,25 sec. (195,46 ticks)
Parallel b&c, 12 threads:
  Real time             =    0,00 sec. (0,00 ticks)
  Sync time (average)   =    0,00 sec.
  Wait time (average)   =    0,00 sec.
                          ------------
Total (root+branch&cut) =    0,25 sec. (195,46 ticks)

