
Version identifier: 22.1.1.0 | 2022-11-28 | 9160aff4d
CPXPARAM_MultiObjective_Display                  0
CPXPARAM_TimeLimit                               600000
CPXPARAM_WorkMem                                 8192
CPXPARAM_DetTimeLimit                            600000
Tried aggregator 3 times.
MIP Presolve eliminated 129827 rows and 1083332 columns.
Aggregator did 1077 substitutions.
Reduced MIP has 5984 rows, 30643 columns, and 67172 nonzeros.
Reduced MIP has 30612 binaries, 31 generals, 0 SOSs, and 0 indicators.
Presolve time = 0,83 sec. (614,35 ticks)
Found incumbent of value 205192,028152 after 1,00 sec. (757,61 ticks)
Probing time = 0,04 sec. (13,59 ticks)
Tried aggregator 2 times.
Detecting symmetries...
Aggregator did 15 substitutions.
Reduced MIP has 5969 rows, 30628 columns, and 67142 nonzeros.
Reduced MIP has 30612 binaries, 16 generals, 0 SOSs, and 0 indicators.
Presolve time = 0,06 sec. (62,28 ticks)
Probing time = 0,05 sec. (13,20 ticks)
Clique table members: 37805.
MIP emphasis: balance optimality and feasibility.
MIP search method: dynamic search.
Parallel mode: deterministic, using up to 12 threads.
Root relaxation solution time = 0,82 sec. (536,83 ticks)

        Nodes                                         Cuts/
   Node  Left     Objective  IInf  Best Integer    Best Bound    ItCnt     Gap

*     0+    0                       205192,0282 -1948280,0000              --- 
*     0+    0                       179784,7682 -1948280,0000              --- 
*     0+    0                       179766,5162 -1948280,0000              --- 
*     0+    0                       179748,2642 -1948280,0000              --- 
*     0+    0                       179730,0122 -1948280,0000              --- 
*     0+    0                       179711,7602 -1948280,0000              --- 
*     0+    0                       179694,5882 -1948280,0000              --- 
*     0+    0                       179677,7402 -1948280,0000              --- 
*     0+    0                       179660,8922 -1948280,0000              --- 
*     0+    0                       179644,0442 -1948280,0000              --- 
      0     0    20628,9368  2206   179644,0442    20628,9368       45   88,52%
      0     0    20674,5690  2313   179644,0442      Cuts: 17      626   88,49%
*     0+    0                        99662,4105    20674,5690            79,26%
*     0+    0                        51776,1153    20674,5690            60,07%
      0     0    20718,8279  2286    51776,1153  ZeroHalf: 12     1323   59,98%
      0     0    20728,5022  2370    51776,1153   ZeroHalf: 5     1559   59,97%
*     0+    0                        41579,9014    20728,5022            50,15%
      0     0  -1,00000e+75     0    41579,9014    20728,5022     1559   50,15%
      0     0    20738,0500  2409    41579,9014   ZeroHalf: 9     1896   50,12%
      0     0    20771,3244  2320    41579,9014   ZeroHalf: 6     2348   50,04%
Detecting symmetries...
      0     0    20774,8804  2406    41579,9014   ZeroHalf: 3     2549   50,04%
      0     0    20777,8098  2402    41579,9014   ZeroHalf: 3     2675   50,03%
      0     0    20780,5129  2439    41579,9014   ZeroHalf: 3     2847   50,02%
      0     0    20782,8055  2438    41579,9014   ZeroHalf: 1     3001   50,02%
      0     0    20787,8434  2406    41579,9014   ZeroHalf: 2     3268   50,01%
      0     0    20797,7155  2410    41579,9014   ZeroHalf: 9     3557   49,98%
      0     0    20801,5828  2472    41579,9014   ZeroHalf: 3     3808   49,97%
*     0+    0                        26076,5650    20801,5828            20,23%
*     0+    0                        26075,5120    20801,5828            20,23%
      0     0    20813,9436  2430    26075,5120   ZeroHalf: 6     4150   20,18%
      0     0    20827,0763  2396    26075,5120   ZeroHalf: 5     4511   20,13%
      0     0    20833,3524  2419    26075,5120   ZeroHalf: 3     4705   20,10%
      0     0    20837,3134  2521    26075,5120   ZeroHalf: 4     4972   20,09%
      0     0    20838,1708  2528    26075,5120   ZeroHalf: 1     5065   20,09%
      0     0    20839,4252  2466    26075,5120   ZeroHalf: 1     5172   20,08%
      0     0    20839,8558  2513    26075,5120   ZeroHalf: 3     5262   20,08%
*     0+    0                        25212,8223    20839,8558            17,34%
Detecting symmetries...
      0     2    20839,8558  2513    25212,8223    20839,8558     5262   17,34%
Elapsed time = 37,00 sec. (18205,76 ticks, tree = 0,02 MB, solutions = 16)
      1     3    20854,3126  2241    25212,8223    20839,8558     6879   17,34%
      3     4    20899,3683  2208    25212,8223    20839,8558     7860   17,34%
      6     5    21129,5293  2377    25212,8223    20854,4278    10929   17,29%
      9     8    21195,0679  1970    25212,8223    20899,3707    13603   17,11%
     13    13    20954,2975  2155    25212,8223    20915,7805    18175   17,04%
     20    16    20965,4810  2020    25212,8223    20915,7805    20136   17,04%
     24    22    21292,8370  2092    25212,8223    20915,7805    25957   17,04%
     28    23    21001,3760  2058    25212,8223    20915,7805    26682   17,04%
     35    10    21012,8424  1880    25212,8223    20915,7805    17097   17,04%
     57    44    21383,4060  1916    25212,8223    20933,1828    44949   16,97%
Elapsed time = 57,66 sec. (24373,47 ticks, tree = 0,74 MB, solutions = 16)
     77    55    21193,1674  1510    25212,8223    20933,1828    54758   16,97%
     96    81    21206,8454  1847    25212,8223    20933,1828    73315   16,97%
    124   100    21887,1743  1721    25212,8223    20933,1828    90010   16,97%
    152   131    22288,9034  1623    25212,8223    20933,1828   112700   16,97%
*   167+  111                        23092,8461    20933,1828             9,35%
    190   139    21925,7205  1693    23092,8461    20933,1828   121380    9,35%
    226   195    21735,2083   711    23092,8461    20933,1828   153894    9,35%
    285   221    22580,7131  1091    23092,8461    20933,1828   165990    9,35%
    325   278        cutoff          23092,8461    20933,1828   193352    9,35%
    369   247    21289,9998  1721    23092,8461    20933,1828   182696    9,35%
    423   346    21382,5500  1730    23092,8461    20933,1828   235644    9,35%
Elapsed time = 126,75 sec. (34247,98 ticks, tree = 8,05 MB, solutions = 19)
*   455+  355                        22091,9811    20933,1828             5,25%
    464   366    22587,6360  1203    22091,9811    20933,1828   244353    5,25%
    514   382    22572,1904   809    22091,9811    20933,1828   250880    5,25%
    541   325    21466,4402  1768    22091,9811    20933,1828   281638    5,25%
    586   327    21777,6961  1780    22091,9811    20954,3167   276765    5,15%
    626   360    22065,6493  1648    22091,9811    21060,7691   310375    4,67%
    663   328    21632,1191  1752    22091,9811    21064,1975   291474    4,65%
    700   387    22018,0903  1682    22091,9811    21064,1975   332093    4,65%
    755   405    21983,5442  1586    22091,9811    21064,6308   346308    4,65%
    807   452        cutoff          22091,9811    21101,1884   383156    4,48%
    863   533    21794,0736  1793    22091,9811    21106,9368   420109    4,46%
Elapsed time = 197,14 sec. (43971,76 ticks, tree = 13,97 MB, solutions = 21)
    918   512    21442,5760  1782    22091,9811    21108,6177   412567    4,45%
    976   549    21512,9141  1268    22091,9811    21108,6177   432151    4,45%
   1024   645    21698,5697  1703    22091,9811    21143,5345   484920    4,29%
   1078   605    21670,8034  1782    22091,9811    21147,7639   460314    4,27%
   1139   649    22033,2421   821    22091,9811    21166,9124   483734    4,19%
   1202   744    21284,5480  1675    22091,9811    21166,9124   532757    4,19%
   1258   764    21453,9925  1709    22091,9811    21175,2940   539508    4,15%
   1313   876    21936,2803  1622    22091,9811    21175,2940   587726    4,15%
   1375   894    21892,9947  1816    22091,9811    21183,5211   594674    4,11%
   1440   945    21919,1230  1121    22091,9811    21183,5211   616627    4,11%
Elapsed time = 269,14 sec. (53629,31 ticks, tree = 27,17 MB, solutions = 21)
   1483   932    21335,0886  1717    22091,9811    21190,3605   611903    4,08%
   1517   981    21403,7727  1693    22091,9811    21192,2917   634802    4,07%
   1556  1046    21725,8357  1496    22091,9811    21193,8182   668786    4,07%
   1614  1083    21923,5537  1666    22091,9811    21205,1830   691019    4,01%
   1674  1130    21810,1212  1710    22091,9811    21205,1830   725256    4,01%
   1716  1091    21417,5436  1598    22091,9811    21205,1830   694776    4,01%
   1763  1177    21383,7828  1676    22091,9811    21205,1830   747035    4,01%
   1809  1227    21668,7364  1837    22091,9811    21205,1830   768373    4,01%
   1874  1263    21857,0230  1688    22091,9811    21206,7764   789302    4,01%
   1928  1254    21918,9231  1775    22091,9811    21206,7764   779627    4,01%
Elapsed time = 339,12 sec. (63270,32 ticks, tree = 37,96 MB, solutions = 21)
   1965  1327    21933,0006  1621    22091,9811    21206,7764   825819    4,01%
   2020  1373    21735,1295  1617    22091,9811    21206,7764   848333    4,01%
   2074  1367    21759,7594  1737    22091,9811    21230,4580   845189    3,90%
   2129  1383    21390,3179  1647    22091,9811    21230,4580   852501    3,90%
   2181  1414    21836,6721  1718    22091,9811    21232,7015   877288    3,89%
   2240  1454    21999,1956  1587    22091,9811    21232,7015   899981    3,89%
   2302  1563    21613,9464  1995    22091,9811    21247,1898   949733    3,82%
   2379  1635        cutoff          22091,9811    21254,3417   998331    3,79%
   2446  1595    21617,6018  1816    22091,9811    21257,5563   974012    3,78%
   2514  1668    21925,0715  1451    22091,9811    21257,5563  1015260    3,78%
Elapsed time = 409,53 sec. (72961,06 ticks, tree = 63,89 MB, solutions = 21)
   2579  1657    21830,9210  1415    22091,9811    21257,5563  1011464    3,78%
   2643  1863    21998,4783  1825    22091,9811    21262,3311  1102802    3,76%
   2694  1791    22075,8753  1647    22091,9811    21274,4641  1068834    3,70%
   2763  1908    21916,9265  1779    22091,9811    21279,5924  1122873    3,68%
   2824  1931    21770,7907  1621    22091,9811    21282,3173  1137031    3,66%
   2889  2001    21794,4549  1568    22091,9811    21286,2496  1184739    3,65%
   2955  1971    21639,7498  1614    22091,9811    21291,3024  1167332    3,62%
   3024  2057    21999,3499  1542    22091,9811    21293,5830  1213257    3,61%
   3082  2029    21873,8755  1528    22091,9811    21295,1819  1203114    3,61%
   3148  2144    21658,4234  1629    22091,9811    21300,8676  1260365    3,58%
Elapsed time = 480,90 sec. (82639,76 ticks, tree = 84,52 MB, solutions = 21)
   3218  2159    21833,3096  1817    22091,9811    21301,3624  1270843    3,58%
   3276  2164        cutoff          22091,9811    21302,2216  1273032    3,57%
   3343  2227    21406,5385  1618    22091,9811    21307,0436  1303279    3,55%
   3404  2255    21629,5881  1545    22091,9811    21307,0436  1316947    3,55%
   3469  2391    21966,0731  1506    22091,9811    21309,9220  1380270    3,54%
   3544  2427    21406,1563  1712    22091,9811    21309,9220  1400466    3,54%
   3607  2434    21605,7758   716    22091,9811    21320,0773  1402394    3,49%
   3676  2457    21590,6038  1086    22091,9811    21320,4774  1415006    3,49%
   3741  2512        cutoff          22091,9811    21322,9239  1443295    3,48%
   3805  2614    21763,7009  1810    22091,9811    21322,9239  1496171    3,48%
Elapsed time = 553,01 sec. (92336,67 ticks, tree = 111,69 MB, solutions = 21)
   3858  2605    21582,9711  1464    22091,9811    21325,0709  1492670    3,47%
   3899  2645    21676,0387  1656    22091,9811    21325,0709  1511482    3,47%
   3923  2638    21602,7855  1593    22091,9811    21325,0709  1507970    3,47%
   3935  2652    21668,6567  1875    22091,9811    21325,0709  1516380    3,47%

Performing restart 1

Repeating presolve.
Tried aggregator 2 times.
MIP Presolve eliminated 176 rows and 2611 columns.
Aggregator did 7 substitutions.
Reduced MIP has 5786 rows, 28010 columns, and 61786 nonzeros.
Reduced MIP has 27994 binaries, 16 generals, 0 SOSs, and 0 indicators.
Presolve time = 0,05 sec. (44,65 ticks)
Tried aggregator 1 time.
Reduced MIP has 5786 rows, 28010 columns, and 61786 nonzeros.
Reduced MIP has 27994 binaries, 16 generals, 0 SOSs, and 0 indicators.
Presolve time = 0,06 sec. (46,68 ticks)
Represolve time = 1,25 sec. (1010,42 ticks)
*  3936+    0                        22040,1461    21336,6636             3,19%
   3936     0    20869,0741  2545    22040,1461  ZeroHalf: 10  1623834    3,19%
   3936     0    20873,4362  2590    22040,1461       Cuts: 9  1624114    3,19%
   3936     0    20883,8457  2619    22040,1461       Cuts: 9  1624528    3,19%
*  3936+    0                        22029,1614    21336,6636             3,14%
   3936     0  -1,00000e+75     0    22029,1614    21336,6636  1624528    3,14%
   3936     0    20890,4217  2647    22029,1614   ZeroHalf: 6  1624888    3,14%
   3936     2    20890,4217  2647    22029,1614    21336,6636  1624888    3,14%
   3937     3    20908,8962  2538    22029,1614    21336,6636  1625813    3,14%
   3939     5    21069,1541  2319    22029,1614    21336,6636  1628811    3,14%
   3948    13    21096,4454  2258    22029,1614    21336,6636  1630513    3,14%
   3963     4    21380,4784  2188    22029,1614    21336,6636  1629253    3,14%
   3976    11    21537,0676  1708    22029,1614    21336,6636  1632091    3,14%
Elapsed time = 630,47 sec. (131865,98 ticks, tree = 0,02 MB, solutions = 23)
   3990    27    21154,3309  2304    22029,1614    21336,6636  1665482    3,14%
   3998    33    21008,1673  2328    22029,1614    21336,6636  1678767    3,14%
   4007    50    21883,3979  2008    22029,1614    21336,6636  1724036    3,14%
   4032    49    21895,5505  1951    22029,1614    21336,6636  1726395    3,14%
   4072    65    21711,5578  1862    22029,1614    21336,6636  1735524    3,14%
   4106    80    21399,3273  1924    22029,1614    21336,6636  1750540    3,14%
   4153    73    21637,3606  1977    22029,1614    21336,6636  1744724    3,14%
   4187   100        cutoff          22029,1614    21336,6636  1787016    3,14%
   4230   119    21608,2437  2037    22029,1614    21336,6636  1810275    3,14%
   4366   185    21625,7108  1832    22029,1614    21336,6636  1878158    3,14%
Elapsed time = 714,10 sec. (144658,64 ticks, tree = 1,66 MB, solutions = 23)
   4566   299    21581,8776  2063    22029,1614    21336,6636  1953666    3,14%
   4668   396    21708,3258  1893    22029,1614    21336,6636  2022565    3,14%
   4791   450    21544,5536  1968    22029,1614    21336,6636  2067691    3,14%
   4945   570    21621,6603  2020    22029,1614    21336,6636  2158882    3,14%
   5119   637    21887,7472  1655    22029,1614    21336,6636  2222372    3,14%
   5317   765    21498,9230  1981    22029,1614    21336,6636  2319298    3,14%
   5421   843    21958,7558  1358    22029,1614    21336,6636  2370834    3,14%
   5501   933    21454,6775  2005    22029,1614    21336,6636  2457633    3,14%
   5706   972    21553,8717  1774    22029,1614    21336,6636  2477550    3,14%
   5881  1126    21984,6276  1777    22029,1614    21336,6636  2563884    3,14%
Elapsed time = 976,63 sec. (183125,33 ticks, tree = 24,15 MB, solutions = 23)
   6054  1216    21474,3200  1736    22029,1614    21336,6636  2653267    3,14%
   6267  1302    21900,6835  1459    22029,1614    21336,6636  2717862    3,14%
   6509  1513    21943,0612   540    22029,1614    21336,6636  2847565    3,14%
   6738  1601    21776,2900  2007    22029,1614    21336,6636  2942291    3,14%
   6971  1679    21847,9041  1619    22029,1614    21368,0954  2989312    3,00%
   7168  1851    21955,3157  1430    22029,1614    21380,4981  3088396    2,94%
   7261  1976    21741,8056  2030    22029,1614    21397,3137  3195469    2,87%
   7439  2022    21837,4526  1122    22029,1614    21397,9819  3253973    2,87%
   7689  2040    21953,0978  1280    22029,1614    21414,6084  3296305    2,79%
   7872  2209        cutoff          22029,1614    21425,1927  3455614    2,74%
Elapsed time = 1241,57 sec. (221389,40 ticks, tree = 63,29 MB, solutions = 23)
   8089  2235    21552,7191  1769    22029,1614    21437,3524  3485211    2,69%
   8290  2287        cutoff          22029,1614    21456,5557  3543165    2,60%
   8401  2414        cutoff          22029,1614    21478,2380  3694805    2,50%
   8545  2467    21777,5576  1439    22029,1614    21478,3034  3731772    2,50%
   8758  2475    21725,2788  1632    22029,1614    21497,8075  3789419    2,41%
   9021  2593    21946,6835  1657    22029,1614    21512,6891  3922883    2,34%
   9293  2669    21869,6746  1379    22029,1614    21526,9717  3984360    2,28%
   9480  2691        cutoff          22029,1614    21543,1052  4038242    2,21%
   9594  2803    21997,1668  1749    22029,1614    21552,9827  4184669    2,16%
   9771  2818        cutoff          22029,1614    21562,2721  4233252    2,12%
Elapsed time = 1516,37 sec. (259767,06 ticks, tree = 90,01 MB, solutions = 23)
   9988  2853    21741,9823  1492    22029,1614    21577,4673  4270379    2,05%
  10240  2927        cutoff          22029,1614    21584,5866  4410445    2,02%
  10494  2954    21918,0219  2055    22029,1614    21589,7503  4532881    1,99%
  10769  2953    21947,6548  1906    22029,1614    21603,8716  4541220    1,93%
  11045  3057        cutoff          22029,1614    21614,7701  4722554    1,88%
  11235  3077    21921,7736   680    22029,1614    21631,0469  4838026    1,81%
  11391  3111    21858,1787  1379    22029,1614    21643,1069  4907388    1,75%
  11621  3097        cutoff          22029,1614    21664,4285  4925294    1,66%
  11906  3124    22019,7755  1802    22029,1614    21674,1478  4965741    1,61%
  12232  3109        cutoff          22029,1614    21684,6402  5045634    1,56%
Elapsed time = 1771,44 sec. (298134,64 ticks, tree = 100,54 MB, solutions = 23)
  12565  3213    22005,6361  1620    22029,1614    21691,2712  5250386    1,53%
  12867  3230    22001,6390  1093    22029,1614    21697,8098  5271215    1,50%
  13062  3233    21862,1124  1282    22029,1614    21711,4145  5343190    1,44%
  13288  3264    22017,1324   695    22029,1614    21726,7666  5516095    1,37%
  13634  3266    22010,8644   555    22029,1614    21738,9863  5557945    1,32%
* 13806  3274      integral     0    21996,2936    21740,0184  5624254    1,17%
  14009  3112        cutoff          21996,2936    21746,0376  5685838    1,14%
  14393  3122        cutoff          21996,2936    21765,4148  5825394    1,05%
  14792  3109        cutoff          21996,2936    21778,2049  5861228    0,99%
  15117  2986        cutoff          21996,2936    21799,5713  6000830    0,89%
  15479  2951        cutoff          21996,2936    21808,2634  6071148    0,85%
Elapsed time = 2032,51 sec. (336382,51 ticks, tree = 92,79 MB, solutions = 24)
  15967  2791    21930,4237   417    21996,2936    21830,7749  6208300    0,75%
  16427  2656    21946,4482  1514    21996,2936    21846,7928  6303602    0,68%
  16814  2418    21898,9191   363    21996,2936    21859,6238  6435990    0,62%
  17470  2040    21981,8669   625    21996,2936    21886,6577  6583420    0,50%
  18109  1567        cutoff          21996,2936    21910,3085  6693262    0,39%
  19099   772        cutoff          21996,2936    21948,0946  6805994    0,22%

Zero-half cuts applied:  86
Lift and project cuts applied:  3
Gomory fractional cuts applied:  1

Root node processing (before b&c):
  Real time             =   35,76 sec. (18176,97 ticks)
Parallel b&c, 12 threads:
  Real time             = 2156,62 sec. (342610,62 ticks)
  Sync time (average)   =  330,35 sec.
  Wait time (average)   =    0,07 sec.
                          ------------
Total (root+branch&cut) = 2192,38 sec. (360787,59 ticks)

