
Version identifier: 22.1.1.0 | 2022-11-28 | 9160aff4d
CPXPARAM_MultiObjective_Display                  0
CPXPARAM_TimeLimit                               60000
CPXPARAM_WorkMem                                 8192
CPXPARAM_DetTimeLimit                            60000
Tried aggregator 3 times.
MIP Presolve eliminated 20313 rows and 127051 columns.
Aggregator did 292 substitutions.
Reduced MIP has 1317 rows, 4213 columns, and 9694 nonzeros.
Reduced MIP has 4197 binaries, 16 generals, 0 SOSs, and 0 indicators.
Presolve time = 0,09 sec. (80,79 ticks)
Found incumbent of value 104481,894870 after 0,11 sec. (99,02 ticks)
Probing time = 0,01 sec. (3,97 ticks)
Tried aggregator 2 times.
Detecting symmetries...
Aggregator did 8 substitutions.
Reduced MIP has 1309 rows, 4205 columns, and 9678 nonzeros.
Reduced MIP has 4197 binaries, 8 generals, 0 SOSs, and 0 indicators.
Presolve time = 0,01 sec. (9,58 ticks)
Probing time = 0,01 sec. (3,96 ticks)
Clique table members: 5843.
MIP emphasis: balance optimality and feasibility.
MIP search method: dynamic search.
Parallel mode: deterministic, using up to 12 threads.
Root relaxation solution time = 0,10 sec. (68,18 ticks)

        Nodes                                         Cuts/
   Node  Left     Objective  IInf  Best Integer    Best Bound    ItCnt     Gap

*     0+    0                       104481,8949  -365243,0000           449,58%
*     0+    0                        97629,2649  -365243,0000           474,11%
*     0+    0                        97620,1389  -365243,0000           474,15%
*     0+    0                        97611,0129  -365243,0000           474,18%
*     0+    0                        97601,8869  -365243,0000           474,22%
*     0+    0                        97592,7609  -365243,0000           474,25%
*     0+    0                        97584,7149  -365243,0000           474,28%
*     0+    0                        97576,9929  -365243,0000           474,31%
*     0+    0                        97569,2709  -365243,0000           474,34%
*     0+    0                        97561,5489  -365243,0000           474,37%
      0     0    18615,6737   187    97561,5489    18615,6737     2172   80,92%
*     0+    0                        18908,0634    18615,6737             1,55%

Zero-half cuts applied:  11
Lift and project cuts applied:  1
Gomory fractional cuts applied:  1

Root node processing (before b&c):
  Real time             =    0,46 sec. (290,19 ticks)
Parallel b&c, 12 threads:
  Real time             =    0,00 sec. (0,00 ticks)
  Sync time (average)   =    0,00 sec.
  Wait time (average)   =    0,00 sec.
                          ------------
Total (root+branch&cut) =    0,46 sec. (290,19 ticks)

