
Version identifier: 22.1.1.0 | 2022-11-28 | 9160aff4d
CPXPARAM_MultiObjective_Display                  0
CPXPARAM_TimeLimit                               60000
CPXPARAM_WorkMem                                 8192
CPXPARAM_DetTimeLimit                            60000
Tried aggregator 3 times.
MIP Presolve eliminated 22728 rows and 130515 columns.
MIP Presolve modified 4 coefficients.
Aggregator did 248 substitutions.
Reduced MIP has 973 rows, 2693 columns, and 6312 nonzeros.
Reduced MIP has 2681 binaries, 12 generals, 0 SOSs, and 0 indicators.
Presolve time = 0,11 sec. (84,83 ticks)
Found incumbent of value 100301,018158 after 0,13 sec. (100,81 ticks)
Probing time = 0,02 sec. (10,40 ticks)
Tried aggregator 2 times.
Detecting symmetries...
MIP Presolve eliminated 4 rows and 9 columns.
Aggregator did 10 substitutions.
Reduced MIP has 959 rows, 2674 columns, and 6268 nonzeros.
Reduced MIP has 2668 binaries, 6 generals, 0 SOSs, and 0 indicators.
Presolve time = 0,01 sec. (8,43 ticks)
Probing time = 0,01 sec. (3,53 ticks)
Clique table members: 4011.
MIP emphasis: balance optimality and feasibility.
MIP search method: dynamic search.
Parallel mode: deterministic, using up to 12 threads.
Root relaxation solution time = 0,03 sec. (26,25 ticks)

        Nodes                                         Cuts/
   Node  Left     Objective  IInf  Best Integer    Best Bound    ItCnt     Gap

*     0+    0                       100301,0182  -312728,7251           411,79%
*     0     0      integral     0    25691,0098    25691,0098     1257    0,00%
Elapsed time = 0,20 sec. (164,24 ticks, tree = 0,00 MB, solutions = 2)

Root node processing (before b&c):
  Real time             =    0,21 sec. (168,74 ticks)
Parallel b&c, 12 threads:
  Real time             =    0,00 sec. (0,00 ticks)
  Sync time (average)   =    0,00 sec.
  Wait time (average)   =    0,00 sec.
                          ------------
Total (root+branch&cut) =    0,21 sec. (168,74 ticks)

