
Version identifier: 22.1.1.0 | 2022-11-28 | 9160aff4d
CPXPARAM_MultiObjective_Display                  0
CPXPARAM_TimeLimit                               2000000
CPXPARAM_WorkMem                                 8192
CPXPARAM_DetTimeLimit                            2000000
Tried aggregator 3 times.
MIP Presolve eliminated 116476 rows and 1083268 columns.
Aggregator did 1367 substitutions.
Reduced MIP has 5708 rows, 29827 columns, and 65634 nonzeros.
Reduced MIP has 29797 binaries, 30 generals, 0 SOSs, and 0 indicators.
Presolve time = 0,88 sec. (634,14 ticks)
Found incumbent of value 189975,583923 after 1,03 sec. (765,72 ticks)
Tried aggregator 2 times.
Detecting symmetries...
Aggregator did 15 substitutions.
Reduced MIP has 5693 rows, 29812 columns, and 65604 nonzeros.
Reduced MIP has 29797 binaries, 15 generals, 0 SOSs, and 0 indicators.
Presolve time = 0,06 sec. (60,80 ticks)
Probing time = 0,06 sec. (13,39 ticks)
Clique table members: 36684.
MIP emphasis: balance optimality and feasibility.
MIP search method: dynamic search.
Parallel mode: deterministic, using up to 12 threads.
Root relaxation solution time = 0,80 sec. (500,24 ticks)

        Nodes                                         Cuts/
   Node  Left     Objective  IInf  Best Integer    Best Bound    ItCnt     Gap

*     0+    0                       189975,5839 -1999298,9739              --- 
*     0+    0                       167478,7879 -1999298,9739              --- 
*     0+    0                       167461,5889 -1999298,9739              --- 
*     0+    0                       167444,3899 -1999298,9739              --- 
*     0+    0                       167427,1909 -1999298,9739              --- 
*     0+    0                       167409,9919 -1999298,9739              --- 
*     0+    0                       167392,7929 -1999298,9739              --- 
*     0+    0                       167376,6739 -1999298,9739              --- 
*     0+    0                       167360,8789 -1999298,9739              --- 
*     0+    0                       167345,0839 -1999298,9739              --- 
      0     0    19662,3060  1966   167345,0839    19662,3060       39   88,25%
      0     0    19775,2090  2136   167345,0839      Cuts: 38      773   88,18%
      0     0    19861,5710  2099   167345,0839      Cuts: 25     1435   88,13%
*     0+    0                       126358,2826    19861,5710            84,28%
      0     0    19918,5660  2254   126358,2826      Cuts: 17     2019   84,24%
*     0+    0                        77069,2192    19918,5660            74,15%
*     0+    0                        58847,0639    19918,5660            66,15%
*     0+    0                        56125,2284    19918,5660            64,51%
*     0+    0                        48469,5742    19918,5660            58,91%
*     0+    0                        46565,3990    19918,5660            57,22%
      0     0  -1,00000e+75     0    46565,3990    19918,5660     2019   57,22%
      0     0    19933,8442  2265    46565,3990   ZeroHalf: 7     2444   57,19%
      0     0    19943,0334  2274    46565,3990   ZeroHalf: 5     2759   57,17%
Detecting symmetries...
      0     0    19958,0490  2312    46565,3990   ZeroHalf: 8     3076   57,14%
      0     0    19972,5734  2258    46565,3990  ZeroHalf: 18     3439   57,11%
      0     0    19972,5955  2264    46565,3990   ZeroHalf: 4     3461   57,11%
      0     0    19975,9911  2249    46565,3990   ZeroHalf: 3     3641   57,10%
      0     0    19976,8838  2315    46565,3990   ZeroHalf: 3     3741   57,10%
*     0+    0                        28352,1718    19976,8838            29,54%
*     0+    0                        28349,0128    19976,8838            29,53%
Detecting symmetries...
      0     2    19976,8838  2315    28349,0128    19976,8838     3741   29,53%
Elapsed time = 30,32 sec. (16438,95 ticks, tree = 0,02 MB, solutions = 18)
      2     4    19993,0251  2308    28349,0128    19977,0060     4267   29,53%
      3     3    20001,9748  2215    28349,0128    19977,0060     4265   29,53%
      6     6    20036,0884  2165    28349,0128    19981,5262     5335   29,52%
     10     6    20254,8011  1971    28349,0128    19993,0257     5721   29,48%
     17    14    20150,9598  2159    28349,0128    20017,5038    10932   29,39%
     23    12    20166,5041  2106    28349,0128    20017,5038     9800   29,39%
     28    19    20095,0858  2326    28349,0128    20036,2610    16061   29,32%
     32    22    20170,0149  2108    28349,0128    20057,1894    18626   29,25%
     39    35    20314,6633  2063    28349,0128    20057,1894    45921   29,25%
     57    41    21558,0517  1711    28349,0128    20057,1894    60672   29,25%
Elapsed time = 49,99 sec. (20218,14 ticks, tree = 0,75 MB, solutions = 18)
     74    61    21295,4163  1682    28349,0128    20057,1894    83910   29,25%
    102    82    20885,6783  1204    28349,0128    20057,1894   105554   29,25%
    121   109    20609,6525  1720    28349,0128    20057,1894   127914   29,25%
    136   122    22454,0819  1128    28349,0128    20057,1894   140002   29,25%
*   138+   94                        27890,7096    20057,1894            28,09%
*   139+   94                        25059,1053    20057,1894            19,96%
    141   125    20673,6524  1699    25059,1053    20057,1894   143859   19,96%
*   142+  117                        24402,2970    20057,1894            17,81%
*   142+  117                        23614,8320    20057,1894            15,07%
    162   147    20697,0589  1856    23614,8320    20057,1894   166188   15,07%
*   163   143      integral     0    22395,1546    20057,1894   157230   10,44%
    187   151    21236,5926  1662    22395,1546    20057,1894   169041   10,44%
    217   167    22207,3185  1220    22395,1546    20057,1894   183295   10,44%
    253   189    21430,6663  1287    22395,1546    20057,1894   202326   10,44%
    295   228    21755,6063  1022    22395,1546    20057,1894   232411   10,44%
Elapsed time = 120,03 sec. (30198,29 ticks, tree = 3,10 MB, solutions = 26)
    345   241    22080,5815   998    22395,1546    20057,1894   240265   10,44%
    389   316    21773,8334   616    22395,1546    20057,1894   290905   10,44%
    438   297    20687,7746  1464    22395,1546    20057,1894   278781   10,44%
    484   370    21310,9188  1558    22395,1546    20069,1151   321656   10,39%
    526   383    21280,0986  1531    22395,1546    20069,1151   329802   10,39%
    564   429    21416,9070   979    22395,1546    20069,1536   355375   10,39%
    609   472    20397,6555  1880    22395,1546    20069,1536   376142   10,39%
*   660   537      integral     0    22262,1030    20069,1536   415230    9,85%
    701   519    20341,9408  2026    22262,1030    20176,0784   408887    9,37%
    742   551    21585,4101  1338    22262,1030    20176,0784   432296    9,37%
Elapsed time = 189,06 sec. (39839,97 ticks, tree = 16,93 MB, solutions = 27)
    782   554    21955,6103   821    22262,1030    20218,2488   433734    9,18%
    826   619    21523,7740  1324    22262,1030    20233,7266   475931    9,11%
    891   632    21851,5662  1542    22262,1030    20233,7266   481040    9,11%
    949   667    21808,7421  1326    22262,1030    20233,7266   500569    9,11%
    997   709    21114,1097  1523    22262,1030    20236,1416   524482    9,10%
   1046   805    22241,4592  1263    22262,1030    20244,4011   575971    9,06%
   1095   795    21015,1318  1514    22262,1030    20245,5490   570522    9,06%
   1139   753    20357,7058  1910    22262,1030    20245,5490   547693    9,06%
   1190   812    21507,7459  1460    22262,1030    20245,5490   581347    9,06%
   1237   852    21767,7188  1583    22262,1030    20300,7295   597672    8,81%
Elapsed time = 259,16 sec. (49528,75 ticks, tree = 32,48 MB, solutions = 27)
   1282   939    21441,3034  1519    22262,1030    20300,7295   643007    8,81%
   1331   944    21612,5363  1219    22262,1030    20303,7124   645155    8,80%
   1388   966    21059,9948  1687    22262,1030    20303,7124   661540    8,80%
   1436  1001    21831,8103  1602    22262,1030    20303,7124   675958    8,80%
   1489  1125    21454,4128  1544    22262,1030    20315,2836   746920    8,74%
   1526  1103        cutoff          22262,1030    20315,2836   736556    8,74%
   1572  1214    20883,0853  1636    22262,1030    20341,9679   804069    8,63%
   1616  1253    20918,1864  1609    22262,1030    20341,9679   823102    8,63%
   1655  1204    22088,9392  1515    22262,1030    20362,8909   794241    8,53%
   1697  1330    21040,9472  1369    22262,1030    20363,1384   864918    8,53%
Elapsed time = 330,95 sec. (59273,61 ticks, tree = 58,68 MB, solutions = 27)
   1751  1334    21119,1280  1468    22262,1030    20363,1384   866903    8,53%
   1799  1327    21163,9233  1845    22262,1030    20371,9524   861016    8,49%
   1844  1341    21281,4857  1445    22262,1030    20371,9524   870928    8,49%
   1890  1382    20511,4315  2215    22262,1030    20371,9524   897939    8,49%
   1929  1438    21456,1843  1648    22262,1030    20371,9524   929860    8,49%
   1985  1521    20661,5411  1797    22262,1030    20371,9524   977122    8,49%
   2038  1583        cutoff          22262,1030    20371,9524  1012730    8,49%
   2090  1576    20850,4272  1925    22262,1030    20393,0554  1009212    8,40%
   2132  1537    21572,2025  1341    22262,1030    20393,0554   983046    8,40%
   2168  1600    20927,1487  1796    22262,1030    20393,0554  1022692    8,40%
Elapsed time = 400,42 sec. (69001,95 ticks, tree = 74,56 MB, solutions = 27)
   2221  1686        cutoff          22262,1030    20404,0189  1070238    8,35%
   2255  1721    22148,1841  1480    22262,1030    20404,0189  1090301    8,35%
   2306  1782    21315,0187  1709    22262,1030    20412,1667  1133559    8,31%
   2357  1752    21224,3756  1734    22262,1030    20412,1667  1112227    8,31%
   2414  1864    21945,1593  1743    22262,1030    20416,9119  1180880    8,29%
   2457  1845    21447,9157  1870    22262,1030    20416,9119  1169443    8,29%
   2501  1903    20967,2971  1780    22262,1030    20417,4049  1202349    8,29%
   2555  1999    22189,4635  1562    22262,1030    20437,1817  1262706    8,20%
*  2578  1969      integral     0    21357,1592    20437,1817  1241553    4,31%
   2606  1073    20598,4525  1668    21357,1592    20441,1668  1276312    4,29%
   2656  1070    21071,2460  1738    21357,1592    20441,1668  1271882    4,29%
Elapsed time = 470,00 sec. (78666,02 ticks, tree = 43,97 MB, solutions = 28)
   2708  2008    22095,9602  1196    21357,1592    20449,7126  1268847    4,25%
   2759  1084    21142,1443  1578    21357,1592    20449,7126  1281529    4,25%
*  2783  1089      integral     0    21335,2892    20451,5205  1286014    4,14%
   2814  1130    21317,4810  1620    21335,2892    20474,7374  1334162    4,03%
   2869  1134    20837,6675  1508    21335,2892    20474,7374  1352350    4,03%
   2913  1167        cutoff          21335,2892    20487,6050  1379079    3,97%
   2973  1230        cutoff          21335,2892    20498,2521  1430183    3,92%
   3025  1192    21048,2671  1877    21335,2892    20498,2521  1406286    3,92%
   3091  1198    21279,6206  1620    21335,2892    20504,0608  1408567    3,90%
   3147  1231    21091,1811  1927    21335,2892    20511,5422  1430180    3,86%
   3204  1299        cutoff          21335,2892    20514,3433  1496839    3,85%
Elapsed time = 540,82 sec. (88327,21 ticks, tree = 57,13 MB, solutions = 29)
   3243  1270    20622,7958  1915    21335,2892    20537,4712  1471136    3,74%
   3297  1292    21246,6784  1626    21335,2892    20540,9761  1487422    3,72%
   3372  1334    20864,1696  1342    21335,2892    20552,6024  1517952    3,67%
   3423  1353    21148,6537  1729    21335,2892    20567,5924  1540603    3,60%
   3473  1495    20976,5992  1835    21335,2892    20574,5564  1647156    3,57%
   3543  1468    21222,0393  1594    21335,2892    20576,4512  1626357    3,56%
   3607  1481    20894,8216  2009    21335,2892    20582,4167  1634239    3,53%
   3657  1473    21204,0965  1325    21335,2892    20592,9606  1630613    3,48%
   3721  1547        cutoff          21335,2892    20598,7707  1693487    3,45%
*  3755  1532      integral     0    21320,8139    20598,7707  1679273    3,39%
Elapsed time = 610,58 sec. (97711,09 ticks, tree = 67,14 MB, solutions = 29)
   3802  1550    20975,6997  1894    21320,8139    20599,9959  1695842    3,38%
   3838  1594    20866,5648  1677    21320,8139    20599,9959  1727941    3,38%
   3851  1645    21161,8050  1846    21320,8139    20599,9959  1761416    3,38%
   3856  1644    20742,3116  1573    21320,8139    20599,9959  1764092    3,38%

Performing restart 1

Repeating presolve.
Tried aggregator 2 times.
MIP Presolve eliminated 109 rows and 2277 columns.
Aggregator did 3 substitutions.
Reduced MIP has 5581 rows, 27532 columns, and 60922 nonzeros.
Reduced MIP has 27517 binaries, 15 generals, 0 SOSs, and 0 indicators.
Presolve time = 0,05 sec. (44,84 ticks)
Tried aggregator 1 time.
Reduced MIP has 5581 rows, 27532 columns, and 60922 nonzeros.
Reduced MIP has 27517 binaries, 15 generals, 0 SOSs, and 0 indicators.
Presolve time = 0,06 sec. (45,98 ticks)
Represolve time = 1,54 sec. (1105,81 ticks)
   3857     0    20028,2780  2507    21320,8139       Cuts: 4  1882241    3,30%
   3857     0    20100,7693  2476    21320,8139  ZeroHalf: 15  1883010    3,30%
   3857     0    20115,8050  2537    21320,8139      Cuts: 11  1883409    3,30%
   3857     0    20119,2256  2590    21320,8139   ZeroHalf: 6  1883571    3,30%
   3857     0    20123,5232  2529    21320,8139   ZeroHalf: 5  1883765    3,30%
   3857     0    20125,2092  2549    21320,8139   ZeroHalf: 4  1883879    3,30%
   3857     2    20125,2092  2549    21320,8139    20616,2428  1883879    3,30%
   3858     3    20140,5377  2388    21320,8139    20616,2428  1884440    3,30%
   3859     3    21192,4089  2274    21320,8139    20616,2428  1887109    3,30%
   3863     5    21205,9633  2232    21320,8139    20616,2428  1889171    3,30%
   3872     5        cutoff          21320,8139    20616,2428  1898298    3,30%
   3946    45    21207,2303  1899    21320,8139    20616,2428  1943733    3,30%
Elapsed time = 702,66 sec. (145092,58 ticks, tree = 0,62 MB, solutions = 30)
   4119   107    21161,0318  1772    21320,8139    20616,2428  2000830    3,30%
   4366   262    21287,7088  1624    21320,8139    20616,2428  2067550    3,30%
   4527   395    20523,9249  1790    21320,8139    20616,2428  2136035    3,30%
   4792   526    20776,0585  1654    21320,8139    20616,2428  2182267    3,30%
   5077   725    21156,7917  1345    21320,8139    20616,2428  2246553    3,30%
   5290   960    21185,1713  1876    21320,8139    20616,2428  2343596    3,30%
   5427  1089        cutoff          21320,8139    20616,2428  2408574    3,30%
   5659  1237        cutoff          21320,8139    20616,2428  2497170    3,30%
   5865  1377    21082,2921  1356    21320,8139    20616,2428  2568762    3,30%
   6088  1435        cutoff          21320,8139    20616,2428  2607513    3,30%
Elapsed time = 961,83 sec. (183483,85 ticks, tree = 47,26 MB, solutions = 30)
   6281  1617    20933,1923  1871    21320,8139    20616,2428  2735222    3,30%
   6413  1755    21241,0944  1354    21320,8139    20616,2428  2818628    3,30%
   6551  1779    20971,4247  1997    21320,8139    20616,2428  2845794    3,30%
   6741  1841    20777,8995  1796    21320,8139    20616,2428  2892536    3,30%
   6918  2007        cutoff          21320,8139    20616,2428  3033082    3,30%
   7108  2058    20930,3825  1702    21320,8139    20616,2428  3079121    3,30%
   7294  2194    21278,9788  1493    21320,8139    20616,2428  3183449    3,30%
   7418  2266    21230,3359  1501    21320,8139    20630,9159  3275261    3,24%
   7593  2374    21280,4082  1367    21320,8139    20634,8559  3350163    3,22%
   7805  2464        cutoff          21320,8139    20658,8670  3449698    3,10%
Elapsed time = 1228,47 sec. (222088,18 ticks, tree = 78,37 MB, solutions = 30)
   8026  2573    21293,3059  1590    21320,8139    20668,4863  3550381    3,06%
   8244  2698    21186,0346  1537    21320,8139    20692,7846  3654182    2,95%
*  8433  2728      integral     0    21305,6986    20708,0217  3686878    2,81%
   8458  2762    21143,0731  1898    21305,6986    20708,0217  3695787    2,81%
   8627  2855    21017,3372  1451    21305,6986    20717,9680  3803277    2,76%
   8749  2975    21190,3573  1701    21305,6986    20732,0423  3904041    2,69%
   8962  3030    21022,2172  1734    21305,6986    20734,6782  3954287    2,68%
   9205  3130        cutoff          21305,6986    20753,7595  4043862    2,59%
   9398  3259    21262,7143  1517    21305,6986    20765,8356  4149423    2,53%
   9604  3374    21179,2094  1278    21305,6986    20773,5638  4261047    2,50%
   9846  3437        cutoff          21305,6986    20788,5662  4340545    2,43%
Elapsed time = 1493,97 sec. (260358,57 ticks, tree = 108,15 MB, solutions = 31)
  10073  3551    21225,5142  1686    21305,6986    20798,6767  4446953    2,38%
  10246  3646    21129,1678  1739    21305,6986    20802,8083  4534824    2,36%
  10381  3675    21268,8107  1719    21305,6986    20813,0011  4569136    2,31%
  10572  3794    21062,9178  1612    21305,6986    20821,5695  4674221    2,27%
  10790  3886    21290,3211  1645    21305,6986    20829,1305  4804374    2,24%
  11020  3897        cutoff          21305,6986    20834,4667  4823552    2,21%
  11277  4027    21220,9343  1363    21305,6986    20843,6686  4981210    2,17%
  11512  4063    21081,2823  1608    21305,6986    20854,9928  5043908    2,12%
  11763  4137    21223,6999  1044    21305,6986    20862,6306  5094084    2,08%
  11984  4264        cutoff          21305,6986    20868,7066  5238793    2,05%
Elapsed time = 1755,38 sec. (298705,16 ticks, tree = 142,17 MB, solutions = 31)
  12158  4362    20977,9185  1721    21305,6986    20877,1343  5364478    2,01%
  12306  4456    21265,5908  1546    21305,6986    20888,5049  5512422    1,96%
  12443  4463        cutoff          21305,6986    20893,4090  5508512    1,94%
  12674  4487        cutoff          21305,6986    20899,5853  5551033    1,91%
  12929  4573    21235,7715  1439    21305,6986    20904,7226  5685924    1,88%
  13186  4651    21094,3133  1605    21305,6986    20907,8042  5795003    1,87%
  13445  4651    21174,7209  1414    21305,6986    20912,8012  5804135    1,84%
  13670  4749    21186,5923  1586    21305,6986    20922,2005  6003272    1,80%
  13904  4787        cutoff          21305,6986    20928,8102  6064900    1,77%
  14155  4850        cutoff          21305,6986    20938,5899  6155085    1,72%
Elapsed time = 2023,01 sec. (337092,43 ticks, tree = 156,16 MB, solutions = 31)
  14387  4944    21157,1536  1510    21305,6986    20943,7615  6364739    1,70%
  14584  4975        cutoff          21305,6986    20948,9180  6431554    1,67%
  14726  4951    21240,4588  1580    21305,6986    20955,0907  6411175    1,65%
  14915  5033    21214,1031  1074    21305,6986    20961,9399  6550797    1,61%
  15173  5039    21261,3076  1636    21305,6986    20970,8041  6681976    1,57%
* 15299  5031      integral     0    21280,3242    20971,5889  6596207    1,45%
  15555  4893        cutoff          21280,3242    20978,3428  6746199    1,42%
* 15664+ 4941                        21230,4769    20979,6289             1,18%
  15808  4958    21274,9516  1829    21230,4769    20980,5425  6854878    1,18%
  16067  4024    21201,6804  1394    21230,4769    20987,0915  7007766    1,15%
  16322  3950        cutoff          21230,4769    20993,4858  7097705    1,12%
Elapsed time = 2265,80 sec. (373511,64 ticks, tree = 121,76 MB, solutions = 33)
  16598  3945        cutoff          21230,4769    20997,9591  7168102    1,10%
  16854  3917    21230,3237  1350    21230,4769    21007,1246  7231991    1,05%
  17058  3876        cutoff          21230,4769    21011,5198  7360244    1,03%
  17235  3847    21079,7631  1316    21230,4769    21022,5549  7453252    0,98%
  17486  3841    21214,9611  1669    21230,4769    21026,5286  7476664    0,96%
  17786  3767        cutoff          21230,4769    21035,2480  7649065    0,92%
  18109  3697        cutoff          21230,4769    21048,6588  7740548    0,86%
  18435  3560        cutoff          21230,4769    21053,0313  7857045    0,84%
  18779  3470        cutoff          21230,4769    21068,2180  7951115    0,76%
  19122  3291        cutoff          21230,4769    21078,4328  8124227    0,72%
Elapsed time = 2513,37 sec. (411814,16 ticks, tree = 96,77 MB, solutions = 33)
  19478  3123    21203,5040  1256    21230,4769    21093,7555  8250620    0,64%
  19790  3081        cutoff          21230,4769    21101,7943  8274628    0,61%
  20165  2770        cutoff          21230,4769    21116,0662  8421060    0,54%
  20632  2470    21218,9640  1261    21230,4769    21127,9107  8548451    0,48%
  21176  2007        cutoff          21230,4769    21147,3362  8685118    0,39%
  21801  1489        cutoff          21230,4769    21168,9220  8796645    0,29%
  22910   447    21224,7505  1051    21230,4769    21210,9097  8921976    0,09%

Zero-half cuts applied:  90
Lift and project cuts applied:  2
Gomory fractional cuts applied:  4

Root node processing (before b&c):
  Real time             =   29,23 sec. (16540,45 ticks)
Parallel b&c, 12 threads:
  Real time             = 2668,71 sec. (422845,65 ticks)
  Sync time (average)   =  342,97 sec.
  Wait time (average)   =    0,03 sec.
                          ------------
Total (root+branch&cut) = 2697,94 sec. (439386,11 ticks)

