
Version identifier: 22.1.1.0 | 2022-11-28 | 9160aff4d
CPXPARAM_MultiObjective_Display                  0
CPXPARAM_WorkMem                                 8192
CPXPARAM_DetTimeLimit                            2000000
Tried aggregator 3 times.
MIP Presolve eliminated 120824 rows and 1090090 columns.
Aggregator did 1163 substitutions.
Reduced MIP has 5372 rows, 27189 columns, and 59822 nonzeros.
Reduced MIP has 27157 binaries, 32 generals, 0 SOSs, and 0 indicators.
Presolve time = 0,95 sec. (634,95 ticks)
Found incumbent of value 194340,537103 after 1,12 sec. (763,01 ticks)
Probing time = 0,04 sec. (12,35 ticks)
Tried aggregator 2 times.
Detecting symmetries...
Aggregator did 16 substitutions.
Reduced MIP has 5356 rows, 27173 columns, and 59790 nonzeros.
Reduced MIP has 27157 binaries, 16 generals, 0 SOSs, and 0 indicators.
Presolve time = 0,06 sec. (55,50 ticks)
Probing time = 0,04 sec. (12,03 ticks)
Clique table members: 33655.
MIP emphasis: balance optimality and feasibility.
MIP search method: dynamic search.
Parallel mode: deterministic, using up to 12 threads.
Root relaxation solution time = 0,73 sec. (429,82 ticks)

        Nodes                                         Cuts/
   Node  Left     Objective  IInf  Best Integer    Best Bound    ItCnt     Gap

*     0+    0                       194340,5371 -1796739,0000              --- 
*     0+    0                       170892,7811 -1796739,0000              --- 
*     0+    0                       170874,5291 -1796739,0000              --- 
*     0+    0                       170856,2771 -1796739,0000              --- 
*     0+    0                       170838,0251 -1796739,0000              --- 
*     0+    0                       170819,7731 -1796739,0000              --- 
*     0+    0                       170801,5211 -1796739,0000              --- 
*     0+    0                       170783,2691 -1796739,0000              --- 
*     0+    0                       170766,0971 -1796739,0000              --- 
*     0+    0                       170749,2491 -1796739,0000              --- 
      0     0    14506,6618  1865   170749,2491    14506,6618       37   91,50%
*     0+    0                       114392,4025    14506,6618            87,32%
      0     0    14791,4541  1840   114392,4025      Cuts: 28     1026   87,07%
      0     0    14840,2149  1894   114392,4025      Cuts: 12     1544   87,03%
*     0+    0                       103375,4561    14840,2149            85,64%
      0     0    14858,1861  1972   103375,4561   ZeroHalf: 9     1943   85,63%
*     0+    0                        70046,4695    14858,1861            78,79%
*     0+    0                        68944,0954    14858,1861            78,45%
*     0+    0                        64202,8396    14858,1861            76,86%
*     0+    0                        58385,2701    14858,1861            74,55%
*     0+    0                        56403,3548    14858,1861            73,66%
*     0+    0                        49725,3310    14858,1861            70,12%
*     0+    0                        47685,1876    14858,1861            68,84%
*     0+    0                        47637,8316    14858,1861            68,81%
      0     0  -1,00000e+75     0    47637,8316    14858,1861     1943   68,81%
*     0+    0                        42669,2795    14858,1861            65,18%
      0     0    14889,9860  1978    42669,2795  ZeroHalf: 10     2330   65,10%
      0     0    14944,9881  2131    42669,2795  ZeroHalf: 13     2946   64,97%
Detecting symmetries...
      0     0    15003,9285  2129    42669,2795  ZeroHalf: 27     3638   64,84%
      0     0    15029,0848  2180    42669,2795  ZeroHalf: 26     4128   64,78%
      0     0    15048,3528  2198    42669,2795  ZeroHalf: 14     4545   64,73%
*     0+    0                        24436,6769    15048,3528            38,42%
      0     0    15063,0353  2095    24436,6769   ZeroHalf: 6     4924   38,36%
      0     0    15071,0369  2172    24436,6769   ZeroHalf: 5     5135   38,33%
      0     0    15084,3014  2165    24436,6769   ZeroHalf: 6     5494   38,27%
      0     0    15089,9921  2111    24436,6769   ZeroHalf: 3     5676   38,25%
      0     0    15096,8869  2158    24436,6769   ZeroHalf: 4     5980   38,22%
      0     0    15106,4198  2186    24436,6769   ZeroHalf: 5     6211   38,18%
      0     0    15108,3467  2202    24436,6769   ZeroHalf: 3     6343   38,17%
      0     0    15110,9748  2175    24436,6769   ZeroHalf: 4     6490   38,16%
      0     0    15114,8226  2194    24436,6769   ZeroHalf: 4     6658   38,15%
      0     0    15121,3749  2221    24436,6769   ZeroHalf: 5     6872   38,12%
      0     0    15124,5754  2214    24436,6769   ZeroHalf: 1     7036   38,11%
      0     0    15133,0073  2152    24436,6769   ZeroHalf: 9     7412   38,07%
*     0+    0                        20408,9531    15133,0073            25,85%
      0     0    15138,8883  2270    20408,9531   ZeroHalf: 8     7690   25,82%
      0     0    15141,4448  2235    20408,9531   ZeroHalf: 3     7850   25,81%
      0     0    15144,6689  2205    20408,9531   ZeroHalf: 3     8056   25,79%
      0     0    15154,3315  2217    20408,9531  ZeroHalf: 11     8344   25,75%
      0     0    15166,9734  2248    20408,9531   ZeroHalf: 8     8675   25,68%
*     0+    0                        17909,5182    15166,9734            15,31%
      0     0    15172,9447  2218    17909,5182   ZeroHalf: 3     8854   15,28%
      0     0    15189,8154  2203    17909,5182   ZeroHalf: 4     9240   15,19%
      0     0    15203,1839  2216    17909,5182   ZeroHalf: 3     9566   15,11%
      0     0    15231,9972  2237    17909,5182  ZeroHalf: 12    10079   14,95%
      0     0    15236,1701  2289    17909,5182  ZeroHalf: 11    10297   14,93%
Detecting symmetries...
      0     2    15236,1701  2289    17909,5182    15236,1701    10297   14,93%
Elapsed time = 42,06 sec. (19262,06 ticks, tree = 0,02 MB, solutions = 24)
      1     3    15277,6609  2262    17909,5182    15236,2287    10937   14,93%
      2     4    15307,0023  2206    17909,5182    15236,2287    11382   14,93%
      4     5    15392,5708  2061    17909,5182    15236,2287    12228   14,93%
      6     6    15599,7550  1911    17909,5182    15265,8016    13343   14,76%
      8     7    15912,7920  1903    17909,5182    15265,8016    14207   14,76%
     11     6    15774,3728  1847    17909,5182    15265,8016    14263   14,76%
     15    10    15499,1063  1992    17909,5182    15265,8016    17673   14,76%
     19    12    15953,0152  1764    17909,5182    15356,1951    19758   14,26%
     25    21    15824,9021  1877    17909,5182    15356,1951    29741   14,26%
     42    12    15751,9607  1813    17909,5182    15356,1951    19305   14,26%
Elapsed time = 60,88 sec. (23479,67 ticks, tree = 0,02 MB, solutions = 24)
     72    10    15452,0208  2063    17909,5182    15356,1951    17328   14,26%
     85    71    16339,0636  1634    17909,5182    15452,1959    76691   13,72%
    114    90    16426,2058  1065    17909,5182    15499,5809    86209   13,46%
    153   116    16438,5600  1618    17909,5182    15499,5809   101521   13,46%
    198   137    16733,3232  1572    17909,5182    15499,5809   111773   13,46%
    250   197    16787,0454  1310    17909,5182    15499,5809   138831   13,46%
*   259   199      integral     0    17855,2630    15499,5809   136324   13,19%
*   329   245      integral     0    17661,8824    15499,5809   162212   12,24%
    329   245    17661,8824     0    17661,8824    15499,5809   162212   12,24%
    397   264    16040,1466  1808    17661,8824    15499,5809   168299   12,24%
    441   328    17533,4326  1049    17661,8824    15675,3269   202370   11,25%
Elapsed time = 124,58 sec. (32370,15 ticks, tree = 6,60 MB, solutions = 26)
    490   379        cutoff          17661,8824    15675,3269   237695   11,25%
    531   388    16453,3436  1459    17661,8824    15707,7715   242235   11,06%
    577   442    16723,0575  1499    17661,8824    15707,7715   277973   11,06%
    642   479    17508,4747  1055    17661,8824    15771,5010   293176   10,70%
    709   552    17045,2672  1164    17661,8824    15771,5010   322857   10,70%
    782   581    16287,2881  1479    17661,8824    15898,7501   334198    9,98%
    831   616    16672,8503  1653    17661,8824    15898,7501   358337    9,98%
    886   646    16513,3652  1826    17661,8824    15904,3594   374024    9,95%
    942   710        cutoff          17661,8824    15904,3594   398893    9,95%
    998   749    16435,7444  1435    17661,8824    15904,3594   414175    9,95%
Elapsed time = 198,57 sec. (41998,89 ticks, tree = 22,05 MB, solutions = 26)
   1062   808    16236,1574  1726    17661,8824    15922,9227   437478    9,85%
   1128   822    16685,1343  1508    17661,8824    15922,9227   443330    9,85%
   1192   884    17154,6416  1188    17661,8824    15922,9227   465532    9,85%
   1253   940    17475,3467  1331    17661,8824    15989,6969   488647    9,47%
   1311   959    16712,1849  1477    17661,8824    16011,0504   498855    9,35%
   1383  1003    16634,9710  1406    17661,8824    16040,3246   517737    9,18%
   1454  1028    17228,4792  1410    17661,8824    16040,3246   529730    9,18%
   1518  1162    16626,8925  1516    17661,8824    16054,1160   586138    9,10%
   1591  1164    16650,2766  1623    17661,8824    16054,1160   586486    9,10%
   1658  1251    16899,7283  1446    17661,8824    16061,4229   617487    9,06%
Elapsed time = 275,36 sec. (51730,45 ticks, tree = 38,66 MB, solutions = 26)
   1727  1304    17061,8252  1795    17661,8824    16061,4229   639768    9,06%
   1804  1350    17377,0741  1335    17661,8824    16098,8959   656723    8,85%
   1872  1364    17637,8374  1255    17661,8824    16101,1930   662829    8,84%
   1936  1488    17040,6380  1573    17661,8824    16101,1930   717036    8,84%
   1976  1591    16917,0938  1044    17661,8824    16103,5802   757422    8,82%
   2004  1562    17619,5023  1248    17661,8824    16112,1389   741740    8,77%
   2028  1566    16438,0179  1380    17661,8824    16112,1389   746570    8,77%
   2082  1671    17568,5467   726    17661,8824    16112,1389   792186    8,77%
   2167  1699    17502,4170  1176    17661,8824    16114,1788   801246    8,76%
   2246  1793    16672,9525  1537    17661,8824    16114,1788   837935    8,76%
Elapsed time = 350,36 sec. (61455,01 ticks, tree = 63,37 MB, solutions = 26)
   2315  1736    16805,2138  1124    17661,8824    16125,0335   818106    8,70%
   2399  1794        cutoff          17661,8824    16127,4919   837618    8,69%
   2482  1960    17394,2827  1395    17661,8824    16127,4919   896907    8,69%
   2569  1894    16363,9987  1442    17661,8824    16137,7138   877376    8,63%
   2638  2058    16656,2638  1414    17661,8824    16137,7138   934811    8,63%
   2723  2067    16992,8375  1294    17661,8824    16151,6877   936935    8,55%
   2798  2149    16781,7563  1051    17661,8824    16157,2702   969415    8,52%
   2880  2235    16834,3135  1207    17661,8824    16163,2786   999547    8,48%
   2954  2245        cutoff          17661,8824    16170,9613  1001975    8,44%
   3038  2311    16750,3398  1654    17661,8824    16170,9613  1028859    8,44%
Elapsed time = 424,65 sec. (71082,34 ticks, tree = 91,55 MB, solutions = 26)
   3103  2481    17523,2372  1310    17661,8824    16170,9613  1082344    8,44%
   3177  2468    16588,7809  1752    17661,8824    16171,4532  1078390    8,44%
   3257  2501    16642,1386  1718    17661,8824    16181,2547  1090510    8,38%
   3326  2573    16829,5727  1367    17661,8824    16182,8426  1111258    8,37%
   3405  2744    17273,8327  1256    17661,8824    16185,3761  1178452    8,36%
   3475  2685    16240,3258  1171    17661,8824    16185,3761  1159591    8,36%
   3539  2832    16762,8965  1375    17661,8824    16187,5326  1215599    8,35%
   3610  2906    16759,3416  1553    17661,8824    16187,5326  1242574    8,35%
   3676  2843    16991,0200   980    17661,8824    16193,2872  1219924    8,32%
   3763  3008    16239,8509  1722    17661,8824    16193,2872  1281786    8,32%
Elapsed time = 500,14 sec. (80720,30 ticks, tree = 118,78 MB, solutions = 26)
   3841  2999    16408,0142  1349    17661,8824    16196,9974  1277072    8,29%
*  3855  3047      integral     0    17614,7240    16196,9974  1297404    8,05%
   3883  3034    17202,3114  1311    17614,7240    16196,9974  1292114    8,05%
   3903  3075    17376,2242   896    17614,7240    16196,9974  1306088    8,05%

Performing restart 1

Repeating presolve.
Tried aggregator 2 times.
MIP Presolve eliminated 14 rows and 255 columns.
Aggregator did 1 substitutions.
Reduced MIP has 5341 rows, 26917 columns, and 59269 nonzeros.
Reduced MIP has 26901 binaries, 16 generals, 0 SOSs, and 0 indicators.
Presolve time = 0,05 sec. (41,09 ticks)
Tried aggregator 1 time.
Reduced MIP has 5341 rows, 26917 columns, and 59269 nonzeros.
Reduced MIP has 26901 binaries, 16 generals, 0 SOSs, and 0 indicators.
Presolve time = 0,06 sec. (44,53 ticks)
Represolve time = 1,87 sec. (1282,50 ticks)
   3909     0    15288,0869  2275    17614,7240      Cuts: 16  1390094    8,01%
   3909     0    15315,0833  2193    17614,7240       Cuts: 6  1390608    8,01%
   3909     0    15325,2676  2248    17614,7240   ZeroHalf: 4  1390871    8,01%
   3909     0    15325,8720  2253    17614,7240   ZeroHalf: 2  1390978    8,01%
   3909     0    15333,8040  2179    17614,7240   ZeroHalf: 3  1391302    8,01%
   3909     0    15347,2225  2219    17614,7240  ZeroHalf: 14  1391661    8,01%
   3909     2    15347,2225  2219    17614,7240    16204,4967  1391661    8,01%
   3911     4    15359,8174  2232    17614,7240    16204,4967  1392306    8,01%
   3916     8    15417,3850  2115    17614,7240    16204,4967  1394317    8,01%
   3931    19    15695,3080  2065    17614,7240    16204,4967  1400334    8,01%
   3949    21    16920,7182  1822    17614,7240    16204,4967  1406064    8,01%
   3963    47    15597,1744  2141    17614,7240    16204,4967  1432353    8,01%
   3973    47    16459,2908  1784    17614,7240    16204,4967  1432228    8,01%
Elapsed time = 592,19 sec. (120457,34 ticks, tree = 0,62 MB, solutions = 27)
   3984    59    16478,3381  1856    17614,7240    16204,4967  1461010    8,01%
   3993    69    15396,8132  2195    17614,7240    16204,4967  1475677    8,01%
   4008    78    17251,8553  1860    17614,7240    16204,4967  1483767    8,01%
   4028   106    15627,2835  2096    17614,7240    16204,4967  1514183    8,01%
   4054   131    15399,2870  2222    17614,7240    16204,4967  1537206    8,01%
   4078   130    15654,3791  2087    17614,7240    16204,4967  1535126    8,01%
   4110   141    15955,0755  1863    17614,7240    16204,4967  1549445    8,01%
   4126   142    16202,8132  1632    17614,7240    16204,4967  1551535    8,01%
   4144   185    17486,0767  1278    17614,7240    16204,4967  1573790    8,01%
   4190   190    16732,4491  1805    17614,7240    16204,4967  1582198    8,01%
Elapsed time = 663,74 sec. (130793,20 ticks, tree = 3,94 MB, solutions = 27)
   4222   265    15736,4285  2123    17614,7240    16204,4967  1630319    8,01%
   4263   255    16619,0703  1829    17614,7240    16204,4967  1627357    8,01%
   4303   285    16534,1525  1732    17614,7240    16204,4967  1642523    8,01%
   4352   333        cutoff          17614,7240    16204,4967  1669031    8,01%
   4410   359    16856,3694  1731    17614,7240    16204,4967  1678847    8,01%
   4469   431        cutoff          17614,7240    16204,4967  1717181    8,01%
   4503   390    16873,6410  1501    17614,7240    16204,4967  1701211    8,01%
   4540   510    16887,4989  1725    17614,7240    16204,4967  1759964    8,01%
   4592   499    15968,5985  2072    17614,7240    16204,4967  1756779    8,01%
   4694   694    16392,9043  1614    17614,7240    16204,4967  1845419    8,01%
Elapsed time = 758,74 sec. (143443,91 ticks, tree = 24,63 MB, solutions = 27)
   4913   767    17155,2354  1469    17614,7240    16204,4967  1873157    8,01%
   5140   983    16474,3363  1561    17614,7240    16204,4967  1952483    8,01%
   5309  1143    17211,9469  1525    17614,7240    16204,4967  2030820    8,01%
   5545  1351    16238,5079  1686    17614,7240    16204,4967  2117595    8,01%
   5787  1488    16535,9054  1618    17614,7240    16204,4967  2173044    8,01%
   6039  1750    16208,8393  1932    17614,7240    16204,4967  2286007    8,01%
   6223  1912    17202,3037  1739    17614,7240    16204,4967  2376775    8,01%
   6312  1935    17372,8762  1164    17614,7240    16204,4967  2397678    8,01%
*  6356  2035      integral     0    17424,7572    16204,4967  2450589    7,00%
   6511  1915    16772,3572  1711    17424,7572    16204,4967  2476997    7,00%
Elapsed time = 1023,03 sec. (179460,39 ticks, tree = 86,95 MB, solutions = 28)
   6696  2035    16849,3364  1544    17424,7572    16204,4967  2561741    7,00%
   6866  2127    17233,5154  1575    17424,7572    16204,4967  2613276    7,00%
   6999  2274    16877,1480  1838    17424,7572    16204,4967  2693847    7,00%
   7193  2442    17190,8561  1520    17424,7572    16204,4967  2813246    7,00%
   7371  2561    16830,7479  1700    17424,7572    16204,4967  2911570    7,00%
   7490  2643    17419,7245  1511    17424,7572    16204,4967  2980658    7,00%
   7631  2716    17195,0603  1680    17424,7572    16204,4967  3052546    7,00%
   7787  2814    16750,0598  1768    17424,7572    16204,4967  3151342    7,00%
   7905  2877    17298,5195  1482    17424,7572    16204,4967  3196586    7,00%
   7957  2965    17409,2588  1758    17424,7572    16204,4967  3263116    7,00%
Elapsed time = 1318,56 sec. (218072,10 ticks, tree = 130,02 MB, solutions = 28)
   8077  3033    17332,0239   986    17424,7572    16204,4967  3335942    7,00%
*  8092  3032      integral     0    17345,8249    16204,4967  3336654    6,58%
   8204  2944    16869,9798  1807    17345,8249    16204,4967  3385701    6,58%
   8330  3039        cutoff          17345,8249    16204,4967  3482610    6,58%
   8487  3141        cutoff          17345,8249    16204,4967  3588480    6,58%
   8631  3146    17339,7856  1530    17345,8249    16204,4967  3614480    6,58%
   8744  3284    16102,3390  1931    17345,8249    16204,4967  3753432    6,58%
   8858  3313    17267,3552  1601    17345,8249    16204,4967  3790338    6,58%
   8912  3326    16207,1806  2019    17345,8249    16204,4967  3828851    6,58%
   9011  3410    16915,4846  1921    17345,8249    16204,4967  3936985    6,58%
   9214  3475    17246,4744  1526    17345,8249    16204,4967  4009122    6,58%
Elapsed time = 1609,05 sec. (256496,88 ticks, tree = 145,61 MB, solutions = 29)
   9367  3525    15948,3847  1908    17345,8249    16204,4967  4084830    6,58%
   9497  3655    17127,6938  1557    17345,8249    16204,4967  4196298    6,58%
   9647  3706    16819,4979  1639    17345,8249    16204,4967  4261057    6,58%
   9818  3798    17072,4824  1772    17345,8249    16204,4967  4370259    6,58%
   9956  3855    17248,3563  1762    17345,8249    16204,4967  4432101    6,58%
  10105  3952    16973,4487  1588    17345,8249    16204,4967  4528274    6,58%
  10184  4044    16446,6171  1716    17345,8249    16204,4967  4619560    6,58%
  10261  4103    17100,7381  1364    17345,8249    16204,4967  4673311    6,58%
  10383  4127    16336,4827  1909    17345,8249    16204,4967  4712612    6,58%
  10532  4150    17272,6591  1324    17345,8249    16204,4967  4742471    6,58%
Elapsed time = 1902,29 sec. (294928,90 ticks, tree = 151,50 MB, solutions = 29)
  10667  4270    17307,3795  1457    17345,8249    16204,4967  4845657    6,58%
  10811  4334        cutoff          17345,8249    16204,4967  4982966    6,58%
  10953  4414    16245,3669  1935    17345,8249    16204,4967  5072523    6,58%
  11098  4454        cutoff          17345,8249    16204,4967  5129440    6,58%
  11237  4530    16985,9672  1559    17345,8249    16204,4967  5235643    6,58%
  11382  4538    17135,4770  1593    17345,8249    16204,4967  5231519    6,58%
  11522  4616    16706,8512  1267    17345,8249    16204,4967  5351318    6,58%
  11638  4756        cutoff          17345,8249    16204,4967  5549864    6,58%
  11703  4768    17022,3379  1730    17345,8249    16204,4967  5594034    6,58%
  11779  4802        cutoff          17345,8249    16204,4967  5666177    6,58%
Elapsed time = 2200,30 sec. (333472,51 ticks, tree = 164,37 MB, solutions = 29)
  11868  4826    17264,9479  1367    17345,8249    16204,4967  5688276    6,58%
  12038  4873    16813,2957  1538    17345,8249    16204,4967  5753111    6,58%
  12188  4853    16821,4078  1683    17345,8249    16204,4967  5724971    6,58%
  12356  4982    17289,5152  1498    17345,8249    16204,4967  5907239    6,58%
  12497  5100    17205,1595  1517    17345,8249    16204,4967  6026427    6,58%
  12633  5062    17111,4479  1786    17345,8249    16204,4967  5988504    6,58%
  12793  5133        cutoff          17345,8249    16204,4967  6085745    6,58%
  12932  5205    17059,8664  1642    17345,8249    16204,4967  6193352    6,58%
  13072  5259    16831,1838  1565    17345,8249    16204,4967  6311442    6,58%
  13156  5335        cutoff          17345,8249    16204,4967  6422575    6,58%
Elapsed time = 2483,84 sec. (371895,12 ticks, tree = 179,57 MB, solutions = 29)
  13235  5404    17252,8273  1445    17345,8249    16211,3645  6537844    6,54%
  13340  5429    17214,4735  1654    17345,8249    16225,2334  6576956    6,46%
  13501  5464    17219,7134  1368    17345,8249    16230,0175  6634189    6,43%
  13684  5465        cutoff          17345,8249    16240,3731  6626902    6,37%
  13835  5487    17162,2669  1801    17345,8249    16246,1530  6696258    6,34%
  14005  5560    17290,0378  1422    17345,8249    16253,9652  6766440    6,29%
  14144  5628    17321,5149  1631    17345,8249    16258,4490  6851537    6,27%
  14335  5785        cutoff          17345,8249    16271,8446  7085956    6,19%
  14474  5766        cutoff          17345,8249    16280,1976  7061096    6,14%
  14630  5794    16809,1514  1813    17345,8249    16289,4665  7101379    6,09%
Elapsed time = 2775,47 sec. (410322,42 ticks, tree = 185,78 MB, solutions = 29)
  14761  5926    17123,6419  1464    17345,8249    16295,8015  7269369    6,05%
  14857  5940    17282,3139  1742    17345,8249    16300,7284  7301981    6,03%
  14942  6004    17089,0787  1254    17345,8249    16309,8450  7391962    5,97%
  15070  6104    17216,0090  1827    17345,8249    16319,3206  7536595    5,92%
  15202  6146    16940,4140  1789    17345,8249    16321,7938  7581229    5,90%
  15368  6141    17079,0443  1607    17345,8249    16321,7938  7580285    5,90%
  15525  6164        cutoff          17345,8249    16333,5461  7629679    5,84%
  15667  6289    16532,8766  1715    17345,8249    16334,6505  7811632    5,83%
  15802  6328    17297,7620  1439    17345,8249    16339,5489  7874043    5,80%
  15975  6353        cutoff          17345,8249    16345,5719  7917713    5,77%
Elapsed time = 3069,32 sec. (449050,77 ticks, tree = 190,65 MB, solutions = 29)
  16166  6436    17141,6502  1458    17345,8249    16354,4867  8084250    5,72%
  16343  6534    17212,8425  1666    17345,8249    16361,2417  8252108    5,68%
  16528  6542    17116,7821  1714    17345,8249    16373,4588  8259520    5,61%
  16693  6586    17009,0397  1490    17345,8249    16380,3054  8340259    5,57%
  16833  6592    16816,5665  1774    17345,8249    16384,3429  8347691    5,54%
  16935  6778    17151,6454  1627    17345,8249    16390,7414  8616610    5,51%
  17012  6728    17021,0349  1683    17345,8249    16397,4953  8556180    5,47%
  17089  6847    17298,0581  1695    17345,8249    16407,0089  8771792    5,41%
  17191  6824    17324,1335  1485    17345,8249    16412,6188  8718631    5,38%
  17340  6874    16776,4943  1743    17345,8249    16420,0661  8817677    5,34%
Elapsed time = 3383,47 sec. (487387,48 ticks, tree = 211,01 MB, solutions = 29)
  17520  6913        cutoff          17345,8249    16430,6499  8883385    5,28%
  17715  6933    17097,9286  1683    17345,8249    16432,8678  8891381    5,26%
  17889  6916        cutoff          17345,8249    16435,9011  8912157    5,25%
  18080  7097    17004,5406  1691    17345,8249    16442,1576  9165993    5,21%
  18228  7121    16985,5908  1699    17345,8249    16446,7860  9213835    5,18%
  18405  7127    17011,6778  1679    17345,8249    16452,7641  9241095    5,15%
  18585  7163    17284,8586  1406    17345,8249    16458,9878  9288134    5,11%
  18756  7225    16883,4296  1813    17345,8249    16467,1971  9375143    5,07%
* 18854  7305      integral     0    17319,1205    16470,3939  9460296    4,90%
  18916  7355    17272,4228  1731    17319,1205    16472,5958  9565826    4,89%
  19062  7350    17271,7128  1539    17319,1205    16477,6251  9594578    4,86%
Elapsed time = 3664,17 sec. (525684,73 ticks, tree = 226,15 MB, solutions = 30)
  19179  7344        cutoff          17319,1205    16487,8532  9873209    4,80%
  19282  7356    17245,5512  1284    17319,1205    16498,9047  9854010    4,74%
  19376  7360    17210,4207  1306    17319,1205    16500,4092  9807680    4,73%
  19500  7366    17212,5081  1486    17319,1205    16509,1584  9903390    4,68%
  19664  7427        cutoff          17319,1205    16516,5456 10033844    4,63%
  19841  7442    17064,6009  1666    17319,1205    16518,5923 10049331    4,62%
  20037  7449    16807,8635  1688    17319,1205    16527,2450 10089984    4,57%
  20214  7517    17041,6915  1714    17319,1205    16533,3046 10252153    4,54%
  20387  7506    17173,9193  1690    17319,1205    16534,8799 10191977    4,53%
  20575  7553        cutoff          17319,1205    16539,0258 10312412    4,50%
Elapsed time = 3943,27 sec. (564077,57 ticks, tree = 229,82 MB, solutions = 30)
  20746  7639    17298,7775  1430    17319,1205    16546,8654 10501276    4,46%
  20951  7636    16962,7236  1752    17319,1205    16548,6330 10484042    4,45%
  21141  7794        cutoff          17319,1205    16552,0792 10789313    4,43%
  21332  7853    16929,2637  1683    17319,1205    16557,7882 10910802    4,40%
  21511  7798    17170,3099  1629    17319,1205    16561,9256 10827258    4,37%
  21701  7801    17225,5042  1490    17319,1205    16567,3432 10835425    4,34%
  21887  7914        cutoff          17319,1205    16581,8624 11066994    4,26%
  22047  7931    17227,9333  1694    17319,1205    16583,4949 11101014    4,25%
  22206  8002    16750,4420  1475    17319,1205    16592,6933 11320788    4,19%
  22362  8057        cutoff          17319,1205    16598,4911 11475329    4,16%
Elapsed time = 4232,97 sec. (602466,21 ticks, tree = 241,38 MB, solutions = 30)
  22447  8006    17215,9308  1551    17319,1205    16606,2439 11357006    4,12%
  22547  8035        cutoff          17319,1205    16608,5165 11431602    4,10%
  22654  8072        cutoff          17319,1205    16615,5079 11590610    4,06%
  22820  8146    17182,3025  1414    17319,1205    16626,6225 11763369    4,00%
  22990  8109        cutoff          17319,1205    16629,9989 11700223    3,98%
  23210  8147    17315,0364  1414    17319,1205    16635,8289 11789177    3,95%
  23386  8233    16979,7105  1618    17319,1205    16647,3238 12029053    3,88%
  23592  8233        cutoff          17319,1205    16650,8300 12083031    3,86%
  23796  8245    17136,1816  1702    17319,1205    16652,5112 12115485    3,85%
  23979  8240        cutoff          17319,1205    16657,6128 12078982    3,82%
Elapsed time = 4521,01 sec. (641028,73 ticks, tree = 244,00 MB, solutions = 30)
  24165  8257        cutoff          17319,1205    16661,1840 12157256    3,80%
  24361  8283    17079,7084  1424    17319,1205    16665,6177 12343233    3,77%
  24569  8282    16932,0124  1535    17319,1205    16670,8914 12379692    3,74%
  24752  8308        cutoff          17319,1205    16676,8987 12492781    3,71%
  24980  8350    17262,5438  1413    17319,1205    16679,4905 12662325    3,69%
  25160  8372        cutoff          17319,1205    16683,5300 12802733    3,67%
  25368  8364    17184,8998  1707    17319,1205    16690,3067 12735793    3,63%
  25552  8423        cutoff          17319,1205    16693,2239 13008550    3,61%
  25720  8410        cutoff          17319,1205    16697,8850 12935786    3,59%
  25863  8447        cutoff          17319,1205    16702,7973 13074609    3,56%
Elapsed time = 4826,60 sec. (679321,18 ticks, tree = 243,25 MB, solutions = 30)
  25992  8505    17255,8118  1441    17319,1205    16713,3637 13245223    3,50%
  26100  8514        cutoff          17319,1205    16717,3946 13332073    3,47%
  26221  8534    17074,8999  1563    17319,1205    16725,9789 13354778    3,42%
  26369  8502    17233,9100  1606    17319,1205    16730,1585 13314314    3,40%
  26559  8541        cutoff          17319,1205    16740,8664 13429167    3,34%
  26827  8606    17173,6810  1240    17319,1205    16743,8621 13526618    3,32%
  27041  8583        cutoff          17319,1205    16749,6477 13509976    3,29%
  27234  8620        cutoff          17319,1205    16754,5633 13761138    3,26%
  27478  8623        cutoff          17319,1205    16758,9885 13799957    3,23%
  27693  8605    17263,5543  1510    17319,1205    16761,5049 13672674    3,22%
Elapsed time = 5091,95 sec. (717698,94 ticks, tree = 248,27 MB, solutions = 30)
  27918  8695        cutoff          17319,1205    16765,5939 13932235    3,20%
  28130  8682    16940,3409  1597    17319,1205    16772,7295 14018000    3,15%
  28343  8698        cutoff          17319,1205    16774,9714 13994405    3,14%
  28577  8668        cutoff          17319,1205    16778,8479 14291582    3,12%
  28775  8657    17106,3099  1685    17319,1205    16784,0315 14547263    3,09%
  28986  8671    16941,1178  1526    17319,1205    16786,1448 14360605    3,08%
  29198  8693        cutoff          17319,1205    16789,4931 14484351    3,06%
  29408  8627        cutoff          17319,1205    16801,1626 14619527    2,99%
  29590  8612    16978,1503  1629    17319,1205    16805,4065 14721104    2,97%
  29761  8627    17104,1442  1661    17319,1205    16810,3286 14889246    2,94%
Elapsed time = 5391,51 sec. (756108,15 ticks, tree = 242,03 MB, solutions = 30)
  29888  8580        cutoff          17319,1205    16817,4094 14953848    2,90%
  30021  8569    17241,6111  1513    17319,1205    16824,1530 15064626    2,86%
  30138  8569    17039,4306  1575    17319,1205    16829,3151 15047219    2,83%
  30299  8588    17234,9123  1436    17319,1205    16834,7531 15218164    2,80%
  30490  8590    17218,2960  1695    17319,1205    16839,9649 15295642    2,77%
  30704  8585    17260,8749  1676    17319,1205    16845,7128 15235707    2,73%
  30921  8625    17250,6842  1448    17319,1205    16851,2855 15327931    2,70%
  31171  8585        cutoff          17319,1205    16861,0948 15327237    2,64%
  31422  8550        cutoff          17319,1205    16863,5475 15563539    2,63%
  31665  8506    16900,0832  1534    17319,1205    16868,3738 15780870    2,60%
Elapsed time = 5678,21 sec. (794444,84 ticks, tree = 239,52 MB, solutions = 30)
  31898  8525    17235,8020  1391    17319,1205    16880,5332 15663548    2,53%
  32153  8506        cutoff          17319,1205    16883,5419 15797156    2,52%
  32422  8508    17306,8482  1584    17319,1205    16889,5376 16033577    2,48%
  32685  8493        cutoff          17319,1205    16896,8399 16075345    2,44%
  32952  8433    16970,9545  1475    17319,1205    16900,2847 16291339    2,42%
  33227  8428        cutoff          17319,1205    16908,9251 16283306    2,37%
  33499  8344        cutoff          17319,1205    16920,3209 16506012    2,30%
  33771  8421    17268,2295  1362    17319,1205    16928,9473 16386397    2,25%
  34036  8256        cutoff          17319,1205    16941,4138 16688681    2,18%
  34310  8251        cutoff          17319,1205    16945,3406 16645294    2,16%
Elapsed time = 5956,64 sec. (832756,06 ticks, tree = 235,41 MB, solutions = 30)
  34516  8296        cutoff          17319,1205    16945,3406 16580292    2,16%
  34714  8151        cutoff          17319,1205    16961,6814 16851187    2,06%
  34880  8053    17302,9224  1603    17319,1205    16967,3137 17036457    2,03%
  35060  8048        cutoff          17319,1205    16968,9633 17019392    2,02%
  35243  8061        cutoff          17319,1205    16976,4287 16993905    1,98%
  35467  8045    17315,6672  1494    17319,1205    16979,5369 17049047    1,96%
  35794  7819    17291,2218  1638    17319,1205    16981,6205 17290573    1,95%
  36072  7765        cutoff          17319,1205    16997,2706 17416233    1,86%
  36363  7778        cutoff          17319,1205    17003,2534 17376590    1,82%
* 36532  7696      integral     0    17258,2687    17003,2534 17512418    1,48%
Elapsed time = 6216,48 sec. (869254,51 ticks, tree = 221,15 MB, solutions = 31)
  36845  6230        cutoff          17258,2687    17011,5415 17656906    1,43%
  37182  7648    17185,0972  1540    17258,2687    17019,1274 17563350    1,39%
  37548  6011        cutoff          17258,2687    17045,6753 17870509    1,23%
* 37669+ 5850                        17196,6980    17045,6753             0,88%
  38025  3330        cutoff          17196,6980    17058,9061 18082003    0,80%
  38654  2927        cutoff          17196,6980    17094,9056 18171602    0,59%
  39446  2208        cutoff          17196,6980    17124,7995 18273578    0,42%
  40424  1177        cutoff          17196,6980    17149,9080 18386173    0,27%

Performing restart 2

Repeating presolve.
Tried aggregator 2 times.
MIP Presolve eliminated 6 rows and 290 columns.
Aggregator did 7 substitutions.
Reduced MIP has 5328 rows, 26620 columns, and 58692 nonzeros.
Reduced MIP has 26604 binaries, 16 generals, 0 SOSs, and 0 indicators.
Presolve time = 0,06 sec. (43,03 ticks)
Tried aggregator 1 time.
Reduced MIP has 5328 rows, 26620 columns, and 58692 nonzeros.
Reduced MIP has 26604 binaries, 16 generals, 0 SOSs, and 0 indicators.
Presolve time = 0,06 sec. (44,13 ticks)
Represolve time = 1,91 sec. (1306,01 ticks)
  40807     0    15373,9844  2294    17196,6980   ZeroHalf: 5 18435956    0,16%
  40807     0    15403,8070  2315    17196,6980   ZeroHalf: 2 18436377    0,16%
  40807     0    15407,2412  2287    17196,6980   ZeroHalf: 3 18436590    0,16%
  40807     0    15413,7282  2333    17196,6980   ZeroHalf: 6 18436888    0,16%
  40807     0    15420,5522  2344    17196,6980   ZeroHalf: 3 18437131    0,16%
  40807     0    15448,1368  2324    17196,6980      Cuts: 11 18437836    0,16%
  40807     0    15459,2364  2324    17196,6980   ZeroHalf: 6 18438202    0,16%
  40807     0    15461,5940  2330    17196,6980   ZeroHalf: 8 18438353    0,16%
  40807     0    15462,4380  2323    17196,6980   ZeroHalf: 4 18438440    0,16%

Repeating presolve.
Tried aggregator 2 times.
MIP Presolve eliminated 22 rows and 460 columns.
Aggregator did 6 substitutions.
Reduced MIP has 5300 rows, 26154 columns, and 57722 nonzeros.
Reduced MIP has 26138 binaries, 16 generals, 0 SOSs, and 0 indicators.
Presolve time = 0,05 sec. (43,42 ticks)
Tried aggregator 1 time.
Reduced MIP has 5300 rows, 26154 columns, and 57722 nonzeros.
Reduced MIP has 26138 binaries, 16 generals, 0 SOSs, and 0 indicators.
Presolve time = 0,06 sec. (43,44 ticks)
Represolve time = 1,90 sec. (1281,56 ticks)
  40807     0    15480,9133  2282    17196,6980      Cuts: 18 18457244    0,16%
  40807     0    15484,3778  2241    17196,6980   ZeroHalf: 5 18457475    0,16%
  40807     0    15484,7545  2256    17196,6980   ZeroHalf: 2 18457551    0,16%
  40807     0    15489,3172  2279    17196,6980   ZeroHalf: 6 18457734    0,16%
  40807     0    15489,7151  2279    17196,6980   ZeroHalf: 2 18457798    0,16%
  40807     0    15489,7151  2279    17196,6980   ZeroHalf: 3 18457803    0,16%
  40807     0    15497,2936  2284    17196,6980   ZeroHalf: 3 18458129    0,16%
  40807     0    15504,1329  2267    17196,6980   ZeroHalf: 5 18458428    0,16%
  40807     0    15507,8782  2343    17196,6980   ZeroHalf: 5 18458612    0,16%
  40807     2    15507,8782  2343    17196,6980    17169,9652 18458612    0,16%
  40810     4    15852,8913  2088    17196,6980    17169,9652 18462102    0,16%
  40829     8    15901,1422  2146    17196,6980    17169,9652 18469955    0,16%
Elapsed time = 6646,18 sec. (1023927,17 ticks, tree = 0,02 MB, solutions = 32)
  40860    29    16926,5781  1989    17196,6980    17169,9652 18507117    0,16%
  40919    85    16741,2556  1810    17196,6980    17169,9652 18596024    0,16%
  41008   113    16321,8523  1774    17196,6980    17169,9652 18629821    0,16%
  41162   215    16690,4153  1627    17196,6980    17169,9652 18710873    0,16%
  41377   321    17130,0758  1764    17196,6980    17169,9652 18766364    0,16%
  41548   396    16679,9832  1456    17196,6980    17169,9652 18824170    0,16%
  41711   507    16769,5937  1651    17196,6980    17169,9652 18907299    0,16%
  41935   605    16835,7298  1468    17196,6980    17169,9652 18956841    0,16%
  42160   780        cutoff          17196,6980    17169,9652 19056552    0,16%
  42328   882        cutoff          17196,6980    17169,9652 19109337    0,16%
Elapsed time = 6928,61 sec. (1062398,04 ticks, tree = 24,66 MB, solutions = 32)
  42515   997    16847,1280  1795    17196,6980    17169,9652 19183092    0,16%
  42754  1168    17187,8470  1297    17196,6980    17169,9652 19273019    0,16%
  42943  1280    16743,9685  1736    17196,6980    17169,9652 19351987    0,16%
  43155  1339    17047,6812  1346    17196,6980    17169,9652 19397123    0,16%
  43381  1404        cutoff          17196,6980    17169,9652 19450520    0,16%
  43609  1523        cutoff          17196,6980    17169,9652 19556538    0,16%
  43805  1584    16853,2556  1361    17196,6980    17169,9652 19603861    0,16%
  43984  1674    17109,9477  1497    17196,6980    17169,9652 19712818    0,16%
  44194  1716        cutoff          17196,6980    17169,9652 19801387    0,16%
  44437  1795        cutoff          17196,6980    17169,9652 19852170    0,16%
Elapsed time = 7226,45 sec. (1100807,22 ticks, tree = 56,80 MB, solutions = 32)
  44664  1900    17133,8707  1368    17196,6980    17169,9652 19940528    0,16%
  44870  1988    17134,9847  1649    17196,6980    17169,9652 20035948    0,16%
  45096  2052    16944,0082  1564    17196,6980    17169,9652 20110070    0,16%
  45328  2126    16986,4462  1747    17196,6980    17169,9652 20198590    0,16%
  45555  2189    17164,3916  1796    17196,6980    17169,9652 20257678    0,16%
  45773  2270    17169,3552  1736    17196,6980    17169,9652 20338289    0,16%
  46022  2330    16924,2943  1420    17196,6980    17169,9652 20476893    0,16%
  46285  2386    17186,5590  1249    17196,6980    17169,9652 20532883    0,16%
  46545  2437    17052,0979  1204    17196,6980    17169,9652 20646366    0,16%
  46792  2434        cutoff          17196,6980    17169,9652 20676663    0,16%
Elapsed time = 7525,54 sec. (1139218,57 ticks, tree = 79,79 MB, solutions = 32)
  47052  2492    17046,2346  1299    17196,6980    17169,9652 20801634    0,16%
  47309  2516    17120,1490  1831    17196,6980    17169,9652 20833869    0,16%
  47590  2534        cutoff          17196,6980    17169,9652 20894598    0,16%
  47869  2584        cutoff          17196,6980    17169,9652 21056042    0,16%
  48153  2604    17057,0792  1295    17196,6980    17169,9652 21117582    0,16%
  48408  2580    17057,4279  1345    17196,6980    17169,9652 21208610    0,16%
  48689  2590    17146,6141  1373    17196,6980    17169,9652 21317227    0,16%
  49016  2556    17125,5612  1536    17196,6980    17169,9652 21378572    0,16%
  49328  2510        cutoff          17196,6980    17169,9652 21443740    0,16%
  49667  2378    17105,6176  1659    17196,6980    17169,9652 21577813    0,16%
Elapsed time = 7810,32 sec. (1177433,68 ticks, tree = 73,86 MB, solutions = 32)
  49995  2346    17150,7125  1250    17196,6980    17169,9652 21627185    0,16%
  50418  2129        cutoff          17196,6980    17169,9652 21775240    0,16%
  50781  2036    17127,3303  1605    17196,6980    17169,9652 21820591    0,16%
  51256  1744        cutoff          17196,6980    17169,9652 21961260    0,16%
  51779  1569        cutoff          17196,6980    17169,9652 22020508    0,16%
  52343  1175        cutoff          17196,6980    17169,9652 22137800    0,16%
  53385   207        cutoff          17196,6980    17169,9652 22262703    0,16%

Zero-half cuts applied:  171
Lift and project cuts applied:  5
Gomory fractional cuts applied:  3

Root node processing (before b&c):
  Real time             =   40,55 sec. (19170,66 ticks)
Parallel b&c, 12 threads:
  Real time             = 7969,30 sec. (1185750,93 ticks)
  Sync time (average)   = 1059,89 sec.
  Wait time (average)   =    0,09 sec.
                          ------------
Total (root+branch&cut) = 8009,85 sec. (1204921,58 ticks)

