
Version identifier: 22.1.1.0 | 2022-11-28 | 9160aff4d
CPXPARAM_MultiObjective_Display                  0
CPXPARAM_TimeLimit                               2000000
CPXPARAM_WorkMem                                 8192
CPXPARAM_DetTimeLimit                            2000000
Tried aggregator 3 times.
MIP Presolve eliminated 151266 rows and 1081021 columns.
Aggregator did 1436 substitutions.
Reduced MIP has 7448 rows, 44025 columns, and 95444 nonzeros.
Reduced MIP has 43993 binaries, 32 generals, 0 SOSs, and 0 indicators.
Presolve time = 1,01 sec. (669,28 ticks)
Found incumbent of value 199784,923219 after 1,22 sec. (836,39 ticks)
Tried aggregator 2 times.
Detecting symmetries...
Aggregator did 16 substitutions.
Reduced MIP has 7432 rows, 44009 columns, and 95412 nonzeros.
Reduced MIP has 43993 binaries, 16 generals, 0 SOSs, and 0 indicators.
Presolve time = 0,10 sec. (87,86 ticks)
Probing time = 0,13 sec. (18,46 ticks)
Clique table members: 52917.
MIP emphasis: balance optimality and feasibility.
MIP search method: dynamic search.
Parallel mode: deterministic, using up to 12 threads.
Root relaxation solution time = 1,88 sec. (766,80 ticks)

        Nodes                                         Cuts/
   Node  Left     Objective  IInf  Best Integer    Best Bound    ItCnt     Gap

*     0+    0                       199784,9232 -2533605,0000              --- 
*     0+    0                       180165,1592 -2533605,0000              --- 
*     0+    0                       180146,9072 -2533605,0000              --- 
*     0+    0                       180128,6552 -2533605,0000              --- 
*     0+    0                       180111,4832 -2533605,0000              --- 
*     0+    0                       180094,6352 -2533605,0000              --- 
*     0+    0                       180077,7872 -2533605,0000              --- 
*     0+    0                       180060,9392 -2533605,0000              --- 
*     0+    0                       180044,0912 -2533605,0000              --- 
*     0+    0                       180027,2432 -2533605,0000              --- 
      0     0    15851,3640  3464   180027,2432    15851,3640       47   91,20%
*     0+    0                       162027,8372    15851,3640            90,22%
*     0+    0                        65788,7043    15851,3640            75,91%
      0     0    15875,9689  3542    65788,7043      Cuts: 16     1104   75,87%
      0     0    15877,3778  3568    65788,7043  ZeroHalf: 10     1381   75,87%
      0     0    15884,0353  3591    65788,7043       Cuts: 5     1891   75,86%
*     0+    0                        59077,1679    15884,0353            73,11%
      0     0  -1,00000e+75     0    59077,1679    15884,0353     1891   73,11%
      0     0    15890,9702  3672    59077,1679   ZeroHalf: 9     2480   73,10%
      0     0    15891,0895  3741    59077,1679   ZeroHalf: 1     2586   73,10%
Detecting symmetries...
      0     0    15895,3453  3722    59077,1679   ZeroHalf: 4     3135   73,09%
      0     0    15900,3728  3703    59077,1679   ZeroHalf: 5     3715   73,09%
      0     0    15902,4079  3807    59077,1679   ZeroHalf: 4     3946   73,08%
      0     0    15902,4079  3809    59077,1679   ZeroHalf: 1     3948   73,08%
Detecting symmetries...
      0     2    15902,4079  3809    59077,1679    15902,4079     3948   73,08%
Elapsed time = 83,18 sec. (29048,17 ticks, tree = 0,02 MB, solutions = 13)
      1     3    15930,4155  3627    59077,1679    15902,4597     7544   73,08%
      2     4    15935,2162  3686    59077,1679    15902,4597     8592   73,08%
      3     3    15972,4332  3452    59077,1679    15902,4597     9921   73,08%
      4     5    15955,0363  3620    59077,1679    15902,4597    10058   73,08%
      5     5    15937,2850  3727    59077,1679    15902,4597     9298   73,08%
      8     6    15996,0651  3374    59077,1679    15930,4155    16797   73,03%
      9     9    15968,2493  3729    59077,1679    15937,2880    23672   73,02%
     14     9    15980,7659  3515    59077,1679    15937,2880    22733   73,02%
     16    11    16009,7695  3202    59077,1679    15937,2880    25208   73,02%
     20    15    16017,9343  3358    59077,1679    15937,2880    44225   73,02%
Elapsed time = 132,99 sec. (39915,83 ticks, tree = 0,03 MB, solutions = 13)
     24    19    16017,5550  3322    59077,1679    15951,6119    60510   73,00%
     26    21    15983,2658  3577    59077,1679    15951,6119    69084   73,00%
     31    27    16023,3855  3339    59077,1679    15951,6151   107905   73,00%
     34    29    16038,2384  3264    59077,1679    15951,6151   112922   73,00%
     40    10    16017,3114  3305    59077,1679    15951,6151    23780   73,00%
     42    34    16051,7593  2976    59077,1679    15951,6151   125466   73,00%
     47    37    16058,3613  2935    59077,1679    15951,6151   131685   73,00%
     59    43    16063,0651  3369    59077,1679    15951,6151   146306   73,00%
     69    51    16069,8431  3591    59077,1679    15951,6151   159551   73,00%
     77    56    16013,0755  3390    59077,1679    15951,6151   170629   73,00%
Elapsed time = 191,82 sec. (51388,83 ticks, tree = 0,87 MB, solutions = 13)
     83    54    16109,3824  2968    59077,1679    15951,6151   162756   73,00%
     94    64    16113,5684  2692    59077,1679    15951,6151   180732   73,00%
    105    77    16158,0758  2860    59077,1679    15951,6151   199144   73,00%
    111    78    16145,8713  3142    59077,1679    15951,6151   205220   73,00%
    117    94    16220,5636  2472    59077,1679    15951,6151   227499   73,00%
    126   109    16161,5854  3087    59077,1679    15951,6151   247379   73,00%
    132   101    16267,0034  2465    59077,1679    15951,6151   238370   73,00%
*   137+  121                        43980,5703    15951,6151            63,73%
    138   119    16253,3277  2856    43980,5703    15951,6151   269108   63,73%
    148   137    16171,8012  2761    43980,5703    15951,6151   296456   63,73%
    152   142    16199,6367  2803    43980,5703    15951,6151   305681   63,73%
Elapsed time = 279,82 sec. (62303,17 ticks, tree = 2,96 MB, solutions = 14)
    163   138    16235,5278  2547    43980,5703    15951,6151   298808   63,73%
*   169+   76                        26909,3162    15951,6151            40,72%
*   170+  121                        19050,6562    15951,6151            16,27%
    170   123    16260,5598  2347    19050,6562    15951,6151   274128   16,27%
    181   143    16308,2088  2226    19050,6562    15951,6151   306870   16,27%
    193   151    16367,9055  1955    19050,6562    15951,6151   315658   16,27%
    205   178    16353,4545  2617    19050,6562    15951,6151   354223   16,27%
    219   180    16395,8552  2572    19050,6562    15951,6151   355471   16,27%
    233   141    16194,9905  2698    19050,6562    15951,6151   302821   16,27%
    247   193    16473,8348  1803    19050,6562    15951,6151   366276   16,27%
    262   201    16304,3074  2412    19050,6562    15951,6151   377125   16,27%
    284   234    16537,9389  1687    19050,6562    15951,6151   398764   16,27%
Elapsed time = 363,56 sec. (72707,44 ticks, tree = 6,52 MB, solutions = 19)
    308   269    16815,7145  1443    19050,6562    15951,6151   426597   16,27%
    331   273    16893,3719  1302    19050,6562    15951,6151   428031   16,27%
    362   277    17050,6174  1200    19050,6562    15951,6151   429609   16,27%
    389   302    17020,6541  1147    19050,6562    15951,6151   446438   16,27%
*   398+  239                        18156,1365    15951,6151            12,14%
    415   282    17330,6321   591    18156,1365    15951,6151   431391   12,14%
    443   270    16646,0150  1888    18156,1365    15951,6151   427491   12,14%
    480   429    16666,8531  1865    18156,1365    15951,6151   513951   12,14%
    528   429    17652,1174   507    18156,1365    15951,6151   509089   12,14%
*   557   347      integral     0    17437,8292    15951,6151   475636    8,52%
    606   461    16959,7082  1429    17437,8292    15956,8940   533606    8,49%
Elapsed time = 445,37 sec. (82254,91 ticks, tree = 19,86 MB, solutions = 24)
    639   438    16698,1223  1830    17437,8292    15956,8940   521444    8,49%
    666   442    16949,3701  1452    17437,8292    15956,8940   519966    8,49%
    683   536    16070,9290  3299    17437,8292    15956,8940   589355    8,49%
    706   537    16099,9045  3074    17437,8292    15956,8940   590616    8,49%
    739   546    16060,2952  3411    17437,8292    15956,8940   599757    8,49%
*   757+  502                        17381,3466    15956,8940             8,20%
    757   545    16018,8904  3334    17381,3466    15956,8940   588555    8,20%
    781   556    16113,9329  2820    17381,3466    15956,8940   609813    8,20%
    799   603    17302,1523   957    17381,3466    15956,8940   651482    8,20%
    820   582    17300,8428  1325    17381,3466    15983,8845   631478    8,04%
    836   575    16295,8275  2302    17381,3466    15983,8845   634244    8,04%
Elapsed time = 528,45 sec. (92569,96 ticks, tree = 27,92 MB, solutions = 27)
    848   626    16239,3041  2975    17381,3466    15983,8845   681347    8,04%
    859   608    16104,9073  3115    17381,3466    15983,8845   656705    8,04%
    868   635    16498,0739  2036    17381,3466    15983,8845   691377    8,04%
    882   683    16172,2214  2666    17381,3466    15983,8845   726779    8,04%
    892   639    16507,6857  1758    17381,3466    15983,8845   693951    8,04%
    908   721    16614,3212  1798    17381,3466    15995,5614   770111    7,97%
    922   713    16080,4962  2965    17381,3466    15995,5614   763275    7,97%
    937   734    16168,9775  2910    17381,3466    15995,5614   782855    7,97%
    952   753    16850,6802  1463    17381,3466    15995,5614   796481    7,97%
    971   729    16714,8866  1525    17381,3466    15995,5614   773783    7,97%
Elapsed time = 610,02 sec. (102677,13 ticks, tree = 36,32 MB, solutions = 27)
    994   733    16418,9760  2474    17381,3466    15995,5614   783158    7,97%
   1019   797    17048,0301  1216    17381,3466    15995,5614   833293    7,97%
   1044   822    16933,9026  1087    17381,3466    15995,5614   849112    7,97%
*  1074   809      integral     0    17329,0496    15995,5614   836431    7,70%
*  1096   829      integral     0    17226,5074    15995,5614   852519    7,15%
   1096   827    17226,5074     0    17226,5074    15995,5614   852519    7,15%
   1109   786    16854,4697  1388    17226,5074    15995,5614   829286    7,15%
   1127   831    16535,3356  2382    17226,5074    15995,5614   858664    7,15%
   1150   870    17057,6586  1004    17226,5074    15995,5614   928149    7,15%
   1175   843    16678,7486  1508    17226,5074    15995,5614   912543    7,15%
   1194   880    16716,0720  1563    17226,5074    15997,2038   898849    7,14%
Elapsed time = 689,45 sec. (112244,80 ticks, tree = 48,36 MB, solutions = 29)
   1220   851    16843,4635  1388    17226,5074    15997,2038   875707    7,14%
   1247   854    16998,1865  1294    17226,5074    15997,2038   917293    7,14%
   1284   860        cutoff          17226,5074    15997,2038   919368    7,14%
   1310   936    17056,9011  1035    17226,5074    15997,2038   977839    7,14%
   1339   944    17188,8088   920    17226,5074    15997,2038   979810    7,14%
   1368   945    16036,5888  3057    17226,5074    15997,2038   981193    7,14%
   1391   948    16634,1310  1736    17226,5074    15997,2038   990820    7,14%
   1414   952    16659,5821  1385    17226,5074    15997,2038   992254    7,14%
   1436  1011    16276,1981  2547    17226,5074    15997,2038  1029361    7,14%
   1454   917    16109,3626  3130    17226,5074    15997,2038   967631    7,14%
Elapsed time = 770,35 sec. (122030,21 ticks, tree = 50,30 MB, solutions = 29)
   1468   952    16169,0619  2818    17226,5074    15997,2038   987006    7,14%
   1488  1157    16891,0959  1300    17226,5074    16011,4167  1122852    7,05%
   1502  1161    17030,2578   925    17226,5074    16011,4167  1124649    7,05%
   1520  1166    17160,3375  1313    17226,5074    16012,7214  1126389    7,05%
   1537  1084    16519,7581  2984    17226,5074    16012,7214  1080015    7,05%
   1553  1086    16570,8459  2932    17226,5074    16012,7214  1081282    7,05%
   1575  1088    16600,9964  2956    17226,5074    16013,0890  1082600    7,04%
   1593  1206    16180,6295  3156    17226,5074    16013,0890  1168526    7,04%
   1611  1167    16334,3558  2959    17226,5074    16013,0890  1134420    7,04%
   1692  1353    17121,9252  1029    17226,5074    16013,1035  1275719    7,04%
Elapsed time = 875,92 sec. (134991,61 ticks, tree = 84,74 MB, solutions = 29)
   1763  1267    16622,4559  2461    17226,5074    16013,1035  1217264    7,04%
   1829  1463    16724,8214  1780    17226,5074    16013,1035  1367089    7,04%
   1908  1455    17153,6104  2547    17226,5074    16016,1785  1361558    7,03%
   1964  1483    16363,5555  3087    17226,5074    16017,3503  1382394    7,02%
   2026  1545    16160,1778  3178    17226,5074    16018,2728  1434169    7,01%
   2079  1564    16611,8864  2402    17226,5074    16021,4820  1452571    7,00%
   2127  1695    16385,1481  2843    17226,5074    16021,5281  1568253    6,99%
   2183  1734    17042,6499  2394    17226,5074    16021,5281  1600667    6,99%
   2253  1768    16174,4168  3398    17226,5074    16021,5281  1629753    6,99%
   2320  1835    16746,3656  2589    17226,5074    16021,5281  1679210    6,99%
Elapsed time = 1186,17 sec. (173548,49 ticks, tree = 114,73 MB, solutions = 29)
   2376  1878    16596,0812  2650    17226,5074    16021,5281  1723893    6,99%
   2429  1949    16203,3942  3266    17226,5074    16021,5281  1778019    6,99%
   2470  2002    16425,8709  2774    17226,5074    16021,5281  1817394    6,99%
   2499  2035    17213,8823  1973    17226,5074    16021,5281  1844233    6,99%
   2533  2097    16346,3625  2938    17226,5074    16021,5281  1903626    6,99%
   2586  2103    16083,7159  3162    17226,5074    16029,9014  1910657    6,95%
   2656  2193    17122,8442  2152    17226,5074    16031,8648  1984603    6,93%
   2714  2219    17144,4407  2684    17226,5074    16032,2896  2010087    6,93%
   2797  2203    16235,9036  3013    17226,5074    16033,2121  1993918    6,93%
   2870  2327    16340,5872  3309    17226,5074    16033,2121  2093023    6,93%
Elapsed time = 1577,18 sec. (212716,60 ticks, tree = 126,36 MB, solutions = 29)
   2933  2278    17038,2161  2491    17226,5074    16033,7729  2058857    6,92%
   2996  2449    16095,3757  2920    17226,5074    16034,6655  2201495    6,92%
   3049  2544    16768,1382  2613    17226,5074    16034,6655  2282148    6,92%
   3120  2477    16082,0853  3055    17226,5074    16036,0570  2223308    6,91%
   3196  2642    16154,3009  3136    17226,5074    16036,0570  2393187    6,91%
   3276  2647    16320,2201  2524    17226,5074    16036,7338  2397870    6,91%
   3366  2664    16123,9246  2973    17226,5074    16036,7712  2416102    6,91%
   3456  2772    16078,4927  3089    17226,5074    16036,8772  2494610    6,91%
   3530  2846    17099,5917  1414    17226,5074    16036,8772  2561497    6,91%
   3626  2857    16694,6141  1913    17226,5074    16039,3527  2577727    6,89%
Elapsed time = 1893,92 sec. (251470,74 ticks, tree = 146,82 MB, solutions = 29)
   3709  2884    16674,4915  1963    17226,5074    16039,3527  2612076    6,89%
   3794  3131    16804,2492  1335    17226,5074    16039,3527  2780451    6,89%
   3863  3181    16573,6171  2524    17226,5074    16039,3527  2821047    6,89%
   3894  3146    16156,0801  2709    17226,5074    16039,3527  2792717    6,89%

Performing restart 1

Repeating presolve.
Tried aggregator 2 times.
MIP Presolve eliminated 64 rows and 1135 columns.
Aggregator did 15 substitutions.
Reduced MIP has 7353 rows, 42859 columns, and 93039 nonzeros.
Reduced MIP has 42843 binaries, 16 generals, 0 SOSs, and 0 indicators.
Presolve time = 0,09 sec. (69,00 ticks)
Tried aggregator 1 time.
Reduced MIP has 7353 rows, 42859 columns, and 93039 nonzeros.
Reduced MIP has 42843 binaries, 16 generals, 0 SOSs, and 0 indicators.
Presolve time = 0,16 sec. (69,70 ticks)
Represolve time = 2,23 sec. (1132,09 ticks)
   3916     0    15907,3512  3943    17226,5074   ZeroHalf: 6  3011951    6,87%
   3916     0    15911,9547  3933    17226,5074  ZeroHalf: 17  3012467    6,87%
   3916     0    15913,2135  3960    17226,5074   ZeroHalf: 4  3012714    6,87%
   3916     0    15923,0071  3829    17226,5074  ZeroHalf: 10  3013598    6,87%
   3916     0    15927,9180  4072    17226,5074  ZeroHalf: 10  3014261    6,87%
   3916     0    15930,8509  4038    17226,5074  ZeroHalf: 18  3014648    6,87%
   3916     0    15934,4702  4001    17226,5074   ZeroHalf: 6  3015059    6,87%
   3916     0    15935,1502  4037    17226,5074   ZeroHalf: 4  3015298    6,87%
   3916     2    15935,1502  4037    17226,5074    16043,6635  3015298    6,87%
   3918     4    15938,0189  3958    17226,5074    16043,6635  3016307    6,87%
   3929     5    16039,1152  3298    17226,5074    16043,6635  3019695    6,87%
   3974    39    16187,4546  3289    17226,5074    16043,6635  3070296    6,87%
   4002    36    16491,6645  2897    17226,5074    16043,6635  3070039    6,87%
   4020    80    16013,1906  3693    17226,5074    16043,6635  3122233    6,87%
Elapsed time = 2355,65 sec. (378455,67 ticks, tree = 1,27 MB, solutions = 29)
   4053   131    16111,2337  3188    17226,5074    16043,6635  3214533    6,87%
   4077   140    16169,7490  3441    17226,5074    16043,6635  3232385    6,87%
   4116   153    16299,0259  2789    17226,5074    16043,6635  3258027    6,87%
   4147   196    16207,6627  3364    17226,5074    16043,6635  3355421    6,87%
   4206   262    16400,6986  2892    17226,5074    16043,6635  3423756    6,87%
   4260   294    16262,6590  2994    17226,5074    16043,6635  3453965    6,87%
   4301   330    16311,2000  3121    17226,5074    16043,6635  3488593    6,87%
   4359   387    16660,3852  2655    17226,5074    16043,6635  3537858    6,87%
   4419   421    16039,4767  3689    17226,5074    16043,6635  3568120    6,87%
   4478   451    16387,0642  3387    17226,5074    16043,6635  3589671    6,87%
Elapsed time = 2639,83 sec. (417422,66 ticks, tree = 17,19 MB, solutions = 29)
   4519   508    16378,5985  2927    17226,5074    16043,6635  3628474    6,87%
   4574   563    16628,9050  2747    17226,5074    16043,6635  3675458    6,87%
   4628   662    16466,8487  2796    17226,5074    16043,6635  3770256    6,87%
   4700   640    16578,0197  3005    17226,5074    16043,6635  3749798    6,87%
   4772   697    16425,2172  2876    17226,5074    16043,6635  3801006    6,87%
   4843   770    16904,7845  2542    17226,5074    16043,6635  3869340    6,87%
   4920   857    16629,2404  2998    17226,5074    16043,6635  3930571    6,87%
   4965   964    16425,1836  2585    17226,5074    16043,6635  4010403    6,87%
   5037  1029    16304,6451  2925    17226,5074    16043,6635  4061325    6,87%
   5099  1065    16836,6377  2366    17226,5074    16043,6635  4092927    6,87%
Elapsed time = 2947,55 sec. (456041,71 ticks, tree = 60,36 MB, solutions = 29)
   5165  1055    17026,8610  2270    17226,5074    16043,6635  4080621    6,87%
   5246  1089    16580,5714  2837    17226,5074    16043,6635  4113688    6,87%
   5334  1192        cutoff          17226,5074    16043,6635  4204005    6,87%
   5435  1321    17061,3674  2381    17226,5074    16043,6635  4307657    6,87%
   5513  1333    17127,9726  2394    17226,5074    16043,6635  4314202    6,87%
   5585  1350    16945,6643  2443    17226,5074    16043,6635  4327769    6,87%
   5631  1535    16947,4224  2391    17226,5074    16043,6635  4484648    6,87%
   5690  1581    16158,3423  3169    17226,5074    16043,6635  4517037    6,87%
   5772  1613    16637,5788  3183    17226,5074    16043,6635  4535311    6,87%
   5851  1613    16329,2731  2913    17226,5074    16043,6635  4537264    6,87%
Elapsed time = 3320,72 sec. (494722,55 ticks, tree = 101,41 MB, solutions = 29)
   5923  1718    16781,9602  2656    17226,5074    16043,6635  4618534    6,87%
   5992  1770    16498,2576  2711    17226,5074    16043,6635  4664066    6,87%
   6054  1836    16273,4021  2817    17226,5074    16043,6635  4723058    6,87%
   6113  1823    16396,1590  3134    17226,5074    16043,6635  4707711    6,87%
   6180  1937    16555,8551  2793    17226,5074    16043,6635  4809992    6,87%
   6250  1932    16496,3936  2770    17226,5074    16043,6635  4802751    6,87%
   6309  2072    16902,0357  2028    17226,5074    16043,6635  4932932    6,87%
   6400  2104    16572,6452  2482    17226,5074    16043,6635  4962785    6,87%
   6480  2200    17014,2790  2463    17226,5074    16043,6635  5031146    6,87%
   6577  2261    16943,9320  1894    17226,5074    16043,6635  5076334    6,87%
Elapsed time = 3611,31 sec. (533352,10 ticks, tree = 146,12 MB, solutions = 29)
   6673  2227    16505,0645  3043    17226,5074    16043,6635  5061043    6,87%
   6806  2491    17131,7840  2138    17226,5074    16043,6635  5245339    6,87%
   6935  2453    16870,0396  2246    17226,5074    16043,6635  5216268    6,87%
   7001  2560    16617,0483  2593    17226,5074    16043,6635  5314211    6,87%
   7079  2605    16275,0674  3396    17226,5074    16043,6635  5354834    6,87%
   7149  2658    16267,6242  3235    17226,5074    16043,6635  5393508    6,87%
   7217  2701    16160,5326  3294    17226,5074    16043,6635  5427392    6,87%
   7287  2772    16577,6773  3356    17226,5074    16043,6635  5483800    6,87%
   7367  2884    16532,2998  2978    17226,5074    16043,6635  5574932    6,87%
   7449  2869    16463,1097  3239    17226,5074    16043,6635  5568588    6,87%
Elapsed time = 3919,78 sec. (572076,59 ticks, tree = 192,80 MB, solutions = 29)
   7550  3015    16894,0301  2803    17226,5074    16043,6635  5672262    6,87%
   7669  3047    16743,4591  2895    17226,5074    16043,6635  5702013    6,87%
   7775  3258    17144,9973  2607    17226,5074    16043,6635  5832098    6,87%
   7894  3227    17102,9474  2280    17226,5074    16043,6635  5828467    6,87%
   7976  3377    16307,2468  3089    17226,5074    16043,6635  5894409    6,87%
   8044  3437    16371,6967  2914    17226,5074    16043,6635  5942332    6,87%
   8103  3553    16250,0236  3011    17226,5074    16043,6635  6009580    6,87%
   8168  3663        cutoff          17226,5074    16043,6635  6101006    6,87%
   8263  3639    16612,5179  2974    17226,5074    16043,6635  6076691    6,87%
   8351  3713    16549,5207  2530    17226,5074    16043,6635  6137438    6,87%
Elapsed time = 4285,93 sec. (610705,47 ticks, tree = 258,01 MB, solutions = 29)
   8438  3763    16624,2527  3021    17226,5074    16043,6635  6185863    6,87%
   8526  3728    16124,7938  3463    17226,5074    16043,6635  6159141    6,87%
   8613  3784    16535,1530  3288    17226,5074    16043,6635  6200015    6,87%
   8721  3896    17208,8810  2197    17226,5074    16043,6635  6251066    6,87%
   8772  3994    17062,9028  2398    17226,5074    16043,6635  6329076    6,87%
   8845  4063    16172,0081  3310    17226,5074    16043,6635  6384908    6,87%
   8907  4182    16463,4708  2757    17226,5074    16043,6635  6431474    6,87%
   8977  4291    16317,2266  3430    17226,5074    16043,6635  6517643    6,87%
   9054  4307    17009,9887  2494    17226,5074    16043,6635  6516124    6,87%
   9159  4406    17170,1332  2143    17226,5074    16043,6635  6601755    6,87%
Elapsed time = 4572,08 sec. (649158,43 ticks, tree = 310,03 MB, solutions = 29)
   9249  4556    17194,9206  1742    17226,5074    16043,6635  6712380    6,87%
   9314  4512    16528,0724  3313    17226,5074    16043,6635  6690029    6,87%
   9401  4623    16195,8206  3525    17226,5074    16043,6635  6756616    6,87%
   9530  4771    16691,1478  3255    17226,5074    16043,6635  6855910    6,87%
   9592  4850    16963,2842  2877    17226,5074    16043,6635  6919261    6,87%
   9665  4852    16558,2910  2790    17226,5074    16043,6635  6909178    6,87%
   9729  4901    16438,5368  3641    17226,5074    16043,6635  6960001    6,87%
   9812  4909    16508,3790  3443    17226,5074    16043,6635  6964367    6,87%
   9879  5176    16581,4446  3287    17226,5074    16043,6635  7125667    6,87%
   9958  5113    17149,6431  2677    17226,5074    16043,6635  7087616    6,87%
Elapsed time = 4876,84 sec. (687768,85 ticks, tree = 364,34 MB, solutions = 29)
  10071  5194    17088,9961  2948    17226,5074    16043,6635  7161023    6,87%
  10134  5339    17083,9516  2920    17226,5074    16043,6635  7259931    6,87%
  10218  5370    17190,6533  2607    17226,5074    16043,6635  7266038    6,87%
  10273  5436    16410,2298  3243    17226,5074    16043,6635  7336341    6,87%
  10336  5499    16239,1039  3591    17226,5074    16043,6635  7432107    6,87%
  10408  5650    16785,0934  2979    17226,5074    16043,6635  7522638    6,87%
  10466  5634    16703,0915  2867    17226,5074    16043,6635  7500084    6,87%
  10541  5683    16453,2924  3390    17226,5074    16043,6635  7561156    6,87%
  10586  5712    16775,8205  2484    17226,5074    16043,6635  7593376    6,87%
  10621  5811    17060,2870  2666    17226,5074    16043,6635  7661018    6,87%
Elapsed time = 5217,87 sec. (726839,27 ticks, tree = 416,04 MB, solutions = 29)
  10667  5859    16315,7285  3108    17226,5074    16043,6635  7709403    6,87%
  10696  5905    16864,5960  2872    17226,5074    16043,6635  7756261    6,87%
  10739  5883    16507,0252  2426    17226,5074    16043,6635  7732986    6,87%
  10799  6001    16669,5525  2210    17226,5074    16043,6635  7875354    6,87%
  10858  6016    16675,3209  2910    17226,5074    16043,6635  7896435    6,87%
  10944  6022    17099,5659  2116    17226,5074    16043,6635  7886518    6,87%
  11022  6130        cutoff          17226,5074    16043,6635  7999483    6,87%
  11095  6053    16947,6670  2178    17226,5074    16043,6635  7944058    6,87%
  11172  6174    17207,8434  2423    17226,5074    16043,6635  8027123    6,87%
  11250  6233    16566,5046  2620    17226,5074    16043,6635  8080630    6,87%
Elapsed time = 5547,81 sec. (765589,62 ticks, tree = 444,76 MB, solutions = 29)
  11282  6334    16292,4414  3042    17226,5074    16043,6635  8185356    6,87%
  11340  6341    16375,6797  2986    17226,5074    16043,6635  8189852    6,87%
  11412  6473    16349,2516  3180    17226,5074    16043,6635  8307232    6,87%
  11487  6537    16616,0852  2727    17226,5074    16043,6635  8380413    6,87%
  11570  6503    16586,6059  2363    17226,5074    16043,6635  8344461    6,87%
  11639  6554    16926,4953  2576    17226,5074    16043,6635  8390483    6,87%
  11716  6755    16461,6306  3356    17226,5074    16043,6635  8556334    6,87%
  11823  6676    17094,0644  2330    17226,5074    16043,6635  8482836    6,87%
  11905  6884    16752,2201  2486    17226,5074    16043,6635  8652826    6,87%
  11964  6812    16352,7555  3261    17226,5074    16043,6635  8602750    6,87%
Elapsed time = 5853,48 sec. (804405,17 ticks, tree = 481,92 MB, solutions = 29)
  12030  6871    16513,7636  3016    17226,5074    16043,6635  8644780    6,87%
  12095  6991    16293,8294  3372    17226,5074    16043,6635  8731815    6,87%
  12158  7132        cutoff          17226,5074    16043,6635  8838367    6,87%
  12202  7216    16616,6421  3003    17226,5074    16043,6635  8907151    6,87%
  12260  7261    16795,4427  2777    17226,5074    16043,6635  8944978    6,87%
  12300  7227    16965,4285  2902    17226,5074    16043,6635  8917110    6,87%
  12356  7289    16786,2930  2981    17226,5074    16043,6635  8981638    6,87%
  12404  7327    16506,0171  2542    17226,5074    16043,6635  9023104    6,87%
  12428  7501        cutoff          17226,5074    16043,6635  9187663    6,87%
  12457  7451    17153,7590  2484    17226,5074    16043,6635  9134487    6,87%
Elapsed time = 6223,70 sec. (842895,32 ticks, tree = 516,40 MB, solutions = 29)
  12517  7543    16934,8532  2471    17226,5074    16043,6635  9220230    6,87%
  12592  7556    17200,2043  2536    17226,5074    16043,6635  9226348    6,87%
  12659  7655    16247,8698  3094    17226,5074    16043,6635  9350389    6,87%
  12704  7637    16290,1398  2863    17226,5074    16043,6635  9341840    6,87%
  12761  7645    16401,4456  2750    17226,5074    16043,6635  9346607    6,87%
  12839  7776    17036,3839  2348    17226,5074    16043,6635  9460141    6,87%
  12914  7760    17192,3582  1883    17226,5074    16043,6635  9419614    6,87%
  12979  7858    16856,9362  2448    17226,5074    16043,6635  9530658    6,87%
  13060  7875    17023,6446  2053    17226,5074    16043,6635  9536318    6,87%
  13134  7939    17089,4252  2064    17226,5074    16043,6635  9610370    6,87%
Elapsed time = 6527,70 sec. (881602,02 ticks, tree = 550,39 MB, solutions = 29)
  13178  8121    16186,3788  3238    17226,5074    16043,6635  9739337    6,87%
  13236  8015    16726,1065  2631    17226,5074    16043,6635  9671879    6,87%
  13313  8094    17123,2499  2842    17226,5074    16043,6635  9730839    6,87%
  13395  8289    17193,3386  1854    17226,5074    16043,6635  9898120    6,87%
  13444  8300    16830,0447  2518    17226,5074    16043,6635  9917010    6,87%
  13498  8368    16332,5545  3618    17226,5074    16043,6635  9982163    6,87%
  13555  8268    17158,5755  2013    17226,5074    16043,6635  9896236    6,87%
  13614  8484    17061,1420  1862    17226,5074    16043,6635 10073936    6,87%
  13673  8443    16333,4483  3645    17226,5074    16043,6635 10057332    6,87%
  13737  8544    16316,2658  3004    17226,5074    16043,6635 10144989    6,87%
Elapsed time = 6837,33 sec. (920269,92 ticks, tree = 582,69 MB, solutions = 29)
  13800  8647    17074,3936  2331    17226,5074    16043,6635 10234497    6,87%
  13879  8732    16773,3475  2696    17226,5074    16043,6635 10326014    6,87%
  13927  8738    16943,2195  2706    17226,5074    16043,6635 10330994    6,87%
  13986  8794    17183,6734  1726    17226,5074    16043,6635 10406732    6,87%
  14040  8695    16461,7725  3042    17226,5074    16043,6635 10279988    6,87%
  14093  8754    16390,9232  2928    17226,5074    16043,6635 10360759    6,87%
  14160  8913        cutoff          17226,5074    16043,6635 10503821    6,87%
  14235  8962    16537,4288  2880    17226,5074    16043,6635 10552339    6,87%
  14330  8939    17126,4324  1844    17226,5074    16043,6635 10543243    6,87%
  14415  9002    16791,0890  2099    17226,5074    16043,6635 10581506    6,87%
Elapsed time = 7148,76 sec. (958958,69 ticks, tree = 618,54 MB, solutions = 29)
  14467  9164    17057,4636  2655    17226,5074    16043,6635 10738885    6,87%
  14553  9088    16282,9250  3425    17226,5074    16043,6635 10665347    6,87%
  14641  9157    17191,9373  2557    17226,5074    16043,6635 10734949    6,87%
  14707  9252    16688,7953  2531    17226,5074    16043,6635 10813283    6,87%
  14764  9258    16879,9247  2482    17226,5074    16043,6635 10818453    6,87%
  14818  9315    16145,1457  3565    17226,5074    16043,6635 10887827    6,87%
  14876  9380    16916,8267  2505    17226,5074    16043,6635 10931728    6,87%
  14947  9564    16369,2395  3384    17226,5074    16043,6635 11107794    6,87%
  15013  9537    16279,8202  3278    17226,5074    16043,6635 11076276    6,87%
  15058  9620    16190,9130  3218    17226,5074    16043,6635 11155142    6,87%
Elapsed time = 7451,32 sec. (997479,25 ticks, tree = 665,05 MB, solutions = 29)
  15123  9565    16133,6132  3726    17226,5074    16043,6635 11103240    6,87%
  15185  9713    16590,0610  2560    17226,5074    16043,6635 11224833    6,87%
  15254  9926    16827,0161  3043    17226,5074    16043,6635 11434040    6,87%
  15299  9866    17065,6728  3178    17226,5074    16043,6635 11388222    6,87%
  15365  9922    16887,4434  2535    17226,5074    16043,6635 11429861    6,87%
  15442 10045    17034,8634  2127    17226,5074    16043,6635 11536956    6,87%
  15509 10165    17110,6458  1836    17226,5074    16043,6635 11636532    6,87%
  15540 10170    17191,9314  1811    17226,5074    16043,6635 11638515    6,87%
  15582 10020    16738,4124  2422    17226,5074    16043,6635 11529179    6,87%
  15621 10310    16830,6555  2292    17226,5074    16043,6635 11742781    6,87%
Elapsed time = 7830,46 sec. (1036181,68 ticks, tree = 690,31 MB, solutions = 29)
  15654 10326    16807,3255  2156    17226,5074    16043,6635 11768708    6,87%
  15693 10320    17143,3950  2192    17226,5074    16043,6635 11750467    6,87%
  15753 10379    16820,2445  2989    17226,5074    16043,6635 11815342    6,87%
  15802 10427    16704,0663  2720    17226,5074    16043,6635 11874967    6,87%
  15864 10460    16748,7638  2079    17226,5074    16043,6635 11904915    6,87%
  15922 10443    17090,5423  2317    17226,5074    16043,6635 11885592    6,87%
  15973 10470    16851,1555  1837    17226,5074    16043,6635 11915787    6,87%
  16023 10629        cutoff          17226,5074    16043,6635 12072718    6,87%
  16087 10686    17207,1419  2395    17226,5074    16043,6635 12118591    6,87%
  16149 10554    16382,7827  3657    17226,5074    16043,6635 12023427    6,87%
Elapsed time = 8145,96 sec. (1074800,58 ticks, tree = 708,29 MB, solutions = 29)
  16198 10689    16286,8009  3318    17226,5074    16043,6635 12125757    6,87%
  16258 10677    17185,3990  1911    17226,5074    16043,6635 12115132    6,87%
  16313 10698    16484,8124  2998    17226,5074    16043,6635 12134414    6,87%
  16374 10856    16853,7699  3288    17226,5074    16043,6635 12314804    6,87%
  16428 10807    16801,2829  3125    17226,5074    16043,6635 12216540    6,87%
  16484 10917    16321,3395  3387    17226,5074    16094,7787 12346356    6,57%
  16561 11069    17010,5082  2044    17226,5074    16095,0559 12545824    6,57%
  16647 11117    16559,8747  2855    17226,5074    16095,7296 12591774    6,56%
  16717 11153    16492,5446  3479    17226,5074    16095,7296 12620894    6,56%
  16781 11129    16873,5815  2926    17226,5074    16095,7296 12601412    6,56%
Elapsed time = 8462,40 sec. (1113521,99 ticks, tree = 736,70 MB, solutions = 29)
  16848 11137    17031,1004  2469    17226,5074    16095,7296 12606601    6,56%
  16904 11198    17136,0086  1943    17226,5074    16095,8894 12658740    6,56%
  16964 11358    16747,4533  2334    17226,5074    16095,8894 12801173    6,56%
  17025 11436    16391,3048  3392    17226,5074    16095,8894 12873707    6,56%
  17093 11440    16528,8035  2951    17226,5074    16095,8894 12878246    6,56%
  17171 11545    16474,1778  2869    17226,5074    16095,8894 12991916    6,56%
  17267 11636        cutoff          17226,5074    16096,5714 13074104    6,56%
  17347 11528    16744,0825  2314    17226,5074    16096,5714 12961986    6,56%
  17396 11568    16170,5698  3533    17226,5074    16098,6635 12986264    6,55%
  17465 11828    17134,7565  1813    17226,5074    16098,6635 13259089    6,55%
Elapsed time = 8787,67 sec. (1152192,49 ticks, tree = 791,32 MB, solutions = 29)
  17516 11778    16843,0889  2304    17226,5074    16098,6635 13215060    6,55%
  17570 11928    16815,9047  3007    17226,5074    16100,2872 13337125    6,54%
  17629 11774    16720,3088  3176    17226,5074    16100,2872 13201779    6,54%
  17696 11879    16852,6934  2810    17226,5074    16101,0029 13296379    6,53%
  17756 12097        cutoff          17226,5074    16101,0029 13523784    6,53%
  17837 12057    16543,6655  2759    17226,5074    16101,0029 13474912    6,53%
  17894 12156    17131,5735  1644    17226,5074    16101,7316 13557888    6,53%
  17961 12083    16663,3548  3537    17226,5074    16101,7316 13508837    6,53%
  18030 12359    17197,7454  1319    17226,5074    16101,7316 13796209    6,53%
  18085 12328    16941,1955  2840    17226,5074    16101,7316 13752134    6,53%
Elapsed time = 9094,20 sec. (1190853,74 ticks, tree = 811,11 MB, solutions = 29)
  18153 12285    17155,8442  1997    17226,5074    16103,6312 13704505    6,52%
  18223 12495    17107,1169  2371    17226,5074    16103,6312 13908293    6,52%
  18273 12410    16740,1482  2577    17226,5074    16105,1805 13857035    6,51%
  18324 12387    16388,4886  3303    17226,5074    16105,1805 13841248    6,51%
  18382 12688    17011,8515  2417    17226,5074    16105,5356 14080717    6,51%
  18447 12667    16514,1311  2633    17226,5074    16105,5356 14061679    6,51%
  18499 12704    16753,8458  2066    17226,5074    16105,5356 14116386    6,51%
  18548 12682    16883,5809  2399    17226,5074    16105,7056 14071930    6,51%
  18604 12821    16530,6211  2797    17226,5074    16108,2203 14232361    6,49%
  18659 12764    16767,7279  2566    17226,5074    16108,2203 14174679    6,49%
Elapsed time = 9452,37 sec. (1229677,01 ticks, tree = 820,08 MB, solutions = 29)
  18718 12770    16874,0239  2676    17226,5074    16108,2203 14179651    6,49%
  18772 12921    16408,1924  2700    17226,5074    16108,2203 14347814    6,49%
  18824 12838    16970,3798  1861    17226,5074    16108,2203 14244538    6,49%
  18868 12855    17165,3886  1929    17226,5074    16108,5852 14250684    6,49%
  18922 12984    16696,7837  2630    17226,5074    16108,5852 14407951    6,49%
  18962 13106    16976,1721  2295    17226,5074    16108,5852 14509690    6,49%
  19003 13054    16509,7093  2897    17226,5074    16109,1999 14482461    6,49%
  19047 13124    16634,7107  2278    17226,5074    16109,7078 14539781    6,48%
  19096 13249    16613,8518  3380    17226,5074    16110,7797 14665999    6,48%
  19154 13238    16600,2000  2445    17226,5074    16110,7797 14644524    6,48%
Elapsed time = 9826,48 sec. (1268949,61 ticks, tree = 833,99 MB, solutions = 29)
  19221 13400    17108,2217  1339    17226,5074    16110,7797 14790849    6,48%
  19287 13451    17095,4409  2588    17226,5074    16110,9283 14883292    6,48%
  19344 13411    16326,7347  3151    17226,5074    16110,9463 14799694    6,48%
  19395 13355    16756,7103  2641    17226,5074    16110,9463 14788177    6,48%
  19437 13418    16626,5915  2428    17226,5074    16111,2168 14835979    6,47%
  19496 13434    16681,2503  2733    17226,5074    16111,2337 14860897    6,47%
  19556 13594    16622,7714  2739    17226,5074    16111,2337 15034967    6,47%
  19615 13688    16989,9487  1906    17226,5074    16111,2337 15144455    6,47%
  19684 13830    17196,3111  1755    17226,5074    16111,2337 15289951    6,47%
  19762 13677    16983,6409   636    17226,5074    16111,2337 15109848    6,47%
Elapsed time = 10117,99 sec. (1307828,88 ticks, tree = 867,01 MB, solutions = 29)
  19840 13732    16945,2957  2811    17226,5074    16111,2337 15185227    6,47%
  19910 13864    16842,8776  2993    17226,5074    16111,2337 15319186    6,47%
  19959 13804    17087,7300  2371    17226,5074    16111,2337 15279994    6,47%
  20016 13997    16381,0155  3423    17226,5074    16111,2337 15436732    6,47%
  20061 14055    16307,5432  3864    17226,5074    16113,0420 15488970    6,46%
  20119 14019    16278,0228  3495    17226,5074    16113,1217 15467867    6,46%
  20172 14225    16298,9183  3455    17226,5074    16113,1561 15664046    6,46%
  20243 14125    16800,8588  2284    17226,5074    16113,4668 15563125    6,46%
  20313 14235    16534,4678  2932    17226,5074    16113,4668 15672900    6,46%
  20383 14300    16522,3549  3062    17226,5074    16113,4668 15729574    6,46%
Elapsed time = 10426,03 sec. (1346272,69 ticks, tree = 899,30 MB, solutions = 29)
  20462 14141    16272,2475  3552    17226,5074    16113,8318 15604124    6,46%
  20526 14488    16927,6098  2126    17226,5074    16115,9055 15926351    6,45%
  20595 14262    17144,5523  2483    17226,5074    16115,9055 15691292    6,45%
  20661 14537    16531,7607  3709    17226,5074    16115,9055 15962782    6,45%
  20714 14379    16421,5057  3227    17226,5074    16115,9055 15824194    6,45%
  20790 14385    16502,3444  3122    17226,5074    16115,9055 15828548    6,45%
  20847 14479    17192,7616  2327    17226,5074    16115,9055 15924976    6,45%
  20916 14423    16409,8229  3633    17226,5074    16116,3269 15869358    6,44%
  20978 14914    16307,5567  3509    17226,5074    16116,3269 16292029    6,44%
  21063 14744    16500,7774  2798    17226,5074    16116,3269 16100125    6,44%
Elapsed time = 10739,01 sec. (1385030,29 ticks, tree = 915,44 MB, solutions = 29)
  21120 15027    16966,7825  2874    17226,5074    16116,3269 16387906    6,44%
  21166 15060    16344,3538  3229    17226,5074    16122,0324 16420303    6,41%
  21228 14815    16307,1018  3731    17226,5074    16122,0324 16187015    6,41%
  21284 15097    17088,9199  2480    17226,5074    16122,0324 16459897    6,41%
  21346 14948    16962,3181  2129    17226,5074    16122,0324 16313001    6,41%
  21419 15325    17128,4562  1914    17226,5074    16122,1634 16657770    6,41%
  21490 15232    17061,0802  2491    17226,5074    16122,1634 16580247    6,41%
  21547 15151    16545,7022  2334    17226,5074    16122,1634 16508894    6,41%
  21616 15296    17204,4099  1819    17226,5074    16122,1634 16651912    6,41%
  21658 15485    16895,0068  1922    17226,5074    16122,1634 16822414    6,41%
Elapsed time = 11056,82 sec. (1423963,24 ticks, tree = 973,67 MB, solutions = 29)
  21707 15343    16827,8462  3289    17226,5074    16122,1634 16679170    6,41%
  21775 15526    17186,6176   940    17226,5074    16122,1966 16834348    6,41%
  21828 15653    16651,5800  3144    17226,5074    16123,1136 17006722    6,41%
  21864 15570    17034,1777  2266    17226,5074    16123,1136 16896598    6,41%
  21912 15631    16554,5659  3012    17226,5074    16123,1136 16982075    6,41%
  21936 15732    16238,7694  3420    17226,5074    16125,2591 17104676    6,39%
  21967 15752    16788,0289  3187    17226,5074    16125,2591 17128409    6,39%
  21999 15808    16374,6142  3331    17226,5074    16125,2591 17192958    6,39%
  22035 15867    16524,3251  3138    17226,5074    16125,2591 17231592    6,39%
  22071 15869    16520,1891  3167    17226,5074    16125,2591 17235821    6,39%
Elapsed time = 11449,61 sec. (1463298,58 ticks, tree = 1002,80 MB, solutions = 29)
  22100 16041    16430,8770  2769    17226,5074    16125,2591 17458921    6,39%
  22144 15909    16425,4160  2353    17226,5074    16125,2591 17275033    6,39%
  22192 16049    16689,1731  2327    17226,5074    16125,2591 17466243    6,39%
  22236 15945    16971,1085  2478    17226,5074    16125,8027 17331765    6,39%
  22287 16035    16850,0836  3208    17226,5074    16125,8027 17454011    6,39%
  22343 16141    16956,3937  2322    17226,5074    16125,8027 17574439    6,39%
  22402 16220    16557,9142  2942    17226,5074    16125,8027 17692704    6,39%
  22458 16202    17176,7370  1656    17226,5074    16125,8027 17665014    6,39%
  22511 16253    16846,8104  2608    17226,5074    16125,8027 17738069    6,39%
  22555 16174    17060,3665  3091    17226,5074    16125,8027 17627958    6,39%
Elapsed time = 11801,91 sec. (1502425,03 ticks, tree = 1014,11 MB, solutions = 29)
  22614 16328    16207,9035  3313    17226,5074    16125,8027 17800737    6,39%
  22679 16286    16886,8635  2947    17226,5074    16125,8027 17776935    6,39%
  22734 16204    16984,7034  2184    17226,5074    16125,8027 17661460    6,39%
  22803 16361    16852,1165  2192    17226,5074    16127,7673 17832376    6,38%
  22869 16373    16984,2757  2087    17226,5074    16128,1201 17837639    6,38%
  22942 16390    17113,5023  1728    17226,5074    16128,1201 17843352    6,38%
  22997 16545    16659,7532  2601    17226,5074    16128,3666 18031230    6,37%
  23047 16612    17072,7378  2910    17226,5074    16129,0298 18102563    6,37%
  23100 16657    16644,9450  2950    17226,5074    16129,0298 18163744    6,37%
  23153 16467    17047,0588  2794    17226,5074    16129,0429 17944723    6,37%
Elapsed time = 12119,41 sec. (1541374,79 ticks, tree = 1037,25 MB, solutions = 29)
  23220 16779    16645,6493  3029    17226,5074    16129,0429 18269504    6,37%
  23286 16676    17072,3337  2277    17226,5074    16129,0429 18178598    6,37%
  23356 16795    16907,2651  2678    17226,5074    16129,0930 18278998    6,37%
  23421 16806    17027,5651  2698    17226,5074    16129,0930 18284036    6,37%
  23502 17041    16752,0588  2931    17226,5074    16129,0930 18534833    6,37%
  23543 17079    16683,0750  3120    17226,5074    16129,0930 18573689    6,37%
  23599 16927    17009,5221  1956    17226,5074    16129,0930 18418629    6,37%
  23670 17107    16541,8837  2999    17226,5074    16129,0930 18610782    6,37%
  23723 17209    16909,6447  1955    17226,5074    16132,5860 18686022    6,35%
  23792 17223    17122,4848  1933    17226,5074    16133,6673 18691727    6,34%
Elapsed time = 12433,30 sec. (1580314,14 ticks, tree = 1098,69 MB, solutions = 29)
  23869 17293    16974,4166  2351    17226,5074    16133,7587 18753944    6,34%
  23923 17124    17068,8857  2295    17226,5074    16133,8571 18625126    6,34%
  23989 17442    16788,4637  3330    17226,5074    16133,9486 18955384    6,34%
  24016 17252    16698,8135  3227    17226,5074    16133,9486 18708581    6,34%
  24066 17340    17015,8756  2435    17226,5074    16134,4673 18837606    6,34%
  24118 17415    16498,7389  3063    17226,5074    16134,4673 18936205    6,34%
  24151 17417    16784,4626  2800    17226,5074    16135,1663 18940539    6,34%
  24191 17487    16443,4139  3209    17226,5074    16135,1663 19007384    6,34%
  24237 17822    16466,3550  3177    17226,5074    16135,1663 19303492    6,34%
  24280 17679    17181,8475  2948    17226,5074    16135,1663 19169583    6,34%
Elapsed time = 12746,54 sec. (1619073,89 ticks, tree = 1133,24 MB, solutions = 29)
  24333 17547    17028,8934  2476    17226,5074    16135,1663 19049679    6,34%
  24392 17839    16757,1669  2648    17226,5074    16135,1663 19316555    6,34%
  24431 17882    16728,6038  2344    17226,5074    16135,1663 19411077    6,34%
  24472 17799    16658,5175  2935    17226,5074    16135,8766 19290155    6,33%
  24526 17764    16673,0544  2702    17226,5074    16135,8766 19258293    6,33%
  24596 18060    16954,4216  2207    17226,5074    16135,8766 19616852    6,33%
  24661 18148    16707,3505  2579    17226,5074    16136,2097 19744240    6,33%
  24717 18155    16832,4600  2561    17226,5074    16136,2097 19749245    6,33%
  24760 18177    17131,8919  2040    17226,5074    16136,2405 19786681    6,33%
  24814 18221    16457,6580  3124    17226,5074    16136,2405 19824020    6,33%
Elapsed time = 13070,12 sec. (1658212,71 ticks, tree = 1156,85 MB, solutions = 29)
  24865 18274    17031,8369  1576    17226,5074    16137,8229 19885867    6,32%
  24919 18290    16587,1507  3399    17226,5074    16137,8229 19921694    6,32%
  24962 18098    16631,1815  2574    17226,5074    16137,8229 19678451    6,32%
  25035 18248    17161,7734  2538    17226,5074    16137,8229 19843107    6,32%
  25102 18476    16896,3821  2717    17226,5074    16138,8103 20103423    6,31%
  25179 18553    16697,8606  3167    17226,5074    16138,8103 20175691    6,31%
  25234 18298    16887,4744  1997    17226,5074    16138,8670 19913172    6,31%
  25284 18565    16897,6151  2620    17226,5074    16138,8670 20185002    6,31%
  25341 18347    16754,2522  2780    17226,5074    16138,8670 19983533    6,31%
  25391 18637    16681,1057  3031    17226,5074    16139,7941 20260202    6,31%
Elapsed time = 13389,89 sec. (1696975,39 ticks, tree = 1189,22 MB, solutions = 29)
  25445 18483    16778,7363  2677    17226,5074    16139,7941 20095136    6,31%
  25510 18700    17063,6901  1759    17226,5074    16139,7941 20340047    6,31%
  25572 18764    16964,6518  2321    17226,5074    16139,7941 20418454    6,31%
  25624 18666    16565,0461  3948    17226,5074    16139,7941 20305800    6,31%
  25685 18998    16626,0869  2671    17226,5074    16139,7941 20635748    6,31%
  25759 18802    16614,8661  2208    17226,5074    16139,7941 20464539    6,31%
  25822 18781    16270,8339  3643    17226,5074    16139,7941 20437482    6,31%
  25881 18899    16681,1756  2782    17226,5074    16140,1723 20543305    6,31%
  25919 18831    17165,9768  1740    17226,5074    16140,1723 20480374    6,31%
  25966 19094    16305,9078  3750    17226,5074    16141,8999 20715941    6,30%
Elapsed time = 13766,67 sec. (1735795,13 ticks, tree = 1225,39 MB, solutions = 29)
  26004 19159    16815,3721  2237    17226,5074    16141,8999 20793262    6,30%
  26037 19434    16356,1766  3292    17226,5074    16141,8999 21056650    6,30%
  26069 19067    16618,1188  2545    17226,5074    16141,8999 20696562    6,30%
  26115 19322    17169,4754  2277    17226,5074    16141,8999 20949275    6,30%
  26166 19222    17182,1716  1748    17226,5074    16144,8033 20846897    6,28%
  26200 19531    16835,4805  2937    17226,5074    16144,8037 21150176    6,28%
  26245 19537    16986,4156  2860    17226,5074    16144,8760 21155015    6,28%
  26310 19546    17170,0212  2681    17226,5074    16145,1252 21160296    6,28%
  26382 19668    16972,4439  2342    17226,5074    16145,1252 21285281    6,28%
  26434 19683    17127,9092  2216    17226,5074    16145,1252 21290960    6,28%
Elapsed time = 14182,86 sec. (1774799,68 ticks, tree = 1272,05 MB, solutions = 29)
  26494 19565    17065,7354  2309    17226,5074    16145,1252 21189820    6,28%
  26551 19761    17178,9064  2868    17226,5074    16145,1252 21405749    6,28%
  26621 19658    17025,1556  2353    17226,5074    16145,1252 21277675    6,28%
  26688 19699    16417,7597  3757    17226,5074    16145,1252 21357167    6,28%
  26754 19711    16757,6851  2560    17226,5074    16145,1252 21314063    6,28%
  26840 19664    16378,9437  3270    17226,5074    16145,1252 21290823    6,28%
  26918 19886    17133,5328  2403    17226,5074    16145,1252 21511386    6,28%
  26976 19963    16524,0470  2805    17226,5074    16145,1253 21609170    6,28%
  27026 20023    16461,2083  3025    17226,5074    16145,8802 21657544    6,27%
  27091 19969    16602,1969  2883    17226,5074    16146,5025 21617812    6,27%
Elapsed time = 14451,71 sec. (1813439,19 ticks, tree = 1292,77 MB, solutions = 29)
  27132 20034    16690,2046  2335    17226,5074    16146,6469 21666589    6,27%
  27181 20243    16877,9508  1871    17226,5074    16146,6701 21867979    6,27%
  27237 20253    17082,6612   614    17226,5074    16146,7114 21874135    6,27%
  27315 20211    16827,0645  2445    17226,5074    16146,7342 21837255    6,27%
  27395 20414    17016,5442  2265    17226,5074    16146,8464 21996678    6,27%
  27451 20228    17164,9787  1358    17226,5074    16146,8464 21848510    6,27%
  27501 20458    16285,5549  3640    17226,5074    16146,8464 22038603    6,27%
  27529 20270    16399,2001  3050    17226,5074    16147,3724 21886468    6,26%
  27574 20463    16494,1642  3306    17226,5074    16147,3724 22047212    6,26%
  27631 20513    17007,5226  2228    17226,5074    16147,3724 22094920    6,26%
Elapsed time = 14769,41 sec. (1852368,18 ticks, tree = 1336,44 MB, solutions = 29)
  27704 20677    16832,8921  2043    17226,5074    16147,3724 22249159    6,26%
  27786 20690    17021,8031  1708    17226,5074    16147,3724 22254349    6,26%
  27890 20719    17097,8384  1817    17226,5074    16147,3724 22298671    6,26%
  27950 20616    17167,4425  2662    17226,5074    16147,3724 22185030    6,26%
  28003 20724    16508,4407  3212    17226,5074    16147,3724 22308007    6,26%
  28060 20966    16631,2700  3300    17226,5074    16149,3718 22610023    6,25%
  28099 20726    16572,0101  3070    17226,5074    16149,6666 22310814    6,25%
  28151 21195    17128,2556  2374    17226,5074    16150,2118 22807927    6,25%
  28214 20864    16241,0219  3645    17226,5074    16150,5377 22477535    6,25%
  28264 21020    16546,2195  2758    17226,5074    16150,8332 22665570    6,24%
Elapsed time = 15085,15 sec. (1891148,08 ticks, tree = 1377,51 MB, solutions = 29)
  28319 21201    16701,1411  3605    17226,5074    16151,0502 22821065    6,24%
  28372 20925    16683,6640  2486    17226,5074    16151,0502 22561435    6,24%
  28416 21330    16380,9947  3644    17226,5074    16151,1516 22913850    6,24%
  28473 21401    16976,1028  2668    17226,5074    16151,4135 22999699    6,24%
  28543 21271    16816,2381  2605    17226,5074    16151,6573 22879842    6,24%
  28626 21214    16380,5721  3418    17226,5074    16151,6573 22844133    6,24%
  28704 21491    16962,1434  1555    17226,5074    16151,6573 23085990    6,24%
  28751 21496    17098,6165  1515    17226,5074    16151,6573 23089129    6,24%
  28820 21545    16310,5232  3855    17226,5074    16152,1608 23131591    6,24%
  28884 21642    16706,3935  2782    17226,5074    16152,1608 23300623    6,24%
Elapsed time = 15413,48 sec. (1930414,36 ticks, tree = 1418,69 MB, solutions = 29)
  28941 21587    17036,8798  2778    17226,5074    16152,1608 23223256    6,24%
  29000 21803    16836,8127  2710    17226,5074    16152,1608 23476439    6,24%
  29063 21568    16789,0076  2662    17226,5074    16152,1608 23191402    6,24%
  29116 21963    16706,7644  2634    17226,5074    16152,1608 23603450    6,24%
  29159 21601    16332,8953  3242    17226,5074    16155,3748 23237605    6,22%
  29215 21979    17009,2806  2052    17226,5074    16155,5381 23613562    6,22%
  29278 21797    17021,8141  1668    17226,5074    16155,9386 23458336    6,21%
  29357 21819    16543,5772  3217    17226,5074    16156,5530 23502931    6,21%
  29413 21997    16455,8872  3228    17226,5074    16156,5530 23629251    6,21%
  29473 22169    17152,8378  1785    17226,5074    16156,6489 23790067    6,21%
Elapsed time = 15725,93 sec. (1969231,78 ticks, tree = 1437,23 MB, solutions = 29)
  29538 22363        cutoff          17226,5074    16156,7125 24042700    6,21%
  29608 22079    17009,3843  2427    17226,5074    16157,2148 23720198    6,21%
  29671 22417    16745,9842  2234    17226,5074    16157,2345 24090757    6,21%
  29741 22490    17169,2262  1563    17226,5074    16157,7456 24142610    6,20%
  29811 22127    17059,8460  2413    17226,5074    16158,3458 23769959    6,20%
  29870 22502    16926,2757  2583    17226,5074    16158,7502 24187554    6,20%
  29916 22590    16219,4233  3573    17226,5074    16158,7502 24274779    6,20%

Zero-half cuts applied:  491
Lift and project cuts applied:  2
Gomory fractional cuts applied:  2

Root node processing (before b&c):
  Real time             =   82,14 sec. (29034,73 ticks)
Parallel b&c, 12 threads:
  Real time             = 15889,07 sec. (1971259,99 ticks)
  Sync time (average)   = 2070,48 sec.
  Wait time (average)   =    0,13 sec.
                          ------------
Total (root+branch&cut) = 15971,21 sec. (2000294,73 ticks)

