
Version identifier: 22.1.1.0 | 2022-11-28 | 9160aff4d
CPXPARAM_MultiObjective_Display                  0
CPXPARAM_WorkMem                                 8192
CPXPARAM_DetTimeLimit                            2000000
Tried aggregator 3 times.
MIP Presolve eliminated 22837 rows and 126594 columns.
Aggregator did 328 substitutions.
Reduced MIP has 1754 rows, 6224 columns, and 14148 nonzeros.
Reduced MIP has 6208 binaries, 16 generals, 0 SOSs, and 0 indicators.
Presolve time = 0,11 sec. (87,61 ticks)
Found incumbent of value 104612,900000 after 0,14 sec. (110,91 ticks)
Probing time = 0,01 sec. (5,14 ticks)
Tried aggregator 2 times.
Detecting symmetries...
Aggregator did 8 substitutions.
Reduced MIP has 1746 rows, 6216 columns, and 14132 nonzeros.
Reduced MIP has 6208 binaries, 8 generals, 0 SOSs, and 0 indicators.
Presolve time = 0,02 sec. (13,86 ticks)
Probing time = 0,01 sec. (5,08 ticks)
Clique table members: 8351.
MIP emphasis: balance optimality and feasibility.
MIP search method: dynamic search.
Parallel mode: deterministic, using up to 12 threads.
Root relaxation solution time = 0,22 sec. (131,04 ticks)

        Nodes                                         Cuts/
   Node  Left     Objective  IInf  Best Integer    Best Bound    ItCnt     Gap

*     0+    0                       104612,9000  -505117,0000           582,84%
*     0+    0                        94754,9980  -505117,0000           633,08%
*     0+    0                        94747,2760  -505117,0000           633,12%
*     0+    0                        94739,5540  -505117,0000           633,16%
*     0+    0                        94731,8320  -505117,0000           633,21%
*     0+    0                        94724,1100  -505117,0000           633,25%
*     0+    0                        94716,3880  -505117,0000           633,29%
*     0+    0                        94708,6660  -505117,0000           633,34%
*     0+    0                        94700,9440  -505117,0000           633,38%
*     0+    0                        94693,7890  -505117,0000           633,42%
*     0     0      integral     0     9861,3000     9861,3000     3057    0,00%
Elapsed time = 0,44 sec. (298,77 ticks, tree = 0,00 MB, solutions = 11)

Root node processing (before b&c):
  Real time             =    0,46 sec. (311,32 ticks)
Parallel b&c, 12 threads:
  Real time             =    0,00 sec. (0,00 ticks)
  Sync time (average)   =    0,00 sec.
  Wait time (average)   =    0,00 sec.
                          ------------
Total (root+branch&cut) =    0,46 sec. (311,32 ticks)

