
Version identifier: 22.1.1.0 | 2022-11-28 | 9160aff4d
CPXPARAM_MultiObjective_Display                  0
CPXPARAM_WorkMem                                 8192
CPXPARAM_DetTimeLimit                            2000000
Tried aggregator 3 times.
MIP Presolve eliminated 18538 rows and 123487 columns.
Aggregator did 326 substitutions.
Reduced MIP has 1523 rows, 5173 columns, and 11851 nonzeros.
Reduced MIP has 5158 binaries, 15 generals, 0 SOSs, and 0 indicators.
Presolve time = 0,17 sec. (74,10 ticks)
Found incumbent of value 102477,720000 after 0,22 sec. (95,13 ticks)
Probing time = 0,04 sec. (4,81 ticks)
Tried aggregator 2 times.
Detecting symmetries...
Aggregator did 7 substitutions.
Reduced MIP has 1516 rows, 5166 columns, and 11837 nonzeros.
Reduced MIP has 5158 binaries, 8 generals, 0 SOSs, and 0 indicators.
Presolve time = 0,03 sec. (11,67 ticks)
Probing time = 0,01 sec. (4,77 ticks)
Clique table members: 7031.
MIP emphasis: balance optimality and feasibility.
MIP search method: dynamic search.
Parallel mode: deterministic, using up to 12 threads.
Root relaxation solution time = 0,18 sec. (139,85 ticks)

        Nodes                                         Cuts/
   Node  Left     Objective  IInf  Best Integer    Best Bound    ItCnt     Gap

*     0+    0                       102477,7200  -434858,0000           524,34%
*     0+    0                        89659,6520  -434858,0000           585,01%
*     0+    0                        89651,9300  -434858,0000           585,05%
*     0+    0                        89644,2080  -434858,0000           585,09%
*     0+    0                        89636,4860  -434858,0000           585,14%
*     0+    0                        89628,7640  -434858,0000           585,18%
*     0+    0                        89621,0420  -434858,0000           585,22%
*     0+    0                        89613,3200  -434858,0000           585,26%
*     0+    0                        89605,5980  -434858,0000           585,30%
*     0+    0                        89597,8760  -434858,0000           585,34%
      0     0    14124,2500   414    89597,8760    14124,2500       25   84,24%
*     0+    0                        14261,0000    14124,2500             0,96%
      0     0    14142,4706   613    14261,0000      Cuts: 49      148    0,83%
      0     0    14159,3571   618    14261,0000      Cuts: 41      311    0,71%
*     0+    0                        14224,0000    14159,3571             0,45%
      0     0        cutoff          14224,0000    14224,0000      311    0,00%
Elapsed time = 0,86 sec. (477,12 ticks, tree = 0,01 MB, solutions = 12)

Zero-half cuts applied:  9
Gomory fractional cuts applied:  2

Root node processing (before b&c):
  Real time             =    0,87 sec. (490,12 ticks)
Parallel b&c, 12 threads:
  Real time             =    0,00 sec. (0,00 ticks)
  Sync time (average)   =    0,00 sec.
  Wait time (average)   =    0,00 sec.
                          ------------
Total (root+branch&cut) =    0,87 sec. (490,12 ticks)

