
Version identifier: 22.1.1.0 | 2022-11-28 | 9160aff4d
CPXPARAM_MultiObjective_Display                  0
CPXPARAM_TimeLimit                               60000
CPXPARAM_WorkMem                                 8192
CPXPARAM_DetTimeLimit                            60000
Tried aggregator 3 times.
MIP Presolve eliminated 23498 rows and 130045 columns.
Aggregator did 284 substitutions.
Reduced MIP has 1201 rows, 3567 columns, and 8348 nonzeros.
Reduced MIP has 3553 binaries, 14 generals, 0 SOSs, and 0 indicators.
Presolve time = 0,10 sec. (81,71 ticks)
Found incumbent of value 112111,626879 after 0,12 sec. (99,18 ticks)
Probing time = 0,01 sec. (3,92 ticks)
Tried aggregator 2 times.
Detecting symmetries...
Aggregator did 7 substitutions.
Reduced MIP has 1194 rows, 3560 columns, and 8334 nonzeros.
Reduced MIP has 3553 binaries, 7 generals, 0 SOSs, and 0 indicators.
Presolve time = 0,01 sec. (8,23 ticks)
Probing time = 0,01 sec. (3,92 ticks)
Clique table members: 5244.
MIP emphasis: balance optimality and feasibility.
MIP search method: dynamic search.
Parallel mode: deterministic, using up to 12 threads.
Root relaxation solution time = 0,06 sec. (40,86 ticks)

        Nodes                                         Cuts/
   Node  Left     Objective  IInf  Best Integer    Best Bound    ItCnt     Gap

*     0+    0                       112111,6269  -386188,6745           444,47%
*     0+    0                        91627,5539  -386188,6745           521,48%
*     0+    0                        91619,4809  -386188,6745           521,51%
*     0+    0                        91611,4079  -386188,6745           521,55%
*     0+    0                        91603,3349  -386188,6745           521,59%
*     0+    0                        91595,2619  -386188,6745           521,63%
*     0+    0                        91587,1889  -386188,6745           521,66%
*     0+    0                        91579,1159  -386188,6745           521,70%
*     0+    0                        91571,0429  -386188,6745           521,74%
*     0+    0                        91562,9699  -386188,6745           521,77%
      0     0    17592,8593   262    91562,9699    17592,8593     1609   80,79%
*     0+    0                        17962,5465    17592,8593             2,06%
*     0     0      integral     0    17945,4781      Cuts: 17     1634    0,00%
      0     0        cutoff          17945,4781    17945,4781     1634    0,00%
Elapsed time = 0,42 sec. (231,88 ticks, tree = 0,01 MB, solutions = 12)

Zero-half cuts applied:  15
Lift and project cuts applied:  1
Gomory fractional cuts applied:  1

Root node processing (before b&c):
  Real time             =    0,43 sec. (245,36 ticks)
Parallel b&c, 12 threads:
  Real time             =    0,00 sec. (0,00 ticks)
  Sync time (average)   =    0,00 sec.
  Wait time (average)   =    0,00 sec.
                          ------------
Total (root+branch&cut) =    0,43 sec. (245,36 ticks)

