
Version identifier: 22.1.1.0 | 2022-11-28 | 9160aff4d
CPXPARAM_MultiObjective_Display                  0
CPXPARAM_WorkMem                                 8192
CPXPARAM_DetTimeLimit                            2000000
Tried aggregator 3 times.
MIP Presolve eliminated 22351 rows and 128278 columns.
MIP Presolve modified 18 coefficients.
Aggregator did 269 substitutions.
Reduced MIP has 1420 rows, 4199 columns, and 9746 nonzeros.
Reduced MIP has 4184 binaries, 15 generals, 0 SOSs, and 0 indicators.
Presolve time = 0,11 sec. (83,68 ticks)
Found incumbent of value 103639,300000 after 0,13 sec. (103,98 ticks)
Probing time = 0,02 sec. (12,26 ticks)
Tried aggregator 2 times.
Detecting symmetries...
MIP Presolve eliminated 2 rows and 2 columns.
Aggregator did 7 substitutions.
Reduced MIP has 1411 rows, 4190 columns, and 9728 nonzeros.
Reduced MIP has 4182 binaries, 8 generals, 0 SOSs, and 0 indicators.
Presolve time = 0,01 sec. (10,84 ticks)
Probing time = 0,01 sec. (4,02 ticks)
Clique table members: 6050.
MIP emphasis: balance optimality and feasibility.
MIP search method: dynamic search.
Parallel mode: deterministic, using up to 12 threads.
Root relaxation solution time = 0,07 sec. (58,73 ticks)

        Nodes                                         Cuts/
   Node  Left     Objective  IInf  Best Integer    Best Bound    ItCnt     Gap

*     0+    0                       103639,3000  -394369,0000           480,52%
*     0+    0                        87007,9220  -394369,0000           553,26%
*     0+    0                        86998,7960  -394369,0000           553,30%
*     0+    0                        86989,6700  -394369,0000           553,35%
*     0+    0                        86980,5440  -394369,0000           553,40%
*     0+    0                        86971,4180  -394369,0000           553,45%
*     0+    0                        86962,2920  -394369,0000           553,49%
*     0+    0                        86953,1660  -394369,0000           553,54%
*     0+    0                        86945,1200  -394369,0000           553,58%
*     0+    0                        86937,3980  -394369,0000           553,62%
      0     0    23707,2500   149    86937,3980    23707,2500     1951   72,73%
*     0+    0                        37203,0000    23707,2500            36,28%
*     0+    0                        23734,0000    23707,2500             0,11%
      0     0        cutoff          23734,0000    23734,0000     2013    0,00%
Elapsed time = 0,49 sec. (350,85 ticks, tree = 0,01 MB, solutions = 12)

Zero-half cuts applied:  3
Lift and project cuts applied:  2
Gomory fractional cuts applied:  3

Root node processing (before b&c):
  Real time             =    0,50 sec. (364,21 ticks)
Parallel b&c, 12 threads:
  Real time             =    0,00 sec. (0,00 ticks)
  Sync time (average)   =    0,00 sec.
  Wait time (average)   =    0,00 sec.
                          ------------
Total (root+branch&cut) =    0,50 sec. (364,21 ticks)

