
Version identifier: 22.1.1.0 | 2022-11-28 | 9160aff4d
CPXPARAM_MultiObjective_Display                  0
CPXPARAM_TimeLimit                               2000000
CPXPARAM_WorkMem                                 8192
CPXPARAM_DetTimeLimit                            2000000
Tried aggregator 4 times.
MIP Presolve eliminated 127545 rows and 1110777 columns.
Aggregator did 600 substitutions.
Reduced MIP has 1810 rows, 4465 columns, and 10703 nonzeros.
Reduced MIP has 4442 binaries, 23 generals, 0 SOSs, and 0 indicators.
Presolve time = 1,08 sec. (712,92 ticks)
Found incumbent of value 201670,875797 after 1,21 sec. (797,32 ticks)
Probing time = 0,04 sec. (16,46 ticks)
Tried aggregator 3 times.
Detecting symmetries...
MIP Presolve eliminated 8 rows and 21 columns.
Aggregator did 21 substitutions.
Reduced MIP has 1781 rows, 4423 columns, and 10613 nonzeros.
Reduced MIP has 4409 binaries, 14 generals, 0 SOSs, and 0 indicators.
Presolve time = 0,03 sec. (20,19 ticks)
Probing time = 0,01 sec. (4,54 ticks)
Clique table members: 6632.
MIP emphasis: balance optimality and feasibility.
MIP search method: dynamic search.
Parallel mode: deterministic, using up to 12 threads.
Root relaxation solution time = 0,06 sec. (38,23 ticks)

        Nodes                                         Cuts/
   Node  Left     Objective  IInf  Best Integer    Best Bound    ItCnt     Gap

*     0+    0                       201670,8758  -599241,1363           397,14%
*     0     0      integral     0    74329,0062    74329,0062     2105    0,00%
Elapsed time = 1,45 sec. (963,37 ticks, tree = 0,00 MB, solutions = 2)

Root node processing (before b&c):
  Real time             =    1,51 sec. (1000,69 ticks)
Parallel b&c, 12 threads:
  Real time             =    0,00 sec. (0,00 ticks)
  Sync time (average)   =    0,00 sec.
  Wait time (average)   =    0,00 sec.
                          ------------
Total (root+branch&cut) =    1,51 sec. (1000,69 ticks)

