
Version identifier: 22.1.1.0 | 2022-11-28 | 9160aff4d
CPXPARAM_MultiObjective_Display                  0
CPXPARAM_TimeLimit                               60000
CPXPARAM_WorkMem                                 8192
CPXPARAM_DetTimeLimit                            60000
Tried aggregator 3 times.
MIP Presolve eliminated 21087 rows and 127424 columns.
Aggregator did 368 substitutions.
Reduced MIP has 1704 rows, 5864 columns, and 13414 nonzeros.
Reduced MIP has 5848 binaries, 16 generals, 0 SOSs, and 0 indicators.
Presolve time = 0,10 sec. (83,88 ticks)
Found incumbent of value 104385,224163 after 0,13 sec. (106,48 ticks)
Probing time = 0,01 sec. (5,07 ticks)
Tried aggregator 2 times.
Detecting symmetries...
Aggregator did 8 substitutions.
Reduced MIP has 1696 rows, 5856 columns, and 13398 nonzeros.
Reduced MIP has 5848 binaries, 8 generals, 0 SOSs, and 0 indicators.
Presolve time = 0,01 sec. (13,26 ticks)
Probing time = 0,01 sec. (5,03 ticks)
Clique table members: 7938.
MIP emphasis: balance optimality and feasibility.
MIP search method: dynamic search.
Parallel mode: deterministic, using up to 12 threads.
Root relaxation solution time = 0,24 sec. (148,11 ticks)

        Nodes                                         Cuts/
   Node  Left     Objective  IInf  Best Integer    Best Bound    ItCnt     Gap

*     0+    0                       104385,2242  -503380,0000           582,23%
*     0+    0                        93509,1562  -503380,0000           638,32%
*     0+    0                        93501,4342  -503380,0000           638,37%
*     0+    0                        93493,7122  -503380,0000           638,41%
*     0+    0                        93485,9902  -503380,0000           638,46%
*     0+    0                        93478,2682  -503380,0000           638,50%
*     0+    0                        93470,5462  -503380,0000           638,54%
*     0+    0                        93462,8242  -503380,0000           638,59%
*     0+    0                        93455,1022  -503380,0000           638,63%
*     0+    0                        93447,3802  -503380,0000           638,68%
      0     0    13694,1637   707    93447,3802    13694,1637       27   85,35%
*     0+    0                        30655,4910    13694,1637            55,33%
      0     0    13730,0806   713    30655,4910      Cuts: 33      243   55,21%
*     0+    0                        13855,3114    13730,0806             0,90%
      0     0    13741,6559   634    13855,3114      Cuts: 13      451    0,82%
*     0+    0                        13812,7187    13741,6559             0,51%

Repeating presolve.
Tried aggregator 3 times.
MIP Presolve eliminated 386 rows and 3099 columns.
MIP Presolve modified 4 coefficients.
Aggregator did 146 substitutions.
Reduced MIP has 1164 rows, 2610 columns, and 6464 nonzeros.
Reduced MIP has 2603 binaries, 7 generals, 0 SOSs, and 0 indicators.
Presolve time = 0,01 sec. (9,09 ticks)
Probing time = 0,01 sec. (3,32 ticks)
Tried aggregator 1 time.
Detecting symmetries...
Reduced MIP has 1164 rows, 2610 columns, and 6464 nonzeros.
Reduced MIP has 2603 binaries, 7 generals, 0 SOSs, and 0 indicators.
Presolve time = 0,01 sec. (4,93 ticks)
Represolve time = 0,08 sec. (90,69 ticks)
Probing time = 0,01 sec. (3,31 ticks)
Clique table members: 4079.
MIP emphasis: balance optimality and feasibility.
MIP search method: dynamic search.
Parallel mode: deterministic, using up to 12 threads.
Root relaxation solution time = 0,11 sec. (101,53 ticks)

        Nodes                                         Cuts/
   Node  Left     Objective  IInf  Best Integer    Best Bound    ItCnt     Gap

*     0+    0                        13812,7187    13741,6559             0,51%
      0     0    13741,6559   573    13812,7187    13741,6559     2697    0,51%
*     0+    0                        13808,9806    13741,6559             0,49%
      0     0    13745,8182   738    13808,9806      Cuts: 31     2819    0,36%
      0     0    13746,5338   735    13808,9806   ZeroHalf: 3     2879    0,36%
      0     0    13747,0582   745    13808,9806   ZeroHalf: 9     2922    0,36%
*     0+    0                        13807,4094    13759,7349             0,35%
      0     0        cutoff          13807,4094    13807,4094     2951    0,00%
Elapsed time = 2,00 sec. (1269,41 ticks, tree = 0,01 MB, solutions = 15)

Zero-half cuts applied:  21
Lift and project cuts applied:  1
Gomory fractional cuts applied:  2

Root node processing (before b&c):
  Real time             =    2,01 sec. (1285,52 ticks)
Parallel b&c, 12 threads:
  Real time             =    0,00 sec. (0,00 ticks)
  Sync time (average)   =    0,00 sec.
  Wait time (average)   =    0,00 sec.
                          ------------
Total (root+branch&cut) =    2,01 sec. (1285,52 ticks)

