
Version identifier: 22.1.1.0 | 2022-11-28 | 9160aff4d
CPXPARAM_MultiObjective_Display                  0
CPXPARAM_TimeLimit                               60000
CPXPARAM_WorkMem                                 8192
CPXPARAM_DetTimeLimit                            60000
Tried aggregator 3 times.
MIP Presolve eliminated 20766 rows and 126775 columns.
Aggregator did 322 substitutions.
Reduced MIP has 1459 rows, 5058 columns, and 11544 nonzeros.
Reduced MIP has 5043 binaries, 15 generals, 0 SOSs, and 0 indicators.
Presolve time = 0,11 sec. (84,15 ticks)
Found incumbent of value 103516,486454 after 0,13 sec. (105,33 ticks)
Probing time = 0,01 sec. (4,83 ticks)
Tried aggregator 2 times.
Detecting symmetries...
Aggregator did 7 substitutions.
Reduced MIP has 1452 rows, 5051 columns, and 11530 nonzeros.
Reduced MIP has 5043 binaries, 8 generals, 0 SOSs, and 0 indicators.
Presolve time = 0,01 sec. (11,30 ticks)
Probing time = 0,02 sec. (4,75 ticks)
Clique table members: 6842.
MIP emphasis: balance optimality and feasibility.
MIP search method: dynamic search.
Parallel mode: deterministic, using up to 12 threads.
Root relaxation solution time = 0,24 sec. (127,79 ticks)

        Nodes                                         Cuts/
   Node  Left     Objective  IInf  Best Integer    Best Bound    ItCnt     Gap

*     0+    0                       103516,4865  -416379,0000           502,23%
*     0+    0                        88751,1405  -416379,0000           569,15%
*     0+    0                        88743,4185  -416379,0000           569,19%
*     0+    0                        88735,6965  -416379,0000           569,24%
*     0+    0                        88727,9745  -416379,0000           569,28%
*     0+    0                        88720,2525  -416379,0000           569,32%
*     0+    0                        88712,5305  -416379,0000           569,36%
*     0+    0                        88704,8085  -416379,0000           569,40%
*     0+    0                        88697,0865  -416379,0000           569,44%
*     0+    0                        88689,3645  -416379,0000           569,48%
      0     0     8410,8439   366    88689,3645     8410,8439     2918   90,52%
*     0+    0                        32478,5744     8410,8439            74,10%
*     0+    0                         8496,6459     8410,8439             1,01%
      0     0        cutoff           8496,6459     8496,6459     3112    0,00%
Elapsed time = 0,74 sec. (494,68 ticks, tree = 0,01 MB, solutions = 12)

Zero-half cuts applied:  14
Lift and project cuts applied:  2
Gomory fractional cuts applied:  4

Root node processing (before b&c):
  Real time             =    0,76 sec. (508,01 ticks)
Parallel b&c, 12 threads:
  Real time             =    0,00 sec. (0,00 ticks)
  Sync time (average)   =    0,00 sec.
  Wait time (average)   =    0,00 sec.
                          ------------
Total (root+branch&cut) =    0,76 sec. (508,01 ticks)

