
Version identifier: 22.1.1.0 | 2022-11-28 | 9160aff4d
CPXPARAM_MultiObjective_Display                  0
CPXPARAM_TimeLimit                               2000000
CPXPARAM_WorkMem                                 8192
CPXPARAM_DetTimeLimit                            2000000
Tried aggregator 4 times.
MIP Presolve eliminated 133736 rows and 1083907 columns.
Aggregator did 1370 substitutions.
Reduced MIP has 6308 rows, 35345 columns, and 77134 nonzeros.
Reduced MIP has 35313 binaries, 32 generals, 0 SOSs, and 0 indicators.
Presolve time = 1,01 sec. (736,88 ticks)
Found incumbent of value 188973,346513 after 1,18 sec. (883,21 ticks)
Tried aggregator 2 times.
Detecting symmetries...
Aggregator did 16 substitutions.
Reduced MIP has 6292 rows, 35329 columns, and 77102 nonzeros.
Reduced MIP has 35313 binaries, 16 generals, 0 SOSs, and 0 indicators.
Presolve time = 0,07 sec. (71,16 ticks)
Probing time = 0,07 sec. (15,40 ticks)
Clique table members: 42898.
MIP emphasis: balance optimality and feasibility.
MIP search method: dynamic search.
Parallel mode: deterministic, using up to 12 threads.
Root relaxation solution time = 1,03 sec. (602,01 ticks)

        Nodes                                         Cuts/
   Node  Left     Objective  IInf  Best Integer    Best Bound    ItCnt     Gap

*     0+    0                       188973,3465 -2147679,0000              --- 
*     0+    0                       174236,0865 -2147679,0000              --- 
*     0+    0                       174217,8345 -2147679,0000              --- 
*     0+    0                       174199,5825 -2147679,0000              --- 
*     0+    0                       174181,3305 -2147679,0000              --- 
*     0+    0                       174163,0785 -2147679,0000              --- 
*     0+    0                       174145,9065 -2147679,0000              --- 
*     0+    0                       174129,0585 -2147679,0000              --- 
*     0+    0                       174112,2105 -2147679,0000              --- 
*     0+    0                       174095,3625 -2147679,0000              --- 
      0     0    16418,1453  2473   174095,3625    16418,1453       42   90,57%
*     0+    0                       115924,3299    16418,1453            85,84%
      0     0    16426,7536  2570   115924,3299   ZeroHalf: 5      545   85,83%
*     0+    0                        36260,3616    16426,7536            54,70%
      0     0    16443,0040  2609    36260,3616   ZeroHalf: 7     1168   54,65%
      0     0    16444,9954  2562    36260,3616   ZeroHalf: 4     1427   54,65%
      0     0    16448,0243  2579    36260,3616   ZeroHalf: 3     1663   54,64%
      0     0    16449,5905  2579    36260,3616   ZeroHalf: 5     1851   54,63%
Detecting symmetries...
      0     0    16456,5203  2587    36260,3616   ZeroHalf: 2     2222   54,62%
      0     0    16463,8446  2614    36260,3616   ZeroHalf: 3     2501   54,60%
      0     0    16463,8446  2619    36260,3616   ZeroHalf: 1     2507   54,60%
      0     0    16464,7797  2650    36260,3616   ZeroHalf: 1     2669   54,59%
Detecting symmetries...
      0     2    16464,7797  2650    36260,3616    16464,7797     2669   54,59%
Elapsed time = 33,54 sec. (16978,63 ticks, tree = 0,02 MB, solutions = 12)
      1     3    16481,4772  2573    36260,3616    16464,7850     3980   54,59%
      2     4    16494,9405  2561    36260,3616    16464,7850     5034   54,59%
      4     4    16539,8237  2181    36260,3616    16464,7850     5618   54,59%
      5     5    16526,1988  2592    36260,3616    16464,7850     6185   54,59%
      7     6    16580,1778  1936    36260,3616    16481,6570     8941   54,55%
      8     7    16579,2276  2239    36260,3616    16494,9541    10526   54,51%
     12     8    16606,5898  2254    36260,3616    16494,9541    11890   54,51%
     13     9    16589,1074  2223    36260,3616    16519,2540    18054   54,44%
     14     9    16612,0307  1988    36260,3616    16519,2540    17722   54,44%
     23    13    16625,3694  2097    36260,3616    16555,0142    22744   54,34%
Elapsed time = 56,93 sec. (22527,61 ticks, tree = 0,02 MB, solutions = 12)
     28    19    16673,3064  2036    36260,3616    16555,0142    59431   54,34%
     34    26    16644,3929  2042    36260,3616    16569,8620    96231   54,30%
     39    30    16675,4106  2205    36260,3616    16569,8620   130525   54,30%
     46    39    16949,9473  1832    36260,3616    16569,8620   242800   54,30%
     51    45    16762,4122  1716    36260,3616    16569,8620   264112   54,30%
     58    40    16982,0433  1786    36260,3616    16569,8620   246929   54,30%
     62    49    16831,2700  2059    36260,3616    16569,8620   279000   54,30%
     74    68    16858,5467  2064    36260,3616    16569,8620   336577   54,30%
     91    75    16874,8674  1843    36260,3616    16569,8620   344863   54,30%
    108    84    16880,1225  1853    36260,3616    16569,8620   357620   54,30%
Elapsed time = 128,41 sec. (32772,07 ticks, tree = 0,50 MB, solutions = 12)
    124   102    17129,2491  1152    36260,3616    16569,8620   378352   54,30%
*   140+  111                        17172,7463    16569,8620             3,51%
    142   128    16990,3131  1673    17172,7463    16569,8620   403634    3,51%
*   168   132      integral     0    17166,7155    16569,8620   410162    3,48%
    172   140    17085,5221  1687    17166,7155    16569,8620   417553    3,48%
    204   127    17053,9785  1628    17166,7155    16569,8620   403994    3,48%
    237   154    17157,7443  1352    17166,7155    16569,8620   428304    3,48%
    259   181    16875,4857  2031    17166,7155    16569,8620   467031    3,48%
    284   181    16750,4046  1699    17166,7155    16584,3107   463793    3,39%
    311   190    16708,1587  2393    17166,7155    16613,9387   479471    3,22%
    335   197    17053,9071  1687    17166,7155    16613,9387   487586    3,22%
    366   209    17032,4196  1485    17166,7155    16621,7074   502584    3,17%
Elapsed time = 201,24 sec. (42627,10 ticks, tree = 3,53 MB, solutions = 17)
    401   259    16942,8503  1689    17166,7155    16621,7074   548688    3,17%
*   417   270      integral     0    17057,7318    16621,7074   563420    2,56%
    434   255    17110,1065  1617    17057,7318    16621,7074   546610    2,56%
    465   266    16973,7071  1796    17057,7318    16621,7074   584892    2,56%
    499   269    16706,9633  2055    17057,7318    16631,4600   607653    2,50%
    538   272    16881,7802  2159    17057,7318    16642,1057   604252    2,44%
    579   294    16933,9635  1980    17057,7318    16642,2121   645620    2,44%
    617   284    16850,6581  1706    17057,7318    16642,2121   630151    2,44%
    654   301    16761,5014  1860    17057,7318    16654,6884   655217    2,36%
    690   359    16773,6919  1956    17057,7318    16654,6884   698198    2,36%
    723   413    16979,9622  2196    17057,7318    16671,3751   752469    2,26%
Elapsed time = 273,16 sec. (52542,19 ticks, tree = 10,27 MB, solutions = 18)
    757   374    17045,9516  1699    17057,7318    16674,6716   712444    2,25%
    788   437    16781,6575  1875    17057,7318    16681,2195   778590    2,21%
    814   439    16840,4743  1510    17057,7318    16681,2195   780564    2,21%
    849   453    16991,5300  2030    17057,7318    16681,2195   798378    2,21%
    888   480        cutoff          17057,7318    16681,2195   839497    2,21%
    920   468        cutoff          17057,7318    16691,0893   816916    2,15%
    960   495    16962,0843  1681    17057,7318    16693,1346   849980    2,14%
    995   511    16913,2416  2034    17057,7318    16696,4064   871725    2,12%
   1033   592        cutoff          17057,7318    16699,2475   954681    2,10%
   1077   543        cutoff          17057,7318    16699,6928   908658    2,10%
Elapsed time = 346,36 sec. (62309,43 ticks, tree = 13,95 MB, solutions = 18)
   1119   580    16837,2006  2230    17057,7318    16699,6928   944897    2,10%
   1147   607    16852,3254  2051    17057,7318    16699,6928   970731    2,10%
   1192   638    16866,6058  2194    17057,7318    16699,6928  1006926    2,10%
   1235   646    16822,7099  1777    17057,7318    16699,6928  1016938    2,10%
   1264   669    16839,6677  1811    17057,7318    16709,7611  1042600    2,04%
   1299   613    16951,1358  2020    17057,7318    16709,7611   969082    2,04%
   1341   673    17051,5611  1772    17057,7318    16712,0497  1045483    2,03%
   1380   682    16828,2421  1856    17057,7318    16714,3623  1057778    2,01%
   1407   763    16992,9866  1774    17057,7318    16715,9943  1139021    2,00%
   1446   727        cutoff          17057,7318    16718,1181  1104300    1,99%
Elapsed time = 421,47 sec. (72207,14 ticks, tree = 23,32 MB, solutions = 18)
   1483   762    17022,4827  1367    17057,7318    16719,1445  1134127    1,98%
   1523   750    16885,5997  1835    17057,7318    16719,1445  1125998    1,98%
   1558   784    17014,0983  1727    17057,7318    16724,4494  1171899    1,95%
   1594   813    16852,2323  1618    17057,7318    16726,0681  1213921    1,94%
   1641   822        cutoff          17057,7318    16726,4492  1225882    1,94%
   1686   861    16893,1083  1873    17057,7318    16726,7737  1293421    1,94%
   1730   859        cutoff          17057,7318    16726,7737  1277594    1,94%
   1766   920        cutoff          17057,7318    16739,7178  1374817    1,86%
   1810   928    16987,5456  1811    17057,7318    16740,1761  1384210    1,86%
   1844   882    16810,9264  2013    17057,7318    16741,2938  1319205    1,86%
Elapsed time = 495,23 sec. (82003,95 ticks, tree = 26,22 MB, solutions = 18)
   1881   920    16941,5398  1648    17057,7318    16742,2378  1369460    1,85%
   1928   932    16978,6399  1717    17057,7318    16745,7727  1390501    1,83%
   1972  1003    17035,0611  1890    17057,7318    16748,1450  1467640    1,81%
   2012   977    16949,3561  1915    17057,7318    16751,1506  1436065    1,80%
   2062   994    16999,8203  1710    17057,7318    16752,3750  1455534    1,79%
   2101   981    16962,7135  1824    17057,7318    16752,8525  1440013    1,79%
   2135  1048        cutoff          17057,7318    16753,8477  1524824    1,78%
   2174  1049    16929,7300  1747    17057,7318    16758,0445  1526990    1,76%
   2212  1063    16998,7396  1667    17057,7318    16759,3553  1545761    1,75%
   2255  1106        cutoff          17057,7318    16760,3370  1601915    1,74%
Elapsed time = 569,61 sec. (91836,91 ticks, tree = 38,03 MB, solutions = 18)
   2299  1117        cutoff          17057,7318    16761,4786  1614397    1,74%
   2340  1082        cutoff          17057,7318    16762,9713  1580205    1,73%
   2375  1122    16837,6894  1973    17057,7318    16767,8601  1618471    1,70%
   2414  1145    16930,8622  1935    17057,7318    16768,2185  1669843    1,70%
   2458  1181    17057,0335  1855    17057,7318    16769,1948  1732959    1,69%
   2493  1138    16841,0732  2250    17057,7318    16769,1948  1664102    1,69%
   2537  1208    17043,7037  1426    17057,7318    16770,9548  1767099    1,68%
   2582  1232    16970,8427  2018    17057,7318    16774,3901  1824136    1,66%
   2617  1247        cutoff          17057,7318    16777,2456  1845545    1,64%
   2668  1241    16983,4730  1534    17057,7318    16779,5293  1838454    1,63%
Elapsed time = 644,53 sec. (101681,57 ticks, tree = 39,46 MB, solutions = 18)
   2711  1218    17017,7249  1587    17057,7318    16779,8472  1792345    1,63%
   2745  1236    16942,2762  1988    17057,7318    16779,8472  1831712    1,63%
   2781  1277    16937,7491  1830    17057,7318    16782,3566  1898099    1,61%
   2824  1327    16951,1909  2194    17057,7318    16785,9868  1958109    1,59%
   2876  1320        cutoff          17057,7318    16788,5949  1950882    1,58%
   2914  1360    17051,0709  1859    17057,7318    16789,1853  2021100    1,57%
   2961  1302    17017,1522  1530    17057,7318    16789,1853  1934944    1,57%
   3010  1360    16934,8995  1701    17057,7318    16790,4749  2024948    1,57%
   3055  1375    16957,0705  1698    17057,7318    16795,1856  2054968    1,54%
   3231  1384    16876,8147  1572    17057,7318    16797,1602  2074040    1,53%
Elapsed time = 741,06 sec. (114260,33 ticks, tree = 44,66 MB, solutions = 18)
   3396  1510    16980,7311  1616    17057,7318    16806,5469  2257169    1,47%
*  3425  1485      integral     0    17053,8973    16806,5469  2207284    1,45%
   3588  1551    17039,0668  1987    17053,8973    16812,7957  2353401    1,41%
   3772  1619    16923,8309  1972    17053,8973    16817,4793  2493808    1,39%
   3954  1618        cutoff          17053,8973    16822,0458  2490541    1,36%
*  4104  1688      integral     0    17048,9784    16825,0840  2659418    1,31%
   4148  1683    16961,0939  1563    17048,9784    16825,0840  2650428    1,31%
   4337  1694    17016,4946  1561    17048,9784    16830,3781  2687472    1,28%
*  4366  1710      integral     0    17037,8638    16830,3781  2751848    1,22%
   4548  1740    17039,0570  2077    17037,8638    16837,5177  2811357    1,18%
   4722  1742    16927,5717  1850    17037,8638    16840,6629  2875043    1,16%
Elapsed time = 982,79 sec. (146177,21 ticks, tree = 58,80 MB, solutions = 21)
   4913  1770    17014,9891  2001    17037,8638    16846,3687  2978875    1,12%
   5115  1814    17000,9717  1783    17037,8638    16851,2650  3177741    1,10%
   5305  1845    16901,3538  1775    17037,8638    16856,0219  3247264    1,07%
   5502  1860        cutoff          17037,8638    16859,6826  3323416    1,05%
   5691  1883        cutoff          17037,8638    16863,9914  3455347    1,02%
   5779  1888    17015,2415  1781    17037,8638    16863,9914  3474243    1,02%

Performing restart 1

Repeating presolve.
Tried aggregator 4 times.
MIP Presolve eliminated 750 rows and 11359 columns.
Aggregator did 184 substitutions.
Reduced MIP has 5358 rows, 23786 columns, and 53323 nonzeros.
Reduced MIP has 23770 binaries, 16 generals, 0 SOSs, and 0 indicators.
Presolve time = 0,07 sec. (61,54 ticks)
Tried aggregator 2 times.
MIP Presolve eliminated 45 rows and 579 columns.
Aggregator did 14 substitutions.
Reduced MIP has 5299 rows, 23193 columns, and 52102 nonzeros.
Reduced MIP has 23177 binaries, 16 generals, 0 SOSs, and 0 indicators.
Presolve time = 0,08 sec. (64,99 ticks)
Tried aggregator 1 time.
Reduced MIP has 5299 rows, 23193 columns, and 52102 nonzeros.
Reduced MIP has 23177 binaries, 16 generals, 0 SOSs, and 0 indicators.
Presolve time = 0,05 sec. (39,59 ticks)
Represolve time = 2,44 sec. (1763,22 ticks)
   5783     0    16477,0356  2522    17037,8638   ZeroHalf: 6  3632610    0,98%
   5783     0    16483,1050  2532    17037,8638   ZeroHalf: 8  3632889    0,98%
   5783     0    16487,5059  2651    17037,8638   ZeroHalf: 8  3633195    0,98%
   5783     0    16499,5611  2738    17037,8638      Cuts: 10  3633695    0,98%
   5783     0    16499,7204  2715    17037,8638   ZeroHalf: 3  3633785    0,98%
   5783     0    16500,6047  2789    17037,8638   ZeroHalf: 3  3633955    0,98%
   5783     2    16500,6047  2789    17037,8638    16870,2804  3633955    0,98%
   5793    11    16570,7438  2470    17037,8638    16870,2804  3646275    0,98%
   5856    40    16947,4984  1864    17037,8638    16870,2804  3692992    0,98%
   6014   161    16715,9370  2379    17037,8638    16870,2804  3783196    0,98%
Elapsed time = 1222,24 sec. (206324,24 ticks, tree = 2,11 MB, solutions = 21)
   6165   240    16819,0586  2111    17037,8638    16870,2804  3827345    0,98%
   6332   363        cutoff          17037,8638    16870,2804  3917608    0,98%
   6572   514    16878,1338  2031    17037,8638    16870,2804  4005842    0,98%
   6872   712    16869,3717  1969    17037,8638    16870,2804  4099197    0,98%
   6985   832    16963,8049  2194    17037,8638    16870,2804  4160151    0,98%
   7227   922    16922,3300  2155    17037,8638    16870,2804  4227053    0,98%
   7492  1035    17032,7890  1344    17037,8638    16870,2804  4290802    0,98%
   7726  1235    17009,4445  2010    17037,8638    16870,2804  4382083    0,98%
   7949  1415    16787,2842  2201    17037,8638    16870,2804  4491273    0,98%
   8130  1553    16873,0314  1835    17037,8638    16870,2804  4635734    0,98%
Elapsed time = 1460,02 sec. (244642,84 ticks, tree = 53,40 MB, solutions = 21)
   8276  1560        cutoff          17037,8638    16870,2804  4647352    0,98%
   8431  1663        cutoff          17037,8638    16870,2804  4763967    0,98%
   8622  1766    16965,3514  2076    17037,8638    16870,2804  4882483    0,98%
   8805  1833    16838,9372  2258    17037,8638    16870,2804  4948743    0,98%
   8974  1910        cutoff          17037,8638    16870,2804  5057030    0,98%
   9150  2007    16955,5502  1940    17037,8638    16870,2804  5189968    0,98%
   9349  2074    16950,3284  2013    17037,8638    16870,2804  5305755    0,98%
   9503  2157        cutoff          17037,8638    16870,2804  5387034    0,98%
   9623  2197    17024,2427  1837    17037,8638    16870,2804  5439279    0,98%
   9800  2244    16932,1856   945    17037,8638    16870,2804  5518482    0,98%
Elapsed time = 1696,33 sec. (283060,92 ticks, tree = 66,09 MB, solutions = 21)
   9997  2314        cutoff          17037,8638    16870,2804  5639502    0,98%
  10198  2335    17035,2332  1828    17037,8638    16870,2804  5693380    0,98%
  10378  2411        cutoff          17037,8638    16870,2804  5814655    0,98%
  10577  2476        cutoff          17037,8638    16870,2804  5884993    0,98%
  10778  2518    17014,3757  1754    17037,8638    16870,2804  6034768    0,98%
  11018  2561        cutoff          17037,8638    16870,2804  6131019    0,98%
  11212  2606        cutoff          17037,8638    16870,2804  6195680    0,98%
  11346  2698    16953,2780  1770    17037,8638    16870,2804  6318846    0,98%
  11497  2759    16995,8467  1867    17037,8638    16870,2804  6433399    0,98%
  11707  2746        cutoff          17037,8638    16870,2804  6470966    0,98%
Elapsed time = 1933,38 sec. (321413,96 ticks, tree = 75,71 MB, solutions = 21)
  11911  2792    16958,9215  2255    17037,8638    16870,2804  6560950    0,98%
  12119  2854    16944,5802  1874    17037,8638    16870,2804  6690927    0,98%
  12351  2862    16976,7681  1682    17037,8638    16870,2804  6840759    0,98%
  12549  2864    17023,0223  1561    17037,8638    16870,2804  6850460    0,98%
  12779  2897        cutoff          17037,8638    16870,2804  7007310    0,98%
  12974  2900    16911,5443   903    17037,8638    16870,2804  7108819    0,98%
  13196  2857    17035,2760  2144    17037,8638    16870,2804  7224972    0,98%
  13386  2837        cutoff          17037,8638    16870,2804  7384152    0,98%
* 13438  2844      integral     0    17033,7831    16870,2804  7344455    0,96%
  13563  2849    17000,8898  1035    17033,7831    16870,2804  7430463    0,96%
  13800  2770    17011,2028  2068    17033,7831    16870,2804  7580036    0,96%
Elapsed time = 2163,26 sec. (359695,89 ticks, tree = 73,97 MB, solutions = 22)
  14043  2749        cutoff          17033,7831    16870,2804  7635636    0,96%
  14333  2692    17027,4259   224    17033,7831    16870,2804  7752989    0,96%
  14610  2608        cutoff          17033,7831    16874,2339  7902972    0,94%
  14889  2554        cutoff          17033,7831    16884,2811  7959396    0,88%
  15192  2402        cutoff          17033,7831    16894,8691  8098851    0,82%
  15474  2326        cutoff          17033,7831    16905,0591  8179131    0,76%
  15772  2135        cutoff          17033,7831    16913,8295  8355074    0,70%
  16126  1952        cutoff          17033,7831    16922,7833  8467858    0,65%
* 16184  1959      integral     0    17005,0672    16924,9941  8456913    0,47%
* 16424  1433      integral     0    16995,7996    16932,5693  8566496    0,37%
* 16623  1084      integral     0    16983,4075    16942,1940  8601812    0,24%
* 16630   784      integral     0    16972,9239    16942,1940  8607986    0,18%

Zero-half cuts applied:  51
Gomory fractional cuts applied:  2

Root node processing (before b&c):
  Real time             =   32,59 sec. (17040,38 ticks)
Parallel b&c, 12 threads:
  Real time             = 2334,52 sec. (377611,34 ticks)
  Sync time (average)   =  265,86 sec.
  Wait time (average)   =    0,03 sec.
                          ------------
Total (root+branch&cut) = 2367,10 sec. (394651,72 ticks)

