
Version identifier: 22.1.1.0 | 2022-11-28 | 9160aff4d
CPXPARAM_MultiObjective_Display                  0
CPXPARAM_TimeLimit                               60000
CPXPARAM_WorkMem                                 8192
CPXPARAM_DetTimeLimit                            60000
Tried aggregator 3 times.
MIP Presolve eliminated 20885 rows and 127997 columns.
MIP Presolve modified 10 coefficients.
Aggregator did 237 substitutions.
Reduced MIP has 1090 rows, 3152 columns, and 7316 nonzeros.
Reduced MIP has 3139 binaries, 13 generals, 0 SOSs, and 0 indicators.
Presolve time = 0,10 sec. (77,38 ticks)
Found incumbent of value 95602,864961 after 0,12 sec. (96,67 ticks)
Probing time = 0,01 sec. (3,65 ticks)
Tried aggregator 3 times.
Detecting symmetries...
MIP Presolve eliminated 2 rows and 32 columns.
Aggregator did 36 substitutions.
Reduced MIP has 1052 rows, 3084 columns, and 7221 nonzeros.
Reduced MIP has 3077 binaries, 7 generals, 0 SOSs, and 0 indicators.
Presolve time = 0,01 sec. (8,57 ticks)
Probing time = 0,01 sec. (3,65 ticks)
Clique table members: 4425.
MIP emphasis: balance optimality and feasibility.
MIP search method: dynamic search.
Parallel mode: deterministic, using up to 12 threads.
Root relaxation solution time = 0,04 sec. (32,04 ticks)

        Nodes                                         Cuts/
   Node  Left     Objective  IInf  Best Integer    Best Bound    ItCnt     Gap

*     0+    0                        95602,8650  -287141,0000           400,35%
      0     0    26561,7671   285    95602,8650    26561,7671     1337   72,22%
*     0+    0                        26589,4700    26561,7671             0,10%
*     0     0      integral     0    26578,5410      Cuts: 25     1354    0,00%
      0     0        cutoff          26578,5410    26578,5410     1354    0,00%
Elapsed time = 0,32 sec. (200,52 ticks, tree = 0,01 MB, solutions = 3)

Zero-half cuts applied:  16
Gomory fractional cuts applied:  3

Root node processing (before b&c):
  Real time             =    0,33 sec. (205,84 ticks)
Parallel b&c, 12 threads:
  Real time             =    0,00 sec. (0,00 ticks)
  Sync time (average)   =    0,00 sec.
  Wait time (average)   =    0,00 sec.
                          ------------
Total (root+branch&cut) =    0,33 sec. (205,84 ticks)

