
Version identifier: 22.1.1.0 | 2022-11-28 | 9160aff4d
CPXPARAM_MultiObjective_Display                  0
CPXPARAM_TimeLimit                               60000
CPXPARAM_WorkMem                                 8192
CPXPARAM_DetTimeLimit                            60000
Tried aggregator 3 times.
MIP Presolve eliminated 21071 rows and 127805 columns.
Aggregator did 348 substitutions.
Reduced MIP has 1496 rows, 5193 columns, and 11896 nonzeros.
Reduced MIP has 5179 binaries, 14 generals, 0 SOSs, and 0 indicators.
Presolve time = 0,11 sec. (82,77 ticks)
Found incumbent of value 97585,128757 after 0,13 sec. (103,54 ticks)
Probing time = 0,01 sec. (4,80 ticks)
Tried aggregator 2 times.
Detecting symmetries...
Aggregator did 7 substitutions.
Reduced MIP has 1489 rows, 5186 columns, and 11882 nonzeros.
Reduced MIP has 5179 binaries, 7 generals, 0 SOSs, and 0 indicators.
Presolve time = 0,01 sec. (11,64 ticks)
Probing time = 0,01 sec. (4,81 ticks)
Clique table members: 7040.
MIP emphasis: balance optimality and feasibility.
MIP search method: dynamic search.
Parallel mode: deterministic, using up to 12 threads.
Root relaxation solution time = 0,17 sec. (104,15 ticks)

        Nodes                                         Cuts/
   Node  Left     Objective  IInf  Best Integer    Best Bound    ItCnt     Gap

*     0+    0                        97585,1288  -503059,5663           615,51%
*     0+    0                        83916,4718  -503059,5663           699,48%
*     0+    0                        83909,4788  -503059,5663           699,53%
*     0+    0                        83902,8098  -503059,5663           699,57%
*     0+    0                        83896,1408  -503059,5663           699,62%
*     0+    0                        83889,4718  -503059,5663           699,67%
*     0+    0                        83882,8028  -503059,5663           699,72%
*     0+    0                        83876,1338  -503059,5663           699,76%
*     0+    0                        83869,4648  -503059,5663           699,81%
*     0+    0                        83862,7958  -503059,5663           699,86%
      0     0     9170,6754   321    83862,7958     9170,6754     2611   89,06%
*     0+    0                         9203,8468     9170,6754             0,36%
      0     0        cutoff           9203,8468     9203,8468     2817    0,00%
Elapsed time = 0,56 sec. (380,76 ticks, tree = 0,01 MB, solutions = 11)

Zero-half cuts applied:  13
Lift and project cuts applied:  1
Gomory fractional cuts applied:  1

Root node processing (before b&c):
  Real time             =    0,58 sec. (393,31 ticks)
Parallel b&c, 12 threads:
  Real time             =    0,00 sec. (0,00 ticks)
  Sync time (average)   =    0,00 sec.
  Wait time (average)   =    0,00 sec.
                          ------------
Total (root+branch&cut) =    0,58 sec. (393,31 ticks)

