
Version identifier: 22.1.1.0 | 2022-11-28 | 9160aff4d
CPXPARAM_MultiObjective_Display                  0
CPXPARAM_WorkMem                                 8192
CPXPARAM_DetTimeLimit                            2000000
Found incumbent of value 132000,000000 after 0,01 sec. (5,94 ticks)
Tried aggregator 3 times.
MIP Presolve eliminated 18092 rows and 122793 columns.
Aggregator did 334 substitutions.
Reduced MIP has 1675 rows, 5959 columns, and 13546 nonzeros.
Reduced MIP has 5943 binaries, 16 generals, 0 SOSs, and 0 indicators.
Presolve time = 0,11 sec. (74,56 ticks)
Probing time = 0,01 sec. (5,02 ticks)
Tried aggregator 2 times.
Detecting symmetries...
Aggregator did 8 substitutions.
Reduced MIP has 1667 rows, 5951 columns, and 13530 nonzeros.
Reduced MIP has 5943 binaries, 8 generals, 0 SOSs, and 0 indicators.
Presolve time = 0,02 sec. (13,26 ticks)
Probing time = 0,01 sec. (4,97 ticks)
Clique table members: 7991.
MIP emphasis: balance optimality and feasibility.
MIP search method: dynamic search.
Parallel mode: deterministic, using up to 12 threads.
Root relaxation solution time = 0,21 sec. (152,14 ticks)

        Nodes                                         Cuts/
   Node  Left     Objective  IInf  Best Integer    Best Bound    ItCnt     Gap

*     0+    0                       132000,0000  -475252,0000           460,04%
*     0+    0                       109552,0000  -475252,0000           533,81%
      0     0     7903,0010   610   109552,0000     7903,0010       29   92,79%
*     0+    0                        16850,3000     7903,0010            53,10%
*     0+    0                         7956,7300     7903,0010             0,68%
      0     0        cutoff           7956,7300     7956,7300      277    0,00%
Elapsed time = 0,86 sec. (601,76 ticks, tree = 0,01 MB, solutions = 3)

Zero-half cuts applied:  32
Gomory fractional cuts applied:  1

Root node processing (before b&c):
  Real time             =    0,87 sec. (607,89 ticks)
Parallel b&c, 12 threads:
  Real time             =    0,00 sec. (0,00 ticks)
  Sync time (average)   =    0,00 sec.
  Wait time (average)   =    0,00 sec.
                          ------------
Total (root+branch&cut) =    0,87 sec. (607,89 ticks)

