
Version identifier: 22.1.1.0 | 2022-11-28 | 9160aff4d
CPXPARAM_MultiObjective_Display                  0
CPXPARAM_WorkMem                                 8192
CPXPARAM_DetTimeLimit                            2000000
Tried aggregator 3 times.
MIP Presolve eliminated 132798 rows and 1089679 columns.
Aggregator did 987 substitutions.
Reduced MIP has 5656 rows, 27776 columns, and 61212 nonzeros.
Reduced MIP has 27745 binaries, 31 generals, 0 SOSs, and 0 indicators.
Presolve time = 0,96 sec. (642,31 ticks)
Found incumbent of value 216271,590704 after 1,13 sec. (772,39 ticks)
Probing time = 0,04 sec. (12,27 ticks)
Tried aggregator 2 times.
Detecting symmetries...
Aggregator did 15 substitutions.
Reduced MIP has 5641 rows, 27761 columns, and 61182 nonzeros.
Reduced MIP has 27745 binaries, 16 generals, 0 SOSs, and 0 indicators.
Presolve time = 0,06 sec. (56,97 ticks)
Probing time = 0,04 sec. (11,93 ticks)
Clique table members: 34548.
MIP emphasis: balance optimality and feasibility.
MIP search method: dynamic search.
Parallel mode: deterministic, using up to 12 threads.
Root relaxation solution time = 0,84 sec. (450,20 ticks)

        Nodes                                         Cuts/
   Node  Left     Objective  IInf  Best Integer    Best Bound    ItCnt     Gap

*     0+    0                       216271,5907 -1833493,0000           947,77%
*     0+    0                       187943,7947 -1833493,0000              --- 
*     0+    0                       187926,5957 -1833493,0000              --- 
*     0+    0                       187909,3967 -1833493,0000              --- 
*     0+    0                       187892,1977 -1833493,0000              --- 
*     0+    0                       187874,9987 -1833493,0000              --- 
*     0+    0                       187857,7997 -1833493,0000              --- 
*     0+    0                       187841,6807 -1833493,0000              --- 
*     0+    0                       187825,8857 -1833493,0000              --- 
*     0+    0                       187810,0907 -1833493,0000              --- 
      0     0    25226,4538  1795   187810,0907    25226,4538       37   86,57%
*     0+    0                       101270,5443    25226,4538            75,09%
*     0+    0                       101189,4566    25226,4538            75,07%
*     0+    0                       101186,2976    25226,4538            75,07%
      0     0    25321,4269  1829   101186,2976      Cuts: 21      565   74,98%
*     0+    0                        53129,5786    25321,4269            52,34%
*     0+    0                        37691,7379    25321,4269            32,82%
      0     0    25360,2133  1847    37691,7379       Cuts: 9      895   32,72%
      0     0    25452,9719  1828    37691,7379   ZeroHalf: 3     1288   32,47%
*     0+    0                        36708,3225    25452,9719            30,66%
*     0+    0                        36513,4638    25452,9719            30,29%
*     0+    0                        35609,1571    25452,9719            28,52%
      0     0  -1,00000e+75     0    35609,1571    25452,9719     1288   28,52%
      0     0    25513,3293  2007    35609,1571  ZeroHalf: 14     1982   28,35%
      0     0    25530,8264  2089    35609,1571  ZeroHalf: 15     2332   28,30%
Detecting symmetries...
      0     0    25538,7837  2116    35609,1571   ZeroHalf: 3     2560   28,28%
      0     0    25541,3990  2072    35609,1571   ZeroHalf: 8     2699   28,27%
      0     0    25549,9951  2058    35609,1571   ZeroHalf: 8     2978   28,25%
      0     0    25562,7152  2059    35609,1571  ZeroHalf: 10     3348   28,21%
      0     0    25565,6318  2097    35609,1571   ZeroHalf: 3     3491   28,20%
      0     0    25566,8975  2116    35609,1571   ZeroHalf: 3     3590   28,20%
      0     0    25569,4937  2139    35609,1571   ZeroHalf: 2     3715   28,19%
*     0+    0                        31329,2984    25569,4937            18,38%
*     0+    0                        29976,7243    25569,4937            14,70%
Detecting symmetries...
      0     2    25569,4937  2139    29976,7243    25569,4937     3715   14,70%
Elapsed time = 26,38 sec. (12611,48 ticks, tree = 0,02 MB, solutions = 20)
      1     3    25652,7550  2034    29976,7243    25569,5227     4462   14,70%
      3     4    25667,3535  2029    29976,7243    25569,5227     5062   14,70%
      4     5    25712,6540  1988    29976,7243    25600,0279     6264   14,60%
      7     6    25708,6353  1872    29976,7243    25600,0279     6644   14,60%
     13     9    25817,3180  1671    29976,7243    25646,8432     9651   14,44%
     22    17    25868,2358  1481    29976,7243    25646,8432    16035   14,44%
     29    24    25893,2674  1621    29976,7243    25709,2442    21214   14,24%
     43    32    25834,4849  1261    29976,7243    25709,2442    25457   14,24%
*    51+   11                        28808,7191    25710,9172            10,75%
     53    31    26079,3181  1314    28808,7191    25710,9172    24082   10,75%
     78    50    26222,3274  1889    28808,7191    25710,9172    37553   10,75%
Elapsed time = 48,88 sec. (16461,80 ticks, tree = 0,36 MB, solutions = 21)
    113   103    26182,1563   858    28808,7191    25710,9172    73514   10,75%
*   173+  116                        28485,6360    25710,9172             9,74%
    174   133    26996,8004   805    28485,6360    25710,9172    87714    9,74%
*   231   193      integral     0    28138,0554    25710,9172   107784    8,63%
*   265+  211                        27623,2090    25710,9172             6,92%
*   297   224      integral     0    27600,7804    25741,8343   124261    6,74%
    302   239        cutoff          27600,7804    25741,8343   135230    6,74%
*   321   229      integral     0    27416,5234    25741,8343   127290    6,11%
    367   250    27399,7954    32    27416,5234    25743,9938   147727    6,10%
*   368+  238                        27292,1450    25743,9938             5,67%
*   378+  240                        27042,5817    25743,9938             4,80%
    413   257    26667,0688  1182    27042,5817    25791,3937   163656    4,63%
    477   233    26039,6511  1523    27042,5817    25817,6492   189689    4,53%
    540   318    26846,5609  1009    27042,5817    25863,9961   231776    4,36%
*   583   334      integral     0    27004,3079    25863,9961   240160    4,22%
*   596   341      integral     0    26983,0056    25863,9961   244764    4,15%
    665   339    26051,8624  1580    26983,0056    25873,4010   246546    4,11%
Elapsed time = 118,02 sec. (25530,09 ticks, tree = 6,64 MB, solutions = 32)
    730   388    26340,5083  1498    26983,0056    25873,4010   281233    4,11%
    807   402    26232,1170  1491    26983,0056    25923,7459   292590    3,93%
    899   471    26756,7622  1218    26983,0056    25923,7459   326582    3,93%
    976   521    26748,1260   670    26983,0056    25964,6955   348218    3,77%
   1062   537    26730,6569  1429    26983,0056    25978,9755   356814    3,72%
   1161   594    26848,9947  1133    26983,0056    25998,4206   385966    3,65%
   1254   631    26248,0435  1660    26983,0056    26001,1781   403328    3,64%
   1337   721    26655,4190  1218    26983,0056    26017,9122   434266    3,58%
   1440   787    26884,6991   925    26983,0056    26032,0538   468729    3,52%
   1498   827    26672,9446  1271    26983,0056    26035,7305   483072    3,51%
Elapsed time = 197,11 sec. (35214,47 ticks, tree = 19,98 MB, solutions = 32)
   1536   916    26395,7860  1375    26983,0056    26035,7305   527209    3,51%
   1572   947    26582,6467  1383    26983,0056    26062,6551   546291    3,41%
   1597   949    26725,3482  1157    26983,0056    26062,6551   544974    3,41%
   1668   980    26251,8804  1604    26983,0056    26062,6551   559744    3,41%
   1750  1029    26914,8833  1021    26983,0056    26069,0103   581935    3,39%
   1839  1014    26656,9802  1312    26983,0056    26084,0507   578396    3,33%
   1940  1135    26387,7831  1228    26983,0056    26084,0507   624634    3,33%
   2030  1126    26449,4694  1463    26983,0056    26096,4751   622836    3,29%
   2125  1228    26339,3998  1399    26983,0056    26108,2232   661024    3,24%
   2226  1219    26551,8211  1313    26983,0056    26110,4906   658636    3,23%
Elapsed time = 273,93 sec. (44894,52 ticks, tree = 37,08 MB, solutions = 32)
   2319  1312    26908,6702   985    26983,0056    26113,7568   700803    3,22%
   2400  1352    26736,4292  1205    26983,0056    26113,7568   716776    3,22%
   2488  1513    26541,3690  1212    26983,0056    26135,8132   787343    3,14%
*  2504  1529      integral     0    26753,8487    26135,8132   793561    2,31%
   2592  1207    26663,2581  1062    26753,8487    26141,2589   810066    2,29%
   2692  1192    26225,2206  1026    26753,8487    26141,6233   803717    2,29%
   2799  1245    26255,6855  1387    26753,8487    26141,6233   839071    2,29%
*  2851  1286      integral     0    26737,6309    26141,6233   854859    2,23%
   2904  1340    26375,3470  1314    26737,6309    26153,3149   906907    2,19%
   3023  1322    26602,1751  1284    26737,6309    26156,9259   893924    2,17%
*  3132  1429      integral     0    26466,1906    26159,7505   944384    1,16%
   3235   735    26411,0205  1543    26466,1906    26171,5359   979214    1,11%
Elapsed time = 351,52 sec. (54584,67 ticks, tree = 18,24 MB, solutions = 35)
   3342   729        cutoff          26466,1906    26176,4604   971661    1,09%
   3472   740    26425,5924  1164    26466,1906    26191,5317  1024093    1,04%
   3591   754    26310,1762  1511    26466,1906    26195,7673  1043627    1,02%
   3721   806        cutoff          26466,1906    26204,0156  1087125    0,99%
   3836   808        cutoff          26466,1906    26208,7098  1089679    0,97%
*  3911   847      integral     0    26465,6226    26211,3987  1149889    0,96%
   4037   834    26420,2165  1097    26465,6226    26222,8748  1129728    0,92%
   4169   872    26294,0190  1208    26465,6226    26234,4480  1218917    0,87%
   4300   860        cutoff          26465,6226    26243,0636  1202510    0,84%
   4384   890    26318,2037   992    26465,6226    26260,2608  1276289    0,78%
Elapsed time = 425,19 sec. (63797,35 ticks, tree = 19,04 MB, solutions = 36)
   4474   895    26329,3841  1716    26465,6226    26263,4982  1289802    0,76%
   4596   922    26435,4316  1236    26465,6226    26273,4878  1306325    0,73%
   4779   923    26430,0330  1031    26465,6226    26279,4122  1308333    0,70%
   4963   939    26435,1922  1274    26465,6226    26292,5372  1345366    0,65%
   5131   939        cutoff          26465,6226    26296,7222  1390565    0,64%
   5299   924    26383,8986  1216    26465,6226    26298,3517  1385716    0,63%
   5484   928        cutoff          26465,6226    26307,6612  1402897    0,60%
   5674   913        cutoff          26465,6226    26313,3754  1436125    0,58%
   5796   866    26361,8430  1161    26465,6226    26313,3754  1466036    0,58%

Performing restart 1

Repeating presolve.
Tried aggregator 2 times.
MIP Presolve eliminated 385 rows and 7955 columns.
Aggregator did 121 substitutions.
Reduced MIP has 5135 rows, 19685 columns, and 44600 nonzeros.
Reduced MIP has 19669 binaries, 16 generals, 0 SOSs, and 0 indicators.
Presolve time = 0,06 sec. (41,85 ticks)
Tried aggregator 1 time.
Reduced MIP has 5135 rows, 19685 columns, and 44600 nonzeros.
Reduced MIP has 19669 binaries, 16 generals, 0 SOSs, and 0 indicators.
Presolve time = 0,05 sec. (34,07 ticks)
Represolve time = 1,84 sec. (1236,09 ticks)
   5809     0    25593,2067  2169    26465,6226  ZeroHalf: 14  1516663    0,51%
   5809     0    25596,1237  2071    26465,6226   ZeroHalf: 3  1516836    0,51%
   5809     0    25599,6370  2142    26465,6226   ZeroHalf: 7  1517051    0,51%
   5809     0    25603,8354  2152    26465,6226       Cuts: 7  1517230    0,51%
   5809     0    25607,1154  2180    26465,6226   ZeroHalf: 5  1517362    0,51%
   5809     2    25607,1154  2180    26465,6226    26330,1901  1517362    0,51%
Elapsed time = 504,58 sec. (89936,09 ticks, tree = 0,02 MB, solutions = 36)
   5811     3    25685,7476  1717    26465,6226    26330,1901  1518768    0,51%
   5817     7    25730,8510  1745    26465,6226    26330,1901  1523964    0,51%
   5829    17    25741,4628  1827    26465,6226    26330,1901  1549082    0,51%
   5845    21    25756,0554  1713    26465,6226    26330,1901  1551669    0,51%
   5866    36    26031,3371  1542    26465,6226    26330,1901  1576600    0,51%
   5941    57    26093,2779  1430    26465,6226    26330,1901  1586912    0,51%
   6023   102    26061,3202  1538    26465,6226    26330,1901  1620489    0,51%
   6148   142    26073,2440  1553    26465,6226    26330,1901  1640252    0,51%
   6264   207    26433,6524  1267    26465,6226    26330,1901  1662771    0,51%
   6388   335        cutoff          26465,6226    26330,1901  1710998    0,51%
Elapsed time = 554,93 sec. (100409,70 ticks, tree = 6,42 MB, solutions = 36)
   6528   393    26399,4225  1468    26465,6226    26330,1901  1736059    0,51%
   6651   443    26327,6110  1543    26465,6226    26330,1901  1752189    0,51%
   6747   487    26354,5645  1140    26465,6226    26330,1901  1768785    0,51%
   6853   545    26305,3510  1468    26465,6226    26330,1901  1791680    0,51%
   6936   570    26244,7477  1605    26465,6226    26330,1901  1803953    0,51%
   6984   639    26297,8835  1563    26465,6226    26330,1901  1849689    0,51%
*  7004   659      integral     0    26414,9314    26330,1901  1861295    0,32%
   7058   596    26391,1545   997    26414,9314    26330,1901  1876692    0,32%
   7153   594        cutoff          26414,9314    26330,1901  1879622    0,32%
   7249   608    26308,4519  1579    26414,9314    26330,1901  1894554    0,32%
Elapsed time = 614,41 sec. (109423,59 ticks, tree = 9,96 MB, solutions = 37)
   7350   611        cutoff          26414,9314    26330,1901  1926276    0,32%
   7459   623        cutoff          26414,9314    26330,1901  1950869    0,32%
   7575   633        cutoff          26414,9314    26330,1901  1979104    0,32%
   7706   614    26238,1459  1648    26414,9314    26330,1901  2040002    0,32%
   7833   590        cutoff          26414,9314    26330,1901  2075620    0,32%
   7975   556        cutoff          26414,9314    26330,1901  2119611    0,32%
   8142   484        cutoff          26414,9314    26330,1901  2152566    0,32%
   8280   389        cutoff          26414,9314    26330,1901  2181509    0,32%
   8556   341        cutoff          26414,9314    26330,1901  2197798    0,32%

Zero-half cuts applied:  77
Lift and project cuts applied:  1
Gomory fractional cuts applied:  3

Root node processing (before b&c):
  Real time             =   25,65 sec. (12757,53 ticks)
Parallel b&c, 12 threads:
  Real time             =  646,42 sec. (106163,59 ticks)
  Sync time (average)   =   89,88 sec.
  Wait time (average)   =    0,03 sec.
                          ------------
Total (root+branch&cut) =  672,07 sec. (118921,13 ticks)

