
Version identifier: 22.1.1.0 | 2022-11-28 | 9160aff4d
CPXPARAM_MultiObjective_Display                  0
CPXPARAM_WorkMem                                 8192
CPXPARAM_DetTimeLimit                            2000000
Tried aggregator 3 times.
MIP Presolve eliminated 140637 rows and 1088017 columns.
Aggregator did 1263 substitutions.
Reduced MIP has 6098 rows, 32022 columns, and 70173 nonzeros.
Reduced MIP has 31990 binaries, 32 generals, 0 SOSs, and 0 indicators.
Presolve time = 0,91 sec. (636,56 ticks)
Found incumbent of value 196568,441398 after 1,08 sec. (777,10 ticks)
Tried aggregator 2 times.
Detecting symmetries...
Aggregator did 16 substitutions.
Reduced MIP has 6082 rows, 32006 columns, and 70141 nonzeros.
Reduced MIP has 31990 binaries, 16 generals, 0 SOSs, and 0 indicators.
Presolve time = 0,07 sec. (65,01 ticks)
Probing time = 0,07 sec. (14,29 ticks)
Clique table members: 39318.
MIP emphasis: balance optimality and feasibility.
MIP search method: dynamic search.
Parallel mode: deterministic, using up to 12 threads.
Root relaxation solution time = 0,90 sec. (521,17 ticks)

        Nodes                                         Cuts/
   Node  Left     Objective  IInf  Best Integer    Best Bound    ItCnt     Gap

*     0+    0                       196568,4414 -2054514,0000              --- 
*     0+    0                       177944,4334 -2054514,0000              --- 
*     0+    0                       177926,1814 -2054514,0000              --- 
*     0+    0                       177907,9294 -2054514,0000              --- 
*     0+    0                       177889,6774 -2054514,0000              --- 
*     0+    0                       177871,4254 -2054514,0000              --- 
*     0+    0                       177853,1734 -2054514,0000              --- 
*     0+    0                       177836,0014 -2054514,0000              --- 
*     0+    0                       177819,1534 -2054514,0000              --- 
*     0+    0                       177802,3054 -2054514,0000              --- 
      0     0    15417,9179  1813   177802,3054    15417,9179       38   91,33%
*     0+    0                       115867,3149    15417,9179            86,69%
      0     0    15458,0233  1930   115867,3149  ZeroHalf: 25      433   86,66%
      0     0    15487,1232  1926   115867,3149  ZeroHalf: 12      897   86,63%
*     0+    0                        36350,6202    15487,1232            57,40%
      0     0    15541,6574  2001    36350,6202      Cuts: 13     1455   57,25%
*     0+    0                        34163,3754    15541,6574            54,51%
      0     0  -1,00000e+75     0    34163,3754    15541,6574     1455   54,51%
      0     0    15577,3681  1960    34163,3754   ZeroHalf: 7     1987   54,40%
      0     0    15581,8671  2017    34163,3754  ZeroHalf: 10     2155   54,39%
      0     0    15590,1730  1945    34163,3754   ZeroHalf: 4     2395   54,37%
      0     0    15594,2758  2027    34163,3754   ZeroHalf: 7     2608   54,35%
      0     0    15604,0759  2009    34163,3754  ZeroHalf: 12     2867   54,33%
      0     0    15613,7805  2066    34163,3754  ZeroHalf: 13     3133   54,30%
      0     0    15615,9113  2125    34163,3754   ZeroHalf: 3     3281   54,29%
      0     0    15623,0770  2115    34163,3754   ZeroHalf: 6     3508   54,27%
      0     0    15630,8838  2046    34163,3754   ZeroHalf: 9     3732   54,25%
      0     0    15635,9962  2080    34163,3754   ZeroHalf: 5     3940   54,23%
      0     0    15640,8475  2078    34163,3754   ZeroHalf: 6     4176   54,22%
      0     0    15651,0658  2063    34163,3754   ZeroHalf: 6     4389   54,19%
      0     0    15654,4642  2072    34163,3754   ZeroHalf: 7     4566   54,18%
      0     0    15656,4350  2098    34163,3754   ZeroHalf: 5     4742   54,17%
      0     0    15657,3778  2047    34163,3754   ZeroHalf: 3     4828   54,17%
      0     0    15659,5395  2148    34163,3754   ZeroHalf: 5     4957   54,16%
*     0+    0                        21107,6013    15659,5395            25,81%
*     0+    0                        17820,1446    15659,5395            12,12%
      0     2    15659,5395  2148    17820,1446    15659,5395     4957   12,12%
Elapsed time = 37,35 sec. (17543,72 ticks, tree = 0,02 MB, solutions = 15)
      1     3    15671,0444  2166    17820,1446    15659,7238     5357   12,12%
      2     3    15699,5084  1962    17820,1446    15659,7238     5630   12,12%
      3     5    15721,4112  1871    17820,1446    15671,3485     6439   12,06%
      6     6    15753,8885  1852    17820,1446    15671,3485     6960   12,06%
      9     5    15883,5296  1866    17820,1446    15671,3485     7497   12,06%
     12     9    15794,3416  1783    17820,1446    15699,5791     9422   11,90%
     20     8    15973,5176  1961    17820,1446    15742,9012     9994   11,66%
     29    22    16004,1121  1811    17820,1446    15752,8295    20245   11,60%
*    34+   11                        17762,4211    15764,8427            11,25%
     37    24    16013,8525  1930    17762,4211    15764,8427    24499   11,25%
     72    60    16133,0598  1749    17762,4211    15794,4223    47576   11,08%
Elapsed time = 58,26 sec. (21233,13 ticks, tree = 0,45 MB, solutions = 16)
    101    79    15986,4563  1517    17762,4211    15794,4223    56584   11,08%
    145   108    16177,1709  1541    17762,4211    15794,4223    70014   11,08%
    179   159    16278,8779  1272    17762,4211    15794,4223    93342   11,08%
    220   188    16082,2464  1377    17762,4211    15794,4223   109796   11,08%
    262   240    16311,2978  1215    17762,4211    15794,4223   133968   11,08%
    324   273    17185,7328   732    17762,4211    15794,4223   148669   11,08%
*   330   272      integral     0    17269,9459    15794,4223   148856    8,54%
    397   313        cutoff          17269,9459    15794,4223   169977    8,54%
    464   367    16825,7958   748    17269,9459    15794,4223   193576    8,54%
    534   384    16024,2821  1765    17269,9459    15794,4223   201780    8,54%
    572   415    16187,5456  1590    17269,9459    15795,5111   217656    8,54%
Elapsed time = 137,55 sec. (30944,90 ticks, tree = 11,81 MB, solutions = 17)
    622   490    15910,9166  1620    17269,9459    15847,2167   257980    8,24%
    652   530    16444,5160  1158    17269,9459    15847,2167   278187    8,24%
    698   516    16922,5900  1282    17269,9459    15847,2167   273284    8,24%
*   715   534      integral     0    16662,5611    15847,2167   280960    4,89%
*   752   420      integral     0    16641,9607    15847,2167   311562    4,78%
    752   565    16361,4625  1225    16641,9607    15847,2167   296298    4,78%
    818   434    16594,1106  1460    16641,9607    15847,2167   333914    4,78%
    891   435        cutoff          16641,9607    15847,3214   334161    4,77%
    952   481    16532,0676  1585    16641,9607    15847,3214   362785    4,77%
   1032   550    15987,6703  1694    16641,9607    15876,1127   401431    4,60%
   1110   507    16178,5683  1517    16641,9607    15876,1127   375615    4,60%
   1189   568    16113,3614  1427    16641,9607    15897,0798   409830    4,48%
Elapsed time = 216,78 sec. (40631,16 ticks, tree = 17,55 MB, solutions = 19)
   1270   607    16188,4050  1409    16641,9607    15897,0798   422377    4,48%
   1350   729    16551,8511  1381    16641,9607    15903,2227   469163    4,44%
   1419   813    16296,7934  1452    16641,9607    15906,0148   502646    4,42%
   1487   820        cutoff          16641,9607    15908,7452   509749    4,41%
   1565   901    16140,8070  1545    16641,9607    15908,7452   547133    4,41%
   1636   954    16473,6858  1510    16641,9607    15925,8398   569988    4,30%
   1735   971        cutoff          16641,9607    15925,8398   582818    4,30%
   1812   949    16185,7115  1521    16641,9607    15938,9627   569858    4,22%
   1890  1002    16308,5680  1585    16641,9607    15940,3687   592994    4,22%
   1983  1141    16529,3695  1301    16641,9607    15950,6438   647184    4,15%
Elapsed time = 298,98 sec. (50308,01 ticks, tree = 50,59 MB, solutions = 19)
   2055  1201        cutoff          16641,9607    15952,6875   671873    4,14%
   2108  1134    16019,2129  1697    16641,9607    15952,6875   647982    4,14%
   2141  1229    16255,4546  1510    16641,9607    15967,4739   682085    4,05%
   2165  1322    16232,2737  1492    16641,9607    15967,4739   715564    4,05%
   2189  1363        cutoff          16641,9607    15968,0191   733337    4,05%
   2232  1387    16521,1893  1378    16641,9607    15968,7824   745925    4,05%
   2289  1410    16353,5797  1389    16641,9607    15969,9424   756877    4,04%
   2362  1401    16483,6128  1279    16641,9607    15969,9424   750349    4,04%
   2441  1477    16249,6785  1614    16641,9607    15973,0153   787786    4,02%
   2508  1507    16163,8981  1541    16641,9607    15974,8911   803755    4,01%
Elapsed time = 379,45 sec. (60019,73 ticks, tree = 58,26 MB, solutions = 19)
   2570  1504    16257,2284  1494    16641,9607    15983,9830   800921    3,95%
   2665  1549    16056,4205  1501    16641,9607    15986,5351   826529    3,94%
   2752  1555    16358,5746  1477    16641,9607    15990,1857   828652    3,92%
   2840  1651    16455,4772  1371    16641,9607    15990,1857   869537    3,92%
   2935  1759        cutoff          16641,9607    15990,8198   911781    3,91%
   3014  1713    16540,1150  1307    16641,9607    16002,7180   892228    3,84%
   3104  1908    16498,1727  1433    16641,9607    16005,9381   978417    3,82%
   3189  1913    16143,2606  1697    16641,9607    16007,9553   980605    3,81%
   3264  2007        cutoff          16641,9607    16010,2501  1028712    3,80%
   3355  2012    16334,6255  1478    16641,9607    16014,2755  1030971    3,77%
Elapsed time = 461,14 sec. (69612,93 ticks, tree = 82,03 MB, solutions = 19)
   3448  2059    16118,8935  1652    16641,9607    16016,3376  1048010    3,76%
   3531  2104    16292,1982  1503    16641,9607    16019,3003  1072769    3,74%
   3625  2189        cutoff          16641,9607    16020,4256  1111982    3,73%
   3704  2223        cutoff          16641,9607    16024,9875  1135470    3,71%
   3789  2277    16129,6013  1342    16641,9607    16025,0957  1159464    3,71%
   3859  2267    16215,4962  1439    16641,9607    16025,0957  1156171    3,71%
   3915  2357    16407,1797  1470    16641,9607    16025,0957  1192164    3,71%
   3952  2342    16218,6059  1378    16641,9607    16025,0957  1182658    3,71%

Performing restart 1

Repeating presolve.
Tried aggregator 2 times.
MIP Presolve eliminated 283 rows and 4241 columns.
Aggregator did 6 substitutions.
Reduced MIP has 5793 rows, 27759 columns, and 61392 nonzeros.
Reduced MIP has 27743 binaries, 16 generals, 0 SOSs, and 0 indicators.
Presolve time = 0,06 sec. (46,94 ticks)
Tried aggregator 1 time.
Reduced MIP has 5793 rows, 27759 columns, and 61392 nonzeros.
Reduced MIP has 27743 binaries, 16 generals, 0 SOSs, and 0 indicators.
Presolve time = 0,07 sec. (46,43 ticks)
Represolve time = 1,69 sec. (1149,20 ticks)
   3953     0    15673,5089  2250    16641,9607   ZeroHalf: 7  1286041    3,65%
   3953     0    15674,9235  2252    16641,9607       Cuts: 3  1286177    3,65%
   3953     0    15693,1857  2223    16641,9607   ZeroHalf: 3  1286625    3,65%
   3953     0    15694,7889  2229    16641,9607   ZeroHalf: 4  1286762    3,65%
   3953     0    15695,2423  2209    16641,9607   ZeroHalf: 1  1286837    3,65%
   3953     0    15702,9501  2185    16641,9607       Cuts: 7  1287135    3,65%
   3953     0    15716,0038  2223    16641,9607  ZeroHalf: 12  1287592    3,65%
   3953     2    15716,0038  2223    16641,9607    16034,5944  1287592    3,65%
   3955     4    15728,6200  2078    16641,9607    16034,5944  1288486    3,65%
Elapsed time = 566,02 sec. (105210,75 ticks, tree = 0,03 MB, solutions = 19)
   3957     5    15747,9504  1872    16641,9607    16034,5944  1289088    3,65%
   3963    10    15964,0613  1857    16641,9607    16034,5944  1294809    3,65%
   3972    15    15977,0649  1898    16641,9607    16034,5944  1307796    3,65%
   3980    18    15976,0622  1915    16641,9607    16034,5944  1313671    3,65%
   3991    27    15912,1765  1884    16641,9607    16034,5944  1338365    3,65%
   4024    38    16330,3972  1790    16641,9607    16034,5944  1357049    3,65%
   4076    51    16415,3885  1824    16641,9607    16034,5944  1362672    3,65%
   4122    78    16470,3871  1684    16641,9607    16034,5944  1375965    3,65%
   4179   124    16612,0019  1654    16641,9607    16034,5944  1403196    3,65%
   4238   180    16473,3631  1601    16641,9607    16034,5944  1436087    3,65%
Elapsed time = 628,34 sec. (115560,94 ticks, tree = 3,75 MB, solutions = 19)
   4294   174    16030,8159  1942    16641,9607    16034,5944  1432807    3,65%
   4360   223    16615,1044  1582    16641,9607    16034,5944  1472930    3,65%
   4437   234    16180,9474  1634    16641,9607    16034,5944  1479900    3,65%
   4468   272    16173,9927  1870    16641,9607    16034,5944  1501653    3,65%
   4490   304    16240,9241  1787    16641,9607    16034,5944  1513991    3,65%
   4564   336        cutoff          16641,9607    16034,5944  1538333    3,65%
   4627   310    16422,4645  1766    16641,9607    16034,5944  1526703    3,65%
   4702   382    16207,6753  1650    16641,9607    16034,5944  1564947    3,65%
   4782   396    16565,7019  1835    16641,9607    16034,5944  1587203    3,65%
   4832   424        cutoff          16641,9607    16034,5944  1600250    3,65%
Elapsed time = 704,93 sec. (125332,90 ticks, tree = 8,79 MB, solutions = 19)
   4884   458    16583,0206  1701    16641,9607    16034,5944  1619845    3,65%
   4917   495    16523,6117  1656    16641,9607    16034,5944  1653657    3,65%
   4951   477    16590,6724  1679    16641,9607    16034,5944  1644418    3,65%
   4997   518    16459,3020  1606    16641,9607    16034,5944  1691941    3,65%
   5061   538    16591,5614  1594    16641,9607    16034,5944  1702450    3,65%
   5121   532        cutoff          16641,9607    16034,5944  1710113    3,65%
   5159   545    16180,5547  1696    16641,9607    16034,5944  1728803    3,65%
   5188   611    16400,7717  1714    16641,9607    16034,5944  1787743    3,65%
   5210   596    16082,6900  1662    16641,9607    16034,5944  1770855    3,65%
   5409   636    16565,0854  1644    16641,9607    16034,5944  1839672    3,65%
Elapsed time = 806,24 sec. (138130,03 ticks, tree = 13,43 MB, solutions = 19)
   5641   758    16519,9537   885    16641,9607    16034,5944  1916491    3,65%
   5969   823    16513,0892  1622    16641,9607    16107,2236  1991144    3,21%
   6234   981        cutoff          16641,9607    16150,7107  2124794    2,95%
   6444  1036    16611,1786  1616    16641,9607    16183,7805  2179503    2,75%
   6666  1087        cutoff          16641,9607    16199,5443  2266271    2,66%
   7003  1191        cutoff          16641,9607    16234,4729  2365356    2,45%
*  7200  1250      integral     0    16615,4682    16253,4742  2413485    2,18%
   7531  1260    16412,0500  1557    16615,4682    16296,6728  2484695    1,92%
   7905  1240        cutoff          16615,4682    16341,7932  2603175    1,65%
   8234  1275    16549,8114  1558    16615,4682    16384,6496  2723083    1,39%
Elapsed time = 1079,24 sec. (174831,66 ticks, tree = 36,34 MB, solutions = 20)
   8685  1247    16481,2046  1531    16615,4682    16423,4009  2793792    1,16%
   9317  1159    16560,2165   780    16615,4682    16476,8999  2950674    0,83%
   9987   942        cutoff          16615,4682    16507,8031  3062445    0,65%
* 10560   625      integral     0    16610,0910    16549,6187  3141711    0,36%
* 11148    74      integral     0    16609,5328    16593,0086  3183816    0,10%

Zero-half cuts applied:  104
Lift and project cuts applied:  2

Root node processing (before b&c):
  Real time             =   35,70 sec. (17515,43 ticks)
Parallel b&c, 12 threads:
  Real time             = 1147,14 sec. (172824,53 ticks)
  Sync time (average)   =  156,07 sec.
  Wait time (average)   =    0,11 sec.
                          ------------
Total (root+branch&cut) = 1182,84 sec. (190339,96 ticks)

