
Version identifier: 22.1.1.0 | 2022-11-28 | 9160aff4d
CPXPARAM_MultiObjective_Display                  0
CPXPARAM_WorkMem                                 8192
CPXPARAM_DetTimeLimit                            2000000
Tried aggregator 3 times.
MIP Presolve eliminated 125880 rows and 1090300 columns.
Aggregator did 1098 substitutions.
Reduced MIP has 5213 rows, 25024 columns, and 55320 nonzeros.
Reduced MIP has 24992 binaries, 32 generals, 0 SOSs, and 0 indicators.
Presolve time = 0,95 sec. (631,09 ticks)
Found incumbent of value 206722,735416 after 1,13 sec. (754,33 ticks)
Probing time = 0,03 sec. (11,63 ticks)
Tried aggregator 2 times.
Detecting symmetries...
Aggregator did 16 substitutions.
Reduced MIP has 5197 rows, 25008 columns, and 55288 nonzeros.
Reduced MIP has 24992 binaries, 16 generals, 0 SOSs, and 0 indicators.
Presolve time = 0,06 sec. (51,82 ticks)
Probing time = 0,04 sec. (11,28 ticks)
Clique table members: 31296.
MIP emphasis: balance optimality and feasibility.
MIP search method: dynamic search.
Parallel mode: deterministic, using up to 12 threads.
Root relaxation solution time = 0,76 sec. (445,68 ticks)

        Nodes                                         Cuts/
   Node  Left     Objective  IInf  Best Integer    Best Bound    ItCnt     Gap

*     0+    0                       206722,7354 -1722977,0000           933,47%
*     0+    0                       176395,7274 -1722977,0000              --- 
*     0+    0                       176377,4754 -1722977,0000              --- 
*     0+    0                       176359,2234 -1722977,0000              --- 
*     0+    0                       176340,9714 -1722977,0000              --- 
*     0+    0                       176322,7194 -1722977,0000              --- 
*     0+    0                       176304,4674 -1722977,0000              --- 
*     0+    0                       176287,2954 -1722977,0000              --- 
*     0+    0                       176270,4474 -1722977,0000              --- 
*     0+    0                       176253,5994 -1722977,0000              --- 
      0     0    28896,7991  1852   176253,5994    28896,7991       41   83,60%
*     0+    0                       114226,7593    28896,7991            74,70%
      0     0    28917,9857  1793   114226,7593   ZeroHalf: 8      525   74,68%
*     0+    0                       107846,2920    28917,9857            73,19%
*     0+    0                       106835,6007    28917,9857            72,93%
*     0+    0                       106833,7377    28917,9857            72,93%
      0     0    29036,9801  1972   106833,7377      Cuts: 13     1428   72,82%
*     0+    0                       100946,9288    29036,9801            71,24%
      0     0    29055,9597  1824   100946,9288  ZeroHalf: 10     1675   71,22%
*     0+    0                        75581,3326    29055,9597            61,56%
*     0+    0                        66994,2615    29055,9597            56,63%
*     0+    0                        54544,3082    29055,9597            46,73%
*     0+    0                        48708,1870    29055,9597            40,35%
*     0+    0                        47794,6495    29055,9597            39,21%
*     0+    0                        43136,2252    29055,9597            32,64%
      0     0  -1,00000e+75     0    43136,2252    29055,9597     1675   32,64%
      0     0    29070,4158  1937    43136,2252   ZeroHalf: 7     2034   32,61%
      0     0    29085,3531  1888    43136,2252  ZeroHalf: 13     2367   32,57%
Detecting symmetries...
      0     0    29097,3162  2031    43136,2252  ZeroHalf: 11     2647   32,55%
      0     0    29130,0053  1925    43136,2252       Cuts: 6     3188   32,47%
      0     0    29130,2297  1973    43136,2252   ZeroHalf: 5     3265   32,47%
      0     0    29133,6021  1951    43136,2252   ZeroHalf: 6     3460   32,46%
      0     0    29138,1529  1965    43136,2252   ZeroHalf: 6     3682   32,45%
      0     0    29142,8041  1951    43136,2252   ZeroHalf: 3     3888   32,44%
      0     0    29160,6707  1957    43136,2252   ZeroHalf: 9     4367   32,40%
      0     0    29169,2437  1957    43136,2252   ZeroHalf: 3     4591   32,38%
      0     0    29191,1153  1929    43136,2252   ZeroHalf: 6     5122   32,33%
      0     0    29197,7891  2014    43136,2252   ZeroHalf: 8     5378   32,31%
      0     0    29203,8498  2049    43136,2252  ZeroHalf: 12     5583   32,30%
      0     0    29211,0922  2020    43136,2252   ZeroHalf: 6     5786   32,28%
      0     0    29212,9705  2005    43136,2252   ZeroHalf: 4     5904   32,28%
*     0+    0                        36404,0888    29212,9705            19,75%
Detecting symmetries...
      0     2    29212,9705  2005    36404,0888    29212,9705     5904   19,75%
Elapsed time = 26,51 sec. (13422,23 ticks, tree = 0,02 MB, solutions = 22)
      2     4    29244,5280  2005    36404,0888    29213,1025     7018   19,75%
      3     3    29264,3909  1725    36404,0888    29213,1025     7300   19,75%
      6     7    29325,0196  1619    36404,0888    29244,5656     9875   19,67%
     11     8    29322,8483  1750    36404,0888    29245,1581    11192   19,67%
     16    13    29460,4979  1703    36404,0888    29245,1581    14551   19,67%
     24    18    29499,1689  1564    36404,0888    29273,6877    18440   19,59%
     31    20    29579,9111  1892    36404,0888    29316,0593    21334   19,47%
     41    30    30208,9186  1508    36404,0888    29316,1013    32302   19,47%
     52    34    29490,1915  1339    36404,0888    29316,1013    36772   19,47%
     80    65    30239,3837  1264    36404,0888    29316,1013    57741   19,47%
Elapsed time = 47,34 sec. (17222,97 ticks, tree = 0,60 MB, solutions = 22)
    105    73    29658,5189  1552    36404,0888    29316,1013    65472   19,47%
*   109+   33                        34211,2299    29316,1013            14,31%
    134   125    30244,6561   896    34211,2299    29316,1013   108109   14,31%
    195   142    30072,3159   836    34211,2299    29316,1013   127390   14,31%
*   266+  158                        31431,2967    29316,1013             6,73%
    301   221    31202,1378   436    31431,2967    29316,1013   158792    6,73%
*   342+  267                        31159,0003    29316,1013             5,91%
    394   281    30898,9284   987    31159,0003    29316,1013   175580    5,91%
    437   349    30329,0651  1319    31159,0003    29316,1013   211702    5,91%
    475   357    31028,5552   949    31159,0003    29316,1013   227513    5,91%
    537   425    30809,6792   795    31159,0003    29316,1013   261878    5,91%
    623   465    30864,2075   939    31159,0003    29316,1013   284308    5,91%
*   685   526      integral     0    31157,2775    29316,1013   304683    5,91%
    726   553    30581,9013  1653    31157,2775    29316,1013   318238    5,91%
Elapsed time = 117,69 sec. (26854,71 ticks, tree = 12,41 MB, solutions = 28)
    792   584    31095,2099   794    31157,2775    29401,3214   331247    5,64%
    853   610    30772,9895   979    31157,2775    29428,7653   346893    5,55%
    931   664    31030,9657   882    31157,2775    29428,7653   372203    5,55%
   1006   725    30401,3642  1564    31157,2775    29428,7653   403997    5,55%
   1083   811    31034,7749  1642    31157,2775    29490,3181   443721    5,35%
   1162   860    30732,4747   620    31157,2775    29524,5640   460096    5,24%
   1269   920    31106,5255   617    31157,2775    29524,5640   496114    5,24%
   1351   898    30527,3727  1681    31157,2775    29524,5640   484925    5,24%
   1429  1060        cutoff          31157,2775    29524,5640   534458    5,24%
   1499  1090    30713,2428  1558    31157,2775    29524,5640   545271    5,24%
Elapsed time = 190,12 sec. (36456,83 ticks, tree = 31,19 MB, solutions = 28)
   1576  1127    30263,1455  1800    31157,2775    29533,0799   561570    5,21%
   1652  1212    30972,9563  1341    31157,2775    29533,0799   599094    5,21%
   1720  1231    30783,1451  1002    31157,2775    29617,2918   606835    4,94%
   1794  1352    30875,1376   734    31157,2775    29666,0193   655520    4,79%
   1865  1384    30582,8118  1325    31157,2775    29673,1321   672367    4,76%
   1941  1443    30540,9789  1684    31157,2775    29687,3615   705281    4,72%
   2056  1486        cutoff          31157,2775    29687,3615   727690    4,72%
   2156  1666    30733,6932  1515    31157,2775    29692,3599   793550    4,70%
   2247  1726    30573,3332   913    31157,2775    29721,5410   814903    4,61%
   2352  1743    30469,4193  1139    31157,2775    29742,8578   823204    4,54%
Elapsed time = 263,68 sec. (46067,54 ticks, tree = 56,93 MB, solutions = 28)
   2464  1933    30751,9771   441    31157,2775    29758,6405   885222    4,49%
   2560  1861    31000,6267  1387    31157,2775    29810,9333   862083    4,32%
   2648  1928    30420,4016  1464    31157,2775    29810,9333   883887    4,32%
   2736  2002        cutoff          31157,2775    29816,1727   912015    4,30%
   2845  2085    30496,6159  1193    31157,2775    29833,6767   937991    4,25%
   2954  2186        cutoff          31157,2775    29838,0599   974941    4,23%
   3029  2317    30239,3400   846    31157,2775    29865,3957  1022502    4,15%
*  3066+ 2318                        31084,7839    29865,3957             3,92%
   3120  2438    30916,4818  1436    31084,7839    29865,3957  1067159    3,92%
   3215  2411    30965,6087  1150    31084,7839    29914,0776  1085785    3,77%
   3295  2481    30481,7840  1456    31084,7839    29915,8190  1117169    3,76%
Elapsed time = 337,41 sec. (55675,53 ticks, tree = 84,69 MB, solutions = 29)
   3385  2442    30626,5363   917    31084,7839    29927,9422  1099411    3,72%
*  3495+ 2631                        31081,3269    29939,3968             3,67%
   3508  2625    30916,4461  1460    31081,3269    29939,3968  1166626    3,67%
   3601  2719    30322,9669  1174    31081,3269    29939,3968  1206105    3,67%
   3707  2767    30773,6946  1413    31081,3269    29953,2617  1221734    3,63%
*  3762+ 2673                        30919,4370    29953,2617             3,12%
   3817  2821    30479,2294  1045    30919,4370    29953,2617  1240807    3,12%
   3910  2926    30395,5025  1254    30919,4370    29966,5727  1279696    3,08%
   3976  2914        cutoff          30919,4370    29966,5727  1275647    3,08%

Performing restart 1

Repeating presolve.
Tried aggregator 2 times.
MIP Presolve eliminated 75 rows and 1135 columns.
Aggregator did 6 substitutions.
Reduced MIP has 5116 rows, 23867 columns, and 52927 nonzeros.
Reduced MIP has 23851 binaries, 16 generals, 0 SOSs, and 0 indicators.
Presolve time = 0,06 sec. (40,38 ticks)
Tried aggregator 1 time.
Reduced MIP has 5116 rows, 23867 columns, and 52927 nonzeros.
Reduced MIP has 23851 binaries, 16 generals, 0 SOSs, and 0 indicators.
Presolve time = 0,06 sec. (40,31 ticks)
Represolve time = 1,82 sec. (1182,73 ticks)
   3999     0    29266,5573  2057    30919,4370   ZeroHalf: 6  1370878    3,05%
   3999     0    29270,8051  2095    30919,4370   ZeroHalf: 5  1371140    3,05%
   3999     0    29309,8316  2012    30919,4370   ZeroHalf: 8  1371697    3,05%
   3999     0    29419,9131  2057    30919,4370       Cuts: 9  1372722    3,05%
   3999     0    29430,6211  2041    30919,4370  ZeroHalf: 14  1373026    3,05%
   3999     0    29449,9125  2070    30919,4370  ZeroHalf: 13  1373497    3,05%
   3999     0    29450,2209  2079    30919,4370   ZeroHalf: 1  1373546    3,05%
   3999     2    29450,2209  2079    30919,4370    29976,6663  1373546    3,05%
   4000     3    29464,9242  1997    30919,4370    29976,6663  1374037    3,05%
   4002     4    29483,7250  1990    30919,4370    29976,6663  1374627    3,05%
Elapsed time = 442,46 sec. (92031,40 ticks, tree = 0,02 MB, solutions = 31)
   4008     8    29516,1810  1996    30919,4370    29976,6663  1379262    3,05%
   4020    10    30167,6416  1805    30919,4370    29976,6663  1381442    3,05%
   4038    32    29969,8192  1769    30919,4370    29976,6663  1443618    3,05%
   4054    34    29987,4123  1831    30919,4370    29976,6663  1446034    3,05%
   4071    63    30913,8419  1689    30919,4370    29976,6663  1472959    3,05%
   4102    69    30286,3176  1709    30919,4370    29976,6663  1476089    3,05%
   4135    95    29767,5278  1814    30919,4370    29976,6663  1502321    3,05%
   4162   130    29799,2506  1844    30919,4370    29976,6663  1528508    3,05%
   4201   116    29891,5173  1893    30919,4370    29976,6663  1519305    3,05%
   4247   166    30205,3064  1592    30919,4370    29976,6663  1556678    3,05%
Elapsed time = 502,89 sec. (101796,40 ticks, tree = 1,77 MB, solutions = 31)
   4284   198    30681,9977  1266    30919,4370    29976,6663  1580368    3,05%
   4344   254    30765,9372  1188    30919,4370    29976,6663  1606532    3,05%
   4389   273    30031,1982  1767    30919,4370    29976,6663  1623950    3,05%
   4409   340    30318,0685  1726    30919,4370    29976,6663  1655511    3,05%
   4477   352    30824,1612  1779    30919,4370    29976,6663  1660564    3,05%
   4584   382    30350,7232  1720    30919,4370    29976,6663  1677009    3,05%
   4653   469        cutoff          30919,4370    29976,6663  1714615    3,05%
   4711   446    29859,5051  1754    30919,4370    29976,6663  1705185    3,05%
   4760   515    30003,8756  1416    30919,4370    29976,6663  1740250    3,05%
   4817   509    30145,3619  1518    30919,4370    29976,6663  1734197    3,05%
Elapsed time = 569,57 sec. (111497,89 ticks, tree = 12,98 MB, solutions = 31)
   4871   634    30827,8928  1137    30919,4370    29976,6663  1799597    3,05%
   4953   591    30044,4382  1689    30919,4370    29976,6663  1785162    3,05%
   5030   665    30506,8606  1628    30919,4370    29976,6663  1817160    3,05%
   5095   679    30232,7931  1584    30919,4370    29976,6663  1828165    3,05%
   5178   725    30266,0135  1665    30919,4370    29976,6663  1839734    3,05%
   5244   853        cutoff          30919,4370    29976,6663  1899477    3,05%
   5297   818    30013,6387  1677    30919,4370    29976,6663  1887533    3,05%
   5339   868    30449,9016  1374    30919,4370    29976,6663  1908053    3,05%
   5380   926    30323,4357  1608    30919,4370    29976,6663  1935927    3,05%
   5428  1044    30791,7521  1539    30919,4370    29976,6663  1986954    3,05%
Elapsed time = 645,12 sec. (121177,51 ticks, tree = 37,66 MB, solutions = 31)
   5474  1066    30192,0112  1498    30919,4370    29976,6663  1993435    3,05%
   5543  1073    30606,2543  1626    30919,4370    29976,6663  1995736    3,05%
   5630  1075    30494,1229  1596    30919,4370    29976,6663  1999450    3,05%
   5691  1109    30810,5817  1451    30919,4370    29976,6663  2013420    3,05%
   5750  1225    30541,5072  1599    30919,4370    29976,6663  2068404    3,05%
   5796  1291    30706,1737  1901    30919,4370    29976,6663  2101309    3,05%
   5860  1348    30874,2773   883    30919,4370    29976,6663  2138868    3,05%
   5908  1289    30267,3180  1732    30919,4370    29976,6663  2098810    3,05%
   5941  1342    30584,5843  1856    30919,4370    29976,6663  2139163    3,05%
   6157  1503    30222,0698  1679    30919,4370    29976,6663  2284383    3,05%
Elapsed time = 727,19 sec. (133771,20 ticks, tree = 57,57 MB, solutions = 31)
   6382  1658    30189,2936  1828    30919,4370    29976,6663  2381745    3,05%
   6608  1782        cutoff          30919,4370    29976,6663  2471422    3,05%
   6728  1894        cutoff          30919,4370    29976,6663  2552517    3,05%
   6893  1993    30278,1582  1525    30919,4370    29976,6663  2648880    3,05%
   7116  2030    30791,8733  1603    30919,4370    29976,6663  2673519    3,05%
   7342  2214    30469,9962  1756    30919,4370    29976,6663  2816668    3,05%
   7551  2342    30840,5887  1544    30919,4370    29976,6663  2923835    3,05%
   7685  2449    30814,6043  1391    30919,4370    29976,6663  3006377    3,05%
   7875  2542    30750,9407  1458    30919,4370    29976,6663  3085339    3,05%
   8103  2610    30111,6054  1816    30919,4370    29976,6663  3150883    3,05%
Elapsed time = 1013,09 sec. (172085,19 ticks, tree = 89,52 MB, solutions = 31)
   8323  2730    30748,3496  1621    30919,4370    29976,6663  3241522    3,05%
   8517  2843    30773,9747  1859    30919,4370    29976,6663  3356419    3,05%
   8670  2956    30860,1509  1397    30919,4370    29976,6663  3457094    3,05%
   8776  3091    30628,0653  1717    30919,4370    29977,0268  3568949    3,05%
   8992  3168    30853,3590  1045    30919,4370    29981,8924  3664845    3,03%
   9218  3188    30262,5341  1858    30919,4370    29989,1308  3682273    3,01%
*  9404  3287      integral     0    30904,2313    30003,0779  3768080    2,92%
   9623  3422    30550,8904  1720    30904,2313    30017,5610  3899422    2,87%
   9882  3525    30324,8800  1593    30904,2313    30031,5250  4018655    2,82%
  10068  3583    30407,9149  1282    30904,2313    30043,6217  4084092    2,78%
Elapsed time = 1289,97 sec. (209680,66 ticks, tree = 115,02 MB, solutions = 32)
  10191  3722    30820,8293  1504    30904,2313    30053,3709  4274224    2,75%
  10359  3757        cutoff          30904,2313    30053,3709  4316792    2,75%
  10601  3750    30771,4869  1635    30904,2313    30078,2626  4316414    2,67%
  10839  3868    30828,6048  1801    30904,2313    30091,7253  4438761    2,63%
  11071  3983    30670,0027  1623    30904,2313    30101,7153  4599866    2,60%
  11303  4011    30518,7205  1654    30904,2313    30118,2940  4631588    2,54%
  11567  4084        cutoff          30904,2313    30125,5236  4741754    2,52%
  11799  4228    30846,7845  1599    30904,2313    30139,6839  4877977    2,47%
* 11984  4339      integral     0    30868,5266    30148,4235  4997582    2,33%
  12109  4378    30842,9240  1798    30868,5266    30151,1348  5062119    2,32%
Elapsed time = 1569,95 sec. (247847,28 ticks, tree = 144,13 MB, solutions = 33)
  12339  4306        cutoff          30868,5266    30165,4218  5207975    2,28%
  12570  4379    30277,5780  1459    30868,5266    30168,4744  5326590    2,27%
  12813  4398        cutoff          30868,5266    30182,1141  5348808    2,22%
  13077  4444    30799,9452  1819    30868,5266    30196,0433  5425410    2,18%
  13323  4525    30865,6229  1567    30868,5266    30216,5893  5546915    2,11%
  13582  4676        cutoff          30868,5266    30228,8322  5767122    2,07%
  13837  4686        cutoff          30868,5266    30241,1382  5790948    2,03%
  14024  4719        cutoff          30868,5266    30248,8771  5870813    2,01%
  14162  4786    30638,4968  1605    30868,5266    30264,5903  6003392    1,96%
  14384  4814    30647,5177  1426    30868,5266    30275,4064  6055842    1,92%
Elapsed time = 1846,53 sec. (286139,12 ticks, tree = 146,60 MB, solutions = 33)
  14630  4842    30736,7630  1626    30868,5266    30275,4064  6140365    1,92%
  14898  4934        cutoff          30868,5266    30292,1192  6307753    1,87%
  15145  4977    30580,5727  1552    30868,5266    30304,2203  6387819    1,83%
  15421  4990    30825,5826  1366    30868,5266    30312,7842  6452602    1,80%
  15683  5049        cutoff          30868,5266    30322,2368  6660600    1,77%
  15954  5036        cutoff          30868,5266    30333,5040  6655473    1,73%
  16192  5062        cutoff          30868,5266    30342,1229  6766701    1,71%
  16349  5109        cutoff          30868,5266    30355,9890  6889261    1,66%
  16525  5112    30745,3522  1534    30868,5266    30366,9808  6983299    1,62%
  16812  5104        cutoff          30868,5266    30375,3596  7118986    1,60%
Elapsed time = 2124,80 sec. (324433,69 ticks, tree = 144,20 MB, solutions = 33)
  17111  5105    30856,0169  1553    30868,5266    30391,5462  7271168    1,55%
  17413  5117    30649,3986  1247    30868,5266    30400,4670  7343845    1,52%
  17720  5129    30807,0426  1593    30868,5266    30411,7006  7411987    1,48%
  18045  5084        cutoff          30868,5266    30422,7284  7596238    1,44%
  18384  5051        cutoff          30868,5266    30434,6790  7734756    1,41%
  18720  5063        cutoff          30868,5266    30453,1637  7712255    1,35%
  18936  4990    30843,2579  1306    30868,5266    30471,8301  7923883    1,29%
  19161  4946        cutoff          30868,5266    30484,9159  8103828    1,24%
  19403  4947    30644,9940  1440    30868,5266    30494,4642  8137576    1,21%
  19782  4909    30838,7404  1544    30868,5266    30511,6902  8178105    1,16%
Elapsed time = 2404,30 sec. (362722,43 ticks, tree = 124,37 MB, solutions = 33)
  20147  4788        cutoff          30868,5266    30530,4746  8359895    1,10%
  20536  4676    30729,8590  1480    30868,5266    30541,7354  8490179    1,06%
  20944  4560        cutoff          30868,5266    30562,9511  8640682    0,99%
  21363  4412        cutoff          30868,5266    30588,2688  8790814    0,91%
  21781  4321        cutoff          30868,5266    30601,5280  8881316    0,86%
  22211  4218    30738,2263  1436    30868,5266    30614,2525  8974556    0,82%
  22549  4092        cutoff          30868,5266    30615,5406  9112404    0,82%
* 22865  4095      integral     0    30827,2085    30635,5563  9135208    0,62%
  22887  4067        cutoff          30827,2085    30635,5563  9175884    0,62%
* 23147  3371      integral     0    30824,7785    30641,4924  9276015    0,59%
  23718  2995        cutoff          30824,7785    30676,0973  9440201    0,48%
Elapsed time = 2670,48 sec. (399303,05 ticks, tree = 60,50 MB, solutions = 35)
  24349  2540        cutoff          30824,7785    30701,2633  9582837    0,40%
  24942  2208        cutoff          30824,7785    30723,2211  9682015    0,33%
* 25506  1782      integral     0    30819,2151    30748,7347  9786833    0,23%
  26539   691        cutoff          30819,2151    30784,3131  9909655    0,11%

Zero-half cuts applied:  132
Gomory fractional cuts applied:  9

Root node processing (before b&c):
  Real time             =   25,36 sec. (13523,58 ticks)
Parallel b&c, 12 threads:
  Real time             = 2755,65 sec. (401461,53 ticks)
  Sync time (average)   =  380,66 sec.
  Wait time (average)   =    0,16 sec.
                          ------------
Total (root+branch&cut) = 2781,01 sec. (414985,12 ticks)

