
Version identifier: 22.1.1.0 | 2022-11-28 | 9160aff4d
CPXPARAM_MultiObjective_Display                  0
CPXPARAM_TimeLimit                               60000
CPXPARAM_WorkMem                                 8192
CPXPARAM_DetTimeLimit                            60000
Tried aggregator 3 times.
MIP Presolve eliminated 21683 rows and 128332 columns.
Aggregator did 321 substitutions.
Reduced MIP has 1514 rows, 5323 columns, and 12157 nonzeros.
Reduced MIP has 5309 binaries, 14 generals, 0 SOSs, and 0 indicators.
Presolve time = 0,11 sec. (85,70 ticks)
Found incumbent of value 92558,180369 after 0,13 sec. (107,89 ticks)
Probing time = 0,01 sec. (4,89 ticks)
Tried aggregator 2 times.
Detecting symmetries...
Aggregator did 7 substitutions.
Reduced MIP has 1507 rows, 5316 columns, and 12143 nonzeros.
Reduced MIP has 5309 binaries, 7 generals, 0 SOSs, and 0 indicators.
Presolve time = 0,01 sec. (11,97 ticks)
Probing time = 0,02 sec. (4,86 ticks)
Clique table members: 7183.
MIP emphasis: balance optimality and feasibility.
MIP search method: dynamic search.
Parallel mode: deterministic, using up to 12 threads.
Root relaxation solution time = 0,25 sec. (127,69 ticks)

        Nodes                                         Cuts/
   Node  Left     Objective  IInf  Best Integer    Best Bound    ItCnt     Gap

*     0+    0                        92558,1804  -481176,4842           619,86%
*     0+    0                        83710,1924  -481176,4842           674,81%
*     0+    0                        83703,5234  -481176,4842           674,86%
*     0+    0                        83696,8544  -481176,4842           674,90%
*     0+    0                        83690,1854  -481176,4842           674,95%
*     0+    0                        83683,5164  -481176,4842           675,00%
*     0+    0                        83676,8474  -481176,4842           675,04%
*     0+    0                        83670,1784  -481176,4842           675,09%
*     0+    0                        83663,5094  -481176,4842           675,13%
*     0+    0                        83656,8404  -481176,4842           675,18%
      0     0     9835,9138   738    83656,8404     9835,9138     2759   88,24%
      0     0     9870,2733   790    83656,8404      Cuts: 18     2978   88,20%
*     0+    0                        45230,8483     9870,2733            78,18%
      0     0     9878,9687   822    45230,8483       Cuts: 6     3060   78,16%
      0     0     9886,8942   871    45230,8483  ZeroHalf: 11     3139   78,14%
      0     0     9888,3128   880    45230,8483   ZeroHalf: 4     3175   78,14%
*     0+    0                        11010,3776     9888,3128            10,19%
      0     2     9888,3128   880    11010,3776     9888,3128     3175   10,19%
Elapsed time = 1,73 sec. (944,68 ticks, tree = 0,02 MB, solutions = 12)
*    11    11      integral     0    10101,9334     9940,5556     5976    1,60%
*    15+    6                        10101,8688     9940,5556             1,60%
     34    11     9957,8897   715    10101,8688     9940,5556     5767    1,60%

Zero-half cuts applied:  23
Lift and project cuts applied:  1
Gomory fractional cuts applied:  3

Root node processing (before b&c):
  Real time             =    1,69 sec. (957,07 ticks)
Parallel b&c, 12 threads:
  Real time             =    0,96 sec. (425,29 ticks)
  Sync time (average)   =    0,54 sec.
  Wait time (average)   =    0,00 sec.
                          ------------
Total (root+branch&cut) =    2,65 sec. (1382,36 ticks)

