
Version identifier: 22.1.1.0 | 2022-11-28 | 9160aff4d
CPXPARAM_MultiObjective_Display                  0
CPXPARAM_TimeLimit                               60000
CPXPARAM_WorkMem                                 8192
CPXPARAM_DetTimeLimit                            60000
Tried aggregator 3 times.
MIP Presolve eliminated 21351 rows and 125044 columns.
Aggregator did 352 substitutions.
Reduced MIP has 1626 rows, 6040 columns, and 13670 nonzeros.
Reduced MIP has 6024 binaries, 16 generals, 0 SOSs, and 0 indicators.
Presolve time = 0,11 sec. (82,01 ticks)
Found incumbent of value 105575,922015 after 0,14 sec. (104,41 ticks)
Probing time = 0,01 sec. (5,14 ticks)
Tried aggregator 2 times.
Detecting symmetries...
Aggregator did 8 substitutions.
Reduced MIP has 1618 rows, 6032 columns, and 13654 nonzeros.
Reduced MIP has 6024 binaries, 8 generals, 0 SOSs, and 0 indicators.
Presolve time = 0,01 sec. (13,36 ticks)
Probing time = 0,01 sec. (5,08 ticks)
Clique table members: 8020.
MIP emphasis: balance optimality and feasibility.
MIP search method: dynamic search.
Parallel mode: deterministic, using up to 12 threads.
Root relaxation solution time = 0,28 sec. (147,04 ticks)

        Nodes                                         Cuts/
   Node  Left     Objective  IInf  Best Integer    Best Bound    ItCnt     Gap

*     0+    0                       105575,9220  -467603,0000           542,91%
*     0+    0                        89816,8540  -467603,0000           620,62%
*     0+    0                        89809,1320  -467603,0000           620,66%
*     0+    0                        89801,4100  -467603,0000           620,71%
*     0+    0                        89793,6880  -467603,0000           620,75%
*     0+    0                        89785,9660  -467603,0000           620,80%
*     0+    0                        89778,2440  -467603,0000           620,84%
*     0+    0                        89770,5220  -467603,0000           620,89%
*     0+    0                        89762,8000  -467603,0000           620,93%
*     0+    0                        89755,0780  -467603,0000           620,98%
      0     0     9086,2665   170    89755,0780     9086,2665       25   89,88%
*     0+    0                         9464,2886     9086,2665             3,99%
      0     0     9151,5002   664     9464,2886      Cuts: 17      341    3,30%
      0     0     9249,9343   716     9464,2886       Cuts: 9      570    2,26%
*     0+    0                         9343,0744     9249,9343             1,00%
*     0+    0                         9295,1052     9249,9343             0,49%
Detecting symmetries...

Repeating presolve.
Tried aggregator 2 times.
MIP Presolve eliminated 433 rows and 4063 columns.
Aggregator did 128 substitutions.
Reduced MIP has 1057 rows, 1841 columns, and 4801 nonzeros.
Reduced MIP has 1833 binaries, 8 generals, 0 SOSs, and 0 indicators.
Presolve time = 0,01 sec. (10,45 ticks)
Probing time = 0,00 sec. (3,14 ticks)
Tried aggregator 1 time.
Detecting symmetries...
Reduced MIP has 1057 rows, 1841 columns, and 4801 nonzeros.
Reduced MIP has 1833 binaries, 8 generals, 0 SOSs, and 0 indicators.
Presolve time = 0,01 sec. (3,66 ticks)
Represolve time = 0,07 sec. (92,47 ticks)
Probing time = 0,00 sec. (3,15 ticks)
Clique table members: 3482.
MIP emphasis: balance optimality and feasibility.
MIP search method: dynamic search.
Parallel mode: deterministic, using up to 12 threads.
Root relaxation solution time = 0,07 sec. (63,55 ticks)

        Nodes                                         Cuts/
   Node  Left     Objective  IInf  Best Integer    Best Bound    ItCnt     Gap

*     0+    0                         9295,1052     9249,9343             0,49%
      0     0     9249,9343   627     9295,1052     9249,9343     2333    0,49%
*     0+    0                         9289,8607     9249,9343             0,43%
      0     0        cutoff           9289,8607     9289,8607     2384    0,00%
Elapsed time = 1,25 sec. (801,46 ticks, tree = 0,01 MB, solutions = 14)

Zero-half cuts applied:  30
Lift and project cuts applied:  6
Gomory fractional cuts applied:  5

Root node processing (before b&c):
  Real time             =    1,27 sec. (816,42 ticks)
Parallel b&c, 12 threads:
  Real time             =    0,00 sec. (0,00 ticks)
  Sync time (average)   =    0,00 sec.
  Wait time (average)   =    0,00 sec.
                          ------------
Total (root+branch&cut) =    1,27 sec. (816,42 ticks)

