
Version identifier: 22.1.1.0 | 2022-11-28 | 9160aff4d
CPXPARAM_MultiObjective_Display                  0
CPXPARAM_TimeLimit                               60000
CPXPARAM_WorkMem                                 8192
CPXPARAM_DetTimeLimit                            60000
Tried aggregator 3 times.
MIP Presolve eliminated 26476 rows and 131419 columns.
Aggregator did 236 substitutions.
Reduced MIP has 1166 rows, 3201 columns, and 7474 nonzeros.
Reduced MIP has 3187 binaries, 14 generals, 0 SOSs, and 0 indicators.
Presolve time = 0,10 sec. (82,21 ticks)
Found incumbent of value 112594,206379 after 0,13 sec. (101,14 ticks)
Probing time = 0,01 sec. (3,81 ticks)
Tried aggregator 2 times.
Detecting symmetries...
Aggregator did 6 substitutions.
Reduced MIP has 1160 rows, 3195 columns, and 7462 nonzeros.
Reduced MIP has 3187 binaries, 8 generals, 0 SOSs, and 0 indicators.
Presolve time = 0,01 sec. (7,43 ticks)
Probing time = 0,01 sec. (3,80 ticks)
Clique table members: 4708.
MIP emphasis: balance optimality and feasibility.
MIP search method: dynamic search.
Parallel mode: deterministic, using up to 12 threads.
Root relaxation solution time = 0,04 sec. (31,56 ticks)

        Nodes                                         Cuts/
   Node  Left     Objective  IInf  Best Integer    Best Bound    ItCnt     Gap

*     0+    0                       112594,2064  -299771,0000           366,24%
*     0+    0                        94007,0804  -299771,0000           418,88%
*     0+    0                        93997,9544  -299771,0000           418,91%
*     0+    0                        93988,8284  -299771,0000           418,94%
*     0+    0                        93979,7024  -299771,0000           418,97%
*     0+    0                        93970,5764  -299771,0000           419,01%
*     0+    0                        93961,4504  -299771,0000           419,04%
*     0+    0                        93952,3244  -299771,0000           419,07%
*     0+    0                        93943,1984  -299771,0000           419,10%
      0     0    29170,5233   258    93943,1984    29170,5233     1432   68,95%
*     0+    0                        30115,2582    29170,5233             3,14%
*     0+    0                        29170,9210    29170,5233             0,00%

Root node processing (before b&c):
  Real time             =    0,26 sec. (202,45 ticks)
Parallel b&c, 12 threads:
  Real time             =    0,00 sec. (0,00 ticks)
  Sync time (average)   =    0,00 sec.
  Wait time (average)   =    0,00 sec.
                          ------------
Total (root+branch&cut) =    0,26 sec. (202,45 ticks)

