
Version identifier: 22.1.1.0 | 2022-11-28 | 9160aff4d
CPXPARAM_MultiObjective_Display                  0
CPXPARAM_WorkMem                                 8192
CPXPARAM_DetTimeLimit                            2000000
Found incumbent of value 127000,000000 after 0,01 sec. (6,71 ticks)
Tried aggregator 3 times.
MIP Presolve eliminated 23552 rows and 126509 columns.
Aggregator did 380 substitutions.
Reduced MIP has 2026 rows, 8107 columns, and 18213 nonzeros.
Reduced MIP has 8091 binaries, 16 generals, 0 SOSs, and 0 indicators.
Presolve time = 0,10 sec. (86,24 ticks)
Probing time = 0,01 sec. (5,93 ticks)
Tried aggregator 2 times.
Detecting symmetries...
Aggregator did 8 substitutions.
Reduced MIP has 2018 rows, 8099 columns, and 18197 nonzeros.
Reduced MIP has 8091 binaries, 8 generals, 0 SOSs, and 0 indicators.
Presolve time = 0,02 sec. (17,83 ticks)
Probing time = 0,02 sec. (5,86 ticks)
Clique table members: 10555.
MIP emphasis: balance optimality and feasibility.
MIP search method: dynamic search.
Parallel mode: deterministic, using up to 12 threads.
Root relaxation solution time = 0,31 sec. (163,94 ticks)

        Nodes                                         Cuts/
   Node  Left     Objective  IInf  Best Integer    Best Bound    ItCnt     Gap

*     0+    0                       127000,0000  -606676,0000           577,70%
*     0+    0                        99684,0000  -606676,0000           708,60%
      0     0     4688,7167   852    99684,0000     4688,7167       23   95,30%
*     0+    0                        27479,9440     4688,7167            82,94%
*     0+    0                        25223,0000     4688,7167            81,41%
      0     0     4711,5931  1116    25223,0000      Cuts: 23      538   81,32%
      0     0     4715,0365  1168    25223,0000  ZeroHalf: 21      775   81,31%
      0     0     4723,8710  1196    25223,0000  ZeroHalf: 35     1120   81,27%
*     0+    0                        22089,4300     4723,8710            78,61%
      0     0  -1,00000e+75     0    22089,4300     4723,8710     1120   78,61%
*     0+    0                         6884,8700     4723,8710            31,39%
      0     0     4731,5151  1198     6884,8700  ZeroHalf: 28     1405   31,28%
      0     0     4747,9600  1175     6884,8700      Cuts: 40     1818   31,04%
      0     0     4753,0381  1228     6884,8700  ZeroHalf: 30     2080   30,96%
      0     0     4756,2327  1240     6884,8700  ZeroHalf: 20     2413   30,92%
      0     0     4758,1860  1288     6884,8700  ZeroHalf: 20     2616   30,89%
*     0+    0                         6085,8600     4758,1860            21,82%
      0     0     4759,9961  1307     6085,8600   ZeroHalf: 9     2788   21,79%
      0     0     4763,2691  1319     6085,8600  ZeroHalf: 12     2982   21,73%
      0     0     4764,7366  1325     6085,8600   ZeroHalf: 7     3161   21,71%
      0     0     4766,4551  1329     6085,8600  ZeroHalf: 10     3316   21,68%
*     0+    0                         6000,0000     4766,4551            20,56%
      0     0     4767,8689  1260     6000,0000  ZeroHalf: 18     3503   20,54%
      0     0     4771,4046  1254     6000,0000   ZeroHalf: 7     3687   20,48%
      0     0     4772,5187  1282     6000,0000   ZeroHalf: 9     3808   20,46%
      0     0     4776,1159  1301     6000,0000   ZeroHalf: 9     3989   20,40%
*     0+    0                         5965,4300     4776,1159            19,94%
      0     0     4777,5521  1294     5965,4300   ZeroHalf: 8     4206   19,91%
      0     0     4779,7028  1335     5965,4300  ZeroHalf: 10     4407   19,88%
      0     0     4782,2645  1307     5965,4300   ZeroHalf: 8     4604   19,83%
      0     0     4782,8647  1372     5965,4300  ZeroHalf: 12     4707   19,82%
*     0+    0                         5911,8700     4782,8647            19,10%
      0     0     4788,2765  1252     5911,8700   ZeroHalf: 7     5099   17,92%
      0     0     4789,0848  1275     5911,8700   ZeroHalf: 8     5168   17,92%
*     0+    0                         5910,8700     4852,2417            17,91%
      0     2     4789,0848  1275     5910,8700     4869,6100     5168   17,62%
Elapsed time = 9,39 sec. (5247,37 ticks, tree = 0,02 MB, solutions = 10)
      6     6     4839,3797   991     5910,8700     4869,6100     7159   17,62%
     21    13     5064,0524   886     5910,8700     4869,6100    11398   17,62%
     78    53     5450,9048   801     5910,8700     4869,6100    39669   17,62%
    172   114     5231,2090   988     5910,8700     4869,6100    54575   17,62%
*   202+  129                         5893,0000     4869,6100            17,37%
    237   175     5612,2430   586     5893,0000     4869,6100    73606   17,37%
    294   204     5176,8323   899     5893,0000     4869,6100    85403   17,37%
    379   247     5852,4963   764     5893,0000     4872,5667   103127   17,32%
*   409+  239                         5890,8600     4872,5667            17,29%
    454   251     5422,7652   896     5890,8600     4906,7122   105785   16,71%
    559   301     5605,6988   822     5890,8600     5061,4500   129223   14,08%
    946   487     5717,6555   929     5890,8600     5092,3783   211495   13,55%
Elapsed time = 18,96 sec. (8424,57 ticks, tree = 2,27 MB, solutions = 12)
*  1364   715      integral     0     5885,7300     5264,8425   316362   10,55%
   1368   664     5844,5312   844     5885,7300     5264,8425   292487   10,55%
*  1794   898      integral     0     5880,0000     5325,4565   419183    9,43%
   1848   902     5812,3412   905     5880,0000     5338,4792   430649    9,21%
*  2242   974      integral     0     5875,1500     5377,4232   475867    8,47%
   2802  1238     5459,6183   781     5875,1500     5421,1986   585454    7,73%
*  3074+ 1368                         5859,0100     5426,7483             7,38%
*  3376  1500      integral     0     5854,8700     5435,9230   683974    7,16%
   3460  1525     5469,5675   639     5854,8700     5436,4115   695239    7,15%
   4084  1732        cutoff           5854,8700     5451,7868   792648    6,88%
*  4366+ 1880                         5854,1500     5457,1175             6,78%
   4734  2019        cutoff           5854,1500     5463,5861   923488    6,67%
   5405  2199     5594,0600   556     5854,1500     5473,6362  1017013    6,50%

Performing restart 1

Repeating presolve.
Tried aggregator 1 time.
MIP Presolve eliminated 18 rows and 341 columns.
Reduced MIP has 2000 rows, 7758 columns, and 17499 nonzeros.
Reduced MIP has 7750 binaries, 8 generals, 0 SOSs, and 0 indicators.
Presolve time = 0,02 sec. (10,99 ticks)
Tried aggregator 1 time.
Reduced MIP has 2000 rows, 7758 columns, and 17499 nonzeros.
Reduced MIP has 7750 binaries, 8 generals, 0 SOSs, and 0 indicators.
Presolve time = 0,02 sec. (13,84 ticks)
Represolve time = 0,38 sec. (192,23 ticks)
   5819     0     4791,8814  1300     5854,1500   ZeroHalf: 4  1139599    6,40%
   5819     0     4793,1618  1270     5854,1500  ZeroHalf: 10  1139788    6,40%
   5819     0     4793,4116  1319     5854,1500   ZeroHalf: 5  1139851    6,40%
   5819     0     4793,6194  1324     5854,1500   ZeroHalf: 3  1139942    6,40%
   5819     0     4796,0245  1308     5854,1500   ZeroHalf: 9  1140156    6,40%
   5819     0     4797,0768  1401     5854,1500  ZeroHalf: 11  1140259    6,40%
   5819     0     4801,6490  1302     5854,1500  ZeroHalf: 10  1140450    6,40%
   5819     0     4802,5152  1327     5854,1500   ZeroHalf: 8  1140545    6,40%
   5819     2     4802,5152  1327     5854,1500     5479,4569  1140545    6,40%
   5825     7     4903,7194  1142     5854,1500     5479,4569  1143918    6,40%
Elapsed time = 49,75 sec. (24054,44 ticks, tree = 0,02 MB, solutions = 19)
   5967    53     5510,3300   801     5854,1500     5479,4569  1179876    6,40%
   6305   288     5270,4950   781     5854,1500     5479,4569  1249330    6,40%
*  6487   329      integral     0     5833,0000     5479,4569  1266732    6,06%
   6593   430     5312,0698   969     5833,0000     5479,4569  1313790    6,06%
   6885   525     5458,7200   743     5833,0000     5479,4569  1364708    6,06%
   7238   664     5103,6320   617     5833,0000     5479,4569  1449598    6,06%
   7508   713     5578,5550   557     5833,0000     5479,4569  1513968    6,06%
   7909   715        cutoff           5833,0000     5479,4569  1579055    6,06%
   8363   670        cutoff           5833,0000     5479,4569  1635552    6,06%
   9075   267        cutoff           5833,0000     5615,0650  1750563    3,74%

Zero-half cuts applied:  96
Gomory fractional cuts applied:  3

Root node processing (before b&c):
  Real time             =    8,96 sec. (5194,09 ticks)
Parallel b&c, 12 threads:
  Real time             =   65,54 sec. (28328,35 ticks)
  Sync time (average)   =   11,21 sec.
  Wait time (average)   =    0,01 sec.
                          ------------
Total (root+branch&cut) =   74,50 sec. (33522,44 ticks)

