
Version identifier: 22.1.1.0 | 2022-11-28 | 9160aff4d
CPXPARAM_MultiObjective_Display                  0
CPXPARAM_TimeLimit                               60000
CPXPARAM_WorkMem                                 8192
CPXPARAM_DetTimeLimit                            60000
Found incumbent of value 123000,000000 after 0,01 sec. (6,42 ticks)
Tried aggregator 3 times.
MIP Presolve eliminated 20383 rows and 126115 columns.
Aggregator did 364 substitutions.
Reduced MIP has 1783 rows, 6227 columns, and 14248 nonzeros.
Reduced MIP has 6213 binaries, 14 generals, 0 SOSs, and 0 indicators.
Presolve time = 0,12 sec. (87,77 ticks)
Probing time = 0,01 sec. (5,18 ticks)
Tried aggregator 2 times.
Detecting symmetries...
Aggregator did 7 substitutions.
Reduced MIP has 1776 rows, 6220 columns, and 14234 nonzeros.
Reduced MIP has 6213 binaries, 7 generals, 0 SOSs, and 0 indicators.
Presolve time = 0,02 sec. (13,96 ticks)
Probing time = 0,01 sec. (5,16 ticks)
Clique table members: 8395.
MIP emphasis: balance optimality and feasibility.
MIP search method: dynamic search.
Parallel mode: deterministic, using up to 12 threads.
Root relaxation solution time = 0,19 sec. (175,27 ticks)

        Nodes                                         Cuts/
   Node  Left     Objective  IInf  Best Integer    Best Bound    ItCnt     Gap

*     0+    0                       123000,0000  -577876,6383           569,82%
*     0+    0                       111337,0000  -577876,6383           619,03%
      0     0     9011,4797   931   111337,0000     9011,4797       27   91,91%
*     0+    0                        22744,1722     9011,4797            60,38%
      0     0     9145,7000  1012    22744,1722      Cuts: 23      591   59,79%
      0     0     9199,3851  1103    22744,1722  ZeroHalf: 34      986   59,55%
      0     0     9217,9301  1165    22744,1722  ZeroHalf: 21     1150   59,47%
*     0+    0                        18671,7463     9217,9301            50,63%
*     0+    0                        16645,3852     9217,9301            44,62%
      0     0  -1,00000e+75     0    16645,3852     9217,9301     1150   44,62%
      0     0     9220,1481  1181    16645,3852   ZeroHalf: 4     1246   44,61%
      0     0     9227,8631  1182    16645,3852   ZeroHalf: 6     1454   44,56%
Detecting symmetries...
      0     0     9229,6366  1213    16645,3852   ZeroHalf: 6     1553   44,55%
      0     0     9232,5292  1171    16645,3852   ZeroHalf: 8     1674   44,53%
      0     0     9237,0155  1190    16645,3852   ZeroHalf: 3     1826   44,51%
      0     0     9241,3545  1224    16645,3852   ZeroHalf: 4     1957   44,48%
*     0+    0                        13291,0627     9241,3545            30,47%
*     0+    0                        11690,9565     9241,3545            20,95%
Detecting symmetries...
      0     2     9241,3545  1224    11690,9565     9241,3545     1957   20,95%
Elapsed time = 5,64 sec. (2952,92 ticks, tree = 0,02 MB, solutions = 6)
     13     8     9379,2700  1034    11690,9565     9272,4524     4363   20,69%
*    45+   10                        11432,5292     9335,9243            18,34%
*    45+   10                        10992,4764     9335,9243            15,07%
     62    43     9429,6828  1065    10992,4764     9338,8396    16395   15,04%
    118   109     9813,2782   560    10992,4764     9338,8396    33036   15,04%
    283   217    10462,3110   497    10992,4764     9338,8396    47342   15,04%
*   411   263      integral     0    10957,5356     9338,8396    50854   14,77%
    461   371     9995,3726   555    10957,5356     9361,2315    64380   14,57%
    552   445     9630,6118   778    10957,5356     9403,5717    78331   14,18%
    704   544    10635,5688   162    10957,5356     9410,2649    94327   14,12%
    853   617     9535,8901   905    10957,5356     9425,1907   104991   13,98%
    984   792    10451,5537   741    10957,5356     9425,1907   128838   13,98%
   1501  1119     9536,0923   849    10957,5356     9454,7869   181338   13,71%
Elapsed time = 13,09 sec. (6102,18 ticks, tree = 9,18 MB, solutions = 10)
   2081  1506     9741,0831   836    10957,5356     9475,4457   245901   13,53%
   2667  1978    10053,7451   491    10957,5356     9488,5564   313374   13,41%
   3214  2463     9597,0262   852    10957,5356     9504,3112   387630   13,26%
   3788  2874     9620,5209   850    10957,5356     9513,9506   455202   13,17%

Performing restart 1

Repeating presolve.
Tried aggregator 1 time.
MIP Presolve eliminated 0 rows and 152 columns.
Reduced MIP has 1776 rows, 6068 columns, and 13930 nonzeros.
Reduced MIP has 6061 binaries, 7 generals, 0 SOSs, and 0 indicators.
Presolve time = 0,01 sec. (8,75 ticks)
Tried aggregator 1 time.
Reduced MIP has 1776 rows, 6068 columns, and 13930 nonzeros.
Reduced MIP has 6061 binaries, 7 generals, 0 SOSs, and 0 indicators.
Presolve time = 0,02 sec. (10,94 ticks)
Represolve time = 0,21 sec. (155,42 ticks)
*  3864+    0                        10929,9846     9523,3241            12,87%
   3864     0     9252,0021  1229    10929,9846      Cuts: 10   490735   12,87%
   3864     0     9256,4182  1225    10929,9846       Cuts: 7   490868   12,87%
   3864     0     9268,9395  1227    10929,9846       Cuts: 9   491071   12,87%
*  3864+    0                        10920,9846     9523,3241            12,80%
   3864     0  -1,00000e+75     0    10920,9846     9523,3241   491071   12,80%
   3864     0     9276,0027  1261    10920,9846   ZeroHalf: 7   491273   12,80%
   3864     0     9282,1595  1220    10920,9846   ZeroHalf: 7   491385   12,80%
   3864     0     9286,2350  1277    10920,9846   ZeroHalf: 8   491540   12,80%
   3864     2     9286,2350  1276    10920,9846     9523,3241   491540   12,80%
   3935    52     9383,3627  1154    10920,9846     9523,3241   514489   12,80%
   4264   226        cutoff          10920,9846     9523,3241   587982   12,80%
   4714   448    10713,4346   738    10920,9846     9523,3241   629689   12,80%
   5129   793    10918,6837   413    10920,9846     9523,3241   688051   12,80%
   5639  1091    10153,5148   777    10920,9846     9523,3241   751858   12,80%
Elapsed time = 43,84 sec. (20194,70 ticks, tree = 7,25 MB, solutions = 12)
   6177  1466     9904,5543   892    10920,9846     9523,3241   812923   12,80%
   6729  1775    10497,8293   792    10920,9846     9523,3241   882850   12,80%
   7195  2112    10482,3414   986    10920,9846     9523,3241   949004   12,80%
   7782  2500    10267,8900   975    10920,9846     9523,3241  1031025   12,80%
   8304  2857    10184,3762  1039    10920,9846     9747,7545  1097730   10,74%
   8675  3115    10106,8037   928    10920,9846     9926,1376  1150451    9,11%
   9155  3297    10596,7078   674    10920,9846    10028,5931  1194824    8,17%
   9646  3592    10565,1614   720    10920,9846    10066,6568  1270017    7,82%
  10055  3828    10621,4697   867    10920,9846    10105,9500  1329898    7,46%
  10335  4033    10743,4573   745    10920,9846    10117,5277  1394202    7,36%
Elapsed time = 71,93 sec. (29749,59 ticks, tree = 40,86 MB, solutions = 12)
  10742  4126        cutoff          10920,9846    10142,2292  1432176    7,13%
  11126  4307        cutoff          10920,9846    10155,0660  1495416    7,01%
  11457  4474        cutoff          10920,9846    10173,4926  1571895    6,84%
  11796  4574        cutoff          10920,9846    10186,7597  1630366    6,72%
  12004  4616    10761,0387   873    10920,9846    10203,9020  1684426    6,57%
  12340  4679        cutoff          10920,9846    10221,3249  1737415    6,41%
  12630  4695        cutoff          10920,9846    10240,0024  1797091    6,24%
  12957  4693    10658,2555   714    10920,9846    10258,8534  1829800    6,06%
* 13129  4734      integral     0    10901,9846    10263,3917  1881143    5,86%
  13202  4755    10802,1558   852    10901,9846    10276,5119  1904903    5,74%
  13465  4736    10799,6291   889    10901,9846    10292,2986  1963164    5,59%
Elapsed time = 99,79 sec. (39326,87 ticks, tree = 50,12 MB, solutions = 13)
  13805  4722        cutoff          10901,9846    10308,2091  2025841    5,45%
  14165  4714    10899,1837   791    10901,9846    10326,7600  2071499    5,28%
  14492  4639        cutoff          10901,9846    10343,1565  2130447    5,13%
  14787  4569        cutoff          10901,9846    10369,8118  2202477    4,88%
  15107  4425        cutoff          10901,9846    10396,2696  2259195    4,64%
  15501  4326        cutoff          10901,9846    10424,1915  2320152    4,38%
  15921  4110        cutoff          10901,9846    10455,5928  2395360    4,09%
  16334  3969        cutoff          10901,9846    10496,3782  2428885    3,72%
  16729  3667        cutoff          10901,9846    10515,8415  2502114    3,54%
  17213  3514        cutoff          10901,9846    10561,5018  2550791    3,12%
Elapsed time = 127,84 sec. (48886,05 ticks, tree = 36,73 MB, solutions = 13)
  17724  3151        cutoff          10901,9846    10589,4116  2620339    2,87%
  18299  2761        cutoff          10901,9846    10639,4227  2693601    2,41%
  18993  2388        cutoff          10901,9846    10682,6116  2747226    2,01%
  19827  1802        cutoff          10901,9846    10739,6659  2808511    1,49%
  20986   856        cutoff          10901,9846    10817,2022  2872639    0,78%

Zero-half cuts applied:  339
Gomory fractional cuts applied:  4

Root node processing (before b&c):
  Real time             =    5,45 sec. (2936,81 ticks)
Parallel b&c, 12 threads:
  Real time             =  138,54 sec. (51024,32 ticks)
  Sync time (average)   =   27,36 sec.
  Wait time (average)   =    0,02 sec.
                          ------------
Total (root+branch&cut) =  143,98 sec. (53961,13 ticks)

