
Version identifier: 22.1.1.0 | 2022-11-28 | 9160aff4d
CPXPARAM_MultiObjective_Display                  0
CPXPARAM_TimeLimit                               60000
CPXPARAM_WorkMem                                 8192
CPXPARAM_DetTimeLimit                            60000
Tried aggregator 3 times.
MIP Presolve eliminated 21439 rows and 126308 columns.
Aggregator did 329 substitutions.
Reduced MIP has 1298 rows, 4299 columns, and 9982 nonzeros.
Reduced MIP has 4285 binaries, 14 generals, 0 SOSs, and 0 indicators.
Presolve time = 0,10 sec. (79,41 ticks)
Found incumbent of value 101521,389635 after 0,12 sec. (97,77 ticks)
Probing time = 0,01 sec. (4,09 ticks)
Tried aggregator 2 times.
Detecting symmetries...
Aggregator did 7 substitutions.
Reduced MIP has 1291 rows, 4292 columns, and 9968 nonzeros.
Reduced MIP has 4285 binaries, 7 generals, 0 SOSs, and 0 indicators.
Presolve time = 0,01 sec. (9,79 ticks)
Probing time = 0,01 sec. (4,08 ticks)
Clique table members: 5979.
MIP emphasis: balance optimality and feasibility.
MIP search method: dynamic search.
Parallel mode: deterministic, using up to 12 threads.
Root relaxation solution time = 0,11 sec. (70,97 ticks)

        Nodes                                         Cuts/
   Node  Left     Objective  IInf  Best Integer    Best Bound    ItCnt     Gap

*     0+    0                       101521,3896  -477546,0561           570,39%
*     0+    0                        87787,0246  -477546,0561           643,98%
*     0+    0                        87778,9516  -477546,0561           644,03%
*     0+    0                        87770,8786  -477546,0561           644,08%
*     0+    0                        87762,8056  -477546,0561           644,13%
*     0+    0                        87754,7326  -477546,0561           644,18%
*     0+    0                        87747,7396  -477546,0561           644,23%
*     0+    0                        87741,0706  -477546,0561           644,27%
*     0+    0                        87734,4016  -477546,0561           644,31%
*     0+    0                        87727,7326  -477546,0561           644,35%
      0     0    18021,9433   243    87727,7326    18021,9433     2054   79,46%
*     0+    0                        18139,7290    18021,9433             0,65%
      0     0        cutoff          18139,7290    18139,7290     2123    0,00%
Elapsed time = 0,62 sec. (378,03 ticks, tree = 0,01 MB, solutions = 11)

Zero-half cuts applied:  52
Lift and project cuts applied:  1
Gomory fractional cuts applied:  5

Root node processing (before b&c):
  Real time             =    0,63 sec. (390,36 ticks)
Parallel b&c, 12 threads:
  Real time             =    0,00 sec. (0,00 ticks)
  Sync time (average)   =    0,00 sec.
  Wait time (average)   =    0,00 sec.
                          ------------
Total (root+branch&cut) =    0,63 sec. (390,36 ticks)

