
Version identifier: 22.1.1.0 | 2022-11-28 | 9160aff4d
CPXPARAM_MultiObjective_Display                  0
CPXPARAM_TimeLimit                               60000
CPXPARAM_WorkMem                                 8192
CPXPARAM_DetTimeLimit                            60000
Found incumbent of value 127000,000000 after 0,01 sec. (5,99 ticks)
Tried aggregator 3 times.
MIP Presolve eliminated 18111 rows and 123162 columns.
Aggregator did 410 substitutions.
Reduced MIP has 1446 rows, 5324 columns, and 12169 nonzeros.
Reduced MIP has 5310 binaries, 14 generals, 0 SOSs, and 0 indicators.
Presolve time = 0,11 sec. (80,26 ticks)
Probing time = 0,01 sec. (6,91 ticks)
Tried aggregator 3 times.
Detecting symmetries...
MIP Presolve eliminated 1 rows and 1 columns.
MIP Presolve modified 17 coefficients.
Aggregator did 19 substitutions.
Reduced MIP has 1426 rows, 5304 columns, and 12166 nonzeros.
Reduced MIP has 5297 binaries, 7 generals, 0 SOSs, and 0 indicators.
Presolve time = 0,02 sec. (19,90 ticks)
Probing time = 0,02 sec. (4,81 ticks)
Clique table members: 7062.
MIP emphasis: balance optimality and feasibility.
MIP search method: dynamic search.
Parallel mode: deterministic, using up to 12 threads.
Root relaxation solution time = 0,27 sec. (133,61 ticks)

        Nodes                                         Cuts/
   Node  Left     Objective  IInf  Best Integer    Best Bound    ItCnt     Gap

*     0+    0                       127000,0000  -477475,7686           475,97%
*     0+    0                       104655,3093  -477475,7686           556,24%
      0     0    15456,1252   409   104655,3093    15456,1252     3114   85,23%
*     0+    0                        23445,2950    15456,1252            34,08%
*     0+    0                        15712,7530    15456,1252             1,63%
      0     0    15473,2911   197    15712,7530      Cuts: 36     3178    1,52%
      0     0    15530,0443   448    15712,7530      Cuts: 17     3314    1,16%
*     0+    0                        15598,1542    15530,0443             0,44%
*     0+    0                        15552,9731    15530,0443             0,15%
Detecting symmetries...
      0     0        cutoff          15552,9731    15552,9731     3314    0,00%
Elapsed time = 1,04 sec. (522,92 ticks, tree = 0,01 MB, solutions = 5)

Zero-half cuts applied:  8
Gomory fractional cuts applied:  3

Root node processing (before b&c):
  Real time             =    1,05 sec. (530,76 ticks)
Parallel b&c, 12 threads:
  Real time             =    0,00 sec. (0,00 ticks)
  Sync time (average)   =    0,00 sec.
  Wait time (average)   =    0,00 sec.
                          ------------
Total (root+branch&cut) =    1,05 sec. (530,76 ticks)

