
Version identifier: 22.1.1.0 | 2022-11-28 | 9160aff4d
CPXPARAM_MultiObjective_Display                  0
CPXPARAM_WorkMem                                 8192
CPXPARAM_DetTimeLimit                            2000000
Tried aggregator 4 times.
MIP Presolve eliminated 21875 rows and 129612 columns.
Aggregator did 271 substitutions.
Reduced MIP has 1121 rows, 3133 columns, and 7342 nonzeros.
Reduced MIP has 3119 binaries, 14 generals, 0 SOSs, and 0 indicators.
Presolve time = 0,12 sec. (97,82 ticks)
Found incumbent of value 100525,300000 after 0,14 sec. (114,12 ticks)
Probing time = 0,01 sec. (3,81 ticks)
Tried aggregator 2 times.
Detecting symmetries...
Aggregator did 7 substitutions.
Reduced MIP has 1114 rows, 3126 columns, and 7328 nonzeros.
Reduced MIP has 3119 binaries, 7 generals, 0 SOSs, and 0 indicators.
Presolve time = 0,01 sec. (7,32 ticks)
Probing time = 0,01 sec. (3,80 ticks)
Clique table members: 4655.
MIP emphasis: balance optimality and feasibility.
MIP search method: dynamic search.
Parallel mode: deterministic, using up to 12 threads.
Root relaxation solution time = 0,05 sec. (37,86 ticks)

        Nodes                                         Cuts/
   Node  Left     Objective  IInf  Best Integer    Best Bound    ItCnt     Gap

*     0+    0                       100525,3000  -324281,0000           422,59%
*     0+    0                        83908,2270  -324281,0000           486,47%
*     0+    0                        83900,1540  -324281,0000           486,51%
*     0+    0                        83892,0810  -324281,0000           486,55%
*     0+    0                        83884,0080  -324281,0000           486,58%
*     0+    0                        83875,9350  -324281,0000           486,62%
*     0+    0                        83867,8620  -324281,0000           486,66%
*     0+    0                        83859,7890  -324281,0000           486,69%
*     0+    0                        83851,7160  -324281,0000           486,73%
*     0+    0                        83843,6430  -324281,0000           486,77%
      0     0    22093,7300   133    83843,6430    22093,7300     1578   73,65%
*     0+    0                        22264,5800    22093,7300             0,77%
      0     0    22125,7744   218    22264,5800      Cuts: 22     1643    0,62%
      0     0    22126,3467   177    22264,5800  ZeroHalf: 10     1661    0,62%
*     0+    0                        22183,4400    22126,3467             0,26%
Detecting symmetries...

Repeating presolve.
Tried aggregator 3 times.
MIP Presolve eliminated 179 rows and 1666 columns.
Aggregator did 130 substitutions.
Reduced MIP has 805 rows, 1330 columns, and 3558 nonzeros.
Reduced MIP has 1323 binaries, 7 generals, 0 SOSs, and 0 indicators.
Presolve time = 0,01 sec. (8,36 ticks)
Probing fixed 85 vars, tightened 0 bounds.
Probing changed sense of 16 constraints.
Probing time = 0,02 sec. (14,33 ticks)
Tried aggregator 3 times.
MIP Presolve eliminated 60 rows and 125 columns.
Aggregator did 40 substitutions.
Reduced MIP has 705 rows, 1165 columns, and 3128 nonzeros.
Reduced MIP has 1159 binaries, 6 generals, 0 SOSs, and 0 indicators.
Presolve time = 0,01 sec. (6,97 ticks)
Probing time = 0,01 sec. (9,45 ticks)
Tried aggregator 2 times.
Detecting symmetries...
MIP Presolve eliminated 5 rows and 4 columns.
Aggregator did 3 substitutions.
Reduced MIP has 697 rows, 1158 columns, and 3106 nonzeros.
Reduced MIP has 1152 binaries, 6 generals, 0 SOSs, and 0 indicators.
Presolve time = 0,01 sec. (4,38 ticks)
Represolve time = 0,11 sec. (141,19 ticks)
Probing time = 0,00 sec. (3,03 ticks)
Clique table members: 2133.
MIP emphasis: balance optimality and feasibility.
MIP search method: dynamic search.
Parallel mode: deterministic, using up to 12 threads.
Root relaxation solution time = 0,02 sec. (17,02 ticks)

        Nodes                                         Cuts/
   Node  Left     Objective  IInf  Best Integer    Best Bound    ItCnt     Gap

*     0+    0                        22183,4400    22175,0800             0,04%
      0     0    22129,5840   198    22183,4400    22175,0800     2734    0,04%
      0     0        cutoff          22183,4400    22183,4400     2769    0,00%
Elapsed time = 0,67 sec. (516,21 ticks, tree = 0,01 MB, solutions = 12)

Zero-half cuts applied:  26
Lift and project cuts applied:  2
Gomory fractional cuts applied:  2

Root node processing (before b&c):
  Real time             =    0,68 sec. (529,55 ticks)
Parallel b&c, 12 threads:
  Real time             =    0,00 sec. (0,00 ticks)
  Sync time (average)   =    0,00 sec.
  Wait time (average)   =    0,00 sec.
                          ------------
Total (root+branch&cut) =    0,68 sec. (529,55 ticks)

