
Version identifier: 22.1.1.0 | 2022-11-28 | 9160aff4d
CPXPARAM_MultiObjective_Display                  0
CPXPARAM_TimeLimit                               60000
CPXPARAM_WorkMem                                 8192
CPXPARAM_DetTimeLimit                            60000
Tried aggregator 3 times.
MIP Presolve eliminated 20675 rows and 125371 columns.
MIP Presolve modified 2 coefficients.
Aggregator did 283 substitutions.
Reduced MIP has 1319 rows, 4182 columns, and 9622 nonzeros.
Reduced MIP has 4168 binaries, 14 generals, 0 SOSs, and 0 indicators.
Presolve time = 0,10 sec. (77,02 ticks)
Found incumbent of value 100701,045022 after 0,12 sec. (96,64 ticks)
Probing time = 0,01 sec. (3,95 ticks)
Tried aggregator 2 times.
Detecting symmetries...
Aggregator did 6 substitutions.
Reduced MIP has 1313 rows, 4176 columns, and 9610 nonzeros.
Reduced MIP has 4168 binaries, 8 generals, 0 SOSs, and 0 indicators.
Presolve time = 0,01 sec. (9,47 ticks)
Probing time = 0,01 sec. (3,91 ticks)
Clique table members: 5910.
MIP emphasis: balance optimality and feasibility.
MIP search method: dynamic search.
Parallel mode: deterministic, using up to 12 threads.
Root relaxation solution time = 0,14 sec. (77,05 ticks)

        Nodes                                         Cuts/
   Node  Left     Objective  IInf  Best Integer    Best Bound    ItCnt     Gap

*     0+    0                       100701,0450  -358897,0000           456,40%
*     0+    0                        90925,1630  -358897,0000           494,72%
*     0+    0                        90916,0370  -358897,0000           494,76%
*     0+    0                        90906,9110  -358897,0000           494,80%
*     0+    0                        90898,8650  -358897,0000           494,83%
*     0+    0                        90891,1430  -358897,0000           494,86%
*     0+    0                        90883,4210  -358897,0000           494,90%
*     0+    0                        90875,6990  -358897,0000           494,93%
*     0+    0                        90867,9770  -358897,0000           494,97%
*     0+    0                        90860,2550  -358897,0000           495,00%
      0     0    18785,2406   130    90860,2550    18785,2406     2191   79,33%
*     0+    0                        18812,5164    18785,2406             0,14%
      0     0        cutoff          18812,5164    18812,5164     2265    0,00%
Elapsed time = 0,46 sec. (274,97 ticks, tree = 0,01 MB, solutions = 11)

Zero-half cuts applied:  4
Lift and project cuts applied:  1
Gomory fractional cuts applied:  1

Root node processing (before b&c):
  Real time             =    0,47 sec. (287,17 ticks)
Parallel b&c, 12 threads:
  Real time             =    0,00 sec. (0,00 ticks)
  Sync time (average)   =    0,00 sec.
  Wait time (average)   =    0,00 sec.
                          ------------
Total (root+branch&cut) =    0,47 sec. (287,17 ticks)

