
Version identifier: 22.1.1.0 | 2022-11-28 | 9160aff4d
CPXPARAM_MultiObjective_Display                  0
CPXPARAM_TimeLimit                               2000000
CPXPARAM_WorkMem                                 8192
CPXPARAM_DetTimeLimit                            2000000
Tried aggregator 3 times.
MIP Presolve eliminated 121858 rows and 1077224 columns.
Aggregator did 1419 substitutions.
Reduced MIP has 5826 rows, 33509 columns, and 73248 nonzeros.
Reduced MIP has 33477 binaries, 32 generals, 0 SOSs, and 0 indicators.
Presolve time = 0,88 sec. (635,84 ticks)
Found incumbent of value 209284,089966 after 1,04 sec. (773,74 ticks)
Tried aggregator 2 times.
Detecting symmetries...
Aggregator did 16 substitutions.
Reduced MIP has 5810 rows, 33493 columns, and 73216 nonzeros.
Reduced MIP has 33477 binaries, 16 generals, 0 SOSs, and 0 indicators.
Presolve time = 0,07 sec. (67,51 ticks)
Probing time = 0,07 sec. (14,88 ticks)
Clique table members: 40509.
MIP emphasis: balance optimality and feasibility.
MIP search method: dynamic search.
Parallel mode: deterministic, using up to 12 threads.
Root relaxation solution time = 0,94 sec. (548,50 ticks)

        Nodes                                         Cuts/
   Node  Left     Objective  IInf  Best Integer    Best Bound    ItCnt     Gap

*     0+    0                       209284,0900 -2004908,0000              --- 
*     0+    0                       181855,8300 -2004908,0000              --- 
*     0+    0                       181837,5780 -2004908,0000              --- 
*     0+    0                       181819,3260 -2004908,0000              --- 
*     0+    0                       181801,0740 -2004908,0000              --- 
*     0+    0                       181782,8220 -2004908,0000              --- 
*     0+    0                       181765,6500 -2004908,0000              --- 
*     0+    0                       181748,8020 -2004908,0000              --- 
*     0+    0                       181731,9540 -2004908,0000              --- 
*     0+    0                       181715,1060 -2004908,0000              --- 
      0     0    23446,0074  2317   181715,1060    23446,0074       37   87,10%
*     0+    0                       132497,7284    23446,0074            82,30%
      0     0    23546,3986  2269   132497,7284  ZeroHalf: 16      844   82,23%
*     0+    0                        59771,1477    23546,3986            60,61%
      0     0    23707,3914  2467    59771,1477      Cuts: 27     2350   60,34%
      0     0    23753,1863  2480    59771,1477  ZeroHalf: 14     3186   60,26%
      0     0    23780,9072  2648    59771,1477   ZeroHalf: 8     3699   60,21%
      0     0    23787,6694  2660    59771,1477  ZeroHalf: 13     4023   60,20%
Detecting symmetries...
      0     0    23788,7725  2615    59771,1477   ZeroHalf: 1     4184   60,20%
      0     0    23790,1340  2619    59771,1477   ZeroHalf: 1     4326   60,20%
      0     0    23791,5278  2573    59771,1477   ZeroHalf: 1     4469   60,20%
*     0+    0                        28498,5662    23791,5278            16,52%
      0     0    23791,7294  2633    28498,5662   ZeroHalf: 4     4543   16,52%
Detecting symmetries...
      0     2    23791,7294  2633    28498,5662    23791,7294     4543   16,52%
Elapsed time = 32,50 sec. (16158,52 ticks, tree = 0,02 MB, solutions = 13)
      2     4    23808,9269  2641    28498,5662    23791,8085     5295   16,52%
      3     4    23878,2425  2347    28498,5662    23791,8085     5818   16,52%
      6     3    24050,7036  2408    28498,5662    23791,8085     6264   16,52%
      7     6    23916,0582  2375    28498,5662    23791,8085     7280   16,52%
     10     8    23908,9160  2432    28498,5662    23819,3335     8639   16,42%
     12     9    24127,5514  2279    28498,5662    23819,3335    10611   16,42%
     17    12    24099,0976  2349    28498,5662    23819,3335    13260   16,42%
     20    13    23971,1962  2299    28498,5662    23819,3335    14884   16,42%
     27    18    24005,2286  2277    28498,5662    23819,3476    21420   16,42%
     46    25    24011,8040  2302    28498,5662    23841,1004    29293   16,34%
Elapsed time = 53,76 sec. (20328,01 ticks, tree = 0,10 MB, solutions = 13)
     62    40    24230,3341  2152    28498,5662    23841,1004    46974   16,34%
     81    67    24144,5779  2307    28498,5662    23841,1004    69382   16,34%
     91    90    24168,2016  1814    28498,5662    23841,1004    90103   16,34%
    108    96    24112,5308  2373    28498,5662    23841,1004    97492   16,34%
    126   109    24377,7274  2069    28498,5662    23841,1004   108974   16,34%
    136   121    24174,4271  1778    28498,5662    23841,1004   128753   16,34%
    148   138    24197,0795  1889    28498,5662    23841,1004   156700   16,34%
    160   139    24353,9656  1769    28498,5662    23841,1004   154923   16,34%
    171   159    24396,9470  1722    28498,5662    23841,1004   256997   16,34%
    187   166    24270,9278  1992    28498,5662    23841,1004   277087   16,34%
Elapsed time = 124,72 sec. (30900,56 ticks, tree = 1,73 MB, solutions = 13)
    210   191    24653,7512  1572    28498,5662    23841,1004   336075   16,34%
    248   197    25301,6186  1732    28498,5662    23841,1004   341385   16,34%
    280   204    24738,8870  2016    28498,5662    23841,1004   351061   16,34%
    315   271    24786,7886  1498    28498,5662    23841,1004   381651   16,34%
    375   303    24814,8807  1616    28498,5662    23841,1004   401869   16,34%
    440   335    25800,9375   906    28498,5662    23841,1004   412722   16,34%
*   477+  335                        28458,0671    23841,1004            16,22%
    497   322    26197,2659   832    28458,0671    23841,1004   407340   16,22%
*   523+  350                        27485,3569    23841,1004            13,26%
    588   404    27957,9722   386    27485,3569    23841,1004   434564   13,26%
*   619+  457                        26684,2185    23841,1004            10,65%
    665   539    25464,4703  1191    26684,2185    23841,1004   482455   10,65%
    741   544    25709,3004  1014    26684,2185    23841,1004   484605   10,65%
Elapsed time = 196,11 sec. (40644,44 ticks, tree = 17,96 MB, solutions = 20)
    794   588    23985,8645  2136    26684,2185    23841,1004   496462   10,65%
    826   709    26030,1842   991    26684,2185    23901,5709   555892   10,43%
    855   713        cutoff          26684,2185    23919,8847   558455   10,36%
    885   681    24516,5051  1701    26684,2185    23919,8847   544747   10,36%
    914   720    24072,8327  2224    26684,2185    23919,8847   567404   10,36%
    941   732    24750,6704  1540    26684,2185    23919,8847   572218   10,36%
    967   780    24265,6145  1977    26684,2185    23919,8847   607510   10,36%
    994   782    24449,6595  1848    26684,2185    23919,8847   609151   10,36%
   1026   824    24249,1277  2082    26684,2185    23919,8847   640745   10,36%
   1058   853    26202,8988  1093    26684,2185    23919,8847   653881   10,36%
Elapsed time = 264,64 sec. (50515,34 ticks, tree = 32,72 MB, solutions = 20)
   1109   886    25187,9762  1603    26684,2185    23919,8847   676227   10,36%
   1164   923    24732,7135  1848    26684,2185    23919,8847   699459   10,36%
   1211   954    25114,4413  1504    26684,2185    23919,8847   711028   10,36%
   1276  1060    26669,0578   140    26684,2185    23919,8847   756285   10,36%
*  1300   981      integral     0    26142,1963    23919,8847   724675    8,50%
   1328  1077    24822,5749  1538    26142,1963    23919,8847   763496    8,50%
   1368  1012    25153,4358  1189    26142,1963    23919,8847   784303    8,50%
   1407  1018    25426,9037  1157    26142,1963    23919,8847   786264    8,50%
   1445  1046    25126,4811  1533    26142,1963    23919,8847   812848    8,50%
   1485  1026    24647,6362  1926    26142,1963    23919,8847   800972    8,50%
   1519  1055    25472,1119  1299    26142,1963    23919,8847   816545    8,50%
Elapsed time = 335,73 sec. (60226,59 ticks, tree = 43,08 MB, solutions = 23)
   1551  1116    24368,7656  2177    26142,1963    23919,8847   848589    8,50%
   1582  1102    24541,2618  1836    26142,1963    23931,7641   843436    8,46%
   1615  1191    25096,1956  2236    26142,1963    23994,8239   885611    8,21%
   1648  1197    25178,7715  2153    26142,1963    23994,8239   887132    8,21%
   1686  1218    25313,9163  2031    26142,1963    23994,8239   902087    8,21%
   1735  1265    25435,0932  1504    26142,1963    23994,8239   929810    8,21%
   1793  1249    25504,6191  1464    26142,1963    23996,6947   918285    8,21%
   1849  1390        cutoff          26142,1963    23998,8299   987136    8,20%
   1895  1392    24087,6732  2194    26142,1963    23998,8299   988405    8,20%
   1952  1351    24329,8704  1935    26142,1963    23998,8299   976524    8,20%
Elapsed time = 407,11 sec. (69928,18 ticks, tree = 60,92 MB, solutions = 23)
   1991  1497    25965,1817  1348    26142,1963    23998,8299  1029776    8,20%
   2036  1455    24371,7918  1987    26142,1963    23998,8299  1011764    8,20%
   2081  1557    24601,1069  2002    26142,1963    23998,8299  1062308    8,20%
   2118  1607    24617,1425  1882    26142,1963    23998,8299  1082792    8,20%
   2162  1576    24760,1998  1936    26142,1963    23998,8299  1070609    8,20%
   2218  1686    24325,2308  1815    26142,1963    24006,9046  1112632    8,17%
   2276  1690    25989,1104  1443    26142,1963    24006,9046  1109943    8,17%
   2336  1678    25772,8327  1462    26142,1963    24006,9046  1106248    8,17%
   2381  1808    25832,8951  1800    26142,1963    24006,9046  1164034    8,17%
   2428  1855    26122,0536  1364    26142,1963    24006,9046  1177179    8,17%
Elapsed time = 476,64 sec. (79640,89 ticks, tree = 85,37 MB, solutions = 23)
   2463  1646    24198,6037  2279    26142,1963    24009,9994  1099149    8,16%
   2501  1800    25160,4452  1879    26142,1963    24009,9994  1161354    8,16%
   2537  1862    24494,7633  1888    26142,1963    24011,7063  1182144    8,15%
   2560  2034    24728,7839  1745    26142,1963    24011,7063  1256064    8,15%
   2600  1975    24401,9386  2108    26142,1963    24011,7063  1229163    8,15%
   2644  2072    25966,1970  1768    26142,1963    24011,7063  1276642    8,15%
   2698  2145    25184,5384  1718    26142,1963    24028,8947  1313954    8,08%
   2749  2150    25467,5535  1531    26142,1963    24028,8947  1315707    8,08%
   2797  2201    26019,3727  1829    26142,1963    24028,8947  1333853    8,08%
   2856  2149        cutoff          26142,1963    24028,8947  1314315    8,08%
Elapsed time = 546,55 sec. (89427,35 ticks, tree = 91,54 MB, solutions = 23)
   2910  2176    25993,2206  1585    26142,1963    24029,7884  1324855    8,08%
   2956  2178    24096,5667  2051    26142,1963    24029,7884  1326762    8,08%
   2991  2305    25816,1103  1731    26142,1963    24029,7884  1375784    8,08%
   3037  2373    24740,9161  1635    26142,1963    24032,3516  1410349    8,07%
   3074  2455    24463,3931  2129    26142,1963    24032,3516  1446662    8,07%
   3119  2533    24862,0188  2049    26142,1963    24032,9349  1472641    8,07%
   3169  2487    24192,2216  2317    26142,1963    24032,9349  1456891    8,07%
   3217  2602        cutoff          26142,1963    24032,9349  1514178    8,07%
   3285  2655    24489,2269  2171    26142,1963    24039,7532  1534312    8,04%
   3347  2565    25136,6028  1225    26142,1963    24039,7532  1491067    8,04%
Elapsed time = 615,46 sec. (99171,31 ticks, tree = 100,03 MB, solutions = 23)
   3397  2656    25583,6043  1593    26142,1963    24040,6610  1531380    8,04%
   3447  2646    24849,0588  1818    26142,1963    24040,6610  1527606    8,04%
   3495  2824    25051,7888  1570    26142,1963    24041,9309  1604926    8,03%
   3536  2716    24890,1569  1317    26142,1963    24041,9309  1561114    8,03%
   3577  2778    24618,2445  2062    26142,1963    24041,9309  1584226    8,03%
   3628  2897    25542,5827  1650    26142,1963    24046,4220  1637460    8,02%
   3682  2952    24810,5492  1710    26142,1963    24046,5099  1668641    8,02%
   3724  3020    25219,6213  2083    26142,1963    24048,0106  1703964    8,01%
   3774  2949    25018,1906  1745    26142,1963    24048,0106  1661671    8,01%
   3930  3127    25221,8929  1833    26142,1963    24048,3576  1750544    8,01%
Elapsed time = 697,33 sec. (111780,23 ticks, tree = 131,76 MB, solutions = 23)

Performing restart 1

Repeating presolve.
Tried aggregator 1 time.
MIP Presolve eliminated 20 rows and 310 columns.
Reduced MIP has 5790 rows, 33183 columns, and 72574 nonzeros.
Reduced MIP has 33167 binaries, 16 generals, 0 SOSs, and 0 indicators.
Presolve time = 0,05 sec. (43,91 ticks)
Tried aggregator 1 time.
Reduced MIP has 5790 rows, 33183 columns, and 72574 nonzeros.
Reduced MIP has 33167 binaries, 16 generals, 0 SOSs, and 0 indicators.
Presolve time = 0,06 sec. (54,25 ticks)
Represolve time = 1,29 sec. (954,00 ticks)
   3958     0    23798,4172  2722    26142,1963   ZeroHalf: 1  1869271    8,01%
   3958     0    23803,3350  2647    26142,1963   ZeroHalf: 6  1869561    8,01%
   3958     0    23806,0513  2735    26142,1963   ZeroHalf: 2  1869753    8,01%
*  3958+    0                        26131,7474    24048,3576             7,97%
   3958     0  -1,00000e+75     0    26131,7474    24048,3576  1869753    7,97%
   3958     0    23809,1933  2692    26131,7474   ZeroHalf: 7  1870014    7,97%
   3958     0    23809,7188  2640    26131,7474   ZeroHalf: 2  1870121    7,97%
   3958     0    23809,8288  2656    26131,7474   ZeroHalf: 2  1870178    7,97%
   3958     0    23810,7599  2712    26131,7474   ZeroHalf: 4  1870337    7,97%
   3958     2    23810,7599  2712    26131,7474    24048,3576  1870337    7,97%
   3962     6    23981,4853  2517    26131,7474    24048,3576  1876890    7,97%
   3977    16    24487,2010  2387    26131,7474    24048,3576  1904535    7,97%
   4005    25    24931,8759  2170    26131,7474    24048,3576  1937096    7,97%
   4041    50    25469,5970  2198    26131,7474    24048,3576  2034802    7,97%
   4095   104    25627,0301  2049    26131,7474    24048,3576  2117219    7,97%
   4164   150    24503,5957  2400    26131,7474    24048,3576  2160805    7,97%
   4249   226    25608,4493  2260    26131,7474    24048,3576  2227389    7,97%
   4331   289    25771,0828  1812    26131,7474    24048,3576  2289874    7,97%
   4428   348    24644,8680  2227    26131,7474    24048,3576  2337089    7,97%
Elapsed time = 1000,01 sec. (204381,13 ticks, tree = 7,47 MB, solutions = 24)
   4500   431    25978,6697  1881    26131,7474    24048,3576  2405510    7,97%
   4554   499    26034,8734  1890    26131,7474    24048,3576  2465772    7,97%
   4661   524    25779,1829  2253    26131,7474    24048,3576  2485129    7,97%
   4785   601    26028,4764  2020    26131,7474    24048,3576  2538226    7,97%
   4881   706    25729,1232  2034    26131,7474    24048,3576  2626505    7,97%
   5004   805    25078,9013  2118    26131,7474    24048,3576  2698327    7,97%
   5126   764    25954,3766  1853    26131,7474    24048,3576  2666595    7,97%
   5279   892    25276,3065  1944    26131,7474    24048,3576  2765615    7,97%
   5417  1029        cutoff          26131,7474    24048,3576  2873620    7,97%
   5518  1036    25734,5322  2157    26131,7474    24048,3576  2880213    7,97%
Elapsed time = 1276,00 sec. (242848,92 ticks, tree = 39,50 MB, solutions = 24)
   5655  1123    25922,9409  1805    26131,7474    24048,3576  2938786    7,97%
   5731  1318    25253,4738  1979    26131,7474    24048,3576  3103496    7,97%
   5815  1378    26094,1375  1887    26131,7474    24106,6936  3152022    7,75%
   5917  1420    25966,6542  1462    26131,7474    24106,6936  3172010    7,75%
   6064  1510    26064,7331  1859    26131,7474    24106,6936  3257270    7,75%
   6182  1547    24772,5487  2244    26131,7474    24205,9334  3287340    7,37%
   6278  1649    25724,7151  1825    26131,7474    24221,9122  3345632    7,31%
   6391  1796    24867,4614  2074    26131,7474    24221,9122  3494386    7,31%
   6516  1782    25135,0053  2074    26131,7474    24248,0558  3488526    7,21%
   6624  1918    25767,4056  1985    26131,7474    24366,8486  3590640    6,75%
Elapsed time = 1535,75 sec. (281321,61 ticks, tree = 77,53 MB, solutions = 24)
   6733  2051    25617,3577  2017    26131,7474    24382,8196  3697586    6,69%
   6814  2132    26128,7427  2003    26131,7474    24385,6319  3761686    6,68%
   6913  2158    25466,0709  1557    26131,7474    24398,8884  3789768    6,63%
   6991  2284    25533,1388  1599    26131,7474    24404,7233  3913888    6,61%
   7119  2311    26006,0054  2078    26131,7474    24412,9621  3951861    6,58%
   7259  2346    26042,3343  1481    26131,7474    24432,1860  3977536    6,50%
   7363  2448    25902,2642  2132    26131,7474    24433,8871  4075343    6,50%
   7466  2592    25256,6794  2187    26131,7474    24442,1492  4209737    6,47%
   7571  2614    25695,2310  1886    26131,7474    24444,6430  4227257    6,46%
   7640  2732    25389,6088  1882    26131,7474    24494,2227  4354572    6,27%
Elapsed time = 1817,09 sec. (319685,08 ticks, tree = 111,01 MB, solutions = 24)
   7715  2767    25652,4575  1975    26131,7474    24495,9803  4381396    6,26%
   7758  2844    25258,2814  2325    26131,7474    24496,3982  4459765    6,26%
   7837  2883    25465,0401  1995    26131,7474    24496,3982  4501250    6,26%
   7945  2884    24732,2176  2426    26131,7474    24498,6256  4496457    6,25%
   8039  3048    25436,9243  2003    26131,7474    24511,9001  4682857    6,20%
   8139  2991    25858,3243  1959    26131,7474    24517,3238  4619337    6,18%
   8257  3112    25518,6416  1695    26131,7474    24519,3128  4734200    6,17%
   8372  3253    25796,4979  1578    26131,7474    24519,3128  4881038    6,17%
   8495  3320    25474,9632  1928    26131,7474    24530,1124  4945192    6,13%
   8601  3452    25173,5123  1742    26131,7474    24534,7049  5051995    6,11%
Elapsed time = 2086,63 sec. (358409,52 ticks, tree = 136,89 MB, solutions = 24)
   8697  3463    25920,2250  1734    26131,7474    24542,4274  5059167    6,08%
   8803  3509        cutoff          26131,7474    24564,4939  5111861    6,00%
   8926  3636    25862,6896  1984    26131,7474    24570,9266  5250156    5,97%
   9036  3723        cutoff          26131,7474    24571,6141  5337167    5,97%
   9102  3768    25134,4065  2072    26131,7474    24587,7673  5358651    5,91%
   9155  3834    25408,2502  2131    26131,7474    24596,6227  5432680    5,87%
   9211  3859    25262,2800  2132    26131,7474    24601,4472  5463859    5,86%
   9311  3983    26096,1851  1651    26131,7474    24602,0624  5600374    5,85%
   9392  3958    25346,0926  2255    26131,7474    24608,1072  5580617    5,83%
   9514  4025    24757,0609  2484    26131,7474    24612,1974  5645627    5,81%
Elapsed time = 2363,83 sec. (397241,30 ticks, tree = 153,60 MB, solutions = 24)
   9627  4102    25834,9743  1577    26131,7474    24617,1975  5718344    5,80%
   9718  4184    25586,1684  1907    26131,7474    24617,1975  5794646    5,80%
   9804  4296    25940,2240  1700    26131,7474    24634,5080  5915010    5,73%
   9911  4266    25595,7298  1977    26131,7474    24634,5080  5891867    5,73%
  10032  4432    25032,6106  2141    26131,7474    24651,1185  6066816    5,67%
  10124  4563    26018,8197  2336    26131,7474    24651,2875  6186443    5,67%
  10236  4596    25853,9466  1569    26131,7474    24651,2875  6223893    5,67%
  10348  4652    25840,8573  1689    26131,7474    24673,7905  6286806    5,58%
  10455  4774    25655,5114  2093    26131,7474    24674,7461  6415300    5,58%
  10553  4863    25707,5621  1921    26131,7474    24684,4073  6497476    5,54%
Elapsed time = 2631,91 sec. (435643,56 ticks, tree = 187,95 MB, solutions = 24)
  10643  4870    25146,6285  2239    26131,7474    24686,7964  6504141    5,53%
  10742  4908    24760,0677  2267    26131,7474    24687,1603  6542487    5,53%
  10840  5057    25519,9317  2225    26131,7474    24687,1603  6710341    5,53%
  10945  5124    25596,9068  2266    26131,7474    24698,0349  6787168    5,49%
  11031  5145    25373,4758  1817    26131,7474    24701,8456  6825173    5,47%
  11092  5159        cutoff          26131,7474    24701,8456  6851330    5,47%
  11170  5186    25229,5783  2171    26131,7474    24703,6144  6887906    5,47%
  11282  5400    25906,2657  2214    26131,7474    24718,2257  7105724    5,41%
  11382  5362    25715,4203  1544    26131,7474    24718,2257  7086823    5,41%
  11496  5552    25799,6311  1340    26131,7474    24723,1766  7222343    5,39%
Elapsed time = 2919,78 sec. (474409,91 ticks, tree = 217,00 MB, solutions = 24)
  11615  5453    26111,2109  2036    26131,7474    24726,3147  7151378    5,38%
  11728  5572    26120,7924  1956    26131,7474    24745,2975  7252611    5,31%
  11843  5792    25938,6508  2033    26131,7474    24747,8704  7453264    5,30%
* 11967  5810      integral     0    25985,6174    24751,2922  7431997    4,75%
  11986  5071    25120,6547  2294    25985,6174    24754,4019  7516951    4,74%
  12086  5737        cutoff          25985,6174    24757,0121  7404782    4,73%
  12198  5129    25890,5912  1878    25985,6174    24760,0897  7565235    4,72%
  12313  5155    25908,9465  1548    25985,6174    24769,2291  7603672    4,68%
  12439  5307    25335,8748  2101    25985,6174    24775,5903  7783231    4,66%
  12544  5386    25815,7181  1792    25985,6174    24778,4218  7844984    4,65%
  12652  5438    25587,5610  1443    25985,6174    24778,4218  7889622    4,65%
Elapsed time = 3183,60 sec. (512884,04 ticks, tree = 212,21 MB, solutions = 25)
  12769  5631    25068,6133  2151    25985,6174    24788,5132  8128533    4,61%
  12864  5506    25286,7587  2114    25985,6174    24789,3563  7988711    4,60%
  12964  5691    25863,2504  1871    25985,6174    24799,1521  8213640    4,57%
  13066  5724    25940,6775  1007    25985,6174    24806,0596  8258340    4,54%
  13184  5677    25889,2008  2148    25985,6174    24808,7523  8207177    4,53%
  13264  5855    25918,7830  1752    25985,6174    24819,5749  8430986    4,49%
  13338  5847    25666,5151  1759    25985,6174    24824,3988  8422025    4,47%
  13400  5942    25626,8505  1712    25985,6174    24825,8907  8566932    4,46%
  13460  5945    25978,6058  2274    25985,6174    24828,8131  8573128    4,45%
  13525  6042    25906,1921  1698    25985,6174    24843,0520  8705680    4,40%
Elapsed time = 3470,73 sec. (551598,75 ticks, tree = 234,63 MB, solutions = 25)
  13576  6097    25857,2886  1817    25985,6174    24847,9421  8805903    4,38%
  13681  6059        cutoff          25985,6174    24849,8916  8738929    4,37%
  13777  6122    24892,6381  2268    25985,6174    24849,8916  8857547    4,37%
  13875  6131    25561,8419  1991    25985,6174    24855,7896  8863823    4,35%
  13978  6167        cutoff          25985,6174    24859,7760  8924262    4,33%
  14064  6284    25797,2688  2189    25985,6174    24861,5881  9081998    4,33%
  14163  6401    25396,5379  1784    25985,6174    24867,2897  9246009    4,30%
  14273  6350    25738,0602  2247    25985,6174    24870,4879  9175573    4,29%
  14397  6442    25284,2174  2329    25985,6174    24875,1969  9295590    4,27%
  14520  6578    25512,5583  1993    25985,6174    24879,6292  9482740    4,26%
Elapsed time = 3738,21 sec. (589986,50 ticks, tree = 248,21 MB, solutions = 25)
  14626  6583    25353,7169  2149    25985,6174    24880,3539  9471984    4,25%
  14743  6664    25336,2664  1833    25985,6174    24882,7540  9579305    4,24%
  14858  6743    25777,9557  1937    25985,6174    24891,4397  9648874    4,21%
  14965  6809    25669,4217  2233    25985,6174    24893,3879  9719622    4,20%
  15086  6920    25585,9048  2111    25985,6174    24896,4219  9872864    4,19%
  15187  7023    25367,1995  2055    25985,6174    24906,3184  9986902    4,15%
* 15290  6930      integral     0    25957,8580    24906,6770  9863770    4,05%
  15314  6964    25444,0058  1682    25957,8580    24906,6770  9926485    4,05%
  15414  7064    24996,9276  2144    25957,8580    24909,1393 10039832    4,04%
  15499  6886        cutoff          25957,8580    24916,9695 10081876    4,01%
  15619  6887        cutoff          25957,8580    24920,6474 10089697    4,00%
Elapsed time = 4012,98 sec. (628521,46 ticks, tree = 254,70 MB, solutions = 26)
  15698  7028    25779,0110  2142    25957,8580    24923,3274 10253267    3,99%
* 15747+ 7054                        25938,1398    24925,2763             3,90%
  15802  7063    25661,6752  1842    25938,1398    24925,2763 10305740    3,90%
  15855  7088    25688,9189  1621    25938,1398    24930,7154 10369456    3,88%
  15913  7132    25931,3370  1964    25938,1398    24932,7510 10435505    3,88%
  15971  7054    25266,5984  1891    25938,1398    24939,2199 10592887    3,85%
  16039  7114    25158,4690  2252    25938,1398    24946,7894 10685582    3,82%
  16118  7110    25512,8122  2133    25938,1398    24948,9711 10676274    3,81%
  16220  7160    25663,9784  1942    25938,1398    24952,5178 10737186    3,80%
  16320  7178    25736,4197  2233    25938,1398    24952,5178 10773161    3,80%
  16444  7171    25228,1942  2167    25938,1398    24958,5638 10769653    3,78%
Elapsed time = 4296,37 sec. (667111,79 ticks, tree = 261,59 MB, solutions = 27)
  16553  7199    25723,7799  2017    25938,1398    24958,6134 10795911    3,78%
  16679  7354    25812,5080  1860    25938,1398    24961,7982 11014724    3,76%
* 16734  7306      integral     0    25929,5313    24961,8626 10943629    3,73%
  16844  7404    25486,3723  2142    25929,5313    24963,5281 11093269    3,73%
  16962  7438    25828,2519  1981    25929,5313    24966,7066 11146589    3,71%
  17079  7491    25382,8183  1868    25929,5313    24969,0050 11343907    3,70%
  17184  7605    25845,6342   746    25929,5313    24973,3545 11469175    3,69%
  17307  7607        cutoff          25929,5313    24977,7268 11475983    3,67%
  17442  7700        cutoff          25929,5313    24980,8689 11601444    3,66%
  17547  7622    25829,2649   640    25929,5313    24988,5135 11491547    3,63%
Elapsed time = 4554,15 sec. (703202,91 ticks, tree = 276,18 MB, solutions = 28)
  17657  7902    25725,8851  2028    25929,5313    24991,6226 11840705    3,62%
  17760  7818    25829,5552  2154    25929,5313    24992,5239 11746012    3,61%
  17856  7822    25397,9958  2144    25929,5313    24994,3621 11752712    3,61%
  17971  7874    25446,9420  2087    25929,5313    25000,9140 11811162    3,58%
  18079  8104    25802,5806  1256    25929,5313    25006,1260 12138493    3,56%
  18190  8127    25444,9190  2117    25929,5313    25006,9058 12168259    3,56%
  18313  8167    25902,8560  2119    25929,5313    25013,7924 12226911    3,53%
  18421  8094    25829,3011  1847    25929,5313    25015,0207 12102983    3,53%
* 18523  8227      integral     0    25672,0456    25018,7898 12340773    2,54%
* 18527  5026      integral     0    25664,5533    25018,7898 12509469    2,52%
  18542  8264    25637,4509  1973    25664,5533    25018,7898 12414502    2,52%
  18649  4943    25512,0373  2163    25664,5533    25024,6661 12570874    2,49%
Elapsed time = 4858,22 sec. (741657,22 ticks, tree = 163,44 MB, solutions = 30)
  18748  8259    25382,4473  2047    25664,5533    25025,3463 12405977    2,49%
  18831  4934        cutoff          25664,5533    25031,1489 12560129    2,47%
  18906  4948    25609,0001  1983    25664,5533    25033,4051 12613964    2,46%
  18964  5025        cutoff          25664,5533    25037,7200 12912221    2,44%
  19017  5023    25283,9813  1889    25664,5533    25037,7394 12891953    2,44%
  19075  5015    25635,3183  1693    25664,5533    25038,8516 12802926    2,44%
  19148  5055    25410,2857  2031    25664,5533    25045,3521 13042595    2,41%
  19232  5052    25583,1648  1968    25664,5533    25046,3323 13023557    2,41%
  19339  5066    25359,9580  2070    25664,5533    25051,3690 13058477    2,39%
  19452  5067    25598,6030  2185    25664,5533    25054,3974 13069079    2,38%
Elapsed time = 5131,25 sec. (780337,89 ticks, tree = 171,02 MB, solutions = 30)
  19554  5074        cutoff          25664,5533    25056,3226 13090694    2,37%
  19671  5082        cutoff          25664,5533    25058,0432 13161582    2,36%
  19774  5126    25441,5261  2062    25664,5533    25066,0183 13338910    2,33%
  19882  5171    25587,1991  2224    25664,5533    25067,8204 13548339    2,33%
  19985  5139    25553,7125  2105    25664,5533    25067,8204 13439592    2,33%
  20094  5153        cutoff          25664,5533    25072,1990 13475101    2,31%
  20202  5197    25542,6281  1910    25664,5533    25078,3630 13733927    2,28%
  20327  5196    25466,0163  1973    25664,5533    25080,1354 13715989    2,28%
  20443  5210        cutoff          25664,5533    25080,9741 13862561    2,27%
  20572  5222    25611,0507  1815    25664,5533    25086,6067 13977659    2,25%
Elapsed time = 5365,37 sec. (818825,08 ticks, tree = 170,03 MB, solutions = 30)
  20698  5246        cutoff          25664,5533    25090,6530 14043963    2,24%
  20810  5266        cutoff          25664,5533    25097,6179 14137220    2,21%
  20925  5266    25454,8868  2070    25664,5533    25106,0895 14144122    2,18%
  21055  5275    25304,1354  2010    25664,5533    25108,3386 14263217    2,17%
  21173  5273        cutoff          25664,5533    25112,7358 14270757    2,15%
  21279  5303    25398,5577  2162    25664,5533    25119,0483 14422622    2,13%
  21395  5322    25524,3723  1862    25664,5533    25121,8075 14520000    2,11%
  21488  5331        cutoff          25664,5533    25123,8176 14677674    2,11%
  21573  5332    25597,8786  2130    25664,5533    25130,9987 14682869    2,08%
  21661  5339        cutoff          25664,5533    25133,8249 14575298    2,07%
Elapsed time = 5614,80 sec. (857339,21 ticks, tree = 177,20 MB, solutions = 30)
* 21710  5345      integral     0    25659,1657    25138,6875 14812810    2,03%
  21731  5334        cutoff          25659,1657    25138,6875 14750745    2,03%
  21782  5281    25607,6409  1630    25659,1657    25144,1651 14980773    2,01%
  21838  5278    25654,4470  2245    25659,1657    25146,4429 15007934    2,00%
  21913  5275        cutoff          25659,1657    25150,1357 15011130    1,98%
  21997  5267    25561,7866  2020    25659,1657    25150,1357 15150989    1,98%
  22092  5270        cutoff          25659,1657    25162,0355 15229689    1,94%
  22211  5268    25615,6759  1767    25659,1657    25164,3742 15178699    1,93%
  22333  5259        cutoff          25659,1657    25170,9769 15203781    1,90%
  22457  5263    25270,9835  2094    25659,1657    25171,1789 15223491    1,90%
  22585  5267    25568,1731  2174    25659,1657    25182,3060 15328895    1,86%
Elapsed time = 5932,27 sec. (895944,94 ticks, tree = 168,59 MB, solutions = 31)
  22714  5271    25640,1100  1814    25659,1657    25186,4439 15457876    1,84%
  22854  5270    25601,4739  1757    25659,1657    25189,1073 15407736    1,83%
  22976  5267    25463,1889  2269    25659,1657    25192,5212 15687441    1,82%
  23107  5259    25644,4103  2072    25659,1657    25200,6882 15768773    1,79%
  23236  5255    25395,9598  2037    25659,1657    25201,5667 15793068    1,78%
  23358  5264    25575,4725  2035    25659,1657    25203,9370 15732796    1,77%
  23496  5206        cutoff          25659,1657    25207,3225 16140356    1,76%
  23613  5191        cutoff          25659,1657    25211,5482 16237677    1,74%
  23722  5186    25454,2104  2139    25659,1657    25215,3207 16245595    1,73%
  23855  5187    25625,8728  1441    25659,1657    25219,2664 16253575    1,71%
Elapsed time = 6218,14 sec. (934428,70 ticks, tree = 166,00 MB, solutions = 31)
  23987  5140        cutoff          25659,1657    25228,2513 16431045    1,68%
  24108  5096        cutoff          25659,1657    25241,6119 16591241    1,63%
  24237  5119    25447,5937  1871    25659,1657    25253,9148 16526818    1,58%
  24373  5130        cutoff          25659,1657    25253,9148 16483874    1,58%
  24509  5054    25576,2040  1573    25659,1657    25266,1700 16747432    1,53%
  24611  5077        cutoff          25659,1657    25267,2554 16702928    1,53%
  24713  4959    25656,7755  2162    25659,1657    25267,2554 17000545    1,53%
  24799  4977        cutoff          25659,1657    25276,0436 16946715    1,49%
  24868  4916        cutoff          25659,1657    25276,0436 17054158    1,49%
  24961  4941    25407,9163  1940    25659,1657    25288,1932 17020901    1,45%
Elapsed time = 6535,76 sec. (973160,32 ticks, tree = 155,01 MB, solutions = 31)
  25056  4902    25521,1695  1942    25659,1657    25289,6665 17114723    1,44%
  25181  4909        cutoff          25659,1657    25296,3442 17068361    1,41%
  25328  4812        cutoff          25659,1657    25299,0014 17329158    1,40%
  25476  4777    25544,8159  2057    25659,1657    25307,6526 17397073    1,37%
  25608  4729    25645,2904  1860    25659,1657    25311,5908 17500952    1,35%
  25760  4690    25542,2878  2014    25659,1657    25323,7411 17583114    1,31%
  25896  4732        cutoff          25659,1657    25325,3977 17541011    1,30%
  26057  4565    25392,4689  1774    25659,1657    25327,4345 17816069    1,29%
  26222  4525    25431,2881  2126    25659,1657    25339,6883 17946926    1,25%
  26386  4476        cutoff          25659,1657    25348,1746 18010149    1,21%
Elapsed time = 6815,00 sec. (1011493,31 ticks, tree = 134,81 MB, solutions = 31)
  26546  4520        cutoff          25659,1657    25351,9762 17962958    1,20%
  26696  4398        cutoff          25659,1657    25359,8172 18158673    1,17%
  26863  4294        cutoff          25659,1657    25369,9138 18345843    1,13%
  27026  4298        cutoff          25659,1657    25375,6908 18336417    1,10%
  27201  4267        cutoff          25659,1657    25385,5182 18434631    1,07%
  27376  4115    25551,8569  1441    25659,1657    25389,0713 18610253    1,05%
  27558  4023        cutoff          25659,1657    25395,9025 18726217    1,03%
  27743  4014        cutoff          25659,1657    25409,8666 18733987    0,97%
  27920  3887    25598,8236  1917    25659,1657    25411,8576 18898558    0,96%
* 27955  4013      integral     0    25657,8572    25411,8576 18755779    0,96%
* 27975+ 3842                        25657,1657    25418,7823             0,93%
  28062  3796        cutoff          25657,1657    25423,3778 18975383    0,91%
Elapsed time = 7119,83 sec. (1049763,70 ticks, tree = 107,82 MB, solutions = 33)
  28183  3654        cutoff          25657,1657    25429,8476 19081952    0,89%
  28353  3565        cutoff          25657,1657    25432,5558 19168776    0,88%
  28574  3465        cutoff          25657,1657    25437,5919 19259617    0,86%
  28826  3313        cutoff          25657,1657    25451,5791 19379993    0,80%
  29046  3243        cutoff          25657,1657    25460,7405 19439468    0,77%
  29303  3047        cutoff          25657,1657    25472,6281 19570044    0,72%
  29553  2888    25592,9922  1517    25657,1657    25483,2825 19667362    0,68%
  29816  2714        cutoff          25657,1657    25495,1253 19766126    0,63%
  30100  2519        cutoff          25657,1657    25509,3812 19863057    0,58%
  30399  2297        cutoff          25657,1657    25522,3552 19974341    0,53%
Elapsed time = 7391,60 sec. (1088084,69 ticks, tree = 53,62 MB, solutions = 33)
  30661  2060        cutoff          25657,1657    25536,0898 20069125    0,47%
* 30977  1816      integral     0    25639,4475    25548,8663 20155581    0,35%
  31030  1796        cutoff          25639,4475    25552,2731 20162047    0,34%
* 31060  1522      integral     0    25622,2752    25552,6663 20175292    0,27%
* 31432   798      integral     0    25614,7828    25578,0692 20252438    0,14%

Zero-half cuts applied:  70
Lift and project cuts applied:  1
Gomory fractional cuts applied:  1

Root node processing (before b&c):
  Real time             =   31,59 sec. (16239,67 ticks)
Parallel b&c, 12 threads:
  Real time             = 7437,22 sec. (1083560,46 ticks)
  Sync time (average)   =  924,41 sec.
  Wait time (average)   =    0,06 sec.
                          ------------
Total (root+branch&cut) = 7468,81 sec. (1099800,12 ticks)

