
Version identifier: 22.1.1.0 | 2022-11-28 | 9160aff4d
CPXPARAM_MultiObjective_Display                  0
CPXPARAM_TimeLimit                               2000000
CPXPARAM_WorkMem                                 8192
CPXPARAM_DetTimeLimit                            2000000
Tried aggregator 3 times.
MIP Presolve eliminated 127113 rows and 1082874 columns.
Aggregator did 1279 substitutions.
Reduced MIP has 6186 rows, 34789 columns, and 76025 nonzeros.
Reduced MIP has 34757 binaries, 32 generals, 0 SOSs, and 0 indicators.
Presolve time = 0,92 sec. (653,81 ticks)
Found incumbent of value 198813,468403 after 1,10 sec. (802,80 ticks)
Tried aggregator 2 times.
Detecting symmetries...
Aggregator did 17 substitutions.
Reduced MIP has 6169 rows, 34772 columns, and 75991 nonzeros.
Reduced MIP has 34756 binaries, 16 generals, 0 SOSs, and 0 indicators.
Presolve time = 0,07 sec. (70,08 ticks)
Probing time = 0,08 sec. (15,20 ticks)
Clique table members: 42183.
MIP emphasis: balance optimality and feasibility.
MIP search method: dynamic search.
Parallel mode: deterministic, using up to 12 threads.
Root relaxation solution time = 1,02 sec. (612,87 ticks)

        Nodes                                         Cuts/
   Node  Left     Objective  IInf  Best Integer    Best Bound    ItCnt     Gap

*     0+    0                       198813,4684 -2080312,0000              --- 
*     0+    0                       177287,9564 -2080312,0000              --- 
*     0+    0                       177269,7044 -2080312,0000              --- 
*     0+    0                       177251,4524 -2080312,0000              --- 
*     0+    0                       177233,2004 -2080312,0000              --- 
*     0+    0                       177216,0284 -2080312,0000              --- 
*     0+    0                       177199,1804 -2080312,0000              --- 
*     0+    0                       177182,3324 -2080312,0000              --- 
*     0+    0                       177165,4844 -2080312,0000              --- 
*     0+    0                       177148,6364 -2080312,0000              --- 
      0     0    11015,7348  2678   177148,6364    11015,7348       45   93,78%
*     0+    0                       143233,9872    11015,7348            92,31%
      0     0    11085,9313  2708   143233,9872      Cuts: 17     1410   92,26%
*     0+    0                        38493,9324    11085,9313            71,20%
      0     0    11090,0697  2739    38493,9324   ZeroHalf: 8     1703   71,19%
      0     0    11097,1213  2675    38493,9324  ZeroHalf: 11     2107   71,17%
      0     0    11100,5351  2729    38493,9324   ZeroHalf: 4     2494   71,16%
      0     0    11101,1635  2724    38493,9324   ZeroHalf: 1     2618   71,16%
Detecting symmetries...
      0     0    11102,9685  2727    38493,9324   ZeroHalf: 2     2819   71,16%
      0     0    11104,0907  2774    38493,9324   ZeroHalf: 1     2980   71,15%
      0     0    11108,5123  2772    38493,9324   ZeroHalf: 6     3334   71,14%
      0     0    11109,5054  2726    38493,9324   ZeroHalf: 1     3510   71,14%
      0     0    11109,9230  2753    38493,9324   ZeroHalf: 1     3624   71,14%
      0     0    11110,8857  2765    38493,9324   ZeroHalf: 1     3778   71,14%
Detecting symmetries...
      0     2    11110,8857  2765    38493,9324    11110,8857     3778   71,14%
Elapsed time = 44,63 sec. (20317,67 ticks, tree = 0,02 MB, solutions = 12)
      1     3    11132,7746  2763    38493,9324    11110,9125     5247   71,14%
      2     3    11141,5637  2691    38493,9324    11110,9125     5586   71,14%
      3     4    11151,7046  2584    38493,9324    11110,9125     6361   71,14%
      4     5    11164,3835  2718    38493,9324    11132,7746     8170   71,08%
      6     6    11204,9745  2607    38493,9324    11132,7974     9602   71,08%
      9     7    11203,2870  2623    38493,9324    11132,7974    10345   71,08%
     10     8    11200,8499  2722    38493,9324    11141,5872    12005   71,06%
     13     9    11242,5951  2554    38493,9324    11141,5872    16527   71,06%
     15    11    11218,3244  2643    38493,9324    11164,4094    19586   71,00%
     22    16    11292,3776  2512    38493,9324    11182,7281    33823   70,95%
Elapsed time = 72,84 sec. (26938,50 ticks, tree = 0,03 MB, solutions = 12)
*    32+   10                        16749,7707    11182,7281            33,24%
     32    12    11252,0366  2590    16749,7707    11182,7281    19511   33,24%
     34    28    11261,1648  2450    16749,7707    11182,7281    94408   33,24%
     45    36    11267,1144  2551    16749,7707    11210,2788   157893   33,07%
     51    41    11313,0985  2296    16749,7707    11210,2788   172443   33,07%
     58    39    11297,9627  2302    16749,7707    11210,2788   163561   33,07%
     67    58    11368,2836  2264    16749,7707    11210,2788   212797   33,07%
     85    71    11359,8937  2141    16749,7707    11210,2788   232027   33,07%
    102    86    11354,9669  2104    16749,7707    11210,2788   247920   33,07%
    117    64    11457,7387  2239    16749,7707    11210,2788   222103   33,07%
    128   104    11524,0520  1322    16749,7707    11210,2788   266444   33,07%
Elapsed time = 146,24 sec. (37585,97 ticks, tree = 2,21 MB, solutions = 13)
    144   122    11640,7871  1935    16749,7707    11210,2788   289511   33,07%
    161   139    11585,0232  2214    16749,7707    11210,2788   307215   33,07%
    186   138    11936,2070  1665    16749,7707    11210,2788   307460   33,07%
    210   141    11708,3694  1972    16749,7707    11210,2788   306434   33,07%
*   212+  129                        13977,4694    11210,2788            19,80%
    237   177    11770,9191  1782    13977,4694    11210,2788   337455   19,80%
    271   212    11799,3767  1308    13977,4694    11210,2788   359670   19,80%
    297   204    12033,5751  1622    13977,4694    11210,2788   355843   19,80%
*   314+  166                        12627,9351    11210,2788            11,23%
    331   294    12155,6054  1550    12627,9351    11210,2788   410190   11,23%
    379   283    12569,6250   688    12627,9351    11210,2788   399892   11,23%
*   381   315      integral     0    12219,0276    11210,2788   420661    8,26%
*   385   313      integral     0    12200,0486    11210,2788   420666    8,11%
Elapsed time = 212,47 sec. (46450,78 ticks, tree = 8,71 MB, solutions = 18)
    420   289    12959,0075   436    12200,0486    11210,2788   401864    8,11%
    461   348    12185,3447  1254    12200,0486    11210,2788   459226    8,11%
    488   323    11338,1282  2271    12200,0486    11218,3692   437773    8,05%
    505   334    11324,4486  2028    12200,0486    11218,3692   445649    8,05%
    525   399    11426,4134  2305    12200,0486    11218,3692   520535    8,05%
    551   379    11919,1768  1491    12200,0486    11241,7856   502518    7,85%
*   565+  376                        11872,4023    11241,7856             5,31%
    571   407    11371,8982  2215    11872,4023    11241,7856   530063    5,31%
    596   408    11512,3758  1266    11872,4023    11246,0626   527247    5,28%
    622   420    11611,3463  1488    11872,4023    11246,0626   540663    5,28%
    654   376    11687,8227  1175    11872,4023    11246,0626   571715    5,28%
Elapsed time = 284,67 sec. (56424,12 ticks, tree = 9,29 MB, solutions = 20)
    695   407    11353,3838  1978    11872,4023    11246,0626   608221    5,28%
    732   394    11856,1010  1180    11872,4023    11246,0626   593296    5,28%
    775   416    11543,5673  1342    11872,4023    11250,2851   617860    5,24%
    798   483    11491,2301  2453    11872,4023    11250,2851   664307    5,24%
    831   499    11774,0585  1782    11872,4023    11250,2851   674180    5,24%
    869   463    11444,0911  1521    11872,4023    11250,8716   653605    5,24%
    904   544        cutoff          11872,4023    11250,8716   705000    5,24%
    940   498    11485,1419  2308    11872,4023    11250,8716   674759    5,24%
    983   579        cutoff          11872,4023    11264,9638   737411    5,12%
   1026   579    11273,7474  2399    11872,4023    11266,3977   732729    5,10%
Elapsed time = 355,75 sec. (66296,54 ticks, tree = 18,56 MB, solutions = 20)
   1052   594    11634,6988  2080    11872,4023    11266,3977   751012    5,10%
   1082   592        cutoff          11872,4023    11266,3977   747565    5,10%
   1112   599        cutoff          11872,4023    11266,3977   754812    5,10%
   1142   661    11763,5688  1341    11872,4023    11266,3977   797463    5,10%
   1186   697    11569,2384  2238    11872,4023    11273,7810   820994    5,04%
   1218   746    11329,7011  2386    11872,4023    11273,7810   854514    5,04%
   1253   783    11519,7901  2280    11872,4023    11273,7810   880265    5,04%
   1282   750    11476,1350  2456    11872,4023    11273,7810   857624    5,04%
   1320   839    11763,1389  2130    11872,4023    11276,8177   915055    5,02%
   1350   882    11562,5108  2430    11872,4023    11276,8177   947382    5,02%
Elapsed time = 429,07 sec. (76120,68 ticks, tree = 35,63 MB, solutions = 20)
   1374   905    11613,5789  2241    11872,4023    11276,8177   964185    5,02%
   1405   799    11576,3280  2158    11872,4023    11276,8177   895079    5,02%
   1443   932    11362,2753  2342    11872,4023    11281,4999   982837    4,98%
   1470   892    11342,4707  2405    11872,4023    11283,7102   954269    4,96%
   1500   899    11420,3861  2305    11872,4023    11283,7102   962916    4,96%
   1530  1024    11760,5251  1960    11872,4023    11283,8647  1051918    4,96%
   1566  1037    11588,7169  2255    11872,4023    11283,8647  1061951    4,96%
   1598   983    11848,0901  2189    11872,4023    11288,3039  1023290    4,92%
   1630  1043    11766,4925  2148    11872,4023    11288,3039  1065388    4,92%
   1663  1047    11850,8296  1792    11872,4023    11288,3039  1067455    4,92%
Elapsed time = 499,90 sec. (85880,34 ticks, tree = 44,76 MB, solutions = 20)
   1697  1140    11482,0745  1466    11872,4023    11288,3039  1143295    4,92%
   1726  1143    11605,2738  1301    11872,4023    11288,3039  1145113    4,92%
   1761  1183    11386,0641  2503    11872,4023    11288,3039  1180048    4,92%
   1791  1226    11632,6152  1713    11872,4023    11297,0493  1216125    4,85%
   1826  1188    11509,4830  2409    11872,4023    11297,0493  1183048    4,85%
   1863  1176        cutoff          11872,4023    11297,0493  1170600    4,85%
   1905  1193    11658,0194  2260    11872,4023    11297,0493  1186373    4,85%
   1937  1236    11392,2866  2180    11872,4023    11297,0493  1223406    4,85%
   1972  1268    11724,8327  2178    11872,4023    11300,0325  1249678    4,82%
   2009  1268        cutoff          11872,4023    11300,0325  1251767    4,82%
Elapsed time = 571,21 sec. (95664,87 ticks, tree = 55,65 MB, solutions = 20)
   2047  1366    11860,3915  2212    11872,4023    11300,0325  1323281    4,82%
   2086  1408    11341,0791  2455    11872,4023    11300,8744  1363689    4,81%
   2114  1436        cutoff          11872,4023    11300,8744  1383480    4,81%
   2144  1393    11478,3537  1989    11872,4023    11311,6028  1343985    4,72%
   2176  1412    11510,8019  2450    11872,4023    11311,7426  1366954    4,72%
   2211  1515    11534,4054  2122    11872,4023    11311,7426  1437002    4,72%
   2244  1556    11377,3556  2224    11872,4023    11311,7426  1463754    4,72%
   2271  1464    11559,9908  2255    11872,4023    11311,7426  1402443    4,72%
   2297  1561    11513,8236  2297    11872,4023    11311,7426  1466943    4,72%
   2328  1479    11396,1554  1937    11872,4023    11316,2247  1415903    4,68%
Elapsed time = 643,06 sec. (105546,12 ticks, tree = 63,54 MB, solutions = 20)
   2366  1622    11604,5241  1935    11872,4023    11316,2247  1516709    4,68%
   2407  1636    11407,4705  2391    11872,4023    11316,2247  1526599    4,68%
   2445  1653    11741,2897  1757    11872,4023    11317,1906  1539349    4,68%
   2486  1617    11415,7188  2475    11872,4023    11319,9705  1513655    4,65%
   2508  1742    11489,8579  2309    11872,4023    11321,6057  1603717    4,64%
   2540  1757    11506,2113  1955    11872,4023    11321,6057  1614073    4,64%
   2573  1709    11638,0343  2122    11872,4023    11321,6057  1577312    4,64%
   2605  1774    11389,5897  2415    11872,4023    11324,6221  1627171    4,61%
   2642  1849        cutoff          11872,4023    11325,1131  1678769    4,61%
   2757  1894    11862,1422  1233    11872,4023    11326,1355  1713009    4,60%
Elapsed time = 738,84 sec. (118518,73 ticks, tree = 72,36 MB, solutions = 20)
   2900  2031    11359,2901  2361    11872,4023    11329,7600  1825856    4,57%
   3028  2129    11638,4161  1967    11872,4023    11334,7287  1898996    4,53%
   3151  2116    11726,9301  1654    11872,4023    11335,2596  1888394    4,52%
   3293  2296    11720,3985  2021    11872,4023    11338,8103  2034618    4,49%
   3431  2419    11689,7259  1955    11872,4023    11341,4141  2131998    4,47%
   3584  2415    11693,4296  2209    11872,4023    11343,5464  2129409    4,45%
   3725  2529    11758,6289  1647    11872,4023    11347,1464  2212129    4,42%
   3857  2677    11525,4686  2282    11872,4023    11348,0754  2320616    4,42%

Performing restart 1

Repeating presolve.
Tried aggregator 2 times.
MIP Presolve eliminated 221 rows and 4688 columns.
Aggregator did 45 substitutions.
Reduced MIP has 5903 rows, 30039 columns, and 66251 nonzeros.
Reduced MIP has 30023 binaries, 16 generals, 0 SOSs, and 0 indicators.
Presolve time = 0,06 sec. (54,08 ticks)
Tried aggregator 1 time.
Reduced MIP has 5903 rows, 30039 columns, and 66251 nonzeros.
Reduced MIP has 30023 binaries, 16 generals, 0 SOSs, and 0 indicators.
Presolve time = 0,07 sec. (49,76 ticks)
Represolve time = 1,47 sec. (1075,30 ticks)
   3875     0    11117,3314  2773    11872,4023   ZeroHalf: 2  2453523    4,37%
   3875     0    11122,1816  2865    11872,4023  ZeroHalf: 10  2453825    4,37%
   3875     0    11132,6424  2860    11872,4023      Cuts: 10  2454406    4,37%
   3875     0    11139,6344  2835    11872,4023  ZeroHalf: 15  2454932    4,37%
   3875     0    11148,4931  2941    11872,4023  ZeroHalf: 15  2455505    4,37%
   3875     0    11150,2265  2935    11872,4023   ZeroHalf: 5  2455749    4,37%
   3875     2    11150,2265  2935    11872,4023    11353,2616  2455749    4,37%
   3881     8    11251,7558  2649    11872,4023    11353,2616  2460675    4,37%
Elapsed time = 1023,17 sec. (194668,25 ticks, tree = 0,03 MB, solutions = 20)
   3905    11    11485,5504  2433    11872,4023    11353,2616  2466302    4,37%
   3993    72    11544,8543  2188    11872,4023    11353,2616  2538863    4,37%
   4052   133    11664,0695  2343    11872,4023    11353,2616  2581868    4,37%
   4157   246    11652,1160  2244    11872,4023    11353,2616  2660555    4,37%
   4249   300    11736,0955  1925    11872,4023    11353,2616  2695489    4,37%
   4356   401    11274,2693  2518    11872,4023    11353,2616  2771101    4,37%
   4499   535    11557,1111  2115    11872,4023    11353,2616  2830118    4,37%
   4710   618    11197,7686  2742    11872,4023    11353,2616  2878772    4,37%
   4857   804    11708,4493  1892    11872,4023    11353,2616  2970769    4,37%
   5021   920    11325,3665  2530    11872,4023    11353,2616  3043651    4,37%
Elapsed time = 1269,21 sec. (233319,98 ticks, tree = 36,46 MB, solutions = 20)
   5136   955    11418,3973  2300    11872,4023    11353,2616  3061210    4,37%
   5249  1100    11410,1408  2432    11872,4023    11353,2616  3160764    4,37%
   5369  1107    11747,1354  2053    11872,4023    11353,2616  3167461    4,37%
   5482  1251    11736,5253  1683    11872,4023    11353,2616  3260944    4,37%
   5560  1297    11638,3609  2423    11872,4023    11353,2616  3303014    4,37%
   5687  1468        cutoff          11872,4023    11353,2616  3417226    4,37%
   5869  1589    11273,5513  2491    11872,4023    11353,2616  3514435    4,37%
   6029  1679    11516,6546  1976    11872,4023    11353,2616  3573807    4,37%
   6158  1662    11685,6447  1695    11872,4023    11353,2616  3553577    4,37%
   6287  1824    11841,8473  1727    11872,4023    11353,2616  3670011    4,37%
Elapsed time = 1534,45 sec. (271750,32 ticks, tree = 86,21 MB, solutions = 20)
   6395  2005    11819,5895  1864    11872,4023    11353,2616  3806780    4,37%
   6553  2001    11377,4385  2302    11872,4023    11353,2616  3790960    4,37%
   6696  2132    11564,7348  2341    11872,4023    11353,2616  3919354    4,37%
   6833  2182    11710,5628  2325    11872,4023    11353,2616  3960557    4,37%
   6934  2322    11797,7807  1836    11872,4023    11353,2616  4077024    4,37%
   6979  2424    11457,2572  2153    11872,4023    11353,2616  4159861    4,37%
   7076  2474    11542,0406  2141    11872,4023    11353,2616  4212700    4,37%
   7195  2504    11633,7114  2158    11872,4023    11353,2616  4230191    4,37%
   7358  2581    11786,0630  1166    11872,4023    11353,2616  4306853    4,37%
   7483  2659    11756,5272  1771    11872,4023    11353,2616  4356228    4,37%
Elapsed time = 1796,05 sec. (310384,33 ticks, tree = 118,37 MB, solutions = 20)
   7594  2784        cutoff          11872,4023    11353,2616  4452155    4,37%
   7674  2830    11394,1319  2468    11872,4023    11353,2616  4492026    4,37%
   7751  2916    11502,7862  2217    11872,4023    11353,2616  4565093    4,37%
   7838  2983    11746,6979  2008    11872,4023    11353,2616  4669723    4,37%
   7927  3026        cutoff          11872,4023    11353,2616  4703438    4,37%
   8013  3069    11723,9768  2449    11872,4023    11353,2616  4786278    4,37%
   8064  3133    11657,7064  2395    11872,4023    11353,2616  4852470    4,37%
   8156  3217    11675,1927  1545    11872,4023    11353,2616  4979314    4,37%
   8242  3224    11349,4823  2866    11872,4023    11353,2616  4984720    4,37%
   8282  3322    11549,6845  2113    11872,4023    11353,2616  5109921    4,37%
Elapsed time = 2066,97 sec. (349107,22 ticks, tree = 150,09 MB, solutions = 20)
   8342  3318    11722,7882  1535    11872,4023    11353,2616  5098321    4,37%
   8447  3361    11835,8355  1244    11872,4023    11353,2616  5160123    4,37%
   8531  3417    11807,2497  1697    11872,4023    11353,2616  5223042    4,37%
   8588  3465    11590,4045  2546    11872,4023    11353,2616  5269941    4,37%
   8675  3506        cutoff          11872,4023    11353,2616  5322605    4,37%
   8742  3571    11839,3469  1135    11872,4023    11353,2616  5411678    4,37%
   8824  3627    11818,6623  1779    11872,4023    11353,2616  5504323    4,37%
   8903  3650    11643,6092  2071    11872,4023    11353,2616  5552171    4,37%
   9000  3695    11744,5351  1932    11872,4023    11353,2616  5606488    4,37%
   9110  3784    11871,6137  1482    11872,4023    11353,2616  5703743    4,37%
Elapsed time = 2329,12 sec. (387663,20 ticks, tree = 167,91 MB, solutions = 20)
   9193  3824    11766,2572  1656    11872,4023    11353,2616  5758899    4,37%
   9292  3895    11793,7111  1796    11872,4023    11353,2616  5840459    4,37%
   9357  3942    11667,6748  2102    11872,4023    11353,2616  5892481    4,37%
   9436  4025        cutoff          11872,4023    11353,2616  6008006    4,37%
   9495  4079    11842,5054  1653    11872,4023    11353,2616  6077152    4,37%
   9585  4070    11515,8695  2290    11872,4023    11353,2616  6070726    4,37%
   9662  4174    11818,7515  1775    11872,4023    11353,2616  6159603    4,37%
   9773  4186    11482,5126  2124    11872,4023    11353,2616  6172909    4,37%
   9843  4234    11796,1760  2067    11872,4023    11353,2616  6249510    4,37%
   9934  4330    11813,5592  1941    11872,4023    11353,2616  6359153    4,37%
Elapsed time = 2600,08 sec. (426389,56 ticks, tree = 188,82 MB, solutions = 20)
  10028  4353        cutoff          11872,4023    11353,2616  6418403    4,37%
  10108  4417    11558,1412  2481    11872,4023    11353,2616  6502024    4,37%
  10188  4422    11773,2164  1958    11872,4023    11353,2616  6508275    4,37%
  10274  4545    11652,4379  2190    11872,4023    11353,2616  6631880    4,37%
  10409  4592    11812,8256  1663    11872,4023    11353,2616  6694253    4,37%
  10478  4590    11750,9314  2394    11872,4023    11353,2616  6710370    4,37%
  10565  4731    11791,1137  2109    11872,4023    11353,2616  6860886    4,37%
  10681  4734    11621,7185  2429    11872,4023    11353,2616  6866789    4,37%
  10764  4772    11689,5571  2200    11872,4023    11353,2616  6936552    4,37%
  10825  4836    11765,5602  2467    11872,4023    11353,2616  7001606    4,37%
Elapsed time = 2880,25 sec. (465250,44 ticks, tree = 214,67 MB, solutions = 20)
  10881  4917    11616,1501  2097    11872,4023    11354,2385  7119107    4,36%
  10927  4958    11553,2628  2258    11872,4023    11357,6037  7178241    4,34%
  10963  4992    11857,5717  2542    11872,4023    11357,6037  7253239    4,34%
  11033  5014    11794,4161  1727    11872,4023    11363,3093  7276128    4,29%
  11120  5034    11647,9111  2199    11872,4023    11363,3093  7329110    4,29%
  11185  5022    11787,2147  2206    11872,4023    11363,3093  7288646    4,29%
  11264  5046    11675,6550  2122    11872,4023    11364,4587  7353348    4,28%
  11351  5103    11602,2630  2221    11872,4023    11371,9148  7437397    4,22%
  11436  5189    11647,5745  2089    11872,4023    11371,9148  7576944    4,22%
  11549  5213    11584,4616  2245    11872,4023    11371,9148  7623762    4,22%
Elapsed time = 3142,89 sec. (504121,91 ticks, tree = 229,04 MB, solutions = 20)
  11622  5277    11686,9669  1452    11872,4023    11374,2468  7666953    4,20%
  11743  5318        cutoff          11872,4023    11375,8681  7719679    4,18%
  11820  5442    11865,8895  1357    11872,4023    11376,5758  7875238    4,18%
  11926  5488    11855,9720  1079    11872,4023    11379,1242  7914668    4,15%
  12005  5499    11837,8241   889    11872,4023    11381,1846  7948078    4,14%
  12092  5623    11795,9679  2362    11872,4023    11383,0690  8130992    4,12%
  12155  5511    11605,1613  1932    11872,4023    11383,5232  7986801    4,12%
  12218  5634    11846,4807   818    11872,4023    11384,9558  8143316    4,11%
  12284  5731    11789,0565  1981    11872,4023    11389,0843  8306474    4,07%
  12346  5743        cutoff          11872,4023    11389,3679  8344766    4,07%
Elapsed time = 3417,07 sec. (543265,98 ticks, tree = 242,30 MB, solutions = 20)
  12405  5790    11732,2475  2462    11872,4023    11392,6755  8424134    4,04%
  12469  5806    11673,5396  2360    11872,4023    11393,3700  8462853    4,03%
  12530  5819    11841,9013  1967    11872,4023    11393,5807  8479616    4,03%
  12581  5850    11552,0629  2459    11872,4023    11394,1444  8559220    4,03%
* 12603  5869      integral     0    11816,9498    11394,1444  8590059    3,58%
  12633  5890        cutoff          11816,9498    11398,1804  8611139    3,54%
  12703  5089    11613,7868  2765    11816,9498    11398,8040  8731062    3,54%
  12765  5115        cutoff          11816,9498    11398,8040  8774485    3,54%
  12826  5126    11814,9989  1413    11816,9498    11398,8040  8775790    3,54%
  12902  5114        cutoff          11816,9498    11403,7610  8800966    3,50%
  12978  5126    11727,5310  2672    11816,9498    11404,0603  8818608    3,49%
Elapsed time = 3695,54 sec. (582000,96 ticks, tree = 211,04 MB, solutions = 21)
  13065  5269    11671,9578  2533    11816,9498    11404,7498  9046212    3,49%
  13154  5229    11797,0198  2116    11816,9498    11407,9671  8986090    3,46%
  13240  5282    11740,7818  2318    11816,9498    11408,7757  9076423    3,45%
  13314  5284    11791,1875  1581    11816,9498    11410,5224  9064548    3,44%
  13386  5357    11684,1346  1925    11816,9498    11413,5879  9189943    3,41%
  13455  5410    11589,5416  2700    11816,9498    11414,0622  9283710    3,41%
  13511  5396    11627,9109  2502    11816,9498    11416,9910  9269397    3,38%
  13571  5534    11751,9896  1977    11816,9498    11419,2986  9539646    3,37%
  13647  5518    11796,1520  2190    11816,9498    11419,9204  9489415    3,36%
  13726  5526        cutoff          11816,9498    11422,8877  9534147    3,33%
Elapsed time = 3967,67 sec. (620769,80 ticks, tree = 230,76 MB, solutions = 21)
  13796  5581    11735,6617  2313    11816,9498    11423,6998  9641675    3,33%
  13850  5619    11619,3348  2570    11816,9498    11425,2996  9735317    3,31%
  13916  5639    11622,0213  1929    11816,9498    11426,9959  9760665    3,30%
  13986  5619        cutoff          11816,9498    11427,6674  9729248    3,29%
  14052  5697    11814,9532   817    11816,9498    11429,2588  9867402    3,28%
  14129  5746    11721,4768  2341    11816,9498    11430,7165 10031780    3,27%
  14192  5710    11729,2942  2526    11816,9498    11431,3187  9911520    3,26%
  14238  5834    11801,9793  1662    11816,9498    11437,1603 10212913    3,21%
  14277  5783    11638,8581  2372    11816,9498    11438,4194 10125146    3,20%
  14315  5781    11660,4963  2471    11816,9498    11439,1198 10106785    3,20%
Elapsed time = 4243,32 sec. (659231,63 ticks, tree = 241,17 MB, solutions = 21)
  14367  5811    11725,0473  2707    11816,9498    11441,4548 10206509    3,18%
  14409  5858    11682,0222  2297    11816,9498    11443,0807 10276723    3,16%
  14475  5894    11666,4867  2348    11816,9498    11443,9706 10383493    3,16%
  14539  5915    11673,2307  2329    11816,9498    11444,9702 10460519    3,15%
  14601  5911    11665,4451  2656    11816,9498    11445,8136 10433276    3,14%
  14666  5936    11563,9480  2536    11816,9498    11447,1422 10565391    3,13%
  14729  5952        cutoff          11816,9498    11448,1508 10650600    3,12%
  14791  5940    11692,3033  2494    11816,9498    11448,9665 10594618    3,11%
  14855  5988        cutoff          11816,9498    11449,7018 10794251    3,11%
  14938  5993    11663,2693  1759    11816,9498    11450,6378 10763188    3,10%
Elapsed time = 4504,55 sec. (698035,30 ticks, tree = 243,16 MB, solutions = 21)
  15009  5989    11735,0553  2273    11816,9498    11452,7262 10805450    3,08%
  15081  6038    11755,1321  2090    11816,9498    11454,6222 10926843    3,07%
  15152  6053    11717,7746  1883    11816,9498    11455,9424 10964171    3,05%
  15219  6079    11615,9576  2031    11816,9498    11458,3705 11092246    3,03%
  15275  6097    11776,0333  2298    11816,9498    11459,0086 11159492    3,03%
  15328  6097    11689,6494  2388    11816,9498    11460,7055 11164679    3,01%
  15399  6109    11813,9260  2131    11816,9498    11462,5617 11194211    3,00%
  15467  6100        cutoff          11816,9498    11464,0874 11174932    2,99%
* 15513  6189      integral     0    11786,6334    11464,0874 11342391    2,74%
  15528  6197    11776,7686  2147    11786,6334    11464,4678 11410539    2,73%
  15592  5421    11691,6657  2325    11786,6334    11467,2748 11460831    2,71%
Elapsed time = 4786,99 sec. (736767,78 ticks, tree = 214,84 MB, solutions = 22)
  15645  6203    11700,0440  2317    11786,6334    11469,7316 11437148    2,69%
  15697  5445        cutoff          11786,6334    11469,9601 11559532    2,69%
  15747  5449    11751,5415  2023    11786,6334    11471,5758 11626776    2,67%
  15788  5465    11745,8656  2491    11786,6334    11476,2305 11753712    2,63%
  15839  5488    11754,3835  1881    11786,6334    11476,8408 11784267    2,63%
  15891  5501    11758,5215  2491    11786,6334    11478,5970 11832002    2,61%
  15948  5511        cutoff          11786,6334    11478,8849 11890831    2,61%
  16011  5494        cutoff          11786,6334    11481,1955 11818324    2,59%
  16075  5508    11700,6082  2414    11786,6334    11482,9035 11948202    2,58%
  16156  5548    11741,7291   866    11786,6334    11484,7420 12029726    2,56%
Elapsed time = 5080,60 sec. (776064,19 ticks, tree = 220,07 MB, solutions = 22)
  16239  5536    11712,2203  1668    11786,6334    11486,0845 11994487    2,55%
  16310  5548    11625,2844  2219    11786,6334    11488,7564 12000936    2,53%
  16364  5553    11741,9377  2413    11786,6334    11489,4498 12137682    2,52%
  16436  5575        cutoff          11786,6334    11491,6368 12242151    2,50%
* 16508+ 5540                        11767,6190    11492,0268             2,34%
  16512  5631    11762,7119  2500    11767,6190    11492,0268 12324664    2,34%
  16583  5578    11773,9220  1784    11767,6190    11493,4277 12252614    2,33%
  16635  5158        cutoff          11767,6190    11495,0472 12507231    2,32%
  16705  5175        cutoff          11767,6190    11496,7252 12557833    2,30%
  16762  5145    11742,3020  2533    11767,6190    11497,1162 12427144    2,30%
  16830  5190        cutoff          11767,6190    11497,4941 12627945    2,30%
Elapsed time = 5345,47 sec. (814609,46 ticks, tree = 198,45 MB, solutions = 23)
  16882  5205        cutoff          11767,6190    11500,4278 12782148    2,27%
  16930  5204    11681,9233  2053    11767,6190    11501,6886 12701012    2,26%
  16989  5209    11683,8800  1863    11767,6190    11503,4074 12806533    2,25%
  17038  5205    11594,9263  2474    11767,6190    11504,7554 12727659    2,23%
  17083  5217    11574,6462  2099    11767,6190    11506,1041 12815499    2,22%
  17140  5211    11738,1719  1815    11767,6190    11507,8675 12844988    2,21%
  17183  5248    11678,3801  2023    11767,6190    11509,1167 12977821    2,20%
  17234  5277        cutoff          11767,6190    11511,8495 13099478    2,17%
  17298  5285    11654,7829  1796    11767,6190    11512,2858 13151228    2,17%
  17359  5273        cutoff          11767,6190    11513,6917 13110089    2,16%
Elapsed time = 5625,35 sec. (853366,24 ticks, tree = 203,87 MB, solutions = 23)
  17410  5314    11729,4050  1875    11767,6190    11515,9963 13285162    2,14%
  17470  5317    11760,2286  1012    11767,6190    11516,8790 13313265    2,13%
  17518  5281        cutoff          11767,6190    11518,5139 13205411    2,12%
  17564  5345        cutoff          11767,6190    11520,5554 13414850    2,10%
  17615  5326        cutoff          11767,6190    11522,1526 13392894    2,09%
  17672  5342    11742,8250  2089    11767,6190    11523,6995 13425116    2,07%
  17730  5321    11734,7960  2290    11767,6190    11524,5893 13522292    2,07%
  17800  5330    11740,3636  1169    11767,6190    11525,8166 13553039    2,05%
  17867  5306        cutoff          11767,6190    11525,8166 13709820    2,05%
  17914  5304    11650,9447  1759    11767,6190    11527,3818 13805758    2,04%
Elapsed time = 5878,41 sec. (892351,94 ticks, tree = 201,53 MB, solutions = 23)
* 17993  5326      integral     0    11767,5090    11530,7344 13902755    2,01%
  17997  5318    11760,4713   532    11767,5090    11530,7344 13925974    2,01%
  18052  5316    11753,8551  2580    11767,5090    11530,7344 13886213    2,01%
  18115  5312        cutoff          11767,5090    11532,1886 13934830    2,00%
  18168  5323    11688,8055  1897    11767,5090    11533,0779 13976910    1,99%
  18242  5326        cutoff          11767,5090    11534,5089 14075925    1,98%
  18283  5317    11608,1120  1564    11767,5090    11536,1465 14177286    1,97%
  18329  5327        cutoff          11767,5090    11537,3759 14159401    1,96%
  18386  5310    11748,4767  1789    11767,5090    11538,5917 14231560    1,95%
  18416  5344    11652,7702  1834    11767,5090    11539,6563 14116489    1,94%
  18472  5315    11734,7011  1701    11767,5090    11542,2862 14399219    1,91%
Elapsed time = 6173,42 sec. (931411,56 ticks, tree = 204,64 MB, solutions = 24)
  18524  5297        cutoff          11767,5090    11544,5307 14264182    1,89%
  18568  5314        cutoff          11767,5090    11545,9841 14481087    1,88%
  18612  5319        cutoff          11767,5090    11548,2312 14414242    1,86%
  18648  5301    11726,3548  2413    11767,5090    11548,2312 14380859    1,86%
  18721  5320        cutoff          11767,5090    11551,0903 14434216    1,84%
  18796  5320        cutoff          11767,5090    11552,1910 14477255    1,83%
  18853  5292        cutoff          11767,5090    11552,1910 14705530    1,83%
  18923  5273        cutoff          11767,5090    11553,6305 14809350    1,82%
  18991  5326    11750,6998  2598    11767,5090    11555,6899 14692239    1,80%
  19074  5310    11735,4185  1382    11767,5090    11557,0503 14722204    1,79%
Elapsed time = 6442,30 sec. (970447,80 ticks, tree = 201,92 MB, solutions = 24)
  19161  5266        cutoff          11767,5090    11557,4818 14803485    1,78%
  19224  5266        cutoff          11767,5090    11558,5219 14858004    1,78%
  19311  5267        cutoff          11767,5090    11558,5219 14995459    1,78%
  19379  5322        cutoff          11767,5090    11561,5477 15056334    1,75%
* 19416  5269      integral     0    11756,6519    11562,7430 15006189    1,65%
  19441  5294    11734,2478  1324    11756,6519    11562,7430 15209312    1,65%
  19498  4932        cutoff          11756,6519    11564,9741 15284500    1,63%
  19540  5297    11725,0753  2451    11756,6519    11565,9081 15217049    1,62%
  19595  4948    11715,7967  1920    11756,6519    11568,7944 15319709    1,60%
  19654  4930    11696,4850  2404    11756,6519    11569,5805 15352680    1,59%
  19709  4930    11729,6904  2433    11756,6519    11571,5106 15356773    1,57%
Elapsed time = 6744,63 sec. (1009328,55 ticks, tree = 187,47 MB, solutions = 25)
  19761  4940        cutoff          11756,6519    11573,2690 15389480    1,56%
* 19805  4907      integral     0    11751,3868    11574,5270 15527686    1,51%
  19817  4938    11706,1402  1926    11751,3868    11574,5270 15438645    1,51%
  19877  4654        cutoff          11751,3868    11578,0300 15767643    1,48%
  19939  4649        cutoff          11751,3868    11578,0300 15684625    1,48%
  20004  4652    11751,1298  2031    11751,3868    11579,2533 15737111    1,46%
  20074  4660    11684,0103  2599    11751,3868    11580,1772 15799961    1,46%
  20126  4646        cutoff          11751,3868    11582,0208 15699556    1,44%
  20186  4648    11742,0374  2014    11751,3868    11583,2848 15897616    1,43%
  20274  4624        cutoff          11751,3868    11584,9412 16067185    1,42%
* 20321+ 4623                        11742,7787    11585,6617             1,34%
  20380  4620    11739,9626  1581    11742,7787    11585,6617 16101254    1,34%
Elapsed time = 7024,33 sec. (1047753,45 ticks, tree = 170,22 MB, solutions = 27)
  20451  4609        cutoff          11742,7787    11590,2565 16125865    1,30%
  20532  4221        cutoff          11742,7787    11590,9340 16217863    1,29%
  20643  4221        cutoff          11742,7787    11594,8393 16237251    1,26%
  20725  4217        cutoff          11742,7787    11599,1134 16241996    1,22%
  20813  4143        cutoff          11742,7787    11599,1134 16483093    1,22%
  20893  4186    11728,7793  1300    11742,7787    11600,5791 16380367    1,21%
  20964  4155    11713,7386  2422    11742,7787    11602,6632 16466031    1,19%
  21032  4127        cutoff          11742,7787    11608,3211 16579323    1,15%
  21099  4083        cutoff          11742,7787    11608,7823 16640965    1,14%
  21180  4059        cutoff          11742,7787    11608,7823 16689186    1,14%
Elapsed time = 7302,59 sec. (1086543,19 ticks, tree = 151,59 MB, solutions = 27)
  21238  4032        cutoff          11742,7787    11611,6580 16768046    1,12%
  21315  4048    11701,2766  1619    11742,7787    11611,6580 16743094    1,12%
  21397  4008    11703,5326  1900    11742,7787    11613,8383 16846789    1,10%
  21476  3982        cutoff          11742,7787    11616,9594 16910079    1,07%
  21561  3951        cutoff          11742,7787    11620,5809 17033004    1,04%
  21662  3981        cutoff          11742,7787    11621,3971 16958249    1,03%
  21765  3907        cutoff          11742,7787    11621,7944 17067265    1,03%
  21900  3916        cutoff          11742,7787    11629,0018 17073090    0,97%
  21998  3722        cutoff          11742,7787    11635,7222 17327882    0,91%
  22120  3716        cutoff          11742,7787    11636,5614 17332778    0,90%
Elapsed time = 7554,80 sec. (1124939,53 ticks, tree = 134,25 MB, solutions = 27)
  22231  3643        cutoff          11742,7787    11640,5332 17415222    0,87%
  22315  3627        cutoff          11742,7787    11644,6309 17428867    0,84%
  22413  3578        cutoff          11742,7787    11645,8920 17481254    0,83%
  22488  3545        cutoff          11742,7787    11645,8920 17534070    0,83%
  22582  3494    11709,0210  1604    11742,7787    11647,5378 17592449    0,81%
  22687  3405    11716,5392  1669    11742,7787    11650,9370 17679084    0,78%
  22812  3500    11727,4508  1431    11742,7787    11654,1029 17615622    0,76%
  22934  3405        cutoff          11742,7787    11656,5063 17704887    0,73%
  23055  3234        cutoff          11742,7787    11657,8496 17886366    0,72%
  23190  3192        cutoff          11742,7787    11662,0697 17928251    0,69%
Elapsed time = 7810,10 sec. (1163340,42 ticks, tree = 115,35 MB, solutions = 27)
  23321  3097        cutoff          11742,7787    11666,7064 18003411    0,65%
  23489  3023        cutoff          11742,7787    11671,7090 18063846    0,61%
  23624  2984    11733,3284  1465    11742,7787    11672,8052 18096366    0,60%
  23766  2978    11722,4919  1694    11742,7787    11676,0073 18101009    0,57%
  23927  2798        cutoff          11742,7787    11680,1859 18222535    0,53%
  24084  2713    11740,1417  1480    11742,7787    11683,0601 18268956    0,51%
  24246  2607        cutoff          11742,7787    11686,1931 18320014    0,48%
  24428  2483        cutoff          11742,7787    11687,0835 18367575    0,47%
  24614  2341        cutoff          11742,7787    11694,7521 18425318    0,41%
  24828  2186    11734,9100  1066    11742,7787    11695,2428 18472714    0,40%
Elapsed time = 8021,79 sec. (1201726,03 ticks, tree = 72,88 MB, solutions = 27)
  25050  2108        cutoff          11742,7787    11697,3651 18497974    0,39%
  25252  1960        cutoff          11742,7787    11705,4377 18553065    0,32%
  25530  1762        cutoff          11742,7787    11707,8971 18609330    0,30%
  25808  1437        cutoff          11742,7787    11714,5333 18668250    0,24%
  26121  1233        cutoff          11742,7787    11720,0325 18698364    0,19%
  26483   802        cutoff          11742,7787    11726,3626 18736880    0,14%
  26921   315        cutoff          11742,7787    11735,1748 18759393    0,06%

Zero-half cuts applied:  1155
Lift and project cuts applied:  2
Gomory fractional cuts applied:  2

Root node processing (before b&c):
  Real time             =   43,58 sec. (20341,25 ticks)
Parallel b&c, 12 threads:
  Real time             = 8086,26 sec. (1210397,14 ticks)
  Sync time (average)   = 1106,42 sec.
  Wait time (average)   =    0,04 sec.
                          ------------
Total (root+branch&cut) = 8129,84 sec. (1230738,38 ticks)

