
Version identifier: 22.1.1.0 | 2022-11-28 | 9160aff4d
CPXPARAM_MultiObjective_Display                  0
CPXPARAM_TimeLimit                               60000
CPXPARAM_WorkMem                                 8192
CPXPARAM_DetTimeLimit                            60000
Tried aggregator 3 times.
MIP Presolve eliminated 20854 rows and 124842 columns.
Aggregator did 308 substitutions.
Reduced MIP has 1469 rows, 5066 columns, and 11570 nonzeros.
Reduced MIP has 5052 binaries, 14 generals, 0 SOSs, and 0 indicators.
Presolve time = 0,09 sec. (82,17 ticks)
Found incumbent of value 98749,791934 after 0,12 sec. (103,38 ticks)
Probing time = 0,01 sec. (4,86 ticks)
Tried aggregator 2 times.
Detecting symmetries...
Aggregator did 6 substitutions.
Reduced MIP has 1463 rows, 5060 columns, and 11558 nonzeros.
Reduced MIP has 5052 binaries, 8 generals, 0 SOSs, and 0 indicators.
Presolve time = 0,01 sec. (11,33 ticks)
Probing time = 0,03 sec. (4,83 ticks)
Clique table members: 6859.
MIP emphasis: balance optimality and feasibility.
MIP search method: dynamic search.
Parallel mode: deterministic, using up to 12 threads.
Root relaxation solution time = 0,22 sec. (119,62 ticks)

        Nodes                                         Cuts/
   Node  Left     Objective  IInf  Best Integer    Best Bound    ItCnt     Gap

*     0+    0                        98749,7919  -410518,0000           515,72%
*     0+    0                        85972,1679  -410518,0000           577,50%
*     0+    0                        85964,4459  -410518,0000           577,54%
*     0+    0                        85956,7239  -410518,0000           577,59%
*     0+    0                        85949,0019  -410518,0000           577,63%
*     0+    0                        85941,2799  -410518,0000           577,67%
*     0+    0                        85933,5579  -410518,0000           577,72%
*     0+    0                        85925,8359  -410518,0000           577,76%
*     0+    0                        85918,1139  -410518,0000           577,80%
*     0+    0                        85910,3919  -410518,0000           577,84%
*     0     0      integral     0    13095,4288    13095,4288     2828    0,00%
Elapsed time = 0,44 sec. (274,08 ticks, tree = 0,00 MB, solutions = 11)

Root node processing (before b&c):
  Real time             =    0,45 sec. (286,34 ticks)
Parallel b&c, 12 threads:
  Real time             =    0,00 sec. (0,00 ticks)
  Sync time (average)   =    0,00 sec.
  Wait time (average)   =    0,00 sec.
                          ------------
Total (root+branch&cut) =    0,45 sec. (286,34 ticks)

