
Version identifier: 22.1.1.0 | 2022-11-28 | 9160aff4d
CPXPARAM_MultiObjective_Display                  0
CPXPARAM_TimeLimit                               2000000
CPXPARAM_WorkMem                                 8192
CPXPARAM_DetTimeLimit                            2000000
Tried aggregator 3 times.
MIP Presolve eliminated 125457 rows and 1104910 columns.
Aggregator did 886 substitutions.
Reduced MIP has 3518 rows, 13566 columns, and 30709 nonzeros.
Reduced MIP has 13534 binaries, 32 generals, 0 SOSs, and 0 indicators.
Presolve time = 0,71 sec. (570,84 ticks)
Found incumbent of value 199731,702005 after 0,83 sec. (671,03 ticks)
Probing time = 0,02 sec. (7,76 ticks)
Tried aggregator 2 times.
Detecting symmetries...
Aggregator did 16 substitutions.
Reduced MIP has 3502 rows, 13550 columns, and 30677 nonzeros.
Reduced MIP has 13534 binaries, 16 generals, 0 SOSs, and 0 indicators.
Presolve time = 0,03 sec. (29,26 ticks)
Probing time = 0,02 sec. (7,58 ticks)
Clique table members: 17842.
MIP emphasis: balance optimality and feasibility.
MIP search method: dynamic search.
Parallel mode: deterministic, using up to 12 threads.
Root relaxation solution time = 0,38 sec. (219,40 ticks)

        Nodes                                         Cuts/
   Node  Left     Objective  IInf  Best Integer    Best Bound    ItCnt     Gap

*     0+    0                       199731,7020 -1143749,0000           672,64%
*     0+    0                       165637,4500 -1143749,0000           790,51%
*     0+    0                       165619,1980 -1143749,0000           790,59%
*     0+    0                       165600,9460 -1143749,0000           790,67%
*     0+    0                       165582,6940 -1143749,0000           790,74%
*     0+    0                       165564,4420 -1143749,0000           790,82%
*     0+    0                       165546,1900 -1143749,0000           790,89%
*     0+    0                       165527,9380 -1143749,0000           790,97%
*     0+    0                       165509,6860 -1143749,0000           791,05%
      0     0    39161,9611   400   165509,6860    39161,9611       25   76,34%
*     0+    0                        41184,0021    39161,9611             4,91%
      0     0    39804,0420   445    41184,0021      Cuts: 32      192    3,35%
*     0+    0                        40138,4469    39804,0420             0,83%
      0     0    39969,2169   429    40138,4469      Cuts: 37      257    0,42%
*     0+    0                        40133,2025    39969,2169             0,41%
Detecting symmetries...
*     0+    0                        40055,6333    39969,2169             0,22%

Repeating presolve.
Tried aggregator 4 times.
MIP Presolve eliminated 1788 rows and 10594 columns.
MIP Presolve modified 88 coefficients.
Aggregator did 443 substitutions.
Reduced MIP has 1271 rows, 2512 columns, and 6583 nonzeros.
Reduced MIP has 2501 binaries, 11 generals, 0 SOSs, and 0 indicators.
Presolve time = 0,02 sec. (17,31 ticks)
Probing time = 0,01 sec. (8,74 ticks)
Tried aggregator 2 times.
Detecting symmetries...
MIP Presolve eliminated 5 rows and 2 columns.
Aggregator did 5 substitutions.
Reduced MIP has 1261 rows, 2503 columns, and 6563 nonzeros.
Reduced MIP has 2492 binaries, 11 generals, 0 SOSs, and 0 indicators.
Presolve time = 0,01 sec. (9,00 ticks)
Represolve time = 0,51 sec. (646,94 ticks)
Probing time = 0,00 sec. (3,24 ticks)
Clique table members: 4147.
MIP emphasis: balance optimality and feasibility.
MIP search method: dynamic search.
Parallel mode: deterministic, using up to 12 threads.
Root relaxation solution time = 0,05 sec. (54,21 ticks)

        Nodes                                         Cuts/
   Node  Left     Objective  IInf  Best Integer    Best Bound    ItCnt     Gap

*     0+    0                        40055,6333    39971,4020             0,21%
      0     0    39969,9703   262    40055,6333    39971,4020     2112    0,21%
*     0+    0                        40002,3794    39971,4020             0,08%
      0     0    39981,2937   437    40002,3794      Cuts: 28     2174    0,05%
      0     0    39984,5605   400    40002,3794      Cuts: 25     2201    0,04%

Zero-half cuts applied:  18
Lift and project cuts applied:  1
Gomory fractional cuts applied:  4

Root node processing (before b&c):
  Real time             =    3,68 sec. (2822,72 ticks)
Parallel b&c, 12 threads:
  Real time             =    0,00 sec. (0,00 ticks)
  Sync time (average)   =    0,00 sec.
  Wait time (average)   =    0,00 sec.
                          ------------
Total (root+branch&cut) =    3,68 sec. (2822,72 ticks)

