
Version identifier: 22.1.1.0 | 2022-11-28 | 9160aff4d
CPXPARAM_MultiObjective_Display                  0
CPXPARAM_WorkMem                                 8192
CPXPARAM_DetTimeLimit                            2000000
Tried aggregator 3 times.
MIP Presolve eliminated 131816 rows and 1084124 columns.
MIP Presolve modified 20 coefficients.
Aggregator did 1171 substitutions.
Reduced MIP has 6044 rows, 32927 columns, and 71958 nonzeros.
Reduced MIP has 32896 binaries, 31 generals, 0 SOSs, and 0 indicators.
Presolve time = 1,15 sec. (650,23 ticks)
Found incumbent of value 208971,903791 after 1,34 sec. (795,68 ticks)
Tried aggregator 2 times.
Detecting symmetries...
Aggregator did 15 substitutions.
Reduced MIP has 6029 rows, 32912 columns, and 71928 nonzeros.
Reduced MIP has 32896 binaries, 16 generals, 0 SOSs, and 0 indicators.
Presolve time = 0,08 sec. (66,37 ticks)
Probing time = 0,09 sec. (14,69 ticks)
Clique table members: 40142.
MIP emphasis: balance optimality and feasibility.
MIP search method: dynamic search.
Parallel mode: deterministic, using up to 12 threads.
Root relaxation solution time = 1,01 sec. (553,32 ticks)

        Nodes                                         Cuts/
   Node  Left     Objective  IInf  Best Integer    Best Bound    ItCnt     Gap

*     0+    0                       208971,9038 -2022953,7667              --- 
*     0+    0                       181492,6438 -2022953,7667              --- 
*     0+    0                       181474,3918 -2022953,7667              --- 
*     0+    0                       181456,1398 -2022953,7667              --- 
*     0+    0                       181437,8878 -2022953,7667              --- 
*     0+    0                       181419,6358 -2022953,7667              --- 
*     0+    0                       181402,4638 -2022953,7667              --- 
*     0+    0                       181385,6158 -2022953,7667              --- 
*     0+    0                       181369,2538 -2022953,7667              --- 
*     0+    0                       181353,4588 -2022953,7667              --- 
      0     0    17270,4290  2059   181353,4588    17270,4290       44   90,48%
*     0+    0                       114817,3192    17270,4290            84,96%
      0     0    17293,2944  2038   114817,3192      Cuts: 18      599   84,94%
*     0+    0                        35298,7963    17293,2944            51,01%
      0     0    17329,8213  2020    35298,7963  ZeroHalf: 10     1296   50,91%
      0     0    17341,2052  2129    35298,7963   ZeroHalf: 6     1664   50,87%
*     0+    0                        32577,6952    17341,2052            46,77%
      0     0  -1,00000e+75     0    32577,6952    17341,2052     1664   46,77%
      0     0    17343,3290  2138    32577,6952   ZeroHalf: 4     1840   46,76%
      0     0    17348,5009  2140    32577,6952   ZeroHalf: 8     2151   46,75%
Detecting symmetries...
      0     0    17356,6694  2204    32577,6952   ZeroHalf: 6     2508   46,72%
      0     0    17364,2748  2172    32577,6952   ZeroHalf: 6     2889   46,70%
      0     0    17368,9753  2157    32577,6952   ZeroHalf: 4     3137   46,68%
      0     0    17371,7474  2234    32577,6952   ZeroHalf: 3     3337   46,68%
      0     0    17374,6700  2263    32577,6952   ZeroHalf: 4     3534   46,67%
      0     0    17375,0436  2257    32577,6952   ZeroHalf: 1     3591   46,67%
      0     0    17377,0398  2285    32577,6952   ZeroHalf: 2     3768   46,66%
*     0+    0                        19731,2867    17377,0398            11,93%
*     0+    0                        17662,6615    17377,0398             1,62%
Detecting symmetries...

Repeating presolve.
Tried aggregator 4 times.
MIP Presolve eliminated 881 rows and 10831 columns.
Aggregator did 215 substitutions.
Reduced MIP has 4933 rows, 21866 columns, and 48937 nonzeros.
Reduced MIP has 21850 binaries, 16 generals, 0 SOSs, and 0 indicators.
Presolve time = 0,07 sec. (55,40 ticks)
Probing fixed 1032 vars, tightened 0 bounds.
Probing changed sense of 14 constraints.
Probing time = 0,65 sec. (285,30 ticks)
Tried aggregator 3 times.
MIP Presolve eliminated 155 rows and 1057 columns.
Aggregator did 55 substitutions.
Reduced MIP has 4723 rows, 20754 columns, and 46587 nonzeros.
Reduced MIP has 20738 binaries, 16 generals, 0 SOSs, and 0 indicators.
Presolve time = 0,09 sec. (70,65 ticks)
Probing time = 0,03 sec. (9,70 ticks)
Tried aggregator 1 time.
Detecting symmetries...
Reduced MIP has 4723 rows, 20754 columns, and 46587 nonzeros.
Reduced MIP has 20738 binaries, 16 generals, 0 SOSs, and 0 indicators.
Presolve time = 0,04 sec. (34,74 ticks)
Represolve time = 1,82 sec. (1408,58 ticks)
Probing time = 0,02 sec. (9,70 ticks)
Clique table members: 27272.
MIP emphasis: balance optimality and feasibility.
MIP search method: dynamic search.
Parallel mode: deterministic, using up to 12 threads.
Root relaxation solution time = 0,69 sec. (449,40 ticks)

        Nodes                                         Cuts/
   Node  Left     Objective  IInf  Best Integer    Best Bound    ItCnt     Gap

*     0+    0                        17662,6615    17377,0398             1,62%
      0     0    17377,0398  2216    17662,6615    17377,0398     3814    1,62%
*     0+    0                        17658,6969    17377,0398             1,60%
      0     0    17381,0834  2150    17658,6969       Cuts: 9     4132    1,57%
      0     0    17382,4300  2219    17658,6969   ZeroHalf: 3     4263    1,56%
      0     0    17388,7721  2218    17658,6969       Cuts: 8     4631    1,53%
      0     0    17390,8433  2216    17658,6969   ZeroHalf: 6     4798    1,52%
      0     0    17391,0887  2227    17658,6969   ZeroHalf: 2     4854    1,52%
      0     2    17391,0887  2220    17658,6969    17391,0887     4854    1,52%
Elapsed time = 49,50 sec. (24506,32 ticks, tree = 0,02 MB, solutions = 16)
      1     3    17412,8072  2149    17658,6969    17391,1611     6190    1,52%
      2     3    17444,7734  2125    17658,6969    17391,1611     6613    1,52%
      4     5    17455,6376  2128    17658,6969    17412,8381     8562    1,39%
      9     4    17462,2879  2042    17658,6969    17412,8593     7630    1,39%
     11     9    17478,9417  2021    17658,6969    17412,8593    11483    1,39%
     16     9    17520,6310  1937    17658,6969    17412,8593    12124    1,39%
     19    13    17507,5241  1967    17658,6969    17439,5064    16084    1,24%
     25    16    17517,7649  1877    17658,6969    17439,5064    21805    1,24%
     30    21    17509,1865  1929    17658,6969    17439,5064    30789    1,24%
     48    40    17629,4540  1679    17658,6969    17448,9028    78847    1,19%
Elapsed time = 66,89 sec. (28427,48 ticks, tree = 0,50 MB, solutions = 16)
     73    43    17608,6891  1674    17658,6969    17448,9028    82234    1,19%
    134    78    17525,8240  1590    17658,6969    17448,9028   124130    1,19%
    180    91    17537,0952  1715    17658,6969    17485,9563   151372    0,98%
    249   109        cutoff          17658,6969    17485,9563   178602    0,98%
    332   146        cutoff          17658,6969    17485,9563   213730    0,98%
    407   171    17657,4932  1535    17658,6969    17517,6721   235611    0,80%
    491   193        cutoff          17658,6969    17538,5078   263448    0,68%
    588   238        cutoff          17658,6969    17545,1683   314271    0,64%
    686   253    17646,2679  1376    17658,6969    17547,1005   337183    0,63%
    783   254        cutoff          17658,6969    17555,9717   343951    0,58%
Elapsed time = 125,47 sec. (38055,64 ticks, tree = 2,68 MB, solutions = 16)
    873   277    17633,2600  1569    17658,6969    17563,3155   408550    0,54%
    979   279        cutoff          17658,6969    17571,1657   421375    0,50%
   1083   275    17609,3490  1600    17658,6969    17574,6991   448974    0,48%
   1198   266    17631,0103  1631    17658,6969    17579,6760   488714    0,45%
   1320   241        cutoff          17658,6969    17586,1099   550249    0,41%
   1444   219        cutoff          17658,6969    17599,2102   569589    0,34%
   1583   157        cutoff          17658,6969    17607,3903   616445    0,29%

Cover cuts applied:  1
Zero-half cuts applied:  76
Lift and project cuts applied:  4
Gomory fractional cuts applied:  1

Root node processing (before b&c):
  Real time             =   48,66 sec. (24565,23 ticks)
Parallel b&c, 12 threads:
  Real time             =  117,66 sec. (21099,63 ticks)
  Sync time (average)   =   14,54 sec.
  Wait time (average)   =    0,00 sec.
                          ------------
Total (root+branch&cut) =  166,32 sec. (45664,85 ticks)

