
Version identifier: 22.1.1.0 | 2022-11-28 | 9160aff4d
CPXPARAM_MultiObjective_Display                  0
CPXPARAM_WorkMem                                 8192
CPXPARAM_DetTimeLimit                            2000000
Tried aggregator 3 times.
MIP Presolve eliminated 22413 rows and 126474 columns.
MIP Presolve modified 2 coefficients.
Aggregator did 365 substitutions.
Reduced MIP has 1804 rows, 6837 columns, and 15456 nonzeros.
Reduced MIP has 6822 binaries, 15 generals, 0 SOSs, and 0 indicators.
Presolve time = 0,10 sec. (86,36 ticks)
Found incumbent of value 101415,440000 after 0,13 sec. (112,26 ticks)
Probing time = 0,01 sec. (5,48 ticks)
Tried aggregator 2 times.
Detecting symmetries...
Aggregator did 7 substitutions.
Reduced MIP has 1797 rows, 6830 columns, and 15442 nonzeros.
Reduced MIP has 6822 binaries, 8 generals, 0 SOSs, and 0 indicators.
Presolve time = 0,02 sec. (15,07 ticks)
Probing time = 0,02 sec. (5,43 ticks)
Clique table members: 9027.
MIP emphasis: balance optimality and feasibility.
MIP search method: dynamic search.
Parallel mode: deterministic, using up to 12 threads.
Root relaxation solution time = 0,24 sec. (167,36 ticks)

        Nodes                                         Cuts/
   Node  Left     Objective  IInf  Best Integer    Best Bound    ItCnt     Gap

*     0+    0                       101415,4400  -535959,0000           628,48%
*     0+    0                        88585,3720  -535959,0000           705,02%
*     0+    0                        88577,6500  -535959,0000           705,07%
*     0+    0                        88569,9280  -535959,0000           705,13%
*     0+    0                        88562,2060  -535959,0000           705,18%
*     0+    0                        88554,4840  -535959,0000           705,23%
*     0+    0                        88546,7620  -535959,0000           705,28%
*     0+    0                        88539,0400  -535959,0000           705,34%
*     0+    0                        88531,3180  -535959,0000           705,39%
*     0+    0                        88523,5960  -535959,0000           705,44%
      0     0    13223,4167   676    88523,5960    13223,4167       27   85,06%
*     0+    0                        28912,0000    13223,4167            54,26%
*     0+    0                        13266,0000    13223,4167             0,32%
      0     0    13238,4286   766    13266,0000      Cuts: 46      173    0,21%
      0     0    13240,3333   786    13266,0000      Cuts: 19      321    0,19%
Detecting symmetries...

Repeating presolve.
Tried aggregator 3 times.
MIP Presolve eliminated 357 rows and 4315 columns.
Aggregator did 151 substitutions.
Reduced MIP has 1289 rows, 2364 columns, and 6154 nonzeros.
Reduced MIP has 2357 binaries, 7 generals, 0 SOSs, and 0 indicators.
Presolve time = 0,02 sec. (14,99 ticks)
Probing time = 0,01 sec. (3,40 ticks)
Tried aggregator 1 time.
Detecting symmetries...
Reduced MIP has 1289 rows, 2364 columns, and 6154 nonzeros.
Reduced MIP has 2357 binaries, 7 generals, 0 SOSs, and 0 indicators.
Presolve time = 0,01 sec. (4,65 ticks)
Represolve time = 0,07 sec. (91,94 ticks)
Probing time = 0,01 sec. (3,42 ticks)
Clique table members: 4524.
MIP emphasis: balance optimality and feasibility.
MIP search method: dynamic search.
Parallel mode: deterministic, using up to 12 threads.
Root relaxation solution time = 0,11 sec. (96,31 ticks)

        Nodes                                         Cuts/
   Node  Left     Objective  IInf  Best Integer    Best Bound    ItCnt     Gap

*     0+    0                        13266,0000    13240,3333             0,19%
      0     0    13240,3333   692    13266,0000    13240,3333     2433    0,19%
      0     0        cutoff          13266,0000    13266,0000     2608    0,00%
Elapsed time = 1,70 sec. (1252,33 ticks, tree = 0,01 MB, solutions = 12)

Zero-half cuts applied:  37
Lift and project cuts applied:  2
Gomory fractional cuts applied:  6

Root node processing (before b&c):
  Real time             =    1,71 sec. (1265,77 ticks)
Parallel b&c, 12 threads:
  Real time             =    0,00 sec. (0,00 ticks)
  Sync time (average)   =    0,00 sec.
  Wait time (average)   =    0,00 sec.
                          ------------
Total (root+branch&cut) =    1,71 sec. (1265,77 ticks)

