
Version identifier: 22.1.1.0 | 2022-11-28 | 9160aff4d
CPXPARAM_MultiObjective_Display                  0
CPXPARAM_TimeLimit                               60000
CPXPARAM_WorkMem                                 8192
CPXPARAM_DetTimeLimit                            60000
Tried aggregator 3 times.
MIP Presolve eliminated 22876 rows and 130095 columns.
Aggregator did 275 substitutions.
Reduced MIP has 1411 rows, 4356 columns, and 10053 nonzeros.
Reduced MIP has 4341 binaries, 15 generals, 0 SOSs, and 0 indicators.
Presolve time = 0,11 sec. (79,49 ticks)
Found incumbent of value 99807,187981 after 0,13 sec. (100,57 ticks)
Probing time = 0,02 sec. (4,52 ticks)
Tried aggregator 2 times.
Detecting symmetries...
Aggregator did 7 substitutions.
Reduced MIP has 1404 rows, 4349 columns, and 10039 nonzeros.
Reduced MIP has 4341 binaries, 8 generals, 0 SOSs, and 0 indicators.
Presolve time = 0,01 sec. (9,87 ticks)
Probing time = 0,02 sec. (4,49 ticks)
Clique table members: 6078.
MIP emphasis: balance optimality and feasibility.
MIP search method: dynamic search.
Parallel mode: deterministic, using up to 12 threads.
Root relaxation solution time = 0,19 sec. (68,33 ticks)

        Nodes                                         Cuts/
   Node  Left     Objective  IInf  Best Integer    Best Bound    ItCnt     Gap

*     0+    0                        99807,1880  -392050,0000           492,81%
*     0+    0                        83186,5580  -392050,0000           571,29%
*     0+    0                        83177,4320  -392050,0000           571,34%
*     0+    0                        83168,3060  -392050,0000           571,39%
*     0+    0                        83159,1800  -392050,0000           571,45%
*     0+    0                        83150,0540  -392050,0000           571,50%
*     0+    0                        83142,0080  -392050,0000           571,54%
*     0+    0                        83134,2860  -392050,0000           571,59%
*     0+    0                        83126,5640  -392050,0000           571,63%
*     0+    0                        83118,8420  -392050,0000           571,67%
      0     0     9890,9777    59    83118,8420     9890,9777     2097   88,10%
*     0+    0                        11802,3489     9890,9777            16,19%
*     0+    0                        11801,2149     9890,9777            16,19%
*     0+    0                         9891,3286     9890,9777             0,00%
      0     0        cutoff           9891,3286     9890,9777     2098    0,00%
Elapsed time = 0,59 sec. (299,44 ticks, tree = 0,01 MB, solutions = 13)

Cover cuts applied:  1
Mixed integer rounding cuts applied:  1
Zero-half cuts applied:  3
Lift and project cuts applied:  1
Gomory fractional cuts applied:  2

Root node processing (before b&c):
  Real time             =    0,60 sec. (313,91 ticks)
Parallel b&c, 12 threads:
  Real time             =    0,00 sec. (0,00 ticks)
  Sync time (average)   =    0,00 sec.
  Wait time (average)   =    0,00 sec.
                          ------------
Total (root+branch&cut) =    0,60 sec. (313,91 ticks)

