
Version identifier: 22.1.1.0 | 2022-11-28 | 9160aff4d
CPXPARAM_MultiObjective_Display                  0
CPXPARAM_TimeLimit                               60000
CPXPARAM_WorkMem                                 8192
CPXPARAM_DetTimeLimit                            60000
Found incumbent of value 125000,000000 after 0,01 sec. (6,57 ticks)
Tried aggregator 3 times.
MIP Presolve eliminated 21784 rows and 126172 columns.
Aggregator did 356 substitutions.
Reduced MIP has 1866 rows, 7228 columns, and 16322 nonzeros.
Reduced MIP has 7215 binaries, 13 generals, 0 SOSs, and 0 indicators.
Presolve time = 0,12 sec. (86,51 ticks)
Probing time = 0,01 sec. (5,54 ticks)
Tried aggregator 2 times.
Detecting symmetries...
Aggregator did 6 substitutions.
Reduced MIP has 1860 rows, 7222 columns, and 16310 nonzeros.
Reduced MIP has 7215 binaries, 7 generals, 0 SOSs, and 0 indicators.
Presolve time = 0,02 sec. (15,83 ticks)
Probing time = 0,02 sec. (5,49 ticks)
Clique table members: 9491.
MIP emphasis: balance optimality and feasibility.
MIP search method: dynamic search.
Parallel mode: deterministic, using up to 12 threads.
Root relaxation solution time = 0,25 sec. (176,58 ticks)

        Nodes                                         Cuts/
   Node  Left     Objective  IInf  Best Integer    Best Bound    ItCnt     Gap

*     0+    0                       125000,0000  -578547,3470           562,84%
*     0+    0                       112426,4894  -578547,3470           614,60%
      0     0     9903,8754  1305   112426,4894     9903,8754       28   91,19%
*     0+    0                        83244,6544     9903,8754            88,10%
      0     0     9978,4027  1107    83244,6544      Cuts: 36      755   88,01%
*     0+    0                        26599,5137     9978,4027            62,49%
      0     0    10007,3317  1128    26599,5137      Cuts: 29     1925   62,38%
      0     0    10032,9557  1218    26599,5137  ZeroHalf: 37     2490   62,28%
*     0+    0                        23985,6086    10032,9557            58,17%
*     0+    0                        22816,3167    10032,9557            56,03%
*     0+    0                        20872,7996    10032,9557            51,93%
*     0+    0                        19933,4550    10032,9557            49,67%
*     0+    0                        19921,4550    10032,9557            49,64%
      0     0  -1,00000e+75     0    19921,4550    10032,9557     2490   49,64%
      0     0    10036,2885  1245    19921,4550  ZeroHalf: 12     2746   49,62%
      0     0    10040,8272  1280    19921,4550  ZeroHalf: 12     3051   49,60%
Detecting symmetries...
      0     0    10043,0626  1217    19921,4550   ZeroHalf: 7     3208   49,59%
      0     0    10045,5573  1232    19921,4550   ZeroHalf: 6     3402   49,57%
      0     0    10050,3795  1247    19921,4550   ZeroHalf: 7     3764   49,55%
      0     0    10051,6179  1266    19921,4550   ZeroHalf: 7     3991   49,54%
      0     0    10051,8725  1254    19921,4550   ZeroHalf: 4     4114   49,54%
      0     0    10052,6700  1176    19921,4550   ZeroHalf: 5     4272   49,54%
      0     0    10052,6700  1205    19921,4550   ZeroHalf: 2     4306   49,54%
      0     0    10052,6700  1220    19921,4550   ZeroHalf: 2     4379   49,54%
*     0+    0                        13217,2580    10052,6700            23,94%
Detecting symmetries...
      0     2    10052,6700  1201    13217,2580    10052,6700     4379   23,94%
Elapsed time = 7,96 sec. (4661,27 ticks, tree = 0,02 MB, solutions = 9)
      5     6    10078,2755   931    13217,2580    10059,9368     6537   23,89%
     10     8    10101,5504  1056    13217,2580    10059,9368     8729   23,89%
     21    15    11014,4907   874    13217,2580    10070,9076    19141   23,80%
     37    28    10958,7840  1002    13217,2580    10070,9076    40854   23,80%
     61    36    10946,8182  1006    13217,2580    10084,0236    50040   23,71%
     96    58    10262,3186   854    13217,2580    10084,0236    63055   23,71%
    140   112    11262,6245   557    13217,2580    10084,0236    83850   23,71%
*   146+   82                        12336,4585    10084,0236            18,26%
*   197+  143                        11604,7039    10084,0236            13,10%
*   239   136      integral     0    11360,2757    10084,0236    93800   11,23%
    338   219    11040,2506   872    11360,2757    10084,0236   126101   11,23%
*   482   273      integral     0    11327,4823    10151,1354   151564   10,38%
*   520+  313                        11241,9804    10171,7401             9,52%
*   540   321      integral     0    11224,5593    10198,6405   178263    9,14%
Elapsed time = 14,94 sec. (7606,11 ticks, tree = 1,76 MB, solutions = 18)
*   868   396      integral     0    11193,6715    10522,4451   235154    6,00%
    880   420    11179,4999   586    11193,6715    10630,6719   257028    5,03%
*   999+  400                        11171,8007    10659,5446             4,59%
   1206   522        cutoff          11171,8007    10923,4671   315952    2,22%
   1599   711    11005,5557   784    11171,8007    10961,1033   374907    1,89%
   2003   938    11014,4840   762    11171,8007    10980,1532   447212    1,72%
   2428  1217    11049,9097   949    11171,8007    10988,6943   539360    1,64%
*  2464  1251      integral     0    11170,4146    10990,5078   549395    1,61%
*  2683  1278      integral     0    11166,8437    10996,7848   555810    1,52%
   3123  1483    11074,7489   658    11166,8437    11003,8485   632463    1,46%
*  3158  1589      integral     0    11152,6256    11005,8624   672250    1,32%
   3602  1667    11099,3086   698    11152,6256    11011,8612   731730    1,26%
   4074  1848    11060,3002   804    11152,6256    11018,7935   805329    1,20%
   4545  1977        cutoff          11152,6256    11023,0119   861053    1,16%
Elapsed time = 38,50 sec. (16730,94 ticks, tree = 15,56 MB, solutions = 24)
   5001  2233        cutoff          11152,6256    11026,7252   967767    1,13%
   5471  2386    11131,1407   797    11152,6256    11031,2660  1051431    1,09%
   5872  2474    11144,6656   715    11152,6256    11032,9155  1085012    1,07%

Performing restart 1

Repeating presolve.
Tried aggregator 2 times.
MIP Presolve eliminated 22 rows and 369 columns.
Aggregator did 7 substitutions.
Reduced MIP has 1831 rows, 6846 columns, and 15533 nonzeros.
Reduced MIP has 6839 binaries, 7 generals, 0 SOSs, and 0 indicators.
Presolve time = 0,02 sec. (12,38 ticks)
Tried aggregator 1 time.
Reduced MIP has 1831 rows, 6846 columns, and 15533 nonzeros.
Reduced MIP has 6839 binaries, 7 generals, 0 SOSs, and 0 indicators.
Presolve time = 0,02 sec. (12,16 ticks)
Represolve time = 0,32 sec. (183,71 ticks)
   5877     0    10052,8023  1222    11152,6256   ZeroHalf: 3  1135196    1,05%
   5877     0    10053,6853  1258    11152,6256   ZeroHalf: 6  1135388    1,05%
   5877     0    10055,9694  1241    11152,6256   ZeroHalf: 8  1135725    1,05%
   5877     0    10061,0744  1256    11152,6256      Cuts: 19  1136394    1,05%
   5877     0    10062,4471  1251    11152,6256  ZeroHalf: 10  1136813    1,05%
   5877     0    10063,4149  1239    11152,6256  ZeroHalf: 10  1137106    1,05%
   5877     0    10064,1200  1266    11152,6256   ZeroHalf: 6  1137294    1,05%
   5877     2    10064,1200  1266    11152,6256    11035,4250  1137294    1,05%
   5888    10    10109,9727   957    11152,6256    11035,4250  1144832    1,05%
   6002    74        cutoff          11152,6256    11035,4250  1182455    1,05%
   6398   312    10231,8714  1016    11152,6256    11035,4250  1274091    1,05%
   6619   443    10562,3483   895    11152,6256    11035,4250  1331099    1,05%
   6946   626    10322,6882   886    11152,6256    11035,4250  1392104    1,05%
   7255   826    11109,4185   838    11152,6256    11035,4250  1448306    1,05%
Elapsed time = 68,73 sec. (31798,34 ticks, tree = 3,90 MB, solutions = 24)
   7541  1004    11078,8403  1035    11152,6256    11035,4250  1513196    1,05%
   7724  1141    11093,4012   892    11152,6256    11035,4250  1589616    1,05%
   7959  1264    10380,2413   800    11152,6256    11035,4250  1670807    1,05%
   8212  1319    10804,8424   941    11152,6256    11035,4250  1738503    1,05%
   8465  1419    11091,7625   939    11152,6256    11035,4250  1862577    1,05%
   8739  1451    11119,4999   867    11152,6256    11035,4250  1929867    1,05%
   8978  1502        cutoff          11152,6256    11035,4250  2017990    1,05%
   9288  1462    10635,3693   777    11152,6256    11035,4250  2087305    1,05%
   9642  1342    10973,6735   949    11152,6256    11035,4250  2174023    1,05%
   9978  1358    11139,0284   852    11152,6256    11035,4250  2241360    1,05%
Elapsed time = 95,40 sec. (41360,13 ticks, tree = 8,67 MB, solutions = 24)
  10362  1407    11016,9906   961    11152,6256    11035,4250  2268229    1,05%
  10723  1658        cutoff          11152,6256    11035,4250  2368377    1,05%
  10974  1788    11064,7544   936    11152,6256    11035,4250  2424777    1,05%
  11333  1862        cutoff          11152,6256    11035,4250  2483831    1,05%
  11683  1921    11107,7370   803    11152,6256    11035,4250  2565152    1,05%
  12025  1942    11082,5580   915    11152,6256    11035,4250  2666076    1,05%
* 12348  1914      integral     0    11135,6156    11035,4250  2741108    0,90%
  12691  1729        cutoff          11135,6156    11035,4250  2775012    0,90%
  13022  1677        cutoff          11135,6156    11044,8580  2830978    0,82%
  13491  1462        cutoff          11135,6156    11060,0923  2933065    0,68%
Elapsed time = 122,22 sec. (50825,09 ticks, tree = 10,71 MB, solutions = 25)
  14101  1031        cutoff          11135,6156    11086,1429  3041263    0,44%
  15270    62        cutoff          11135,6156    11128,6851  3122157    0,06%

Zero-half cuts applied:  95
Lift and project cuts applied:  1
Gomory fractional cuts applied:  5

Root node processing (before b&c):
  Real time             =    7,59 sec. (4632,91 ticks)
Parallel b&c, 12 threads:
  Real time             =  120,25 sec. (48162,16 ticks)
  Sync time (average)   =   22,03 sec.
  Wait time (average)   =    0,01 sec.
                          ------------
Total (root+branch&cut) =  127,84 sec. (52795,06 ticks)

