
Version identifier: 22.1.1.0 | 2022-11-28 | 9160aff4d
CPXPARAM_MultiObjective_Display                  0
CPXPARAM_TimeLimit                               2000000
CPXPARAM_WorkMem                                 8192
CPXPARAM_DetTimeLimit                            2000000
Tried aggregator 3 times.
MIP Presolve eliminated 130979 rows and 1083794 columns.
Aggregator did 1312 substitutions.
Reduced MIP has 6068 rows, 33716 columns, and 73670 nonzeros.
Reduced MIP has 33685 binaries, 31 generals, 0 SOSs, and 0 indicators.
Presolve time = 1,00 sec. (653,87 ticks)
Found incumbent of value 193137,835569 after 1,19 sec. (795,99 ticks)
Tried aggregator 2 times.
Detecting symmetries...
Aggregator did 15 substitutions.
Reduced MIP has 6053 rows, 33701 columns, and 73640 nonzeros.
Reduced MIP has 33685 binaries, 16 generals, 0 SOSs, and 0 indicators.
Presolve time = 0,08 sec. (67,74 ticks)
Probing time = 0,07 sec. (14,81 ticks)
Clique table members: 40983.
MIP emphasis: balance optimality and feasibility.
MIP search method: dynamic search.
Parallel mode: deterministic, using up to 12 threads.
Root relaxation solution time = 1,15 sec. (605,60 ticks)

        Nodes                                         Cuts/
   Node  Left     Objective  IInf  Best Integer    Best Bound    ItCnt     Gap

*     0+    0                       193137,8356 -2056507,0000              --- 
*     0+    0                       172561,6416 -2056507,0000              --- 
*     0+    0                       172544,4426 -2056507,0000              --- 
*     0+    0                       172527,2436 -2056507,0000              --- 
*     0+    0                       172510,0446 -2056507,0000              --- 
*     0+    0                       172493,9256 -2056507,0000              --- 
*     0+    0                       172478,1306 -2056507,0000              --- 
*     0+    0                       172462,3356 -2056507,0000              --- 
*     0+    0                       172446,5406 -2056507,0000              --- 
*     0+    0                       172430,7456 -2056507,0000              --- 
      0     0    20794,3886  2490   172430,7456    20794,3886       48   87,94%
*     0+    0                        62799,2241    20794,3886            66,89%
      0     0    20815,5284  2539    62799,2241  ZeroHalf: 13      702   66,85%
*     0+    0                        46534,3254    20815,5284            55,27%
      0     0    20831,9208  2690    46534,3254  ZeroHalf: 11     1406   55,23%
      0     0    20841,1209  2676    46534,3254  ZeroHalf: 10     2025   55,21%
*     0+    0                        42745,7158    20841,1209            51,24%
      0     0  -1,00000e+75     0    42745,7158    20841,1209     2025   51,24%
      0     0    20846,8836  2696    42745,7158  ZeroHalf: 12     2459   51,23%
      0     0    20847,3097  2726    42745,7158   ZeroHalf: 2     2565   51,23%
Detecting symmetries...
      0     0    20848,1543  2731    42745,7158   ZeroHalf: 2     2770   51,23%
*     0+    0                        40901,6938    20848,1543            49,03%
Detecting symmetries...
      0     2    20848,1543  2731    40901,6938    20848,1543     2770   49,03%
Elapsed time = 41,33 sec. (18186,96 ticks, tree = 0,02 MB, solutions = 14)
      1     3    20866,9809  2809    40901,6938    20848,1591     4128   49,03%
      2     4    20878,6694  2754    40901,6938    20848,1591     5054   49,03%
      3     3    20887,2720  2328    40901,6938    20848,1591     5093   49,03%
      4     4    20908,3170  2532    40901,6938    20848,1591     5459   49,03%
      6     5    20890,6502  2586    40901,6938    20848,1591     5965   49,03%
      9     7    20935,0941  2398    40901,6938    20878,6839     9875   48,95%
     10     7    20950,7436  2216    40901,6938    20878,6839    10395   48,95%
     11     9    20919,4369  2628    40901,6938    20887,2874    14043   48,93%
     15    10    20964,3676  1906    40901,6938    20887,2874    16920   48,93%
     21    15    20957,9277  2234    40901,6938    20890,7611    33561   48,92%
Elapsed time = 65,39 sec. (23947,29 ticks, tree = 0,03 MB, solutions = 14)
*    24+   11                        35213,3882    20890,7611            40,67%
     27    20    20983,5968  2352    35213,3882    20890,7611    60274   40,67%
     33    26    20990,8538  2273    35213,3882    20919,5611    96107   40,59%
     42    34    20973,5549  2525    35213,3882    20919,5611   175756   40,59%
     49    38    21107,0091  2083    35213,3882    20919,5611   189966   40,59%
     56    44    20999,5627  2461    35213,3882    20919,5611   210102   40,59%
     73    44    21109,9216  2134    35213,3882    20919,5611   210171   40,59%
     95    64    21117,9005  1850    35213,3882    20919,5611   253726   40,59%
*   116+   57                        22710,3174    20919,5611             7,89%
    119    75    21260,8995  1594    22710,3174    20919,5611   266637    7,89%
*   137+   77                        22484,7055    20919,5611             6,96%
    139   121    21258,7717  1241    22484,7055    20919,5611   302195    6,96%
    162    99    21299,2983  1463    22484,7055    20919,5611   287819    6,96%
Elapsed time = 139,85 sec. (34753,95 ticks, tree = 1,03 MB, solutions = 19)
    189   161    21336,5942  1445    22484,7055    20919,5611   338969    6,96%
    223   159    21479,2223   757    22484,7055    20919,5611   336617    6,96%
*   246   204      integral     0    21555,3634    20919,5611   367746    2,95%
*   260   223      integral     0    21512,4345    20919,5611   384142    2,76%
    273   213    21632,4724   956    21512,4345    20919,5611   372559    2,76%
    314   185    21508,0404   509    21512,4345    20919,5611   353768    2,76%
    358   258    21467,7651  1212    21512,4345    20919,5611   411116    2,76%
    396   260    20975,9381  2052    21512,4345    20933,8514   412817    2,69%
    411   284    21142,9302  1778    21512,4345    20933,8514   431907    2,69%
    437   315    21121,6928  1854    21512,4345    20936,2735   461930    2,68%
    471   345    21192,0686  1510    21512,4345    20936,2735   478979    2,68%
    504   340    21012,1272  2054    21512,4345    20936,2735   478297    2,68%
Elapsed time = 215,53 sec. (44542,68 ticks, tree = 6,28 MB, solutions = 24)
    551   380    21309,4711  1156    21512,4345    20936,2735   506040    2,68%
    608   393    21471,0118   929    21512,4345    20936,2735   518659    2,68%
    644   442    21452,0484  1366    21512,4345    20973,0082   551114    2,51%
    677   401    21075,3974  1891    21512,4345    20973,0082   526844    2,51%
    715   522    21387,1908  1010    21512,4345    20980,7375   607559    2,47%
    758   529    21161,2291  1560    21512,4345    20980,7375   613599    2,47%
    801   559    21320,3988  1565    21512,4345    20988,9042   629549    2,43%
*   856+  571                        21476,3790    20988,9042             2,27%
    856   573    21467,4822   944    21476,3790    20988,9042   636588    2,27%
*   915   587      integral     0    21440,7148    20988,9042   641279    2,11%
    922   553    21390,3120  1269    21440,7148    20988,9042   625560    2,11%
    965   626    21303,5254  1493    21440,7148    20988,9042   677257    2,11%
Elapsed time = 289,55 sec. (54371,03 ticks, tree = 17,22 MB, solutions = 26)
   1017   620    21267,6740  1501    21440,7148    20988,9042   674579    2,11%
   1070   702    21355,7859  1340    21440,7148    21001,2186   742442    2,05%
   1120   739    21293,3818   906    21440,7148    21001,9340   760473    2,05%
   1175   785    21408,8787   953    21440,7148    21002,4117   781762    2,04%
   1218   786    21103,0141  1866    21440,7148    21002,4504   783807    2,04%
   1262   789    21177,8064  1944    21440,7148    21002,4504   785582    2,04%
   1313   808    21236,3493  1858    21440,7148    21004,8166   796969    2,03%
   1366   926    21436,4946   937    21440,7148    21004,9912   853188    2,03%
   1407   822    21162,1428  1502    21440,7148    21007,2357   805156    2,02%
   1440   880    21175,1948  1544    21440,7148    21007,9417   838012    2,02%
Elapsed time = 364,30 sec. (64108,01 ticks, tree = 31,57 MB, solutions = 26)
   1472   899    21431,7922  1463    21440,7148    21010,6163   847555    2,01%
   1512   898    21164,5652  1864    21440,7148    21010,6163   849237    2,01%
*  1547  1031      integral     0    21416,6825    21015,6310   920651    1,87%
   1594  1037        cutoff          21416,6825    21015,6310   934467    1,87%
   1644  1005    21234,5113  1541    21416,6825    21015,6310   911634    1,87%
   1691  1052    21287,4864  1206    21416,6825    21018,8658   968307    1,86%
   1741  1141    21223,2509  1717    21416,6825    21018,8658  1026544    1,86%
   1785  1091    21376,7575  1135    21416,6825    21018,8658   995082    1,86%
   1832  1110    21228,4102  1450    21416,6825    21033,3250  1008625    1,79%
   1890  1248        cutoff          21416,6825    21033,3250  1090646    1,79%
Elapsed time = 436,82 sec. (73457,34 ticks, tree = 50,49 MB, solutions = 27)
   1932  1275    21260,8072  1474    21416,6825    21033,3250  1110746    1,79%
   1986  1252    21159,2061  1338    21416,6825    21033,3250  1092873    1,79%
   2033  1281    21099,0638  2130    21416,6825    21033,3250  1114493    1,79%
   2091  1368    21379,6839  1387    21416,6825    21041,3631  1157325    1,75%
   2140  1340    21226,8027  1429    21416,6825    21042,6500  1144968    1,75%
   2206  1496    21395,4440   910    21416,6825    21044,2018  1232816    1,74%
   2251  1428    21195,8480  1598    21416,6825    21044,6704  1197889    1,74%
   2300  1567    21206,1810  1533    21416,6825    21044,6704  1275557    1,74%
   2345  1470    21360,4213  1227    21416,6825    21049,2490  1222057    1,72%
   2401  1586    21165,6953  1716    21416,6825    21049,9840  1287253    1,71%
Elapsed time = 511,96 sec. (83113,65 ticks, tree = 71,42 MB, solutions = 27)
   2439  1656    21382,8569   583    21416,6825    21049,9840  1326617    1,71%
   2475  1618    21216,3991  1476    21416,6825    21052,8210  1306465    1,70%
   2510  1642    21366,9563  1290    21416,6825    21053,6130  1323475    1,70%
   2550  1760    21295,2374  1298    21416,6825    21053,9653  1405153    1,69%
   2609  1710    21370,2763  1279    21416,6825    21054,0402  1365917    1,69%
   2658  1805    21366,3864   969    21416,6825    21055,0450  1436705    1,69%
   2702  1819    21245,0721  1727    21416,6825    21055,0450  1451583    1,69%
   2757  1821        cutoff          21416,6825    21055,0450  1453691    1,69%
   2799  1854    21280,7903  1402    21416,6825    21055,0450  1478199    1,69%
   2856  1884    21386,0154  1748    21416,6825    21056,7820  1497222    1,68%
Elapsed time = 587,00 sec. (92844,84 ticks, tree = 79,59 MB, solutions = 27)
   2900  1955    21321,2419  1994    21416,6825    21061,6228  1536232    1,66%
   2956  1958        cutoff          21416,6825    21062,6770  1538551    1,65%
   3017  1971    21380,7566  1110    21416,6825    21062,7326  1549152    1,65%
   3052  1962    21270,4477  1733    21416,6825    21064,1549  1542141    1,65%
   3091  2035    21209,2412  1618    21416,6825    21064,6563  1594983    1,64%
   3147  2134    21388,4029  1336    21416,6825    21066,0744  1651766    1,64%
   3200  2124        cutoff          21416,6825    21066,3722  1646304    1,64%
   3259  2183    21173,6651  1532    21416,6825    21066,6443  1685265    1,63%
   3306  2206    21172,3423  1919    21416,6825    21068,2792  1701042    1,63%
   3360  2244    21311,1549  1332    21416,6825    21068,7332  1724233    1,62%
Elapsed time = 663,80 sec. (102528,26 ticks, tree = 98,86 MB, solutions = 27)
   3414  2370    21368,1397  1482    21416,6825    21071,7101  1801617    1,61%
   3461  2380    21371,4574  1670    21416,6825    21071,7101  1809695    1,61%
   3500  2392    21311,8307  1606    21416,6825    21074,9740  1820559    1,60%
   3552  2393        cutoff          21416,6825    21075,4070  1823058    1,59%
   3588  2420    21244,5088  1991    21416,6825    21075,4070  1840937    1,59%
   3637  2490    21257,8258  1604    21416,6825    21076,1069  1886541    1,59%
   3687  2519    21329,2180  1284    21416,6825    21076,1069  1907196    1,59%
   3737  2541    21380,5963  1693    21416,6825    21077,4619  1923134    1,58%
   3787  2507    21150,9482  1775    21416,6825    21078,1620  1899220    1,58%
*  3802  2617      integral     0    21401,6519    21078,1620  1979141    1,51%
*  3876  2615      integral     0    21360,9241    21078,1738  1973906    1,32%
Elapsed time = 742,75 sec. (113076,39 ticks, tree = 108,02 MB, solutions = 28)

Performing restart 1

Repeating presolve.
Tried aggregator 4 times.
MIP Presolve eliminated 856 rows and 12125 columns.
Aggregator did 155 substitutions.
Reduced MIP has 5042 rows, 21421 columns, and 48292 nonzeros.
Reduced MIP has 21405 binaries, 16 generals, 0 SOSs, and 0 indicators.
Presolve time = 0,07 sec. (56,89 ticks)
Tried aggregator 3 times.
MIP Presolve eliminated 76 rows and 644 columns.
Aggregator did 31 substitutions.
Reduced MIP has 4935 rows, 20746 columns, and 46854 nonzeros.
Reduced MIP has 20730 binaries, 16 generals, 0 SOSs, and 0 indicators.
Presolve time = 0,11 sec. (74,48 ticks)
Tried aggregator 1 time.
Reduced MIP has 4935 rows, 20746 columns, and 46854 nonzeros.
Reduced MIP has 20730 binaries, 16 generals, 0 SOSs, and 0 indicators.
Presolve time = 0,05 sec. (35,66 ticks)
Represolve time = 2,74 sec. (1716,56 ticks)
   3943     0    20861,4477  2667    21360,9241       Cuts: 8  2101944    1,31%
   3943     0    20871,2697  2826    21360,9241   ZeroHalf: 9  2102535    1,31%
   3943     0    20879,2917  2797    21360,9241  ZeroHalf: 14  2103143    1,31%
   3943     0    20884,1965  2906    21360,9241   ZeroHalf: 9  2103691    1,31%
   3943     0    20889,1132  2942    21360,9241   ZeroHalf: 5  2104120    1,31%
   3943     2    20889,1132  2939    21360,9241    21080,7627  2104120    1,31%
   3955    10    20905,6001  2844    21360,9241    21080,7627  2106773    1,31%
   4004    53    21114,9895  2377    21360,9241    21080,7627  2182441    1,31%
   4090    84    21338,9662  2024    21360,9241    21080,7627  2235622    1,31%
   4200   168    21199,1072  1990    21360,9241    21080,7627  2314004    1,31%
   4330   339    21233,8358  2123    21360,9241    21080,7627  2435855    1,31%
   4526   388    21026,3550  2534    21360,9241    21080,7627  2464716    1,31%
   4765   613    21246,4674  1934    21360,9241    21080,7627  2581963    1,31%
   4921   715        cutoff          21360,9241    21080,7627  2640649    1,31%
   5127   892        cutoff          21360,9241    21080,7627  2759563    1,31%
Elapsed time = 974,59 sec. (174682,43 ticks, tree = 23,21 MB, solutions = 29)
   5378   996        cutoff          21360,9241    21080,7627  2818815    1,31%
   5588  1071    21192,9349  2072    21360,9241    21080,7627  2861659    1,31%
   5784  1275    21259,0474  2265    21360,9241    21080,7627  3001121    1,31%
   5982  1448    21020,2969  2204    21360,9241    21080,7627  3109690    1,31%
   6155  1667    21358,2414  1455    21360,9241    21080,7627  3236402    1,31%
   6332  1744    20965,1135  2523    21360,9241    21080,7627  3278570    1,31%
   6494  1920    21148,9527  1985    21360,9241    21080,7627  3415384    1,31%
   6682  1953    21268,8519  1588    21360,9241    21080,7627  3444451    1,31%
   6911  2110    21303,8358  1291    21360,9241    21080,7627  3538831    1,31%
   7128  2356    21240,5334  1763    21360,9241    21080,7627  3702375    1,31%
Elapsed time = 1203,00 sec. (212942,48 ticks, tree = 72,68 MB, solutions = 29)
   7371  2427    21195,8909  1653    21360,9241    21080,7627  3744515    1,31%
   7586  2700    21206,5751  2294    21360,9241    21080,7627  3887827    1,31%
   7802  2771        cutoff          21360,9241    21080,7627  3949706    1,31%
   8022  2963    21259,2350  2090    21360,9241    21080,7627  4065124    1,31%
   8248  3051        cutoff          21360,9241    21080,7627  4126692    1,31%
   8438  3127    21067,0155  2233    21360,9241    21080,7627  4166715    1,31%
   8622  3355    21324,0535  1114    21360,9241    21080,7627  4292675    1,31%
   8734  3543    21270,6678  1541    21360,9241    21080,7627  4406660    1,31%
   8955  3586        cutoff          21360,9241    21080,7627  4440465    1,31%
   9150  3751    21279,8822  1035    21360,9241    21080,7627  4548820    1,31%
Elapsed time = 1433,78 sec. (251272,16 ticks, tree = 113,15 MB, solutions = 29)
   9327  3852    21053,0931  2201    21360,9241    21080,7627  4611547    1,31%
   9518  4054    21225,9733  1905    21360,9241    21080,7627  4767166    1,31%
   9732  4091    21299,0790  2220    21360,9241    21080,7627  4791672    1,31%
   9927  4171    21210,4144  1866    21360,9241    21080,7627  4843685    1,31%
  10125  4368    21112,0289  2543    21360,9241    21080,7627  4959909    1,31%
  10297  4550    21295,6310  1756    21360,9241    21080,7627  5109062    1,31%
  10463  4633        cutoff          21360,9241    21080,7627  5173429    1,31%
  10610  4789    21290,8612  1564    21360,9241    21080,7627  5291317    1,31%
  10793  4832    21153,6706  2222    21360,9241    21080,7627  5331160    1,31%
  10964  5057    21314,2259  1699    21360,9241    21080,7627  5473733    1,31%
Elapsed time = 1661,51 sec. (289578,35 ticks, tree = 153,15 MB, solutions = 29)
  11148  5166    21225,3425  1520    21360,9241    21080,7627  5553967    1,31%
  11337  5201    21273,5849  1247    21360,9241    21080,7627  5592862    1,31%
  11510  5280    21171,1954  1821    21360,9241    21080,7627  5649834    1,31%
  11697  5487    21267,9187  1794    21360,9241    21080,7627  5797460    1,31%
  11839  5698    21212,2812  2057    21360,9241    21080,7627  5946556    1,31%
  12020  5708    21208,7847  1885    21360,9241    21080,7627  5955209    1,31%
  12242  5887    21336,0590  1517    21360,9241    21080,7627  6095731    1,31%
* 12414  6007      integral     0    21292,4452    21080,7627  6199024    0,99%
  12585  4360    21286,7311  1809    21292,4452    21080,7627  6286745    0,99%
  12750  4447    21285,1626  1724    21292,4452    21080,7627  6378055    0,99%
Elapsed time = 1900,13 sec. (327252,74 ticks, tree = 127,69 MB, solutions = 30)
  12926  4492    21242,4238  1835    21292,4452    21080,7627  6449168    0,99%
  13101  4643        cutoff          21292,4452    21080,7627  6620380    0,99%
  13268  4628        cutoff          21292,4452    21080,7627  6594771    0,99%
  13398  4697    21291,2909  2097    21292,4452    21080,7627  6684010    0,99%
  13505  4864    21193,4475  2106    21292,4452    21080,7627  6890271    0,99%
  13608  4825    21132,9387  2083    21292,4452    21080,8625  6839394    0,99%
  13779  4904    21174,0703  2414    21292,4452    21082,5123  6940353    0,99%
  13953  4963    21292,3959  2086    21292,4452    21084,7210  7007992    0,98%
  14132  5153    21212,8993  2166    21292,4452    21085,6039  7221839    0,97%
  14290  5170    21264,9921  2089    21292,4452    21086,3725  7238543    0,97%
Elapsed time = 2131,63 sec. (366010,95 ticks, tree = 143,74 MB, solutions = 30)
  14459  5297    21215,1125  2076    21292,4452    21088,0368  7391287    0,96%
  14632  5400    21202,3568  2295    21292,4452    21091,7637  7489102    0,94%
  14790  5357        cutoff          21292,4452    21094,0318  7447663    0,93%
  14952  5542    21257,4695  1936    21292,4452    21094,6358  7672234    0,93%
  15091  5511    21212,9658  2178    21292,4452    21097,2560  7643981    0,92%
  15259  5629    21202,1244  1807    21292,4452    21097,8594  7804592    0,91%
  15402  5694    21245,2194  1965    21292,4452    21100,1353  7919197    0,90%
  15566  5771    21269,1730  1772    21292,4452    21101,3969  8010753    0,90%
  15712  5774    21264,0069  2032    21292,4452    21103,9441  8018584    0,89%
  15878  5854    21267,7820  1610    21292,4452    21105,2262  8154409    0,88%
Elapsed time = 2371,48 sec. (404439,03 ticks, tree = 166,01 MB, solutions = 30)
  16054  5950    21160,1159  2124    21292,4452    21107,0419  8303410    0,87%
  16220  5962    21265,0605  1758    21292,4452    21108,5800  8297681    0,86%
  16343  6085    21283,3876  2332    21292,4452    21111,1525  8512858    0,85%
  16462  6134    21281,1490  1379    21292,4452    21112,4151  8611909    0,85%
  16568  6173    21269,3583  1518    21292,4452    21114,9933  8694218    0,83%
  16692  6168    21243,8179  2378    21292,4452    21116,0282  8689837    0,83%
  16848  6209    21274,9843  1582    21292,4452    21118,0349  8762097    0,82%
  17030  6235    21231,0408  2297    21292,4452    21119,4084  8790468    0,81%
  17247  6389        cutoff          21292,4452    21121,3501  8999223    0,80%
  17418  6346    21279,6584  1736    21292,4452    21122,4495  8938363    0,80%
Elapsed time = 2614,89 sec. (442807,38 ticks, tree = 180,96 MB, solutions = 30)
  17588  6503    21185,7482  2081    21292,4452    21123,2655  9135486    0,79%
  17766  6508    21221,2653  2143    21292,4452    21124,4470  9143929    0,79%
  17941  6634    21237,6759  1380    21292,4452    21125,9276  9335727    0,78%
  18110  6717    21248,9378  1728    21292,4452    21127,9077  9492346    0,77%
  18310  6755        cutoff          21292,4452    21128,7447  9568168    0,77%
  18463  6840    21245,8239  1548    21292,4452    21129,3553  9679840    0,77%
  18578  6846    21281,1514  1789    21292,4452    21131,9683  9684132    0,75%
  18688  6873        cutoff          21292,4452    21132,3176  9731541    0,75%
  18812  7003        cutoff          21292,4452    21134,5521  9935458    0,74%
  18960  7024    21249,1723  1988    21292,4452    21135,9690  9965242    0,73%
Elapsed time = 2870,58 sec. (481173,70 ticks, tree = 197,37 MB, solutions = 30)
  19112  7005        cutoff          21292,4452    21137,5700  9939936    0,73%
  19250  7053    21253,4223  2113    21292,4452    21138,0826 10036808    0,72%
  19412  7147        cutoff          21292,4452    21138,7196 10233838    0,72%
  19575  7170    21280,1208  2026    21292,4452    21140,0980 10274282    0,72%
  19742  7214    21229,9752  1879    21292,4452    21140,6295 10381205    0,71%
  19906  7265    21240,6194  1952    21292,4452    21141,8224 10501651    0,71%
  20057  7282    21291,7174  1863    21292,4452    21143,3984 10545520    0,70%
  20208  7337    21278,1845  1744    21292,4452    21143,8342 10658919    0,70%
  20366  7336    21264,4549  1872    21292,4452    21145,7012 10667067    0,69%
  20512  7386    21261,7457  2107    21292,4452    21146,5196 10813374    0,69%
Elapsed time = 3102,17 sec. (519642,46 ticks, tree = 209,15 MB, solutions = 30)
  20662  7404        cutoff          21292,4452    21147,4603 10918779    0,68%
  20808  7411    21288,4039  1679    21292,4452    21150,2180 10928132    0,67%
  20941  7432        cutoff          21292,4452    21150,8331 11049315    0,67%
  21042  7479    21247,1112  2144    21292,4452    21152,1749 11140360    0,66%
  21182  7509        cutoff          21292,4452    21153,4157 11242652    0,65%
  21350  7529    21244,8816  2289    21292,4452    21154,5073 11302619    0,65%
  21537  7553    21277,1445  1662    21292,4452    21156,1659 11350517    0,64%
  21713  7610    21289,6371  2033    21292,4452    21156,5529 11484597    0,64%
  21870  7626    21226,7864  1903    21292,4452    21157,8959 11459654    0,63%
  22018  7635    21270,4925  1803    21292,4452    21159,2787 11559837    0,63%
Elapsed time = 3342,89 sec. (558094,13 ticks, tree = 218,30 MB, solutions = 30)
  22164  7663        cutoff          21292,4452    21159,9226 11704105    0,62%
  22313  7722    21289,0736  1583    21292,4452    21160,7040 11876156    0,62%
  22459  7724        cutoff          21292,4452    21162,0720 11883733    0,61%
  22602  7776    21268,9936  1847    21292,4452    21162,0720 12057392    0,61%
  22753  7773    21244,9006  1390    21292,4452    21163,9227 12080422    0,60%
  22883  7823    21230,1052  2300    21292,4452    21165,7489 12265274    0,60%
  23045  7817        cutoff          21292,4452    21166,0590 12235680    0,59%
  23215  7832    21288,8014  2055    21292,4452    21168,1252 12344142    0,58%
  23339  7840    21285,4758  1980    21292,4452    21169,5602 12385776    0,58%
  23453  7833    21285,8827  1772    21292,4452    21169,9440 12432199    0,58%
Elapsed time = 3586,80 sec. (596475,09 ticks, tree = 221,03 MB, solutions = 30)
  23574  7848    21250,7571  2042    21292,4452    21171,5579 12669550    0,57%
  23678  7843        cutoff          21292,4452    21172,7559 12697031    0,56%
  23788  7841    21272,8897  1787    21292,4452    21173,2475 12703877    0,56%
  23930  7870    21272,6550  1922    21292,4452    21174,4103 12892884    0,55%
  24088  7855    21273,7106  1467    21292,4452    21176,1197 12972802    0,55%
  24253  7857        cutoff          21292,4452    21176,3722 12946451    0,55%
  24416  7838        cutoff          21292,4452    21177,3624 13056912    0,54%
  24610  7849    21265,0351  2069    21292,4452    21179,8682 13183175    0,53%
  24769  7827    21268,5703  1580    21292,4452    21180,2542 13408506    0,53%
  24940  7817        cutoff          21292,4452    21180,4236 13498030    0,53%
Elapsed time = 3831,53 sec. (635007,15 ticks, tree = 220,15 MB, solutions = 30)
  25086  7822    21281,0246  1978    21292,4452    21181,4741 13397957    0,52%
  25210  7824    21283,0758  2353    21292,4452    21181,7615 13470369    0,52%
  25338  7815    21268,8185  1414    21292,4452    21182,6141 13597586    0,52%
* 25367  7799      integral     0    21287,6317    21182,6141 13727696    0,49%
  25460  7763    21283,9887  2106    21287,6317    21184,6393 13809468    0,48%
  25565  7534    21270,0564  1956    21287,6317    21185,7253 13999758    0,48%
  25698  7535        cutoff          21287,6317    21186,0869 13987025    0,48%
  25831  7529        cutoff          21287,6317    21187,7334 14022994    0,47%
  25980  7474    21270,5535  2188    21287,6317    21189,0412 14263849    0,46%
  26158  7500    21274,6409  1867    21287,6317    21189,0412 14159290    0,46%
  26333  7447        cutoff          21287,6317    21191,0708 14321924    0,45%
Elapsed time = 4072,76 sec. (673380,56 ticks, tree = 209,47 MB, solutions = 31)
  26531  7443        cutoff          21287,6317    21193,1075 14329769    0,44%
  26725  7404        cutoff          21287,6317    21193,3525 14405282    0,44%
  26891  7314    21265,0600  1707    21287,6317    21194,6199 14591383    0,44%
  27041  7222    21281,0453  1710    21287,6317    21196,0894 14766367    0,43%
  27188  7156        cutoff          21287,6317    21196,6171 14857703    0,43%
  27337  7145    21276,0901  2469    21287,6317    21197,7752 14882228    0,42%
  27456  7091        cutoff          21287,6317    21198,6276 15018000    0,42%
  27585  7081    21271,7973  1262    21287,6317    21199,0848 15049028    0,42%
  27719  7050        cutoff          21287,6317    21200,8628 15095882    0,41%
  27862  7020        cutoff          21287,6317    21202,7657 15142036    0,40%
Elapsed time = 4326,43 sec. (711824,90 ticks, tree = 197,65 MB, solutions = 31)
  28024  6916        cutoff          21287,6317    21204,1784 15371013    0,39%
  28219  6856    21270,8524  1281    21287,6317    21205,3496 15445493    0,39%
  28416  6796        cutoff          21287,6317    21207,6630 15501740    0,38%
* 28595  6737      integral     0    21285,4857    21208,8927 15579147    0,36%
  28630  6718        cutoff          21285,4857    21208,8927 15598239    0,36%
  28794  6444        cutoff          21285,4857    21210,8427 15798682    0,35%
  28975  6362        cutoff          21285,4857    21212,8835 15896228    0,34%
  29143  6248        cutoff          21285,4857    21214,0193 16028278    0,34%
  29293  6302        cutoff          21285,4857    21215,4350 15959086    0,33%
  29467  6142        cutoff          21285,4857    21216,8075 16150363    0,32%
  29671  6157    21275,1769  1070    21285,4857    21218,8474 16141766    0,31%
Elapsed time = 4562,82 sec. (750129,14 ticks, tree = 170,90 MB, solutions = 32)
  29882  6047        cutoff          21285,4857    21220,3530 16252758    0,31%
  30100  5902        cutoff          21285,4857    21222,9135 16378991    0,29%
  30313  5662        cutoff          21285,4857    21225,6126 16525875    0,28%
  30501  5522        cutoff          21285,4857    21227,1410 16610961    0,27%
  30700  5424        cutoff          21285,4857    21228,4307 16675919    0,27%
  30929  5226        cutoff          21285,4857    21231,0162 16837914    0,26%
  31168  5102        cutoff          21285,4857    21231,8151 16911109    0,25%
* 31350  4961      integral     0    21282,8118    21234,4847 16981872    0,23%
  31595  4899        cutoff          21282,8118    21236,4919 17006986    0,22%
  31867  4595    21271,0911  2149    21282,8118    21238,5204 17082101    0,21%
Elapsed time = 4764,80 sec. (787553,06 ticks, tree = 122,03 MB, solutions = 33)
  32151  4215    21281,1124  1614    21282,8118    21242,5017 17216127    0,19%
  32453  3890        cutoff          21282,8118    21244,7039 17321886    0,18%
  32775  3640        cutoff          21282,8118    21246,2260 17388014    0,17%
  33109  3332        cutoff          21282,8118    21250,2652 17471884    0,15%
  33470  3134        cutoff          21282,8118    21253,3622 17517721    0,14%
  33874  2762        cutoff          21282,8118    21255,4546 17591483    0,13%
  34320  2272        cutoff          21282,8118    21260,1724 17667531    0,11%
  34841  1801        cutoff          21282,8118    21264,6497 17723993    0,09%
  35438  1186        cutoff          21282,8118    21269,3714 17773580    0,06%
  36149   390        cutoff          21282,8118    21276,9685 17806219    0,03%
Elapsed time = 4914,09 sec. (825758,84 ticks, tree = 8,21 MB, solutions = 33)

Cover cuts applied:  3
Mixed integer rounding cuts applied:  2
Zero-half cuts applied:  445
Gomory fractional cuts applied:  1

Root node processing (before b&c):
  Real time             =   40,19 sec. (18300,22 ticks)
Parallel b&c, 12 threads:
  Real time             = 4877,72 sec. (808968,89 ticks)
  Sync time (average)   =  608,83 sec.
  Wait time (average)   =    0,10 sec.
                          ------------
Total (root+branch&cut) = 4917,92 sec. (827269,10 ticks)

