
Version identifier: 22.1.1.0 | 2022-11-28 | 9160aff4d
CPXPARAM_MultiObjective_Display                  0
CPXPARAM_TimeLimit                               600000
CPXPARAM_WorkMem                                 8192
CPXPARAM_DetTimeLimit                            600000
Tried aggregator 3 times.
MIP Presolve eliminated 121649 rows and 1091006 columns.
Aggregator did 1285 substitutions.
Reduced MIP has 5183 rows, 25111 columns, and 55499 nonzeros.
Reduced MIP has 25079 binaries, 32 generals, 0 SOSs, and 0 indicators.
Presolve time = 0,86 sec. (631,81 ticks)
Found incumbent of value 187660,291587 after 1,01 sec. (759,03 ticks)
Probing time = 0,04 sec. (15,84 ticks)
Tried aggregator 2 times.
Detecting symmetries...
MIP Presolve eliminated 1 rows and 1 columns.
Aggregator did 16 substitutions.
Reduced MIP has 5166 rows, 25094 columns, and 55465 nonzeros.
Reduced MIP has 25078 binaries, 16 generals, 0 SOSs, and 0 indicators.
Presolve time = 0,06 sec. (58,93 ticks)
Probing time = 0,04 sec. (11,21 ticks)
Clique table members: 31374.
MIP emphasis: balance optimality and feasibility.
MIP search method: dynamic search.
Parallel mode: deterministic, using up to 12 threads.
Root relaxation solution time = 0,61 sec. (414,78 ticks)

        Nodes                                         Cuts/
   Node  Left     Objective  IInf  Best Integer    Best Bound    ItCnt     Gap

*     0+    0                       187660,2916 -1769290,0000              --- 
*     0+    0                       166242,5356 -1769290,0000              --- 
*     0+    0                       166224,2836 -1769290,0000              --- 
*     0+    0                       166206,0316 -1769290,0000              --- 
*     0+    0                       166187,7796 -1769290,0000              --- 
*     0+    0                       166169,5276 -1769290,0000              --- 
*     0+    0                       166151,2756 -1769290,0000              --- 
*     0+    0                       166133,0236 -1769290,0000              --- 
*     0+    0                       166115,8516 -1769290,0000              --- 
*     0+    0                       166099,0036 -1769290,0000              --- 
      0     0    26899,1316  1797   166099,0036    26899,1316       40   83,81%
      0     0    26985,2560  1759   166099,0036      Cuts: 11      724   83,75%
      0     0    27099,2924  1922   166099,0036      Cuts: 19     1676   83,68%
*     0+    0                       126506,8899    27099,2924            78,58%
      0     0    27159,2214  1923   126506,8899  ZeroHalf: 12     2244   78,53%
*     0+    0                       104891,5641    27159,2214            74,11%
*     0+    0                        61527,7762    27159,2214            55,86%
*     0+    0                        46682,2890    27159,2214            41,82%
*     0+    0                        46649,6674    27159,2214            41,78%
*     0+    0                        46640,6674    27159,2214            41,77%
*     0+    0                        43656,5312    27159,2214            37,79%
      0     0  -1,00000e+75     0    43656,5312    27159,2214     2244   37,79%
      0     0    27169,7430  1933    43656,5312  ZeroHalf: 11     2531   37,76%
      0     0    27205,3150  1952    43656,5312      Cuts: 22     3203   37,68%
      0     0    27219,9340  2068    43656,5312   ZeroHalf: 9     3683   37,65%
      0     0    27225,6520  2082    43656,5312   ZeroHalf: 5     3931   37,64%
      0     0    27235,6021  2019    43656,5312   ZeroHalf: 5     4234   37,61%
      0     0    27239,4666  2047    43656,5312   ZeroHalf: 7     4406   37,61%
      0     0    27241,2934  2019    43656,5312   ZeroHalf: 1     4520   37,60%
      0     0    27243,2857  2088    43656,5312   ZeroHalf: 4     4666   37,60%
      0     0    27247,3423  2122    43656,5312   ZeroHalf: 2     4852   37,59%
      0     0    27247,7784  2103    43656,5312   ZeroHalf: 1     4943   37,59%
*     0+    0                        29104,2206    27247,7784             6,38%
      0     0    27252,1572  2076    29104,2206   ZeroHalf: 4     5145    6,36%
      0     0    27257,9101  2131    29104,2206   ZeroHalf: 6     5335    6,34%
*     0+    0                        29094,0591    27257,9101             6,31%
      0     2    27257,9101  2131    29094,0591    27257,9101     5335    6,31%
Elapsed time = 23,75 sec. (12982,68 ticks, tree = 0,02 MB, solutions = 19)
      1     3    27271,6041  2082    29094,0591    27257,9101     6883    6,31%
      2     3    27332,1706  1822    29094,0591    27257,9101     7022    6,31%
      3     4    27296,9700  2006    29094,0591    27257,9101     7297    6,31%
      4     6    27336,2458  2027    29094,0591    27272,0526     9496    6,26%
      7     8    27390,3784  1632    29094,0591    27272,0526    10387    6,26%
     15    10    27431,2598  1442    29094,0591    27272,0526    11571    6,26%
     19    18    27465,7365  1456    29094,0591    27336,3058    17381    6,04%
     26    26    27593,6258  1402    29094,0591    27390,4589    23416    5,86%
     34    21    27524,4056  1435    29094,0591    27390,4589    19871    5,86%
     62    56    27794,8288   988    29094,0591    27396,9776    45285    5,83%
Elapsed time = 38,57 sec. (17276,11 ticks, tree = 0,46 MB, solutions = 19)
     87    69    27889,4123  1581    29094,0591    27411,8785    58490    5,78%
    115   100    28782,1378   958    29094,0591    27411,8785    75425    5,78%
*   122   111      integral     0    28724,0691    27411,8785    81868    4,57%
    171   129    28021,5425  1202    28724,0691    27411,8785    92919    4,57%
*   182   125      integral     0    28604,1506    27411,8785    88069    4,17%
*   195+  121                        28336,2514    27411,8785             3,26%
    265   151        cutoff          28336,2514    27411,8785   105825    3,26%
*   276   204      integral     0    28280,1638    27431,0415   128423    3,00%
    326   211    27606,4544  1310    28280,1638    27431,0415   134755    3,00%
*   372+  234                        27939,0504    27514,0793             1,52%
    385   245    27893,6575  1296    27939,0504    27514,0793   166074    1,52%
*   422   210      integral     0    27929,2561    27514,5846   181091    1,48%
*   427   199      integral     0    27928,9011    27514,5846   192446    1,48%
    456   193    27887,6687  1106    27928,9011    27515,0311   204256    1,48%
    542   209    27681,4966  1388    27928,9011    27517,0169   217419    1,47%
    621   239    27692,2058  1154    27928,9011    27564,9937   239091    1,30%
Elapsed time = 95,43 sec. (26072,63 ticks, tree = 3,69 MB, solutions = 26)
    710   293    27885,1223  1409    27928,9011    27591,7140   282787    1,21%
    778   321    27901,8318  1122    27928,9011    27603,7504   308755    1,16%
    858   341    27725,1837  1398    27928,9011    27617,6698   326651    1,11%
    948   359    27832,6216  1578    27928,9011    27631,1162   353055    1,07%
   1055   371        cutoff          27928,9011    27647,1668   366838    1,01%
   1161   427        cutoff          27928,9011    27656,5282   417790    0,98%
*  1254   412      integral     0    27771,7993    27665,7063   420198    0,38%
   1346   229    27753,1712  1406    27771,7993    27686,4690   470047    0,31%
   1453    81        cutoff          27771,7993    27721,0019   515347    0,18%

Zero-half cuts applied:  69
Lift and project cuts applied:  1
Gomory fractional cuts applied:  5

Root node processing (before b&c):
  Real time             =   22,71 sec. (13021,53 ticks)
Parallel b&c, 12 threads:
  Real time             =  126,65 sec. (22021,70 ticks)
  Sync time (average)   =   19,02 sec.
  Wait time (average)   =    0,00 sec.
                          ------------
Total (root+branch&cut) =  149,36 sec. (35043,22 ticks)

