
Version identifier: 22.1.1.0 | 2022-11-28 | 9160aff4d
CPXPARAM_MultiObjective_Display                  0
CPXPARAM_TimeLimit                               2000000
CPXPARAM_WorkMem                                 8192
CPXPARAM_DetTimeLimit                            2000000
Found incumbent of value 255000,000000 after 0,08 sec. (54,92 ticks)
Tried aggregator 3 times.
MIP Presolve eliminated 138729 rows and 1078827 columns.
Aggregator did 1477 substitutions.
Reduced MIP has 7018 rows, 42498 columns, and 91947 nonzeros.
Reduced MIP has 42466 binaries, 32 generals, 0 SOSs, and 0 indicators.
Presolve time = 0,92 sec. (656,54 ticks)
Tried aggregator 2 times.
Detecting symmetries...
Aggregator did 16 substitutions.
Reduced MIP has 7002 rows, 42482 columns, and 91915 nonzeros.
Reduced MIP has 42466 binaries, 16 generals, 0 SOSs, and 0 indicators.
Presolve time = 0,09 sec. (84,26 ticks)
Probing time = 0,09 sec. (17,91 ticks)
Clique table members: 50893.
MIP emphasis: balance optimality and feasibility.
MIP search method: dynamic search.
Parallel mode: deterministic, using up to 12 threads.
Root relaxation solution time = 1,04 sec. (705,00 ticks)

        Nodes                                         Cuts/
   Node  Left     Objective  IInf  Best Integer    Best Bound    ItCnt     Gap

*     0+    0                       255000,0000 -2405432,0000              --- 
*     0+    0                       203463,3095 -2405432,0000              --- 
      0     0    10937,4980  3376   203463,3095    10937,4980       44   94,62%
*     0+    0                       165460,2030    10937,4980            93,39%
*     0+    0                        76242,5978    10937,4980            85,65%
      0     0    10990,9565  3339    76242,5978  ZeroHalf: 24     1830   85,58%
      0     0    11000,5241  3567    76242,5978  ZeroHalf: 29     2655   85,57%
      0     0    11034,8616  3600    76242,5978  ZeroHalf: 19     4226   85,53%
*     0+    0                        64808,0639    11034,8616            82,97%
      0     0  -1,00000e+75     0    64808,0639    11034,8616     4226   82,97%
      0     0    11043,2473  3704    64808,0639   ZeroHalf: 9     4949   82,96%
      0     0    11046,8988  3702    64808,0639   ZeroHalf: 5     5453   82,95%
Detecting symmetries...
      0     0    11048,0080  3608    64808,0639   ZeroHalf: 5     5779   82,95%
      0     0    11053,6701  3611    64808,0639  ZeroHalf: 11     6367   82,94%
      0     0    11057,5570  3729    64808,0639   ZeroHalf: 5     6831   82,94%
      0     0    11059,0718  3699    64808,0639   ZeroHalf: 3     7139   82,94%
      0     0    11061,7990  3725    64808,0639   ZeroHalf: 2     7450   82,93%
      0     0    11065,9322  3683    64808,0639   ZeroHalf: 4     7953   82,93%
      0     0    11067,0382  3747    64808,0639   ZeroHalf: 3     8187   82,92%
      0     0    11069,0083  3621    64808,0639   ZeroHalf: 1     8542   82,92%
      0     0    11069,9523  3741    64808,0639   ZeroHalf: 2     8779   82,92%
Heuristic still looking.
Detecting symmetries...
      0     2    11069,9523  3741    64808,0639    11069,9523     8779   82,92%
Elapsed time = 92,03 sec. (39732,50 ticks, tree = 0,02 MB, solutions = 4)
      1     3    11073,9911  3648    64808,0639    11069,9553     9336   82,92%
      2     4    11081,9934  3599    64808,0639    11069,9553     9949   82,92%
      3     5    11114,3406  3456    64808,0639    11069,9553    11068   82,92%
      4     3    11097,5179  3518    64808,0639    11069,9553    11026   82,92%
      6     4    11104,6294  3424    64808,0639    11069,9553    11477   82,92%
      7     8    11142,0245  3380    64808,0639    11073,9970    14809   82,91%
      9    10    11149,6781  3279    64808,0639    11082,1071    17553   82,90%
     11     6    11128,0893  3649    64808,0639    11082,1071    12748   82,90%
     14     8    11226,3666  3007    64808,0639    11082,1071    15791   82,90%
     25    20    11135,9173  3619    64808,0639    11106,9719    31318   82,86%
Elapsed time = 117,26 sec. (45607,12 ticks, tree = 0,09 MB, solutions = 4)
     32    25    11143,3384  3543    64808,0639    11106,9930    36631   82,86%
     39    25    11209,1188  3116    64808,0639    11106,9930    36486   82,86%
*    46+   10                        55601,9377    11106,9930            80,02%
     51    45    11166,8460  3480    55601,9377    11106,9930    61538   80,02%
     58    47    11239,6651  3003    55601,9377    11106,9930    63551   80,02%
     69    57    11287,0437  2804    55601,9377    11106,9930    74090   80,02%
     76    61    11211,2547  3193    55601,9377    11106,9930    78938   80,02%
     82    79    11233,9446  3067    55601,9377    11106,9930    99486   80,02%
     93    82    11327,8421  2694    55601,9377    11106,9930   102575   80,02%
    104    79    11259,7208  3015    55601,9377    11114,7785   100586   80,01%
    116   100    11331,0883  2541    55601,9377    11114,7785   130182   80,01%
Elapsed time = 180,64 sec. (56174,08 ticks, tree = 1,39 MB, solutions = 5)
    125   109    11459,1442  2516    55601,9377    11114,7785   145568   80,01%
    134   119    11404,9705  2461    55601,9377    11114,7785   157459   80,01%
    145   131    11423,3453  2215    55601,9377    11114,7785   171433   80,01%
    156   126    11537,0651  2424    55601,9377    11114,7785   164290   80,01%
    170   152    11568,6934  2132    55601,9377    11114,7785   194462   80,01%
*   171+   94                        16207,0284    11114,7785            31,42%
    181   166    11496,3272  2122    16207,0284    11114,7785   206376   31,42%
    201   178    11569,3773  2041    16207,0284    11114,7785   215808   31,42%
    219   180    11633,2244  1802    16207,0284    11114,7785   217161   31,42%
    238   182    11521,2437  2171    16207,0284    11114,7785   221268   31,42%
    256   219    11691,6202  1697    16207,0284    11114,7785   247359   31,42%
Elapsed time = 257,46 sec. (66324,98 ticks, tree = 5,21 MB, solutions = 7)
*   268+  107                        15122,2167    11114,7785            26,50%
    275   231    11603,0764  2009    15122,2167    11114,7785   257025   26,50%
    289   255    11846,5296  1633    15122,2167    11114,7785   275056   26,50%
    307   270    11684,8168  1741    15122,2167    11114,7785   286184   26,50%
*   308+  241                        15082,7532    11114,7785            26,31%
    323   303    12158,5271  1328    15082,7532    11114,7785   307792   26,31%
    342   278    11758,6372  1714    15082,7532    11114,7785   291680   26,31%
    364   307    12310,7165   806    15082,7532    11114,7785   303809   26,31%
    391   333    12141,9985  1413    15082,7532    11114,7785   327926   26,31%
*   393+  347                        14452,4302    11114,7785            23,09%
    424   265    11469,9386  2311    14452,4302    11114,7785   282778   23,09%
*   444+  381                        13253,0127    11114,7785            16,13%
    451   398    12395,0537  1043    13253,0127    11114,7785   364043   16,13%
    500   416    12870,1709   648    13253,0127    11114,7785   367368   16,13%
Elapsed time = 335,05 sec. (76215,25 ticks, tree = 14,55 MB, solutions = 12)
    538   436    12722,0486   596    13253,0127    11114,7785   377963   16,13%
*   556   410      integral     0    12769,4998    11114,7785   367912   12,96%
    587   429    13103,2882   813    12769,4998    11114,7785   375387   12,96%
*   596   446      integral     0    12714,7678    11114,7785   380280   12,58%
    614   444    13020,4967  1283    12714,7678    11123,9754   386295   12,51%
*   625   519      integral     0    12314,4544    11123,9754   442011    9,67%
    645   465    11667,9837  2000    12314,4544    11123,9754   453460    9,67%
    671   516    12615,2525   761    12314,4544    11123,9754   429000    9,67%
    696   467    11304,3770  2696    12314,4544    11123,9754   457785    9,67%
    713   479    11657,1176  1727    12314,4544    11126,0211   464862    9,65%
    728   490    11236,2991  2813    12314,4544    11126,0211   483744    9,65%
    748   486    11757,5037  1826    12314,4544    11126,0211   471410    9,65%
Elapsed time = 409,38 sec. (85606,69 ticks, tree = 18,73 MB, solutions = 15)
    762   531    11907,2579  1258    12314,4544    11126,0211   511722    9,65%
    780   542    11854,6924  1592    12314,4544    11126,0211   519136    9,65%
    795   515    11957,0067  1728    12314,4544    11126,0211   505424    9,65%
    812   565    11448,3176  2180    12314,4544    11127,2972   543008    9,64%
    837   603    12289,3341  1111    12314,4544    11127,2972   575266    9,64%
    859   584    12196,8738  1569    12314,4544    11127,2972   558900    9,64%
    880   598        cutoff          12314,4544    11127,2972   570917    9,64%
    897   603    12048,3379  1035    12314,4544    11127,2972   572745    9,64%
    915   605    11214,5212  3216    12314,4544    11127,2972   579430    9,64%
    934   647    11714,6757  2138    12314,4544    11128,0907   617373    9,63%
Elapsed time = 485,98 sec. (95859,60 ticks, tree = 26,11 MB, solutions = 15)
    951   639    11870,0234  1718    12314,4544    11147,5024   609242    9,48%
    974   694    11289,8045  2901    12314,4544    11147,5024   658349    9,48%
    990   679    11515,5496  2241    12314,4544    11147,5024   641626    9,48%
   1010   712    11824,9886  1685    12314,4544    11147,5024   671456    9,48%
   1031   686    11507,9478  2284    12314,4544    11147,5024   650228    9,48%
   1048   762    11635,9160  1761    12314,4544    11147,5024   716077    9,48%
   1075   721    11984,4170  1451    12314,4544    11147,5024   676829    9,48%
   1099   807    12144,6992  1228    12314,4544    11147,5024   748984    9,48%
   1126   822        cutoff          12314,4544    11147,5024   759519    9,48%
   1143   805    11183,9496  3237    12314,4544    11147,9906   750926    9,47%
Elapsed time = 566,83 sec. (106094,92 ticks, tree = 36,68 MB, solutions = 15)
   1162   860    11850,1992  1272    12314,4544    11147,9906   788639    9,47%
   1190   862    11930,9291  1063    12314,4544    11147,9906   789982    9,47%
   1216   882    11918,2151  1438    12314,4544    11147,9906   808546    9,47%
*  1224+  868                        12299,3622    11147,9906             9,36%
   1245   915    11208,3545  3094    12299,3622    11147,9906   837493    9,36%
   1269   862    11901,6523   919    12299,3622    11147,9906   788847    9,36%
   1291   890    12116,8061   957    12299,3622    11151,8660   812409    9,33%
   1320   909    11739,1117  2018    12299,3622    11151,8660   833296    9,33%
   1332   974    11246,0512  3129    12299,3622    11151,8660   879429    9,33%
   1347   921    11455,4782  2883    12299,3622    11151,8660   843916    9,33%
   1367  1025    11815,2393  1761    12299,3622    11151,8660   921638    9,33%
Elapsed time = 643,42 sec. (116325,44 ticks, tree = 51,87 MB, solutions = 16)
   1387  1027    11886,1685  1617    12299,3622    11151,8660   923323    9,33%
   1406   989    12019,1858  2346    12299,3622    11151,8660   890695    9,33%
   1428   992    12073,9084  2171    12299,3622    11151,8660   892316    9,33%
   1459  1032        cutoff          12299,3622    11153,2767   927926    9,32%
   1479  1058    11424,3850  3101    12299,3622    11153,2767   951622    9,32%
   1495  1069    11470,7593  2843    12299,3622    11153,2767   959330    9,32%
   1517  1125    11202,3479  3478    12299,3622    11153,2767   992231    9,32%
   1529  1043    11544,0956  2742    12299,3622    11160,3113   939158    9,26%
   1541  1071    11567,6775  2695    12299,3622    11160,4388   961765    9,26%
   1558  1130    11257,3896  3502    12299,3622    11160,4388   995456    9,26%
Elapsed time = 720,16 sec. (126391,92 ticks, tree = 59,65 MB, solutions = 16)
   1573  1086    11500,3825  2808    12299,3622    11160,4388   970103    9,26%
   1589  1150    11321,3241  3209    12299,3622    11160,4388  1008093    9,26%
   1610  1224    11669,6624  2667    12299,3622    11160,4388  1078592    9,26%
   1628  1226    11699,5192  2590    12299,3622    11161,0632  1079913    9,25%
   1651  1207    11922,9869  2630    12299,3622    11161,0632  1063588    9,25%
   1667  1289    11482,4888  2647    12299,3622    11161,0632  1133238    9,25%
   1683  1303    11956,6991  2004    12299,3622    11161,0632  1142379    9,25%
   1697  1234    11970,4995  1907    12299,3622    11161,0632  1086708    9,25%
   1716  1320    12124,3363  2244    12299,3622    11161,0632  1162041    9,25%
   1796  1326    11253,7040  3107    12299,3622    11161,0632  1167854    9,25%
Elapsed time = 819,92 sec. (139406,86 ticks, tree = 68,89 MB, solutions = 16)
   1867  1373    12052,8747  2178    12299,3622    11161,1875  1204602    9,25%
   1916  1482    11487,4094  3027    12299,3622    11161,1875  1303927    9,25%
   1975  1500    11294,4348  2973    12299,3622    11165,0316  1318320    9,22%
   2056  1532    12110,6303  1780    12299,3622    11165,0316  1335709    9,22%
   2142  1608    12152,1959  1585    12299,3622    11167,0222  1404441    9,21%
   2210  1652    11387,6249  2829    12299,3622    11167,0222  1444596    9,21%
   2263  1840    11890,3934  2335    12299,3622    11170,6632  1583695    9,18%
   2330  1851    12142,1718  1738    12299,3622    11171,0665  1589787    9,17%
   2424  1870    12203,9033  1973    12299,3622    11172,3291  1610846    9,16%
   2504  1996    11669,0657  2559    12299,3622    11172,3291  1707344    9,16%
Elapsed time = 1114,20 sec. (177900,90 ticks, tree = 87,30 MB, solutions = 16)
   2603  2006    11884,1888  1926    12299,3622    11174,4808  1712888    9,15%
   2679  2114    11798,7177  2339    12299,3622    11175,7204  1794041    9,14%
   2761  2163    11875,2576  2339    12299,3622    11175,7204  1830138    9,14%
   2836  2224    11294,6525  3391    12299,3622    11179,7175  1873426    9,10%
   2904  2376    11321,0993  2552    12299,3622    11179,9205  1997983    9,10%
   2979  2369    11308,9725  2999    12299,3622    11179,9205  1992169    9,10%
   3059  2462    11945,8855  1635    12299,3622    11181,7829  2069767    9,09%
   3141  2521    11573,0896  1990    12299,3622    11181,7829  2126839    9,09%
   3223  2614    11915,7710  1339    12299,3622    11182,4824  2199200    9,08%
   3314  2640    12018,6736  1572    12299,3622    11182,4824  2221926    9,08%
Elapsed time = 1410,80 sec. (216584,26 ticks, tree = 112,03 MB, solutions = 16)
   3399  2715    11954,4625  1446    12299,3622    11182,4824  2276778    9,08%
   3488  2719    11260,9643  3349    12299,3622    11182,4824  2282739    9,08%
   3570  2832    11679,7604  2274    12299,3622    11185,0486  2370683    9,06%
   3644  2968    11982,7828  2111    12299,3622    11185,0486  2472313    9,06%
   3741  3064    11492,8693  2328    12299,3622    11189,0103  2542901    9,03%
   3809  3092    11806,8941  2418    12299,3622    11189,0103  2569802    9,03%
   3849  3132    11423,2677  3071    12299,3622    11189,0103  2598793    9,03%

Performing restart 1

Repeating presolve.
Tried aggregator 2 times.
MIP Presolve eliminated 81 rows and 1592 columns.
Aggregator did 6 substitutions.
Reduced MIP has 6915 rows, 40884 columns, and 88644 nonzeros.
Reduced MIP has 40868 binaries, 16 generals, 0 SOSs, and 0 indicators.
Presolve time = 0,07 sec. (62,57 ticks)
Tried aggregator 1 time.
Reduced MIP has 6915 rows, 40884 columns, and 88644 nonzeros.
Reduced MIP has 40868 binaries, 16 generals, 0 SOSs, and 0 indicators.
Presolve time = 0,08 sec. (65,99 ticks)
Represolve time = 1,89 sec. (1255,25 ticks)
   3856     0    11085,8039  3958    12299,3622      Cuts: 15  2758631    9,02%
   3856     0    11091,1203  4103    12299,3622  ZeroHalf: 32  2759315    9,02%
   3856     0    11098,1985  4008    12299,3622      Cuts: 12  2760266    9,02%
   3856     0    11101,7433  4150    12299,3622  ZeroHalf: 17  2760847    9,02%
   3856     0    11105,5699  4190    12299,3622       Cuts: 9  2761621    9,02%
   3856     2    11105,5699  4190    12299,3622    11190,0090  2761621    9,02%
   3857     3    11106,7236  4192    12299,3622    11190,0090  2762184    9,02%
   3859     5    11107,2853  4186    12299,3622    11190,0090  2762689    9,02%
Elapsed time = 1752,10 sec. (327705,62 ticks, tree = 0,03 MB, solutions = 16)
   3873    13    11219,4476  3600    12299,3622    11190,0090  2774773    9,02%
   3890    23    11158,6710  3763    12299,3622    11190,0090  2798173    9,02%
   3913    27    11199,9423  3801    12299,3622    11190,0090  2810164    9,02%
   3929    59    11365,9098  3470    12299,3622    11190,0090  2863431    9,02%
   3956    90    11174,9097  3864    12299,3622    11190,0090  2940649    9,02%
   3980    91    11272,4409  3700    12299,3622    11190,0090  2944611    9,02%
   3992   128    11283,1184  3340    12299,3622    11190,0090  2996107    9,02%
   4015   130    11285,2554  3333    12299,3622    11190,0090  3000509    9,02%
   4052   146    11270,7190  3605    12299,3622    11190,0090  3035401    9,02%
   4082   195    11338,2476  3364    12299,3622    11190,0090  3108264    9,02%
Elapsed time = 2041,22 sec. (368374,50 ticks, tree = 2,43 MB, solutions = 16)
   4120   240    11181,9209  3629    12299,3622    11190,0090  3162972    9,02%
   4160   269    11350,6372  3098    12299,3622    11190,0090  3201500    9,02%
   4225   280    11370,6610  3083    12299,3622    11190,0090  3213063    9,02%
   4276   314    11374,4995  3210    12299,3622    11190,0090  3258206    9,02%
   4329   362    11376,9185  3176    12299,3622    11190,0090  3290416    9,02%
   4357   385    11435,3770  2831    12299,3622    11190,0090  3313799    9,02%
   4419   494    11260,6382  3288    12299,3622    11190,0090  3391540    9,02%
   4489   555    11431,0427  3040    12299,3622    11190,0090  3445392    9,02%
   4550   606    11630,2993  2637    12299,3622    11190,0090  3476274    9,02%
   4614   621    11555,5604  2866    12299,3622    11190,0090  3491868    9,02%
Elapsed time = 2325,24 sec. (407938,39 ticks, tree = 23,92 MB, solutions = 16)
   4687   644    11232,6908  3560    12299,3622    11190,0090  3510296    9,02%
   4753   719    11286,4484  3203    12299,3622    11190,0090  3577753    9,02%
   4803   809    11429,0488  2532    12299,3622    11190,0090  3650858    9,02%
   4842   860    11559,3857  2709    12299,3622    11190,0090  3682732    9,02%
   4881   868    11740,5064  2658    12299,3622    11190,0090  3688160    9,02%
   4928   999    11314,4265  3282    12299,3622    11190,0090  3793039    9,02%
   4983  1000    11675,3715  2662    12299,3622    11190,0090  3792594    9,02%
   5044  1050    12239,8708  2410    12299,3622    11190,0090  3854721    9,02%
   5116  1050    11412,3121  3025    12299,3622    11190,0090  3845172    9,02%
   5183  1100    11963,8609  2234    12299,3622    11190,0090  3905966    9,02%
Elapsed time = 2601,06 sec. (446689,83 ticks, tree = 54,66 MB, solutions = 16)
   5254  1146    11834,2991  2037    12299,3622    11190,0090  3938107    9,02%
   5326  1290    11846,4270  2130    12299,3622    11190,0090  4070906    9,02%
   5416  1301    11867,3787  2071    12299,3622    11190,0090  4076161    9,02%
   5514  1411    12268,4383  1458    12299,3622    11190,0090  4174920    9,02%
   5587  1379    11343,9586  3177    12299,3622    11190,0090  4160340    9,02%
   5668  1384    11828,7736  2978    12299,3622    11190,0090  4165185    9,02%
   5780  1556    12029,9976  2392    12299,3622    11190,0090  4275883    9,02%
   5867  1706    12077,5309  2495    12299,3622    11190,0090  4418519    9,02%
   5962  1641    11598,9442  2542    12299,3622    11190,0090  4361746    9,02%
   6049  1796    11833,1839  3171    12299,3622    11190,0090  4489097    9,02%
Elapsed time = 2886,78 sec. (485576,84 ticks, tree = 104,62 MB, solutions = 16)
   6133  1807    12073,4916  2216    12299,3622    11190,0090  4482950    9,02%
   6203  1964    12089,8188  2234    12299,3622    11190,0090  4630443    9,02%
   6275  1869    11485,3915  3461    12299,3622    11190,0090  4586457    9,02%
   6348  2040    11573,6414  2408    12299,3622    11190,0090  4701471    9,02%
   6434  2114    11536,1604  2502    12299,3622    11190,0090  4771695    9,02%
   6541  2136        cutoff          12299,3622    11190,0090  4805101    9,02%
   6640  2221    11784,8425  2462    12299,3622    11190,0090  4857934    9,02%
   6732  2322    11774,9411  2460    12299,3622    11190,0090  4939788    9,02%
   6794  2342    12237,0826  2182    12299,3622    11190,0090  4958653    9,02%
   6876  2348    11727,8696  2532    12299,3622    11190,0090  4968711    9,02%
Elapsed time = 3213,67 sec. (524218,99 ticks, tree = 138,42 MB, solutions = 16)
   6935  2613    11603,1675  2661    12299,3622    11190,0090  5140732    9,02%
   7016  2657    12266,4457  3179    12299,3622    11190,0090  5173375    9,02%
   7088  2674    11777,4875  2548    12299,3622    11190,0090  5189495    9,02%
   7142  2681    11710,9944  2383    12299,3622    11190,0090  5194997    9,02%
   7222  2692    11795,3598  2531    12299,3622    11190,0090  5207575    9,02%
   7297  2856    11912,5382  2121    12299,3622    11190,0090  5319468    9,02%
   7381  2997    11501,7454  3132    12299,3622    11190,0090  5435369    9,02%
   7508  2902    11926,7800  2082    12299,3622    11190,0090  5358962    9,02%
   7590  2927    11661,6863  2699    12299,3622    11190,0090  5383812    9,02%
   7673  3236    11901,9791  2459    12299,3622    11190,0090  5604052    9,02%
Elapsed time = 3528,81 sec. (562763,64 ticks, tree = 178,75 MB, solutions = 16)
   7782  3276    11957,7626  2152    12299,3622    11190,0090  5621380    9,02%
   7899  3349    12292,1183  1734    12299,3622    11190,0090  5677751    9,02%
   7994  3423    11899,9416  2339    12299,3622    11190,0090  5717176    9,02%
   8109  3589    11891,6311  2363    12299,3622    11190,0090  5797177    9,02%
   8230  3516    12107,8624  2289    12299,3622    11190,0090  5766606    9,02%
   8335  3838    12136,1574  1573    12299,3622    11190,0090  5935568    9,02%
   8406  3771    11430,1940  3137    12299,3622    11190,0090  5911182    9,02%
   8477  3944    11703,3059  2735    12299,3622    11190,0090  5996273    9,02%
   8544  4019    12272,5712  1908    12299,3622    11190,0090  6047530    9,02%
   8608  3974    11879,8914  2339    12299,3622    11190,0090  6006837    9,02%
Elapsed time = 3851,04 sec. (601300,93 ticks, tree = 233,59 MB, solutions = 16)
   8677  4064    11971,5962  1405    12299,3622    11190,0090  6093371    9,02%
   8739  4116    11709,9178  2443    12299,3622    11190,0090  6133959    9,02%
   8825  4328    11779,3369  2410    12299,3622    11190,0090  6284305    9,02%
   8947  4183    11928,8047  1953    12299,3622    11190,0090  6206880    9,02%
   9085  4414    12195,8700  2325    12299,3622    11190,0090  6357599    9,02%
   9233  4440        cutoff          12299,3622    11190,0090  6379661    9,02%
   9321  4400    11460,1218  3497    12299,3622    11190,0090  6350790    9,02%
   9384  4650    12039,9610  1946    12299,3622    11190,0090  6461840    9,02%
   9437  4752    12088,0181  2212    12299,3622    11190,0090  6514212    9,02%
   9513  4793    11736,0069  2738    12299,3622    11190,0090  6544396    9,02%
Elapsed time = 4193,71 sec. (639833,68 ticks, tree = 294,66 MB, solutions = 16)
   9566  5060    11582,0661  2827    12299,3622    11190,0090  6717808    9,02%
   9606  5007    11570,0316  2892    12299,3622    11190,0090  6685238    9,02%
   9674  5098    11786,6190  2529    12299,3622    11190,0090  6742190    9,02%
   9749  5135    11746,4779  2297    12299,3622    11191,3351  6764228    9,01%
   9828  5134    11697,4030  2451    12299,3622    11191,3351  6780817    9,01%
   9904  5234    11962,5715  2333    12299,3622    11191,3351  6844560    9,01%
   9984  5209    11903,7762  2316    12299,3622    11192,1138  6838182    9,00%
  10069  5355    11956,8596  2330    12299,3622    11192,1138  6968542    9,00%
  10155  5402    11388,4676  3605    12299,3622    11192,1138  6988918    9,00%
  10213  5573    11406,8939  3350    12299,3622    11192,1138  7105566    9,00%
Elapsed time = 4502,60 sec. (678454,92 ticks, tree = 352,14 MB, solutions = 16)
  10277  5640    12239,2629  1617    12299,3622    11192,1138  7126585    9,00%
  10349  5634    12035,7739  1995    12299,3622    11192,1138  7146305    9,00%
  10434  5776    12237,7722  1944    12299,3622    11192,1138  7247037    9,00%
  10514  5689    11834,9646  2346    12299,3622    11192,1142  7196370    9,00%
  10576  5886    11580,8154  3028    12299,3622    11199,2426  7360686    8,94%
  10649  5893    12155,8051  2834    12299,3622    11199,2426  7348250    8,94%
  10733  6063    11884,2346  2568    12299,3622    11199,4348  7511830    8,94%
  10834  6032    12022,1147  2469    12299,3622    11199,4348  7467351    8,94%
  10945  6046    12175,5243  2182    12299,3622    11199,4348  7473014    8,94%
  11033  6295    12238,2117  2077    12299,3622    11199,4348  7692924    8,94%
Elapsed time = 4832,93 sec. (717122,04 ticks, tree = 406,71 MB, solutions = 16)
  11122  6414    12141,0890  1729    12299,3622    11199,4348  7763511    8,94%
  11213  6469    12195,3104  3490    12299,3622    11199,4348  7815722    8,94%
  11268  6274    11594,7863  3122    12299,3622    11200,3366  7678306    8,94%
  11329  6528    11677,0553  2773    12299,3622    11202,6584  7870085    8,92%
  11392  6511    11728,1511  2837    12299,3622    11207,7043  7858268    8,88%
  11463  6524    12179,2325  2127    12299,3622    11207,7043  7841125    8,88%
  11549  6725        cutoff          12299,3622    11207,7043  8016214    8,88%
  11630  6867    12059,2875  1830    12299,3622    11207,9403  8132760    8,87%
  11732  6825    12215,3706  2786    12299,3622    11207,9403  8096030    8,87%
  11839  6934    11686,8441  2994    12299,3622    11208,0644  8211631    8,87%
Elapsed time = 5163,56 sec. (755785,52 ticks, tree = 438,72 MB, solutions = 16)
  11946  6940    12043,8411  2892    12299,3622    11209,0867  8203218    8,86%
  12047  6949    11854,2695  2459    12299,3622    11209,1378  8220590    8,86%
  12151  6981    11653,2537  2656    12299,3622    11209,1378  8244165    8,86%
  12220  7356    12009,2695  2236    12299,3622    11209,1378  8436679    8,86%
  12259  7241    11710,4520  3309    12299,3622    11210,9814  8392457    8,85%
  12301  7412    11976,1411  1735    12299,3622    11212,2335  8477604    8,84%
  12350  7431    12114,6609  1223    12299,3622    11212,2335  8483495    8,84%
  12419  7636    12141,4318  2131    12299,3622    11215,3010  8643758    8,81%
  12489  7678    11390,7810  3432    12299,3622    11215,3010  8662966    8,81%
  12547  7618    11599,5929  3143    12299,3622    11215,4229  8639974    8,81%
Elapsed time = 5534,64 sec. (794721,90 ticks, tree = 474,48 MB, solutions = 16)
  12638  7727    12031,7066  2328    12299,3622    11215,4229  8700090    8,81%
  12754  7752    11838,1813  2722    12299,3622    11215,4301  8730435    8,81%
  12860  7815    11909,4344  2284    12299,3622    11215,4301  8791385    8,81%
  12932  8020    11907,7534  2485    12299,3622    11219,4712  8924896    8,78%
  13019  7819    11993,8733  2448    12299,3622    11220,6346  8783319    8,77%
  13108  8054    11530,1815  2780    12299,3622    11220,6346  8953310    8,77%
  13228  8058    11839,7825  2252    12299,3622    11220,6346  8958587    8,77%
  13297  8299    11721,3733  2606    12299,3622    11220,6346  9107801    8,77%
  13357  8372    12043,4853  1943    12299,3622    11221,2616  9167262    8,77%
  13416  8371    12221,8662  2061    12299,3622    11221,2616  9157812    8,77%
Elapsed time = 5848,79 sec. (833342,36 ticks, tree = 520,74 MB, solutions = 16)
  13472  8389    12131,0382  1298    12299,3622    11221,9314  9176816    8,76%
  13538  8688    12226,8036  1221    12299,3622    11223,6236  9399177    8,75%
  13633  8550    11602,1718  2917    12299,3622    11223,6236  9313820    8,75%
  13698  8556    11698,5729  2511    12299,3622    11223,6236  9318635    8,75%
  13772  8639    11927,1403  2358    12299,3622    11223,6236  9357760    8,75%
  13822  8885    11910,8222  2181    12299,3622    11226,5710  9585437    8,72%
  13892  8875    12162,4558  1876    12299,3622    11229,4803  9554576    8,70%
  13986  8924    11840,5530  2668    12299,3622    11229,4803  9612806    8,70%
  14057  8907    12177,5416  2012    12299,3622    11230,0054  9601746    8,69%
  14129  8975    11320,2640  3781    12299,3622    11230,0054  9681576    8,69%
Elapsed time = 6184,82 sec. (871852,55 ticks, tree = 565,55 MB, solutions = 16)
  14182  9188    12137,8122  2072    12299,3622    11230,0054  9806389    8,69%
  14240  9209    12276,5481  2011    12299,3622    11230,0054  9812755    8,69%
  14305  9087    11630,7020  3486    12299,3622    11232,3654  9772027    8,68%
  14380  9257    12232,4085  2266    12299,3622    11233,2257  9898738    8,67%
  14461  9393    11900,8860  2016    12299,3622    11233,2683 10044416    8,67%
  14540  9498    11514,3586  3218    12299,3622    11233,2683 10124750    8,67%
  14605  9434    11888,4712  2424    12299,3622    11233,2683 10076257    8,67%
  14696  9575    11541,1272  3584    12299,3622    11233,2683 10187175    8,67%
  14786  9714    12161,2310  1858    12299,3622    11233,2683 10294284    8,67%
  14843  9725    12297,3711  1487    12299,3622    11233,2683 10300287    8,67%
Elapsed time = 6522,20 sec. (910335,59 ticks, tree = 609,65 MB, solutions = 16)
  14917  9842    11968,4129  2366    12299,3622    11234,6642 10386497    8,66%
  14988  9900    11987,2747  2245    12299,3622    11234,6642 10427493    8,66%
  15082  9734    11422,6403  3469    12299,3622    11236,1992 10313400    8,64%
  15147  9919    12098,7261  2212    12299,3622    11236,1992 10433520    8,64%
  15218  9935        cutoff          12299,3622    11236,1992 10439905    8,64%
  15262  9970    11961,9996  2781    12299,3622    11236,1992 10497211    8,64%
  15299 10045    12059,0865  2311    12299,3622    11236,1992 10572867    8,64%
  15347 10154    11852,9740  2762    12299,3622    11237,3764 10656093    8,63%
  15391 10163    11944,3337  2257    12299,3622    11237,3764 10661376    8,63%
  15465 10400    11751,3152  2767    12299,3622    11238,7928 10860438    8,62%
Elapsed time = 6882,78 sec. (949353,81 ticks, tree = 652,93 MB, solutions = 16)
  15532 10341    12158,5988  2230    12299,3622    11238,7928 10777984    8,62%
  15624 10382    11978,2281  2599    12299,3622    11238,7928 10832056    8,62%
  15695 10465    12036,2811  2369    12299,3622    11238,7928 10911658    8,62%
  15784 10480    11666,6689  2850    12299,3622    11239,3137 10937638    8,62%
  15889 10491    12037,7910  2016    12299,3622    11239,3137 10930861    8,62%
  15959 10535    11975,4196  2639    12299,3622    11239,3285 10976715    8,62%
  16013 10544    12084,5117  2230    12299,3622    11240,2402 10982086    8,61%
  16052 10615    12181,7472  3811    12299,3622    11240,2402 11040934    8,61%
  16114 10708    11829,5451  2473    12299,3622    11240,7925 11082368    8,61%
  16180 10843    12271,2198  3406    12299,3622    11241,4805 11191109    8,60%
Elapsed time = 7173,62 sec. (987968,35 ticks, tree = 662,51 MB, solutions = 16)
  16225 11045    11764,8799  2958    12299,3622    11241,5057 11350095    8,60%
  16284 11054    12175,5116  2443    12299,3622    11241,5057 11341085    8,60%
  16337 10971    11565,7963  3343    12299,3622    11241,5057 11301535    8,60%
  16392 11071    11783,4028  2368    12299,3622    11244,1028 11404598    8,58%
  16465 11068    12130,6136  2735    12299,3622    11244,1028 11391042    8,58%
  16549 11149    11888,3225  2733    12299,3622    11245,1100 11477979    8,57%
  16653 11400    12170,9972  1202    12299,3622    11245,1100 11700201    8,57%
  16761 11443    12098,0407  2206    12299,3622    11245,1100 11741305    8,57%
  16825 11518    12161,4934  1460    12299,3622    11245,1100 11816068    8,57%
  16908 11574    12118,5959  1882    12299,3622    11245,1100 11845182    8,57%
Elapsed time = 7510,28 sec. (1026605,56 ticks, tree = 701,19 MB, solutions = 16)
  16987 11471    11842,2322  2592    12299,3622    11245,1100 11778505    8,57%
  17064 11508    11955,3735  1957    12299,3622    11246,8376 11807440    8,56%
  17114 11526    12112,5226  1818    12299,3622    11248,9541 11813210    8,54%
  17176 11719    11544,1706  3277    12299,3622    11249,4378 11985819    8,54%
  17208 11726    11587,1822  2941    12299,3622    11249,7368 11990439    8,53%
  17250 11881    12146,6407  3246    12299,3622    11249,7368 12092657    8,53%
  17312 11865    11778,7748  2961    12299,3622    11249,7368 12075114    8,53%
  17362 12089    11928,5223  2853    12299,3622    11249,7368 12285932    8,53%
  17417 12062    12223,0517  2111    12299,3622    11249,7368 12247099    8,53%
  17483 12199    12154,8294  2319    12299,3622    11249,7368 12425602    8,53%
Elapsed time = 7854,29 sec. (1065554,99 ticks, tree = 721,08 MB, solutions = 16)
  17545 12136    11950,0562  2636    12299,3622    11249,7774 12339111    8,53%
  17614 12208        cutoff          12299,3622    11250,2248 12436896    8,53%
  17680 12240    11844,9302  2923    12299,3622    11251,5363 12487473    8,52%
  17754 12250    11925,0611  2912    12299,3622    11251,5363 12492403    8,52%
  17799 12441    11853,0039  2673    12299,3622    11251,5363 12690186    8,52%
  17841 12472    11913,6975  2224    12299,3622    11251,5363 12711755    8,52%
  17894 12347    12000,9801  2516    12299,3622    11251,5363 12570463    8,52%
  17959 12463    12144,9648  2149    12299,3622    11252,2933 12705648    8,51%
  18050 12542    11746,8169  2653    12299,3622    11252,3016 12775697    8,51%
  18094 12682    11688,7336  2997    12299,3622    11252,3913 12945788    8,51%
Elapsed time = 8204,66 sec. (1104562,69 ticks, tree = 758,41 MB, solutions = 16)
  18147 12676    12227,0351  2233    12299,3622    11252,3913 12897305    8,51%
  18192 12624    11782,1848  2263    12299,3622    11253,8281 12857791    8,50%
  18232 12888    11560,3109  3167    12299,3622    11254,1548 13119872    8,50%
  18292 12928    11918,6980  2272    12299,3622    11255,7113 13140760    8,49%
  18371 12941    12052,1679  1773    12299,3622    11255,7113 13146006    8,49%
  18453 13061        cutoff          12299,3622    11256,1991 13256962    8,48%
  18543 12990    12266,4550  1658    12299,3622    11256,1991 13155360    8,48%
  18620 13008    11766,2308  2697    12299,3622    11256,1991 13217701    8,48%
  18686 13253    11599,8784  3367    12299,3622    11256,1991 13398531    8,48%
  18757 13108    12065,6734  2502    12299,3622    11256,1991 13293425    8,48%
Elapsed time = 8526,49 sec. (1143337,90 ticks, tree = 791,40 MB, solutions = 16)
  18807 13297    11852,6396  2756    12299,3622    11256,2637 13432606    8,48%
  18860 13258    12142,7445  2864    12299,3622    11256,2637 13412694    8,48%
  18921 13374    12188,9028  2264    12299,3622    11256,2637 13512776    8,48%
  18986 13408    12077,7557  2249    12299,3622    11256,8139 13535488    8,48%
  19040 13450    11613,9605  2524    12299,3622    11256,8139 13588125    8,48%
  19090 13549    12249,4538  1580    12299,3622    11256,8139 13696764    8,48%
  19129 13495    12058,6675  1858    12299,3622    11256,8139 13625293    8,48%
  19171 13749    11887,0011  1672    12299,3622    11256,8139 13888998    8,48%
  19219 13551    11589,9933  3211    12299,3622    11256,8139 13707088    8,48%
  19267 13729    11966,9789  2755    12299,3622    11257,7245 13872365    8,47%
Elapsed time = 8862,70 sec. (1182057,84 ticks, tree = 838,65 MB, solutions = 16)
  19301 13695    12078,4801  2644    12299,3622    11259,8384 13849007    8,45%
  19342 13832    11629,3764  2575    12299,3622    11259,8384 13962836    8,45%
  19416 13892    11819,0118  2656    12299,3622    11260,5654 14122992    8,45%
  19466 13880    12088,6027  2479    12299,3622    11260,6484 14047120    8,45%
  19539 13999    11912,9093  2441    12299,3622    11261,5462 14257867    8,44%
  19620 14058    12123,4260  1472    12299,3622    11261,5462 14288392    8,44%
  19726 13990    11748,7061  2601    12299,3622    11261,5462 14245750    8,44%
  19786 14075    12058,1157  2486    12299,3622    11261,5462 14319049    8,44%
  19834 14128    11729,8035  2687    12299,3622    11262,8664 14394355    8,43%
  19893 14168    11639,0892  3036    12299,3622    11264,6679 14448762    8,41%
Elapsed time = 9200,71 sec. (1220532,07 ticks, tree = 853,81 MB, solutions = 16)
  19944 14281    12175,5591  2157    12299,3622    11264,6679 14562796    8,41%
  20002 14142    11864,5301  2190    12299,3622    11264,6843 14409023    8,41%
  20045 14180    11526,5633  2770    12299,3622    11265,8349 14485825    8,40%
  20099 14485    12154,2083  1918    12299,3622    11265,8349 14678425    8,40%
  20164 14501    12058,2440  2097    12299,3622    11265,8349 14706741    8,40%
  20221 14557    12298,4519  2360    12299,3622    11265,8349 14788052    8,40%
  20262 14575    11899,1416  1893    12299,3622    11265,8349 14815727    8,40%
  20320 14592    11989,9663  1764    12299,3622    11266,7395 14820860    8,40%
  20390 14609    12226,8182  1100    12299,3622    11266,7395 14826761    8,40%
  20452 14670    12298,2742  2432    12299,3622    11266,7395 14909437    8,40%
Elapsed time = 9543,84 sec. (1259081,15 ticks, tree = 892,51 MB, solutions = 16)
  20506 14766    12288,2246  3518    12299,3622    11270,7009 15038333    8,36%
  20563 14706    12188,9328  2423    12299,3622    11270,7009 14943741    8,36%
  20619 14856    12073,1333  1840    12299,3622    11270,7009 15137661    8,36%
  20675 14872    12177,9864  1701    12299,3622    11270,7009 15143109    8,36%
  20728 14871        cutoff          12299,3622    11270,7009 15174083    8,36%
  20780 14883    11369,4359  3594    12299,3622    11270,7009 15152106    8,36%
  20835 14940    11513,5524  3574    12299,3622    11270,7009 15236637    8,36%
  20885 14991    11836,7084  2665    12299,3622    11270,7009 15277003    8,36%
  20938 15000    11932,9979  2516    12299,3622    11270,7009 15281944    8,36%
  21001 15150    12124,8514  2230    12299,3622    11270,7009 15426653    8,36%
Elapsed time = 9930,41 sec. (1298249,30 ticks, tree = 928,28 MB, solutions = 16)
  21049 15023    11939,9130  2952    12299,3622    11270,7009 15318724    8,36%
  21092 15203    12184,7527  2308    12299,3622    11270,7009 15465064    8,36%
  21147 15268    11779,4783  2463    12299,3622    11271,7484 15583786    8,36%
  21190 15369    12066,1487  2415    12299,3622    11271,7484 15682196    8,36%
  21244 15591    12239,6883  1840    12299,3622    11273,5650 15880767    8,34%
  21299 15468    11796,3023  3259    12299,3622    11273,5650 15791830    8,34%
  21359 15476    12230,7707  2176    12299,3622    11273,5776 15775142    8,34%
  21417 15611    12293,5491  2312    12299,3622    11273,5776 15917742    8,34%
  21469 15547    11908,0492  2545    12299,3622    11273,5776 15851762    8,34%
  21529 15608    11880,8137  2137    12299,3622    11273,6904 15905999    8,34%
Elapsed time = 10248,07 sec. (1336966,55 ticks, tree = 938,71 MB, solutions = 16)
  21615 15833    12038,2535  1982    12299,3622    11273,6904 16076407    8,34%
  21718 15850    12164,1037  1794    12299,3622    11273,6904 16081863    8,34%
  21780 15646    11468,3081  3453    12299,3622    11273,6904 15957492    8,34%
  21824 15781    11887,6916  2673    12299,3622    11273,6904 16048252    8,34%
  21884 15964    11587,2556  3288    12299,3622    11274,6311 16191704    8,33%
  21947 15969    11670,5397  3130    12299,3622    11274,7704 16196427    8,33%
  22031 15958    12163,6522  1194    12299,3622    11274,8263 16189473    8,33%
  22080 15987    11746,1261  3257    12299,3622    11275,2029 16233428    8,33%
  22147 16224    12062,3526  3141    12299,3622    11276,5381 16446282    8,32%
  22214 16196    12156,6481  2117    12299,3622    11276,5381 16417949    8,32%
Elapsed time = 10580,29 sec. (1375749,79 ticks, tree = 970,08 MB, solutions = 16)
  22308 16073        cutoff          12299,3622    11276,5381 16277309    8,32%
  22350 16380    11481,6724  3453    12299,3622    11276,5381 16592084    8,32%
  22400 16163    11486,2968  3467    12299,3622    11277,5736 16371377    8,31%
  22453 16165    11568,2921  3202    12299,3622    11277,5736 16375862    8,31%
  22521 16661    11540,1469  3509    12299,3622    11277,5736 16833357    8,31%
  22573 16574    11917,9058  2690    12299,3622    11277,5736 16751787    8,31%
  22652 16784    12211,0428  2604    12299,3622    11277,5736 16939344    8,31%
  22733 16669    12041,3148  2455    12299,3622    11279,1749 16819409    8,29%
  22810 16678    12198,9310  2395    12299,3622    11279,1749 16824962    8,29%
  22887 16809    12080,7043  2723    12299,3622    11279,1749 16970135    8,29%
Elapsed time = 10927,07 sec. (1414588,06 ticks, tree = 1017,56 MB, solutions = 16)
  22963 16688    11560,3958  3694    12299,3622    11279,1749 16834912    8,29%
  23042 17009    12151,1819  2214    12299,3622    11280,3005 17161632    8,29%
  23114 16898    11680,8123  2711    12299,3622    11280,3005 17071217    8,29%
  23177 17159    12220,5813  2518    12299,3622    11280,3005 17266570    8,29%
  23216 16953    11636,0210  2882    12299,3622    11281,1873 17111404    8,28%
  23262 17288    11817,3363  2503    12299,3622    11281,1873 17407172    8,28%
  23322 17244    11583,1706  3244    12299,3622    11281,4526 17377555    8,28%
  23405 17174    11645,3915  3017    12299,3622    11281,5573 17283932    8,28%
  23476 17182    11721,0235  2542    12299,3622    11281,5573 17288679    8,28%
  23553 17442    12093,3768  2337    12299,3622    11281,5767 17518439    8,28%
Elapsed time = 11265,47 sec. (1453208,46 ticks, tree = 1066,39 MB, solutions = 16)
  23610 17530    11873,2836  2441    12299,3622    11281,9377 17608268    8,27%
  23655 17633    11647,5592  2909    12299,3622    11281,9377 17735840    8,27%
  23707 17555    12159,6753  1278    12299,3622    11281,9377 17651526    8,27%
  23777 17503    12067,4491  2429    12299,3622    11281,9377 17593054    8,27%
  23842 17477    12127,0047  2523    12299,3622    11281,9725 17568841    8,27%
  23902 17782    11967,1103  2089    12299,3622    11282,0511 17875630    8,27%
  23952 17790    12099,4344  1815    12299,3622    11283,4453 17880999    8,26%
  24015 17807    12212,0468  1643    12299,3622    11283,6861 17886579    8,26%
  24076 17722    11835,7053  2608    12299,3622    11283,6861 17828912    8,26%
  24129 17837    11863,8608  2661    12299,3622    11284,2645 17950801    8,25%
Elapsed time = 11610,18 sec. (1492038,38 ticks, tree = 1086,76 MB, solutions = 16)
  24187 17856    11766,7221  2832    12299,3622    11284,2645 17989871    8,25%
  24253 17863    11860,9820  2856    12299,3622    11284,2645 17994724    8,25%
  24316 18202    11657,7799  2723    12299,3622    11284,2645 18268979    8,25%
  24381 18036    11525,0464  3340    12299,3622    11285,3223 18136798    8,24%
  24426 18320    12025,2184  3211    12299,3622    11285,3223 18437062    8,24%
  24488 18227    11968,1482  2587    12299,3622    11285,3223 18283677    8,24%
  24552 18154    11701,9085  3107    12299,3622    11285,3223 18237452    8,24%
  24608 18157    11910,0822  3107    12299,3622    11285,7343 18257741    8,24%
  24655 18531    11750,6710  2746    12299,3622    11285,7343 18624955    8,24%
  24716 18414    11728,4630  2338    12299,3622    11285,9186 18530945    8,24%
Elapsed time = 11996,17 sec. (1530798,12 ticks, tree = 1102,46 MB, solutions = 16)
  24786 18566    12060,6952  2753    12299,3622    11285,9186 18662164    8,24%
  24858 18576    12294,1225  2513    12299,3622    11285,9186 18667885    8,24%
  24909 18426    11760,9696  2332    12299,3622    11285,9186 18545452    8,24%
  24949 18531    12149,2499  2406    12299,3622    11285,9186 18611047    8,24%
  25010 18836    12255,5787  1313    12299,3622    11285,9186 18915417    8,24%
  25056 18649    12029,6842  2432    12299,3622    11286,6663 18718676    8,23%
  25098 18863    11840,6266  2327    12299,3622    11286,6663 18955473    8,23%
  25129 18821    12203,1459  1778    12299,3622    11286,6663 18890747    8,23%
  25174 19069    11809,8646  3059    12299,3622    11287,6084 19124723    8,23%
  25200 19074    11946,4348  2368    12299,3622    11287,6084 19129791    8,23%
Elapsed time = 12323,06 sec. (1569655,23 ticks, tree = 1147,55 MB, solutions = 16)
  25253 19034    12209,3949  2151    12299,3622    11287,6084 19085342    8,23%
  25324 19061    11501,9347  3419    12299,3622    11287,9038 19119125    8,22%
  25369 19213    11973,6063  3024    12299,3622    11287,9038 19301037    8,22%
  25427 19136    11650,7007  3339    12299,3622    11287,9038 19217791    8,22%
  25482 19231    12112,7299  2725    12299,3622    11287,9038 19330679    8,22%
  25537 19143    11785,3429  2789    12299,3622    11287,9038 19227204    8,22%
  25592 19183    12043,8522  2682    12299,3622    11287,9038 19251198    8,22%
  25662 19324    11925,9700  2348    12299,3622    11287,9038 19422505    8,22%
  25741 19241    12273,1503  3516    12299,3622    11287,9038 19348811    8,22%
  25796 19346    12124,2176  2302    12299,3622    11292,6334 19432778    8,19%
Elapsed time = 12622,78 sec. (1608356,55 ticks, tree = 1169,39 MB, solutions = 16)
  25846 19363    12280,3652  1809    12299,3622    11292,6334 19438670    8,19%
  25905 19261        cutoff          12299,3622    11292,6334 19384010    8,19%
  25955 19595    11883,8937  2782    12299,3622    11292,6334 19690972    8,19%
  25998 19598    12237,4047  2721    12299,3622    11292,6334 19695966    8,19%
  26043 19795    11946,9123  3606    12299,3622    11293,5615 19906126    8,18%
  26100 19586    11417,7012  3744    12299,3622    11293,5615 19672651    8,18%
  26150 19636    12089,5083  2056    12299,3622    11294,1692 19743830    8,17%
  26216 19803    12167,3248  2242    12299,3622    11294,1692 19890658    8,17%
  26283 19847    12190,7083  2545    12299,3622    11294,1692 19960916    8,17%
  26343 19854    11881,3695  2438    12299,3622    11294,1692 19994135    8,17%
Elapsed time = 12955,54 sec. (1647010,09 ticks, tree = 1208,03 MB, solutions = 16)
  26400 19757    12157,8521  2442    12299,3622    11294,1692 19866794    8,17%
  26464 19872    12182,4185  2198    12299,3622    11294,1692 20004504    8,17%
  26523 20038    11867,8364  3447    12299,3622    11297,1864 20226032    8,15%
  26582 20036    11903,7052  2830    12299,3622    11297,1864 20197870    8,15%
  26645 20055    11990,5326  3055    12299,3622    11297,1864 20235438    8,15%
  26721 20180    11908,2412  2450    12299,3622    11297,1864 20353810    8,15%
  26786 20190    12013,4956  2246    12299,3622    11297,1864 20358757    8,15%
  26893 20469    12297,0702  1786    12299,3622    11297,7018 20635972    8,14%
  26968 20418    12146,6157  1795    12299,3622    11297,7018 20603270    8,14%
  27021 20099    12103,6390  2388    12299,3622    11297,7018 20291649    8,14%
Elapsed time = 13293,78 sec. (1685637,05 ticks, tree = 1226,79 MB, solutions = 16)
  27059 20489    12144,4378  2370    12299,3622    11299,5454 20678849    8,13%
  27117 20262        cutoff          12299,3622    11299,5454 20488009    8,13%
  27179 20306    11620,0672  3144    12299,3622    11299,5454 20527472    8,13%
  27228 20502    12171,2453  2006    12299,3622    11299,5454 20664998    8,13%
  27292 20833    12029,6230  1969    12299,3622    11299,6140 20969749    8,13%
  27361 20703    12290,5731  2111    12299,3622    11299,6140 20860547    8,13%
  27452 20568    12266,4007  2004    12299,3622    11302,9993 20744513    8,10%
  27522 20760        cutoff          12299,3622    11302,9993 20914556    8,10%
  27601 20988    11699,4835  2951    12299,3622    11303,2982 21130301    8,10%
  27660 20929    12072,4563  2218    12299,3622    11303,3581 21063882    8,10%
Elapsed time = 13629,11 sec. (1724191,86 ticks, tree = 1251,24 MB, solutions = 16)
  27715 20889    12129,3018  2514    12299,3622    11304,0962 21032727    8,09%
  27779 21158    11736,2682  2864    12299,3622    11304,0962 21289401    8,09%
  27820 21222    11813,3351  2080    12299,3622    11304,0962 21371390    8,09%
  27869 21357    11692,9003  3676    12299,3622    11304,0962 21482986    8,09%
  27925 21245    12028,4752  1458    12299,3622    11304,0962 21381305    8,09%
  28011 21264    11716,5609  3000    12299,3622    11304,0962 21417108    8,09%
  28084 21044    11791,9839  2701    12299,3622    11304,0962 21195997    8,09%
  28152 21543    11852,9814  2679    12299,3622    11304,0962 21647934    8,09%
  28234 21288    11914,4158  2554    12299,3622    11304,0962 21431163    8,09%
  28279 21452    11834,2566  2874    12299,3622    11304,0962 21588825    8,09%
Elapsed time = 13962,57 sec. (1762791,02 ticks, tree = 1276,42 MB, solutions = 16)
  28338 21839    12231,9305  2136    12299,3622    11305,1518 21884524    8,08%
  28396 21576    12271,4661  2108    12299,3622    11305,1518 21668672    8,08%
  28440 21602    11847,9894  2661    12299,3622    11305,1518 21708801    8,08%
  28489 21781    11855,6359  3697    12299,3622    11305,1518 21855110    8,08%
  28566 21680    11896,2181  3331    12299,3622    11309,8806 21774849    8,04%
  28619 21902    11778,2365  2883    12299,3622    11309,8806 21980094    8,04%
  28673 21628    12195,8106  2188    12299,3622    11309,8806 21729269    8,04%
  28734 21617    11945,3988  2810    12299,3622    11309,8806 21751021    8,04%
  28804 21932    12140,0199  2345    12299,3622    11309,8806 21960156    8,04%
  28883 22150    11719,9030  2169    12299,3622    11310,0178 22213263    8,04%
Elapsed time = 14288,44 sec. (1801338,46 ticks, tree = 1330,26 MB, solutions = 16)
  28955 22001    11804,6589  2420    12299,3622    11310,0178 22042427    8,04%
  29015 22174    11953,6436  1461    12299,3622    11310,8000 22223078    8,04%
  29088 22200    12265,5916   791    12299,3622    11310,8000 22229039    8,04%
  29154 22295    11682,2986  3154    12299,3622    11310,8000 22392570    8,04%
  29188 22252        cutoff          12299,3622    11310,8000 22348596    8,04%
  29228 22115    11946,6432  3344    12299,3622    11310,8000 22170706    8,04%
  29287 22322    11870,8664  2982    12299,3622    11310,8707 22406258    8,04%
  29344 22500    11761,3008  2462    12299,3622    11312,3348 22563748    8,03%
  29379 22558    12202,2923  2699    12299,3622    11312,3348 22634278    8,03%
  29411 22681    11736,9270  2763    12299,3622    11314,3551 22753015    8,01%
Elapsed time = 14661,04 sec. (1840054,03 ticks, tree = 1368,67 MB, solutions = 16)
  29442 22337    11604,1902  3426    12299,3622    11314,3551 22456358    8,01%
  29476 22562    12116,9563  2300    12299,3622    11314,3551 22621124    8,01%
  29513 22809    12142,4531  2531    12299,3622    11314,3551 22878695    8,01%
  29561 22920    11711,0572  3109    12299,3622    11314,3551 22992037    8,01%
  29608 22923    11794,3349  2779    12299,3622    11314,3551 22995083    8,01%
  29658 22736    12146,7814  1802    12299,3622    11314,4374 22777208    8,01%
  29700 22659    11885,5821  2975    12299,3622    11314,4374 22740703    8,01%
  29747 22866    12151,2099  2785    12299,3622    11314,4374 22971745    8,01%
  29816 22880    12287,0194  2171    12299,3622    11314,4374 22977629    8,01%
  29869 22855    12153,9949  2293    12299,3622    11314,6914 22941511    8,01%
Elapsed time = 15011,15 sec. (1878857,37 ticks, tree = 1371,71 MB, solutions = 16)
  29930 23015        cutoff          12299,3622    11314,6914 23141367    8,01%
  29991 23124    11666,6682  2746    12299,3622    11316,5328 23237541    7,99%
  30057 23031    11921,8586  3093    12299,3622    11316,5328 23177242    7,99%
* 30059 23198      integral     0    12259,3018    11316,5328 23304888    7,69%
  30137 23338    12269,9283  1843    12259,3018    11316,5328 23428326    7,69%
  30212 23064    11576,1490  3111    12259,3018    11316,5328 23216590    7,69%
  30249 23340    11581,2607  3343    12259,3018    11316,5328 23437080    7,69%
  30309 23293    12031,7337  1742    12259,3018    11316,5328 23373158    7,69%
  30381 23316    12248,7907  1082    12259,3018    11317,9081 23379026    7,68%
  30432 22554    11861,3619  2573    12259,3018    11317,9081 23647152    7,68%
  30494 23365    12127,2589  2137    12259,3018    11317,9081 23485482    7,68%
Elapsed time = 15339,90 sec. (1917744,08 ticks, tree = 1387,68 MB, solutions = 17)
  30564 22473    11842,0436  2358    12259,3018    11320,6164 23529975    7,66%
  30637 22586    12200,4693  2172    12259,3018    11320,6164 23662656    7,66%
  30705 22692    11763,5338  1890    12259,3018    11320,6164 23825364    7,66%
  30746 22698    11822,4576  1904    12259,3018    11320,6164 23830413    7,66%
  30792 22658    12213,6654  2610    12259,3018    11320,6164 23758416    7,66%
  30853 22600    11745,8770  2563    12259,3018    11320,6164 23680549    7,66%
  30911 22924        cutoff          12259,3018    11320,6164 24023176    7,66%
  30997 23007    11926,1063  2339    12259,3018    11324,5708 24135438    7,62%
  31062 22848    12131,7404  2065    12259,3018    11324,7652 23943775    7,62%
* 31085 23098      integral     0    12240,6147    11324,7652 24187143    7,48%
  31148 22782    12244,8661  2430    12240,6147    11324,8482 23905301    7,48%
Elapsed time = 15675,34 sec. (1956599,72 ticks, tree = 1355,38 MB, solutions = 18)
  31215 23002    11890,2641  2676    12240,6147    11325,6970 24105184    7,47%
  31294 22649    12221,7578    90    12240,6147    11325,6970 24385387    7,47%
  31351 22680    11608,3010  3467    12240,6147    11325,6970 24481264    7,47%
  31396 22565    11673,2212  2871    12240,6147    11325,6970 24341878    7,47%
  31445 22758    12153,2095  2563    12240,6147    11325,6970 24581211    7,47%
  31520 22581    11776,2785  2724    12240,6147    11325,7124 24351075    7,47%
  31600 22776    11688,0917  2444    12240,6147    11325,7124 24617929    7,47%
  31674 22707    12112,5286  2703    12240,6147    11325,7124 24504586    7,47%
  31755 22946    12224,3140  2615    12240,6147    11325,7124 24761938    7,47%
  31857 23072    12111,6622  2088    12240,6147    11325,7124 24844656    7,47%
Elapsed time = 16025,02 sec. (1995721,37 ticks, tree = 1389,09 MB, solutions = 18)
  31927 23086    12207,3120  2015    12240,6147    11328,6051 24853363    7,45%

Zero-half cuts applied:  756
Lift and project cuts applied:  6

Root node processing (before b&c):
  Real time             =   90,55 sec. (39440,17 ticks)
Parallel b&c, 12 threads:
  Real time             = 15963,06 sec. (1960777,16 ticks)
  Sync time (average)   = 1857,82 sec.
  Wait time (average)   =    0,17 sec.
                          ------------
Total (root+branch&cut) = 16053,60 sec. (2000217,33 ticks)

