
Version identifier: 22.1.1.0 | 2022-11-28 | 9160aff4d
CPXPARAM_MultiObjective_Display                  0
CPXPARAM_WorkMem                                 8192
CPXPARAM_DetTimeLimit                            2000000
Tried aggregator 3 times.
MIP Presolve eliminated 21480 rows and 128315 columns.
Aggregator did 325 substitutions.
Reduced MIP has 1428 rows, 4646 columns, and 10718 nonzeros.
Reduced MIP has 4632 binaries, 14 generals, 0 SOSs, and 0 indicators.
Presolve time = 0,10 sec. (81,70 ticks)
Found incumbent of value 104238,460000 after 0,13 sec. (102,83 ticks)
Probing time = 0,01 sec. (4,67 ticks)
Tried aggregator 2 times.
Detecting symmetries...
MIP Presolve eliminated 1 rows and 0 columns.
Aggregator did 11 substitutions.
Reduced MIP has 1416 rows, 4635 columns, and 10699 nonzeros.
Reduced MIP has 4628 binaries, 7 generals, 0 SOSs, and 0 indicators.
Presolve time = 0,01 sec. (10,68 ticks)
Probing time = 0,01 sec. (4,62 ticks)
Clique table members: 6388.
MIP emphasis: balance optimality and feasibility.
MIP search method: dynamic search.
Parallel mode: deterministic, using up to 12 threads.
Root relaxation solution time = 0,12 sec. (124,05 ticks)

        Nodes                                         Cuts/
   Node  Left     Objective  IInf  Best Integer    Best Bound    ItCnt     Gap

*     0+    0                       104238,4600  -465451,0000           546,53%
      0     0    11365,2633   361   104238,4600    11365,2633     2822   89,10%
*     0+    0                        18167,5970    11365,2633            37,44%
*     0+    0                        11472,0300    11365,2633             0,93%
      0     0        cutoff          11472,0300    11472,0300     2868    0,00%
Elapsed time = 0,56 sec. (439,71 ticks, tree = 0,01 MB, solutions = 3)

Zero-half cuts applied:  9
Lift and project cuts applied:  1
Gomory fractional cuts applied:  1

Root node processing (before b&c):
  Real time             =    0,56 sec. (445,12 ticks)
Parallel b&c, 12 threads:
  Real time             =    0,00 sec. (0,00 ticks)
  Sync time (average)   =    0,00 sec.
  Wait time (average)   =    0,00 sec.
                          ------------
Total (root+branch&cut) =    0,56 sec. (445,12 ticks)

