
Version identifier: 22.1.1.0 | 2022-11-28 | 9160aff4d
CPXPARAM_MultiObjective_Display                  0
CPXPARAM_TimeLimit                               2000000
CPXPARAM_WorkMem                                 8192
CPXPARAM_DetTimeLimit                            2000000
Tried aggregator 3 times.
MIP Presolve eliminated 124272 rows and 1083024 columns.
Aggregator did 1288 substitutions.
Reduced MIP has 6191 rows, 35370 columns, and 77101 nonzeros.
Reduced MIP has 35340 binaries, 30 generals, 0 SOSs, and 0 indicators.
Presolve time = 0,93 sec. (658,01 ticks)
Found incumbent of value 179418,060949 after 1,11 sec. (808,82 ticks)
Tried aggregator 2 times.
Detecting symmetries...
Aggregator did 16 substitutions.
Reduced MIP has 6175 rows, 35354 columns, and 77069 nonzeros.
Reduced MIP has 35339 binaries, 15 generals, 0 SOSs, and 0 indicators.
Presolve time = 0,08 sec. (71,09 ticks)
Probing time = 0,08 sec. (15,32 ticks)
Clique table members: 42776.
MIP emphasis: balance optimality and feasibility.
MIP search method: dynamic search.
Parallel mode: deterministic, using up to 12 threads.
Root relaxation solution time = 1,02 sec. (615,89 ticks)

        Nodes                                         Cuts/
   Node  Left     Objective  IInf  Best Integer    Best Bound    ItCnt     Gap

*     0+    0                       179418,0609 -2133463,1971              --- 
*     0+    0                       159804,8669 -2133463,1971              --- 
*     0+    0                       159787,6679 -2133463,1971              --- 
*     0+    0                       159770,4689 -2133463,1971              --- 
*     0+    0                       159753,2699 -2133463,1971              --- 
*     0+    0                       159737,1509 -2133463,1971              --- 
*     0+    0                       159721,3559 -2133463,1971              --- 
*     0+    0                       159705,5609 -2133463,1971              --- 
*     0+    0                       159689,7659 -2133463,1971              --- 
*     0+    0                       159673,9709 -2133463,1971              --- 
      0     0    11448,2544  2534   159673,9709    11448,2544       43   92,83%
      0     0    11479,3852  2490   159673,9709      Cuts: 14     1056   92,81%
*     0+    0                       134088,1056    11479,3852            91,44%
*     0+    0                        55209,1877    11479,3852            79,21%
      0     0    11490,2722  2815    55209,1877  ZeroHalf: 10     1695   79,19%
      0     0    11495,1503  2869    55209,1877   ZeroHalf: 8     2056   79,18%
*     0+    0                        50138,6446    11495,1503            77,07%
      0     0  -1,00000e+75     0    50138,6446    11495,1503     2056   77,07%
      0     0    11509,0603  2777    50138,6446      Cuts: 13     2739   77,05%
      0     0    11516,4917  2890    50138,6446  ZeroHalf: 17     3427   77,03%
Detecting symmetries...
      0     0    11516,9549  2868    50138,6446   ZeroHalf: 1     3548   77,03%
*     0+    0                        24584,5809    11516,9549            53,15%
Detecting symmetries...
      0     2    11516,9549  2868    24584,5809    11516,9549     3548   53,15%
Elapsed time = 31,61 sec. (16189,87 ticks, tree = 0,02 MB, solutions = 14)
      1     3    11525,5472  2920    24584,5809    11517,0618     4255   53,15%
      2     3    11565,2056  2541    24584,5809    11517,0618     4371   53,15%
      4     4    11550,4663  2608    24584,5809    11517,0618     5582   53,15%
      7     5    11592,3543  2523    24584,5809    11525,5473     6887   53,12%
      8     7    11561,1586  2551    24584,5809    11538,0748     8265   53,07%
     11     9    11560,0780  2728    24584,5809    11538,0748    10412   53,07%
     14     7    11577,4431  2558    24584,5809    11538,0748     9207   53,07%
     22    14    11575,1917  2711    24584,5809    11550,4669    17692   53,02%
     28    22    11655,6884  2292    24584,5809    11560,0828    26982   52,98%
*    42+   11                        24143,7961    11560,0828            52,12%
     43    27    11626,2713  2475    24143,7961    11560,0828    31615   52,12%
Elapsed time = 51,28 sec. (20884,40 ticks, tree = 0,18 MB, solutions = 14)
     53    42    11644,1434  2186    24143,7961    11560,0828    42824   52,12%
     62    51    11730,3508  1954    24143,7961    11560,0828    51894   52,12%
     74    66    11695,9662  1986    24143,7961    11560,0828    70083   52,12%
     92    79    11776,9274  1906    24143,7961    11560,0828    83896   52,12%
    110    84    11707,2176  2217    24143,7961    11560,0828    90528   52,12%
    130   110    11665,0727  2012    24143,7961    11560,0828   111628   52,12%
*   155+   57                        14132,4158    11560,0828            18,20%
    155    59    11639,0823  2358    14132,4158    11560,0828    58258   18,20%
    175   133    11948,1400  1701    14132,4158    11560,0828   128117   18,20%
    200   170    11833,9272  1853    14132,4158    11560,0828   155814   18,20%
    228   211    12249,2255  1284    14132,4158    11560,0828   182075   18,20%
Elapsed time = 116,49 sec. (30906,53 ticks, tree = 3,65 MB, solutions = 16)
*   259+  213                        13284,5820    11560,0828            12,98%
    259   220    12172,0281  1384    13284,5820    11560,0828   188842   12,98%
    286   264    12392,0610  1290    13284,5820    11560,0828   212362   12,98%
    318   264    12203,7316  1258    13284,5820    11560,0828   211798   12,98%
    362   273    12240,6477  1271    13284,5820    11560,0828   217485   12,98%
    422   325    12618,0779  1037    13284,5820    11560,0828   243753   12,98%
    473   387    12954,8341   812    13284,5820    11560,0828   271699   12,98%
*   485   402      integral     0    12771,5058    11560,0828   283597    9,49%
    522   412    12542,2421  1076    12771,5058    11560,0828   300678    9,49%
    563   395    11761,2086  2009    12771,5058    11572,2329   282634    9,39%
    598   444    12613,1948   999    12771,5058    11572,2329   326322    9,39%
Elapsed time = 182,74 sec. (39735,14 ticks, tree = 14,43 MB, solutions = 18)
    625   478    11650,7266  2586    12771,5058    11572,2329   354395    9,39%
    648   486    11943,5568  1746    12771,5058    11572,2329   360139    9,39%
    675   527    12421,6247  1038    12771,5058    11577,4755   385342    9,35%
    703   540    11695,3787  1915    12771,5058    11577,4755   399124    9,35%
    731   515    11842,2585  1819    12771,5058    11577,4755   379468    9,35%
    749   560    12235,8767  1577    12771,5058    11578,3130   413905    9,34%
    773   604    11818,1362  1884    12771,5058    11578,3130   451215    9,34%
    797   606    11887,4229  1719    12771,5058    11578,3130   452642    9,34%
    834   629    11769,3504  2058    12771,5058    11578,3130   472856    9,34%
    865   647    11632,2776  2093    12771,5058    11578,3130   480322    9,34%
Elapsed time = 255,61 sec. (49480,99 ticks, tree = 23,15 MB, solutions = 18)
    897   703    12302,0937  1374    12771,5058    11578,3130   514003    9,34%
    924   706    12599,8151   786    12771,5058    11578,3130   516363    9,34%
    969   723    11829,7231  1931    12771,5058    11585,9159   522654    9,28%
   1009   763    12268,9792  1037    12771,5058    11585,9159   547651    9,28%
   1058   792    11844,6884  2541    12771,5058    11585,9159   570429    9,28%
   1080   781    11648,0446  2191    12771,5058    11585,9159   556739    9,28%
   1108   833    12040,7109  1694    12771,5058    11585,9159   596761    9,28%
   1139   803    11678,1685  2172    12771,5058    11585,9159   576054    9,28%
   1177   911    12059,9228  1982    12771,5058    11585,9159   641273    9,28%
   1214   950    12575,6294  1274    12771,5058    11607,9229   663712    9,11%
Elapsed time = 327,97 sec. (59351,76 ticks, tree = 41,44 MB, solutions = 18)
   1255   956    12609,0751  1045    12771,5058    11607,9229   666153    9,11%
   1291  1002    11934,6526  1791    12771,5058    11607,9229   692336    9,11%
   1322   933    11789,0062  2036    12771,5058    11607,9229   656239    9,11%
   1351  1076    11746,3980  1848    12771,5058    11607,9229   733236    9,11%
   1398   992    12529,3305  1496    12771,5058    11607,9229   684657    9,11%
   1448  1144    12355,0199  1374    12771,5058    11607,9229   769948    9,11%
   1491  1148    12453,0571  1072    12771,5058    11607,9229   771015    9,11%
   1539  1189    12751,0708  1408    12771,5058    11607,9229   786731    9,11%
   1577  1258    12457,4086  1701    12771,5058    11607,9229   819608    9,11%
   1616  1224    12547,2694  1555    12771,5058    11607,9229   804475    9,11%
Elapsed time = 402,13 sec. (69221,27 ticks, tree = 58,90 MB, solutions = 18)
   1664  1325    11652,4155  2469    12771,5058    11607,9229   853117    9,11%
   1703  1244    12590,8821  1415    12771,5058    11608,0896   814376    9,11%
   1744  1415    12765,1408  1413    12771,5058    11611,0588   897340    9,09%
   1777  1396    11745,1260  2177    12771,5058    11611,0588   890960    9,09%
   1813  1353    12009,1266  1722    12771,5058    11611,0588   866834    9,09%
   1855  1373    11803,5978  2043    12771,5058    11611,0588   878437    9,09%
   1893  1534    12327,9354  1733    12771,5058    11616,2378   956216    9,05%
   1925  1469    11753,2196  1970    12771,5058    11616,2378   925571    9,05%
   1962  1533    12728,7129  1589    12771,5058    11616,2378   955056    9,05%
   2006  1421    11781,2369  2448    12771,5058    11616,2378   902619    9,05%
Elapsed time = 475,09 sec. (79016,76 ticks, tree = 71,24 MB, solutions = 18)
   2039  1634    11736,1143  2269    12771,5058    11622,6147  1009978    9,00%
   2079  1584    12145,4588  1784    12771,5058    11622,6147   985006    9,00%
   2115  1708    12580,4969  1578    12771,5058    11622,6147  1045947    9,00%
   2154  1753    11945,2667  1882    12771,5058    11625,5094  1067616    8,97%
   2189  1724    12645,9044  1485    12771,5058    11627,0972  1053202    8,96%
   2234  1838    12242,6592  1936    12771,5058    11627,0972  1114372    8,96%
   2276  1747        cutoff          12771,5058    11627,0972  1062992    8,96%
   2317  1826    12144,1771  1723    12771,5058    11627,1074  1104310    8,96%
   2356  1961    12342,2113  1719    12771,5058    11627,5244  1181089    8,96%
   2387  1882    11883,0955  1980    12771,5058    11627,5244  1141627    8,96%
Elapsed time = 547,53 sec. (88702,09 ticks, tree = 100,91 MB, solutions = 18)
   2430  1969    12603,7349  1667    12771,5058    11627,5244  1184749    8,96%
   2469  1953    11851,4512  1981    12771,5058    11628,9774  1178275    8,95%
   2507  2006    11711,7183  2161    12771,5058    11628,9774  1202542    8,95%
   2534  2069    12412,7028  1583    12771,5058    11628,9774  1233331    8,95%
   2562  2150    11689,7051  2213    12771,5058    11631,7045  1283903    8,92%
   2598  2086    12479,1948  1682    12771,5058    11631,7045  1239560    8,92%
   2631  2090    12604,4074  1544    12771,5058    11632,2393  1241528    8,92%
   2669  2233    12729,6883  1542    12771,5058    11632,2393  1323657    8,92%
   2709  2269    11879,4165  1740    12771,5058    11632,2393  1343396    8,92%
   2742  2200    11783,0251  1793    12771,5058    11632,2393  1311653    8,92%
Elapsed time = 621,90 sec. (98405,37 ticks, tree = 115,24 MB, solutions = 18)
   2777  2221    12087,0025  1720    12771,5058    11632,3138  1320084    8,92%
   2814  2278    12232,4867  1469    12771,5058    11632,3355  1349072    8,92%
   2848  2332    12403,6233  1921    12771,5058    11632,3355  1385618    8,92%
   2893  2443    12621,3370   911    12771,5058    11635,5509  1443630    8,89%
   2943  2374    12685,7213  1489    12771,5058    11635,5509  1405586    8,89%
   2980  2458    11719,1433  2332    12771,5058    11635,5509  1455918    8,89%
   3020  2521        cutoff          12771,5058    11635,5509  1489265    8,89%
   3052  2481    11785,7863  1888    12771,5058    11635,5798  1467634    8,89%
   3094  2524    11791,5804  1937    12771,5058    11635,5798  1492308    8,89%
   3204  2662    11667,5813  2037    12771,5058    11636,4362  1579148    8,89%
Elapsed time = 718,41 sec. (111063,43 ticks, tree = 137,86 MB, solutions = 18)
   3240  2778    11959,3761  1796    12771,5058    11639,4528  1647664    8,86%
   3342  2817    12147,9602  1801    12771,5058    11640,0733  1669715    8,86%
   3531  2859    12744,9719  1317    12771,5058    11640,0733  1692328    8,86%
   3699  3066    11802,8171  2035    12771,5058    11640,0925  1793124    8,86%
   3822  3177    12024,9441  1746    12771,5058    11642,8611  1852319    8,84%
   3896  3258    12242,7180  1778    12771,5058    11642,8611  1896340    8,84%

Performing restart 1

Repeating presolve.
Tried aggregator 2 times.
MIP Presolve eliminated 158 rows and 2600 columns.
Aggregator did 6 substitutions.
Reduced MIP has 6011 rows, 32748 columns, and 71665 nonzeros.
Reduced MIP has 32733 binaries, 15 generals, 0 SOSs, and 0 indicators.
Presolve time = 0,06 sec. (54,52 ticks)
Tried aggregator 1 time.
Reduced MIP has 6011 rows, 32748 columns, and 71665 nonzeros.
Reduced MIP has 32733 binaries, 15 generals, 0 SOSs, and 0 indicators.
Presolve time = 0,07 sec. (53,76 ticks)
Represolve time = 1,49 sec. (1128,94 ticks)
   3901     0    11521,7416  2970    12771,5058   ZeroHalf: 5  2008401    8,83%
   3901     0    11524,3925  2999    12771,5058   ZeroHalf: 6  2008759    8,83%
   3901     0    11529,0136  3033    12771,5058   ZeroHalf: 4  2009171    8,83%
   3901     0    11537,1965  2989    12771,5058       Cuts: 8  2009723    8,83%
   3901     0    11541,6487  3104    12771,5058   ZeroHalf: 8  2010189    8,83%
   3901     2    11541,6487  3104    12771,5058    11644,2681  2010189    8,83%
   3903     3    11545,7736  2973    12771,5058    11644,2681  2011129    8,83%
   3920     7    11658,1724  2756    12771,5058    11644,2681  2018769    8,83%
   3963    33    11719,8767  2372    12771,5058    11644,2681  2068070    8,83%
Elapsed time = 1019,01 sec. (194253,43 ticks, tree = 0,28 MB, solutions = 18)
   4017    95    11670,1770  2530    12771,5058    11644,2681  2132525    8,83%
   4059   140    11763,5268  2326    12771,5058    11644,2681  2175554    8,83%
   4119   196    11682,0601  2448    12771,5058    11644,2681  2218880    8,83%
   4203   238    11732,4892  2485    12771,5058    11644,2681  2252007    8,83%
   4276   291    11809,4255  2632    12771,5058    11644,2681  2294161    8,83%
   4360   416    11858,4794  1876    12771,5058    11644,2681  2392630    8,83%
   4444   455    11781,6615  2598    12771,5058    11644,2681  2413699    8,83%
   4523   547    11906,9871  2128    12771,5058    11644,2681  2474967    8,83%
   4599   581    11906,9729  2136    12771,5058    11644,2681  2498041    8,83%
   4712   708    11814,5030  2102    12771,5058    11644,2681  2584128    8,83%
Elapsed time = 1281,04 sec. (232916,51 ticks, tree = 28,29 MB, solutions = 18)
   4818   816    12184,2015  1935    12771,5058    11644,2681  2649661    8,83%
   4931   923    12028,7539  2381    12771,5058    11644,2681  2721891    8,83%
   5041   997    12141,1157  2014    12771,5058    11644,2681  2762743    8,83%
   5152  1042    12139,0385  1876    12771,5058    11644,2681  2792943    8,83%
   5295  1135    12141,0432  1336    12771,5058    11644,2681  2854042    8,83%
   5416  1199    12230,6916  1797    12771,5058    11644,2681  2892981    8,83%
   5543  1374        cutoff          12771,5058    11644,2681  3006247    8,83%
   5682  1496    12429,6791  1561    12771,5058    11644,2681  3092384    8,83%
   5833  1682    12521,7478  1201    12771,5058    11644,2681  3215892    8,83%
   5982  1752    12455,2069  1847    12771,5058    11644,2681  3261130    8,83%
Elapsed time = 1550,83 sec. (271401,18 ticks, tree = 87,73 MB, solutions = 18)
   6090  1907    12573,6941  1579    12771,5058    11644,2681  3359810    8,83%
   6202  1966    12444,3052  1692    12771,5058    11644,2681  3402845    8,83%
   6327  2014    12319,8985  1499    12771,5058    11644,2681  3426194    8,83%
   6438  2093    12452,2905  1666    12771,5058    11644,2681  3492009    8,83%
   6498  2167    11901,4083  2306    12771,5058    11644,2681  3529919    8,83%
   6554  2313    12498,0391  1782    12771,5058    11644,2681  3622457    8,83%
   6608  2339    12663,3085  1918    12771,5058    11644,2681  3636912    8,83%
   6733  2431    12745,3661  1837    12771,5058    11644,2681  3686151    8,83%
   6884  2502    11942,1662  2309    12771,5058    11644,2681  3730025    8,83%
   7019  2484    12376,5505  1450    12771,5058    11644,2681  3717462    8,83%
Elapsed time = 1828,81 sec. (309946,00 ticks, tree = 133,21 MB, solutions = 18)
   7152  2730    12113,5974  2292    12771,5058    11644,2681  3882354    8,83%
   7284  2840        cutoff          12771,5058    11644,2681  3940869    8,83%
   7410  2797    11640,3693  2617    12771,5058    11644,2681  3922112    8,83%
   7541  3008    12457,0126  1710    12771,5058    11644,2681  4055397    8,83%
   7640  3036    12483,3675  2000    12771,5058    11644,2681  4076265    8,83%
   7797  3103    12462,9849  2139    12771,5058    11644,2681  4110619    8,83%
   7916  3152    12476,7126  2012    12771,5058    11644,2681  4153807    8,83%
   7982  3232    11789,8648  2445    12771,5058    11644,2681  4215039    8,83%
   8044  3458        cutoff          12771,5058    11644,2681  4382285    8,83%
   8113  3497    12338,2654  1719    12771,5058    11644,2681  4425284    8,83%
Elapsed time = 2095,86 sec. (348525,13 ticks, tree = 197,24 MB, solutions = 18)
   8194  3538    12464,4217  2158    12771,5058    11644,2681  4459297    8,83%
   8272  3640    12685,0209  1481    12771,5058    11644,2681  4559466    8,83%
   8327  3700    11848,4360  2436    12771,5058    11644,2681  4634495    8,83%
   8385  3706    11977,3834  2075    12771,5058    11644,2681  4640289    8,83%
   8464  3758    12413,7586  1970    12771,5058    11644,2681  4694870    8,83%
   8572  3823    12703,1668  1936    12771,5058    11644,2681  4777292    8,83%
   8692  3948    12656,6718  1546    12771,5058    11644,2681  4881342    8,83%
   8776  3934    12014,4432  2133    12771,5058    11644,2681  4877488    8,83%
   8827  4114    12251,7306  1679    12771,5058    11644,2681  4998512    8,83%
   8906  4111    12131,8493  2265    12771,5058    11644,2681  4992235    8,83%
Elapsed time = 2364,94 sec. (387277,13 ticks, tree = 229,96 MB, solutions = 18)
   9040  4165        cutoff          12771,5058    11644,2681  5040821    8,83%
   9184  4284    12737,8000  1706    12771,5058    11644,2681  5162092    8,83%
   9254  4300    11883,0354  2595    12771,5058    11644,2681  5192573    8,83%
   9314  4374    12422,8382  1903    12771,5058    11644,2681  5248903    8,83%
   9399  4537    12516,8030  1923    12771,5058    11644,2681  5349659    8,83%
   9491  4611    12370,2847  2128    12771,5058    11644,2681  5428228    8,83%
   9600  4625    12535,3680  1886    12771,5058    11644,2681  5434204    8,83%
   9701  4671    12650,5376  1990    12771,5058    11644,2681  5485898    8,83%
   9778  4824    12362,6168  2009    12771,5058    11644,2681  5615150    8,83%
   9838  4904    12146,3641  2322    12771,5058    11644,2681  5677795    8,83%
Elapsed time = 2639,10 sec. (425824,36 ticks, tree = 264,81 MB, solutions = 18)
   9899  4916    12157,4735  2281    12771,5058    11644,2681  5689909    8,83%
   9965  4984        cutoff          12771,5058    11644,2681  5748111    8,83%
  10016  5121    12663,1104  1924    12771,5058    11644,2681  5886002    8,83%
  10077  5115    12446,1707  2162    12771,5058    11644,2681  5876930    8,83%
  10165  5225    12690,5805  1888    12771,5058    11644,2681  5979700    8,83%
  10233  5262    12412,4446  2042    12771,5058    11644,2681  6014340    8,83%
  10321  5238    12681,0924  1487    12771,5058    11644,2681  5997660    8,83%
  10400  5340    12635,4942  1991    12771,5058    11644,2681  6058248    8,83%
  10486  5461    12606,8156  2091    12771,5058    11644,2681  6175965    8,83%
  10590  5543    12665,4664  1956    12771,5058    11644,2681  6270218    8,83%
Elapsed time = 2913,33 sec. (464352,69 ticks, tree = 297,42 MB, solutions = 18)
  10689  5519    12322,9551  2011    12771,5058    11644,2681  6247861    8,83%
  10756  5574    12654,6348  1997    12771,5058    11675,6379  6318908    8,58%
  10805  5700    12481,2595  1950    12771,5058    11675,6379  6438502    8,58%
  10862  5693    11988,1214  2120    12771,5058    11677,9180  6429711    8,56%
  10898  5716    11914,2657  2487    12771,5058    11678,0127  6461617    8,56%
  10941  5864        cutoff          12771,5058    11678,0127  6620509    8,56%
  10966  5841    12277,7398  1876    12771,5058    11678,0127  6582951    8,56%
  11027  5931    12560,7967  1905    12771,5058    11679,7158  6692385    8,55%
  11120  5897    12404,7068  1982    12771,5058    11679,7158  6650655    8,55%
  11183  5908    12746,9522  2320    12771,5058    11679,7158  6677856    8,55%
Elapsed time = 3198,68 sec. (503051,35 ticks, tree = 313,15 MB, solutions = 18)
  11248  5961    11900,7791  2730    12771,5058    11679,7158  6759193    8,55%
  11314  6051    11860,0449  2633    12771,5058    11679,7158  6848017    8,55%
  11384  6167    12471,4856  2012    12771,5058    11680,7176  7018847    8,54%
  11449  6175    12765,2060  2162    12771,5058    11681,9480  7025221    8,53%
  11529  6155    12456,3270  1871    12771,5058    11684,9479  6988163    8,51%
  11593  6379    12723,4161  1458    12771,5058    11685,1133  7259119    8,51%
  11660  6274    12377,1147  2007    12771,5058    11686,4036  7159509    8,50%
  11711  6363    12713,0749  1914    12771,5058    11686,4036  7239842    8,50%
  11766  6430    12721,1966  1718    12771,5058    11688,7356  7322440    8,48%
  11838  6491    12113,8629  2322    12771,5058    11688,7771  7427278    8,48%
Elapsed time = 3471,59 sec. (541741,56 ticks, tree = 343,33 MB, solutions = 18)
  11906  6508    12312,9787  2133    12771,5058    11688,7771  7446213    8,48%
  11970  6573    12604,4992  1953    12771,5058    11688,7771  7537833    8,48%
  12069  6691    12196,3902  2828    12771,5058    11689,4191  7677952    8,47%
  12133  6625    12304,2496  1979    12771,5058    11690,1339  7608173    8,47%
  12215  6773    12696,6068  1640    12771,5058    11690,8224  7802398    8,46%
  12322  6718    12211,9197  2044    12771,5058    11691,6110  7726853    8,46%
  12364  6781    12023,5917  2149    12771,5058    11691,6110  7812112    8,46%
  12423  6894    12386,9246  1726    12771,5058    11692,1700  7924471    8,45%
  12476  6905    12660,2477  1912    12771,5058    11692,1700  7930522    8,45%
  12525  6958    11810,7085  2747    12771,5058    11692,1700  7998983    8,45%
Elapsed time = 3754,31 sec. (580445,72 ticks, tree = 363,35 MB, solutions = 18)
  12582  7167    12417,5253  1856    12771,5058    11692,1700  8178185    8,45%
  12658  7180    12601,2317  1396    12771,5058    11696,1518  8183357    8,42%
  12765  7147    11996,0188  2429    12771,5058    11697,2400  8161537    8,41%
  12837  7251    12640,0146  1686    12771,5058    11697,2400  8250185    8,41%
  12907  7380        cutoff          12771,5058    11697,2537  8341147    8,41%
  12979  7333    12497,1431  1468    12771,5058    11697,2537  8313040    8,41%
* 12995  7335      integral     0    12540,5666    11697,2537  8314266    6,72%
  13052  7490    12064,2408  2017    12540,5666    11698,7463  8439339    6,71%
  13098  7468    11983,9799  2422    12540,5666    11698,7463  8423793    6,71%
  13161  5547    11940,0400  2320    12540,5666    11698,7463  8574842    6,71%
  13222  5611        cutoff          12540,5666    11698,7463  8651233    6,71%
Elapsed time = 4024,04 sec. (619108,69 ticks, tree = 287,95 MB, solutions = 19)
  13301  5567    12235,1030  2003    12540,5666    11701,5230  8602874    6,69%
  13362  5716    12195,2668  2425    12540,5666    11702,3552  8814887    6,68%
  13415  5723    12464,8638  2034    12540,5666    11703,7022  8820754    6,67%
  13474  5754    12143,6578  2412    12540,5666    11703,7022  8863369    6,67%
  13548  5854    12518,8141  1603    12540,5666    11705,0566  8989375    6,66%
  13601  5803    12143,7898  2411    12540,5666    11705,0566  8927452    6,66%
  13656  5930    12280,6642  1726    12540,5666    11705,0566  9106549    6,66%
  13725  5954        cutoff          12540,5666    11705,0566  9113370    6,66%
  13793  5900    12351,7297  2070    12540,5666    11707,5913  9063037    6,64%
  13852  6011    12055,4386  2310    12540,5666    11710,0054  9245999    6,62%
Elapsed time = 4299,44 sec. (657925,25 ticks, tree = 297,57 MB, solutions = 19)
  13901  6134        cutoff          12540,5666    11710,0054  9377644    6,62%
  13956  6143        cutoff          12540,5666    11710,2140  9396614    6,62%
  14023  6060    11794,4026  2868    12540,5666    11713,7453  9317354    6,59%
  14067  6179    11842,2848  2687    12540,5666    11713,7453  9476571    6,59%
  14101  6257    12476,5957  1504    12540,5666    11715,1438  9578626    6,58%
  14142  6213    12147,0058  2338    12540,5666    11715,1438  9518772    6,58%
  14170  6282    12321,6772  2194    12540,5666    11715,2425  9640886    6,58%
  14202  6269    12437,0403  1923    12540,5666    11715,2425  9608841    6,58%
  14233  6305    12252,4505  2021    12540,5666    11717,1992  9680382    6,57%
  14272  6415    12137,2587  1956    12540,5666    11717,1992  9857137    6,57%
Elapsed time = 4616,40 sec. (696972,38 ticks, tree = 320,62 MB, solutions = 19)
  14314  6424    12393,7585  2190    12540,5666    11717,2205  9870392    6,57%
  14370  6441    12423,4639  1647    12540,5666    11717,2205  9895130    6,57%
  14452  6437    12417,4725  1730    12540,5666    11717,2205  9874700    6,57%
  14527  6464        cutoff          12540,5666    11717,2467  9935535    6,57%
  14580  6551        cutoff          12540,5666    11717,2467 10064774    6,57%
  14626  6470    12325,3343  2261    12540,5666    11719,5089  9966999    6,55%
  14677  6653    12184,5928  2391    12540,5666    11719,5089 10176597    6,55%
  14730  6667    11867,9199  2625    12540,5666    11719,5089 10200048    6,55%
  14787  6621    12325,0821  1834    12540,5666    11723,0358 10143515    6,52%
  14857  6720    12405,0557  2351    12540,5666    11724,2738 10304577    6,51%
Elapsed time = 4881,87 sec. (735836,95 ticks, tree = 329,72 MB, solutions = 19)
  14906  6711    11845,3133  2858    12540,5666    11725,4153 10252238    6,50%
  14953  6735    12390,8895  2153    12540,5666    11725,8418 10334612    6,50%
  14995  6742    11963,8476  2823    12540,5666    11726,7221 10358461    6,49%
  15022  6780    11960,4065  2578    12540,5666    11727,0943 10425215    6,49%
  15059  6810    12364,2295  2504    12540,5666    11727,4485 10490218    6,48%
  15117  6920    12194,8862  2090    12540,5666    11727,7617 10656313    6,48%
  15174  6890    11936,9524  2638    12540,5666    11727,8457 10597833    6,48%
  15237  7040    12230,6557  2175    12540,5666    11727,8457 10894652    6,48%
  15296  6967    12539,9424  1932    12540,5666    11727,8457 10750950    6,48%
  15339  7121    12085,3822  2583    12540,5666    11728,0150 11009974    6,48%
Elapsed time = 5168,13 sec. (775376,89 ticks, tree = 342,78 MB, solutions = 19)
  15385  7169    12127,3651  2064    12540,5666    11729,7754 11091995    6,47%
  15442  7125    11955,7243  2442    12540,5666    11729,7754 11020809    6,47%
  15507  7238        cutoff          12540,5666    11731,1491 11208997    6,45%
  15542  7238    12118,2130  2608    12540,5666    11731,1491 11214225    6,45%
  15579  7194    12127,2393  2127    12540,5666    11731,1491 11153717    6,45%
  15621  7277    12373,7584  1886    12540,5666    11731,1491 11263088    6,45%
  15660  7243    11960,5313  2253    12540,5666    11731,1491 11228914    6,45%
  15684  7339    12496,7640  2353    12540,5666    11734,3380 11377672    6,43%
  15716  7358    12371,4661  2244    12540,5666    11734,4618 11423543    6,43%
  15739  7395    12330,4386  2291    12540,5666    11734,4875 11495712    6,43%
Elapsed time = 5473,06 sec. (815333,68 ticks, tree = 351,93 MB, solutions = 19)
  15761  7385    12080,9533  2544    12540,5666    11735,0046 11477506    6,42%
  15793  7469    12516,6695  2036    12540,5666    11735,0046 11665492    6,42%
  15829  7491    12466,1153  2458    12540,5666    11735,0046 11702075    6,42%
  15889  7443    12494,9935  2004    12540,5666    11735,0046 11607387    6,42%
  15950  7463    12422,7445  1928    12540,5666    11735,0046 11663094    6,42%
  15984  7523    12496,4774  1829    12540,5666    11738,3255 11737846    6,40%
  16031  7496    12315,5987  2350    12540,5666    11738,3255 11711891    6,40%
  16085  7580    12294,3395  2657    12540,5666    11738,3255 11830441    6,40%
  16169  7585        cutoff          12540,5666    11738,3255 11836175    6,40%
  16234  7596    12437,4995  1851    12540,5666    11741,2060 11828151    6,37%
Elapsed time = 5768,19 sec. (854690,06 ticks, tree = 360,61 MB, solutions = 19)
  16293  7621    11900,9400  2757    12540,5666    11741,2060 11894893    6,37%
  16348  7727        cutoff          12540,5666    11741,7231 12026990    6,37%
  16393  7694    12183,8830  2241    12540,5666    11743,9485 12009499    6,35%
  16449  7730    11966,6395  2475    12540,5666    11743,9485 12034683    6,35%
  16494  7769        cutoff          12540,5666    11743,9485 12087861    6,35%
  16532  7912    12146,8757  2513    12540,5666    11746,1771 12294141    6,33%
  16582  8011    12491,9651  1493    12540,5666    11746,8013 12460113    6,33%
  16632  7985    11968,2176  2338    12540,5666    11748,3536 12412367    6,32%
  16670  7943    12107,7927  2520    12540,5666    11748,3536 12366029    6,32%
  16713  7948    12298,3544  2039    12540,5666    11748,3536 12371517    6,32%
Elapsed time = 6050,36 sec. (893642,56 ticks, tree = 378,71 MB, solutions = 19)
  16770  8110    12002,9646  2391    12540,5666    11749,8659 12650935    6,31%
  16833  8165    12409,9228  1682    12540,5666    11749,8659 12726851    6,31%
  16885  8198    12046,6949  2811    12540,5666    11749,8659 12807245    6,31%
  16931  8180    12228,6552  1829    12540,5666    11749,8659 12763000    6,31%
  16998  8192        cutoff          12540,5666    11749,8659 12791243    6,31%
  17059  8180        cutoff          12540,5666    11753,5902 12748602    6,28%
  17116  8276    12086,6809  2232    12540,5666    11754,5172 12974592    6,27%
  17161  8375    12191,8425  2333    12540,5666    11755,1854 13087417    6,26%
  17226  8387        cutoff          12540,5666    11755,3442 13117352    6,26%
  17268  8352    12432,0595  1821    12540,5666    11755,3787 13069425    6,26%
Elapsed time = 6330,36 sec. (932503,99 ticks, tree = 393,84 MB, solutions = 19)
  17316  8352    11940,4751  2632    12540,5666    11755,3787 13074087    6,26%
  17361  8544    11919,2590  2529    12540,5666    11756,0632 13358413    6,26%
  17407  8546    11978,1898  2616    12540,5666    11756,5227 13363383    6,25%
  17456  8539    12143,9912  2462    12540,5666    11758,2176 13341148    6,24%
  17516  8532    12506,2270  1860    12540,5666    11758,3885 13320401    6,24%
  17555  8565    12187,0275  2148    12540,5666    11758,3885 13403693    6,24%
  17597  8593    12310,8272  2458    12540,5666    11758,7166 13436814    6,23%
  17652  8694    12127,0902  2459    12540,5666    11759,3949 13633301    6,23%
  17698  8728        cutoff          12540,5666    11759,3949 13693700    6,23%
  17742  8729    12047,5468  2445    12540,5666    11759,5221 13699235    6,23%
Elapsed time = 6638,57 sec. (971252,15 ticks, tree = 417,44 MB, solutions = 19)
  17770  8786    12295,3259  2104    12540,5666    11759,5221 13798015    6,23%
  17809  8718    12233,4931  1888    12540,5666    11759,5221 13681236    6,23%
  17842  8885    12484,8110  1778    12540,5666    11759,5221 13965407    6,23%
  17878  8936    12538,9231  1785    12540,5666    11763,6284 14063102    6,20%
  17904  8825    12240,6351  2205    12540,5666    11765,7338 13871246    6,18%
  17933  8888    12074,6246  2381    12540,5666    11765,8951 13974561    6,18%
  17978  8985        cutoff          12540,5666    11765,8951 14162157    6,18%
  18003  8959    12459,8081  1833    12540,5666    11766,0893 14106457    6,18%
  18042  9020    12436,9594  1723    12540,5666    11766,0893 14222640    6,18%
  18097  9044    12068,7812  2763    12540,5666    11766,0893 14282613    6,18%
Elapsed time = 6943,83 sec. (1010100,90 ticks, tree = 429,46 MB, solutions = 19)
  18160  9065    12495,8381  2195    12540,5666    11766,0893 14300952    6,18%
  18223  9016    12513,1409  1947    12540,5666    11766,1021 14219199    6,18%
  18277  9027        cutoff          12540,5666    11766,1021 14244240    6,18%
  18322  9137    12327,3098  1721    12540,5666    11766,1021 14440520    6,18%
  18375  9173    12019,3876  2340    12540,5666    11767,2422 14523716    6,17%
  18427  9078    11976,3385  2655    12540,5666    11767,2422 14327061    6,17%
  18469  9155    11890,3169  2747    12540,5666    11770,2308 14481444    6,14%
  18513  9232    12051,5243  2409    12540,5666    11771,0161 14596831    6,14%
  18559  9365        cutoff          12540,5666    11771,0161 14775928    6,14%
  18596  9384    12455,0414  1838    12540,5666    11771,7915 14806712    6,13%
Elapsed time = 7175,71 sec. (1048698,49 ticks, tree = 448,09 MB, solutions = 19)
  18650  9449    12417,0420  2515    12540,5666    11773,3376 14923472    6,12%
* 18704+ 9386                        12530,9802    11773,3376             6,05%
  18714  9449    12409,1569  2086    12530,9802    11773,5808 14899093    6,04%
  18759  9451    12025,7185  2536    12530,9802    11773,6315 15067234    6,04%
  18822  9473        cutoff          12530,9802    11774,7102 14967582    6,04%
  18877  9426    12053,5715  2394    12530,9802    11774,7102 14885168    6,04%
  18925  9475    12343,2835  2461    12530,9802    11774,7555 14999591    6,03%
  18974  9589    12413,9113  2116    12530,9802    11774,9789 15285100    6,03%
  19025  9495        cutoff          12530,9802    11774,9789 15148419    6,03%
  19056  9628    12257,8140  2315    12530,9802    11776,4883 15385947    6,02%
  19102  9523    12361,7687  2621    12530,9802    11776,5583 15181093    6,02%
Elapsed time = 7456,64 sec. (1087382,69 ticks, tree = 456,52 MB, solutions = 20)
  19150  9633    12115,8793  2056    12530,9802    11776,6744 15397561    6,02%
  19189  9638    12522,0155  1676    12530,9802    11776,6744 15404254    6,02%
  19233  9700        cutoff          12530,9802    11777,4767 15527711    6,01%
  19284  9683    12106,1333  2325    12530,9802    11777,9590 15504319    6,01%
  19312  9781    12346,6680  2022    12530,9802    11778,0375 15683706    6,01%
  19351  9863    12056,7791  2320    12530,9802    11778,0375 15881487    6,01%
  19400  9795        cutoff          12530,9802    11780,7401 15696303    5,99%
  19443  9864    11948,3188  2556    12530,9802    11780,7401 15890956    5,99%
  19480  9823    12359,3806  1901    12530,9802    11781,4890 15763864    5,98%
  19523  9907    11972,7024  2645    12530,9802    11782,0123 15979730    5,98%
Elapsed time = 7771,40 sec. (1126690,47 ticks, tree = 461,68 MB, solutions = 20)
  19571  9837    12481,0878  2083    12530,9802    11782,2478 15807059    5,98%
  19606 10000        cutoff          12530,9802    11782,9361 16169235    5,97%
  19646  9916    12392,6261  2181    12530,9802    11783,5557 15991199    5,96%
  19683  9910    12205,4168  2200    12530,9802    11783,5557 15970736    5,96%
  19720 10002    12114,9504  2767    12530,9802    11783,8597 16177799    5,96%
  19759 10086    12472,5018  1958    12530,9802    11783,8597 16333158    5,96%
  19790 10056    12411,9695  1923    12530,9802    11784,9125 16276959    5,95%
  19827 10156    12030,2605  2572    12530,9802    11785,1018 16448870    5,95%
  19861 10188        cutoff          12530,9802    11786,7749 16489518    5,94%
  19896 10202    11962,2474  2667    12530,9802    11786,9953 16513102    5,94%
Elapsed time = 8084,77 sec. (1165773,39 ticks, tree = 479,34 MB, solutions = 20)
  19924 10150    12254,9165  1894    12530,9802    11786,9953 16440151    5,94%
  19963 10257    12464,1901  2036    12530,9802    11787,0559 16593967    5,94%
  20025 10209    12199,1637  2163    12530,9802    11787,2075 16528781    5,94%
  20071 10199        cutoff          12530,9802    11787,2099 16515771    5,94%
  20119 10322    12212,1622  2010    12530,9802    11787,9787 16727537    5,93%
  20163 10269    12300,0442  2513    12530,9802    11787,9787 16639511    5,93%
  20220 10273    12530,0180  2291    12530,9802    11787,9787 16645074    5,93%
  20268 10272    12112,9220  2631    12530,9802    11787,9787 16649906    5,93%
  20306 10383    12311,5272  1925    12530,9802    11787,9787 16879765    5,93%
  20360 10366    12441,9395  2360    12530,9802    11789,0924 16852394    5,92%
Elapsed time = 8334,36 sec. (1204872,76 ticks, tree = 483,31 MB, solutions = 20)
  20419 10368        cutoff          12530,9802    11789,1144 16857672    5,92%
  20467 10455    12422,8723  2247    12530,9802    11789,1144 17015449    5,92%
  20534 10429    12304,8500  2169    12530,9802    11789,3482 16959169    5,92%
  20602 10609    12045,3702  2499    12530,9802    11790,0258 17317277    5,91%
  20638 10568    11918,1570  2646    12530,9802    11790,0258 17225510    5,91%
  20686 10535    12211,1193  2079    12530,9802    11790,2013 17163754    5,91%
  20737 10643    11955,1126  2574    12530,9802    11790,6202 17391741    5,91%
  20802 10541    12194,6360  2418    12530,9802    11793,1571 17174990    5,89%
  20865 10686    11926,1908  2774    12530,9802    11793,1571 17431694    5,89%
  20915 10808    12107,4590  2241    12530,9802    11794,4984 17602524    5,88%
Elapsed time = 8615,13 sec. (1243536,67 ticks, tree = 490,15 MB, solutions = 20)
  20954 10725    11970,4765  2601    12530,9802    11794,6914 17514126    5,88%
  21001 10727    12128,3768  2719    12530,9802    11795,0092 17518797    5,87%
  21062 10730    12416,7181  2279    12530,9802    11795,5076 17523935    5,87%
  21100 11021    12299,8756  2320    12530,9802    11796,0794 17917457    5,86%
  21148 11009    12441,1772  1963    12530,9802    11796,3052 17889093    5,86%
  21207 10934    12514,3540  2283    12530,9802    11796,3052 17796443    5,86%
  21252 11099        cutoff          12530,9802    11796,8778 18059218    5,86%
  21301 11045    12402,9976  1667    12530,9802    11797,0276 17973270    5,86%
  21344 10954        cutoff          12530,9802    11797,9700 17843796    5,85%
  21408 11159    12431,8926  2469    12530,9802    11798,0518 18173737    5,85%
Elapsed time = 8904,32 sec. (1282902,79 ticks, tree = 512,19 MB, solutions = 20)
  21467 11088    12318,2639  2111    12530,9802    11800,5200 18037765    5,83%
  21502 11218    12442,6611  2443    12530,9802    11800,7322 18288352    5,83%
  21563 11052    12310,4860  2614    12530,9802    11801,0129 18019644    5,83%
  21602 11284    12138,9410  2495    12530,9802    11802,0787 18397772    5,82%
  21639 11303        cutoff          12530,9802    11802,2771 18460856    5,82%
  21689 11295    12517,6042  1809    12530,9802    11802,2771 18408473    5,82%
  21710 11236    11941,5044  2981    12530,9802    11803,0095 18314872    5,81%
  21742 11339        cutoff          12530,9802    11803,0095 18542700    5,81%
  21768 11314        cutoff          12530,9802    11803,2084 18477054    5,81%
  21806 11315    11920,2859  2501    12530,9802    11803,3534 18481881    5,81%
Elapsed time = 9218,05 sec. (1322255,79 ticks, tree = 522,99 MB, solutions = 20)
  21859 11412    12404,8848  1808    12530,9802    11803,4257 18688348    5,81%
  21892 11578    12041,4290  2046    12530,9802    11804,2017 18950016    5,80%
  21928 11484    12527,4610  2038    12530,9802    11804,2017 18829261    5,80%
  21972 11482    11980,7483  2296    12530,9802    11804,9014 18832711    5,79%
  22005 11584    12063,2971  2498    12530,9802    11804,9014 18966432    5,79%
  22043 11430    11949,7960  2347    12530,9802    11805,9149 18738306    5,79%
  22081 11513    12517,4123  2248    12530,9802    11806,5036 18893534    5,78%
  22120 11642    12030,2836  2400    12530,9802    11806,5979 19054733    5,78%
  22165 11703    12317,2621  1832    12530,9802    11806,7125 19181691    5,78%
  22229 11717    12439,5266  1932    12530,9802    11807,7242 19208789    5,77%
Elapsed time = 9523,36 sec. (1361962,42 ticks, tree = 532,64 MB, solutions = 20)
  22299 11713    11897,6095  2606    12530,9802    11807,9965 19192433    5,77%
  22334 11716    12044,4642  2366    12530,9802    11808,0314 19197314    5,77%
  22376 11669    12296,4900  1918    12530,9802    11808,0314 19096500    5,77%
  22418 11720    12176,9096  2142    12530,9802    11808,7811 19207550    5,76%
  22469 11813    12250,2299  1960    12530,9802    11808,7811 19409956    5,76%
  22508 11782    12324,8131  2504    12530,9802    11809,5377 19346685    5,76%
  22563 11772    12503,6537  2199    12530,9802    11809,6304 19316274    5,76%
  22613 11877        cutoff          12530,9802    11809,8280 19529178    5,75%
  22656 11824    12366,9943  2001    12530,9802    11809,9590 19430177    5,75%
  22728 11850    12357,1484  2084    12530,9802    11809,9590 19473208    5,75%
Elapsed time = 9775,21 sec. (1400961,81 ticks, tree = 537,53 MB, solutions = 20)
  22778 11980    12370,3191  2325    12530,9802    11809,9590 19727991    5,75%
  22824 12025    12111,4622  2300    12530,9802    11810,5588 19806811    5,75%
  22872 12011    12321,6338  1849    12530,9802    11810,6179 19776236    5,75%
  22933 12094    12302,0075  2509    12530,9802    11810,6179 19921076    5,75%
  22992 12128        cutoff          12530,9802    11812,7760 19968401    5,73%
  23051 12174    11977,7292  2483    12530,9802    11812,7768 20042662    5,73%
  23096 12301    12339,7166  2145    12530,9802    11813,4553 20268013    5,73%
  23139 12061    12118,1875  2461    12530,9802    11813,4553 19867723    5,73%
  23172 12325    12375,8642  2565    12530,9802    11814,0642 20309414    5,72%
  23231 12310    12283,0951  1751    12530,9802    11815,0018 20283912    5,71%
Elapsed time = 10057,94 sec. (1440148,30 ticks, tree = 568,53 MB, solutions = 20)
  23275 12235    12333,1037  2277    12530,9802    11815,0018 20144867    5,71%
  23338 12247    12515,2682  1762    12530,9802    11815,0018 20150963    5,71%
  23383 12406    12108,7737  2632    12530,9802    11815,5566 20449347    5,71%
  23437 12455        cutoff          12530,9802    11815,9147 20525603    5,71%
  23493 12417    12513,6827  1970    12530,9802    11816,4582 20460004    5,70%
  23539 12362    12381,0767  2302    12530,9802    11816,9261 20383064    5,70%
  23576 12515    12226,5125  2151    12530,9802    11816,9261 20621030    5,70%
  23634 12530    12334,5450  1993    12530,9802    11817,7876 20626393    5,69%
  23718 12590    12215,0734  1873    12530,9802    11817,9926 20784358    5,69%
  23772 12627    12390,8264  1627    12530,9802    11817,9926 20858644    5,69%
Elapsed time = 10345,25 sec. (1479026,83 ticks, tree = 582,53 MB, solutions = 20)
  23830 12603    11973,8879  2670    12530,9802    11818,9476 20825200    5,68%
  23864 12638    12126,3974  2506    12530,9802    11819,0152 20868869    5,68%
  23900 12759    12019,3221  2726    12530,9802    11819,8413 21055211    5,68%
  23941 12698    11991,4653  2656    12530,9802    11820,1607 20980338    5,67%
  23979 12863    12378,1789  2066    12530,9802    11820,3468 21182928    5,67%
  24030 12861    12526,5765  1743    12530,9802    11820,7744 21148799    5,67%
  24065 12866    12088,7270  2554    12530,9802    11822,5857 21191533    5,65%
  24094 12709    12339,7088  2274    12530,9802    11822,5857 21000889    5,65%
  24136 12825    12362,0189  2306    12530,9802    11823,7203 21122482    5,64%
  24168 13051    12227,8057  2238    12530,9802    11824,4592 21543102    5,64%
Elapsed time = 10658,63 sec. (1518299,75 ticks, tree = 589,35 MB, solutions = 20)
  24212 12919    12489,1851  1705    12530,9802    11825,0951 21281359    5,63%
  24250 12920    11968,2906  2493    12530,9802    11825,4491 21286021    5,63%
  24275 12950    12053,7384  2713    12530,9802    11825,5811 21360454    5,63%
  24297 13021    12276,7870  1994    12530,9802    11825,5811 21473134    5,63%
  24323 13057    12245,1319  2906    12530,9802    11826,5296 21558789    5,62%
  24358 13059    12290,9473  2756    12530,9802    11826,8054 21561079    5,62%
  24386 13140    12321,1915  1931    12530,9802    11826,8054 21695361    5,62%
  24427 13064    12360,8919  2632    12530,9802    11827,5220 21564962    5,61%
  24474 13183    12101,0152  2148    12530,9802    11827,6423 21755252    5,61%
  24521 13282    12491,8831  2116    12530,9802    11827,6423 21955068    5,61%
Elapsed time = 11037,71 sec. (1557213,13 ticks, tree = 604,00 MB, solutions = 20)
  24562 13246    12273,1857  2602    12530,9802    11828,4231 21886876    5,61%
  24608 13284    12274,7003  2562    12530,9802    11828,4231 21964395    5,61%
  24651 13296    12479,4262  2051    12530,9802    11828,5350 21994707    5,61%
  24701 13262    12142,1416  2362    12530,9802    11828,5804 21919671    5,61%
  24756 13267    12188,8584  1917    12530,9802    11828,7158 21922861    5,60%
  24806 13255    12474,6181  2380    12530,9802    11828,7158 21911222    5,60%
  24844 13431    12414,1267  1262    12530,9802    11828,7422 22202095    5,60%
  24882 13505    12267,6403  2545    12530,9802    11829,3645 22359245    5,60%
  24930 13442    12110,2790  2919    12530,9802    11829,5109 22243513    5,60%
  24977 13486    12090,4421  2322    12530,9802    11829,5109 22326607    5,60%
Elapsed time = 11253,81 sec. (1595752,91 ticks, tree = 617,94 MB, solutions = 20)
  25030 13566    12185,0637  2018    12530,9802    11830,0058 22457112    5,59%
  25078 13522    12454,5587  1959    12530,9802    11830,0058 22380012    5,59%
  25126 13611    12340,9723  1848    12530,9802    11830,3898 22539666    5,59%
  25176 13644    11955,1233  2458    12530,9802    11830,9596 22624697    5,59%
  25219 13543    12295,1762  2323    12530,9802    11830,9596 22437964    5,59%
  25265 13582    12425,6589  2232    12530,9802    11831,5449 22514037    5,58%
  25317 13638    12514,5728  2425    12530,9802    11832,0794 22596099    5,58%
  25367 13708        cutoff          12530,9802    11832,2377 22761712    5,58%
  25412 13810        cutoff          12530,9802    11832,5195 22935853    5,57%
  25449 13839        cutoff          12530,9802    11832,9429 22979994    5,57%
Elapsed time = 11538,63 sec. (1635074,22 ticks, tree = 635,87 MB, solutions = 20)
  25501 13686    12514,0819  1633    12530,9802    11833,2117 22704237    5,57%
  25552 13954    11987,0157  2512    12530,9802    11833,4364 23193676    5,57%
  25590 13712        cutoff          12530,9802    11833,4364 22787699    5,57%
  25621 13961    12406,9940  1751    12530,9802    11833,8551 23204316    5,56%
  25667 13992    12155,5357  2187    12530,9802    11833,8551 23251382    5,56%
  25730 14019    12175,2662  2564    12530,9802    11836,6608 23336906    5,54%
  25798 14011        cutoff          12530,9802    11836,9518 23292338    5,54%
  25862 14028    12416,5687  2201    12530,9802    11838,0429 23347337    5,53%
  25930 14009        cutoff          12530,9802    11838,4305 23272874    5,53%
  25979 14116    12524,2953  1886    12530,9802    11838,4305 23526978    5,53%
Elapsed time = 11822,61 sec. (1673612,24 ticks, tree = 640,28 MB, solutions = 20)
  26021 14166    12208,9753  2357    12530,9802    11838,9755 23616637    5,52%
  26061 14235    12282,6169  2274    12530,9802    11839,2429 23713863    5,52%
  26122 14103    12338,3263  2192    12530,9802    11839,2773 23498660    5,52%
  26171 14272    11999,3379  2715    12530,9802    11839,2773 23765709    5,52%
  26219 14167    12324,9261  2028    12530,9802    11839,4823 23590506    5,52%
  26263 14180        cutoff          12530,9802    11839,7406 23596278    5,52%
  26322 14374    12418,5197  1870    12530,9802    11839,7812 23951261    5,52%
  26364 14348    12394,8200  2372    12530,9802    11839,8951 23913821    5,52%
  26398 14377    12425,4612  2149    12530,9802    11840,3816 23962419    5,51%
  26428 14290    12305,6390  1942    12530,9802    11840,3816 23796213    5,51%
Elapsed time = 12119,31 sec. (1713420,84 ticks, tree = 648,00 MB, solutions = 20)
  26469 14424    12277,1510  2008    12530,9802    11841,0250 24060428    5,51%
  26539 14555    12525,8738  1681    12530,9802    11841,0250 24238166    5,51%
  26583 14324    12086,1982  2693    12530,9802    11841,0805 23890013    5,51%
  26625 14416    12434,2675  1880    12530,9802    11841,6379 24030490    5,50%
  26680 14527    12500,6044  1940    12530,9802    11841,6379 24208917    5,50%
  26713 14636    12450,1355  2152    12530,9802    11841,7665 24455102    5,50%
  26755 14584    12507,4232  2466    12530,9802    11842,9646 24333242    5,49%
  26781 14679    12313,2766  2241    12530,9802    11842,9646 24548450    5,49%
  26823 14681    12504,1185  2104    12530,9802    11844,1955 24551908    5,48%
  26849 14736    12387,5666  2663    12530,9802    11845,3228 24654294    5,47%
Elapsed time = 12445,68 sec. (1752879,21 ticks, tree = 677,53 MB, solutions = 20)
  26875 14610    12147,7946  2573    12530,9802    11845,3508 24384195    5,47%
  26911 14622    12298,2884  2429    12530,9802    11845,3508 24428161    5,47%
  26931 14874        cutoff          12530,9802    11846,4602 24935175    5,46%
  26958 14832    12270,9232  1775    12530,9802    11846,9319 24803789    5,46%
  26990 14926    12498,2469  1896    12530,9802    11847,9947 25028716    5,45%
  27023 14941    12328,1192  1847    12530,9802    11848,1210 25062699    5,45%
  27047 14949    12441,2702  1846    12530,9802    11848,1210 25068422    5,45%
  27082 14963        cutoff          12530,9802    11848,3847 25124656    5,45%
  27107 14928    12170,9365  2789    12530,9802    11848,4411 25046129    5,45%
  27143 14912        cutoff          12530,9802    11848,9552 25026490    5,44%
Elapsed time = 12789,89 sec. (1792012,28 ticks, tree = 687,17 MB, solutions = 20)
  27190 14879    12046,5059  2530    12530,9802    11850,0054 24959642    5,43%
  27219 14880    12280,5887  2525    12530,9802    11850,3264 24963258    5,43%
  27271 15019        cutoff          12530,9802    11850,3264 25200959    5,43%
  27314 14971    12127,4742  2868    12530,9802    11850,3264 25156662    5,43%
  27358 14982    12491,8165  2675    12530,9802    11850,3922 25191330    5,43%
  27383 15046    12004,9503  2763    12530,9802    11850,7851 25249129    5,43%
  27425 15097    12387,7267  1760    12530,9802    11850,7851 25438604    5,43%
  27469 15071    12255,6701  2397    12530,9802    11850,9908 25353491    5,43%
  27506 15053    12284,1205  2497    12530,9802    11850,9908 25258133    5,43%
  27557 15270    12506,3355  1870    12530,9802    11851,6735 25780696    5,42%
Elapsed time = 13036,11 sec. (1830889,34 ticks, tree = 691,93 MB, solutions = 20)
  27614 15245    12209,9127  2312    12530,9802    11851,6735 25740413    5,42%
  27671 15227    12328,9355  2336    12530,9802    11851,6735 25702593    5,42%
  27730 15169    12281,9184  2287    12530,9802    11851,8460 25609771    5,42%
  27772 15081    12217,5382  2021    12530,9802    11852,4120 25382035    5,42%
  27812 15279        cutoff          12530,9802    11852,4272 25805090    5,42%
  27849 15174    12231,6749  2173    12530,9802    11852,6606 25623760    5,41%
  27893 15381    12067,2167  2567    12530,9802    11853,0114 26023249    5,41%
  27947 15384    12221,8187  2351    12530,9802    11853,0114 26028214    5,41%
  27989 15328    12117,2741  2442    12530,9802    11854,9757 25944915    5,39%
  28026 15304    12443,8711  2286    12530,9802    11855,1613 25854564    5,39%
Elapsed time = 13316,32 sec. (1869836,05 ticks, tree = 694,35 MB, solutions = 20)
  28072 15322    12327,8168  2542    12530,9802    11856,4834 25907874    5,38%
  28122 15468    12242,7103  2416    12530,9802    11856,4834 26180127    5,38%
  28181 15473    12404,7793  1966    12530,9802    11856,4834 26185566    5,38%
  28236 15555        cutoff          12530,9802    11856,9435 26285675    5,38%
  28268 15660    12443,8015  2044    12530,9802    11857,2630 26524719    5,38%
  28311 15639    12299,5865  2193    12530,9802    11857,3660 26479450    5,38%
  28371 15579    12024,9060  2932    12530,9802    11857,5213 26350739    5,37%
  28413 15570    12524,2403  1707    12530,9802    11857,5213 26307078    5,37%
  28457 15700    12170,1900  2576    12530,9802    11857,7253 26590407    5,37%
  28500 15650    12136,6051  2534    12530,9802    11858,0543 26501429    5,37%
Elapsed time = 13603,18 sec. (1909100,89 ticks, tree = 718,05 MB, solutions = 20)
  28537 15741    12380,2808  2099    12530,9802    11858,4302 26692316    5,37%
  28580 15747        cutoff          12530,9802    11858,7994 26698686    5,36%
  28630 15719    12293,7763  2332    12530,9802    11858,7994 26652467    5,36%
  28676 15791    12259,7442  2616    12530,9802    11858,9343 26790661    5,36%
  28717 15757    12513,4314  1999    12530,9802    11859,6839 26713586    5,36%
  28766 15722    12155,3897  2470    12530,9802    11859,8815 26625056    5,36%
  28794 15773    12217,7587  2387    12530,9802    11860,0460 26761564    5,35%
  28839 16036    12359,7963  2260    12530,9802    11860,2475 27302085    5,35%
  28882 16061    12510,9208  2248    12530,9802    11860,6530 27350899    5,35%
  28914 16005        cutoff          12530,9802    11860,6652 27261669    5,35%
Elapsed time = 13900,41 sec. (1948335,16 ticks, tree = 731,14 MB, solutions = 20)
  28959 16064    12432,6286  2196    12530,9802    11861,0913 27360251    5,35%
  28998 16134    12313,4106  2357    12530,9802    11862,2602 27511323    5,34%
  29044 16175    12126,8044  2319    12530,9802    11863,4481 27619940    5,33%
  29102 16109    12458,4370  2277    12530,9802    11863,4481 27472845    5,33%
  29147 16017    12298,5620  2066    12530,9802    11863,6010 27285586    5,33%
  29203 16003    12373,0468  2077    12530,9802    11863,8258 27241511    5,32%
  29263 16215    12186,6357  2641    12530,9802    11864,1552 27681708    5,32%
  29304 16190    12343,5151  2666    12530,9802    11864,1552 27644139    5,32%
  29336 16263    12345,5673  2118    12530,9802    11865,4536 27793359    5,31%
  29366 16228    12105,8374  2366    12530,9802    11865,4536 27741837    5,31%
Elapsed time = 14237,53 sec. (1987149,49 ticks, tree = 733,66 MB, solutions = 20)
  29406 16224    12249,7776  2182    12530,9802    11865,9791 27701176    5,31%
  29448 16237    12454,7580  2339    12530,9802    11865,9791 27751848    5,31%
  29503 16394    12398,2994  1718    12530,9802    11867,9861 28054596    5,29%

Zero-half cuts applied:  1070
Lift and project cuts applied:  1
Gomory fractional cuts applied:  3

Root node processing (before b&c):
  Real time             =   29,39 sec. (14899,85 ticks)
Parallel b&c, 12 threads:
  Real time             = 14254,12 sec. (1985326,37 ticks)
  Sync time (average)   = 1713,08 sec.
  Wait time (average)   =    0,12 sec.
                          ------------
Total (root+branch&cut) = 14283,52 sec. (2000226,22 ticks)

