
Version identifier: 22.1.1.0 | 2022-11-28 | 9160aff4d
CPXPARAM_MultiObjective_Display                  0
CPXPARAM_WorkMem                                 8192
CPXPARAM_DetTimeLimit                            2000000
Tried aggregator 3 times.
MIP Presolve eliminated 20762 rows and 125274 columns.
Aggregator did 373 substitutions.
Reduced MIP has 1561 rows, 5789 columns, and 13154 nonzeros.
Reduced MIP has 5775 binaries, 14 generals, 0 SOSs, and 0 indicators.
Presolve time = 0,10 sec. (78,66 ticks)
Found incumbent of value 107448,460000 after 0,13 sec. (100,66 ticks)
Probing time = 0,01 sec. (5,13 ticks)
Tried aggregator 2 times.
Detecting symmetries...
Aggregator did 7 substitutions.
Reduced MIP has 1554 rows, 5782 columns, and 13140 nonzeros.
Reduced MIP has 5775 binaries, 7 generals, 0 SOSs, and 0 indicators.
Presolve time = 0,01 sec. (12,87 ticks)
Probing time = 0,01 sec. (5,07 ticks)
Clique table members: 7702.
MIP emphasis: balance optimality and feasibility.
MIP search method: dynamic search.
Parallel mode: deterministic, using up to 12 threads.
Root relaxation solution time = 0,18 sec. (146,63 ticks)

        Nodes                                         Cuts/
   Node  Left     Objective  IInf  Best Integer    Best Bound    ItCnt     Gap

*     0+    0                       107448,4600  -486131,0000           552,43%
*     0+    0                        93651,1340  -486131,0000           619,09%
*     0+    0                        93644,4650  -486131,0000           619,12%
*     0+    0                        93637,7960  -486131,0000           619,16%
*     0+    0                        93631,1270  -486131,0000           619,20%
*     0+    0                        93624,4580  -486131,0000           619,24%
*     0+    0                        93617,7890  -486131,0000           619,27%
*     0+    0                        93611,1200  -486131,0000           619,31%
*     0+    0                        93604,4510  -486131,0000           619,35%
*     0+    0                        93597,7820  -486131,0000           619,38%
      0     0    12098,5797   767    93597,7820    12098,5797       27   87,07%
*     0+    0                        47764,5300    12098,5797            74,67%
*     0+    0                        20893,5800    12098,5797            42,09%
      0     0    12108,0252   760    20893,5800      Cuts: 12      155   42,05%
*     0+    0                        12339,7300    12108,0252             1,88%
      0     0    12114,7525   790    12339,7300      Cuts: 18      312    1,62%
*     0+    0                        12303,7300    12139,9483             1,33%
Detecting symmetries...

Repeating presolve.
Tried aggregator 3 times.
MIP Presolve eliminated 319 rows and 3262 columns.
Aggregator did 108 substitutions.
Reduced MIP has 1127 rows, 2412 columns, and 6022 nonzeros.
Reduced MIP has 2405 binaries, 7 generals, 0 SOSs, and 0 indicators.
Presolve time = 0,01 sec. (7,66 ticks)
Probing time = 0,01 sec. (3,35 ticks)
Tried aggregator 1 time.
Detecting symmetries...
Reduced MIP has 1127 rows, 2412 columns, and 6022 nonzeros.
Reduced MIP has 2405 binaries, 7 generals, 0 SOSs, and 0 indicators.
Presolve time = 0,01 sec. (4,58 ticks)
Represolve time = 0,08 sec. (89,21 ticks)
Probing time = 0,01 sec. (3,35 ticks)
Clique table members: 3872.
MIP emphasis: balance optimality and feasibility.
MIP search method: dynamic search.
Parallel mode: deterministic, using up to 12 threads.
Root relaxation solution time = 0,10 sec. (93,28 ticks)

        Nodes                                         Cuts/
   Node  Left     Objective  IInf  Best Integer    Best Bound    ItCnt     Gap

*     0+    0                        12303,7300    12139,9483             1,33%
      0     0    12114,7525   729    12303,7300    12139,9483     2361    1,33%
      0     0        cutoff          12303,7300    12303,7300     2480    0,00%
Elapsed time = 1,66 sec. (1151,98 ticks, tree = 0,01 MB, solutions = 14)

Zero-half cuts applied:  41
Lift and project cuts applied:  4
Gomory fractional cuts applied:  3

Root node processing (before b&c):
  Real time             =    1,68 sec. (1166,96 ticks)
Parallel b&c, 12 threads:
  Real time             =    0,00 sec. (0,00 ticks)
  Sync time (average)   =    0,00 sec.
  Wait time (average)   =    0,00 sec.
                          ------------
Total (root+branch&cut) =    1,68 sec. (1166,96 ticks)

