
Version identifier: 22.1.1.0 | 2022-11-28 | 9160aff4d
CPXPARAM_MultiObjective_Display                  0
CPXPARAM_WorkMem                                 8192
CPXPARAM_DetTimeLimit                            2000000
Tried aggregator 3 times.
MIP Presolve eliminated 21113 rows and 127598 columns.
Aggregator did 299 substitutions.
Reduced MIP has 1189 rows, 3798 columns, and 8761 nonzeros.
Reduced MIP has 3785 binaries, 13 generals, 0 SOSs, and 0 indicators.
Presolve time = 0,10 sec. (80,32 ticks)
Found incumbent of value 92730,710000 after 0,12 sec. (98,99 ticks)
Probing time = 0,01 sec. (3,87 ticks)
Tried aggregator 2 times.
Detecting symmetries...
Aggregator did 6 substitutions.
Reduced MIP has 1183 rows, 3792 columns, and 8749 nonzeros.
Reduced MIP has 3785 binaries, 7 generals, 0 SOSs, and 0 indicators.
Presolve time = 0,01 sec. (8,65 ticks)
Probing time = 0,01 sec. (3,87 ticks)
Clique table members: 5330.
MIP emphasis: balance optimality and feasibility.
MIP search method: dynamic search.
Parallel mode: deterministic, using up to 12 threads.
Root relaxation solution time = 0,07 sec. (55,25 ticks)

        Nodes                                         Cuts/
   Node  Left     Objective  IInf  Best Integer    Best Bound    ItCnt     Gap

*     0+    0                        92730,7100  -355272,0000           483,12%
*     0+    0                        79119,4180  -355272,0000           549,03%
*     0+    0                        79111,3450  -355272,0000           549,08%
*     0+    0                        79103,2720  -355272,0000           549,12%
*     0+    0                        79095,1990  -355272,0000           549,17%
*     0+    0                        79087,1260  -355272,0000           549,22%
*     0+    0                        79079,0530  -355272,0000           549,26%
*     0+    0                        79072,0600  -355272,0000           549,30%
*     0+    0                        79065,3910  -355272,0000           549,34%
*     0+    0                        79058,7220  -355272,0000           549,38%
      0     0    20637,4350   148    79058,7220    20637,4350     1913   73,90%
*     0+    0                        34322,8820    20637,4350            39,87%
*     0+    0                        20738,8700    20637,4350             0,49%
      0     0    20723,0800   140    20738,8700      Cuts: 12     2068    0,04%
      0     0        cutoff          20738,8700                   2126    0,00%
Elapsed time = 0,52 sec. (327,48 ticks, tree = 0,01 MB, solutions = 12)

Zero-half cuts applied:  6
Lift and project cuts applied:  1
Gomory fractional cuts applied:  3

Root node processing (before b&c):
  Real time             =    0,53 sec. (340,73 ticks)
Parallel b&c, 12 threads:
  Real time             =    0,00 sec. (0,00 ticks)
  Sync time (average)   =    0,00 sec.
  Wait time (average)   =    0,00 sec.
                          ------------
Total (root+branch&cut) =    0,53 sec. (340,73 ticks)

