
Version identifier: 22.1.1.0 | 2022-11-28 | 9160aff4d
CPXPARAM_MultiObjective_Display                  0
CPXPARAM_WorkMem                                 8192
CPXPARAM_DetTimeLimit                            2000000
Tried aggregator 3 times.
MIP Presolve eliminated 22410 rows and 128071 columns.
Aggregator did 316 substitutions.
Reduced MIP has 1279 rows, 4239 columns, and 9764 nonzeros.
Reduced MIP has 4225 binaries, 14 generals, 0 SOSs, and 0 indicators.
Presolve time = 0,10 sec. (84,13 ticks)
Found incumbent of value 99603,980000 after 0,12 sec. (102,79 ticks)
Probing time = 0,01 sec. (4,09 ticks)
Tried aggregator 2 times.
Detecting symmetries...
Aggregator did 7 substitutions.
Reduced MIP has 1272 rows, 4232 columns, and 9750 nonzeros.
Reduced MIP has 4225 binaries, 7 generals, 0 SOSs, and 0 indicators.
Presolve time = 0,01 sec. (9,63 ticks)
Probing time = 0,01 sec. (4,07 ticks)
Clique table members: 5856.
MIP emphasis: balance optimality and feasibility.
MIP search method: dynamic search.
Parallel mode: deterministic, using up to 12 threads.
Root relaxation solution time = 0,06 sec. (56,67 ticks)

        Nodes                                         Cuts/
   Node  Left     Objective  IInf  Best Integer    Best Bound    ItCnt     Gap

*     0+    0                        99603,9800  -399993,0000           501,58%
*     0+    0                        84879,7610  -399993,0000           571,25%
*     0+    0                        84871,6880  -399993,0000           571,29%
*     0+    0                        84863,6150  -399993,0000           571,34%
*     0+    0                        84855,5420  -399993,0000           571,38%
*     0+    0                        84847,4690  -399993,0000           571,43%
*     0+    0                        84839,3960  -399993,0000           571,47%
*     0+    0                        84831,3230  -399993,0000           571,52%
*     0+    0                        84824,3300  -399993,0000           571,55%
*     0+    0                        84817,6610  -399993,0000           571,59%
*     0     0      integral     0    17129,8800    17129,8800     1895    0,00%
Elapsed time = 0,25 sec. (205,96 ticks, tree = 0,00 MB, solutions = 11)

Root node processing (before b&c):
  Real time             =    0,26 sec. (218,43 ticks)
Parallel b&c, 12 threads:
  Real time             =    0,00 sec. (0,00 ticks)
  Sync time (average)   =    0,00 sec.
  Wait time (average)   =    0,00 sec.
                          ------------
Total (root+branch&cut) =    0,26 sec. (218,43 ticks)

