
Version identifier: 22.1.1.0 | 2022-11-28 | 9160aff4d
CPXPARAM_MultiObjective_Display                  0
CPXPARAM_WorkMem                                 8192
CPXPARAM_DetTimeLimit                            2000000
Tried aggregator 3 times.
MIP Presolve eliminated 19384 rows and 124204 columns.
Aggregator did 339 substitutions.
Reduced MIP has 1393 rows, 4643 columns, and 10658 nonzeros.
Reduced MIP has 4627 binaries, 16 generals, 0 SOSs, and 0 indicators.
Presolve time = 0,10 sec. (76,90 ticks)
Found incumbent of value 97659,910000 after 0,13 sec. (96,31 ticks)
Probing time = 0,01 sec. (6,36 ticks)
Tried aggregator 2 times.
Detecting symmetries...
MIP Presolve eliminated 1 rows and 1 columns.
Aggregator did 8 substitutions.
Reduced MIP has 1384 rows, 4634 columns, and 10640 nonzeros.
Reduced MIP has 4626 binaries, 8 generals, 0 SOSs, and 0 indicators.
Presolve time = 0,01 sec. (11,80 ticks)
Probing time = 0,01 sec. (4,47 ticks)
Clique table members: 6352.
MIP emphasis: balance optimality and feasibility.
MIP search method: dynamic search.
Parallel mode: deterministic, using up to 12 threads.
Root relaxation solution time = 0,13 sec. (112,40 ticks)

        Nodes                                         Cuts/
   Node  Left     Objective  IInf  Best Integer    Best Bound    ItCnt     Gap

*     0+    0                        97659,9100  -398689,0000           508,24%
*     0+    0                        87770,2860  -398689,0000           554,24%
*     0+    0                        87762,5640  -398689,0000           554,28%
*     0+    0                        87754,8420  -398689,0000           554,32%
*     0+    0                        87747,1200  -398689,0000           554,36%
*     0+    0                        87739,3980  -398689,0000           554,40%
*     0+    0                        87731,6760  -398689,0000           554,44%
*     0+    0                        87723,9540  -398689,0000           554,48%
*     0+    0                        87716,2320  -398689,0000           554,52%
*     0+    0                        87708,5100  -398689,0000           554,56%
      0     0    12252,4101   608    87708,5100    12252,4101     2690   86,03%
*     0+    0                        41965,4930    12252,4101            70,80%
*     0+    0                        12323,6000    12252,4101             0,58%
      0     0        cutoff          12323,6000    12323,6000     2819    0,00%
Elapsed time = 0,67 sec. (496,96 ticks, tree = 0,01 MB, solutions = 12)

Zero-half cuts applied:  20
Gomory fractional cuts applied:  1

Root node processing (before b&c):
  Real time             =    0,68 sec. (509,97 ticks)
Parallel b&c, 12 threads:
  Real time             =    0,00 sec. (0,00 ticks)
  Sync time (average)   =    0,00 sec.
  Wait time (average)   =    0,00 sec.
                          ------------
Total (root+branch&cut) =    0,68 sec. (509,97 ticks)

