
Version identifier: 22.1.1.0 | 2022-11-28 | 9160aff4d
CPXPARAM_MultiObjective_Display                  0
CPXPARAM_TimeLimit                               2000000
CPXPARAM_WorkMem                                 8192
CPXPARAM_DetTimeLimit                            2000000
Tried aggregator 3 times.
MIP Presolve eliminated 116453 rows and 1080331 columns.
Aggregator did 1337 substitutions.
Reduced MIP has 5403 rows, 29324 columns, and 64349 nonzeros.
Reduced MIP has 29292 binaries, 32 generals, 0 SOSs, and 0 indicators.
Presolve time = 0,89 sec. (600,48 ticks)
Found incumbent of value 189982,963809 after 1,06 sec. (728,98 ticks)
Tried aggregator 2 times.
Detecting symmetries...
Aggregator did 16 substitutions.
Reduced MIP has 5387 rows, 29308 columns, and 64317 nonzeros.
Reduced MIP has 29292 binaries, 16 generals, 0 SOSs, and 0 indicators.
Presolve time = 0,07 sec. (59,52 ticks)
Probing time = 0,06 sec. (13,16 ticks)
Clique table members: 35819.
MIP emphasis: balance optimality and feasibility.
MIP search method: dynamic search.
Parallel mode: deterministic, using up to 12 threads.
Root relaxation solution time = 0,92 sec. (526,03 ticks)

        Nodes                                         Cuts/
   Node  Left     Objective  IInf  Best Integer    Best Bound    ItCnt     Gap

*     0+    0                       189982,9638 -1847335,0000              --- 
*     0+    0                       165569,7038 -1847335,0000              --- 
*     0+    0                       165551,4518 -1847335,0000              --- 
*     0+    0                       165533,1998 -1847335,0000              --- 
*     0+    0                       165514,9478 -1847335,0000              --- 
*     0+    0                       165496,6958 -1847335,0000              --- 
*     0+    0                       165479,5238 -1847335,0000              --- 
*     0+    0                       165462,6758 -1847335,0000              --- 
*     0+    0                       165445,8278 -1847335,0000              --- 
*     0+    0                       165428,9798 -1847335,0000              --- 
      0     0    19796,6244  2175   165428,9798    19796,6244       40   88,03%
      0     0    19856,9413  2242   165428,9798      Cuts: 23     1113   88,00%
*     0+    0                        95355,2312    19856,9413            79,18%
*     0+    0                        44310,6228    19856,9413            55,19%
      0     0    19862,0063  2284    44310,6228   ZeroHalf: 9     1358   55,18%
      0     0    19884,3134  2294    44310,6228   ZeroHalf: 9     1927   55,13%
*     0+    0                        39921,4343    19884,3134            50,19%
      0     0  -1,00000e+75     0    39921,4343    19884,3134     1927   50,19%
      0     0    19900,9313  2277    39921,4343  ZeroHalf: 14     2356   50,15%
      0     0    19901,5245  2293    39921,4343   ZeroHalf: 2     2432   50,15%
Detecting symmetries...
      0     0    19903,5246  2299    39921,4343   ZeroHalf: 2     2569   50,14%
      0     0    19909,4491  2308    39921,4343   ZeroHalf: 5     2776   50,13%
      0     0    19915,2705  2356    39921,4343   ZeroHalf: 8     3059   50,11%
      0     0    19915,6456  2366    39921,4343   ZeroHalf: 2     3130   50,11%
*     0+    0                        34984,0305    19915,6456            43,07%
Detecting symmetries...
      0     2    19915,6456  2366    34984,0305    19915,6456     3130   43,07%
Elapsed time = 31,26 sec. (13943,12 ticks, tree = 0,02 MB, solutions = 14)
      1     3    19929,2151  2247    34984,0305    19915,6845     4026   43,07%
      2     4    19953,0012  2301    34984,0305    19915,6845     4830   43,07%
      4     4    20053,0457  2114    34984,0305    19915,6845     5661   43,07%
      7     6    20022,2853  2130    34984,0305    19929,4771     8052   43,03%
      9     7    20141,8150  2049    34984,0305    19953,0734     9804   42,97%
     11     9    19995,2287  2193    34984,0305    19972,0774    15574   42,91%
     13    10    20045,6689  2072    34984,0305    19972,0774    16179   42,91%
     17    11    20141,0890  1834    34984,0305    19972,0774    19535   42,91%
     21    15    20142,0097  1963    34984,0305    19982,7318    36555   42,88%
     28    23    20118,5584  1811    34984,0305    19995,3589    75720   42,84%
Elapsed time = 57,19 sec. (19492,70 ticks, tree = 0,03 MB, solutions = 14)
     35    26    20062,0651  2026    34984,0305    19995,3589    96665   42,84%
     45    34    20156,8616  1862    34984,0305    19995,3589   159831   42,84%
     56    13    20094,6062  1850    34984,0305    19995,3589    22106   42,84%
     80    56    20324,6569  1733    34984,0305    19995,3589   233404   42,84%
    106    62    20413,4776  1585    34984,0305    19995,3589   238661   42,84%
    128   104    20519,0209  1398    34984,0305    19995,3589   280576   42,84%
*   129+   72                        21944,0375    19995,3589             8,88%
    148    96    20591,8255  1397    21944,0375    19995,3589   272701    8,88%
*   161+   88                        21579,5591    19995,3589             7,34%
    190   138    20545,0578  1331    21579,5591    19995,3589   299461    7,34%
    247   153    20900,1501  1023    21579,5591    19995,3589   304963    7,34%
    327   231    21342,4431   878    21579,5591    19995,3589   338506    7,34%
Elapsed time = 125,45 sec. (29539,64 ticks, tree = 5,13 MB, solutions = 20)
*   394   241      integral     0    21270,8260    19995,3589   344003    6,00%
    454   340    21113,4339   946    21270,8260    19995,3589   393574    6,00%
    483   314    20793,4694  1311    21270,8260    19995,3589   377526    6,00%
    507   343    20205,4470  1713    21270,8260    19995,3589   397320    6,00%
    532   402    20489,0528  1567    21270,8260    19995,3589   442028    6,00%
    563   418    20625,4440   965    21270,8260    20083,8979   450067    5,58%
    606   436    20778,1921  1335    21270,8260    20083,8979   466739    5,58%
    681   487    20915,0129  1088    21270,8260    20083,8979   498597    5,58%
*   712   476      integral     0    21088,5683    20083,8979   491734    4,76%
*   729+  496                        21062,6379    20083,8979             4,65%
    790   479    20692,6769  1347    21062,6379    20083,8979   496136    4,65%
Elapsed time = 188,95 sec. (38363,77 ticks, tree = 12,50 MB, solutions = 23)
    838   528    20987,4121  1205    21062,6379    20083,8979   547914    4,65%
    894   595        cutoff          21062,6379    20099,1447   589354    4,57%
    941   611    20796,6108  1384    21062,6379    20111,6842   595516    4,51%
    988   618    21001,6748  1347    21062,6379    20119,3708   597264    4,48%
*  1027   650      integral     0    20737,0168    20119,3708   617117    2,98%
   1036   627    20219,0409  1890    20737,0168    20119,3708   604405    2,98%
   1088   669    21035,3830  1350    20737,0168    20119,3708   624775    2,98%
   1142   513    20394,8900  1767    20737,0168    20119,3708   669782    2,98%
   1205   533    20247,0094  1816    20737,0168    20119,3708   686368    2,98%
   1259   524    20650,4372  1702    20737,0168    20119,3708   674108    2,98%
   1307   643    20620,7618  1680    20737,0168    20142,2227   745831    2,87%
Elapsed time = 260,43 sec. (48113,25 ticks, tree = 19,03 MB, solutions = 24)
   1353   587    20383,7521  1721    20737,0168    20142,2227   718888    2,87%
   1413   702    20575,7669  1528    20737,0168    20154,1846   781156    2,81%
   1468   660    20484,2528  1466    20737,0168    20154,1846   756198    2,81%
   1526   734    20427,7358  1571    20737,0168    20160,7352   795572    2,78%
   1585   790    20364,1213  1872    20737,0168    20160,7352   827964    2,78%
   1642   770        cutoff          20737,0168    20171,0708   815214    2,73%
   1678   829    20484,5147  1553    20737,0168    20171,0708   845789    2,73%
   1731   901    20713,1904  1567    20737,0168    20171,0708   883636    2,73%
   1794   995        cutoff          20737,0168    20174,2360   943688    2,71%
   1841   979    20405,4117  1798    20737,0168    20174,2360   934043    2,71%
Elapsed time = 331,19 sec. (57796,13 ticks, tree = 35,04 MB, solutions = 24)
   1901   984    20552,2843  1566    20737,0168    20176,2616   936204    2,70%
   1965  1051    20676,6020  1552    20737,0168    20186,0008   973264    2,66%
   2033  1114    20460,7452  1551    20737,0168    20186,0008  1013210    2,66%
   2099  1096    20378,5334  1667    20737,0168    20191,8235  1003733    2,63%
   2158  1224    20512,8397  1680    20737,0168    20191,8235  1078396    2,63%
   2216  1280    20492,0180  1596    20737,0168    20191,8235  1107420    2,63%
   2269  1253    20288,1386  1596    20737,0168    20202,7985  1095172    2,58%
   2347  1270    20500,9280  1686    20737,0168    20203,3009  1103493    2,57%
   2402  1298    20306,4085  1732    20737,0168    20207,0480  1120174    2,56%
   2464  1353    20270,3824  1604    20737,0168    20207,0825  1159033    2,56%
Elapsed time = 402,21 sec. (67485,95 ticks, tree = 51,37 MB, solutions = 24)
   2520  1490    20502,8531  1639    20737,0168    20210,9021  1225642    2,54%
   2575  1436    20352,3571  1765    20737,0168    20218,9511  1201871    2,50%
   2634  1551        cutoff          20737,0168    20219,7929  1263214    2,49%
   2684  1577    20481,3323  1656    20737,0168    20220,7950  1283033    2,49%
   2742  1560    20524,5798  1763    20737,0168    20221,0851  1267249    2,49%
   2798  1629    20458,1941  1677    20737,0168    20226,3981  1321684    2,46%
   2843  1655    20687,4921  1526    20737,0168    20226,3981  1335668    2,46%
   2895  1700    20600,9282  1331    20737,0168    20228,4130  1359691    2,45%
   2960  1730    20687,7230  1500    20737,0168    20228,4130  1380984    2,45%
   3017  1795    20414,6838  1658    20737,0168    20228,4130  1425160    2,45%
Elapsed time = 472,59 sec. (77255,18 ticks, tree = 64,55 MB, solutions = 24)
   3076  1851    20559,9341  1377    20737,0168    20230,4539  1456438    2,44%
   3136  1898    20446,2463  1453    20737,0168    20230,4539  1487067    2,44%
   3201  1848    20723,7712  1610    20737,0168    20236,3504  1454603    2,41%
   3277  1955    20604,1060  1569    20737,0168    20238,7875  1524174    2,40%
   3341  1983    20682,9746  1338    20737,0168    20242,2298  1538358    2,39%
   3408  1971    20568,7775  1420    20737,0168    20242,2298  1533090    2,39%
   3485  1991    20540,6192  1639    20737,0168    20246,3499  1542497    2,37%
   3549  2029    20383,9052  1740    20737,0168    20249,6133  1565330    2,35%
   3617  2195    20517,6724  1709    20737,0168    20250,2023  1659853    2,35%
   3681  2155        cutoff          20737,0168    20253,2150  1634885    2,33%
Elapsed time = 542,78 sec. (86899,35 ticks, tree = 84,21 MB, solutions = 24)
   3742  2226    20555,2220  1471    20737,0168    20253,3122  1679726    2,33%
   3802  2257    20578,5449  1421    20737,0168    20256,4117  1697657    2,32%
   3865  2354    20518,8231  1599    20737,0168    20258,5815  1764029    2,31%
   3915  2369    20531,7339  1541    20737,0168    20258,5946  1777651    2,31%
   3960  2352    20506,3478  1637    20737,0168    20258,5946  1763098    2,31%
   3983  2368    20461,3100  1682    20737,0168    20258,5946  1778821    2,31%

Performing restart 1

Repeating presolve.
Tried aggregator 2 times.
MIP Presolve eliminated 384 rows and 5438 columns.
Aggregator did 85 substitutions.
Reduced MIP has 4918 rows, 23785 columns, and 52797 nonzeros.
Reduced MIP has 23769 binaries, 16 generals, 0 SOSs, and 0 indicators.
Presolve time = 0,06 sec. (44,68 ticks)
Tried aggregator 1 time.
Reduced MIP has 4918 rows, 23785 columns, and 52797 nonzeros.
Reduced MIP has 23769 binaries, 16 generals, 0 SOSs, and 0 indicators.
Presolve time = 0,05 sec. (39,99 ticks)
Represolve time = 1,45 sec. (1014,27 ticks)
   3987     0    19925,1506  2333    20737,0168   ZeroHalf: 7  1889802    2,27%
   3987     0    19928,8318  2289    20737,0168   ZeroHalf: 2  1890055    2,27%
   3987     0    19931,6682  2349    20737,0168   ZeroHalf: 7  1890267    2,27%
*  3987+    0                        20648,8553    20266,5791             1,85%
   3987     0    19934,8684  2387    20648,8553   ZeroHalf: 5  1890493    1,85%
   3987     0    19938,0328  2409    20648,8553   ZeroHalf: 8  1890720    1,85%
   3987     2    19938,0328  2409    20648,8553    20266,5791  1890720    1,85%
   3988     3    20069,4067  2245    20648,8553    20266,5791  1893072    1,85%
   3992     7    20037,1273  2193    20648,8553    20266,5791  1895678    1,85%
   4002    14    20121,8400  2185    20648,8553    20266,5791  1898167    1,85%
Elapsed time = 618,01 sec. (118029,97 ticks, tree = 0,03 MB, solutions = 25)
   4017    19    20163,3093  2105    20648,8553    20266,5791  1901822    1,85%
   4034    41    20040,8934  2252    20648,8553    20266,5791  1928252    1,85%
   4063    41    20360,0809  2157    20648,8553    20266,5791  1930123    1,85%
   4089    72    20581,9849  1881    20648,8553    20266,5791  1962002    1,85%
   4116    82    20248,3662  1720    20648,8553    20266,5791  1971881    1,85%
   4129   113    20401,7985  1764    20648,8553    20266,5791  2022893    1,85%
   4156   127    20211,7917  1993    20648,8553    20266,5791  2051335    1,85%
   4191   130    20527,1217  1578    20648,8553    20266,5791  2058841    1,85%
   4261   169    20565,7922  1506    20648,8553    20266,5791  2107352    1,85%
   4473   297        cutoff          20648,8553    20266,5791  2215867    1,85%
Elapsed time = 694,74 sec. (130981,19 ticks, tree = 4,58 MB, solutions = 25)
   4683   398    20279,1192  1922    20648,8553    20266,5791  2282014    1,85%
   4918   544        cutoff          20648,8553    20266,5791  2358691    1,85%
   5213   675    20556,5686  1529    20648,8553    20266,5791  2445457    1,85%
   5367   837    20586,8321  1097    20648,8553    20266,5791  2528485    1,85%
   5617   927    20553,9332  1439    20648,8553    20266,5791  2611178    1,85%
   5927  1150    20619,3605  1794    20648,8553    20266,5791  2745995    1,85%
   6168  1200    20572,5985  1501    20648,8553    20266,5791  2782894    1,85%
   6368  1375    20601,3208  1611    20648,8553    20266,5791  2915433    1,85%
   6486  1495    20536,4117  1560    20648,8553    20266,5791  3032974    1,85%
   6679  1541    20614,1867  1363    20648,8553    20266,5791  3085802    1,85%
Elapsed time = 929,66 sec. (169246,01 ticks, tree = 42,84 MB, solutions = 25)
   6914  1679    20427,3344  1655    20648,8553    20266,5791  3212489    1,85%
   7150  1772        cutoff          20648,8553    20266,5791  3331045    1,85%
   7387  1881    20302,8545  1744    20648,8553    20266,5791  3459189    1,85%
   7607  2004    20614,9652  1340    20648,8553    20266,5791  3542932    1,85%
   7801  2098    20553,5977  1445    20648,8553    20266,5791  3605216    1,85%
   8054  2137    infeasible          20648,8553    20273,8829  3648097    1,82%
   8313  2305    20510,2384  1767    20648,8553    20281,1633  3755552    1,78%
   8607  2469    20596,2530  1662    20648,8553    20293,3689  3880958    1,72%
   8842  2637    20556,7804  1421    20648,8553    20304,7962  4064942    1,67%
   9085  2690    20617,1046   843    20648,8553    20313,0506  4108682    1,63%
Elapsed time = 1173,96 sec. (207561,13 ticks, tree = 80,11 MB, solutions = 25)
   9221  2740    20594,5393  1767    20648,8553    20319,7821  4198199    1,59%
   9418  2863        cutoff          20648,8553    20323,0159  4327965    1,58%
   9693  2914        cutoff          20648,8553    20334,6465  4426020    1,52%
   9932  2943        cutoff          20648,8553    20340,7699  4450471    1,49%
  10176  3023    20624,3214  1934    20648,8553    20347,5910  4590145    1,46%
  10406  3118    20575,6347  1610    20648,8553    20355,7966  4793254    1,42%
  10665  3189    20579,4182  1811    20648,8553    20363,5265  4934635    1,38%
  10881  3193    20590,2815  1334    20648,8553    20371,1395  4959507    1,34%
  11050  3255    20569,8045  1316    20648,8553    20379,7547  5099321    1,30%
  11273  3258    20603,2213  1843    20648,8553    20386,2991  5224695    1,27%
Elapsed time = 1405,06 sec. (245865,85 ticks, tree = 92,65 MB, solutions = 25)
  11559  3260    20526,4011  1334    20648,8553    20393,7258  5235205    1,24%
  11839  3293    20595,8747  1813    20648,8553    20398,1813  5343858    1,21%
  12127  3329        cutoff          20648,8553    20404,4340  5470204    1,18%
  12377  3352        cutoff          20648,8553    20414,2430  5708522    1,14%
  12600  3371    20620,6572  1588    20648,8553    20423,3101  5816936    1,09%
  12798  3362    20590,0048  1566    20648,8553    20427,6536  5862218    1,07%
  13078  3391    20534,5291  1666    20648,8553    20437,8400  5926627    1,02%
  13383  3372        cutoff          20648,8553    20448,2637  6032405    0,97%
  13710  3364    20543,6490  1388    20648,8553    20451,6848  6152993    0,95%
  14040  3333        cutoff          20648,8553    20456,4962  6326059    0,93%
Elapsed time = 1643,81 sec. (284316,09 ticks, tree = 90,16 MB, solutions = 25)
  14361  3301        cutoff          20648,8553    20466,2608  6487821    0,88%
  14692  3239    20619,4838  1705    20648,8553    20477,6367  6622182    0,83%
  14989  3192        cutoff          20648,8553    20485,1850  6771740    0,79%
  15228  3118        cutoff          20648,8553    20494,3489  6867083    0,75%
  15551  3098        cutoff          20648,8553    20497,5878  6907237    0,73%
  15915  2984        cutoff          20648,8553    20514,2298  7038871    0,65%
  16332  2777        cutoff          20648,8553    20526,4116  7205066    0,59%
  16810  2479        cutoff          20648,8553    20541,5221  7347155    0,52%
  17310  2176        cutoff          20648,8553    20556,3512  7440110    0,45%
* 17799  1790      integral     0    20609,3616    20572,7069  7528784    0,18%
  17880  1725        cutoff          20609,3616    20574,6739  7544023    0,17%
Elapsed time = 1855,33 sec. (322536,14 ticks, tree = 39,26 MB, solutions = 26)

Cover cuts applied:  8
Mixed integer rounding cuts applied:  6
Zero-half cuts applied:  75
Lift and project cuts applied:  1
Gomory fractional cuts applied:  1

Root node processing (before b&c):
  Real time             =   30,28 sec. (14009,74 ticks)
Parallel b&c, 12 threads:
  Real time             = 1835,22 sec. (311992,70 ticks)
  Sync time (average)   =  226,73 sec.
  Wait time (average)   =    0,04 sec.
                          ------------
Total (root+branch&cut) = 1865,51 sec. (326002,44 ticks)

