
Version identifier: 22.1.1.0 | 2022-11-28 | 9160aff4d
CPXPARAM_MultiObjective_Display                  0
CPXPARAM_TimeLimit                               2000000
CPXPARAM_WorkMem                                 8192
CPXPARAM_DetTimeLimit                            2000000
Tried aggregator 4 times.
MIP Presolve eliminated 122295 rows and 1092809 columns.
MIP Presolve modified 3 coefficients.
Aggregator did 1062 substitutions.
Reduced MIP has 4336 rows, 20061 columns, and 44569 nonzeros.
Reduced MIP has 20031 binaries, 30 generals, 0 SOSs, and 0 indicators.
Presolve time = 0,97 sec. (688,27 ticks)
Found incumbent of value 193318,166220 after 1,12 sec. (806,80 ticks)
Probing time = 0,05 sec. (14,08 ticks)
Tried aggregator 2 times.
Detecting symmetries...
MIP Presolve eliminated 1 rows and 1 columns.
Aggregator did 14 substitutions.
Reduced MIP has 4321 rows, 20046 columns, and 44539 nonzeros.
Reduced MIP has 20030 binaries, 16 generals, 0 SOSs, and 0 indicators.
Presolve time = 0,05 sec. (47,58 ticks)
Probing time = 0,03 sec. (9,79 ticks)
Clique table members: 25308.
MIP emphasis: balance optimality and feasibility.
MIP search method: dynamic search.
Parallel mode: deterministic, using up to 12 threads.
Root relaxation solution time = 0,52 sec. (311,30 ticks)

        Nodes                                         Cuts/
   Node  Left     Objective  IInf  Best Integer    Best Bound    ItCnt     Gap

*     0+    0                       193318,1662 -1434311,0000           841,94%
*     0+    0                       169910,9142 -1434311,0000           944,15%
*     0+    0                       169892,6622 -1434311,0000           944,25%
*     0+    0                       169874,4102 -1434311,0000           944,34%
*     0+    0                       169856,1582 -1434311,0000           944,43%
*     0+    0                       169837,9062 -1434311,0000           944,52%
*     0+    0                       169819,6542 -1434311,0000           944,61%
*     0+    0                       169801,4022 -1434311,0000           944,70%
*     0+    0                       169783,1502 -1434311,0000           944,79%
*     0+    0                       169764,8982 -1434311,0000           944,88%
      0     0    36402,2875  1046   169764,8982    36402,2875       32   78,56%
      0     0    36460,2662  1163   169764,8982      Cuts: 10      347   78,52%
*     0+    0                        43263,3583    36460,2662            15,72%
*     0+    0                        40119,3403    36460,2662             9,12%
      0     0    36492,8566  1235    40119,3403  ZeroHalf: 10      582    9,04%
      0     0    36506,5893  1284    40119,3403   ZeroHalf: 9      788    9,01%
*     0+    0                        38117,7099    36506,5893             4,23%
      0     0  -1,00000e+75     0    38117,7099    36506,5893      788    4,23%
      0     0    36510,6234  1363    38117,7099   ZeroHalf: 2      864    4,22%
      0     0    36516,5510  1404    38117,7099   ZeroHalf: 5      973    4,20%
Detecting symmetries...
      0     0    36517,1778  1398    38117,7099   ZeroHalf: 3      995    4,20%
*     0+    0                        36566,6227    36517,1778             0,14%
*     0+    0                        36563,4166    36517,1778             0,13%
*     0+    0                        36555,8706    36517,1778             0,11%
*     0+    0                        36555,2226    36517,1778             0,10%
Detecting symmetries...

Repeating presolve.
Tried aggregator 3 times.
MIP Presolve eliminated 2209 rows and 16911 columns.
MIP Presolve modified 16 coefficients.
Aggregator did 496 substitutions.
Reduced MIP has 1616 rows, 2639 columns, and 7235 nonzeros.
Reduced MIP has 2625 binaries, 14 generals, 0 SOSs, and 0 indicators.
Presolve time = 0,02 sec. (20,74 ticks)
Probing time = 0,01 sec. (6,70 ticks)
Tried aggregator 1 time.
Detecting symmetries...
MIP Presolve eliminated 1 rows and 1 columns.
Reduced MIP has 1615 rows, 2638 columns, and 7232 nonzeros.
Reduced MIP has 2624 binaries, 14 generals, 0 SOSs, and 0 indicators.
Presolve time = 0,01 sec. (5,64 ticks)
Represolve time = 0,83 sec. (774,22 ticks)
Probing time = 0,01 sec. (3,31 ticks)
Clique table members: 4756.
MIP emphasis: balance optimality and feasibility.
MIP search method: dynamic search.
Parallel mode: deterministic, using up to 12 threads.
Root relaxation solution time = 0,15 sec. (136,09 ticks)

        Nodes                                         Cuts/
   Node  Left     Objective  IInf  Best Integer    Best Bound    ItCnt     Gap

*     0+    0                        36555,2226    36517,1778             0,10%
      0     0    36517,1778  1120    36555,2226    36517,1778     1022    0,10%
      0     0        cutoff          36555,2226    36555,2226     1097    0,00%
Elapsed time = 7,05 sec. (4797,01 ticks, tree = 0,01 MB, solutions = 17)

Zero-half cuts applied:  29
Lift and project cuts applied:  3
Gomory fractional cuts applied:  1

Root node processing (before b&c):
  Real time             =    7,26 sec. (4945,79 ticks)
Parallel b&c, 12 threads:
  Real time             =    0,00 sec. (0,00 ticks)
  Sync time (average)   =    0,00 sec.
  Wait time (average)   =    0,00 sec.
                          ------------
Total (root+branch&cut) =    7,26 sec. (4945,79 ticks)

