
Version identifier: 22.1.1.0 | 2022-11-28 | 9160aff4d
CPXPARAM_MultiObjective_Display                  0
CPXPARAM_TimeLimit                               2000000
CPXPARAM_WorkMem                                 8192
CPXPARAM_DetTimeLimit                            2000000
Found incumbent of value 256000,000000 after 0,08 sec. (53,56 ticks)
Tried aggregator 3 times.
MIP Presolve eliminated 129262 rows and 1078294 columns.
Aggregator did 1342 substitutions.
Reduced MIP has 6822 rows, 38766 columns, and 84314 nonzeros.
Reduced MIP has 38734 binaries, 32 generals, 0 SOSs, and 0 indicators.
Presolve time = 0,88 sec. (635,06 ticks)
Tried aggregator 2 times.
Detecting symmetries...
Aggregator did 17 substitutions.
Reduced MIP has 6805 rows, 38749 columns, and 84291 nonzeros.
Reduced MIP has 38733 binaries, 16 generals, 0 SOSs, and 0 indicators.
Presolve time = 0,08 sec. (77,73 ticks)
Probing time = 0,08 sec. (16,63 ticks)
Clique table members: 46909.
MIP emphasis: balance optimality and feasibility.
MIP search method: dynamic search.
Parallel mode: deterministic, using up to 12 threads.
Root relaxation solution time = 0,91 sec. (622,54 ticks)

        Nodes                                         Cuts/
   Node  Left     Objective  IInf  Best Integer    Best Bound    ItCnt     Gap

*     0+    0                       256000,0000 -2298911,0000           998,01%
*     0+    0                       224812,0000 -2298911,0000              --- 
      0     0    15703,1123  3073   224812,0000    15703,1123       43   93,02%
*     0+    0                       157227,5011    15703,1123            90,01%
      0     0    15746,6441  3182   157227,5011      Cuts: 14     1266   89,98%
*     0+    0                        49263,4660    15746,6441            68,04%
      0     0    15755,4928  3189    49263,4660   ZeroHalf: 3     1815   68,02%
      0     0    15761,6040  3270    49263,4660   ZeroHalf: 8     2283   68,01%
*     0+    0                        43446,1137    15761,6040            63,72%
      0     0  -1,00000e+75     0    43446,1137    15761,6040     2283   63,72%
      0     0    15764,1548  3321    43446,1137   ZeroHalf: 3     2549   63,72%
      0     0    15764,3302  3346    43446,1137   ZeroHalf: 3     2645   63,72%
Detecting symmetries...
      0     0    15765,7006  3294    43446,1137   ZeroHalf: 2     2944   63,71%
      0     0    15765,8911  3311    43446,1137   ZeroHalf: 1     3055   63,71%
Detecting symmetries...
      0     2    15765,8911  3311    43446,1137    15765,8911     3055   63,71%
Elapsed time = 49,32 sec. (21790,09 ticks, tree = 0,02 MB, solutions = 4)
      1     3    15787,1042  3116    43446,1137    15765,9092     4594   63,71%
      2     3    15799,1153  3227    43446,1137    15765,9092     4812   63,71%
      3     4    15807,4074  3036    43446,1137    15765,9092     5995   63,71%
      4     5    15817,7043  3134    43446,1137    15787,1186     7832   63,66%
      5     5    15860,2388  2695    43446,1137    15787,1186     8397   63,66%
      8     6    15840,8385  3039    43446,1137    15787,1445     9406   63,66%
      9     8    15886,9248  2669    43446,1137    15787,1445    12240   63,66%
     10     9    15865,0596  2568    43446,1137    15807,4117    14938   63,62%
     12     7    15913,3440  2741    43446,1137    15807,4117    12065   63,62%
     18    13    15896,2827  2519    43446,1137    15807,4117    22409   63,62%
Elapsed time = 79,80 sec. (27993,78 ticks, tree = 0,03 MB, solutions = 4)
     21    17    15979,9799  2288    43446,1137    15840,8441    44370   63,54%
*    23+   10                        37170,8292    15840,8441            57,38%
*    24+   10                        35161,3345    15840,8793            54,95%
     25    18    15907,8287  2964    35161,3345    15840,8793    44088   54,95%
*    26+   10                        33183,1567    15840,8793            52,26%
     26    21    15927,2089  2635    33183,1567    15840,8793    58278   52,26%
*    28+   11                        31130,8616    15840,8793            49,12%
     31    25    15934,6762  3020    31130,8616    15840,8793    82602   49,12%
     35    31    16012,4453  2571    31130,8616    15840,8793   145453   49,12%
     41    34    15956,3229  3025    31130,8616    15840,8793   168296   49,12%
     49    39    16068,9398  2706    31130,8616    15851,8087   188190   49,08%
     52    43    16067,2130  2455    31130,8616    15851,8087   210094   49,08%
     61    47    15974,2134  2450    31130,8616    15851,8087   222620   49,08%
     71    55    16174,2782  2504    31130,8616    15851,8087   246672   49,08%
Elapsed time = 148,04 sec. (38885,42 ticks, tree = 0,34 MB, solutions = 8)
     87    76    16068,6714  1964    31130,8616    15851,8087   273907   49,08%
    101    67    16042,7606  2122    31130,8616    15851,8087   262135   49,08%
    116    90    16147,6801  2689    31130,8616    15851,8087   301865   49,08%
    128    82    16024,8629  2715    31130,8616    15851,8087   286379   49,08%
    145   132    16350,3582  1337    31130,8616    15851,8087   343247   49,08%
    161   120    16310,2811  2342    31130,8616    15851,8087   329650   49,08%
*   178+  125                        30001,4048    15851,8087            47,16%
    179   138    16460,8563  1090    30001,4048    15851,8087   347413   47,16%
    199   151    16275,2681  2163    30001,4048    15851,8087   365123   47,16%
    219   171    16457,7651  1679    30001,4048    15851,8087   384637   47,16%
*   227+  148                        19469,1742    15851,8087            18,58%
    235   178    16383,2406  1703    19469,1742    15851,8087   392604   18,58%
Elapsed time = 239,73 sec. (49156,54 ticks, tree = 2,69 MB, solutions = 10)
*   255+  171                        16853,2906    15851,8087             5,94%
    259   214    16355,8389  1103    16853,2906    15851,8087   434921    5,94%
    273   222    16321,8515  1468    16853,2906    15851,8087   448035    5,94%
    288   243    16624,2297  1345    16853,2906    15851,8087   463764    5,94%
*   290+  201                        16624,9741    15851,8087             4,65%
    304   254    16626,5297  1577    16624,9741    15851,8087   476578    4,65%
    329   275    16529,3626  1883    16624,9741    15851,8087   509947    4,65%
*   344   267      integral     0    16516,3626    15851,8087   491836    4,02%
    367   262    16536,8126  1465    16516,3626    15851,8087   487132    4,02%
*   395   305      integral     0    16507,1756    15851,8087   574136    3,97%
    396   304        cutoff          16507,1756    15851,8087   574170    3,97%
    408   310    16061,1662  2082    16507,1756    15851,8087   584354    3,97%
    421   295    16178,0423  2299    16507,1756    15851,8087   562946    3,97%
Elapsed time = 324,99 sec. (58774,73 ticks, tree = 3,57 MB, solutions = 18)
    431   306    15983,7043  2728    16507,1756    15851,8087   579571    3,97%
    446   322    16176,4480  1056    16507,1756    15864,6805   653490    3,89%
    458   315    16296,4442  1813    16507,1756    15864,6805   643292    3,89%
*   461+  310                        16496,8450    15864,6805             3,83%
    471   319    16296,6189  1846    16496,8450    15864,6805   651555    3,83%
    488   309    16209,5136  2301    16496,8450    15936,2017   620228    3,40%
    510   363    16479,1734   590    16496,8450    15954,6315   722679    3,29%
    536   378    16203,2685  1960    16496,8450    15954,6315   755916    3,29%
    563   366    16033,5282  2165    16496,8450    15954,6315   726003    3,29%
    591   377    16307,8758  1226    16496,8450    15954,6315   751671    3,29%
    616   420    16106,0169  2238    16496,8450    15954,6315   800120    3,29%
Elapsed time = 401,86 sec. (68685,25 ticks, tree = 5,12 MB, solutions = 19)
    650   424    16144,4979  1907    16496,8450    15954,6315   801604    3,29%
    681   402    16222,1354  2152    16496,8450    15954,6315   788387    3,29%
    711   396    16440,3805  1942    16496,8450    15954,6315   779474    3,29%
    736   510    16345,1560  1832    16496,8450    15954,6315   882772    3,29%
    763   550    16036,5629  2370    16496,8450    15954,6315   928966    3,29%
    789   484    16280,9949  2199    16496,8450    15954,6315   854006    3,29%
    818   514    16026,6037  2267    16496,8450    15972,7221   886902    3,18%
    852   575    16480,2341  2292    16496,8450    15972,7221   947213    3,18%
    884   575    16035,5466  2003    16496,8450    15972,7221   948621    3,18%
    915   571    16402,5602  2213    16496,8450    15989,0609   942942    3,08%
Elapsed time = 474,10 sec. (78634,26 ticks, tree = 10,08 MB, solutions = 19)
    936   685    16466,6204  2324    16496,8450    15989,0609  1026797    3,08%
    963   646    16223,5295  1678    16496,8450    15989,0609  1001046    3,08%
    996   705    16098,8745  2136    16496,8450    15991,9947  1041044    3,06%
   1026   652    16387,6708  1182    16496,8450    15991,9947  1004808    3,06%
   1062   773        cutoff          16496,8450    15996,3042  1081296    3,03%
   1097   784    16169,7289  1987    16496,8450    15996,3042  1087974    3,03%
   1125   812    16187,5913  2018    16496,8450    15999,5774  1113008    3,01%
   1154   729    16466,2123  2179    16496,8450    15999,5774  1055121    3,01%
   1182   751    16185,6346  2279    16496,8450    15999,5774  1071227    3,01%
   1203   797    16469,0125  1995    16496,8450    15999,5774  1095109    3,01%
Elapsed time = 554,37 sec. (88486,49 ticks, tree = 21,19 MB, solutions = 19)
   1221   865    16411,2219  1964    16496,8450    15999,5774  1145544    3,01%
   1235   899    16103,1328  2260    16496,8450    16012,4573  1174157    2,94%
   1250   851    16033,0004  2251    16496,8450    16012,4573  1138477    2,94%
   1267   958    16330,9977  1915    16496,8450    16012,4573  1212738    2,94%
   1277   964    16366,4312  1960    16496,8450    16012,4573  1216931    2,94%
   1288   929    16419,6608  2024    16496,8450    16013,7864  1192516    2,93%
   1298   982    16251,3728  1918    16496,8450    16013,7864  1227330    2,93%
   1323   994    16171,6491  2201    16496,8450    16013,7864  1233597    2,93%
   1347   988    16492,7492  2177    16496,8450    16017,9438  1231314    2,90%
   1374  1020        cutoff          16496,8450    16017,9438  1249723    2,90%
Elapsed time = 659,21 sec. (98549,14 ticks, tree = 29,43 MB, solutions = 19)
   1397  1007    16112,8695  2225    16496,8450    16017,9438  1240662    2,90%
   1423  1020    16210,8580  1415    16496,8450    16017,9438  1249037    2,90%
   1447  1055    16299,6794  2306    16496,8450    16017,9438  1271078    2,90%
   1482  1009    16426,0865  2122    16496,8450    16017,9438  1241680    2,90%
   1523  1065    16464,3343  2031    16496,8450    16017,9438  1275032    2,90%
   1558  1055    16466,0375  1474    16496,8450    16021,3271  1269681    2,88%
   1583  1080    16419,1821  1360    16496,8450    16021,3271  1291345    2,88%
   1614  1058        cutoff          16496,8450    16021,3271  1277261    2,88%
   1641  1101    16241,8255  1767    16496,8450    16021,3271  1304108    2,88%
   1669  1222    16457,4285  2020    16496,8450    16021,3271  1391844    2,88%
Elapsed time = 714,50 sec. (108410,74 ticks, tree = 42,69 MB, solutions = 19)
   1697  1106    16343,6130  1089    16496,8450    16023,9461  1306759    2,87%
   1728  1259    16185,0664  2707    16496,8450    16023,9461  1420951    2,87%
   1764  1146    16130,2318  1919    16496,8450    16023,9461  1331836    2,87%
   1793  1171    16363,6336  2042    16496,8450    16023,9461  1352983    2,87%
   1829  1350    16446,9107  2103    16496,8450    16026,2458  1490736    2,85%
   1857  1339    16355,2259  1824    16496,8450    16026,2458  1484145    2,85%
   1897  1370    16478,7374   218    16496,8450    16026,2458  1504767    2,85%
   1933  1292    16396,0654  2001    16496,8450    16029,2427  1442465    2,83%
   1970  1442    16435,2657  1796    16496,8450    16029,2427  1555022    2,83%
   2114  1434    16149,5151  1851    16496,8450    16033,3322  1552749    2,81%
Elapsed time = 811,97 sec. (121154,16 ticks, tree = 50,36 MB, solutions = 19)
   2257  1599    16226,3617  1738    16496,8450    16033,3570  1660945    2,81%
   2380  1626    16301,3710  1915    16496,8450    16039,6057  1676776    2,77%
   2535  1912    16096,2648  2180    16496,8450    16043,6470  1860017    2,75%
   2672  1844        cutoff          16496,8450    16044,2961  1818556    2,74%
   2809  2037    16327,7989  1407    16496,8450    16045,4743  1939525    2,74%
   2934  2122        cutoff          16496,8450    16047,9634  2004565    2,72%
   3063  2232    16493,4191  1373    16496,8450    16050,3733  2081881    2,71%
   3206  2251    16190,4854  2049    16496,8450    16051,9845  2095962    2,70%
   3355  2461        cutoff          16496,8450    16054,9013  2242842    2,68%
   3489  2486    16226,7789  1912    16496,8450    16055,2892  2256244    2,68%
Elapsed time = 1104,13 sec. (159535,00 ticks, tree = 98,55 MB, solutions = 19)
   3651  2580    16169,1353  1732    16496,8450    16059,8661  2319356    2,65%
   3799  2770    16481,5507  1623    16496,8450    16059,8661  2436054    2,65%
   3909  2820        cutoff          16496,8450    16059,8661  2471992    2,65%
*  3937+ 2872                        16476,2771    16059,8661             2,53%

Performing restart 1

Repeating presolve.
Tried aggregator 2 times.
MIP Presolve eliminated 504 rows and 10509 columns.
Aggregator did 139 substitutions.
Reduced MIP has 6162 rows, 28101 columns, and 62431 nonzeros.
Reduced MIP has 28085 binaries, 16 generals, 0 SOSs, and 0 indicators.
Presolve time = 0,07 sec. (55,69 ticks)
Tried aggregator 1 time.
Reduced MIP has 6162 rows, 28101 columns, and 62431 nonzeros.
Reduced MIP has 28085 binaries, 16 generals, 0 SOSs, and 0 indicators.
Presolve time = 0,07 sec. (47,34 ticks)
Represolve time = 1,33 sec. (966,58 ticks)
   3943     0    15770,7649  3252    16476,2771  ZeroHalf: 10  2666030    2,50%
   3943     0    15775,0674  3310    16476,2771   ZeroHalf: 7  2666437    2,50%
   3943     0    15783,2637  3329    16476,2771  ZeroHalf: 10  2667021    2,50%
   3943     0    15785,2457  3325    16476,2771   ZeroHalf: 5  2667269    2,50%
   3943     0    15796,3108  3465    16476,2771  ZeroHalf: 29  2667996    2,50%
   3943     0    15796,7634  3540    16476,2771   ZeroHalf: 2  2668141    2,50%
   3943     2    15796,7634  3540    16476,2771    16064,7500  2668141    2,50%
   3945     3    15864,2513  3249    16476,2771    16064,7500  2670967    2,50%
   3963     9    15919,4963  3052    16476,2771    16064,7500  2678414    2,50%
   3997    33    15926,7220  3036    16476,2771    16064,7500  2724371    2,50%
   4065    97    15932,5588  3288    16476,2771    16064,7500  2790227    2,50%
   4097   118    16093,3877  2785    16476,2771    16064,7500  2820760    2,50%
   4158   155    16200,3287  1939    16476,2771    16064,7500  2860075    2,50%
Elapsed time = 1371,67 sec. (242271,98 ticks, tree = 1,84 MB, solutions = 20)
   4254   212    16069,3516  2923    16476,2771    16064,7500  2896556    2,50%
   4336   281    16341,6268  1564    16476,2771    16064,7500  2952756    2,50%
   4441   343    16185,2775  2465    16476,2771    16064,7500  3005391    2,50%
   4564   440    16159,6906  2729    16476,2771    16064,7500  3084069    2,50%
   4661   529    16170,1649  2712    16476,2771    16064,7500  3149494    2,50%
   4767   578    15972,8684  3099    16476,2771    16064,7500  3180895    2,50%
   4821   631    16408,0034  2188    16476,2771    16064,7500  3211197    2,50%
   4946   770    15870,9949  3100    16476,2771    16064,7500  3303458    2,50%
   5076   792    16121,9898  2893    16476,2771    16064,7500  3319348    2,50%
   5258   960    16437,4919  2378    16476,2771    16064,7500  3423067    2,50%
Elapsed time = 1611,00 sec. (280687,39 ticks, tree = 36,78 MB, solutions = 20)
   5409   960        cutoff          16476,2771    16064,7500  3422571    2,50%
   5575  1087    16324,1209  2366    16476,2771    16064,7500  3491316    2,50%
   5717  1242    16089,1940  2844    16476,2771    16064,7500  3575117    2,50%
   5851  1430    16314,5746  2012    16476,2771    16064,7500  3679812    2,50%
   6004  1535    16394,4046  2146    16476,2771    16064,7500  3748116    2,50%
   6169  1700    16403,7692  2277    16476,2771    16064,7500  3830418    2,50%
   6333  1809    16355,1201  2757    16476,2771    16064,7500  3878529    2,50%
   6508  1917    16251,5159  2569    16476,2771    16064,7500  3939795    2,50%
   6662  2126    16348,1142  2350    16476,2771    16064,7500  4028297    2,50%
   6829  2096        cutoff          16476,2771    16064,7500  4025253    2,50%
Elapsed time = 1857,29 sec. (319000,50 ticks, tree = 96,84 MB, solutions = 20)
   6990  2277    16266,0462  2871    16476,2771    16064,7500  4101687    2,50%
   7098  2439    16435,6263  2291    16476,2771    16064,7500  4157412    2,50%
   7260  2564    16177,7094  2605    16476,2771    16064,7500  4231660    2,50%
   7409  2733        cutoff          16476,2771    16064,7500  4299428    2,50%
   7527  2777    16470,7236  2246    16476,2771    16064,7500  4307833    2,50%
   7637  2889    16190,7944  2615    16476,2771    16064,7500  4407610    2,50%
   7790  3035    16304,5973  2570    16476,2771    16064,7500  4480103    2,50%
   7963  3173    15895,2001  2951    16476,2771    16064,7500  4560619    2,50%
   8107  3137    16038,3502  2953    16476,2771    16064,7500  4550070    2,50%
   8255  3451    16005,6980  2930    16476,2771    16064,7500  4704888    2,50%
Elapsed time = 2095,80 sec. (357376,22 ticks, tree = 162,00 MB, solutions = 20)
   8387  3506    16246,6098  2772    16476,2771    16064,7500  4724065    2,50%
   8537  3562        cutoff          16476,2771    16064,7500  4766219    2,50%
   8692  3675    16226,5102  2768    16476,2771    16064,7500  4817146    2,50%
   8868  3922    16028,2240  2997    16476,2771    16064,7500  4936607    2,50%
   8936  3949    16194,2364  2617    16476,2771    16064,7500  4950412    2,50%

Performing restart 2

Repeating presolve.
Tried aggregator 2 times.
MIP Presolve eliminated 30 rows and 440 columns.
Aggregator did 8 substitutions.
Reduced MIP has 6124 rows, 27653 columns, and 61496 nonzeros.
Reduced MIP has 27637 binaries, 16 generals, 0 SOSs, and 0 indicators.
Presolve time = 0,09 sec. (76,19 ticks)
Tried aggregator 1 time.
Reduced MIP has 6124 rows, 27653 columns, and 61496 nonzeros.
Reduced MIP has 27637 binaries, 16 generals, 0 SOSs, and 0 indicators.
Presolve time = 0,06 sec. (46,67 ticks)
Represolve time = 1,41 sec. (991,83 ticks)
   8942     0    15799,7139  3427    16476,2771   ZeroHalf: 7  5084508    2,50%
   8942     0    15803,5307  3505    16476,2771   ZeroHalf: 5  5084955    2,50%
   8942     0    15812,1774  3529    16476,2771  ZeroHalf: 42  5085864    2,50%
   8942     0    15815,6428  3612    16476,2771  ZeroHalf: 13  5086379    2,50%
   8942     0    15815,9466  3634    16476,2771   ZeroHalf: 1  5086514    2,50%
   8942     0    15822,3103  3684    16476,2771  ZeroHalf: 23  5087190    2,50%
   8942     0    15823,4606  3673    16476,2771   ZeroHalf: 3  5087486    2,50%
   8942     0    15823,8646  3639    16476,2771   ZeroHalf: 4  5087690    2,50%
   8942     0    15825,0660  3679    16476,2771   ZeroHalf: 5  5088018    2,50%

Repeating presolve.
Tried aggregator 4 times.
MIP Presolve eliminated 88 rows and 1259 columns.
Aggregator did 38 substitutions.
Reduced MIP has 5998 rows, 26356 columns, and 58827 nonzeros.
Reduced MIP has 26340 binaries, 16 generals, 0 SOSs, and 0 indicators.
Presolve time = 0,15 sec. (113,21 ticks)
Tried aggregator 1 time.
Reduced MIP has 5998 rows, 26356 columns, and 58827 nonzeros.
Reduced MIP has 26340 binaries, 16 generals, 0 SOSs, and 0 indicators.
Presolve time = 0,05 sec. (44,77 ticks)
Represolve time = 1,36 sec. (1043,14 ticks)
   8942     0    15828,6181  3708    16476,2771  ZeroHalf: 14  5114365    2,50%
   8942     0    15832,5822  3650    16476,2771   ZeroHalf: 6  5114787    2,50%
   8942     0    15834,6749  3665    16476,2771   ZeroHalf: 8  5115173    2,50%
   8942     0    15836,6812  3687    16476,2771   ZeroHalf: 9  5115526    2,50%
   8942     0    15836,8288  3717    16476,2771   ZeroHalf: 2  5115622    2,50%
   8942     0    15838,6466  3794    16476,2771  ZeroHalf: 15  5116170    2,50%
   8942     0    15839,6280  3831    16476,2771   ZeroHalf: 5  5116497    2,50%
   8942     2    15839,6280  3829    16476,2771    16064,7500  5116497    2,50%
   8945     4    15848,3234  3646    16476,2771    16064,7500  5118421    2,50%
   8951     7    15862,7763  3168    16476,2771    16064,7500  5122020    2,50%
*  8957+    8                        16454,1504    16064,7500             2,37%
   8968    16    16217,6576  2586    16454,1504    16064,7500  5146715    2,37%
   8989    31    15961,4516  2373    16454,1504    16064,7500  5206657    2,37%
Elapsed time = 2502,55 sec. (559863,79 ticks, tree = 0,28 MB, solutions = 21)
   9036    61    16178,4657  2688    16454,1504    16064,7500  5268440    2,37%
   9079    96    15947,1517  3342    16454,1504    16064,7500  5317808    2,37%
   9137   110    15985,6472  2773    16454,1504    16064,7500  5337252    2,37%
   9207   172    15968,8371  2929    16454,1504    16064,7500  5415272    2,37%
   9294   239    15992,9333  2771    16454,1504    16064,7500  5478194    2,37%
   9393   288    16159,2757  2093    16454,1504    16064,7500  5519182    2,37%
   9505   433    15987,8821  2969    16454,1504    16064,7500  5635608    2,37%
   9608   467        cutoff          16454,1504    16064,7500  5657983    2,37%
   9693   509    15895,1481  3059    16454,1504    16064,7500  5685477    2,37%
   9829   589    15913,3285  2848    16454,1504    16064,7500  5772132    2,37%
Elapsed time = 2732,67 sec. (598388,82 ticks, tree = 13,62 MB, solutions = 21)
   9929   669    16002,5064  2566    16454,1504    16064,7500  5847675    2,37%
  10030   701    16077,7029  2256    16454,1504    16064,7500  5870488    2,37%
  10126   849    15895,6603  3045    16454,1504    16064,7500  6002163    2,37%
  10217   883    16172,8620  2189    16454,1504    16064,7500  6027163    2,37%
  10286   941    16158,3951  2016    16454,1504    16064,7500  6062664    2,37%
  10350   991    16349,7952  1983    16454,1504    16064,7500  6100628    2,37%
  10462  1124    16099,3266  2444    16454,1504    16064,7500  6186137    2,37%
  10602  1138    15992,7630  2680    16454,1504    16064,7500  6197349    2,37%
  10775  1170    16301,9212  2436    16454,1504    16064,7500  6228150    2,37%
  10918  1433        cutoff          16454,1504    16064,7500  6397062    2,37%
Elapsed time = 2967,25 sec. (637062,18 ticks, tree = 58,98 MB, solutions = 21)
  11055  1515    16250,8273  2202    16454,1504    16064,7500  6455196    2,37%
  11218  1632    16111,0718  3205    16454,1504    16064,7500  6525923    2,37%
  11340  1675    16384,0497  1656    16454,1504    16064,7500  6543106    2,37%
  11496  1751    16277,0426  2298    16454,1504    16064,7500  6582581    2,37%
  11695  1880        cutoff          16454,1504    16064,7500  6671620    2,37%
  11869  2059    16406,8876  2044    16454,1504    16064,7500  6750669    2,37%
  11982  2139    16366,2224  2415    16454,1504    16064,7500  6821561    2,37%
  12130  2286    16276,1657  2650    16454,1504    16064,7500  6900764    2,37%
  12300  2406    16017,9649  2903    16454,1504    16064,7500  6970503    2,37%
  12436  2563    16326,5743  2014    16454,1504    16064,7500  7051562    2,37%
Elapsed time = 3222,50 sec. (675409,42 ticks, tree = 124,17 MB, solutions = 21)
  12567  2628    16145,0259  2588    16454,1504    16064,7500  7081823    2,37%
  12675  2860    16032,5408  2397    16454,1504    16064,7500  7199070    2,37%
  12816  2899    15984,5576  2896    16454,1504    16064,7500  7224640    2,37%
  12969  3052    16426,8911  2483    16454,1504    16064,7500  7305741    2,37%
  13101  3029    16346,5712  1648    16454,1504    16064,7500  7276876    2,37%
  13278  3180    16434,6922  2196    16454,1504    16064,7500  7364030    2,37%
  13404  3346    16281,3401  2088    16454,1504    16064,7500  7464054    2,37%
  13563  3385    16433,4615  1877    16454,1504    16064,7500  7479316    2,37%
* 13672  3621      integral     0    16402,8290    16064,7500  7620784    2,06%
  13801  3560    16148,5969  2332    16402,8290    16064,7500  7573896    2,06%
Elapsed time = 3452,96 sec. (713231,97 ticks, tree = 182,88 MB, solutions = 22)
  13976  3466    16347,5092  2145    16402,8290    16064,7500  7694032    2,06%
  14136  3573    16106,0218  2473    16402,8290    16064,7500  7750260    2,06%
  14281  3704    16324,7037  1997    16402,8290    16064,7500  7842376    2,06%
  14440  3835    16200,4257  2197    16402,8290    16064,7500  7895585    2,06%
  14514  3981    16251,3808  2687    16402,8290    16064,7500  7995860    2,06%
  14609  4144    16031,4049  3024    16402,8290    16064,7500  8077339    2,06%
  14719  4175    16239,1335  2686    16402,8290    16064,7500  8098719    2,06%
  14832  4308    16197,1980  2714    16402,8290    16064,7500  8167866    2,06%
  14973  4377    16116,7188  2272    16402,8290    16064,7500  8228961    2,06%
  15094  4488    16367,7201  2359    16402,8290    16064,7500  8296437    2,06%
Elapsed time = 3691,50 sec. (751657,89 ticks, tree = 223,99 MB, solutions = 22)
  15214  4503    16337,7868  2458    16402,8290    16064,7500  8313241    2,06%
  15356  4631    16132,1054  2398    16402,8290    16064,7500  8412409    2,06%
  15472  4746    16234,6639  2673    16402,8290    16064,7500  8492299    2,06%
  15602  4859        cutoff          16402,8290    16064,7500  8589943    2,06%
  15756  4854    16200,7303  2165    16402,8290    16064,7500  8585751    2,06%
  15905  5057    16373,0783  2495    16402,8290    16064,7500  8717823    2,06%
  16035  5082    16322,0935  1778    16402,8290    16064,7500  8737438    2,06%
  16178  5244        cutoff          16402,8290    16064,7500  8837240    2,06%
  16295  5362    16059,0420  2586    16402,8290    16064,7500  8933669    2,06%
  16441  5485    16021,3376  2062    16402,8290    16064,7500  8996312    2,06%
Elapsed time = 3946,19 sec. (790051,05 ticks, tree = 273,04 MB, solutions = 22)
  16582  5601    16260,4572  2102    16402,8290    16064,7500  9089102    2,06%
  16721  5696    16041,9474  2778    16402,8290    16064,7500  9150262    2,06%
  16848  5809    16290,2603  2268    16402,8290    16064,7500  9223291    2,06%
  16971  5962    16123,2330  2192    16402,8290    16064,7500  9344965    2,06%
  17058  5891    16373,5047  2218    16402,8290    16064,7500  9299218    2,06%
  17168  6108    16048,6345  3125    16402,8290    16064,7500  9430378    2,06%
  17288  6172    16264,8297  1735    16402,8290    16064,7500  9467167    2,06%
  17408  6297        cutoff          16402,8290    16064,7500  9559572    2,06%
  17546  6412    16328,5837  2241    16402,8290    16064,7500  9630885    2,06%
  17672  6547    16174,5503  3085    16402,8290    16064,7500  9734502    2,06%
Elapsed time = 4191,60 sec. (828538,43 ticks, tree = 333,17 MB, solutions = 22)
  17796  6564        cutoff          16402,8290    16064,7500  9755199    2,06%
  17926  6670    16392,7421  1901    16402,8290    16064,7500  9855577    2,06%
  18048  6819    16019,3998  3129    16402,8290    16064,7500  9976333    2,06%
  18170  6800    16388,3038  2257    16402,8290    16064,7500  9967006    2,06%
  18301  6963    16149,2473  2396    16402,8290    16064,7500 10098554    2,06%
  18447  7053    16078,8647  2495    16402,8290    16064,7500 10180020    2,06%
  18584  7166    16351,2905  2140    16402,8290    16064,7500 10245993    2,06%
  18737  7078    16137,8724  2217    16402,8290    16064,7500 10202747    2,06%
  18879  7353    16141,4943  2579    16402,8290    16064,7500 10362750    2,06%
  18994  7392    16225,6118  2262    16402,8290    16064,7500 10380521    2,06%
Elapsed time = 4446,14 sec. (866890,32 ticks, tree = 353,84 MB, solutions = 22)
  19124  7545    16186,0822  2343    16402,8290    16064,7500 10498624    2,06%
  19232  7620    16377,7765  2210    16402,8290    16064,7500 10549704    2,06%
  19354  7638    16132,0233  1824    16402,8290    16064,7500 10566360    2,06%
  19480  7866    16216,4241  2592    16402,8290    16064,7500 10742754    2,06%
  19614  7914        cutoff          16402,8290    16064,7500 10759123    2,06%
  19697  7994    16110,6101  2214    16402,8290    16064,7500 10821693    2,06%
  19760  8005    16303,8714  2414    16402,8290    16064,7500 10828447    2,06%
  19833  8244    16360,8284  2083    16402,8290    16064,7500 10993828    2,06%
  19952  8293    16352,9242  2296    16402,8290    16064,7500 11029415    2,06%
  20094  8278    16331,9115  1700    16402,8290    16064,7500 11021451    2,06%
Elapsed time = 4692,50 sec. (905309,44 ticks, tree = 382,71 MB, solutions = 22)
  20217  8350        cutoff          16402,8290    16064,7500 11065737    2,06%
  20345  8478    16048,7842  2498    16402,8290    16064,7500 11165910    2,06%
  20478  8600    16290,5815  2487    16402,8290    16064,7500 11270239    2,06%
  20623  8557    16346,6135  2504    16402,8290    16064,7500 11223708    2,06%
  20759  8834    16256,5779  2156    16402,8290    16064,7500 11447996    2,06%
  20918  8821    16353,9832  1838    16402,8290    16064,7500 11401506    2,06%
  21034  8880    16240,4772  2387    16402,8290    16064,7500 11476452    2,06%
  21175  8924    16385,1486  1829    16402,8290    16064,7500 11498985    2,06%
  21307  9209    16103,5736  2856    16402,8290    16064,7500 11704232    2,06%
  21443  9319    16304,7568  2743    16402,8290    16064,7500 11781688    2,06%
Elapsed time = 4943,16 sec. (943718,56 ticks, tree = 428,08 MB, solutions = 22)
  21587  9242        cutoff          16402,8290    16064,7500 11717755    2,06%
  21731  9338    16356,1185  2398    16402,8290    16064,7500 11808940    2,06%
  21889  9443    16132,9739  2012    16402,8290    16064,7500 11880273    2,06%
  22027  9776    16281,8263  1580    16402,8290    16064,7500 12119347    2,06%
  22194  9650    16389,8341  1827    16402,8290    16064,7500 12016807    2,06%
  22321  9945    16158,3856  2339    16402,8290    16064,7500 12236714    2,06%
  22467  9926        cutoff          16402,8290    16064,7500 12226656    2,06%
  22623 10154    16344,1476  2092    16402,8290    16064,7500 12400937    2,06%
  22777 10027    16377,0602  2028    16402,8290    16064,7500 12311015    2,06%
  22925 10123    16369,9336  2622    16402,8290    16064,7500 12393193    2,06%
Elapsed time = 5198,94 sec. (982062,43 ticks, tree = 466,83 MB, solutions = 22)
* 22954 10262      integral     0    16398,4744    16064,7500 12500647    2,04%
  23061 10516    16126,4635  2848    16398,4744    16064,7500 12631066    2,04%
  23198 10328    16263,6974  1867    16398,4744    16064,7500 12528128    2,04%
  23339 10545        cutoff          16398,4744    16064,7500 12714306    2,04%
  23441 10716    16192,3208  1554    16398,4744    16064,7500 12808316    2,04%
  23577 10833    16318,9747  1873    16398,4744    16064,7500 12916117    2,04%
  23708 10779        cutoff          16398,4744    16064,7500 12861474    2,04%
  23819 11054    16233,7934  2301    16398,4744    16064,7500 13111200    2,04%
  23905 10931    16383,0702  2116    16398,4744    16064,7500 13007206    2,04%
  24027 11000    16388,8784  2069    16398,4744    16064,7500 13063265    2,04%
  24104 11029    16222,3034  2293    16398,4744    16064,7500 13084297    2,04%
Elapsed time = 5451,93 sec. (1020687,55 ticks, tree = 494,75 MB, solutions = 23)
  24196 11269    16320,0444  2186    16398,4744    16064,7500 13288648    2,04%
  24333 11362        cutoff          16398,4744    16064,7500 13370064    2,04%
  24455 11392    16153,6715  2615    16398,4744    16064,7500 13382441    2,04%
  24573 11510        cutoff          16398,4744    16064,7500 13480258    2,04%
  24694 11626    16068,0069  3287    16398,4744    16064,7500 13572403    2,04%
  24837 11591    16034,3728  3006    16398,4744    16064,7500 13558433    2,04%
  25002 11699        cutoff          16398,4744    16064,7500 13663748    2,04%
  25139 11673    16237,3889  2463    16398,4744    16064,7500 13646999    2,04%
  25299 11853        cutoff          16398,4744    16064,7500 13754775    2,04%
  25441 11965    16248,0124  2093    16398,4744    16064,7500 13843554    2,04%
Elapsed time = 5701,72 sec. (1059072,25 ticks, tree = 530,91 MB, solutions = 23)
  25573 12371        cutoff          16398,4744    16064,7500 14119318    2,04%
  25724 12302    16216,9649  1900    16398,4744    16064,7500 14042523    2,04%
  25863 12452    16266,3602  2043    16398,4744    16064,7500 14166180    2,04%
  26013 12363    16206,9706  1680    16398,4744    16064,7500 14098764    2,04%
  26143 12533    16145,4065  2489    16398,4744    16064,7500 14220261    2,04%
  26268 12840    16369,9097  2011    16398,4744    16064,7500 14463579    2,04%
  26423 12668    16368,5186  2283    16398,4744    16064,7500 14319648    2,04%
  26555 12931    16261,1537  2341    16398,4744    16064,7500 14536317    2,04%
  26689 12820    16350,6396  2567    16398,4744    16064,7500 14463022    2,04%
  26827 12920    16187,2483  2072    16398,4744    16064,7500 14527878    2,04%
Elapsed time = 5961,36 sec. (1097401,05 ticks, tree = 585,75 MB, solutions = 23)
  26977 13154    16208,2089  2124    16398,4744    16064,7500 14695511    2,04%
  27124 13495        cutoff          16398,4744    16064,7500 14967452    2,04%
  27260 13226    16156,2944  2129    16398,4744    16064,7500 14772196    2,04%
  27390 13422    16256,9294  1531    16398,4744    16064,7500 14932450    2,04%
  27528 13405    16325,5024  2321    16398,4744    16064,7500 14916732    2,04%
  27675 13727    16210,1670  1957    16398,4744    16064,7500 15165170    2,04%
  27864 13715    16065,3623  2439    16398,4744    16064,7500 15125939    2,04%
  28003 13873    16261,9383  1984    16398,4744    16064,7500 15288267    2,04%
  28138 13905    16314,4357  2469    16398,4744    16064,7500 15315591    2,04%
  28248 13956    16376,8210  2055    16398,4744    16064,7500 15368342    2,04%
Elapsed time = 6227,36 sec. (1135794,22 ticks, tree = 619,82 MB, solutions = 23)
  28349 13984    16238,4813  2250    16398,4744    16064,7500 15389252    2,04%
  28447 14156    16247,1933  2796    16398,4744    16064,7500 15485040    2,04%
  28519 14558    16324,1974  2778    16398,4744    16064,7500 15743426    2,04%
  28593 14415        cutoff          16398,4744    16064,7500 15649816    2,04%
  28674 14628    16051,7896  2834    16398,4744    16064,7500 15810995    2,04%
  28795 14560    16381,5287  1954    16398,4744    16064,7500 15737896    2,04%
  28889 14686    16377,2849  1155    16398,4744    16064,7500 15873665    2,04%
  29018 14761    16341,9093  1913    16398,4744    16064,7500 15981805    2,04%
  29165 14749    16352,6013  2442    16398,4744    16064,7500 15934704    2,04%
  29313 14858    16315,8643  2100    16398,4744    16064,7500 16080556    2,04%
Elapsed time = 6455,63 sec. (1174218,41 ticks, tree = 662,73 MB, solutions = 23)
  29457 14997    16364,0988  2185    16398,4744    16064,7500 16205703    2,04%
  29597 14885    16309,1228  2032    16398,4744    16064,7500 16093287    2,04%
  29744 15199        cutoff          16398,4744    16064,7500 16370134    2,04%
  29906 15095    16248,5801  1880    16398,4744    16064,7500 16279219    2,04%
  30044 15036    16138,8548  1746    16398,4744    16064,7500 16232563    2,04%
  30191 15330    16294,3591  2524    16398,4744    16064,7500 16464010    2,04%
  30315 15367    16325,0356  2578    16398,4744    16064,7500 16490423    2,04%
  30462 15742    16189,8963  2327    16398,4744    16064,7500 16776966    2,04%
  30627 15550    16276,5997  2300    16398,4744    16064,7500 16638384    2,04%
  30774 15892    16328,4106  2648    16398,4744    16064,7500 16884479    2,04%
Elapsed time = 6709,43 sec. (1212613,70 ticks, tree = 715,59 MB, solutions = 23)
  30932 15704    16153,6204  2252    16398,4744    16064,7500 16746248    2,04%
  31062 15776    16314,2218  2847    16398,4744    16064,7500 16802290    2,04%
  31197 15865        cutoff          16398,4744    16064,7500 16878206    2,04%
  31321 16103    16193,5772  2220    16398,4744    16064,7500 17032939    2,04%
  31475 16430    16339,3642  1870    16398,4744    16064,7500 17268596    2,04%
  31601 16261    16288,4729  2085    16398,4744    16064,7500 17145352    2,04%
  31738 16265    16275,3878  2430    16398,4744    16064,7500 17152494    2,04%
  31876 16574    16162,0928  2080    16398,4744    16064,7500 17390666    2,04%
  32008 16641        cutoff          16398,4744    16064,7500 17476541    2,04%
  32140 16609    16205,3589  2634    16398,4744    16064,7500 17404450    2,04%
Elapsed time = 6991,23 sec. (1250931,68 ticks, tree = 745,11 MB, solutions = 23)
  32263 16896    16381,1396  1862    16398,4744    16064,7500 17681556    2,04%
  32352 16720    16367,7726  2462    16398,4744    16064,7500 17553126    2,04%
  32428 17209    16389,5993  1486    16398,4744    16064,7500 17931754    2,04%
  32496 17243    16115,7194  2840    16398,4744    16064,7500 17951755    2,04%
  32585 17270    16255,7321  2316    16398,4744    16064,7500 17971596    2,04%
  32707 17316    16156,8935  2594    16398,4744    16064,7500 18013802    2,04%
  32845 17370    16229,3792  1719    16398,4744    16064,7500 18061307    2,04%
  33001 17526    16337,6784  2243    16398,4744    16064,7500 18167095    2,04%
  33143 17348        cutoff          16398,4744    16064,7500 18033538    2,04%
  33284 17463        cutoff          16398,4744    16064,7500 18144136    2,04%
Elapsed time = 7211,27 sec. (1289395,24 ticks, tree = 767,55 MB, solutions = 23)
  33408 17678    16258,0903  2397    16398,4744    16064,7500 18298866    2,04%
  33538 17659    16171,3795  2068    16398,4744    16064,7500 18277176    2,04%
  33663 17931    16210,2579  2731    16398,4744    16064,7500 18541101    2,04%
  33815 17747    16266,0921  2502    16398,4744    16064,7500 18372051    2,04%
  33961 17904    16320,4020  2050    16398,4744    16064,7500 18527665    2,04%
  34124 17919    16323,9622  2183    16398,4744    16064,7500 18504428    2,04%
  34260 18257    16203,3237  2608    16398,4744    16064,7500 18823868    2,04%
  34412 18087        cutoff          16398,4744    16064,7500 18688986    2,04%
  34577 18281    16086,7147  2544    16398,4744    16064,7500 18837712    2,04%
  34704 18193    16257,1706  2124    16398,4744    16064,7500 18757773    2,04%
Elapsed time = 7466,33 sec. (1327860,13 ticks, tree = 802,40 MB, solutions = 23)
  34834 18588    16175,9818  2001    16398,4744    16064,7500 19084587    2,04%
  34983 18806    16274,3553  2263    16398,4744    16064,7500 19235469    2,04%
  35130 18939    16196,9438  2091    16398,4744    16064,7500 19336295    2,04%
  35282 18892    16091,7058  2229    16398,4744    16064,7500 19312863    2,04%
  35435 18689    16232,4482  1847    16398,4744    16064,7500 19166298    2,04%
  35603 19034    16331,9281  1895    16398,4744    16064,7500 19411842    2,04%
  35770 19184    16390,7426  2732    16398,4744    16064,7500 19536100    2,04%
  35919 19350    16208,1906  1964    16398,4744    16064,7500 19668447    2,04%
  36051 19316    16320,0805  1666    16398,4744    16064,7500 19641847    2,04%
  36207 19352        cutoff          16398,4744    16064,7500 19682577    2,04%
Elapsed time = 7728,29 sec. (1366287,21 ticks, tree = 851,06 MB, solutions = 23)
  36368 19445    16169,9423  2298    16398,4744    16064,7500 19751494    2,04%
  36519 19735    16392,6354  1931    16398,4744    16064,7500 19968556    2,04%
  36677 19608    16326,1487  1922    16398,4744    16064,7500 19886866    2,04%
  36809 19867    16099,1481  2980    16398,4744    16064,7500 20077183    2,04%
  36940 20038    16268,7377  2105    16398,4744    16064,7500 20205856    2,04%
  37061 20120    16323,1143  2291    16398,4744    16064,7500 20277357    2,04%
  37187 19891    16271,3311  2216    16398,4744    16064,7500 20095945    2,04%
  37317 20370    16357,2296  2723    16398,4744    16064,7500 20477729    2,04%
  37453 20392    16196,4713  2159    16398,4744    16064,7500 20518075    2,04%
  37608 20239    16374,0025  2078    16398,4744    16064,7500 20363806    2,04%
Elapsed time = 7988,58 sec. (1404653,83 ticks, tree = 889,62 MB, solutions = 23)
  37727 20433        cutoff          16398,4744    16064,7500 20562799    2,04%
  37863 20528    16181,2775  3008    16398,4744    16064,7500 20659357    2,04%
  37980 20524    16070,1546  2724    16398,4744    16064,7500 20635714    2,04%
  38104 20890    16359,3611  2596    16398,4744    16064,7500 20964266    2,04%
  38227 20571    16303,5367  2280    16398,4744    16064,7500 20715444    2,04%
  38333 20897    16321,3317  2406    16398,4744    16064,7500 20970327    2,04%
  38442 20883    16220,4877  2352    16398,4744    16064,7500 20942201    2,04%
  38506 21119    16199,8395  2322    16398,4744    16064,7500 21137546    2,04%
  38605 21124        cutoff          16398,4744    16064,7500 21141652    2,04%
  38770 21350    16081,1914  2601    16398,4744    16064,7500 21298172    2,04%
Elapsed time = 8253,80 sec. (1443114,59 ticks, tree = 937,40 MB, solutions = 23)
  38889 21134    16126,3648  2070    16398,4744    16064,7500 21155597    2,04%
  39057 21291    16188,3214  2318    16398,4744    16064,7500 21270559    2,04%
  39213 21425    16371,6421  1818    16398,4744    16064,7500 21375300    2,04%
  39365 21718        cutoff          16398,4744    16064,7500 21567841    2,04%
  39530 21657        cutoff          16398,4744    16064,7500 21542956    2,04%
  39653 21457    16306,3143  2542    16398,4744    16064,7500 21389640    2,04%
  39811 21992    16303,9951  1984    16398,4744    16064,7500 21748614    2,04%
  39981 21911    16335,8377  2645    16398,4744    16064,7500 21693263    2,04%
  40131 21867    16385,0845  1940    16398,4744    16064,7500 21663657    2,04%
  40260 22289    16397,8590  1737    16398,4744    16064,7500 22004358    2,04%
Elapsed time = 8483,84 sec. (1481427,99 ticks, tree = 986,31 MB, solutions = 23)
  40382 22137    16332,6350  1827    16398,4744    16064,7500 21877145    2,04%
  40505 22062        cutoff          16398,4744    16064,7500 21816014    2,04%
  40625 22158    16319,9137  2022    16398,4744    16064,7500 21890149    2,04%
  40781 22695    16372,6930  2213    16398,4744    16064,7500 22347820    2,04%
  40918 22648    16163,0511  2649    16398,4744    16064,7500 22317166    2,04%
  41104 22526    16360,5227  1558    16398,4744    16064,7500 22178820    2,04%
  41283 22863        cutoff          16398,4744    16064,7500 22576491    2,04%
  41426 22610    16241,3494  2293    16398,4744    16064,7500 22270501    2,04%
  41588 22799    16176,9238  2224    16398,4744    16064,7500 22451262    2,04%
  41757 22994    16268,4690  2167    16398,4744    16064,7500 22664086    2,04%
Elapsed time = 8743,68 sec. (1519812,83 ticks, tree = 1000,56 MB, solutions = 23)
  41912 22902        cutoff          16398,4744    16064,7500 22564017    2,04%
  42059 22987    16184,3009  2355    16398,4744    16064,7500 22641966    2,04%
  42217 23322    16323,9960  2278    16398,4744    16064,7500 22904898    2,04%
  42357 23102    16396,9948  1758    16398,4744    16064,7500 22761958    2,04%
  42533 23770    16190,6915  2275    16398,4744    16064,7500 23234469    2,04%
  42695 23674        cutoff          16398,4744    16064,7500 23134544    2,04%
  42840 23815    16388,1377  1390    16398,4744    16064,8402 23248731    2,03%
  42998 23763    16386,9044  2210    16398,4744    16064,8402 23220726    2,03%
  43154 23692    16142,4321  2134    16398,4744    16065,2092 23153938    2,03%
  43300 23965    16292,4776  2313    16398,4744    16065,7261 23381889    2,03%
Elapsed time = 9006,35 sec. (1558209,79 ticks, tree = 1059,16 MB, solutions = 23)
  43462 23970    16294,9764  2463    16398,4744    16066,0684 23388452    2,03%
  43610 24050    16345,6652  2617    16398,4744    16066,2703 23430376    2,03%
  43748 24486    16204,5466  2243    16398,4744    16066,6808 23802056    2,02%
  43916 24509    16345,3584  2035    16398,4744    16066,6808 23809184    2,02%
  44075 24455    16255,3986  1951    16398,4744    16066,9193 23782662    2,02%
  44223 24781    16266,8744  2350    16398,4744    16067,3014 24038767    2,02%
  44369 24724    16329,6707  2083    16398,4744    16067,6049 24008388    2,02%
  44525 24854    16092,5676  2914    16398,4744    16068,2345 24092193    2,01%
  44686 25294    16348,9960  2041    16398,4744    16069,0100 24402451    2,01%
  44839 25088    16265,2879  2010    16398,4744    16069,0100 24258600    2,01%
Elapsed time = 9269,70 sec. (1596525,50 ticks, tree = 1121,92 MB, solutions = 23)
  44981 25098    16207,1670  2110    16398,4744    16069,0100 24265635    2,01%
  45125 25312    16328,1399  2390    16398,4744    16069,3497 24418560    2,01%
  45218 25494    16256,1059  2381    16398,4744    16069,9558 24570478    2,00%
  45333 25625    16386,8396  2020    16398,4744    16070,3819 24656464    2,00%
  45438 25403    16238,4116  2369    16398,4744    16070,5873 24504397    2,00%
  45518 25412    16162,9170  1712    16398,4744    16070,8804 24511481    2,00%
  45611 25650    16345,2038  2177    16398,4744    16070,8804 24667838    2,00%
  45733 25518    16250,0939  2493    16398,4744    16071,0658 24597074    2,00%
  45809 25673    16191,9499  2090    16398,4744    16071,8376 24681603    1,99%
  45931 25832    16268,4422  2150    16398,4744    16072,0571 24838956    1,99%
Elapsed time = 9520,93 sec. (1634936,05 ticks, tree = 1135,69 MB, solutions = 23)
  46071 25927    16341,3730  2077    16398,4744    16072,7324 24944919    1,99%
  46226 26188    16341,4304  2389    16398,4744    16072,9079 25127995    1,99%
  46369 26165    16230,7045  2158    16398,4744    16072,9079 25117398    1,99%
  46525 26198    16352,6084  2206    16398,4744    16073,0836 25141810    1,98%
  46647 26262    16365,3953  2144    16398,4744    16073,2776 25172148    1,98%
  46778 26520        cutoff          16398,4744    16073,4797 25339332    1,98%
  46904 26455    16172,0936  3122    16398,4744    16073,7603 25309448    1,98%
  47041 26807    16301,8052  2581    16398,4744    16074,4480 25550165    1,98%
  47153 26863        cutoff          16398,4744    16074,4801 25638920    1,98%
  47268 26474    16238,8637  2755    16398,4744    16074,4801 25328858    1,98%
Elapsed time = 9755,18 sec. (1673276,24 ticks, tree = 1170,93 MB, solutions = 23)
  47380 26818    16333,8434  2281    16398,4744    16074,5449 25611477    1,98%
  47555 26946    16365,1103  1699    16398,4744    16075,3110 25698097    1,97%
  47704 26992    16234,2844  2606    16398,4744    16075,3987 25771030    1,97%
  47843 26952    16338,1541  1590    16398,4744    16075,8053 25740846    1,97%
  47990 26959    16345,3098  2187    16398,4744    16075,9929 25717561    1,97%
  48118 27308        cutoff          16398,4744    16076,0558 26086205    1,97%
  48265 27113    16192,1464  1734    16398,4744    16076,0933 25881115    1,97%
  48400 27162    16348,6605  2135    16398,4744    16076,3069 25931311    1,96%
  48542 27324    16188,4389  2528    16398,4744    16076,7933 26105683    1,96%
  48697 27340    16351,4178  2205    16398,4744    16076,7933 26112286    1,96%
Elapsed time = 10016,64 sec. (1711641,31 ticks, tree = 1203,23 MB, solutions = 23)
  48821 27559    16310,2949  2117    16398,4744    16077,1067 26317343    1,96%
  48957 27865    16357,6843  2422    16398,4744    16077,7279 26587487    1,96%
  49113 27911    16390,4354  2246    16398,4744    16078,0970 26633548    1,95%
  49278 27780    16355,0704  2085    16398,4744    16078,2743 26507405    1,95%
  49433 27717    16183,7284  1971    16398,4744    16078,3665 26432067    1,95%
  49586 28348    16100,0292  2810    16398,4744    16078,8804 26991156    1,95%
  49768 28177        cutoff          16398,4744    16078,9442 26868198    1,95%
  49909 28575    16153,8300  2634    16398,4744    16079,4781 27174251    1,95%
  50073 28525    16388,3810  2248    16398,4744    16079,6242 27139706    1,94%
  50237 28170    16124,6849  2196    16398,4744    16079,6872 26849016    1,94%
Elapsed time = 10279,86 sec. (1750060,48 ticks, tree = 1225,35 MB, solutions = 23)
  50401 28613    16194,2389  1888    16398,4744    16079,9005 27194599    1,94%
  50568 28398    16358,3609  2663    16398,4744    16080,2564 27031672    1,94%
  50724 28455    16243,3362  2425    16398,4744    16080,6836 27074871    1,94%
  50874 28931        cutoff          16398,4744    16081,1480 27467754    1,94%
  51043 29287    16172,8288  2528    16398,4744    16081,4044 27738392    1,93%
  51191 29079    16200,6958  2299    16398,4744    16081,6818 27570208    1,93%
  51333 28923    16292,8922  2149    16398,4744    16081,9239 27446972    1,93%
  51462 29039    16320,5803  2249    16398,4744    16082,0784 27536511    1,93%
  51608 29664    16337,9296  2003    16398,4744    16082,3546 28024442    1,93%
  51801 29448    16316,2189  2479    16398,4744    16082,6610 27862925    1,93%
Elapsed time = 10543,58 sec. (1788405,43 ticks, tree = 1300,82 MB, solutions = 23)
  51962 29932    16345,8133  1644    16398,4744    16082,9684 28207468    1,92%
  52075 29745    16392,2622  2247    16398,4744    16083,1762 28085966    1,92%
  52219 29895    16300,2163  1959    16398,4744    16083,6215 28175578    1,92%
  52355 29907    16314,3527  2644    16398,4744    16083,7835 28182617    1,92%
  52513 30023    16310,8052  2302    16398,4744    16083,7835 28281123    1,92%
  52659 30161    16329,8595  1869    16398,4744    16084,2204 28382966    1,92%
  52795 30461    16397,7702  2438    16398,4744    16084,8067 28646734    1,91%
  52938 30389    16315,1960  1922    16398,4744    16084,8067 28561101    1,91%
  53091 30549    16163,6789  2485    16398,4744    16085,3527 28704959    1,91%
  53258 30684    16177,5953  2551    16398,4744    16085,7249 28799158    1,91%
Elapsed time = 10801,94 sec. (1826749,87 ticks, tree = 1329,93 MB, solutions = 23)
  53423 30853    16148,7608  2660    16398,4744    16086,2863 28946680    1,90%
  53592 30778    16334,8767  1258    16398,4744    16086,2863 28859037    1,90%
  53761 30453    16290,4170  2168    16398,4744    16086,4968 28595331    1,90%
  53901 30726    16333,6185  2482    16398,4744    16086,8077 28825727    1,90%
  54030 30658    16308,9259  2381    16398,4744    16087,0213 28782388    1,90%
  54186 30926    16184,7285  2473    16398,4744    16087,1597 29027355    1,90%
  54310 31084    16260,6862  2504    16398,4744    16087,2082 29154309    1,90%
  54418 31092    16381,4311  2397    16398,4744    16087,7862 29161666    1,89%
  54506 31046    16296,0254  2176    16398,4744    16087,8384 29123974    1,89%
  54601 31326    16251,5235  2038    16398,4744    16088,0023 29346741    1,89%
Elapsed time = 11073,18 sec. (1865195,97 ticks, tree = 1353,22 MB, solutions = 23)
  54735 31298    16328,1675  2312    16398,4744    16088,0023 29322450    1,89%
  54833 31558        cutoff          16398,4744    16088,8021 29501950    1,89%
  54935 31534    16318,1862  2447    16398,4744    16088,8021 29462720    1,89%
  55061 31941    16347,4169  2337    16398,4744    16089,1711 29761389    1,89%
  55196 32264    16281,5481  1887    16398,4744    16089,5069 29990694    1,88%
  55344 32245    16295,3973  2142    16398,4744    16089,8379 29974726    1,88%
  55484 31977    16331,8908  2183    16398,4744    16089,8379 29779337    1,88%
  55608 31884    16239,7482  1758    16398,4744    16089,9896 29738748    1,88%
  55755 32102    16381,6566  2061    16398,4744    16090,1874 29879708    1,88%
  55911 32234    16257,4992  2009    16398,4744    16090,9273 29977075    1,88%
Elapsed time = 11307,16 sec. (1903698,10 ticks, tree = 1409,13 MB, solutions = 23)
  56114 32411    16277,1845  2793    16398,4744    16091,1680 30091319    1,87%
  56274 32415        cutoff          16398,4744    16091,3844 30088668    1,87%
  56414 32735    16162,3230  2409    16398,4744    16091,6537 30370386    1,87%
  56565 32624    16142,0848  2616    16398,4744    16091,7970 30277932    1,87%
  56725 32445    16340,5183  2050    16398,4744    16091,7970 30118520    1,87%
  56915 32998        cutoff          16398,4744    16092,2392 30535527    1,87%
  57046 33282    16135,9290  2335    16398,4744    16092,5438 30731097    1,87%
  57214 33019    16106,6213  2443    16398,4744    16092,6121 30547047    1,87%
  57354 33165    16234,7398  2430    16398,4744    16093,0175 30645602    1,86%
  57487 33344    16375,5649  2357    16398,4744    16093,0503 30801809    1,86%
Elapsed time = 11532,01 sec. (1941996,92 ticks, tree = 1468,41 MB, solutions = 23)
  57615 33427    16216,7037  3058    16398,4744    16093,3122 30857836    1,86%
  57770 33444    16340,5643  2696    16398,4744    16093,3938 30864264    1,86%
  57906 33502    16312,3460  2473    16398,4744    16093,3938 30915371    1,86%
  58082 33669    16241,0884  2529    16398,4744    16093,4852 31071926    1,86%
  58244 33895        cutoff          16398,4744    16093,7794 31226992    1,86%
  58389 34233    16227,7314  2355    16398,4744    16093,8817 31485154    1,86%
  58566 34019    16216,3782  2217    16398,4744    16094,0728 31334116    1,86%
  58717 33924    16284,0562  1756    16398,4744    16094,2220 31246251    1,86%
  58872 34125    16372,5522  2354    16398,4744    16094,4736 31400734    1,85%
  59051 34064    16365,5775  2261    16398,4744    16094,8630 31355699    1,85%
Elapsed time = 11795,29 sec. (1980377,26 ticks, tree = 1479,14 MB, solutions = 23)
  59190 34287    16314,5418  2154    16398,4744    16094,8630 31518519    1,85%
  59355 34208    16397,1618  2642    16398,4744    16095,0426 31474697    1,85%
  59520 34669    16229,4790  2352    16398,4744    16095,4030 31828212    1,85%
  59663 34527    16177,2867  2635    16398,4744    16095,5530 31732120    1,85%
  59807 35062        cutoff          16398,4744    16095,9113 32130722    1,85%

Cover cuts applied:  1
Mixed integer rounding cuts applied:  1
Zero-half cuts applied:  174
Gomory fractional cuts applied:  3

Root node processing (before b&c):
  Real time             =   48,73 sec. (21813,69 ticks)
Parallel b&c, 12 threads:
  Real time             = 11874,14 sec. (1978409,38 ticks)
  Sync time (average)   = 1372,44 sec.
  Wait time (average)   =    0,16 sec.
                          ------------
Total (root+branch&cut) = 11922,87 sec. (2000223,07 ticks)

