
Version identifier: 22.1.1.0 | 2022-11-28 | 9160aff4d
CPXPARAM_MultiObjective_Display                  0
CPXPARAM_TimeLimit                               60000
CPXPARAM_WorkMem                                 8192
CPXPARAM_DetTimeLimit                            60000
Tried aggregator 3 times.
MIP Presolve eliminated 20786 rows and 125451 columns.
Aggregator did 303 substitutions.
Reduced MIP has 1274 rows, 4311 columns, and 9863 nonzeros.
Reduced MIP has 4299 binaries, 12 generals, 0 SOSs, and 0 indicators.
Presolve time = 0,11 sec. (82,84 ticks)
Found incumbent of value 113189,424275 after 0,13 sec. (101,69 ticks)
Probing time = 0,01 sec. (3,96 ticks)
Tried aggregator 2 times.
Detecting symmetries...
Aggregator did 6 substitutions.
Reduced MIP has 1268 rows, 4305 columns, and 9851 nonzeros.
Reduced MIP has 4299 binaries, 6 generals, 0 SOSs, and 0 indicators.
Presolve time = 0,01 sec. (9,71 ticks)
Probing time = 0,01 sec. (3,97 ticks)
Clique table members: 6051.
MIP emphasis: balance optimality and feasibility.
MIP search method: dynamic search.
Parallel mode: deterministic, using up to 12 threads.
Root relaxation solution time = 0,08 sec. (58,58 ticks)

        Nodes                                         Cuts/
   Node  Left     Objective  IInf  Best Integer    Best Bound    ItCnt     Gap

*     0+    0                       113189,4243  -411934,3122           463,93%
*     0+    0                        95597,3443  -411934,3122           530,91%
*     0+    0                        95590,3243  -411934,3122           530,94%
*     0+    0                        95583,3043  -411934,3122           530,97%
*     0+    0                        95576,2843  -411934,3122           531,00%
*     0+    0                        95569,2643  -411934,3122           531,03%
*     0+    0                        95562,2443  -411934,3122           531,06%
*     0+    0                        95556,3043  -411934,3122           531,09%
*     0+    0                        95550,6883  -411934,3122           531,12%
*     0+    0                        95545,0723  -411934,3122           531,14%
      0     0    20334,2288    19    95545,0723    20334,2288     1944   78,72%
*     0+    0                        20351,6248    20334,2288             0,09%
*     0+    0                        20351,6248                           0,00%
      0     0        cutoff          20351,6248                   1946    0,00%
Elapsed time = 0,41 sec. (247,69 ticks, tree = 0,01 MB, solutions = 12)

Root node processing (before b&c):
  Real time             =    0,42 sec. (260,78 ticks)
Parallel b&c, 12 threads:
  Real time             =    0,00 sec. (0,00 ticks)
  Sync time (average)   =    0,00 sec.
  Wait time (average)   =    0,00 sec.
                          ------------
Total (root+branch&cut) =    0,42 sec. (260,78 ticks)

