
Version identifier: 22.1.1.0 | 2022-11-28 | 9160aff4d
CPXPARAM_MultiObjective_Display                  0
CPXPARAM_TimeLimit                               2000000
CPXPARAM_WorkMem                                 8192
CPXPARAM_DetTimeLimit                            2000000
Tried aggregator 3 times.
MIP Presolve eliminated 125732 rows and 1086964 columns.
Aggregator did 1221 substitutions.
Reduced MIP has 5474 rows, 27507 columns, and 60641 nonzeros.
Reduced MIP has 27476 binaries, 31 generals, 0 SOSs, and 0 indicators.
Presolve time = 0,95 sec. (634,08 ticks)
Found incumbent of value 192590,951513 after 1,13 sec. (766,86 ticks)
Probing time = 0,04 sec. (12,51 ticks)
Tried aggregator 2 times.
Detecting symmetries...
Aggregator did 15 substitutions.
Reduced MIP has 5459 rows, 27492 columns, and 60611 nonzeros.
Reduced MIP has 27476 binaries, 16 generals, 0 SOSs, and 0 indicators.
Presolve time = 0,06 sec. (56,32 ticks)
Probing time = 0,03 sec. (12,10 ticks)
Clique table members: 34097.
MIP emphasis: balance optimality and feasibility.
MIP search method: dynamic search.
Parallel mode: deterministic, using up to 12 threads.
Root relaxation solution time = 0,73 sec. (447,47 ticks)

        Nodes                                         Cuts/
   Node  Left     Objective  IInf  Best Integer    Best Bound    ItCnt     Gap

*     0+    0                       192590,9515 -1832667,0000              --- 
*     0+    0                       173990,9435 -1832667,0000              --- 
*     0+    0                       173972,6915 -1832667,0000              --- 
*     0+    0                       173954,4395 -1832667,0000              --- 
*     0+    0                       173936,1875 -1832667,0000              --- 
*     0+    0                       173917,9355 -1832667,0000              --- 
*     0+    0                       173899,6835 -1832667,0000              --- 
*     0+    0                       173882,5115 -1832667,0000              --- 
*     0+    0                       173865,6635 -1832667,0000              --- 
*     0+    0                       173848,8155 -1832667,0000              --- 
      0     0    26767,0184  1818   173848,8155    26767,0184       35   84,60%
*     0+    0                       121014,5487    26767,0184            77,88%
      0     0    26902,0002  1975   121014,5487      Cuts: 14      945   77,77%
      0     0    26946,2298  2016   121014,5487  ZeroHalf: 17     1447   77,73%
*     0+    0                       114500,4264    26946,2298            76,47%
*     0+    0                       114498,3204    26946,2298            76,47%
      0     0    26992,4563  2099   114498,3204  ZeroHalf: 14     2086   76,43%
*     0+    0                        68581,2699    26992,4563            60,64%
*     0+    0                        47881,4091    26992,4563            43,63%
      0     0  -1,00000e+75     0    47881,4091    26992,4563     2086   43,63%
      0     0    27019,7228  2131    47881,4091   ZeroHalf: 9     2472   43,57%
      0     0    27032,3131  2131    47881,4091  ZeroHalf: 16     2771   43,54%
Detecting symmetries...
      0     0    27052,2553  2128    47881,4091   ZeroHalf: 8     3137   43,50%
      0     0    27053,4382  2112    47881,4091   ZeroHalf: 2     3247   43,50%
Detecting symmetries...
      0     2    27053,4382  2112    47881,4091    27053,4382     3247   43,50%
Elapsed time = 22,69 sec. (10742,44 ticks, tree = 0,02 MB, solutions = 15)
      2     4    27094,6481  2160    47881,4091    27053,4633     4437   43,50%
      4     5    27118,4165  2158    47881,4091    27053,4633     4952   43,50%
      7     6    27145,3679  1895    47881,4091    27053,4633     6177   43,50%
      9     7    27152,7567  2037    47881,4091    27053,4633     7468   43,50%
     12     9    27161,4571  1914    47881,4091    27094,6604    10211   43,41%
     17    12    27229,7485  1968    47881,4091    27118,5155    14838   43,36%
     21    14    27233,4221  1961    47881,4091    27138,2673    17586   43,32%
     26    11    27166,0633  2118    47881,4091    27138,2673    12242   43,32%
     33    13    27222,3851  1860    47881,4091    27138,2673    15899   43,32%
     47    35    27352,8217  1762    47881,4091    27150,6055    70267   43,30%
Elapsed time = 43,99 sec. (14944,50 ticks, tree = 0,52 MB, solutions = 15)
     75    62    27384,7138  1714    47881,4091    27150,6055    96766   43,30%
    117    66    27507,1842  1757    47881,4091    27150,6055    99028   43,30%
*   139+   76                        46795,7649    27150,6055            41,98%
    140   135    27470,9335  1653    46795,7649    27150,6055   133711   41,98%
*   141+   84                        45394,6801    27150,6055            40,19%
    165   137    27895,7573  1302    45394,6801    27150,6055   136668   40,19%
    204   169    27653,7462  1556    45394,6801    27150,6055   158888   40,19%
*   212+  144                        42652,1890    27150,6055            36,34%
*   224+  180                        34233,4817    27150,6055            20,69%
*   248   214      integral     0    29823,8375    27150,6055   182877    8,96%
*   292+  254                        29475,7024    27150,6055             7,89%
    309   247    28180,6016  1199    29475,7024    27150,6055   197925    7,89%
*   323   255      integral     0    29362,9476    27150,6055   202508    7,53%
    400   294    28982,7520  1196    29362,9476    27161,6123   221043    7,50%
    468   350    27300,1229  1717    29362,9476    27161,6123   240591    7,50%
Elapsed time = 105,67 sec. (23612,52 ticks, tree = 5,95 MB, solutions = 24)
    502   379    28925,9745  1153    29362,9476    27166,0791   257902    7,48%
    537   428    27564,9820  1766    29362,9476    27166,0791   294945    7,48%
    573   451    28140,4841  1199    29362,9476    27166,0791   312442    7,48%
    605   500    27937,8432  1525    29362,9476    27187,8115   344233    7,41%
    655   515    29118,6445  1070    29362,9476    27187,8115   349760    7,41%
    712   588    28215,6479  1588    29362,9476    27187,8115   391788    7,41%
    769   558    27277,8420  1790    29362,9476    27187,8115   378218    7,41%
    829   669        cutoff          29362,9476    27187,8115   431705    7,41%
    891   628    28042,3753  1672    29362,9476    27187,8115   412490    7,41%
    953   707    27381,5457  1720    29362,9476    27229,7502   447909    7,26%
Elapsed time = 177,06 sec. (33301,40 ticks, tree = 14,99 MB, solutions = 24)
   1002   785    27497,8308  1654    29362,9476    27259,4321   487065    7,16%
   1073   799    27550,6074  1819    29362,9476    27259,4321   493323    7,16%
   1148   916    27864,6353  1683    29362,9476    27260,4992   538196    7,16%
   1219   923    28140,2914  1601    29362,9476    27261,6787   540206    7,16%
   1266   933    28892,2718  1593    29362,9476    27266,3781   546949    7,14%
   1344  1029    27887,6387  1798    29362,9476    27266,3781   581737    7,14%
   1394  1035    28148,1110  1685    29362,9476    27278,1413   583709    7,10%
   1462  1153    29203,1463  1324    29362,9476    27281,1464   628162    7,09%
   1537  1171        cutoff          29362,9476    27288,0327   635483    7,07%
   1604  1256    27547,4477  1749    29362,9476    27288,4830   671360    7,06%
Elapsed time = 251,28 sec. (43025,51 ticks, tree = 41,91 MB, solutions = 24)
   1669  1261    27800,1014  1534    29362,9476    27288,4830   673373    7,06%
   1729  1389    29106,0852  1888    29362,9476    27288,4830   723404    7,06%
   1789  1297    28019,1279  1689    29362,9476    27294,9704   688283    7,04%
   1862  1460    28484,8332  1541    29362,9476    27294,9704   749962    7,04%
   1918  1492    27585,0341  1743    29362,9476    27306,2442   763616    7,00%
   1970  1552    28421,2721  1627    29362,9476    27314,3864   789883    6,98%
   2013  1626    28584,7873  1439    29362,9476    27315,9597   828459    6,97%
   2086  1684    28045,3562  1798    29362,9476    27315,9597   852413    6,97%
   2162  1758    29058,8716  1187    29362,9476    27325,2668   886470    6,94%
   2237  1773    27499,6345  1550    29362,9476    27325,2668   899469    6,94%
Elapsed time = 326,12 sec. (52877,49 ticks, tree = 67,55 MB, solutions = 24)
   2292  1805    28165,2310  1478    29362,9476    27325,2668   913571    6,94%
   2352  1808    29109,2654  1371    29362,9476    27326,3844   910371    6,94%
   2424  1876    29083,1019  1246    29362,9476    27326,3844   938301    6,94%
   2489  1989    29103,0202  1716    29362,9476    27330,6557   995636    6,92%
   2571  2085    28380,3504  1492    29362,9476    27339,2250  1030136    6,89%
   2638  1996    27986,5146  1586    29362,9476    27341,5868   999812    6,88%
   2706  2057    28481,2732  1549    29362,9476    27346,4462  1019451    6,87%
   2772  2166    28768,6371  1227    29362,9476    27351,5460  1065054    6,85%
   2850  2265    28725,1601  1586    29362,9476    27351,5460  1108343    6,85%
   2925  2245    28237,6322  1808    29362,9476    27351,5460  1100293    6,85%
Elapsed time = 399,39 sec. (62517,78 ticks, tree = 91,47 MB, solutions = 24)
   2984  2274    27680,8672  1714    29362,9476    27357,8126  1112704    6,83%
   3033  2332    28525,2225  1862    29362,9476    27365,1119  1134849    6,80%
   3099  2502    28838,7242  1633    29362,9476    27366,9646  1201867    6,80%
   3168  2561    28385,4820  1490    29362,9476    27370,0809  1225581    6,79%
   3242  2525    27578,0512  1740    29362,9476    27372,5714  1211295    6,78%
   3308  2651    29309,8421  1556    29362,9476    27374,1422  1263616    6,77%
   3367  2652    27806,5281  1503    29362,9476    27374,1422  1265742    6,77%
   3444  2681    29276,8656  1321    29362,9476    27381,8751  1273753    6,75%
   3525  2721    29305,4304  1419    29362,9476    27382,5551  1292436    6,74%
   3589  2936    29192,7622  1081    29362,9476    27382,5551  1384644    6,74%
Elapsed time = 473,41 sec. (72199,53 ticks, tree = 111,60 MB, solutions = 24)
   3647  2918    28322,2905  1321    29362,9476    27382,5551  1381890    6,74%
   3685  3020        cutoff          29362,9476    27383,3919  1423097    6,74%
   3738  2981    27556,4765  1834    29362,9476    27385,6731  1404472    6,73%
   3811  3064    29039,6715   791    29362,9476    27388,9750  1444413    6,72%
   3871  3116    27921,4934  1742    29362,9476    27388,9750  1477219    6,72%
   3928  3099    28769,2612  1214    29362,9476    27388,9750  1466184    6,72%
   3942  3153    28494,5694  1570    29362,9476    27388,9750  1491905    6,72%

Performing restart 1

Repeating presolve.
Tried aggregator 1 time.
MIP Presolve eliminated 8 rows and 139 columns.
Reduced MIP has 5451 rows, 27353 columns, and 60322 nonzeros.
Reduced MIP has 27337 binaries, 16 generals, 0 SOSs, and 0 indicators.
Presolve time = 0,05 sec. (36,74 ticks)
Tried aggregator 1 time.
Reduced MIP has 5451 rows, 27353 columns, and 60322 nonzeros.
Reduced MIP has 27337 binaries, 16 generals, 0 SOSs, and 0 indicators.
Presolve time = 0,06 sec. (45,41 ticks)
Represolve time = 1,60 sec. (1069,84 ticks)
   3944     0    27065,6289  2109    29362,9476   ZeroHalf: 6  1587339    6,72%
   3944     0    27070,2332  2120    29362,9476   ZeroHalf: 7  1587648    6,72%
   3944     0    27076,8649  2186    29362,9476   ZeroHalf: 9  1587879    6,72%
   3944     0    27078,5774  2164    29362,9476   ZeroHalf: 3  1588055    6,72%
   3944     0    27100,8242  2167    29362,9476   ZeroHalf: 9  1588507    6,72%
   3944     0    27115,5089  2153    29362,9476       Cuts: 7  1588867    6,72%
   3944     0    27124,6616  2203    29362,9476   ZeroHalf: 5  1589126    6,72%
   3944     2    27124,6616  2203    29362,9476    27389,0286  1589126    6,72%
   3945     3    27315,7513  1955    29362,9476    27389,0286  1591065    6,72%
   3949     7    27136,9916  2206    29362,9476    27389,0286  1592024    6,72%
Elapsed time = 573,31 sec. (111312,60 ticks, tree = 0,02 MB, solutions = 24)
   3972    22    27144,8726  2129    29362,9476    27389,0286  1597651    6,72%
   3990    25    27483,0459  1999    29362,9476    27389,0286  1603028    6,72%
   4005    59    27410,3297  1890    29362,9476    27389,0286  1644124    6,72%
   4029    61    27608,8113  1884    29362,9476    27389,0286  1647151    6,72%
   4037    71    28214,9812  1726    29362,9476    27389,0286  1659067    6,72%
   4046    86    27378,0548  1930    29362,9476    27389,0286  1673269    6,72%
   4068    93    27500,0971  1853    29362,9476    27389,0286  1687078    6,72%
   4104   142    27520,7668  1759    29362,9476    27389,0286  1729560    6,72%
   4145   161    27659,6557  1740    29362,9476    27389,0286  1738813    6,72%
   4192   189    27531,6958  1882    29362,9476    27389,0286  1746425    6,72%
Elapsed time = 639,94 sec. (121317,81 ticks, tree = 3,92 MB, solutions = 24)
   4233   226    27592,5272  1820    29362,9476    27389,0286  1762856    6,72%
   4268   243    28081,9471  1741    29362,9476    27389,0286  1770861    6,72%
   4309   272    28313,7530  1756    29362,9476    27389,0286  1783203    6,72%
   4345   362    27442,1773  1753    29362,9476    27389,0286  1830568    6,72%
   4387   413    27555,2154  1808    29362,9476    27389,0286  1853065    6,72%
   4439   402    29146,9998  1499    29362,9476    27389,0286  1849065    6,72%
   4489   391    27546,4011  1952    29362,9476    27389,0286  1845479    6,72%
   4533   521    29219,8307  1410    29362,9476    27389,0286  1901234    6,72%
   4603   564    28739,9826  1421    29362,9476    27389,0286  1915906    6,72%
   4817   776    27350,1877  1844    29362,9476    27389,0286  2008715    6,72%
Elapsed time = 730,46 sec. (133905,36 ticks, tree = 29,62 MB, solutions = 24)
   5033   873    29345,5946  1399    29362,9476    27389,0286  2055110    6,72%
   5218  1043    27362,6282  2009    29362,9476    27389,0286  2139804    6,72%
   5479  1214    28412,0056  1429    29362,9476    27389,0286  2209851    6,72%
   5753  1384    29113,4861  1506    29362,9476    27389,0286  2287006    6,72%
   6038  1670    28941,5768   944    29362,9476    27389,0286  2407184    6,72%
   6266  1894    28379,3511  1773    29362,9476    27389,0286  2501991    6,72%
*  6347+ 1867                        29235,0275    27389,0286             6,31%
   6494  1989    28438,2866  1823    29235,0275    27389,0286  2594517    6,31%
   6770  2092        cutoff          29235,0275    27389,0286  2649410    6,31%
   7015  2310    29065,5189  1770    29235,0275    27389,0286  2750427    6,31%
   7166  2443    28613,5151  1770    29235,0275    27389,0286  2815392    6,31%
Elapsed time = 1011,19 sec. (172291,98 ticks, tree = 110,94 MB, solutions = 25)
   7351  2601    29170,4687  1602    29235,0275    27389,0286  2905534    6,31%
   7489  2752    28698,2567  1805    29235,0275    27389,0286  2993573    6,31%
   7584  2851    28459,0317  2005    29235,0275    27389,0286  3051884    6,31%
   7685  2876    27821,9747  1785    29235,0275    27389,0286  3067680    6,31%
   7803  2998    28437,2422  1706    29235,0275    27389,0286  3138240    6,31%
   7982  3067    29210,1654  1683    29235,0275    27389,0286  3191518    6,31%
   8130  3183    28762,6829  1732    29235,0275    27389,0286  3261029    6,31%
   8262  3306    28711,7954  1884    29235,0275    27389,0286  3352917    6,31%
   8404  3440        cutoff          29235,0275    27389,0286  3462714    6,31%
   8529  3457    27887,1339  2036    29235,0275    27389,0286  3480328    6,31%
Elapsed time = 1290,65 sec. (210805,93 ticks, tree = 158,82 MB, solutions = 25)
   8662  3634    29140,0911  1811    29235,0275    27389,0286  3618231    6,31%
   8799  3708    28285,9429  1877    29235,0275    27389,0286  3681477    6,31%
   8885  3772        cutoff          29235,0275    27389,0286  3725498    6,31%
   8982  3853    28988,8319  1727    29235,0275    27389,0286  3797836    6,31%
*  9064  3946      integral     0    29208,7086    27389,0286  3857376    6,23%
   9137  3946    29160,1236  1588    29208,7086    27389,0286  3866102    6,23%
   9269  3971    28523,9454  2034    29208,7086    27406,0303  3915907    6,17%
   9418  4159    28439,2821  1637    29208,7086    27406,0812  4069103    6,17%
   9541  4233    28839,7086  1994    29208,7086    27409,8911  4130068    6,16%
   9624  4268    28301,5637  1854    29208,7086    27414,6762  4152176    6,14%
*  9682+ 4337                        29198,7167    27414,6762             6,11%
   9695  4393    29012,9107  1477    29198,7167    27414,6762  4265231    6,11%
Elapsed time = 1569,39 sec. (249123,20 ticks, tree = 189,29 MB, solutions = 27)
   9803  4444    29055,1514  1327    29198,7167    27414,6762  4312696    6,11%
   9940  4497        cutoff          29198,7167    27436,1654  4367929    6,04%
  10074  4580    28349,6634  1818    29198,7167    27444,0447  4436236    6,01%
  10188  4638    28872,0492  2111    29198,7167    27446,3925  4476415    6,00%
  10331  4841    28636,4223  1873    29198,7167    27458,1395  4653224    5,96%
  10500  4924    28285,2178  1997    29198,7167    27469,5468  4717841    5,92%
  10625  4944    28777,2906  1898    29198,7167    27469,5468  4735466    5,92%
  10738  5046    28226,5287  1740    29198,7167    27486,2642  4807408    5,86%
  10826  5127        cutoff          29198,7167    27486,4752  4879697    5,86%
  10887  5208    28664,1802  1627    29198,7167    27493,5346  4951829    5,84%
Elapsed time = 1858,50 sec. (287566,09 ticks, tree = 220,10 MB, solutions = 27)
  10970  5303    28844,5251  1296    29198,7167    27493,5346  5053550    5,84%
  11111  5370    28986,9567  1849    29198,7167    27493,5346  5115191    5,84%
  11251  5377    29064,8102  1850    29198,7167    27508,1673  5114264    5,79%
  11381  5564    28993,3650  1783    29198,7167    27510,5610  5266768    5,78%
  11518  5593    28593,7129  2015    29198,7167    27522,3327  5295064    5,74%
  11631  5660    28450,4791  1823    29198,7167    27524,0367  5341918    5,74%
  11777  5839        cutoff          29198,7167    27528,3215  5510568    5,72%
  11884  5949    29115,6376  1726    29198,7167    27532,1481  5588510    5,71%
  11978  5924    28499,7597  1920    29198,7167    27538,9905  5569208    5,68%
  12118  6090    29015,0923  1816    29198,7167    27543,4185  5744944    5,67%
Elapsed time = 2139,68 sec. (325819,46 ticks, tree = 240,64 MB, solutions = 27)
  12230  6162    28009,4405  2231    29198,7167    27543,4185  5820814    5,67%
  12325  6172    28847,6974  1909    29198,7167    27554,5981  5827337    5,63%
  12417  6248    28893,7297  1893    29198,7167    27556,5627  5902007    5,62%
  12481  6377    27867,8656  1929    29198,7167    27558,3804  6009287    5,62%
  12597  6457    29131,7903  1802    29198,7167    27558,3804  6077563    5,62%
  12715  6534    28721,0967  1659    29198,7167    27567,4078  6157456    5,59%
  12835  6557    28427,4209  1882    29198,7167    27571,9760  6175698    5,57%
  12958  6574        cutoff          29198,7167    27574,3595  6192172    5,56%
  13097  6742    28984,8801  1681    29198,7167    27575,2136  6350112    5,56%
  13272  6817    28272,1724  1928    29198,7167    27579,1119  6416399    5,55%
Elapsed time = 2421,28 sec. (364365,42 ticks, tree = 270,86 MB, solutions = 27)
  13404  6872    28722,8568  1987    29198,7167    27591,0633  6451835    5,51%
  13524  7039    28745,8540  1847    29198,7167    27591,0633  6587131    5,51%
  13660  7094    28786,7180  1957    29198,7167    27599,6924  6620654    5,48%
  13794  7128    28647,2783  1730    29198,7167    27599,6924  6655519    5,48%
  13937  7338    28991,3368  2064    29198,7167    27616,3883  6840865    5,42%
  14054  7439    29155,8787  1774    29198,7167    27621,6978  6912011    5,40%
  14142  7567    29042,6221  1827    29198,7167    27632,8210  7047093    5,36%
  14238  7543    29073,8086  1674    29198,7167    27635,3287  7021063    5,35%
  14302  7583    27995,2683  2109    29198,7167    27638,3593  7068927    5,34%
  14384  7699    28474,4355  2050    29198,7167    27639,5481  7171517    5,34%
Elapsed time = 2722,52 sec. (402972,68 ticks, tree = 299,09 MB, solutions = 27)
  14511  7731    28793,6093  1496    29198,7167    27639,5481  7205212    5,34%
  14626  7823    29048,8300  1420    29198,7167    27652,5621  7297257    5,30%
  14794  7815    29031,2665  1917    29198,7167    27652,5621  7288408    5,30%
  14936  7916    28482,6171  1883    29198,7167    27663,2541  7356360    5,26%
  15061  8036    28610,5381  2048    29198,7167    27669,2309  7448427    5,24%
  15187  8153    29050,4760  1995    29198,7167    27674,2388  7525632    5,22%
  15329  8241        cutoff          29198,7167    27676,3002  7621303    5,21%
  15454  8362    28717,5237  1914    29198,7167    27678,6472  7735084    5,21%
  15574  8330    28308,5468  1986    29198,7167    27684,8982  7717075    5,18%
  15680  8451    28473,7863  1657    29198,7167    27695,0960  7842414    5,15%
Elapsed time = 2998,77 sec. (441480,96 ticks, tree = 339,60 MB, solutions = 27)
  15807  8623    28999,8895  1238    29198,7167    27703,5862  7984138    5,12%
  15929  8577    28782,2312  1954    29198,7167    27709,1769  7941238    5,10%
  16047  8692    28021,2756  2202    29198,7167    27709,5663  8045625    5,10%
  16122  8847    29080,4882  1732    29198,7167    27725,9533  8197911    5,04%
  16202  8916    28894,0500  1989    29198,7167    27729,2372  8268775    5,03%
* 16256+ 8862                        29142,4981    27731,8607             4,84%
  16268  9023    29180,6145  1101    29142,4981    27731,8607  8381969    4,84%
  16364  8819    28667,8346  1740    29142,4981    27734,1051  8412712    4,83%
  16483  8830    28404,0341  2030    29142,4981    27734,1051  8428719    4,83%
  16597  8849    28476,1963  1729    29142,4981    27739,5975  8445771    4,81%
  16744  8861    28266,3929  2097    29142,4981    27739,5975  8466635    4,81%
Elapsed time = 3287,91 sec. (480020,48 ticks, tree = 345,29 MB, solutions = 28)
  16852  8951    28114,7230  1882    29142,4981    27751,6243  8545137    4,77%
  16994  9081    29135,4725  1853    29142,4981    27754,4327  8649849    4,76%
  17117  9154    28924,1922  1920    29142,4981    27756,6143  8728749    4,76%
  17228  9229    28537,0677  2120    29142,4981    27763,4939  8799526    4,73%
  17358  9449    29061,4597  2241    29142,4981    27765,7947  8995414    4,72%
  17495  9389    28574,9946  1838    29142,4981    27773,0924  8948378    4,70%
  17648  9536    29084,1785  1834    29142,4981    27775,6563  9070222    4,69%
  17793  9536        cutoff          29142,4981    27777,5653  9077254    4,68%
  17935  9628    28539,1305  1897    29142,4981    27782,9529  9166351    4,67%
  18071  9810    28951,5602  1861    29142,4981    27799,6459  9349198    4,61%
Elapsed time = 3580,82 sec. (518584,02 ticks, tree = 386,42 MB, solutions = 28)
  18168  9791    29077,0377  1905    29142,4981    27801,8335  9337145    4,60%
  18292 10034    28404,1833  1920    29142,4981    27804,2491  9501691    4,59%
  18421  9985    28962,5480  1564    29142,4981    27815,0040  9475384    4,56%
  18523 10043        cutoff          29142,4981    27817,7251  9527199    4,55%
  18641 10129    29075,0297  1935    29142,4981    27820,5796  9627697    4,54%
  18724 10177    28057,4664  2108    29142,4981    27826,0918  9703328    4,52%
  18808 10342    28904,4561  2026    29142,4981    27827,4615  9852175    4,51%
  18877 10277    28464,5076  2149    29142,4981    27831,2069  9781183    4,50%
  18978 10442    29126,0830  1384    29142,4981    27839,4899  9922960    4,47%
  19095 10540    28509,6454  1949    29142,4981    27843,1105 10017551    4,46%
Elapsed time = 3911,19 sec. (557122,18 ticks, tree = 417,08 MB, solutions = 28)
  19229 10497    28394,1616  2100    29142,4981    27844,0121  9978085    4,46%
  19357 10671        cutoff          29142,4981    27846,8014 10131846    4,45%
  19478 10636    28713,9230  2080    29142,4981    27847,6557 10102450    4,44%
  19646 10839    29101,8013  1396    29142,4981    27851,9446 10277844    4,43%
  19773 10838        cutoff          29142,4981    27853,8775 10303319    4,42%
  19903 10848    28674,1175  2136    29142,4981    27857,3842 10291397    4,41%
  20005 10916    28424,6945  1912    29142,4981    27857,8376 10371764    4,41%
  20124 10995    28906,9890  1939    29142,4981    27863,6726 10440830    4,39%
  20240 11242    28805,9725  1394    29142,4981    27868,6217 10666445    4,37%
  20385 11252    28236,7307  1956    29142,4981    27873,5740 10673837    4,35%
Elapsed time = 4170,97 sec. (595603,09 ticks, tree = 452,10 MB, solutions = 28)
  20520 11243    28952,9139  2006    29142,4981    27875,7244 10656744    4,35%
  20657 11545    28621,3194  1914    29142,4981    27881,0715 10973223    4,33%
  20802 11416    28500,2268  2187    29142,4981    27882,3796 10856231    4,32%
  20959 11521    28561,7868  2082    29142,4981    27888,1606 10942943    4,30%
  21114 11838    28750,2909  1814    29142,4981    27894,8146 11214264    4,28%
  21239 11710    29017,0319  1795    29142,4981    27902,0950 11117015    4,26%
  21346 11943    28169,7806  2265    29142,4981    27903,5473 11290417    4,25%
  21444 12037    28949,3566  1927    29142,4981    27903,5709 11376682    4,25%
  21529 12073    28758,5076  2100    29142,4981    27912,2475 11419002    4,22%
  21586 12221    28421,0857  1977    29142,4981    27922,1224 11547350    4,19%
Elapsed time = 4472,62 sec. (634074,29 ticks, tree = 499,42 MB, solutions = 28)
  21655 12256    28916,2988  2081    29142,4981    27924,0828 11590988    4,18%
  21748 12304        cutoff          29142,4981    27927,6674 11652285    4,17%
  21848 12341    28653,3824  1760    29142,4981    27928,0288 11693148    4,17%
  21979 12366    28582,3994  1868    29142,4981    27928,0288 11734471    4,17%
  22094 12383    28527,9497  2141    29142,4981    27928,0288 11756437    4,17%
  22214 12371    28525,8397  1939    29142,4981    27936,0487 11747138    4,14%
  22319 12530    29105,2462  1448    29142,4981    27938,5927 11898199    4,13%
  22430 12441    28821,7724  1791    29142,4981    27940,0518 11815546    4,13%
  22548 12560    28993,0626  1873    29142,4981    27941,5808 11931795    4,12%
  22671 12670    29069,0425  2066    29142,4981    27948,8959 12023187    4,10%
Elapsed time = 4770,45 sec. (672606,01 ticks, tree = 509,29 MB, solutions = 28)
  22820 12845    29123,2971  1687    29142,4981    27951,3443 12232550    4,09%
  22927 12909    28684,8123  1927    29142,4981    27954,2432 12306447    4,08%
  23053 12806    28645,8808  2126    29142,4981    27955,2595 12219634    4,07%
  23182 12975    29023,1334  1337    29142,4981    27956,3452 12363101    4,07%
  23305 13161    28879,8256  1531    29142,4981    27965,2712 12568205    4,04%
  23416 12997    28494,6854  1811    29142,4981    27966,2864 12395045    4,04%
  23538 13159    29077,1316  2053    29142,4981    27966,9778 12556875    4,03%
  23645 13354    29026,3628  2087    29142,4981    27971,3358 12784294    4,02%
  23749 13470    28480,2761  1854    29142,4981    27975,8587 12908684    4,00%
  23864 13330    28376,2089  2027    29142,4981    27979,7112 12750297    3,99%
Elapsed time = 5088,32 sec. (710965,93 ticks, tree = 542,96 MB, solutions = 28)
  23961 13466    29097,6628  1622    29142,4981    27981,9323 12889558    3,98%
  24027 13539    28906,9217  2126    29142,4981    27984,6784 12994240    3,97%
  24090 13729    29124,6878  1721    29142,4981    27988,7814 13171806    3,96%
  24173 13710    29014,0443  1588    29142,4981    27990,2346 13159529    3,95%
  24254 13752    28982,7903  1396    29142,4981    27994,5353 13185378    3,94%
  24360 13772    29109,3316  1598    29142,4981    27996,4256 13238135    3,93%
  24500 13770    28747,7260  2289    29142,4981    28000,5114 13230584    3,92%
  24630 13822    28980,8328  1757    29142,4981    28001,4266 13269834    3,92%
  24760 13868    28754,1730  1685    29142,4981    28004,9953 13322750    3,90%
  24891 13866    28644,3232  1854    29142,4981    28005,5363 13315458    3,90%
Elapsed time = 5368,99 sec. (749406,31 ticks, tree = 557,53 MB, solutions = 28)
  24999 13932    28778,9276  1934    29142,4981    28007,5796 13391936    3,89%
* 25064 14252      integral     0    29137,2693    28009,2494 13681572    3,87%
  25114 14216    28896,4391  2012    29137,2693    28009,2494 13637465    3,87%
  25231 14236    28966,2975  1715    29137,2693    28011,4240 13711770    3,86%
  25353 14175    28744,6573  1985    29137,2693    28012,5526 13598471    3,86%
  25444 14278    28821,3716  1675    29137,2693    28015,4219 13749580    3,85%
  25560 14256    29026,5484  1862    29137,2693    28017,9360 13731029    3,84%
  25659 14352    28800,5303  2207    29137,2693    28020,1731 13859637    3,83%
  25761 14392    28614,3935  1935    29137,2693    28022,5972 13917012    3,83%
  25888 14598    28785,6023  1765    29137,2693    28027,2244 14164259    3,81%
  26008 14677    28412,1319  2107    29137,2693    28027,9876 14276365    3,81%
Elapsed time = 5671,17 sec. (788004,65 ticks, tree = 585,07 MB, solutions = 29)
  26112 14561    28849,7560  1696    29137,2693    28030,6932 14107576    3,80%
  26229 14748    29052,6844  1528    29137,2693    28033,6087 14363438    3,79%
  26366 14760    29081,0017  1674    29137,2693    28037,0054 14370403    3,78%
  26503 14760    28932,8560  2117    29137,2693    28040,6711 14376558    3,76%
  26614 14980        cutoff          29137,2693    28042,3571 14646647    3,76%
  26733 15028    28944,2455  1710    29137,2693    28046,0435 14698912    3,75%
  26868 15121        cutoff          29137,2693    28048,4336 14789146    3,74%
  26974 14959    28390,0157  2049    29137,2693    28050,0712 14612850    3,73%
  27058 15122    28525,0936  2211    29137,2693    28052,8406 14800646    3,72%
  27150 15215    29001,6140  1750    29137,2693    28054,7308 14874560    3,72%
Elapsed time = 5985,12 sec. (826556,41 ticks, tree = 606,39 MB, solutions = 29)
  27221 15347    28993,9662  2044    29137,2693    28057,7294 15038113    3,71%
  27290 15445    29100,5348  1656    29137,2693    28060,6842 15162665    3,69%
  27352 15492    28849,7812  1696    29137,2693    28063,0852 15200618    3,69%
  27420 15538        cutoff          29137,2693    28065,5850 15270142    3,68%
  27494 15577    28845,4946  1523    29137,2693    28069,2684 15317631    3,67%
  27581 15547        cutoff          29137,2693    28070,6559 15282818    3,66%
  27682 15603    29009,4859  1909    29137,2693    28074,3838 15355015    3,65%
  27824 15610    28590,3721  1843    29137,2693    28077,7541 15361473    3,64%
  27944 15630    28817,4023  2055    29137,2693    28080,3985 15384335    3,63%
  28047 15713    28932,8733  1415    29137,2693    28083,6920 15511759    3,62%
Elapsed time = 6279,35 sec. (865429,66 ticks, tree = 623,99 MB, solutions = 29)
  28164 15886    28723,1184  1866    29137,2693    28086,5387 15716212    3,61%
  28301 15827    28662,0008  2020    29137,2693    28086,7851 15661723    3,61%
  28404 15933    28964,0001  1821    29137,2693    28090,5351 15784383    3,59%
  28505 15942    28538,5002  1748    29137,2693    28091,1243 15789896    3,59%
  28621 16029    28683,8340  1808    29137,2693    28092,4559 15877341    3,59%
  28741 16012    28722,5225  2240    29137,2693    28094,8193 15860315    3,58%
  28868 16199    29013,0841  1379    29137,2693    28095,6769 16086727    3,57%
  29008 16185    29097,2771  1781    29137,2693    28099,7835 16060155    3,56%
  29141 16298    28944,8111  2394    29137,2693    28100,3088 16185068    3,56%
  29272 16425    28836,0504  1722    29137,2693    28103,8817 16336721    3,55%
Elapsed time = 6576,95 sec. (903919,47 ticks, tree = 652,41 MB, solutions = 29)
  29399 16500    28961,0324  2002    29137,2693    28105,4444 16435269    3,54%
  29525 16320    28947,7238  1795    29137,2693    28107,5919 16204690    3,53%
  29643 16455    28819,2472  1966    29137,2693    28109,9860 16388148    3,53%
  29763 16719    29073,9322  1631    29137,2693    28111,9185 16656967    3,52%
  29881 16839    28754,9984  1932    29137,2693    28113,6545 16753750    3,51%
  29986 16723        cutoff          29137,2693    28114,3301 16670592    3,51%
  30066 16843    28930,1765  1832    29137,2693    28118,4461 16766896    3,50%
  30165 16723        cutoff          29137,2693    28119,8925 16650468    3,49%
  30245 16820    28881,9805  1847    29137,2693    28122,4512 16748545    3,48%
  30321 17016    29033,5016  2047    29137,2693    28124,2003 17031251    3,48%
Elapsed time = 6893,46 sec. (942438,04 ticks, tree = 681,46 MB, solutions = 29)
  30390 17076    29058,2462  1813    29137,2693    28125,5536 17130992    3,47%
  30459 16988        cutoff          29137,2693    28128,5026 17008075    3,46%
  30525 17114    28827,6465  1833    29137,2693    28129,3681 17203644    3,46%
  30609 17199        cutoff          29137,2693    28133,3996 17336181    3,45%
  30685 17183    28853,2230  1988    29137,2693    28134,0488 17295893    3,44%
  30788 17260    28523,6744  2036    29137,2693    28137,4476 17394659    3,43%
  30915 17197    29041,1373  1942    29137,2693    28139,5658 17331550    3,42%
  31043 17329        cutoff          29137,2693    28141,1150 17512468    3,42%
  31160 17269    28595,4463  2314    29137,2693    28142,7981 17429010    3,41%
  31290 17348    28642,1638  1621    29137,2693    28143,8843 17542005    3,41%
Elapsed time = 7192,55 sec. (980809,44 ticks, tree = 688,78 MB, solutions = 29)
  31423 17498    28875,9178  1434    29137,2693    28144,7446 17721075    3,41%
  31542 17363    28917,5362  2078    29137,2693    28148,0927 17555630    3,39%
  31658 17399    29075,4818  1839    29137,2693    28150,8746 17611454    3,39%
  31766 17508    28636,3060  2296    29137,2693    28151,9899 17740243    3,38%
  31880 17771    28589,7003  1956    29137,2693    28153,5881 18033218    3,38%
  32009 17577    28783,1036  1865    29137,2693    28154,8462 17787762    3,37%
  32123 17865    29071,9859  1853    29137,2693    28155,9712 18107170    3,37%
  32232 17869    28533,4461  1707    29137,2693    28160,6007 18113430    3,35%
  32328 18035        cutoff          29137,2693    28162,1366 18313655    3,35%
  32436 18066    29077,8721  1637    29137,2693    28164,0833 18350264    3,34%
Elapsed time = 7487,58 sec. (1019150,26 ticks, tree = 720,86 MB, solutions = 29)
  32548 18012    28503,2745  2342    29137,2693    28167,4125 18292827    3,33%
  32639 18048    28713,8220  2197    29137,2693    28168,0956 18331405    3,33%
  32767 18259    28832,7390  1801    29137,2693    28170,6344 18624488    3,32%
  32887 18374    29104,0371  1655    29137,2693    28173,5367 18756388    3,31%
  32986 18301    28618,1367  2219    29137,2693    28176,7291 18670062    3,30%
  33113 18387    28675,4109  1552    29137,2693    28177,8773 18769753    3,29%
  33199 18411    28661,7615  1892    29137,2693    28180,0058 18802823    3,29%
  33308 18401    29070,5704  2048    29137,2693    28182,4364 18782023    3,28%
  33399 18706    29032,7929  1669    29137,2693    28187,0667 19147963    3,26%
  33471 18673    28985,6798  1720    29137,2693    28188,3895 19115211    3,26%
Elapsed time = 7803,35 sec. (1058145,75 ticks, tree = 735,73 MB, solutions = 29)
  33537 18498    28875,6309  1776    29137,2693    28190,5118 18915217    3,25%
  33602 18807    28816,8933  1963    29137,2693    28192,4170 19259376    3,24%
  33683 18624    29014,6766  1939    29137,2693    28193,4040 19054932    3,24%
  33749 18887    28986,2577  1836    29137,2693    28195,8966 19364565    3,23%
  33838 18936    29064,9083  1873    29137,2693    28198,1682 19419243    3,22%
  33945 18962        cutoff          29137,2693    28199,5716 19440649    3,22%
  34049 18872    28969,0002  2059    29137,2693    28200,7673 19362664    3,21%
  34162 18914    29014,5697  1530    29137,2693    28201,5781 19407646    3,21%
  34275 18951        cutoff          29137,2693    28203,0493 19425864    3,21%
  34407 19003    28945,9534  1598    29137,2693    28205,1560 19485277    3,20%
Elapsed time = 8107,18 sec. (1096614,76 ticks, tree = 755,06 MB, solutions = 29)
  34534 19198    29002,9225  1676    29137,2693    28207,2157 19714500    3,19%
  34644 19061    29056,0146  2176    29137,2693    28208,0843 19561591    3,19%
  34763 19328        cutoff          29137,2693    28209,3784 19866316    3,18%
  34862 19131    28856,6497  1680    29137,2693    28209,5675 19630774    3,18%
  34973 19111    28884,3825  1854    29137,2693    28209,6289 19602523    3,18%
  35099 19371    28569,3668  1982    29137,2693    28210,8841 19921780    3,18%
  35212 19580    28947,5599  1509    29137,2693    28211,4486 20216592    3,18%
  35325 19454        cutoff          29137,2693    28212,7559 20036067    3,17%
  35457 19461    29052,3697  1695    29137,2693    28213,0213 20041165    3,17%
  35580 19465    28879,3610  1605    29137,2693    28214,3190 20047644    3,17%
Elapsed time = 8390,37 sec. (1135145,96 ticks, tree = 776,06 MB, solutions = 29)
  35703 19655    28792,3104  1782    29137,2693    28214,9227 20313927    3,17%
  35849 19636    28979,4312  1968    29137,2693    28217,5104 20281437    3,16%
  35961 19704        cutoff          29137,2693    28219,7925 20394233    3,15%
  36090 19839    28869,7008  1869    29137,2693    28221,1961 20540492    3,14%
  36201 19959    29039,4157  1884    29137,2693    28222,1192 20656485    3,14%
  36304 19980    28563,2586  1767    29137,2693    28224,5827 20697178    3,13%
  36409 20035    28790,9535  1821    29137,2693    28225,1778 20771248    3,13%
  36530 20208        cutoff          29137,2693    28226,8149 20950035    3,12%
  36657 20332        cutoff          29137,2693    28230,1563 21104633    3,11%
  36761 20374    29122,9174  1813    29137,2693    28231,0536 21148133    3,11%
Elapsed time = 8691,47 sec. (1173776,09 ticks, tree = 817,38 MB, solutions = 29)
  36858 20374    28737,3497  1886    29137,2693    28232,0774 21154189    3,11%
  36945 20461    28917,2200  2108    29137,2693    28233,9009 21297000    3,10%
  37038 20331    28913,6812  1563    29137,2693    28234,7702 21091666    3,10%
  37163 20422    28993,4179  1888    29137,2693    28236,2253 21204638    3,09%
  37231 20351        cutoff          29137,2693    28240,9251 21142964    3,08%
  37299 20449    28887,9275  1892    29137,2693    28242,2370 21278427    3,07%
  37371 20455        cutoff          29137,2693    28243,7754 21285672    3,07%
  37445 20566    29093,3968  1802    29137,2693    28244,3642 21472840    3,06%
  37503 20740        cutoff          29137,2693    28248,1567 21705749    3,05%
  37579 20612    29024,2202  1931    29137,2693    28249,3046 21516501    3,05%
Elapsed time = 9015,07 sec. (1212517,74 ticks, tree = 821,57 MB, solutions = 29)
  37639 20849    28624,0609  2031    29137,2693    28250,1135 21855731    3,04%
  37734 20820    28570,8703  1879    29137,2693    28253,5280 21819308    3,03%
  37844 20778    28794,9601  1628    29137,2693    28255,3121 21750984    3,03%
  37963 20935    28869,4361  1567    29137,2693    28256,8108 22013223    3,02%
  38067 20941    28655,4017  1835    29137,2693    28257,4178 21995243    3,02%
  38181 20924    28983,8606  2061    29137,2693    28258,6243 21961412    3,02%
  38322 20953    29049,7086  1858    29137,2693    28258,6243 22008653    3,02%
  38452 21010    28911,8131  2228    29137,2693    28260,9391 22127301    3,01%
  38573 21134    28518,6056  2069    29137,2693    28262,7629 22288671    3,00%
  38703 21254    29137,0415  1946    29137,2693    28263,0334 22414626    3,00%
Elapsed time = 9285,12 sec. (1250968,95 ticks, tree = 848,18 MB, solutions = 29)
* 38790 21118      integral     0    29110,6108    28263,8361 22257440    2,91%
  38823 20999        cutoff          29110,6108    28263,8361 22098397    2,91%
  38942 21056        cutoff          29110,6108    28264,0699 22185184    2,91%
  39062 21195    28968,5756  2086    29110,6108    28265,7939 22357239    2,90%
  39168 21193        cutoff          29110,6108    28265,7939 22363829    2,90%
  39272 20972    28904,9380  2290    29110,6108    28268,2283 22580706    2,89%
  39380 21130    28811,8378  1879    29110,6108    28270,2536 22742766    2,89%
  39489 21143    28985,5581  1808    29110,6108    28271,3463 22749504    2,88%
  39585 21152    28950,8616  2186    29110,6108    28272,4896 22793925    2,88%
  39685 21148    28690,6847  1846    29110,6108    28274,0008 22761809    2,87%
  39789 21306        cutoff          29110,6108    28274,2556 23015257    2,87%
Elapsed time = 9579,25 sec. (1289512,21 ticks, tree = 849,84 MB, solutions = 30)
  39902 21347    28713,6774  2057    29110,6108    28274,2556 23142565    2,87%
  40004 21196    29054,9023  1899    29110,6108    28276,9784 22861758    2,86%
  40102 21271    28977,6039  1964    29110,6108    28277,4140 22991301    2,86%
  40208 21504    28973,0609  1773    29110,6108    28279,7568 23435200    2,85%
  40316 21398    28967,6718  2090    29110,6108    28280,6079 23242014    2,85%
  40433 21569    29041,6544  2083    29110,6108    28283,3197 23568962    2,84%
  40559 21577    29004,6229  1905    29110,6108    28285,6709 23574865    2,83%
  40679 21514        cutoff          29110,6108    28286,3638 23459031    2,83%
  40810 21586    28977,1112  1352    29110,6108    28286,9494 23588179    2,83%
  40933 21714        cutoff          29110,6108    28289,1374 23783486    2,82%
Elapsed time = 9862,42 sec. (1327906,77 ticks, tree = 857,69 MB, solutions = 30)
  41027 21723    28945,3561  1944    29110,6108    28290,2514 23789792    2,82%
  41143 21834        cutoff          29110,6108    28291,3827 23948549    2,81%
  41254 21776        cutoff          29110,6108    28293,5237 23843506    2,81%
  41344 21784    28950,6067  1746    29110,6108    28295,8446 23850148    2,80%
  41438 21802    28702,0113  1827    29110,6108    28295,8446 23890037    2,80%
  41520 22082        cutoff          29110,6108    28297,4859 24299425    2,79%
  41587 21898    29101,2487  2000    29110,6108    28298,4599 24055170    2,79%
  41653 22055        cutoff          29110,6108    28300,4493 24263806    2,78%
  41707 21898    28949,1976  1988    29110,6108    28303,0126 24063057    2,77%
  41781 22062    29078,0564  1820    29110,6108    28305,6365 24271555    2,77%
Elapsed time = 10158,89 sec. (1366413,78 ticks, tree = 882,38 MB, solutions = 30)
  41848 22281        cutoff          29110,6108    28306,1444 24602320    2,76%
  41925 22285        cutoff          29110,6108    28306,7056 24608600    2,76%
  41991 22241    28816,4211  1701    29110,6108    28308,7632 24523385    2,75%
  42088 22295    28737,9934  2036    29110,6108    28314,4562 24594484    2,73%
  42190 22218        cutoff          29110,6108    28314,4562 24505687    2,73%
  42271 22387    28978,2702  1757    29110,6108    28316,8168 24735720    2,73%
  42377 22240    28813,9567  2276    29110,6108    28318,6247 24540771    2,72%
  42468 22392    28808,3816  2106    29110,6108    28321,2774 24775958    2,71%
  42588 22414        cutoff          29110,6108    28322,5698 24814084    2,71%
  42680 22532        cutoff          29110,6108    28322,5698 24947411    2,71%
Elapsed time = 10479,49 sec. (1404829,28 ticks, tree = 895,33 MB, solutions = 30)
  42789 22572    28675,7879  1906    29110,6108    28324,6541 25042096    2,70%
  42898 22481    28991,7849  1872    29110,6108    28324,6541 24877489    2,70%
  43013 22414    28826,8817  1907    29110,6108    28324,6541 24808296    2,70%
  43136 22630    28684,6388  1878    29110,6108    28327,3011 25188326    2,69%
  43273 22638    28674,0059  1854    29110,6108    28328,9533 25195383    2,69%
  43383 22769    29081,7878  2203    29110,6108    28331,3332 25411072    2,68%
  43489 22796        cutoff          29110,6108    28331,9478 25464315    2,67%
  43600 22752    29069,4491  1728    29110,6108    28331,9478 25379461    2,67%
  43712 22739    28710,5813  1711    29110,6108    28333,0166 25337841    2,67%
  43848 22878    29071,0281  2058    29110,6108    28333,0166 25615210    2,67%
Elapsed time = 10749,53 sec. (1443319,79 ticks, tree = 898,11 MB, solutions = 30)
  44000 22981        cutoff          29110,6108    28333,7956 25756302    2,67%
  44117 22915    28553,3863  1855    29110,6108    28336,1277 25666722    2,66%
  44236 22942    28961,0262  1875    29110,6108    28338,0888 25719514    2,65%
  44370 23217    28822,8021  1488    29110,6108    28338,8247 26076083    2,65%
  44501 23184    28802,4387  1802    29110,6108    28339,1883 26037760    2,65%
  44608 22954        cutoff          29110,6108    28339,1883 25738253    2,65%
  44732 23064    29008,6519  1440    29110,6108    28341,1178 25870239    2,64%
  44842 23039        cutoff          29110,6108    28341,1178 25832273    2,64%
  44959 23127    28844,4528  1641    29110,6108    28341,9078 25927747    2,64%
  45066 23191    28972,1959  2298    29110,6108    28342,5168 26023088    2,64%
Elapsed time = 11044,71 sec. (1481860,94 ticks, tree = 919,79 MB, solutions = 30)
  45164 23403        cutoff          29110,6108    28346,3531 26411124    2,63%
  45275 23377    28734,7858  1972    29110,6108    28348,1268 26339533    2,62%
  45361 23475        cutoff          29110,6108    28348,1268 26510247    2,62%
  45471 23460    28947,5615  2194    29110,6108    28348,1268 26475335    2,62%
* 45556 23539      integral     0    29021,2978    28351,4049 26656912    2,31%
  45559 23478    29064,2278  1649    29021,2978    28351,4049 26523410    2,31%
  45656 23706        cutoff          29021,2978    28351,4049 26892373    2,31%
  45736 20458    28958,3129  1707    29021,2978    28353,0184 26911137    2,30%
  45818 23711    28936,1363  1685    29021,2978    28354,2038 26899931    2,30%
  45888 20465        cutoff          29021,2978    28356,2392 26967183    2,29%
  45969 23715        cutoff          29021,2978    28357,8976 26908742    2,29%
Elapsed time = 11366,26 sec. (1520257,38 ticks, tree = 947,40 MB, solutions = 31)
  46038 23679    29044,6731  1636    29021,2978    28359,8127 26858675    2,28%
  46100 20577    28930,4453  1854    29021,2978    28359,8127 27222285    2,28%
  46169 20513    28989,8680  1807    29021,2978    28361,8434 27083910    2,27%
  46246 20635    28712,3307  1941    29021,2978    28362,1802 27319880    2,27%
  46337 20535        cutoff          29021,2978    28364,3692 27138829    2,26%
  46412 20590    28756,5764  1807    29021,2978    28365,8532 27266525    2,26%
  46513 20720    28850,9912  1834    29021,2978    28368,7491 27637476    2,25%
  46601 20673        cutoff          29021,2978    28368,7491 27478844    2,25%
  46693 20725    28516,1624  1969    29021,2978    28370,9007 27610699    2,24%
  46813 20671        cutoff          29021,2978    28370,9007 27489820    2,24%
Elapsed time = 11671,45 sec. (1558958,84 ticks, tree = 808,00 MB, solutions = 31)
  46911 20729    29014,3278  1855    29021,2978    28374,0638 27623233    2,23%
  47011 20703    28953,7481  2375    29021,2978    28375,6858 27594188    2,22%
  47133 20734    28852,5089  1745    29021,2978    28377,0588 27697045    2,22%
  47223 20735        cutoff          29021,2978    28379,0488 27768038    2,21%
  47321 20729    28948,9634  2031    29021,2978    28379,0488 27645853    2,21%
  47438 20854        cutoff          29021,2978    28382,0486 28191482    2,20%
  47550 20739    29002,3045  1756    29021,2978    28382,0486 27720278    2,20%
  47663 20886    28938,2979  1618    29021,2978    28383,6455 28240798    2,20%
  47785 20854        cutoff          29021,2978    28385,4335 28211051    2,19%
  47879 20834    28985,0384  1590    29021,2978    28386,4026 28036332    2,19%
Elapsed time = 11920,71 sec. (1597510,65 ticks, tree = 814,41 MB, solutions = 31)
  48013 20892    28774,3467  1844    29021,2978    28387,0782 28307192    2,19%
  48132 20988    28876,7123  2077    29021,2978    28389,4617 28588616    2,18%
  48238 20845        cutoff          29021,2978    28390,6935 28188566    2,17%
  48331 20915    28856,4949  1974    29021,2978    28394,2010 28416176    2,16%
  48435 20968    28615,4246  2045    29021,2978    28394,2010 28559312    2,16%
  48540 21063    28807,4159  1882    29021,2978    28395,0594 28859482    2,16%
  48653 21035    28630,3081  1927    29021,2978    28395,0594 28823930    2,16%
  48778 21042    29017,8816  1955    29021,2978    28396,4241 28830666    2,15%
  48860 21038        cutoff          29021,2978    28397,5551 28784136    2,15%
  48955 20986    28747,7214  1697    29021,2978    28398,1186 28591186    2,15%
Elapsed time = 12255,76 sec. (1636087,90 ticks, tree = 826,97 MB, solutions = 31)
  49053 21101        cutoff          29021,2978    28399,9331 28982080    2,14%
  49144 21199        cutoff          29021,2978    28401,8837 29201145    2,13%
  49222 21077        cutoff          29021,2978    28403,3218 28897945    2,13%
  49300 21222    28870,7545  1560    29021,2978    28403,3218 29263445    2,13%
  49375 21225    29009,8982  1718    29021,2978    28404,9758 29267645    2,12%
  49454 21128    28992,6068  1934    29021,2978    28404,9758 29059012    2,12%
  49541 21357    28940,2663  1589    29021,2978    28406,7064 29577602    2,12%
  49611 21229    28657,5981  1940    29021,2978    28409,5359 29278424    2,11%
  49687 21276    28799,0605  1705    29021,2978    28409,5359 29446148    2,11%
  49776 21383    28893,7580  2170    29021,2978    28412,2549 29616157    2,10%
Elapsed time = 12541,64 sec. (1674724,95 ticks, tree = 827,82 MB, solutions = 31)
  49870 21487    28734,0631  1579    29021,2978    28414,9294 29804173    2,09%
  49983 21518        cutoff          29021,2978    28417,5870 29916032    2,08%
  50082 21495        cutoff          29021,2978    28417,5870 29846897    2,08%
  50187 21540    29011,1884  1888    29021,2978    28419,5955 29996694    2,07%
  50278 21517    29006,6620  1907    29021,2978    28419,5955 29933253    2,07%
  50399 21515    28727,9902  1603    29021,2978    28421,8716 29938901    2,07%
  50536 21568        cutoff          29021,2978    28424,9165 30210770    2,05%
  50657 21570    28984,3213  1342    29021,2978    28424,9165 30216818    2,05%
  50752 21522        cutoff          29021,2978    28428,2148 30001961    2,04%
  50865 21532    29006,3345  1372    29021,2978    28431,2379 30102353    2,03%
Elapsed time = 12818,59 sec. (1713039,89 ticks, tree = 834,41 MB, solutions = 31)
  50978 21631    28927,6938  1548    29021,2978    28432,6888 30438699    2,03%
  51071 21593    28837,3696  2011    29021,2978    28432,6888 30284601    2,03%
  51166 21591    28816,3901  1701    29021,2978    28434,1449 30346673    2,02%
  51264 21682    28891,3997  1662    29021,2978    28435,2473 30606613    2,02%
  51363 21660    28731,7976  1634    29021,2978    28437,8920 30513729    2,01%
  51468 21636    28711,7736  1777    29021,2978    28439,8449 30576084    2,00%
  51564 21726    28721,2206  1681    29021,2978    28439,8449 30771517    2,00%
  51663 21766    28990,0249  1987    29021,2978    28442,0020 30975607    2,00%
  51761 21727        cutoff          29021,2978    28442,0020 30784123    2,00%
  51851 21726    29000,5951  1527    29021,2978    28445,7009 30738016    1,98%
Elapsed time = 13095,55 sec. (1751427,51 ticks, tree = 850,20 MB, solutions = 31)
  51941 21768    28881,7057  1652    29021,2978    28446,3024 30992037    1,98%
  52034 21758    28989,9309  2052    29021,2978    28447,1913 30899725    1,98%
  52128 21721        cutoff          29021,2978    28447,7296 30755210    1,98%
  52206 21857    28725,6762  1648    29021,2978    28448,7297 31426762    1,97%
  52309 21800    28948,0104  2100    29021,2978    28448,7297 31226965    1,97%
  52388 21800        cutoff          29021,2978    28450,0685 31070530    1,97%
  52475 21832    28899,3487  1821    29021,2978    28450,0685 31337310    1,97%
  52543 21793    29011,2472  1364    29021,2978    28451,6377 31135818    1,96%
  52649 21866        cutoff          29021,2978    28453,0773 31448154    1,96%
  52733 21842        cutoff          29021,2978    28454,7106 31401896    1,95%
Elapsed time = 13411,97 sec. (1789886,36 ticks, tree = 848,93 MB, solutions = 31)
  52825 21929        cutoff          29021,2978    28454,7106 31888950    1,95%
  52890 21837    29014,4053  1947    29021,2978    28455,5147 31413285    1,95%
  52974 21969        cutoff          29021,2978    28456,0755 32042439    1,95%
  53055 21947    29018,6171  1706    29021,2978    28458,1384 31951011    1,94%
  53128 21970        cutoff          29021,2978    28460,0078 32051252    1,93%
  53214 21955    28959,2195  2169    29021,2978    28460,0078 32175822    1,93%
  53297 21965    28765,4930  1721    29021,2978    28460,9312 32206719    1,93%
  53386 21940    28622,7892  1676    29021,2978    28462,9257 31863577    1,92%
  53457 21942        cutoff          29021,2978    28464,5692 32157890    1,92%
  53539 21947        cutoff          29021,2978    28465,8546 32262596    1,91%
Elapsed time = 13726,83 sec. (1828408,61 ticks, tree = 847,60 MB, solutions = 31)
  53620 21954        cutoff          29021,2978    28465,8546 32410312    1,91%
  53699 21945    28909,5938  1657    29021,2978    28468,2596 32489836    1,91%
  53779 21948        cutoff          29021,2978    28468,2596 32455287    1,91%
  53852 21956        cutoff          29021,2978    28470,9532 32208352    1,90%
  53940 21938        cutoff          29021,2978    28473,8446 32285697    1,89%
  54012 21951    28997,5867  2155    29021,2978    28473,8446 32394275    1,89%
  54082 21949    29021,0840  1628    29021,2978    28475,9790 32669186    1,88%
  54170 21938    28938,3196  1804    29021,2978    28477,8358 32781866    1,87%
  54263 21949        cutoff          29021,2978    28479,9027 32682182    1,87%
  54353 21938        cutoff          29021,2978    28480,8607 32794007    1,86%
Elapsed time = 14048,87 sec. (1866800,19 ticks, tree = 853,81 MB, solutions = 31)
  54457 21937        cutoff          29021,2978    28480,8607 32765145    1,86%
  54545 21978    28995,2153  1904    29021,2978    28481,4873 32729569    1,86%
  54656 21916    28819,2838  1937    29021,2978    28483,0512 33034811    1,85%
  54751 21930        cutoff          29021,2978    28483,8131 32783866    1,85%
  54844 21912    28938,9113  1676    29021,2978    28486,6924 32945305    1,84%
  54925 21915        cutoff          29021,2978    28486,6924 33207335    1,84%
  55017 21910    28905,1636  1292    29021,2978    28488,4304 33023550    1,84%
  55116 21958    28870,9626  1886    29021,2978    28489,5837 32883261    1,83%
  55223 21914    28800,1505  1773    29021,2978    28491,8552 33398195    1,82%
  55338 21902        cutoff          29021,2978    28492,7395 33078490    1,82%
Elapsed time = 14326,76 sec. (1905310,88 ticks, tree = 854,72 MB, solutions = 31)
  55435 21942        cutoff          29021,2978    28492,7395 33588843    1,82%
  55526 21931    28726,2273  1930    29021,2978    28493,9374 33646813    1,82%
  55594 21920    28759,3634  1744    29021,2978    28495,2283 33251059    1,81%
  55706 21923        cutoff          29021,2978    28497,6906 33486806    1,80%
  55805 21909        cutoff          29021,2978    28499,7223 33780260    1,80%
  55893 21917    28978,5116  1876    29021,2978    28499,7223 33498970    1,80%
  55988 21916    28984,2998  2072    29021,2978    28503,0698 33505060    1,79%
  56083 21921        cutoff          29021,2978    28503,0698 34094300    1,79%
  56184 21926    28971,9231  1632    29021,2978    28504,0822 33980071    1,78%
  56272 21882        cutoff          29021,2978    28507,2953 33930336    1,77%
Elapsed time = 14655,26 sec. (1943773,68 ticks, tree = 846,21 MB, solutions = 31)
  56352 21934    28965,8726  2002    29021,2978    28507,2953 34044279    1,77%
  56454 21903        cutoff          29021,2978    28508,5910 33822634    1,77%
  56542 21940    28777,3394  1754    29021,2978    28509,6337 34478904    1,76%
  56626 21948    28880,5192  1478    29021,2978    28510,2749 34482327    1,76%
  56716 21929        cutoff          29021,2978    28512,2316 34545117    1,75%
  56800 21946        cutoff          29021,2978    28513,5268 34493153    1,75%
  56892 21929        cutoff          29021,2978    28514,5117 34663400    1,75%
  56964 21937    29007,9708  2155    29021,2978    28515,4231 34503690    1,74%
  57055 21930    29019,8929  1657    29021,2978    28516,5299 34672720    1,74%
  57146 21930    29004,1077  1678    29021,2978    28518,1174 34566036    1,73%
Elapsed time = 14925,15 sec. (1982304,94 ticks, tree = 840,16 MB, solutions = 31)
  57214 21912        cutoff          29021,2978    28518,8717 34728778    1,73%
  57301 21928    28721,6107  1800    29021,2978    28520,1710 34637458    1,73%
  57376 21978        cutoff          29021,2978    28521,3670 35000610    1,72%
  57467 21935    28924,6660  1642    29021,2978    28521,3670 34812400    1,72%

Zero-half cuts applied:  1259
Lift and project cuts applied:  2
Gomory fractional cuts applied:  3

Root node processing (before b&c):
  Real time             =   21,75 sec. (10862,70 ticks)
Parallel b&c, 12 threads:
  Real time             = 15033,66 sec. (1989414,60 ticks)
  Sync time (average)   = 2019,12 sec.
  Wait time (average)   =    0,04 sec.
                          ------------
Total (root+branch&cut) = 15055,41 sec. (2000277,30 ticks)

