
Version identifier: 22.1.1.0 | 2022-11-28 | 9160aff4d
CPXPARAM_MultiObjective_Display                  0
CPXPARAM_TimeLimit                               600000
CPXPARAM_WorkMem                                 8192
CPXPARAM_DetTimeLimit                            600000
Tried aggregator 3 times.
MIP Presolve eliminated 115859 rows and 1085371 columns.
Aggregator did 1114 substitutions.
Reduced MIP has 5137 rows, 24647 columns, and 54533 nonzeros.
Reduced MIP has 24616 binaries, 31 generals, 0 SOSs, and 0 indicators.
Presolve time = 0,84 sec. (616,37 ticks)
Found incumbent of value 206062,443842 after 0,99 sec. (740,31 ticks)
Probing time = 0,03 sec. (11,35 ticks)
Tried aggregator 2 times.
Detecting symmetries...
Aggregator did 15 substitutions.
Reduced MIP has 5122 rows, 24632 columns, and 54503 nonzeros.
Reduced MIP has 24616 binaries, 16 generals, 0 SOSs, and 0 indicators.
Presolve time = 0,05 sec. (50,93 ticks)
Probing time = 0,04 sec. (10,99 ticks)
Clique table members: 30830.
MIP emphasis: balance optimality and feasibility.
MIP search method: dynamic search.
Parallel mode: deterministic, using up to 12 threads.
Root relaxation solution time = 0,67 sec. (404,54 ticks)

        Nodes                                         Cuts/
   Node  Left     Objective  IInf  Best Integer    Best Bound    ItCnt     Gap

*     0+    0                       206062,4438 -1692901,0000           921,55%
*     0+    0                       181565,6878 -1692901,0000              --- 
*     0+    0                       181547,4358 -1692901,0000              --- 
*     0+    0                       181529,1838 -1692901,0000              --- 
*     0+    0                       181510,9318 -1692901,0000              --- 
*     0+    0                       181492,6798 -1692901,0000              --- 
*     0+    0                       181474,4278 -1692901,0000              --- 
*     0+    0                       181456,1758 -1692901,0000              --- 
*     0+    0                       181439,0038 -1692901,0000              --- 
*     0+    0                       181422,1558 -1692901,0000              --- 
      0     0    33080,2297  1577   181422,1558    33080,2297       36   81,77%
*     0+    0                       104650,0840    33080,2297            68,39%
      0     0    33130,1672  1668   104650,0840  ZeroHalf: 25      433   68,34%
*     0+    0                        96784,4274    33130,1672            65,77%
*     0+    0                        47663,4594    33130,1672            30,49%
      0     0    33176,4856  1714    47663,4594  ZeroHalf: 27      833   30,39%
      0     0    33249,0465  1852    47663,4594  ZeroHalf: 18     1244   30,24%
*     0+    0                        45731,8463    33249,0465            27,30%
*     0+    0                        41873,2952    33249,0465            20,60%
      0     0  -1,00000e+75     0    41873,2952    33249,0465     1244   20,60%
      0     0    33276,7362  1864    41873,2952  ZeroHalf: 11     1590   20,53%
      0     0    33302,1885  1898    41873,2952  ZeroHalf: 14     1869   20,47%
Detecting symmetries...
      0     0    33320,9392  1902    41873,2952   ZeroHalf: 6     2079   20,42%
      0     0    33327,8117  1875    41873,2952   ZeroHalf: 3     2214   20,41%
      0     0    33339,3055  1946    41873,2952   ZeroHalf: 5     2406   20,38%
      0     0    33345,3951  1917    41873,2952   ZeroHalf: 3     2560   20,37%
      0     0    33349,5939  1905    41873,2952   ZeroHalf: 8     2712   20,36%
      0     0    33389,6997  1865    41873,2952  ZeroHalf: 11     3148   20,26%
      0     0    33406,4016  1950    41873,2952   ZeroHalf: 6     3451   20,22%
      0     0    33417,9095  1987    41873,2952   ZeroHalf: 9     3705   20,19%
      0     0    33422,6764  1978    41873,2952   ZeroHalf: 3     3817   20,18%
      0     0    33426,1848  1813    41873,2952   ZeroHalf: 4     3991   20,17%
      0     0    33438,2989  2060    41873,2952  ZeroHalf: 10     4328   20,14%
      0     0    33443,6646  2063    41873,2952  ZeroHalf: 11     4560   20,13%
      0     0    33451,0297  2044    41873,2952   ZeroHalf: 8     4818   20,11%
      0     0    33461,4460  2075    41873,2952   ZeroHalf: 8     5069   20,09%
      0     0    33470,0423  2049    41873,2952   ZeroHalf: 7     5286   20,07%
      0     0    33470,7068  1999    41873,2952   ZeroHalf: 4     5383   20,07%
      0     0    33472,2498  2000    41873,2952   ZeroHalf: 2     5500   20,06%
*     0+    0                        37010,2917    33472,2498             9,56%
Detecting symmetries...
      0     2    33472,2498  2000    37010,2917    33472,2498     5500    9,56%
Elapsed time = 22,94 sec. (12601,50 ticks, tree = 0,02 MB, solutions = 16)
      2     3    33533,3533  1841    37010,2917    33472,3390     6050    9,56%
      5     5    33596,7582  1735    37010,2917    33498,6435     7122    9,49%
     14    13    33663,5284  1603    37010,2917    33539,7537    10510    9,38%
     25     8    33936,4024  1432    37010,2917    33596,7994     9269    9,22%
     34    28    33835,4493  1664    37010,2917    33599,4609    19238    9,22%
     45    23    33709,0699  1847    37010,2917    33599,4609    15701    9,22%
     56    30    33891,1052  1861    37010,2917    33599,4609    20941    9,22%
     71    56    33852,2353  1686    37010,2917    33599,4609    34707    9,22%
     81    61    33862,2487  1526    37010,2917    33599,4609    37680    9,22%
    129   112    34163,5721  1460    37010,2917    33599,4609    59218    9,22%
Elapsed time = 42,22 sec. (16183,91 ticks, tree = 1,75 MB, solutions = 16)
    174   148    34056,5827  1417    37010,2917    33599,4609    72601    9,22%
*   197+  122                        36387,3523    33599,4609             7,66%
    233   204    35416,9863   930    36387,3523    33599,4609    98614    7,66%
*   304   272      integral     0    36338,5362    33599,4609   126756    7,54%
*   314   266      integral     0    35897,4860    33599,4609   124017    6,40%
    318   254    35129,9624   991    35897,4860    33599,4609   119395    6,40%
*   366+  308                        35662,4883    33599,4609             5,78%
*   410   316      integral     0    35578,7559    33626,3266   145184    5,49%
    425   324    34969,7214  1129    35578,7559    33626,3266   147284    5,49%
    490   352    33971,7909  1376    35578,7559    33626,3266   159810    5,49%
    535   399    34009,5270  1491    35578,7559    33636,0109   188942    5,46%
*   547+  392                        35540,6048    33636,0109             5,36%
    587   437    34447,0294  1162    35540,6048    33636,0109   209375    5,36%
    644   514    34466,4753  1309    35540,6048    33636,0109   242603    5,36%
    731   527    34211,6705  1677    35540,6048    33636,0109   253351    5,36%
    828   619    35427,6955   724    35540,6048    33636,0109   292809    5,36%
Elapsed time = 106,31 sec. (25806,24 ticks, tree = 18,39 MB, solutions = 22)
    907   658        cutoff          35540,6048    33700,0293   313379    5,18%
    988   722    34935,4579  1179    35540,6048    33700,0293   334759    5,18%
   1083   795    33956,0966  1474    35540,6048    33700,0293   359036    5,18%
   1165   843    34150,6877  1567    35540,6048    33700,0293   373756    5,18%
   1245   899    34210,0529  1372    35540,6048    33700,0293   395242    5,18%
   1342  1000        cutoff          35540,6048    33741,6569   428329    5,06%
   1437  1066    33941,6047  1620    35540,6048    33741,6569   449111    5,06%
   1532  1149    35284,0202  1279    35540,6048    33746,4203   476809    5,05%
   1623  1157    34013,8805  1432    35540,6048    33785,9119   481438    4,94%
   1696  1214    34820,0483  1407    35540,6048    33785,9119   504306    4,94%
Elapsed time = 172,54 sec. (35445,75 ticks, tree = 47,00 MB, solutions = 22)
   1793  1329    33926,7593  1514    35540,6048    33796,7165   540097    4,91%
   1883  1409    35287,9387   791    35540,6048    33796,7165   568667    4,91%
   1960  1463    34929,9171  1388    35540,6048    33796,9071   582564    4,91%
*  2009+ 1522                        34892,3630    33796,9071             3,14%
*  2036  1144      integral     0    34883,3262    33802,5353   623524    3,10%
   2052  1148        cutoff          34883,3262    33802,5353   627981    3,10%
   2141  1150    33888,2556  1508    34883,3262    33814,0317   628669    3,07%
   2237  1172    34071,4149  1526    34883,3262    33814,0317   641479    3,07%
   2341  1224    33901,5299  1567    34883,3262    33821,2641   673778    3,04%
   2443  1285    34118,1733  1486    34883,3262    33829,9997   694667    3,02%
   2549  1487    34120,4592  1602    34883,3262    33831,7616   767780    3,01%
   2655  1509    34454,8430  1416    34883,3262    33831,7616   774366    3,01%
Elapsed time = 239,04 sec. (45059,82 ticks, tree = 58,32 MB, solutions = 24)
   2755  1552    34126,1767  1480    34883,3262    33833,8940   788302    3,01%
   2847  1683        cutoff          34883,3262    33856,1049   848299    2,94%
   2933  1770    34628,5993  1299    34883,3262    33862,7661   887692    2,93%
   3030  1745    34685,1614  1322    34883,3262    33862,7661   875010    2,93%
   3140  1885    34761,9551  1280    34883,3262    33863,3435   937385    2,92%
*  3173+ 1837                        34827,5391    33875,7484             2,73%
   3248  1867    34090,6122  1383    34827,5391    33878,0224   960815    2,73%
   3344  1919    34184,4785  1390    34827,5391    33878,0224   951647    2,73%
   3462  2011    34692,7572  1374    34827,5391    33883,1907  1015796    2,71%
   3556  1973    34788,0745  1437    34827,5391    33885,8089  1004086    2,70%
   3665  2073        cutoff          34827,5391    33888,4940  1043882    2,70%
Elapsed time = 304,87 sec. (54691,66 ticks, tree = 73,68 MB, solutions = 25)
   3741  2207    34656,3506  1471    34827,5391    33891,6394  1098811    2,69%
   3832  2221    34588,4442  1526    34827,5391    33898,6020  1105115    2,67%
   3897  2267    34676,4633  1265    34827,5391    33898,6020  1125797    2,67%

Performing restart 1

Repeating presolve.
Tried aggregator 2 times.
MIP Presolve eliminated 193 rows and 2794 columns.
Aggregator did 5 substitutions.
Reduced MIP has 4924 rows, 21833 columns, and 48702 nonzeros.
Reduced MIP has 21817 binaries, 16 generals, 0 SOSs, and 0 indicators.
Presolve time = 0,04 sec. (36,64 ticks)
Tried aggregator 1 time.
Reduced MIP has 4924 rows, 21833 columns, and 48702 nonzeros.
Reduced MIP has 21817 binaries, 16 generals, 0 SOSs, and 0 indicators.
Presolve time = 0,05 sec. (37,02 ticks)
Represolve time = 1,31 sec. (1098,59 ticks)
*  3921+    0                        34710,4607    33902,1658             2,33%
   3921     0    33486,2211  2083    34710,4607       Cuts: 7  1213217    2,33%
   3921     0    33491,5124  2095    34710,4607       Cuts: 5  1213410    2,33%
   3921     0    33492,5619  2016    34710,4607   ZeroHalf: 2  1213503    2,33%
   3921     0    33494,3306  2098    34710,4607   ZeroHalf: 2  1213598    2,33%
   3921     0    33504,5352  2125    34710,4607   ZeroHalf: 7  1213837    2,33%
   3921     0    33516,8154  2159    34710,4607   ZeroHalf: 8  1214091    2,33%
   3921     2    33516,8154  2159    34710,4607    33902,1658  1214091    2,33%
   3923     4    33520,8508  2164    34710,4607    33902,1658  1214376    2,33%
   3926     7    33843,6582  1597    34710,4607    33902,1658  1216687    2,33%
   3944    14    33719,8745  1759    34710,4607    33902,1658  1222369    2,33%
   3972    32    33798,7571  1872    34710,4607    33902,1658  1250226    2,33%
   4005    46    34595,0985  1343    34710,4607    33902,1658  1270461    2,33%
   4042    91    34607,6350  1180    34710,4607    33902,1658  1298601    2,33%
Elapsed time = 382,67 sec. (86856,25 ticks, tree = 0,94 MB, solutions = 26)
   4102   118    33672,7934  2052    34710,4607    33902,1658  1316122    2,33%
   4153   150    33643,9075  2023    34710,4607    33902,1658  1340175    2,33%
   4202   195    33803,5549  1766    34710,4607    33902,1658  1372468    2,33%
   4273   202    34301,5126  1381    34710,4607    33902,1658  1376513    2,33%
   4348   268        cutoff          34710,4607    33902,1658  1409522    2,33%
   4446   341        cutoff          34710,4607    33902,1658  1435307    2,33%
   4554   401    34563,1167  1441    34710,4607    33902,1658  1448492    2,33%
   4693   495        cutoff          34710,4607    33902,1658  1482266    2,33%
   4769   558    34078,9626  1632    34710,4607    33902,1658  1504138    2,33%
   4805   578    34268,3734  1715    34710,4607    33902,1658  1511044    2,33%
Elapsed time = 440,90 sec. (96470,69 ticks, tree = 13,79 MB, solutions = 26)
   4915   640        cutoff          34710,4607    33902,1658  1531447    2,33%
   5065   692    34303,2442  1255    34710,4607    33902,1658  1545016    2,33%
   5196   729    34565,1440  1803    34710,4607    33902,1658  1554039    2,33%
   5312   850    34579,4933  1290    34710,4607    33902,1658  1592526    2,33%
   5445   925    34492,1041  1702    34710,4607    33902,1658  1615130    2,33%
   5539   959    34702,1689  1430    34710,4607    33902,1658  1628730    2,33%
   5610   999    34007,2317  1694    34710,4607    33902,1658  1643782    2,33%
   5644  1081        cutoff          34710,4607    33902,1658  1679722    2,33%
   5676  1118    34394,7205  1839    34710,4607    33902,1658  1702470    2,33%
   5719  1157    34572,5706  1278    34710,4607    33902,1658  1724063    2,33%
Elapsed time = 498,85 sec. (106094,12 ticks, tree = 33,60 MB, solutions = 26)
   5787  1190    34496,6256  1391    34710,4607    33902,1658  1738610    2,33%
   5877  1235    34696,0801  1289    34710,4607    33902,1658  1762848    2,33%
   5957  1214    34644,9310  1728    34710,4607    33902,1658  1752533    2,33%
   6040  1299    34115,2446  1830    34710,4607    33902,1658  1792226    2,33%
   6119  1336    34625,1220  1306    34710,4607    33902,1658  1804854    2,33%
   6215  1459    34634,9555  1740    34710,4607    33902,1658  1866773    2,33%
   6314  1489    33973,6084  1946    34710,4607    33902,1658  1876744    2,33%
   6421  1542    34556,3687  1580    34710,4607    33902,1658  1899720    2,33%
   6535  1642    34050,8299  1550    34710,4607    33902,1658  1939366    2,33%
   6639  1619    34363,0514  1910    34710,4607    33902,1658  1931889    2,33%
Elapsed time = 557,84 sec. (115750,78 ticks, tree = 47,42 MB, solutions = 26)
   6765  1718    34555,1410  1229    34710,4607    33902,1658  1960886    2,33%
   6880  1853    33970,4836  1642    34710,4607    33902,1658  2018890    2,33%
   6960  1818        cutoff          34710,4607    33902,1658  2013438    2,33%
   7065  1923    34178,6007  1812    34710,4607    33904,9868  2037115    2,32%
   7149  1955    34617,7344  1636    34710,4607    33912,7293  2056771    2,30%
   7238  2069    34554,2425  1396    34710,4607    33912,8935  2098277    2,30%
   7284  2100    34535,6320  1298    34710,4607    33916,2250  2118138    2,29%
   7329  2211    34491,2649  1353    34710,4607    33920,7477  2162846    2,28%
   7407  2233    34642,7047  1315    34710,4607    33927,6588  2180505    2,26%
   7783  2330    34481,6604  1444    34710,4607    33952,8944  2237176    2,18%
Elapsed time = 633,93 sec. (128329,61 ticks, tree = 74,39 MB, solutions = 26)
   8158  2542    34570,4442  1323    34710,4607    33986,9572  2373203    2,08%
   8527  2686    34418,9861  1204    34710,4607    34012,2527  2448019    2,01%
   8777  2887    34450,7457  1385    34710,4607    34019,9654  2539317    1,99%
   9176  3042    34390,6625  1360    34710,4607    34027,6746  2621311    1,97%
   9609  3251    34408,2319  1425    34710,4607    34053,5589  2748753    1,89%
   9956  3500    34330,8709  1629    34710,4607    34078,7435  2879486    1,82%
  10199  3597        cutoff          34710,4607    34093,5743  2947946    1,78%
  10668  3748        cutoff          34710,4607    34108,3728  3021340    1,73%
  11102  4047        cutoff          34710,4607    34127,0257  3179033    1,68%
  11554  4159    34377,6195  1877    34710,4607    34142,7496  3247117    1,64%
Elapsed time = 871,12 sec. (166570,93 ticks, tree = 124,08 MB, solutions = 26)
  11877  4390    34638,8206  1641    34710,4607    34155,0001  3404371    1,60%
  12181  4474    34700,9232  1598    34710,4607    34173,0448  3459587    1,55%
  12702  4611    34463,0958  1440    34710,4607    34181,5705  3544909    1,52%
  13154  4790        cutoff          34710,4607    34194,3666  3680580    1,49%
  13669  4861    34568,0149  1308    34710,4607    34206,7299  3751458    1,45%
  14061  5073        cutoff          34710,4607    34220,0253  3867384    1,41%
  14329  5238        cutoff          34710,4607    34237,9100  3997265    1,36%
  14773  5273    34504,3163  1384    34710,4607    34245,8869  4025323    1,34%
  15271  5443        cutoff          34710,4607    34258,4866  4217339    1,30%
  15773  5615    34685,3990  1422    34710,4607    34270,5453  4336457    1,27%
Elapsed time = 1099,73 sec. (204801,04 ticks, tree = 168,87 MB, solutions = 26)
  16231  5687    34460,6237  1311    34710,4607    34286,4910  4387246    1,22%
  16516  5805    34430,8160  1557    34710,4607    34300,1509  4555772    1,18%
  16915  5823        cutoff          34710,4607    34304,0295  4586339    1,17%
  17458  5977    34647,7395   939    34710,4607    34319,4821  4726809    1,13%
  17964  6060    34636,4140  1594    34710,4607    34327,7497  4782145    1,10%
  18510  6137        cutoff          34710,4607    34340,3724  4996956    1,07%
  19039  6191    34605,1666  1326    34710,4607    34351,8590  5028679    1,03%
  19472  6222    34547,4641  1488    34710,4607    34363,7359  5179265    1,00%
  19833  6233        cutoff          34710,4607    34375,6224  5264203    0,96%
  20330  6206    34470,3792  1439    34710,4607    34386,4169  5351771    0,93%
Elapsed time = 1336,18 sec. (243094,41 ticks, tree = 179,90 MB, solutions = 26)
  20892  6208        cutoff          34710,4607    34401,6042  5398791    0,89%
  21448  6124    34578,0065  1395    34710,4607    34413,2067  5591758    0,86%
  21984  6100    34530,1959  1603    34710,4607    34421,8031  5668550    0,83%
  22392  5993        cutoff          34710,4607    34439,9201  5779239    0,78%
  22889  5968    34619,4225  1308    34710,4607    34448,9200  5842471    0,75%
  23531  5630        cutoff          34710,4607    34462,2476  6091577    0,72%
* 23739  5650      integral     0    34606,6485    34475,5138  6082698    0,38%
  24329  2740        cutoff          34606,6485    34480,9796  6223298    0,36%
  25758  1490        cutoff          34606,6485    34557,0016  6382856    0,14%

Zero-half cuts applied:  107
Lift and project cuts applied:  3

Root node processing (before b&c):
  Real time             =   21,92 sec. (12633,80 ticks)
Parallel b&c, 12 threads:
  Real time             = 1497,66 sec. (262939,30 ticks)
  Sync time (average)   =  217,93 sec.
  Wait time (average)   =    0,03 sec.
                          ------------
Total (root+branch&cut) = 1519,58 sec. (275573,11 ticks)

