
Version identifier: 22.1.1.0 | 2022-11-28 | 9160aff4d
CPXPARAM_MultiObjective_Display                  0
CPXPARAM_TimeLimit                               2000000
CPXPARAM_WorkMem                                 8192
CPXPARAM_DetTimeLimit                            2000000
Tried aggregator 3 times.
MIP Presolve eliminated 141743 rows and 1080676 columns.
Aggregator did 1490 substitutions.
Reduced MIP has 6371 rows, 39186 columns, and 85028 nonzeros.
Reduced MIP has 39156 binaries, 30 generals, 0 SOSs, and 0 indicators.
Presolve time = 0,91 sec. (653,50 ticks)
Found incumbent of value 206958,400967 after 1,10 sec. (808,01 ticks)
Tried aggregator 2 times.
Detecting symmetries...
Aggregator did 15 substitutions.
Reduced MIP has 6356 rows, 39171 columns, and 84998 nonzeros.
Reduced MIP has 39156 binaries, 15 generals, 0 SOSs, and 0 indicators.
Presolve time = 0,08 sec. (77,76 ticks)
Probing time = 0,09 sec. (16,97 ticks)
Clique table members: 46848.
MIP emphasis: balance optimality and feasibility.
MIP search method: dynamic search.
Parallel mode: deterministic, using up to 12 threads.
Root relaxation solution time = 1,04 sec. (598,89 ticks)

        Nodes                                         Cuts/
   Node  Left     Objective  IInf  Best Integer    Best Bound    ItCnt     Gap

*     0+    0                       206958,4010 -2284653,5823              --- 
*     0+    0                       184438,4060 -2284653,5823              --- 
*     0+    0                       184421,2070 -2284653,5823              --- 
*     0+    0                       184404,0080 -2284653,5823              --- 
*     0+    0                       184386,8090 -2284653,5823              --- 
*     0+    0                       184369,6100 -2284653,5823              --- 
*     0+    0                       184353,4910 -2284653,5823              --- 
*     0+    0                       184337,6960 -2284653,5823              --- 
*     0+    0                       184321,9010 -2284653,5823              --- 
*     0+    0                       184306,1060 -2284653,5823              --- 
      0     0    17929,4351  2806   184306,1060    17929,4351       41   90,27%
*     0+    0                        53189,9233    17929,4351            66,29%
      0     0    17981,5771  2848    53189,9233      Cuts: 22     1044   66,19%
      0     0    18013,3868  2921    53189,9233  ZeroHalf: 33     1980   66,13%
      0     0    18015,8209  3000    53189,9233   ZeroHalf: 2     2239   66,13%
      0     0    18023,9691  3009    53189,9233  ZeroHalf: 19     2727   66,11%
      0     0    18039,3410  3116    53189,9233  ZeroHalf: 18     3451   66,09%
Detecting symmetries...
      0     0    18044,1541  3178    53189,9233  ZeroHalf: 13     3872   66,08%
      0     0    18048,3195  3126    53189,9233   ZeroHalf: 6     4216   66,07%
      0     0    18050,9513  3178    53189,9233   ZeroHalf: 3     4537   66,06%
      0     0    18057,2350  3194    53189,9233   ZeroHalf: 8     5016   66,05%
*     0+    0                        22222,9269    18057,2350            18,75%
Detecting symmetries...
      0     2    18057,2350  3194    22222,9269    18057,2350     5016   18,75%
Elapsed time = 50,15 sec. (24050,75 ticks, tree = 0,02 MB, solutions = 12)
      1     3    18090,3017  3133    22222,9269    18057,2350     8221   18,75%
      2     3    18077,8245  2891    22222,9269    18057,2350     8303   18,75%
      3     4    18106,9007  2993    22222,9269    18057,2350     9580   18,75%
      4     5    18094,5727  2932    22222,9269    18077,8644    12777   18,65%
      5     5    18113,8062  2666    22222,9269    18077,8644    13284   18,65%
      7     6    18142,6516  2920    22222,9269    18077,8644    14186   18,65%
     10     8    18128,3332  2782    22222,9269    18090,3304    16469   18,60%
     14     9    18141,7007  2699    22222,9269    18090,3304    17692   18,60%
     15    15    18147,9221  2787    22222,9269    18113,8081    24222   18,49%
     23    18    18168,7477  2877    22222,9269    18123,3280    27636   18,45%
Elapsed time = 73,55 sec. (32509,30 ticks, tree = 0,10 MB, solutions = 12)
     33    10    18184,6745  2844    22222,9269    18123,3280    20900   18,45%
     43    24    18182,5228  2750    22222,9269    18123,3280    34721   18,45%
     48    29    18202,0865  2731    22222,9269    18123,3280    44373   18,45%
     61    53    18192,6678  2682    22222,9269    18123,3280    77102   18,45%
     74    64    18243,3317  2857    22222,9269    18123,3280    90238   18,45%
     85    56    18278,3450  2594    22222,9269    18123,3280    82150   18,45%
     91    60    18376,1816  2310    22222,9269    18123,3280    90763   18,45%
    102    98    18339,4020  2032    22222,9269    18123,3280   146980   18,45%
    114   100    18336,7843  2384    22222,9269    18123,3280   156371   18,45%
    130   105    18435,1782  2105    22222,9269    18123,3280   173748   18,45%
Elapsed time = 141,44 sec. (42471,82 ticks, tree = 1,27 MB, solutions = 12)
    143   121    18476,9556  2035    22222,9269    18123,3280   191156   18,45%
    153   128    18632,0799  1592    22222,9269    18123,3280   196747   18,45%
    165   152    18690,4988  1493    22222,9269    18123,3280   229971   18,45%
    179   145    18598,3096  1776    22222,9269    18123,3280   223879   18,45%
    194   173    18632,8435  1688    22222,9269    18123,3280   263148   18,45%
    212   182    18587,8023  1651    22222,9269    18123,3280   273718   18,45%
    236   201    18875,0477  1629    22222,9269    18123,3280   303748   18,45%
*   252+  190                        20192,2124    18123,3280            10,25%
    256   219    18953,4068  1394    20192,2124    18123,3280   319755   10,25%
    286   230    18892,9049  1291    20192,2124    18123,3280   324784   10,25%
    321   279    18937,6665  1915    20192,2124    18123,3280   365897   10,25%
Elapsed time = 217,43 sec. (52750,61 ticks, tree = 5,42 MB, solutions = 13)
    360   307    19181,7822  1493    20192,2124    18123,3280   378321   10,25%
    411   321    19198,6139  1080    20192,2124    18123,3280   383921   10,25%
*   435   320      integral     0    20179,8491    18123,3280   373373   10,19%
*   447   285      integral     0    19642,8224    18123,3280   360512    7,74%
*   456   316      integral     0    19394,4825    18123,3280   381123    6,55%
    484   360    18185,8325  2367    19394,4825    18123,3280   410295    6,55%
    522   375    18194,3952  2677    19394,4825    18123,3280   421206    6,55%
    550   373    18244,9584  2715    19394,4825    18123,3280   407190    6,55%
    575   412    19137,2230  1306    19394,4825    18123,3280   455192    6,55%
    593   401    18195,4356  2647    19394,4825    18123,3280   443339    6,55%
    611   457    18241,6455  2301    19394,4825    18123,3280   499655    6,55%
Elapsed time = 280,41 sec. (60958,16 ticks, tree = 13,64 MB, solutions = 17)
    631   468    18157,3567  2618    19394,4825    18142,3769   507972    6,46%
    651   500    19076,2068  1510    19394,4825    18142,3769   534924    6,46%
    671   479    19173,1272  1919    19394,4825    18142,3769   514247    6,46%
*   679   498      integral     0    19143,4742    18142,3769   526096    5,23%
    695   479    18394,4272  2115    19143,4742    18142,3769   516428    5,23%
    712   509    19311,4913  1087    19143,4742    18157,4099   539922    5,15%
    732   506    18657,8049  2035    19143,4742    18157,4099   541883    5,15%
    756   494    18669,4631  1574    19143,4742    18160,7316   620646    5,13%
    785   477    18838,1901  1872    19143,4742    18160,7316   607613    5,13%
    821   506    18829,0237  1315    19143,4742    18160,7316   624572    5,13%
Elapsed time = 349,24 sec. (70402,34 ticks, tree = 14,22 MB, solutions = 18)
*   840   519      integral     0    18848,5629    18160,7316   642424    3,65%
    855   475    18830,8995  1629    18848,5629    18160,7316   605289    3,65%
    872   413    18205,4319  2455    18848,5629    18160,7316   649758    3,65%
    890   507    18201,0659  2700    18848,5629    18160,7316   633338    3,65%
    907   423    18519,1674  2054    18848,5629    18160,7316   697126    3,65%
    925   418        cutoff          18848,5629    18160,7316   684050    3,65%
    938   422    18275,8532  2584    18848,5629    18160,7316   711122    3,65%
    958   436    18783,9751  1850    18848,5629    18160,7316   734725    3,65%
    982   434        cutoff          18848,5629    18160,7693   736950    3,65%
*   988+  432                        18832,7102    18160,7693             3,57%
   1000   473    18736,2147  1201    18832,7102    18160,7693   783474    3,57%
*  1004   472      integral     0    18792,8758    18160,7693   783720    3,36%
   1031   481    18277,1560  2459    18792,8758    18170,4114   800498    3,31%
Elapsed time = 420,99 sec. (80167,80 ticks, tree = 10,86 MB, solutions = 21)
   1055   466    18216,4192  2367    18792,8758    18170,4114   804260    3,31%
   1074   477    18790,4920  2131    18792,8758    18170,4114   818207    3,31%
   1099   468        cutoff          18792,8758    18170,4114   807226    3,31%
   1120   482    18243,3641  2365    18792,8758    18170,4114   786183    3,31%
   1139   503    18329,1335  2531    18792,8758    18170,4114   860956    3,31%
   1158   505    18385,3983  2501    18792,8758    18170,4114   862395    3,31%
   1178   526        cutoff          18792,8758    18180,4969   896706    3,26%
   1196   528    18766,7079  1721    18792,8758    18180,4969   891206    3,26%
   1220   571    18413,6703  2268    18792,8758    18180,4969   938786    3,26%
   1236   529    18269,0922  2911    18792,8758    18180,4969   893652    3,26%
Elapsed time = 490,43 sec. (89944,51 ticks, tree = 11,26 MB, solutions = 21)
   1252   608    18469,4682  2310    18792,8758    18180,4969   974235    3,26%
   1281   601    18343,9079  2634    18792,8758    18184,0070   968107    3,24%
   1301   591    18353,4266  2300    18792,8758    18184,0070   961372    3,24%
   1321   613    18734,8989  2269    18792,8758    18184,0070   979300    3,24%
   1340   594    18506,1940  2331    18792,8758    18192,7527   964248    3,19%
   1359   646    18203,6005  2675    18792,8758    18194,3987  1028416    3,18%
   1379   696    18305,2735  2734    18792,8758    18194,3987  1081590    3,18%
   1402   660    18377,0176  2539    18792,8758    18194,3987  1038508    3,18%
   1416   662    18423,0433  2451    18792,8758    18194,3987  1039977    3,18%
   1433   651    18473,6135  2127    18792,8758    18194,3987  1031401    3,18%
Elapsed time = 565,68 sec. (99919,09 ticks, tree = 15,79 MB, solutions = 21)
   1452   712    18359,9415  2494    18792,8758    18194,3987  1100230    3,18%
   1468   760    18462,7549  2431    18792,8758    18199,3222  1160176    3,16%
   1487   765    18342,8411  2374    18792,8758    18199,3222  1168588    3,16%
   1512   717    18563,4018  2640    18792,8758    18199,3222  1104715    3,16%
   1531   753    18346,3309  2746    18792,8758    18201,2300  1157232    3,15%
   1546   742        cutoff          18792,8758    18201,2300  1139357    3,15%
   1563   764    18259,2208  2753    18792,8758    18201,2300  1168198    3,15%
   1577   775    18419,8165  2361    18792,8758    18201,2300  1185026    3,15%
   1591   830    18355,8455  2425    18792,8758    18201,2300  1262011    3,15%
   1610   790    18700,0989  2427    18792,8758    18205,8341  1195893    3,12%
Elapsed time = 635,91 sec. (110021,07 ticks, tree = 22,86 MB, solutions = 21)
   1628   829    18760,2735  1869    18792,8758    18205,8341  1259794    3,12%
   1650   820    18413,7729  2145    18792,8758    18205,8341  1241019    3,12%
   1669   843    18577,5271  1893    18792,8758    18210,0690  1278981    3,10%
   1685   824    18484,5375  1880    18792,8758    18210,0690  1244241    3,10%
   1710   882    18468,9049  2062    18792,8758    18210,0690  1345485    3,10%
   1728   917    18547,8114  2128    18792,8758    18212,8545  1400069    3,09%
   1749   928    18424,2912  2303    18792,8758    18213,4773  1422714    3,08%
   1788   903    18592,2358  2144    18792,8758    18215,2567  1382503    3,07%
   1816   888    18245,3333  2772    18792,8758    18215,2567  1351962    3,07%
   1897   935    18386,0125  1937    18792,8758    18216,2919  1431960    3,07%
Elapsed time = 728,45 sec. (122712,91 ticks, tree = 28,06 MB, solutions = 21)
   1981  1029    18258,5650  2127    18792,8758    18227,9775  1536467    3,01%
   2074  1041    18486,9679  2523    18792,8758    18227,9775  1551937    3,01%
   2170  1107    18492,4247  2106    18792,8758    18227,9775  1620567    3,01%
   2258  1184        cutoff          18792,8758    18235,8134  1711997    2,96%
   2345  1283        cutoff          18792,8758    18237,7898  1827012    2,95%
   2434  1325    18330,9972  2600    18792,8758    18241,0129  1875482    2,94%
   2513  1378        cutoff          18792,8758    18241,6600  1938013    2,93%
   2604  1425    18591,8185  2031    18792,8758    18243,7381  1999875    2,92%
   2682  1466    18538,3177  2377    18792,8758    18245,0466  2046571    2,92%
   2770  1559    18562,2879  2265    18792,8758    18247,1183  2163672    2,90%
Elapsed time = 1009,69 sec. (161361,90 ticks, tree = 64,14 MB, solutions = 21)
   2859  1590    18697,5903  2080    18792,8758    18248,2874  2203397    2,90%
   2939  1671    18488,1577  2525    18792,8758    18248,7414  2309151    2,90%
   3026  1726    18532,3928  2543    18792,8758    18248,7414  2370702    2,90%
   3120  1705    18680,0802  2108    18792,8758    18252,6602  2354039    2,87%
   3209  1878    18791,6677  2259    18792,8758    18252,6602  2544114    2,87%
   3279  1824    18302,9910  1864    18792,8758    18259,8486  2493269    2,84%
   3324  1982    18304,1884  2346    18792,8758    18262,4219  2662368    2,82%
   3371  1921    18356,8167  2346    18792,8758    18262,4219  2586973    2,82%
   3419  2017    18455,8468  2196    18792,8758    18262,8244  2692079    2,82%
   3469  2030    18326,9293  2577    18792,8758    18265,8220  2709781    2,80%
Elapsed time = 1315,90 sec. (199837,52 ticks, tree = 90,11 MB, solutions = 21)
   3535  2059    18557,7558  2568    18792,8758    18267,3451  2732430    2,80%
   3636  2141    18558,8070  2165    18792,8758    18267,7967  2813195    2,79%
   3740  2136    18346,4430  2122    18792,8758    18267,7967  2807565    2,79%
   3834  2179    18343,9450  2433    18792,8758    18271,0689  2854010    2,78%
   3889  2244    18554,2642  1794    18792,8758    18271,0689  2930089    2,78%

Performing restart 1

Repeating presolve.
Tried aggregator 3 times.
MIP Presolve eliminated 770 rows and 11552 columns.
Aggregator did 137 substitutions.
Reduced MIP has 5449 rows, 27482 columns, and 60842 nonzeros.
Reduced MIP has 27467 binaries, 15 generals, 0 SOSs, and 0 indicators.
Presolve time = 0,07 sec. (63,26 ticks)
Tried aggregator 2 times.
Aggregator did 1 substitutions.
Reduced MIP has 5448 rows, 27481 columns, and 60851 nonzeros.
Reduced MIP has 27466 binaries, 15 generals, 0 SOSs, and 0 indicators.
Presolve time = 0,06 sec. (50,55 ticks)
Represolve time = 1,56 sec. (1171,06 ticks)
   3909     0    18063,6948  3180    18792,8758   ZeroHalf: 3  3131219    2,75%
   3909     0    18068,6193  3238    18792,8758   ZeroHalf: 4  3131628    2,75%
   3909     0    18073,7904  3210    18792,8758   ZeroHalf: 9  3132122    2,75%
   3909     0    18076,7990  3195    18792,8758  ZeroHalf: 15  3132562    2,75%
   3909     0    18081,5618  3155    18792,8758   ZeroHalf: 6  3133024    2,75%
   3909     0    18082,5211  3111    18792,8758   ZeroHalf: 5  3133285    2,75%
   3909     0    18088,9095  3239    18792,8758  ZeroHalf: 14  3133875    2,75%
   3909     0    18097,5414  3218    18792,8758       Cuts: 5  3134513    2,75%
   3909     0    18100,7091  3198    18792,8758  ZeroHalf: 10  3134941    2,75%
   3909     0    18104,2853  3247    18792,8758   ZeroHalf: 6  3135398    2,75%
   3909     0    18110,0379  3266    18792,8758  ZeroHalf: 12  3135895    2,75%
   3909     2    18110,0379  3266    18792,8758    18275,2498  3135895    2,75%
   3914     7    18111,3293  3238    18792,8758    18275,2498  3137037    2,75%
   3940    20    18364,2606  2653    18792,8758    18275,2498  3155283    2,75%
   3975    43    18385,3347  2919    18792,8758    18275,2498  3212938    2,75%
   4033   102    18319,7451  2802    18792,8758    18275,2498  3294975    2,75%
Elapsed time = 1590,42 sec. (288109,95 ticks, tree = 1,07 MB, solutions = 21)
   4082   129    18569,1821  2334    18792,8758    18275,2498  3345226    2,75%
   4186   192    18424,3800  2591    18792,8758    18275,2498  3420171    2,75%
   4294   282    18443,5817  2672    18792,8758    18275,2498  3471963    2,75%
   4430   357    18724,5467  2363    18792,8758    18275,2498  3532525    2,75%
   4573   467        cutoff          18792,8758    18275,2498  3591968    2,75%
   4678   598    18323,4828  3018    18792,8758    18275,2498  3678681    2,75%
   4786   681    18470,7985  2542    18792,8758    18275,2498  3738099    2,75%
   4906   758    18700,2015  2180    18792,8758    18275,2498  3783567    2,75%
   5060   860        cutoff          18792,8758    18275,2498  3849546    2,75%
   5223   914    18706,9556  1902    18792,8758    18275,2498  3875532    2,75%
Elapsed time = 1822,67 sec. (326428,18 ticks, tree = 36,31 MB, solutions = 21)
   5437  1169    18482,0383  2498    18792,8758    18275,2498  4007683    2,75%
   5685  1262        cutoff          18792,8758    18275,2498  4049590    2,75%
   5911  1441    18295,9610  2775    18792,8758    18275,2498  4128137    2,75%
   6080  1556    18350,5215  2675    18792,8758    18275,2498  4191500    2,75%
   6221  1654    18668,2618  1858    18792,8758    18275,2498  4232709    2,75%
   6388  1770    18721,8168  2187    18792,8758    18275,2498  4309321    2,75%
   6579  1826    18373,1074  2866    18792,8758    18275,2498  4352477    2,75%
   6704  2051    18789,8445  2086    18792,8758    18275,2498  4497760    2,75%
   6832  2159    18767,9132  1852    18792,8758    18275,2498  4563027    2,75%
   6991  2310    18786,6383  1881    18792,8758    18275,2498  4647326    2,75%
Elapsed time = 2065,23 sec. (364821,73 ticks, tree = 106,50 MB, solutions = 21)
   7082  2356    18433,0193  2597    18792,8758    18275,2498  4694731    2,75%
   7217  2326        cutoff          18792,8758    18275,2498  4678281    2,75%
   7389  2568    18740,4779  2509    18792,8758    18275,2498  4828302    2,75%
   7496  2668    18461,1824  2674    18792,8758    18275,2498  4882729    2,75%
   7590  2797    18568,2813  2618    18792,8758    18275,2498  4979286    2,75%
   7735  2836    18765,2936  2377    18792,8758    18275,2498  5001478    2,75%
   7877  2971    18306,4051  2607    18792,8758    18275,2498  5094699    2,75%
   7950  3126        cutoff          18792,8758    18275,2498  5197026    2,75%
   8085  3139    18639,6549  2188    18792,8758    18275,2498  5194317    2,75%
   8190  3240    18678,6469  2458    18792,8758    18275,2498  5289645    2,75%
Elapsed time = 2309,06 sec. (403406,09 ticks, tree = 145,44 MB, solutions = 21)
   8271  3303    18683,1404  1785    18792,8758    18275,2498  5330970    2,75%
   8368  3440        cutoff          18792,8758    18275,2498  5415077    2,75%
   8478  3509    18478,5117  2473    18792,8758    18275,2498  5487658    2,75%
   8599  3526    18732,5941  2068    18792,8758    18275,2498  5491566    2,75%
   8701  3696    18606,3121  2136    18792,8758    18275,2498  5640924    2,75%
   8833  3799    18489,1600  2640    18792,8758    18275,2498  5725757    2,75%
   8960  3835    18491,9687  2436    18792,8758    18275,2498  5749731    2,75%
   9062  3917    18506,2455  2396    18792,8758    18275,2498  5797967    2,75%
   9189  3976    18668,2117  2233    18792,8758    18275,2498  5848063    2,75%
   9326  4088    18724,8311  1834    18792,8758    18275,2498  5931525    2,75%
Elapsed time = 2537,65 sec. (441802,08 ticks, tree = 186,35 MB, solutions = 21)
   9447  4201    18485,1991  2459    18792,8758    18275,2498  6018281    2,75%
   9540  4295    18569,7680  2123    18792,8758    18275,2498  6093264    2,75%
   9612  4383    18572,6377  2667    18792,8758    18275,2498  6161044    2,75%
   9725  4496    18766,8009  2034    18792,8758    18275,2498  6233194    2,75%
   9828  4498    18654,9813  1759    18792,8758    18275,2498  6266233    2,75%
   9968  4538    18774,2313  2255    18792,8758    18275,2498  6290560    2,75%
  10090  4688    18278,9827  2881    18792,8758    18275,2498  6400060    2,75%
  10214  4827    18493,0309  2706    18792,8758    18275,2498  6502163    2,75%
  10313  4884    18687,7564  2207    18792,8758    18275,2498  6559291    2,75%
  10428  4991    18501,5096  2467    18792,8758    18275,2498  6644409    2,75%
Elapsed time = 2776,24 sec. (480325,62 ticks, tree = 228,40 MB, solutions = 21)
  10587  5034    18626,4894  2338    18792,8758    18275,2498  6682559    2,75%
  10716  5156    18726,8552  2415    18792,8758    18275,2498  6777740    2,75%
  10900  5208    18475,8099  2401    18792,8758    18275,2498  6805379    2,75%
  11036  5369        cutoff          18792,8758    18275,2498  6912821    2,75%
  11152  5456    18433,3058  2590    18792,8758    18275,2498  6971334    2,75%
  11250  5650    18613,3080  2244    18792,8758    18275,2498  7106945    2,75%
  11382  5698    18420,4773  2476    18792,8758    18275,2498  7147386    2,75%
  11463  5763        cutoff          18792,8758    18275,2498  7201431    2,75%
  11554  5797    18684,4148  1734    18792,8758    18275,2498  7217128    2,75%
  11640  5907    18757,3381  2037    18792,8758    18275,2498  7318472    2,75%
Elapsed time = 3027,59 sec. (518729,77 ticks, tree = 267,40 MB, solutions = 21)
  11730  5941    18790,8112  2372    18792,8758    18275,2498  7378172    2,75%
  11804  6022    18699,5322  2470    18792,8758    18275,2498  7451602    2,75%
  11902  6111    18756,1230  2216    18792,8758    18275,2498  7538148    2,75%
  12006  6138    18701,0418  1964    18792,8758    18275,2498  7553174    2,75%
  12093  6160    18767,6857  1972    18792,8758    18275,2498  7571676    2,75%
  12190  6327        cutoff          18792,8758    18275,2498  7754665    2,75%
  12277  6409    18535,9717  2246    18792,8758    18275,2498  7824937    2,75%
  12400  6339    18402,6096  2580    18792,8758    18275,2498  7767458    2,75%
  12475  6431    18530,3231  2753    18792,8758    18275,2498  7851291    2,75%
  12572  6442    18582,5833  2993    18792,8758    18275,2498  7869949    2,75%
Elapsed time = 3259,18 sec. (557297,62 ticks, tree = 287,20 MB, solutions = 21)
  12660  6569    18667,2341  2059    18792,8758    18276,3837  7977682    2,75%
  12755  6745    18630,9030  2709    18792,8758    18277,4560  8170291    2,74%
  12853  6752    18606,4038  2307    18792,8758    18277,7950  8189242    2,74%
  12936  6749    18781,5408  2188    18792,8758    18279,4965  8172018    2,73%
  13022  6933    18709,6342  2210    18792,8758    18281,0725  8400788    2,72%
  13107  6987    18714,9582  2481    18792,8758    18283,1563  8464601    2,71%
  13234  6970    18731,5426  2105    18792,8758    18283,1563  8428617    2,71%
  13329  7129    18745,2223  1950    18792,8758    18283,4029  8619198    2,71%
  13441  7073    18749,4906  1747    18792,8758    18285,2043  8563241    2,70%
  13562  7082    18475,2783  2214    18792,8758    18285,2043  8569379    2,70%
Elapsed time = 3513,16 sec. (595802,12 ticks, tree = 311,93 MB, solutions = 21)
  13652  7197    18608,1959  1864    18792,8758    18289,0876  8699466    2,68%
  13742  7429    18394,7406  3013    18792,8758    18292,4203  8904187    2,66%
  13830  7536    18706,3882  2058    18792,8758    18292,5178  8976664    2,66%
  13913  7550        cutoff          18792,8758    18292,5178  8998050    2,66%
  14004  7519    18764,3099  2014    18792,8758    18293,0894  8975546    2,66%
  14130  7697    18759,5709  2258    18792,8758    18297,7296  9145181    2,63%
  14243  7738    18445,9297  2658    18792,8758    18297,7296  9180411    2,63%
  14342  7779    18702,2845  2381    18792,8758    18300,8625  9221348    2,62%
  14427  7938    18470,4046  2484    18792,8758    18301,4288  9367944    2,62%
  14521  7949    18617,8562  2307    18792,8758    18302,4408  9374337    2,61%
Elapsed time = 3759,12 sec. (634442,89 ticks, tree = 357,06 MB, solutions = 21)
  14632  7971    18735,1607  1959    18792,8758    18303,0672  9380645    2,61%
  14747  8120    18702,1010  2293    18792,8758    18304,4622  9558213    2,60%
  14851  8167    18632,7062  1731    18792,8758    18304,4622  9593869    2,60%
  14961  8198    18731,6605  2559    18792,8758    18304,4622  9645183    2,60%
  15048  8199    18563,6574  2797    18792,8758    18306,6470  9650584    2,59%
  15161  8356    18434,2274  2591    18792,8758    18307,1597  9783299    2,58%
  15244  8494    18424,9152  2509    18792,8758    18308,1017  9901396    2,58%
  15351  8477    18763,9881  2760    18792,8758    18308,4894  9874659    2,58%
  15431  8625    18667,3862  2682    18792,8758    18308,4894 10035040    2,58%
  15528  8591    18609,9835  2291    18792,8758    18308,4894 10008467    2,58%
Elapsed time = 4011,75 sec. (672866,35 ticks, tree = 381,27 MB, solutions = 21)
  15600  8747    18521,2204  2316    18792,8758    18309,8427 10179751    2,57%
  15710  8738    18439,5863  2701    18792,8758    18309,8427 10169731    2,57%
  15807  8897        cutoff          18792,8758    18309,8427 10345566    2,57%
  15894  8965    18610,4886  2138    18792,8758    18313,5368 10401945    2,55%
  15993  8916    18765,6019  2122    18792,8758    18314,0943 10357935    2,55%
  16056  9126    18454,4803  2414    18792,8758    18314,3204 10568322    2,55%
  16114  9060    18624,7704  2188    18792,8758    18314,5266 10504264    2,55%
  16205  9166    18775,2050  1747    18792,8758    18317,9815 10616447    2,53%
  16291  9242    18732,7248  2207    18792,8758    18317,9815 10716959    2,53%
  16373  9353    18743,5190  1696    18792,8758    18318,5992 10823749    2,52%
Elapsed time = 4262,28 sec. (711471,93 ticks, tree = 401,64 MB, solutions = 21)
  16487  9337    18727,3069  2130    18792,8758    18318,5992 10798878    2,52%
  16590  9408        cutoff          18792,8758    18318,5992 10893130    2,52%
  16691  9453    18733,7863  1914    18792,8758    18320,0477 10955111    2,52%
  16782  9525    18512,4101  2676    18792,8758    18323,9369 11034731    2,50%
  16883  9495        cutoff          18792,8758    18324,0741 11020313    2,49%
  16958  9650    18757,0392  2294    18792,8758    18324,7418 11145433    2,49%
  17052  9686    18636,7669  2678    18792,8758    18325,7539 11191722    2,49%
  17154  9833    18531,6862  2418    18792,8758    18326,1678 11351782    2,48%
  17258  9802    18529,0953  2246    18792,8758    18326,2165 11316405    2,48%
* 17349  9867      integral     0    18762,6137    18327,0390 11407123    2,32%
* 17355  9336      integral     0    18752,7856    18327,6039 11561442    2,27%
  17382  9880    18548,4048  2221    18752,7856    18327,7766 11427610    2,27%
Elapsed time = 4510,04 sec. (749966,27 ticks, tree = 426,71 MB, solutions = 23)
  17493  9903    18540,5731  2592    18752,7856    18328,3628 11456020    2,26%
  17585  9093    18735,6004  2389    18752,7856    18328,3628 11656538    2,26%
  17673  9041    18586,0344  2070    18752,7856    18328,3628 11599906    2,26%
  17790  9288        cutoff          18752,7856    18331,6434 11856376    2,25%
  17887  9295    18663,6324  2680    18752,7856    18332,4633 11862792    2,24%
  17998  9258    18635,1754  2728    18752,7856    18332,6122 11828218    2,24%
  18070  9299    18723,0817  2129    18752,7856    18333,2527 11853104    2,24%
  18147  9523    18645,4013  2542    18752,7856    18334,1824 12120203    2,23%
  18240  9499    18695,4275  2685    18752,7856    18335,2330 12079884    2,23%
  18321  9439    18536,1998  2615    18752,7856    18335,3448 12022162    2,23%
Elapsed time = 4765,24 sec. (788410,63 ticks, tree = 408,05 MB, solutions = 23)
  18400  9613        cutoff          18752,7856    18337,0137 12241985    2,22%
  18464  9740    18588,5635  2260    18752,7856    18339,3169 12398115    2,20%
  18542  9639    18742,8480  2186    18752,7856    18339,6533 12287172    2,20%
  18615  9750    18743,0535  1921    18752,7856    18339,6533 12390357    2,20%
  18695  9776    18634,4408  2414    18752,7856    18339,6533 12452322    2,20%
  18755  9876    18704,1589  2478    18752,7856    18340,2963 12608923    2,20%
  18854  9871    18668,0406  2359    18752,7856    18340,2963 12595261    2,20%
  18923  9984    18692,2841  2532    18752,7856    18340,8812 12707436    2,20%
  19011 10001    18576,1111  2243    18752,7856    18341,6413 12736666    2,19%
  19122 10021        cutoff          18752,7856    18343,4852 12744123    2,18%
Elapsed time = 5014,67 sec. (826915,19 ticks, tree = 424,47 MB, solutions = 23)
  19214 10069    18624,6408  2189    18752,7856    18343,5230 12820090    2,18%
  19317 10214    18483,4828  2550    18752,7856    18344,6150 13005515    2,18%
  19412 10348    18745,1382  2194    18752,7856    18345,7713 13120783    2,17%
  19504 10348    18725,6558  2409    18752,7856    18346,7195 13126611    2,17%
  19581 10348    18525,8083  2501    18752,7856    18346,7195 13131977    2,17%
  19676 10453    18728,2592  2064    18752,7856    18348,1134 13241026    2,16%
  19733 10486    18621,6860  2124    18752,7856    18350,2856 13294122    2,15%
  19827 10568    18640,5264  2305    18752,7856    18350,5734 13371742    2,14%
  19923 10489    18447,7295  2733    18752,7856    18350,9200 13283973    2,14%
  20013 10726    18638,4563  2575    18752,7856    18352,8455 13607082    2,13%
Elapsed time = 5269,21 sec. (865455,50 ticks, tree = 448,89 MB, solutions = 23)
  20091 10812    18736,9746  2493    18752,7856    18354,5657 13721185    2,12%
  20169 10847    18605,5084  2894    18752,7856    18354,7433 13770764    2,12%
  20268 10844    18627,1142  2245    18752,7856    18354,8112 13755029    2,12%
  20343 10822    18678,8706  2396    18752,7856    18355,2009 13739764    2,12%
  20425 10902    18604,9140  2438    18752,7856    18355,9889 13830383    2,12%
  20513 10933    18656,1356  2181    18752,7856    18356,1447 13858995    2,12%
  20587 11009    18628,0588  2482    18752,7856    18356,6360 14024605    2,11%
  20689 11064    18665,4048  1988    18752,7856    18357,4973 14072082    2,11%
  20794 11028        cutoff          18752,7856    18358,2190 14038173    2,10%
  20862 11179    18585,6975  2298    18752,7856    18360,1055 14209910    2,09%
Elapsed time = 5522,38 sec. (904102,46 ticks, tree = 474,38 MB, solutions = 23)
  20963 11128    18728,5859  2398    18752,7856    18361,0182 14151139    2,09%
  21052 11197    18655,2800  2058    18752,7856    18361,8749 14241534    2,08%
  21143 11316    18658,8676  1782    18752,7856    18362,6904 14404935    2,08%
  21220 11472    18587,0602  2512    18752,7856    18362,9412 14581377    2,08%
  21301 11416    18660,1665  2552    18752,7856    18363,8192 14528354    2,07%
  21362 11435    18624,2889  2078    18752,7856    18363,9837 14548113    2,07%
  21429 11485    18546,1961  2864    18752,7856    18364,2628 14599965    2,07%
  21490 11568    18597,9886  2326    18752,7856    18365,6974 14703885    2,06%
  21565 11665    18696,4946  2369    18752,7856    18368,1771 14897077    2,05%
  21631 11659    18499,1627  2835    18752,7856    18368,7238 14869581    2,05%
Elapsed time = 5791,79 sec. (942856,76 ticks, tree = 500,31 MB, solutions = 23)
  21695 11613    18641,8942  2619    18752,7856    18368,7760 14791654    2,05%
  21772 11752    18690,9383  2471    18752,7856    18370,8822 15044951    2,04%
  21840 11775    18551,6382  2605    18752,7856    18372,0124 15095360    2,03%
  21918 11856    18560,8055  2722    18752,7856    18372,6448 15213252    2,03%
  22011 11898    18722,7054  1830    18752,7856    18373,4210 15236759    2,02%
  22090 11841    18499,8083  2902    18752,7856    18373,4210 15171862    2,02%
  22185 11910        cutoff          18752,7856    18374,3537 15277115    2,02%
  22272 11984    18651,5712  2647    18752,7856    18375,2142 15391786    2,01%
  22356 11972    18751,3210  2277    18752,7856    18375,5439 15350480    2,01%
  22434 11990    18529,9233  1894    18752,7856    18375,6243 15404567    2,01%
Elapsed time = 6033,38 sec. (981309,70 ticks, tree = 511,66 MB, solutions = 23)
  22508 12092    18614,7186  2592    18752,7856    18376,1557 15535363    2,01%
  22594 12311    18628,8863  2960    18752,7856    18377,7245 15810914    2,00%
  22667 12337    18697,9004  1794    18752,7856    18377,9944 15840176    2,00%
  22768 12299    18610,9607  2636    18752,7856    18378,6409 15793779    2,00%
  22859 12417    18586,5248  2532    18752,7856    18378,9280 15987427    1,99%
  22954 12362    18724,0952  2824    18752,7856    18379,1163 15857862    1,99%
  23026 12369        cutoff          18752,7856    18379,9882 15921472    1,99%
  23103 12528    18704,9714  2338    18752,7856    18380,7322 16141727    1,98%
  23171 12508    18739,3433  1956    18752,7856    18380,8127 16093105    1,98%
  23259 12552    18551,5683  2181    18752,7856    18382,3774 16179918    1,98%
Elapsed time = 6292,76 sec. (1019961,27 ticks, tree = 531,93 MB, solutions = 23)
  23336 12513        cutoff          18752,7856    18382,6172 16104792    1,97%
  23428 12609        cutoff          18752,7856    18382,8127 16250421    1,97%
  23496 12629    18568,3497  2237    18752,7856    18383,4039 16304097    1,97%
  23600 12702    18615,7867  1912    18752,7856    18384,1656 16407516    1,97%
  23687 12731        cutoff          18752,7856    18384,7583 16440771    1,96%
  23790 12807    18501,6035  2406    18752,7856    18385,0851 16552260    1,96%
  23861 12967    18578,1714  2500    18752,7856    18385,7991 16724530    1,96%
  23959 13112    18562,8467  2364    18752,7856    18385,8532 16922815    1,96%
  24042 13120    18712,8437  2282    18752,7856    18386,0174 16928102    1,96%
  24129 13190    18637,8731  2293    18752,7856    18386,6352 17014566    1,95%
Elapsed time = 6548,40 sec. (1058372,10 ticks, tree = 564,95 MB, solutions = 23)
  24228 13056    18591,0713  2690    18752,7856    18387,5737 16856001    1,95%
  24313 13110    18658,7344  2328    18752,7856    18389,0492 16916084    1,94%
  24398 13315    18661,3136  2378    18752,7856    18389,0492 17200872    1,94%
  24492 13273        cutoff          18752,7856    18390,4536 17150432    1,93%
  24574 13213    18619,8722  2447    18752,7856    18390,5821 17072189    1,93%
  24659 13528    18698,0370  1847    18752,7856    18391,6669 17472028    1,93%
  24723 13550    18538,5282  2787    18752,7856    18392,4385 17503672    1,92%
  24791 13472    18605,9741  2626    18752,7856    18393,6221 17391439    1,92%
  24894 13625    18518,5779  2801    18752,7856    18394,2961 17608964    1,91%
  24954 13476        cutoff          18752,7856    18394,2961 17404364    1,91%
Elapsed time = 6815,93 sec. (1096795,84 ticks, tree = 576,86 MB, solutions = 23)
  25039 13716    18662,4190  2217    18752,7856    18395,2489 17734856    1,91%
  25103 13788        cutoff          18752,7856    18395,5664 17889545    1,90%
  25185 13788    18514,5564  2594    18752,7856    18395,7336 17892806    1,90%
  25255 13733    18605,5014  2566    18752,7856    18395,8618 17752496    1,90%
  25325 13748    18574,7018  2279    18752,7856    18396,4894 17785199    1,90%
  25407 13787    18752,3064  2436    18752,7856    18397,0692 17878240    1,90%
  25485 13863        cutoff          18752,7856    18397,8434 17998851    1,89%
  25556 13898    18708,3814  2300    18752,7856    18398,7525 18029813    1,89%
  25629 13934    18575,9189  2030    18752,7856    18399,2610 18091197    1,89%
  25696 14072        cutoff          18752,7856    18399,4408 18227115    1,88%
Elapsed time = 7076,57 sec. (1135771,91 ticks, tree = 594,70 MB, solutions = 23)
  25768 14142    18673,8114  2581    18752,7856    18400,0646 18318527    1,88%
  25863 14120        cutoff          18752,7856    18400,0970 18279781    1,88%
  25959 14269        cutoff          18752,7856    18402,2421 18502420    1,87%
  26041 14185    18701,3636  2188    18752,7856    18402,6108 18371258    1,87%
  26122 14186    18533,6224  2422    18752,7856    18402,6108 18378052    1,87%
  26205 14306    18517,5726  2285    18752,7856    18402,9342 18580946    1,87%
  26290 14268    18573,0698  2457    18752,7856    18403,0929 18496510    1,86%
  26387 14451    18594,2350  2515    18752,7856    18403,9872 18813813    1,86%
  26453 14565    18598,3437  2314    18752,7856    18404,2704 18944796    1,86%
  26543 14510    18634,4801  2377    18752,7856    18404,8122 18885041    1,86%
Elapsed time = 7329,16 sec. (1174537,05 ticks, tree = 620,69 MB, solutions = 23)
  26612 14689    18723,3186  2229    18752,7856    18405,1733 19145881    1,85%
  26683 14665    18717,3269  2262    18752,7856    18405,1733 19118636    1,85%
  26764 14608        cutoff          18752,7856    18405,4501 19034881    1,85%
  26824 14751    18541,8926  2449    18752,7856    18405,9180 19251211    1,85%
  26902 14836    18627,7659  2237    18752,7856    18406,2828 19357972    1,85%
  26980 14793    18731,8193  2187    18752,7856    18407,1864 19295978    1,84%
  27070 14845    18720,4704  2018    18752,7856    18408,2939 19403813    1,84%
  27141 14767    18701,1988  2119    18752,7856    18408,2939 19275325    1,84%
  27214 14917    18525,3797  2958    18752,7856    18409,3443 19536544    1,83%
  27290 14881    18643,7971  2266    18752,7856    18410,0503 19446937    1,83%
Elapsed time = 7588,10 sec. (1213067,66 ticks, tree = 630,39 MB, solutions = 23)
  27375 15109        cutoff          18752,7856    18410,1926 19830254    1,83%
  27456 14930    18732,2558  1962    18752,7856    18411,4118 19553277    1,82%
  27549 15151    18530,3206  2269    18752,7856    18411,9431 19901332    1,82%
  27656 15163    18694,5902  2175    18752,7856    18412,1294 19907784    1,82%
  27760 15166    18516,4553  2461    18752,7856    18412,3008 19913325    1,82%
  27851 15169    18575,0176  2335    18752,7856    18413,2400 19919160    1,81%
  27945 15340    18625,5743  2228    18752,7856    18414,0609 20187187    1,81%
  28032 15236    18512,0150  2753    18752,7856    18414,9110 20029523    1,80%
  28113 15352    18620,1790  2334    18752,7856    18415,0215 20199812    1,80%
  28210 15495        cutoff          18752,7856    18415,8244 20364633    1,80%
Elapsed time = 7854,50 sec. (1251802,58 ticks, tree = 657,37 MB, solutions = 23)
  28273 15358    18575,9253  2696    18752,7856    18415,8244 20212708    1,80%
  28363 15554    18704,3031  2285    18752,7856    18417,1561 20438977    1,79%
  28439 15527    18730,5733  1954    18752,7856    18417,5460 20413335    1,79%
  28522 15554    18530,8492  2309    18752,7856    18418,1058 20450354    1,78%
  28600 15531        cutoff          18752,7856    18418,6217 20425451    1,78%
  28663 15845    18576,3499  2646    18752,7856    18418,8042 20819089    1,78%
  28729 15831    18588,8760  2771    18752,7856    18418,8042 20793580    1,78%
  28798 15843    18732,6848  2484    18752,7856    18420,0042 20799891    1,77%
  28865 15772    18605,0875  2541    18752,7856    18420,9315 20705684    1,77%
  28958 15983        cutoff          18752,7856    18421,0542 21088728    1,77%
Elapsed time = 8117,96 sec. (1290484,39 ticks, tree = 677,66 MB, solutions = 23)
* 28961 15982      integral     0    18746,8116    18421,0542 21089089    1,74%
  29029 15778    18570,7077  2343    18746,8116    18421,8005 21168554    1,73%
  29115 15784    18668,0387  2045    18746,8116    18421,8005 21172075    1,73%
* 29137+15852                        18713,6618    18422,1549             1,56%
  29205 15942    18529,4419  2197    18713,6618    18422,5704 21001428    1,56%
  29277 13846        cutoff          18713,6618    18423,1863 21424860    1,55%
  29353 16014        cutoff          18713,6618    18423,5376 21145100    1,55%
  29426 15831    18621,4085  2774    18713,6618    18424,0666 21232609    1,55%
  29495 13855    18609,7805  2533    18713,6618    18424,5993 21436200    1,54%
  29557 13783    18680,1869  2067    18713,6618    18425,0092 21305526    1,54%
  29618 13986    18663,1612  1793    18713,6618    18425,0092 21643984    1,54%
Elapsed time = 8358,72 sec. (1325801,88 ticks, tree = 577,30 MB, solutions = 25)
  29689 13993    18517,3898  2248    18713,6618    18426,2364 21707539    1,54%
  29748 13917    18608,2544  2605    18713,6618    18426,3949 21548808    1,54%
  29813 14002    18677,5707  2143    18713,6618    18426,4339 21713242    1,53%
  29876 14017    18710,6861  1981    18713,6618    18427,5432 21694876    1,53%
  29935 14082    18608,4096  2387    18713,6618    18428,2064 21850430    1,53%
  30008 14173    18683,3092  2106    18713,6618    18428,2064 21980451    1,53%
  30080 14106        cutoff          18713,6618    18428,4441 21885823    1,52%
  30155 14295    18599,7531  2085    18713,6618    18429,8667 22194195    1,52%
  30224 14260    18581,8684  2749    18713,6618    18429,8667 22135249    1,52%
  30293 14197    18628,6929  2593    18713,6618    18430,4480 22029153    1,51%
Elapsed time = 8617,78 sec. (1364613,39 ticks, tree = 589,35 MB, solutions = 25)
  30366 14305    18591,6377  2817    18713,6618    18431,3760 22211630    1,51%
  30429 14370    18703,3952  2406    18713,6618    18432,0280 22389338    1,50%
  30497 14245    18678,6050  2303    18713,6618    18432,0280 22107124    1,50%
  30570 14260    18574,3789  2151    18713,6618    18432,6236 22137196    1,50%
  30655 14469    18624,1817  2088    18713,6618    18433,2231 22633928    1,50%
  30717 14398        cutoff          18713,6618    18433,4816 22484598    1,50%
  30792 14354    18683,6222  2323    18713,6618    18434,6120 22381766    1,49%
  30857 14529    18624,5292  2595    18713,6618    18435,5272 22800797    1,49%
  30931 14474        cutoff          18713,6618    18435,5530 22615959    1,49%
  31008 14475    18702,0878  2475    18713,6618    18435,5530 22621557    1,49%
Elapsed time = 8881,01 sec. (1403249,12 ticks, tree = 598,21 MB, solutions = 25)
  31073 14581    18580,7095  2597    18713,6618    18436,0092 22937416    1,48%
  31151 14588        cutoff          18713,6618    18436,6725 22943728    1,48%
  31223 14671    18708,6166  1830    18713,6618    18437,0727 23171309    1,48%
  31313 14574        cutoff          18713,6618    18437,6209 22915663    1,48%
  31391 14605    18665,6251  2577    18713,6618    18438,4954 23032907    1,47%
  31470 14622    18638,6997  2407    18713,6618    18438,6486 23076213    1,47%
  31544 14679    18581,2265  2233    18713,6618    18438,6486 23192038    1,47%
  31648 14652    18676,0310  2477    18713,6618    18439,1458 23162211    1,47%
  31720 14757        cutoff          18713,6618    18439,5983 23317128    1,46%
  31790 14791    18639,5656  2263    18713,6618    18439,5983 23398517    1,46%
Elapsed time = 9144,37 sec. (1441898,06 ticks, tree = 606,25 MB, solutions = 25)
  31877 14820    18610,6182  2198    18713,6618    18440,3301 23468854    1,46%
  31969 14895    18655,0186  2661    18713,6618    18440,7780 23634838    1,46%
  32045 14950    18672,6609  2388    18713,6618    18441,3056 23715867    1,46%
  32128 14857        cutoff          18713,6618    18441,3056 23529776    1,46%
  32187 14888    18677,5668  2070    18713,6618    18441,3056 23575301    1,46%
  32257 15132        cutoff          18713,6618    18442,4590 24077105    1,45%
  32330 15121    18688,4279  3058    18713,6618    18442,9431 24041631    1,45%
  32409 15122    18670,2936  2285    18713,6618    18443,7824 24047854    1,44%
  32492 15236    18677,1100  1926    18713,6618    18444,2017 24321019    1,44%
  32567 15265        cutoff          18713,6618    18445,0720 24407796    1,44%
Elapsed time = 9407,16 sec. (1480295,13 ticks, tree = 636,54 MB, solutions = 25)
  32648 15125        cutoff          18713,6618    18445,0720 24066589    1,44%
  32719 15146    18713,4452  2277    18713,6618    18445,0720 24113595    1,44%
  32795 15289    18695,4768  2442    18713,6618    18446,2167 24453937    1,43%
  32865 15270    18706,1914  2917    18713,6618    18446,4108 24433501    1,43%
  32941 15323        cutoff          18713,6618    18446,6622 24551862    1,43%
  33012 15245    18597,4244  2260    18713,6618    18446,8051 24404143    1,43%
  33083 15440    18709,4953  2533    18713,6618    18447,6274 24852433    1,42%
  33170 15435    18709,2282  1782    18713,6618    18448,2528 24815652    1,42%
  33232 15453        cutoff          18713,6618    18448,2528 24909135    1,42%
  33314 15322    18582,7287  2362    18713,6618    18448,7215 24538921    1,42%
Elapsed time = 9675,46 sec. (1518911,61 ticks, tree = 636,37 MB, solutions = 25)
  33403 15383        cutoff          18713,6618    18449,7191 24710677    1,41%
  33465 15445        cutoff          18713,6618    18449,7191 24839724    1,41%
  33536 15449    18639,4307  2871    18713,6618    18449,9378 24886613    1,41%
  33602 15648        cutoff          18713,6618    18450,9341 25349203    1,40%
  33658 15554        cutoff          18713,6618    18451,6934 25146072    1,40%
  33709 15538    18693,6915  2133    18713,6618    18451,6934 25102866    1,40%
  33778 15574    18618,7953  1777    18713,6618    18451,6934 25199310    1,40%
  33854 15669    18588,9083  2647    18713,6618    18453,0003 25406001    1,39%
  33921 15654    18694,7214  1867    18713,6618    18453,4914 25327448    1,39%
  33975 15781    18619,6255  2678    18713,6618    18453,9341 25613055    1,39%
Elapsed time = 9954,19 sec. (1557622,69 ticks, tree = 642,87 MB, solutions = 25)
  34035 15751    18590,8870  2503    18713,6618    18454,2050 25576839    1,39%
  34090 15863    18693,1487  2318    18713,6618    18454,8329 25790271    1,38%
  34143 15836    18698,8488  2606    18713,6618    18455,9168 25763119    1,38%
  34231 15817    18709,5305  2083    18713,6618    18455,9168 25706924    1,38%
  34301 15804    18578,0506  2304    18713,6618    18455,9168 25633820    1,38%
  34396 15819        cutoff          18713,6618    18457,3065 25740090    1,37%
  34486 15986        cutoff          18713,6618    18457,6044 26021488    1,37%
  34578 15941    18658,4026  2291    18713,6618    18458,0494 25961130    1,37%
  34656 15905    18673,5460  2556    18713,6618    18458,7267 25893912    1,36%
  34742 15984        cutoff          18713,6618    18459,3113 26007777    1,36%
Elapsed time = 10211,09 sec. (1596328,86 ticks, tree = 653,00 MB, solutions = 25)
  34820 15997    18711,4406  2376    18713,6618    18460,3750 26045411    1,35%
  34876 15985        cutoff          18713,6618    18460,3750 26018279    1,35%
  34974 16137    18675,0028  2470    18713,6618    18460,3750 26370203    1,35%
  35060 16050        cutoff          18713,6618    18461,7212 26158571    1,35%
  35126 16165        cutoff          18713,6618    18462,2378 26461828    1,34%
  35195 16145    18643,7342  2552    18713,6618    18462,4533 26436868    1,34%
  35274 16197    18661,5660  2775    18713,6618    18463,0961 26523660    1,34%
  35356 16332    18573,3321  2664    18713,6618    18463,3044 26795196    1,34%
  35446 16262    18683,0892  2198    18713,6618    18463,6501 26672731    1,34%
  35526 16385    18583,5679  2299    18713,6618    18463,6501 26993870    1,34%
Elapsed time = 10479,89 sec. (1635110,93 ticks, tree = 674,05 MB, solutions = 25)
  35621 16369        cutoff          18713,6618    18463,6501 26905275    1,34%
  35691 16441    18697,5736  2326    18713,6618    18464,5589 27135882    1,33%
  35759 16407    18677,2950  2551    18713,6618    18464,7800 27047103    1,33%
  35829 16419    18645,0140  2093    18713,6618    18465,1328 27100069    1,33%
  35890 16367    18677,7233  2591    18713,6618    18465,1328 26884053    1,33%
  35960 16408    18628,7307  2608    18713,6618    18465,8737 27062781    1,32%
  36032 16428    18672,7135  1988    18713,6618    18466,5747 27118586    1,32%
  36117 16602    18702,5905  2899    18713,6618    18466,5747 27529372    1,32%
  36183 16600        cutoff          18713,6618    18466,5747 27535022    1,32%
  36288 16585    18617,4656  2329    18713,6618    18467,3079 27449142    1,32%
Elapsed time = 10742,35 sec. (1673743,89 ticks, tree = 674,25 MB, solutions = 25)
  36366 16637    18620,7443  2388    18713,6618    18467,6660 27670630    1,31%
  36447 16539    18603,3974  2995    18713,6618    18467,8989 27332095    1,31%
  36524 16657    18610,6036  2389    18713,6618    18468,7577 27723930    1,31%
  36612 16630        cutoff          18713,6618    18469,1857 27641648    1,31%
  36695 16643    18605,4073  2877    18713,6618    18469,8840 27691870    1,30%
  36776 16684    18600,6733  2121    18713,6618    18470,4566 27833924    1,30%
  36850 16809    18626,2020  2048    18713,6618    18470,4566 28061073    1,30%
  36929 16754    18606,8280  3012    18713,6618    18470,6839 27934580    1,30%
  37013 16693    18649,2448  2798    18713,6618    18470,9824 27852247    1,30%
  37104 16814    18548,2139  2390    18713,6618    18471,6959 28077195    1,29%
Elapsed time = 11008,33 sec. (1712431,64 ticks, tree = 678,44 MB, solutions = 25)
  37194 16753    18685,2343  2480    18713,6618    18472,1317 27951217    1,29%
  37282 16926    18700,1178  1897    18713,6618    18472,6319 28314016    1,29%
  37353 16891        cutoff          18713,6618    18472,7870 28276896    1,29%
  37440 17027        cutoff          18713,6618    18474,2813 28594018    1,28%
  37513 17031    18676,1384  2134    18713,6618    18474,2813 28599879    1,28%
  37602 16979    18597,6325  2662    18713,6618    18474,2813 28515863    1,28%
  37686 17065    18556,6871  2565    18713,6618    18475,1064 28701065    1,27%
  37776 17125    18631,9219  2429    18713,6618    18475,6644 28786163    1,27%
  37837 17039    18576,2199  2596    18713,6618    18475,6644 28623392    1,27%
  37916 17101    18653,9894  2355    18713,6618    18476,1538 28768205    1,27%
Elapsed time = 11277,65 sec. (1751104,43 ticks, tree = 697,76 MB, solutions = 25)
  37985 17130    18684,7882  2412    18713,6618    18476,9174 28803527    1,27%
  38060 17243        cutoff          18713,6618    18477,4222 28953215    1,26%
  38121 17221    18702,4398  2364    18713,6618    18477,7149 28910829    1,26%
  38192 17308    18618,9329  2038    18713,6618    18478,1795 29152718    1,26%
  38265 17217    18622,1518  2830    18713,6618    18478,1795 28921691    1,26%
  38315 17287    18677,5397  2427    18713,6618    18478,9565 29115726    1,25%
  38405 17328        cutoff          18713,6618    18479,6062 29213370    1,25%
  38467 17388    18663,6587  2556    18713,6618    18480,7698 29370302    1,24%
  38565 17325    18666,2194  1978    18713,6618    18481,0696 29182142    1,24%
  38672 17489    18668,0969  2117    18713,6618    18481,1906 29709194    1,24%
Elapsed time = 11562,11 sec. (1789962,15 ticks, tree = 701,03 MB, solutions = 25)
  38743 17572        cutoff          18713,6618    18481,7611 29914243    1,24%
  38805 17575    18660,6278  2406    18713,6618    18482,3775 29917842    1,24%
  38879 17494    18636,0598  2567    18713,6618    18482,3775 29725601    1,24%
  38955 17454        cutoff          18713,6618    18482,3775 29634336    1,24%
  39014 17615        cutoff          18713,6618    18482,9269 30026843    1,23%
  39073 17506    18663,3417  2592    18713,6618    18483,0341 29743401    1,23%
  39143 17658    18682,0883  2091    18713,6618    18483,6461 30088699    1,23%
  39190 17583    18697,8325  2380    18713,6618    18483,8994 29942268    1,23%
  39258 17625    18701,4576  1858    18713,6618    18484,4728 30041983    1,22%
  39327 17610    18583,5936  1890    18713,6618    18484,7445 30006819    1,22%
Elapsed time = 11814,39 sec. (1828559,19 ticks, tree = 702,60 MB, solutions = 25)
  39395 17743    18641,6177  2759    18713,6618    18485,9540 30446913    1,22%
  39460 17681    18676,0804  2264    18713,6618    18485,9540 30263005    1,22%
  39524 17731    18642,1824  2068    18713,6618    18485,9540 30365191    1,22%
  39589 17759    18667,0233  2196    18713,6618    18486,7933 30496193    1,21%
  39670 17682    18680,0693  2411    18713,6618    18487,3629 30274680    1,21%
  39742 17800        cutoff          18713,6618    18487,5824 30609040    1,21%
  39826 17836    18657,5865  2093    18713,6618    18487,9895 30675962    1,21%
  39912 17831    18677,8660  2163    18713,6618    18488,3776 30655377    1,20%
  40004 17910        cutoff          18713,6618    18488,5472 30884961    1,20%
  40092 17838        cutoff          18713,6618    18489,9415 30694134    1,20%
Elapsed time = 12121,48 sec. (1867408,56 ticks, tree = 715,84 MB, solutions = 25)
  40170 17974        cutoff          18713,6618    18489,9415 31035989    1,20%
  40259 17900    18692,5043  2105    18713,6618    18489,9415 30836409    1,20%
* 40343 18030      integral     0    18671,2339    18490,5804 31143804    0,97%
  40343 18030    18671,2339     0    18671,2339    18490,5804 31143804    0,97%
  40420 17922    18655,3915  2613    18671,2339    18491,3155 30881283    0,96%
  40497 13614    18638,5679  2231    18671,2339    18491,5727 31155298    0,96%
  40555 17988    18602,4846  2213    18671,2339    18491,5727 31063436    0,96%
  40642 13607        cutoff          18671,2339    18492,1807 31216354    0,96%
  40718 17981    18641,9292  2482    18671,2339    18492,5681 31038763    0,96%
  40799 13682    18662,7065  1873    18671,2339    18492,9977 31383637    0,95%
  40868 13672        cutoff          18671,2339    18493,4154 31442036    0,95%
Elapsed time = 12352,03 sec. (1906091,09 ticks, tree = 543,19 MB, solutions = 26)
* 40897 13676      integral     0    18655,5356    18493,4154 31499577    0,87%
  40938 11883    18570,8721  2342    18655,5356    18493,4154 31725729    0,87%
  41023 13684    18643,2333  1850    18655,5356    18493,4154 31613835    0,87%
  41093 13667        cutoff          18655,5356    18494,3822 31566182    0,86%
  41165 11890    18577,3000  2329    18655,5356    18494,4811 31741486    0,86%
  41235 13664        cutoff          18655,5356    18494,9594 31363941    0,86%
  41305 13695    18626,1104  2209    18655,5356    18494,9594 31423163    0,86%
  41366 13710        cutoff          18655,5356    18496,4191 31751309    0,85%
  41435 13672        cutoff          18655,5356    18496,4191 31647721    0,85%
  41481 11913    18632,5356  2045    18655,5356    18496,4191 32130952    0,85%
  41527 11915    18624,2324  2080    18655,5356    18496,4191 32136745    0,85%
Elapsed time = 12593,01 sec. (1945455,43 ticks, tree = 465,95 MB, solutions = 27)
  41563 11867        cutoff          18655,5356    18496,4191 31926454    0,85%
  41588 11881    18613,6824  2180    18655,5356    18496,4191 31884802    0,85%
  41612 11911        cutoff          18655,5356    18496,4191 32153300    0,85%
  41629 11913    18604,5167  2617    18655,5356    18496,4191 32159404    0,85%
  41644 11917    18631,8874  2499    18655,5356    18496,4191 32165727    0,85%
  41662 11914        cutoff          18655,5356    18496,4191 32171162    0,85%

Performing restart 2

Repeating presolve.
Tried aggregator 3 times.
MIP Presolve eliminated 452 rows and 3784 columns.
MIP Presolve modified 4 coefficients.
Aggregator did 76 substitutions.
Reduced MIP has 4920 rows, 23621 columns, and 52664 nonzeros.
Reduced MIP has 23606 binaries, 15 generals, 0 SOSs, and 0 indicators.
Presolve time = 0,12 sec. (100,04 ticks)
Tried aggregator 2 times.
MIP Presolve eliminated 17 rows and 146 columns.
Aggregator did 6 substitutions.
Reduced MIP has 4897 rows, 23469 columns, and 52354 nonzeros.
Reduced MIP has 23454 binaries, 15 generals, 0 SOSs, and 0 indicators.
Presolve time = 0,07 sec. (59,37 ticks)
Represolve time = 2,09 sec. (1571,93 ticks)

Mixed integer rounding cuts applied:  1
Zero-half cuts applied:  983
Lift and project cuts applied:  1
Gomory fractional cuts applied:  5

Root node processing (before b&c):
  Real time             =   48,92 sec. (24009,33 ticks)
Parallel b&c, 12 threads:
  Real time             = 12601,32 sec. (1976222,91 ticks)
  Sync time (average)   = 1292,48 sec.
  Wait time (average)   =    0,12 sec.
                          ------------
Total (root+branch&cut) = 12650,24 sec. (2000232,24 ticks)

