
Version identifier: 22.1.1.0 | 2022-11-28 | 9160aff4d
CPXPARAM_MultiObjective_Display                  0
CPXPARAM_TimeLimit                               60000
CPXPARAM_WorkMem                                 8192
CPXPARAM_DetTimeLimit                            60000
Tried aggregator 3 times.
MIP Presolve eliminated 20856 rows and 127572 columns.
MIP Presolve modified 4 coefficients.
Aggregator did 331 substitutions.
Reduced MIP has 1244 rows, 3903 columns, and 9072 nonzeros.
Reduced MIP has 3890 binaries, 13 generals, 0 SOSs, and 0 indicators.
Presolve time = 0,11 sec. (82,03 ticks)
Found incumbent of value 98729,552351 after 0,13 sec. (101,32 ticks)
Probing time = 0,01 sec. (3,93 ticks)
Tried aggregator 2 times.
Detecting symmetries...
Aggregator did 8 substitutions.
Reduced MIP has 1236 rows, 3895 columns, and 9062 nonzeros.
Reduced MIP has 3888 binaries, 7 generals, 0 SOSs, and 0 indicators.
Presolve time = 0,01 sec. (8,99 ticks)
Probing time = 0,01 sec. (3,91 ticks)
Clique table members: 5518.
MIP emphasis: balance optimality and feasibility.
MIP search method: dynamic search.
Parallel mode: deterministic, using up to 12 threads.
Root relaxation solution time = 0,07 sec. (56,67 ticks)

        Nodes                                         Cuts/
   Node  Left     Objective  IInf  Best Integer    Best Bound    ItCnt     Gap

*     0+    0                        98729,5524  -377368,8093           482,22%
*     0+    0                        86033,2604  -377368,8093           538,63%
*     0+    0                        86025,1874  -377368,8093           538,67%
*     0+    0                        86017,1144  -377368,8093           538,71%
*     0+    0                        86009,0414  -377368,8093           538,75%
*     0+    0                        86000,9684  -377368,8093           538,80%
*     0+    0                        85992,8954  -377368,8093           538,84%
*     0+    0                        85985,9024  -377368,8093           538,87%
*     0+    0                        85979,2334  -377368,8093           538,91%
*     0+    0                        85972,5644  -377368,8093           538,94%
      0     0    21449,5967   287    85972,5644    21449,5967     2096   75,05%
*     0+    0                        26650,4985    21449,5967            19,52%
*     0+    0                        21744,0390    21449,5967             1,35%
      0     0        cutoff          21744,0390    21744,0390     2206    0,00%
Elapsed time = 0,43 sec. (293,95 ticks, tree = 0,01 MB, solutions = 12)

Zero-half cuts applied:  22
Lift and project cuts applied:  1
Gomory fractional cuts applied:  2

Root node processing (before b&c):
  Real time             =    0,44 sec. (307,22 ticks)
Parallel b&c, 12 threads:
  Real time             =    0,00 sec. (0,00 ticks)
  Sync time (average)   =    0,00 sec.
  Wait time (average)   =    0,00 sec.
                          ------------
Total (root+branch&cut) =    0,44 sec. (307,22 ticks)

