
Version identifier: 22.1.1.0 | 2022-11-28 | 9160aff4d
CPXPARAM_MultiObjective_Display                  0
CPXPARAM_TimeLimit                               60000
CPXPARAM_WorkMem                                 8192
CPXPARAM_DetTimeLimit                            60000
Tried aggregator 3 times.
MIP Presolve eliminated 23426 rows and 126625 columns.
Aggregator did 365 substitutions.
Reduced MIP has 1499 rows, 5196 columns, and 11892 nonzeros.
Reduced MIP has 5180 binaries, 16 generals, 0 SOSs, and 0 indicators.
Presolve time = 0,11 sec. (85,65 ticks)
Found incumbent of value 103706,632033 after 0,13 sec. (106,26 ticks)
Probing time = 0,01 sec. (4,93 ticks)
Tried aggregator 3 times.
Detecting symmetries...
MIP Presolve modified 4 coefficients.
Aggregator did 11 substitutions.
Reduced MIP has 1488 rows, 5185 columns, and 11892 nonzeros.
Reduced MIP has 5177 binaries, 8 generals, 0 SOSs, and 0 indicators.
Presolve time = 0,01 sec. (13,16 ticks)
Probing time = 0,02 sec. (4,85 ticks)
Clique table members: 7031.
MIP emphasis: balance optimality and feasibility.
MIP search method: dynamic search.
Parallel mode: deterministic, using up to 12 threads.
Root relaxation solution time = 0,33 sec. (119,13 ticks)

        Nodes                                         Cuts/
   Node  Left     Objective  IInf  Best Integer    Best Bound    ItCnt     Gap

*     0+    0                       103706,6320  -450410,0000           534,31%
*     0+    0                        92865,7840  -450410,0000           585,01%
*     0+    0                        92859,1150  -450410,0000           585,05%
*     0+    0                        92852,4460  -450410,0000           585,08%
*     0+    0                        92845,7770  -450410,0000           585,12%
*     0+    0                        92839,1080  -450410,0000           585,15%
*     0+    0                        92832,4390  -450410,0000           585,19%
*     0+    0                        92825,7700  -450410,0000           585,22%
*     0+    0                        92819,1010  -450410,0000           585,26%
*     0+    0                        92812,4320  -450410,0000           585,29%
      0     0    14334,4240   172    92812,4320    14334,4240     3005   84,56%
*     0+    0                        14372,9157    14334,4240             0,27%
      0     0        cutoff          14372,9157    14372,9157     3046    0,00%
Elapsed time = 0,71 sec. (356,67 ticks, tree = 0,01 MB, solutions = 11)

Zero-half cuts applied:  6
Lift and project cuts applied:  1
Gomory fractional cuts applied:  2

Root node processing (before b&c):
  Real time             =    0,73 sec. (369,11 ticks)
Parallel b&c, 12 threads:
  Real time             =    0,00 sec. (0,00 ticks)
  Sync time (average)   =    0,00 sec.
  Wait time (average)   =    0,00 sec.
                          ------------
Total (root+branch&cut) =    0,73 sec. (369,11 ticks)

