
Version identifier: 22.1.1.0 | 2022-11-28 | 9160aff4d
CPXPARAM_MultiObjective_Display                  0
CPXPARAM_TimeLimit                               60000
CPXPARAM_WorkMem                                 8192
CPXPARAM_DetTimeLimit                            60000
Tried aggregator 4 times.
MIP Presolve eliminated 23481 rows and 131586 columns.
Aggregator did 214 substitutions.
Reduced MIP has 1152 rows, 3286 columns, and 7671 nonzeros.
Reduced MIP has 3274 binaries, 12 generals, 0 SOSs, and 0 indicators.
Presolve time = 0,11 sec. (95,07 ticks)
Found incumbent of value 102178,933790 after 0,13 sec. (112,64 ticks)
Probing time = 0,01 sec. (3,75 ticks)
Tried aggregator 2 times.
Detecting symmetries...
Aggregator did 10 substitutions.
Reduced MIP has 1142 rows, 3276 columns, and 7658 nonzeros.
Reduced MIP has 3270 binaries, 6 generals, 0 SOSs, and 0 indicators.
Presolve time = 0,01 sec. (7,58 ticks)
Probing time = 0,01 sec. (3,77 ticks)
Clique table members: 4849.
MIP emphasis: balance optimality and feasibility.
MIP search method: dynamic search.
Parallel mode: deterministic, using up to 12 threads.
Root relaxation solution time = 0,05 sec. (33,56 ticks)

        Nodes                                         Cuts/
   Node  Left     Objective  IInf  Best Integer    Best Bound    ItCnt     Gap

*     0+    0                       102178,9338  -379516,1759           471,42%
*     0+    0                        85568,9138  -379516,1759           543,52%
*     0+    0                        85561,8938  -379516,1759           543,56%
*     0+    0                        85554,8738  -379516,1759           543,59%
*     0+    0                        85547,8538  -379516,1759           543,63%
*     0+    0                        85540,8338  -379516,1759           543,67%
*     0+    0                        85533,8138  -379516,1759           543,70%
*     0+    0                        85526,7938  -379516,1759           543,74%
*     0+    0                        85519,7738  -379516,1759           543,78%
*     0     0      integral     0    17276,9238    17276,9238     1383    0,00%
Elapsed time = 0,23 sec. (188,58 ticks, tree = 0,00 MB, solutions = 10)

Root node processing (before b&c):
  Real time             =    0,25 sec. (200,36 ticks)
Parallel b&c, 12 threads:
  Real time             =    0,00 sec. (0,00 ticks)
  Sync time (average)   =    0,00 sec.
  Wait time (average)   =    0,00 sec.
                          ------------
Total (root+branch&cut) =    0,25 sec. (200,36 ticks)

