
Version identifier: 22.1.1.0 | 2022-11-28 | 9160aff4d
CPXPARAM_MultiObjective_Display                  0
CPXPARAM_TimeLimit                               600000
CPXPARAM_WorkMem                                 8192
CPXPARAM_DetTimeLimit                            600000
Tried aggregator 3 times.
MIP Presolve eliminated 112712 rows and 1081353 columns.
Aggregator did 1174 substitutions.
Reduced MIP has 5410 rows, 26805 columns, and 59194 nonzeros.
Reduced MIP has 26775 binaries, 30 generals, 0 SOSs, and 0 indicators.
Presolve time = 0,84 sec. (615,47 ticks)
Found incumbent of value 197493,072391 after 0,99 sec. (742,60 ticks)
Probing time = 0,04 sec. (12,21 ticks)
Tried aggregator 2 times.
Detecting symmetries...
Aggregator did 15 substitutions.
Reduced MIP has 5395 rows, 26790 columns, and 59164 nonzeros.
Reduced MIP has 26775 binaries, 15 generals, 0 SOSs, and 0 indicators.
Presolve time = 0,06 sec. (55,01 ticks)
Probing time = 0,04 sec. (11,93 ticks)
Clique table members: 33332.
MIP emphasis: balance optimality and feasibility.
MIP search method: dynamic search.
Parallel mode: deterministic, using up to 12 threads.
Root relaxation solution time = 0,80 sec. (492,35 ticks)

        Nodes                                         Cuts/
   Node  Left     Objective  IInf  Best Integer    Best Bound    ItCnt     Gap

*     0+    0                       197493,0724 -1901973,0274              --- 
*     0+    0                       172017,0774 -1901973,0274              --- 
*     0+    0                       171999,8784 -1901973,0274              --- 
*     0+    0                       171982,6794 -1901973,0274              --- 
*     0+    0                       171965,4804 -1901973,0274              --- 
*     0+    0                       171948,2814 -1901973,0274              --- 
*     0+    0                       171932,1624 -1901973,0274              --- 
*     0+    0                       171916,3674 -1901973,0274              --- 
*     0+    0                       171900,5724 -1901973,0274              --- 
*     0+    0                       171884,7774 -1901973,0274              --- 
      0     0    24386,9146  2023   171884,7774    24386,9146       42   85,81%
      0     0    24813,7720  2078   171884,7774      Cuts: 18     1644   85,56%
      0     0    25205,8741  2088   171884,7774      Cuts: 15     2630   85,34%
*     0+    0                       134816,2329    25205,8741            81,30%
*     0+    0                        54973,0569    25205,8741            54,15%
      0     0    25234,1202  2073    54973,0569   ZeroHalf: 8     3125   54,10%
      0     0    25244,4953  2157    54973,0569   ZeroHalf: 8     3448   54,08%
      0     0    25250,2518  2198    54973,0569   ZeroHalf: 6     3618   54,07%
Detecting symmetries...
      0     0    25251,4265  2226    54973,0569   ZeroHalf: 2     3734   54,07%
      0     0    25254,2258  2216    54973,0569   ZeroHalf: 1     3907   54,06%
      0     0    25259,9592  2150    54973,0569   ZeroHalf: 1     4075   54,05%
      0     0    25260,1116  2174    54973,0569   ZeroHalf: 2     4125   54,05%
*     0+    0                        26489,0165    25260,1116             4,64%
Detecting symmetries...
      0     2    25260,1116  2174    26489,0165    25260,1116     4125    4,64%
Elapsed time = 28,01 sec. (15334,71 ticks, tree = 0,02 MB, solutions = 13)
      2     4    25283,2378  2078    26489,0165    25260,1645     5098    4,64%
      3     4    25324,6229  2088    26489,0165    25260,1645     5161    4,64%
      5     3    25373,9577  1875    26489,0165    25260,1645     6106    4,64%
      8     6    25387,2456  2054    26489,0165    25260,1645     7127    4,64%
     11     8    25427,6673  2072    26489,0165    25283,3672     9732    4,55%
     16    13    25507,4613  1950    26489,0165    25335,6318    16262    4,35%
     22    18    25569,2559  1839    26489,0165    25335,6318    22017    4,35%
     31    23    25621,6787  1822    26489,0165    25335,6318    26516    4,35%
     39    22    25515,2970  1972    26489,0165    25335,6318    25385    4,35%
     57    56    25769,6203  1820    26489,0165    25382,1023    55754    4,18%
Elapsed time = 49,24 sec. (19361,87 ticks, tree = 0,16 MB, solutions = 13)
     86    69    25602,0333  1278    26489,0165    25382,1023    67747    4,18%
    145   111    26112,8834  1237    26489,0165    25382,1023    94351    4,18%
    230   149    25910,6345  1217    26489,0165    25382,1023   110400    4,18%
    318   221    26113,0095   256    26489,0165    25382,1023   137963    4,18%
    376   282    25881,7424  1082    26489,0165    25423,2054   161275    4,02%
    415   312    25664,1470  1206    26489,0165    25423,2054   179256    4,02%
    465   359    26071,7792  1215    26489,0165    25445,6210   206689    3,94%
    561   400    26367,2722   661    26489,0165    25445,6210   226421    3,94%
*   637   443      integral     0    26321,6560    25445,6210   241163    3,33%
    716   486    25887,3012  1268    26321,6560    25473,5695   277577    3,22%
Elapsed time = 112,48 sec. (28816,87 ticks, tree = 13,21 MB, solutions = 14)
    794   486    26304,2059  1048    26321,6560    25502,2350   277464    3,11%
    857   541    25930,2552  1544    26321,6560    25502,9994   300518    3,11%
    918   591    25847,0879  1660    26321,6560    25502,9994   322750    3,11%
    966   648    25619,4608  1889    26321,6560    25503,8808   350002    3,11%
   1006   684    25829,9842  1739    26321,6560    25515,3700   366725    3,06%
   1049   729    25624,1369  1771    26321,6560    25515,3700   389813    3,06%
   1106   741    25842,9043  1784    26321,6560    25527,9192   396483    3,02%
   1171   813    25683,0143  1598    26321,6560    25538,0927   439646    2,98%
   1234   859    26247,8681  1261    26321,6560    25539,2459   465457    2,97%
   1303   840    25980,6221  1335    26321,6560    25541,2095   452151    2,97%
Elapsed time = 177,91 sec. (38558,88 ticks, tree = 25,84 MB, solutions = 14)
   1390   901    25833,6676  1375    26321,6560    25543,0012   485273    2,96%
   1484   941    25794,5520  1619    26321,6560    25546,4852   502947    2,94%
   1570  1082    25701,0143  1917    26321,6560    25550,1946   567855    2,93%
   1648  1155    26104,0638  1488    26321,6560    25553,4012   594915    2,92%
*  1688  1059      integral     0    26287,7909    25553,4012   555176    2,79%
   1737  1093        cutoff          26287,7909    25555,6323   572651    2,79%
   1804  1240    25993,0936  1424    26287,7909    25557,6353   641972    2,78%
   1872  1251    25727,5260  1679    26287,7909    25561,6145   649042    2,76%
   1952  1330        cutoff          26287,7909    25572,3637   685229    2,72%
   2024  1358        cutoff          26287,7909    25572,3637   696359    2,72%
   2096  1413    25691,7252  1597    26287,7909    25575,8919   724655    2,71%
Elapsed time = 245,21 sec. (48198,13 ticks, tree = 52,24 MB, solutions = 15)
   2156  1442    26180,5445  1714    26287,7909    25586,0732   740793    2,67%
   2220  1467    26268,2833   782    26287,7909    25589,2791   751118    2,66%
   2258  1524    25996,8098  1320    26287,7909    25590,8130   781088    2,65%
   2298  1585    25756,4644  1523    26287,7909    25591,2442   812988    2,65%
   2372  1624    25983,1350  1098    26287,7909    25596,4460   837351    2,63%
*  2428  1679      integral     0    26248,6871    25596,4460   862716    2,48%
   2454  1662        cutoff          26248,6871    25596,4460   857850    2,48%
   2528  1720    25900,4383  1655    26248,6871    25596,4460   901868    2,48%
   2597  1669    25818,7168  1254    26248,6871    25598,9076   878517    2,48%
   2651  1814    26192,8382  1300    26248,6871    25607,7035   957661    2,44%
   2700  1809    26142,9159  1310    26248,6871    25608,5109   952942    2,44%
Elapsed time = 303,85 sec. (57859,01 ticks, tree = 66,15 MB, solutions = 16)
   2786  1778    25642,4163  1844    26248,6871    25609,1779   938789    2,44%
   2864  1895    26176,3872  1065    26248,6871    25609,1779  1016673    2,44%
   2941  1910    26120,1679  1566    26248,6871    25609,7457  1031287    2,43%
   3006  2052    25756,2625  1549    26248,6871    25618,9492  1112875    2,40%
   3071  2067    26104,4005  1793    26248,6871    25620,0123  1120095    2,40%
   3135  2087    25863,6308  1652    26248,6871    25623,0565  1137463    2,38%
   3211  2154    26190,4566  1164    26248,6871    25624,4749  1178932    2,38%
   3314  2159    25835,8392  1433    26248,6871    25628,0441  1181006    2,36%
   3391  2230    25912,8628  1432    26248,6871    25628,7642  1222617    2,36%
   3469  2278    26123,9766  1310    26248,6871    25628,7642  1243713    2,36%
Elapsed time = 371,25 sec. (67520,70 ticks, tree = 83,64 MB, solutions = 16)
   3551  2294    25995,0927  1450    26248,6871    25632,8395  1249872    2,35%
   3639  2376    25920,9117  1327    26248,6871    25636,7772  1291785    2,33%
   3721  2491    26185,8085  1359    26248,6871    25637,1280  1346947    2,33%
*  3730  2401      integral     0    26233,4022    25637,1280  1300371    2,27%
   3781  2492    25708,4128  1812    26233,4022    25637,9194  1362790    2,27%
   3820  2503    25840,8033  1517    26233,4022    25637,9194  1356755    2,27%

Performing restart 1

Repeating presolve.
Tried aggregator 3 times.
MIP Presolve eliminated 284 rows and 3863 columns.
Aggregator did 21 substitutions.
Reduced MIP has 5090 rows, 22906 columns, and 51134 nonzeros.
Reduced MIP has 22891 binaries, 15 generals, 0 SOSs, and 0 indicators.
Presolve time = 0,05 sec. (45,69 ticks)
Tried aggregator 1 time.
Reduced MIP has 5090 rows, 22906 columns, and 51134 nonzeros.
Reduced MIP has 22891 binaries, 15 generals, 0 SOSs, and 0 indicators.
Presolve time = 0,05 sec. (38,89 ticks)
Represolve time = 1,26 sec. (1006,66 ticks)
   3841     0    25301,7382  2206    26233,4022  ZeroHalf: 12  1444510    2,24%
   3841     0    25304,2168  2243    26233,4022   ZeroHalf: 3  1444615    2,24%
   3841     0    25308,9117  2311    26233,4022   ZeroHalf: 6  1444859    2,24%
   3841     0    25312,1795  2173    26233,4022   ZeroHalf: 3  1445009    2,24%
   3841     0    25313,1851  2235    26233,4022   ZeroHalf: 2  1445068    2,24%
   3841     2    25313,1851  2235    26233,4022    25646,0138  1445068    2,24%
   3843     3    25385,6511  2185    26233,4022    25646,0138  1447035    2,24%
   3861    19    25381,5029  1832    26233,4022    25646,0138  1452313    2,24%
   3882    26    25622,2719  1881    26233,4022    25646,0138  1461704    2,24%
Elapsed time = 449,29 sec. (101340,75 ticks, tree = 0,23 MB, solutions = 17)
   3897    49    25530,0972  1858    26233,4022    25646,0138  1484860    2,24%
   3913    62    25545,0845  1709    26233,4022    25646,0138  1500393    2,24%
   3942    68    25643,1785  1830    26233,4022    25646,0138  1506854    2,24%
   3975   120    25507,3369  2059    26233,4022    25646,0138  1553135    2,24%
   4018   132    25616,4333  1888    26233,4022    25646,0138  1562420    2,24%
   4058   147    25908,1700  1600    26233,4022    25646,0138  1574686    2,24%
   4085   203    25570,9164  2005    26233,4022    25646,0138  1601361    2,24%
   4126   243    25758,6881  1913    26233,4022    25646,0138  1617334    2,24%
   4188   277    26046,4345  1426    26233,4022    25646,0138  1626765    2,24%
   4252   343    25729,3111  1749    26233,4022    25646,0138  1651006    2,24%
Elapsed time = 507,42 sec. (111090,02 ticks, tree = 6,27 MB, solutions = 17)
   4316   379    25664,1901  1548    26233,4022    25646,0138  1665733    2,24%
   4390   435    25651,3146  1851    26233,4022    25646,0138  1693738    2,24%
   4466   475    25796,0922  1774    26233,4022    25646,0138  1709527    2,24%
   4538   507    26013,5060  1494    26233,4022    25646,0138  1718464    2,24%
   4597   572    25638,5301  1748    26233,4022    25646,0138  1743267    2,24%
   4669   547        cutoff          26233,4022    25646,0138  1736635    2,24%
   4756   675    25908,6911  1102    26233,4022    25646,0138  1792411    2,24%
   4844   654    25827,8580  1612    26233,4022    25646,0138  1785360    2,24%
   4882   779    26171,6079  1414    26233,4022    25646,0138  1834809    2,24%
   4923   820    25965,5995  1412    26233,4022    25646,0138  1850327    2,24%
Elapsed time = 569,40 sec. (120771,55 ticks, tree = 27,57 MB, solutions = 17)
   4982   872    26134,1292  1407    26233,4022    25646,0138  1872082    2,24%
   5055   894    25735,3408  1984    26233,4022    25646,0138  1882094    2,24%
   5178   939        cutoff          26233,4022    25646,0138  1897860    2,24%
   5287  1060    26146,0049  1508    26233,4022    25646,0138  1941367    2,24%
   5386  1004    26039,4789  1403    26233,4022    25646,0138  1920716    2,24%
   5481  1014    26158,2992  1206    26233,4022    25646,0138  1923489    2,24%
   5560  1277    25742,8239  2037    26233,4022    25646,0138  2017739    2,24%
   5647  1339    26009,2351  1561    26233,4022    25646,0138  2039265    2,24%
   5740  1413    25825,6147  1258    26233,4022    25646,0138  2078202    2,24%
   6039  1592    26231,4653  1551    26233,4022    25646,0138  2150869    2,24%
Elapsed time = 646,06 sec. (133273,90 ticks, tree = 65,83 MB, solutions = 17)
   6347  1745    26143,0421  1272    26233,4022    25646,0138  2223146    2,24%
   6597  1968    25899,4916  1681    26233,4022    25646,0138  2325474    2,24%
   6834  2161        cutoff          26233,4022    25646,0138  2420218    2,24%
   7103  2321    25888,2822  1880    26233,4022    25646,0138  2483021    2,24%
   7410  2603    25783,5357  1911    26233,4022    25646,0138  2620325    2,24%
   7670  2813    25781,1392  1607    26233,4022    25646,0138  2733251    2,24%
   8008  2941    26167,9195  1429    26233,4022    25646,0138  2806072    2,24%
   8208  3192    26039,4316  1691    26233,4022    25646,0138  2926202    2,24%
   8490  3313    25867,3223  1879    26233,4022    25646,0138  2987490    2,24%
   8810  3515    26084,4331  1822    26233,4022    25646,0138  3086281    2,24%
Elapsed time = 891,34 sec. (171494,20 ticks, tree = 124,08 MB, solutions = 17)
   9099  3726        cutoff          26233,4022    25646,0138  3207119    2,24%
   9401  3947        cutoff          26233,4022    25646,0138  3331791    2,24%
   9681  4050    25761,8837  1241    26233,4022    25646,0138  3397849    2,24%
   9896  4221    25803,7176  1831    26233,4022    25653,3865  3483140    2,21%
  10218  4326    26041,0126  1859    26233,4022    25664,2803  3533360    2,17%
  10518  4562    25873,5683  1763    26233,4022    25664,3424  3654247    2,17%
  10817  4781    26049,5733  1663    26233,4022    25672,6907  3787960    2,14%
  11128  4896    25770,4065  1932    26233,4022    25678,8905  3859023    2,11%
  11438  5153        cutoff          26233,4022    25682,5281  4035843    2,10%
  11626  5281        cutoff          26233,4022    25689,0478  4106116    2,08%
Elapsed time = 1137,02 sec. (209835,85 ticks, tree = 185,13 MB, solutions = 17)
  11832  5428        cutoff          26233,4022    25692,0429  4193615    2,06%
  12129  5581    26141,8312  1426    26233,4022    25696,6763  4302595    2,05%
  12472  5783    26175,9445  1337    26233,4022    25698,9964  4423991    2,04%
  12826  5878    26094,8450  1677    26233,4022    25703,0178  4480839    2,02%
* 12979  6136      integral     0    26156,8425    25706,6475  4607941    1,72%
  13232  5349    26016,9001  1623    26156,8425    25712,4686  4665135    1,70%
  13547  5447    25839,4343  1586    26156,8425    25716,5990  4762551    1,68%
  13802  5597    26096,4986  1688    26156,8425    25720,1458  4861265    1,67%
  13965  5710    26041,3159  1910    26156,8425    25726,7035  4966132    1,64%
  14239  5838    25906,7555  1027    26156,8425    25730,1621  5048159    1,63%
Elapsed time = 1370,61 sec. (246289,04 ticks, tree = 202,01 MB, solutions = 18)
  14554  5948    26037,5664  1498    26156,8425    25734,1733  5159813    1,62%
  14890  6109        cutoff          26156,8425    25738,6189  5278896    1,60%
  15245  6284    26149,5251  1401    26156,8425    25745,9963  5429218    1,57%
  15573  6485    26067,4821  1364    26156,8425    25749,9949  5575581    1,56%
  15909  6507    26038,9025  1781    26156,8425    25755,1550  5608065    1,54%
  16145  6656    26038,2833  1428    26156,8425    25763,6712  5721950    1,50%
  16307  6797    26052,3717  1484    26156,8425    25770,3904  5853092    1,48%
  16576  6865    25971,3817  1689    26156,8425    25774,3586  5912525    1,46%
  16922  7029    26034,1768  1563    26156,8425    25778,0997  6059953    1,45%
  17271  7047    26032,2813  1691    26156,8425    25780,5828  6083576    1,44%
Elapsed time = 1605,93 sec. (284512,32 ticks, tree = 236,72 MB, solutions = 18)
  17572  7195    25854,7575  1168    26156,8425    25785,1396  6206185    1,42%
  17990  7393    26011,9652  1662    26156,8425    25788,9305  6370635    1,41%
  18341  7581        cutoff          26156,8425    25793,7598  6522952    1,39%
  18674  7641    26000,4375  1294    26156,8425    25797,7054  6558514    1,37%
  18891  7761        cutoff          26156,8425    25802,6095  6664653    1,35%
  19046  7966        cutoff          26156,8425    25808,9347  6867502    1,33%
  19353  7980        cutoff          26156,8425    25812,4928  6892489    1,32%
  19719  8097    25950,5517  1788    26156,8425    25816,5819  7005688    1,30%
  20084  8303    26146,4038  1066    26156,8425    25818,4761  7158867    1,29%
  20458  8311        cutoff          26156,8425    25819,9386  7183658    1,29%
Elapsed time = 1846,02 sec. (322737,97 ticks, tree = 263,62 MB, solutions = 18)
  20845  8423        cutoff          26156,8425    25824,6033  7277307    1,27%
  21235  8640    26027,1283  1544    26156,8425    25828,6778  7438465    1,25%
  21594  8837        cutoff          26156,8425    25832,6804  7601359    1,24%
  21950  8978        cutoff          26156,8425    25836,2356  7718923    1,23%
  22291  9074    26135,2135  1724    26156,8425    25839,9062  7807942    1,21%
  22528  9152    26021,5010  1189    26156,8425    25843,8728  7887494    1,20%
  22735  9389    26155,0638  1577    26156,8425    25847,7878  8087821    1,18%
  23061  9385        cutoff          26156,8425    25850,3847  8076800    1,17%
  23457  9503    26125,0520  1639    26156,8425    25853,0663  8182299    1,16%
  23834  9611        cutoff          26156,8425    25854,9448  8256618    1,15%
Elapsed time = 2081,15 sec. (360970,62 ticks, tree = 306,43 MB, solutions = 18)
  24201  9814    26019,4814  1619    26156,8425    25856,2857  8468475    1,15%
  24599  9917        cutoff          26156,8425    25858,5766  8594241    1,14%
  25006 10014        cutoff          26156,8425    25861,8069  8705537    1,13%
* 25363 10152      integral     0    26153,0442    25865,3429  8831211    1,10%
  25748 10108    26111,9989  1748    26153,0442    25867,7619  8877516    1,09%
  26088 10208    25964,5172  1769    26153,0442    25871,9891  8999057    1,07%
  26365 10217        cutoff          26153,0442    25876,1820  9074184    1,06%
  26582 10282    26062,4740  1487    26153,0442    25880,0398  9185570    1,04%
  26769 10357    26083,0631  1636    26153,0442    25884,3403  9412643    1,03%
  27055 10363    26093,2296  1449    26153,0442    25886,8357  9415363    1,02%
Elapsed time = 2323,87 sec. (398945,27 ticks, tree = 323,35 MB, solutions = 20)
  27445 10379        cutoff          26153,0442    25889,9564  9459684    1,01%
  27805 10412        cutoff          26153,0442    25893,2894  9550371    0,99%
  28154 10496        cutoff          26153,0442    25895,9001  9777233    0,98%
* 28217 10425      integral     0    26086,8655    25895,9001  9648265    0,73%
  28504  7627        cutoff          26086,8655    25898,2377  9943354    0,72%
  28902  7623        cutoff          26086,8655    25899,6199  9883790    0,72%
  29278  7589        cutoff          26086,8655    25904,2412 10092951    0,70%
  29711  7431    25990,1360  1120    26086,8655    25907,5671 10358870    0,69%
  30106  7361    26086,5631  1403    26086,8655    25915,8709 10437939    0,66%
  30387  7292        cutoff          26086,8655    25919,3282 10518971    0,64%
  30617  7176    26032,4221  1342    26086,8655    25922,6251 10620371    0,63%
Elapsed time = 2543,93 sec. (437163,42 ticks, tree = 211,94 MB, solutions = 22)
  30925  7141        cutoff          26086,8655    25927,4349 10645611    0,61%
  31304  6904        cutoff          26086,8655    25935,1881 10873691    0,58%
  31747  6823        cutoff          26086,8655    25940,2788 10939737    0,56%
  32159  6724    26061,2758  1550    26086,8655    25946,9383 11022513    0,54%
* 32280  6618      integral     0    26079,9062    25946,9383 11099757    0,51%
  32581  6062        cutoff          26079,9062    25952,9463 11219093    0,49%
  32998  5843        cutoff          26079,9062    25963,3389 11319793    0,45%
  33364  5521        cutoff          26079,9062    25968,5417 11454596    0,43%
  33862  5205        cutoff          26079,9062    25980,0113 11571142    0,38%
  34428  4754        cutoff          26079,9062    25991,4206 11711750    0,34%
  34905  4315        cutoff          26079,9062    25997,0196 11826038    0,32%
Elapsed time = 2766,03 sec. (475400,44 ticks, tree = 113,28 MB, solutions = 23)
  35615  3674        cutoff          26079,9062    26011,5624 11973855    0,26%
* 35741  3655      integral     0    26075,2269    26013,3068 11978272    0,24%
  36395  2807        cutoff          26075,2269    26022,9398 12073926    0,20%
  37719  1552        cutoff          26075,2269    26048,0198 12208595    0,10%

Cover cuts applied:  4
Mixed integer rounding cuts applied:  2
Zero-half cuts applied:  54
Lift and project cuts applied:  1
Gomory fractional cuts applied:  3

Root node processing (before b&c):
  Real time             =   26,46 sec. (14801,86 ticks)
Parallel b&c, 12 threads:
  Real time             = 2814,90 sec. (473783,08 ticks)
  Sync time (average)   =  422,51 sec.
  Wait time (average)   =    0,10 sec.
                          ------------
Total (root+branch&cut) = 2841,37 sec. (488584,94 ticks)

