
Version identifier: 22.1.1.0 | 2022-11-28 | 9160aff4d
CPXPARAM_MultiObjective_Display                  0
CPXPARAM_TimeLimit                               60000
CPXPARAM_WorkMem                                 8192
CPXPARAM_DetTimeLimit                            60000
Tried aggregator 3 times.
MIP Presolve eliminated 21933 rows and 126850 columns.
Aggregator did 357 substitutions.
Reduced MIP has 1175 rows, 3989 columns, and 9204 nonzeros.
Reduced MIP has 3977 binaries, 12 generals, 0 SOSs, and 0 indicators.
Presolve time = 0,11 sec. (85,42 ticks)
Found incumbent of value 99529,890670 after 0,13 sec. (103,86 ticks)
Probing time = 0,01 sec. (8,84 ticks)
Tried aggregator 2 times.
Detecting symmetries...
MIP Presolve eliminated 2 rows and 1 columns.
Aggregator did 7 substitutions.
Reduced MIP has 1166 rows, 3981 columns, and 9183 nonzeros.
Reduced MIP has 3975 binaries, 6 generals, 0 SOSs, and 0 indicators.
Presolve time = 0,01 sec. (12,10 ticks)
Probing time = 0,01 sec. (3,98 ticks)
Clique table members: 5454.
MIP emphasis: balance optimality and feasibility.
MIP search method: dynamic search.
Parallel mode: deterministic, using up to 12 threads.
Root relaxation solution time = 0,06 sec. (58,34 ticks)

        Nodes                                         Cuts/
   Node  Left     Objective  IInf  Best Integer    Best Bound    ItCnt     Gap

*     0+    0                        99529,8907  -395830,2686           497,70%
*     0     0      integral     0    20218,5670    20218,5670     2038    0,00%
Elapsed time = 0,25 sec. (204,11 ticks, tree = 0,00 MB, solutions = 2)

Root node processing (before b&c):
  Real time             =    0,25 sec. (208,56 ticks)
Parallel b&c, 12 threads:
  Real time             =    0,00 sec. (0,00 ticks)
  Sync time (average)   =    0,00 sec.
  Wait time (average)   =    0,00 sec.
                          ------------
Total (root+branch&cut) =    0,25 sec. (208,56 ticks)

