
Version identifier: 22.1.1.0 | 2022-11-28 | 9160aff4d
CPXPARAM_MultiObjective_Display                  0
CPXPARAM_TimeLimit                               2000000
CPXPARAM_WorkMem                                 8192
CPXPARAM_DetTimeLimit                            2000000
Tried aggregator 4 times.
MIP Presolve eliminated 112863 rows and 1082652 columns.
Aggregator did 1400 substitutions.
Reduced MIP has 5050 rows, 25710 columns, and 56968 nonzeros.
Reduced MIP has 25683 binaries, 27 generals, 0 SOSs, and 0 indicators.
Presolve time = 0,99 sec. (703,97 ticks)
Found incumbent of value 192407,000422 after 1,15 sec. (828,31 ticks)
Probing time = 0,04 sec. (16,63 ticks)
Tried aggregator 2 times.
Detecting symmetries...
MIP Presolve eliminated 1 rows and 1 columns.
Aggregator did 13 substitutions.
Reduced MIP has 5036 rows, 25696 columns, and 56940 nonzeros.
Reduced MIP has 25682 binaries, 14 generals, 0 SOSs, and 0 indicators.
Presolve time = 0,07 sec. (60,04 ticks)
Probing time = 0,03 sec. (11,65 ticks)
Clique table members: 31851.
MIP emphasis: balance optimality and feasibility.
MIP search method: dynamic search.
Parallel mode: deterministic, using up to 12 threads.
Root relaxation solution time = 0,66 sec. (434,30 ticks)

        Nodes                                         Cuts/
   Node  Left     Objective  IInf  Best Integer    Best Bound    ItCnt     Gap

*     0+    0                       192407,0004 -1986642,8456              --- 
*     0+    0                       168995,5171 -1986642,8456              --- 
*     0+    0                       168980,4241 -1986642,8456              --- 
*     0+    0                       168965,3311 -1986642,8456              --- 
*     0+    0                       168950,2381 -1986642,8456              --- 
*     0+    0                       168935,1451 -1986642,8456              --- 
*     0+    0                       168920,0521 -1986642,8456              --- 
*     0+    0                       168906,0391 -1986642,8456              --- 
*     0+    0                       168892,3501 -1986642,8456              --- 
*     0+    0                       168878,6611 -1986642,8456              --- 
      0     0    29700,9023  1627   168878,6611    29700,9023       36   82,41%
*     0+    0                        87232,3445    29700,9023            65,95%
*     0+    0                        87212,4194    29700,9023            65,94%
*     0+    0                        87209,2604    29700,9023            65,94%
      0     0    29765,6670  1731    87209,2604      Cuts: 15      532   65,87%
      0     0    29779,5425  1820    87209,2604   ZeroHalf: 8      696   65,85%
*     0+    0                        51014,7058    29779,5425            41,63%
      0     0    29877,6202  1810    51014,7058   ZeroHalf: 8     1566   41,43%
      0     0    29916,5005  1859    51014,7058  ZeroHalf: 16     2164   41,36%
      0     0    29920,3094  1898    51014,7058   ZeroHalf: 6     2343   41,35%
Detecting symmetries...
      0     0    29959,7131  1941    51014,7058   ZeroHalf: 6     2692   41,27%
      0     0    29991,9709  1975    51014,7058      Cuts: 12     3220   41,21%
      0     0    30000,9953  1987    51014,7058   ZeroHalf: 5     3368   41,19%
      0     0    30042,9313  1888    51014,7058   ZeroHalf: 5     3780   41,11%
      0     0    30054,3632  2018    51014,7058  ZeroHalf: 11     4010   41,09%
      0     0    30143,1126  1972    51014,7058  ZeroHalf: 12     4660   40,91%
      0     0    30155,7092  2023    51014,7058   ZeroHalf: 7     4958   40,89%
      0     0    30157,5383  2010    51014,7058   ZeroHalf: 8     5097   40,88%
      0     0    30181,7073  2088    51014,7058  ZeroHalf: 12     5325   40,84%
      0     0    30207,9730  2069    51014,7058   ZeroHalf: 5     5613   40,79%
      0     0    30212,3379  2092    51014,7058   ZeroHalf: 5     5737   40,78%
*     0+    0                        36726,8110    30212,3379            17,74%
*     0+    0                        36724,5430    30212,3379            17,73%
      0     0    30217,0082  2105    36724,5430   ZeroHalf: 4     5880   17,72%
*     0+    0                        31992,1704    30217,0082             5,55%
Detecting symmetries...
      0     2    30217,0082  2105    31992,1704    30217,0082     5880    5,55%
Elapsed time = 26,54 sec. (13804,62 ticks, tree = 0,02 MB, solutions = 17)
      2     4    30261,9712  2021    31992,1704    30217,1663     6536    5,55%
      5     5    30302,8532  1926    31992,1704    30217,1663     6874    5,55%
     11     7    30363,8017  1767    31992,1704    30261,9945     8472    5,41%
     22    12    30396,9817  1881    31992,1704    30329,0611    10573    5,20%
     30    20    30481,7589  1906    31992,1704    30329,0611    14838    5,20%
     41    34    30461,8211  1665    31992,1704    30329,0611    20929    5,20%
     51    31    30753,3132  1639    31992,1704    30363,9667    19872    5,09%
     61    50    30820,0760  1499    31992,1704    30363,9667    34803    5,09%
     69    51    30892,9925  1557    31992,1704    30363,9667    35468    5,09%
    104    88    30798,0109  1636    31992,1704    30363,9667    64032    5,09%
Elapsed time = 45,90 sec. (17259,06 ticks, tree = 0,90 MB, solutions = 17)
    135   102    31146,4577  1454    31992,1704    30363,9667    71326    5,09%
    199   141    31113,1463  1466    31992,1704    30363,9667    87396    5,09%
*   252   186      integral     0    31880,1737    30363,9667   109549    4,76%
    271   217    31837,9135   553    31880,1737    30368,4425   123659    4,74%
    328   252    31541,7931  1148    31880,1737    30380,0699   153518    4,71%
    397   310    31540,0515   757    31880,1737    30380,0699   186245    4,71%
    463   322    31819,7425  1286    31880,1737    30399,9315   195720    4,64%
    515   344        cutoff          31880,1737    30411,7488   213313    4,61%
    552   420    31219,6679  1444    31880,1737    30421,0834   249910    4,58%
    611   465    31796,4937  1422    31880,1737    30421,0834   264320    4,58%
    699   509    31769,6650  1520    31880,1737    30426,2564   278805    4,56%
Elapsed time = 107,61 sec. (26943,63 ticks, tree = 10,88 MB, solutions = 18)
    759   513    30896,5767  1833    31880,1737    30458,6211   283323    4,46%
    823   604    31697,1718  1428    31880,1737    30470,5230   337523    4,42%
    918   650    31799,4172  1428    31880,1737    30470,5230   354168    4,42%
    977   711    31172,6401  1660    31880,1737    30478,4860   380990    4,40%
   1081   735    31552,8322  1526    31880,1737    30478,4860   390887    4,40%
   1172   855    31547,4670  1561    31880,1737    30640,3676   435570    3,89%
   1269   795    31825,2120   751    31880,1737    30641,1862   416114    3,89%
   1353   952    31731,7133  1506    31880,1737    30641,1862   464701    3,89%
   1439  1003        cutoff          31880,1737    30660,9291   483235    3,82%
   1507  1061    31563,6623  1680    31880,1737    30660,9291   508734    3,82%
Elapsed time = 176,14 sec. (36641,80 ticks, tree = 27,52 MB, solutions = 18)
   1564  1116    31777,7251  1217    31880,1737    30725,5731   530089    3,62%
   1618  1205    31379,4945  1226    31880,1737    30727,6419   581877    3,62%
   1651  1188    31138,7026  1708    31880,1737    30727,6419   574113    3,62%
   1721  1254    31290,1714  1281    31880,1737    30745,0821   602830    3,56%
   1816  1288    31627,1509  1393    31880,1737    30759,4958   617615    3,52%
   1902  1361        cutoff          31880,1737    30759,4958   645384    3,52%
   1992  1364    31278,6121  1202    31880,1737    30782,3821   646792    3,44%
   2089  1516    31733,7598  1070    31880,1737    30789,4243   701145    3,42%
   2178  1587        cutoff          31880,1737    30790,0176   731319    3,42%
   2278  1555    31333,0320  1553    31880,1737    30793,9665   714206    3,41%
Elapsed time = 235,65 sec. (46297,13 ticks, tree = 49,50 MB, solutions = 18)
   2367  1599    31476,3559  1556    31880,1737    30804,0616   741334    3,38%
   2483  1840    31637,1212  1638    31880,1737    30809,3810   821069    3,36%
   2575  1807    31382,1351  1328    31880,1737    30809,7428   812982    3,36%
   2686  1985    31480,5820  1162    31880,1737    30824,4972   877536    3,31%
   2783  2024    31185,5543  1552    31880,1737    30824,4972   894229    3,31%
   2896  2047    31104,8195  1725    31880,1737    30833,5745   902595    3,28%
   3005  2043    31816,7322  1473    31880,1737    30833,5745   898839    3,28%
   3102  2269    31525,4436  1346    31880,1737    30833,5745   976692    3,28%
   3193  2357    31287,6129  1694    31880,1737    30838,3133  1010474    3,27%
   3298  2404    31852,8867  1216    31880,1737    30857,9685  1031339    3,21%
Elapsed time = 302,29 sec. (55951,69 ticks, tree = 76,90 MB, solutions = 18)
   3412  2455    31719,7539  1399    31880,1737    30858,9589  1048557    3,20%
   3522  2431    31772,2799  1470    31880,1737    30872,4612  1040980    3,16%
   3624  2612    31332,2768  1552    31880,1737    30874,3784  1102055    3,15%
   3721  2748    31315,5818  1466    31880,1737    30880,1287  1147557    3,14%
   3806  2759    31791,4148  1334    31880,1737    30885,7429  1150030    3,12%
   3862  2802    31322,9028  1553    31880,1737    30885,7429  1171895    3,12%

Performing restart 1

Repeating presolve.
Tried aggregator 2 times.
MIP Presolve eliminated 90 rows and 1405 columns.
Aggregator did 2 substitutions.
Reduced MIP has 4944 rows, 24289 columns, and 54011 nonzeros.
Reduced MIP has 24275 binaries, 14 generals, 0 SOSs, and 0 indicators.
Presolve time = 0,05 sec. (39,04 ticks)
Tried aggregator 1 time.
Reduced MIP has 4944 rows, 24289 columns, and 54011 nonzeros.
Reduced MIP has 24275 binaries, 14 generals, 0 SOSs, and 0 indicators.
Presolve time = 0,05 sec. (40,81 ticks)
Represolve time = 1,31 sec. (1118,18 ticks)
   3889     0    30232,3234  2156    31880,1737   ZeroHalf: 4  1261259    3,12%
   3889     0    30234,0731  2173    31880,1737   ZeroHalf: 2  1261397    3,12%
   3889     0    30238,8551  2105    31880,1737   ZeroHalf: 1  1261566    3,12%
   3889     0    30273,1053  2094    31880,1737   ZeroHalf: 9  1262055    3,12%
   3889     0    30310,2677  2065    31880,1737  ZeroHalf: 14  1262516    3,12%
   3889     0    30368,1870  2064    31880,1737  ZeroHalf: 10  1263005    3,12%
   3889     0    30374,0085  2076    31880,1737   ZeroHalf: 1  1263151    3,12%
   3889     0    30376,6740  2006    31880,1737   ZeroHalf: 4  1263292    3,12%
   3889     0    30383,0880  2019    31880,1737   ZeroHalf: 2  1263494    3,12%
*  3889+    0                        31821,8843    30886,5330             2,94%
   3889     0  -1,00000e+75     0    31821,8843    30886,5330  1263494    2,94%
   3889     2    30383,0880  2019    31821,8843    30886,5330  1263494    2,94%
   3892     4    30385,5026  2030    31821,8843    30886,5330  1263736    2,94%
   3894     4    30412,3167  1933    31821,8843    30886,5330  1266107    2,94%
   3898     6    30438,3516  1920    31821,8843    30886,5330  1271298    2,94%
Elapsed time = 398,61 sec. (96140,53 ticks, tree = 0,03 MB, solutions = 19)
   3909    10        cutoff          31821,8843    30886,5330  1290908    2,94%
   3920    14        cutoff          31821,8843    30886,5330  1336351    2,94%
   3932    19        cutoff          31821,8843    30886,5330  1366476    2,94%
   3950    19    31689,1251  1603    31821,8843    30886,5330  1374224    2,94%
   3974    23    30492,3871  1894    31821,8843    30886,5330  1381779    2,94%
   4023    47    31751,4466  1412    31821,8843    30886,5330  1403328    2,94%
   4074    76    31752,7749   973    31821,8843    30886,5330  1437146    2,94%
   4128    83    31659,6368  1611    31821,8843    30886,5330  1443714    2,94%
   4189   115    31635,1808  1617    31821,8843    30886,5330  1472659    2,94%
   4258   134    31430,4309  1530    31821,8843    30886,5330  1488825    2,94%
Elapsed time = 454,53 sec. (106047,45 ticks, tree = 1,66 MB, solutions = 19)
   4318   191    31741,2530  1726    31821,8843    30886,5330  1527360    2,94%
   4387   188    30791,8318  1558    31821,8843    30886,5330  1522378    2,94%
   4449   220        cutoff          31821,8843    30886,5330  1547565    2,94%
   4521   286    31729,8514   961    31821,8843    30886,5330  1586266    2,94%
   4596   310    31346,6582   945    31821,8843    30886,5330  1596741    2,94%
   4627   365    30938,3171  1413    31821,8843    30886,5330  1627405    2,94%
   4672   412    31129,9752  1417    31821,8843    30886,5330  1643042    2,94%
   4731   429    31425,7337   937    31821,8843    30886,5330  1647888    2,94%
   4821   444        cutoff          31821,8843    30886,5330  1652405    2,94%
   4908   564    31756,6001   710    31821,8843    30886,5330  1691773    2,94%
Elapsed time = 514,43 sec. (115849,26 ticks, tree = 7,99 MB, solutions = 19)
   5008   544    31547,2687   632    31821,8843    30886,5330  1684717    2,94%
   5111   587    31143,2845  1352    31821,8843    30886,5330  1700726    2,94%
   5228   683    31767,8369   927    31821,8843    30886,5330  1731740    2,94%
   5352   716    31766,9041   703    31821,8843    30886,5330  1742797    2,94%
   5440   866    31501,6797  1297    31821,8843    30886,5330  1796574    2,94%
   5551   862    31669,7730   747    31821,8843    30886,5330  1795396    2,94%
   5650  1092    31578,0500   773    31821,8843    30886,5330  1858299    2,94%
   5775  1039    31453,0533  1201    31821,8843    30886,5330  1846097    2,94%
   5840  1104    31303,0623  1398    31821,8843    30886,5330  1862266    2,94%
   5945  1210    31676,3549  1851    31821,8843    30886,5330  1892811    2,94%
Elapsed time = 577,67 sec. (125455,73 ticks, tree = 33,05 MB, solutions = 19)
   6064  1361    31397,5758  1379    31821,8843    30886,5330  1952208    2,94%
   6168  1366    31490,1098  1303    31821,8843    30886,5330  1953223    2,94%
   6286  1558    31712,0629  1154    31821,8843    30886,5330  2014762    2,94%
   6377  1582    31499,6533  1290    31821,8843    30993,9426  2026175    2,60%
   6474  1735    31385,0655  1334    31821,8843    31017,2585  2075062    2,53%
   6581  1745    31541,4985   917    31821,8843    31017,2585  2077400    2,53%
   6641  1779    31479,0665  1386    31821,8843    31024,3386  2088016    2,51%
   6709  1842    31809,9984  1277    31821,8843    31025,7510  2101514    2,50%
   6747  1993    31589,7976  1456    31821,8843    31028,7475  2155997    2,49%
   7161  2079    31707,8184  1121    31821,8843    31068,2774  2184313    2,37%
Elapsed time = 658,19 sec. (138012,38 ticks, tree = 62,17 MB, solutions = 19)
   7588  2390    31613,9885  1087    31821,8843    31095,1611  2301222    2,28%
   8005  2729    31723,5439  1072    31821,8843    31113,6241  2435188    2,23%
   8250  2993    31476,6000  1072    31821,8843    31133,5996  2524966    2,16%
   8546  3068    31636,0125  1194    31821,8843    31146,8867  2560573    2,12%
   8842  3349    31613,1155  1318    31821,8843    31172,5244  2698057    2,04%
   9199  3545    31770,9805   958    31821,8843    31184,4567  2787006    2,00%
   9457  3718    31511,7811  1162    31821,8843    31187,4594  2858523    1,99%
   9674  3837    31464,1283  1301    31821,8843    31200,1919  2934766    1,95%
*  9934  3906      integral     0    31798,8619    31214,0590  2983543    1,84%
*  9966+ 3967                        31735,7173    31214,1700             1,64%
   9991  3951    31661,8241  1064    31735,7173    31214,1700  3002499    1,64%
  10245  3571    31549,1018  1769    31735,7173    31228,7801  3137200    1,60%
Elapsed time = 898,95 sec. (176394,12 ticks, tree = 115,45 MB, solutions = 21)
  10491  3650    31682,2579  1018    31735,7173    31239,5453  3209310    1,56%
* 10564  3726      integral     0    31652,2672    31247,2476  3270562    1,28%
* 10606+ 3726                        31590,1702    31252,5197             1,07%
* 10617  2058      integral     0    31568,4928    31252,5197  3297686    1,00%
  10827  1811        cutoff          31568,4928    31265,6966  3354933    0,96%
  11031  1732        cutoff          31568,4928    31276,9452  3429414    0,92%
* 11163  1640      integral     0    31549,7813    31303,9892  3517842    0,78%
  11253  1402        cutoff          31549,7813    31315,1931  3546503    0,74%
  11531  1177        cutoff          31549,7813    31377,5005  3630974    0,55%
  12012   643        cutoff          31549,7813    31464,1055  3736530    0,27%
* 12341   345      integral     0    31545,2388    31512,5020  3759357    0,10%

Zero-half cuts applied:  384
Lift and project cuts applied:  2
Gomory fractional cuts applied:  3

Root node processing (before b&c):
  Real time             =   25,60 sec. (13823,63 ticks)
Parallel b&c, 12 threads:
  Real time             = 1028,17 sec. (191660,42 ticks)
  Sync time (average)   =  167,66 sec.
  Wait time (average)   =    0,05 sec.
                          ------------
Total (root+branch&cut) = 1053,77 sec. (205484,05 ticks)

