
Version identifier: 22.1.1.0 | 2022-11-28 | 9160aff4d
CPXPARAM_MultiObjective_Display                  0
CPXPARAM_TimeLimit                               60000
CPXPARAM_WorkMem                                 8192
CPXPARAM_DetTimeLimit                            60000
Tried aggregator 4 times.
MIP Presolve eliminated 21195 rows and 128445 columns.
Aggregator did 311 substitutions.
Reduced MIP has 913 rows, 2560 columns, and 6046 nonzeros.
Reduced MIP has 2548 binaries, 12 generals, 0 SOSs, and 0 indicators.
Presolve time = 0,12 sec. (92,04 ticks)
Found incumbent of value 91755,359590 after 0,14 sec. (106,66 ticks)
Probing time = 0,01 sec. (3,42 ticks)
Tried aggregator 2 times.
Detecting symmetries...
Aggregator did 6 substitutions.
Reduced MIP has 907 rows, 2554 columns, and 6034 nonzeros.
Reduced MIP has 2548 binaries, 6 generals, 0 SOSs, and 0 indicators.
Presolve time = 0,01 sec. (6,04 ticks)
Probing time = 0,01 sec. (3,43 ticks)
Clique table members: 3835.
MIP emphasis: balance optimality and feasibility.
MIP search method: dynamic search.
Parallel mode: deterministic, using up to 12 threads.
Root relaxation solution time = 0,02 sec. (20,59 ticks)

        Nodes                                         Cuts/
   Node  Left     Objective  IInf  Best Integer    Best Bound    ItCnt     Gap

*     0+    0                        91755,3596  -371525,0733           504,91%
*     0+    0                        77131,3396  -371525,0733           581,68%
*     0+    0                        77124,3196  -371525,0733           581,72%
*     0+    0                        77117,2996  -371525,0733           581,77%
*     0+    0                        77110,2796  -371525,0733           581,81%
*     0+    0                        77103,2596  -371525,0733           581,85%
*     0+    0                        77096,2396  -371525,0733           581,90%
      0     0    20199,7290   139    77096,2396    20199,7290     1075   73,80%
*     0+    0                        20258,1576    20199,7290             0,29%
      0     0        cutoff          20258,1576    20258,1576     1116    0,00%
Elapsed time = 0,35 sec. (218,75 ticks, tree = 0,01 MB, solutions = 8)

Zero-half cuts applied:  12
Lift and project cuts applied:  1
Gomory fractional cuts applied:  1

Root node processing (before b&c):
  Real time             =    0,36 sec. (228,43 ticks)
Parallel b&c, 12 threads:
  Real time             =    0,00 sec. (0,00 ticks)
  Sync time (average)   =    0,00 sec.
  Wait time (average)   =    0,00 sec.
                          ------------
Total (root+branch&cut) =    0,36 sec. (228,43 ticks)

