
Version identifier: 22.1.1.0 | 2022-11-28 | 9160aff4d
CPXPARAM_MultiObjective_Display                  0
CPXPARAM_TimeLimit                               60000
CPXPARAM_WorkMem                                 8192
CPXPARAM_DetTimeLimit                            60000
Tried aggregator 3 times.
MIP Presolve eliminated 21354 rows and 128676 columns.
Aggregator did 282 substitutions.
Reduced MIP has 1266 rows, 3848 columns, and 8911 nonzeros.
Reduced MIP has 3833 binaries, 15 generals, 0 SOSs, and 0 indicators.
Presolve time = 0,10 sec. (79,51 ticks)
Found incumbent of value 101406,904420 after 0,12 sec. (98,14 ticks)
Probing time = 0,01 sec. (4,03 ticks)
Tried aggregator 2 times.
Detecting symmetries...
Aggregator did 7 substitutions.
Reduced MIP has 1259 rows, 3841 columns, and 8897 nonzeros.
Reduced MIP has 3833 binaries, 8 generals, 0 SOSs, and 0 indicators.
Presolve time = 0,01 sec. (8,72 ticks)
Probing time = 0,01 sec. (4,01 ticks)
Clique table members: 5506.
MIP emphasis: balance optimality and feasibility.
MIP search method: dynamic search.
Parallel mode: deterministic, using up to 12 threads.
Root relaxation solution time = 0,07 sec. (47,79 ticks)

        Nodes                                         Cuts/
   Node  Left     Objective  IInf  Best Integer    Best Bound    ItCnt     Gap

*     0+    0                       101406,9044  -350288,0000           445,43%
*     0+    0                        80949,6524  -350288,0000           532,72%
*     0+    0                        80940,5264  -350288,0000           532,77%
*     0+    0                        80931,4004  -350288,0000           532,82%
*     0+    0                        80922,2744  -350288,0000           532,87%
*     0+    0                        80913,1484  -350288,0000           532,92%
*     0+    0                        80904,0224  -350288,0000           532,97%
*     0+    0                        80894,8964  -350288,0000           533,02%
*     0+    0                        80885,7704  -350288,0000           533,07%
*     0+    0                        80877,7244  -350288,0000           533,11%
      0     0    11537,7409   369    80877,7244    11537,7409     1797   85,73%
*     0+    0                        11587,0253    11537,7409             0,43%
      0     0        cutoff          11587,0253    11587,0253     1915    0,00%
Elapsed time = 0,75 sec. (311,50 ticks, tree = 0,01 MB, solutions = 11)

Zero-half cuts applied:  34
Lift and project cuts applied:  2
Gomory fractional cuts applied:  2

Root node processing (before b&c):
  Real time             =    0,76 sec. (323,98 ticks)
Parallel b&c, 12 threads:
  Real time             =    0,00 sec. (0,00 ticks)
  Sync time (average)   =    0,00 sec.
  Wait time (average)   =    0,00 sec.
                          ------------
Total (root+branch&cut) =    0,76 sec. (323,98 ticks)

