
Version identifier: 22.1.1.0 | 2022-11-28 | 9160aff4d
CPXPARAM_MultiObjective_Display                  0
CPXPARAM_WorkMem                                 8192
CPXPARAM_DetTimeLimit                            2000000
Tried aggregator 3 times.
MIP Presolve eliminated 21713 rows and 127887 columns.
Aggregator did 314 substitutions.
Reduced MIP has 1168 rows, 3685 columns, and 8532 nonzeros.
Reduced MIP has 3672 binaries, 13 generals, 0 SOSs, and 0 indicators.
Presolve time = 0,10 sec. (84,19 ticks)
Found incumbent of value 97937,720000 after 0,12 sec. (102,31 ticks)
Probing time = 0,01 sec. (3,88 ticks)
Tried aggregator 2 times.
Detecting symmetries...
Aggregator did 6 substitutions.
Reduced MIP has 1162 rows, 3679 columns, and 8520 nonzeros.
Reduced MIP has 3672 binaries, 7 generals, 0 SOSs, and 0 indicators.
Presolve time = 0,01 sec. (8,45 ticks)
Probing time = 0,01 sec. (3,88 ticks)
Clique table members: 5164.
MIP emphasis: balance optimality and feasibility.
MIP search method: dynamic search.
Parallel mode: deterministic, using up to 12 threads.
Root relaxation solution time = 0,07 sec. (54,51 ticks)

        Nodes                                         Cuts/
   Node  Left     Objective  IInf  Best Integer    Best Bound    ItCnt     Gap

*     0+    0                        97937,7200  -340482,0000           447,65%
*     0+    0                        85241,4280  -340482,0000           499,43%
*     0+    0                        85233,3550  -340482,0000           499,47%
*     0+    0                        85225,2820  -340482,0000           499,51%
*     0+    0                        85217,2090  -340482,0000           499,55%
*     0+    0                        85209,1360  -340482,0000           499,58%
*     0+    0                        85201,0630  -340482,0000           499,62%
*     0+    0                        85194,0700  -340482,0000           499,65%
*     0+    0                        85187,4010  -340482,0000           499,69%
*     0+    0                        85180,7320  -340482,0000           499,72%
*     0     0      integral     0    20664,3200    20664,3200     1935    0,00%
Elapsed time = 0,25 sec. (200,55 ticks, tree = 0,00 MB, solutions = 11)

Root node processing (before b&c):
  Real time             =    0,27 sec. (212,94 ticks)
Parallel b&c, 12 threads:
  Real time             =    0,00 sec. (0,00 ticks)
  Sync time (average)   =    0,00 sec.
  Wait time (average)   =    0,00 sec.
                          ------------
Total (root+branch&cut) =    0,27 sec. (212,94 ticks)

