
Version identifier: 22.1.1.0 | 2022-11-28 | 9160aff4d
CPXPARAM_MultiObjective_Display                  0
CPXPARAM_TimeLimit                               60000
CPXPARAM_WorkMem                                 8192
CPXPARAM_DetTimeLimit                            60000
Tried aggregator 3 times.
MIP Presolve eliminated 19404 rows and 126347 columns.
Aggregator did 288 substitutions.
Reduced MIP has 1068 rows, 3201 columns, and 7479 nonzeros.
Reduced MIP has 3187 binaries, 14 generals, 0 SOSs, and 0 indicators.
Presolve time = 0,10 sec. (77,44 ticks)
Found incumbent of value 103441,192075 after 0,12 sec. (93,03 ticks)
Probing time = 0,01 sec. (3,67 ticks)
Tried aggregator 2 times.
Detecting symmetries...
Aggregator did 7 substitutions.
Reduced MIP has 1061 rows, 3194 columns, and 7465 nonzeros.
Reduced MIP has 3187 binaries, 7 generals, 0 SOSs, and 0 indicators.
Presolve time = 0,01 sec. (7,41 ticks)
Probing time = 0,01 sec. (3,67 ticks)
Clique table members: 4544.
MIP emphasis: balance optimality and feasibility.
MIP search method: dynamic search.
Parallel mode: deterministic, using up to 12 threads.
Root relaxation solution time = 0,05 sec. (37,72 ticks)

        Nodes                                         Cuts/
   Node  Left     Objective  IInf  Best Integer    Best Bound    ItCnt     Gap

*     0+    0                       103441,1921  -325392,6433           414,57%
*     0+    0                        87794,1191  -325392,6433           470,63%
*     0+    0                        87786,0461  -325392,6433           470,67%
*     0+    0                        87777,9731  -325392,6433           470,70%
*     0+    0                        87769,9001  -325392,6433           470,73%
*     0+    0                        87761,8271  -325392,6433           470,77%
*     0+    0                        87753,7541  -325392,6433           470,80%
*     0+    0                        87745,6811  -325392,6433           470,84%
*     0+    0                        87737,6081  -325392,6433           470,87%
*     0+    0                        87729,5351  -325392,6433           470,90%
      0     0    26244,4399   170    87729,5351    26244,4399     1548   70,08%
*     0+    0                        30119,6944    26244,4399            12,87%
*     0+    0                        26245,5937    26244,4399             0,00%
      0     0        cutoff          26245,5937    26244,4399     1559    0,00%
Elapsed time = 0,35 sec. (275,82 ticks, tree = 0,01 MB, solutions = 12)

Zero-half cuts applied:  12
Lift and project cuts applied:  1
Gomory fractional cuts applied:  1

Root node processing (before b&c):
  Real time             =    0,37 sec. (288,88 ticks)
Parallel b&c, 12 threads:
  Real time             =    0,00 sec. (0,00 ticks)
  Sync time (average)   =    0,00 sec.
  Wait time (average)   =    0,00 sec.
                          ------------
Total (root+branch&cut) =    0,37 sec. (288,88 ticks)

