
Version identifier: 22.1.1.0 | 2022-11-28 | 9160aff4d
CPXPARAM_MultiObjective_Display                  0
CPXPARAM_TimeLimit                               2000000
CPXPARAM_WorkMem                                 8192
CPXPARAM_DetTimeLimit                            2000000
Tried aggregator 3 times.
MIP Presolve eliminated 128947 rows and 1082912 columns.
Aggregator did 1345 substitutions.
Reduced MIP has 6300 rows, 34285 columns, and 74801 nonzeros.
Reduced MIP has 34253 binaries, 32 generals, 0 SOSs, and 0 indicators.
Presolve time = 0,87 sec. (628,33 ticks)
Found incumbent of value 201458,680393 after 1,04 sec. (771,18 ticks)
Tried aggregator 2 times.
Detecting symmetries...
Aggregator did 16 substitutions.
Reduced MIP has 6284 rows, 34269 columns, and 74769 nonzeros.
Reduced MIP has 34253 binaries, 16 generals, 0 SOSs, and 0 indicators.
Presolve time = 0,07 sec. (69,45 ticks)
Probing time = 0,07 sec. (15,02 ticks)
Clique table members: 41824.
MIP emphasis: balance optimality and feasibility.
MIP search method: dynamic search.
Parallel mode: deterministic, using up to 12 threads.
Root relaxation solution time = 1,03 sec. (572,09 ticks)

        Nodes                                         Cuts/
   Node  Left     Objective  IInf  Best Integer    Best Bound    ItCnt     Gap

*     0+    0                       201458,6804 -2136392,0000              --- 
*     0+    0                       176001,4204 -2136392,0000              --- 
*     0+    0                       175983,1684 -2136392,0000              --- 
*     0+    0                       175964,9164 -2136392,0000              --- 
*     0+    0                       175946,6644 -2136392,0000              --- 
*     0+    0                       175928,4124 -2136392,0000              --- 
*     0+    0                       175911,2404 -2136392,0000              --- 
*     0+    0                       175894,3924 -2136392,0000              --- 
*     0+    0                       175877,5444 -2136392,0000              --- 
*     0+    0                       175860,6964 -2136392,0000              --- 
      0     0    21273,4216  2218   175860,6964    21273,4216       41   87,90%
*     0+    0                       132702,0625    21273,4216            83,97%
      0     0    21674,3579  2508   132702,0625      Cuts: 44     1837   83,67%
*     0+    0                        48382,6331    21674,3579            55,20%
      0     0    21686,5859  2512    48382,6331   ZeroHalf: 7     2391   55,18%
      0     0    21709,5994  2614    48382,6331   ZeroHalf: 9     3102   55,13%
      0     0    21724,4438  2611    48382,6331   ZeroHalf: 8     3774   55,10%
      0     0    21748,4471  2710    48382,6331  ZeroHalf: 18     4625   55,05%
      0     0    21762,1306  2722    48382,6331  ZeroHalf: 13     5248   55,02%
      0     0    21774,7153  2807    48382,6331   ZeroHalf: 7     5731   54,99%
      0     0    21776,4952  2863    48382,6331   ZeroHalf: 3     5895   54,99%
      0     0    21778,0330  2881    48382,6331   ZeroHalf: 3     6058   54,99%
      0     0    21778,2420  2909    48382,6331   ZeroHalf: 1     6128   54,99%
*     0+    0                        27530,9789    21778,2420            20,90%
      0     2    21778,2420  2909    27530,9789    21778,2420     6128   20,90%
Elapsed time = 50,31 sec. (24483,82 ticks, tree = 0,02 MB, solutions = 13)
      1     3    21790,0135  2787    27530,9789    21778,2437     6568   20,90%
      2     4    21798,9316  2803    27530,9789    21778,2437     7004   20,90%
      3     5    21835,5631  2552    27530,9789    21778,2437     7899   20,90%
      4     4    21823,5364  2580    27530,9789    21778,2437     7780   20,90%
      6     5    21823,7571  2744    27530,9789    21778,2437     8277   20,90%
      8     6    21869,0513  2450    27530,9789    21778,2437     9019   20,90%
     12    12    21897,4084  2336    27530,9789    21823,5398    16785   20,73%
     18    13    21893,2061  2613    27530,9789    21823,5398    18497   20,73%
     24    14    22019,4272  2281    27530,9789    21823,5398    19858   20,73%
     37    27    21986,7470  2255    27530,9789    21865,7853    33999   20,58%
Elapsed time = 72,95 sec. (29394,94 ticks, tree = 0,16 MB, solutions = 13)
     55    37    22017,3557  2221    27530,9789    21865,7853    47583   20,58%
     66    44    22206,9000  2167    27530,9789    21865,7853    56175   20,58%
     79    66    22002,7162  2174    27530,9789    21865,7853    80945   20,58%
     97    79    22138,5769  2101    27530,9789    21865,7853    95162   20,58%
    120    90    22093,2426  2192    27530,9789    21865,7853   105598   20,58%
    133   114    22160,7394  2071    27530,9789    21865,7853   124076   20,58%
    150   127    22304,5407  1695    27530,9789    21865,7853   131739   20,58%
    178   139    22608,8001   889    27530,9789    21865,7853   138007   20,58%
    223   143    22861,2527  1253    27530,9789    21865,7853   142484   20,58%
    265   174    22652,5632  1086    27530,9789    21865,7853   161799   20,58%
Elapsed time = 147,02 sec. (39460,68 ticks, tree = 3,91 MB, solutions = 13)
*   312   239      integral     0    22849,1257    21865,7853   195959    4,30%
    315   279        cutoff          22849,1257    21865,7853   218898    4,30%
    366   280    22625,2722  1272    22849,1257    21875,6286   213923    4,26%
    403   283    22049,3581  2148    22849,1257    21875,6286   221608    4,26%
    428   292    22049,8636  2378    22849,1257    21892,1156   238181    4,19%
    454   323    22078,3947  1904    22849,1257    21892,1156   278500    4,19%
    479   336    22447,0585  1840    22849,1257    21893,9668   291348    4,18%
    497   369    22414,9299  1555    22849,1257    21896,9595   318083    4,17%
    517   361    22290,9158  1951    22849,1257    21896,9595   311729    4,17%
    548   395    22543,6673  1500    22849,1257    21896,9595   342267    4,17%
    593   395    21978,6869  2308    22849,1257    21896,9595   341551    4,17%
Elapsed time = 219,02 sec. (49175,60 ticks, tree = 10,44 MB, solutions = 16)
    643   425    22700,7714  1238    22849,1257    21896,9595   364028    4,17%
    686   431    22497,5078  1748    22849,1257    21922,1768   372902    4,06%
    702   474    22463,6910  1660    22849,1257    21922,1768   399150    4,06%
    725   536    22655,3848  1508    22849,1257    21922,1768   436676    4,06%
    756   549    22737,1438  1396    22849,1257    21922,1768   446158    4,06%
    795   559    22592,9852  1464    22849,1257    21922,1768   458103    4,06%
    825   564    22779,5166  1461    22849,1257    21922,1768   460029    4,06%
    864   591    22635,8767  1805    22849,1257    21934,7322   482008    4,00%
    896   638    22276,0151  1745    22849,1257    21940,6979   513233    3,98%
    934   648    22089,3141  2217    22849,1257    21940,6979   523099    3,98%
Elapsed time = 291,91 sec. (59164,68 ticks, tree = 24,85 MB, solutions = 16)
    967   688    22182,5345  2332    22849,1257    21940,6979   545792    3,98%
    992   721    22507,4220  1531    22849,1257    21940,6979   566255    3,98%
   1030   677    22196,3272  2201    22849,1257    21940,7727   540620    3,98%
   1063   726        cutoff          22849,1257    21944,5822   570203    3,96%
   1098   809    22046,7106  2240    22849,1257    21950,3186   627071    3,93%
   1136   834    22629,3365  1324    22849,1257    21950,3186   640138    3,93%
   1183   831        cutoff          22849,1257    21950,3186   636449    3,93%
   1221   793    22026,8039  2305    22849,1257    21950,3186   621418    3,93%
   1254   912    22079,7852  2344    22849,1257    21950,3443   687701    3,93%
   1296   892    22350,3586  1912    22849,1257    21952,5000   676714    3,92%
Elapsed time = 364,31 sec. (68844,97 ticks, tree = 39,67 MB, solutions = 16)
   1329   887    22233,5590  2315    22849,1257    21952,5000   673015    3,92%
   1363   998    22398,1147  1658    22849,1257    21952,5000   735583    3,92%
   1401   969    22441,8606  2051    22849,1257    21957,7170   719896    3,90%
   1439  1070    22432,8381  1733    22849,1257    21957,7170   784971    3,90%
   1483  1044    22722,7405  1422    22849,1257    21969,7717   765902    3,85%
   1521  1043    21989,3259  2303    22849,1257    21969,7717   767925    3,85%
   1564  1067    22639,2636  1561    22849,1257    21969,7717   783313    3,85%
   1598  1215    22070,2217  2569    22849,1257    21971,6887   869837    3,84%
   1633  1153    22165,5180  1906    22849,1257    21971,6887   833849    3,84%
   1666  1220    22190,4192  2415    22849,1257    21972,4881   872990    3,84%
Elapsed time = 437,55 sec. (78705,21 ticks, tree = 60,38 MB, solutions = 16)
   1700  1243    22559,5134  1664    22849,1257    21972,4881   888894    3,84%
*  1740  1285      integral     0    22807,4430    21972,4881   913107    3,66%
   1742  1233    22449,5604  2002    22807,4430    21972,4881   882863    3,66%
*  1744  1330      integral     0    22800,2771    21972,4881   958845    3,63%
   1779  1264    22508,2874  1672    22800,2771    21972,4881   899857    3,63%
   1815  1322    22139,8699  2035    22800,2771    21973,9319   934797    3,62%
   1843  1347    22090,6140  2245    22800,2771    21973,9319   976810    3,62%
*  1849  1360      integral     0    22737,8619    21973,9319   984714    3,36%
*  1854  1285      integral     0    22705,0656    21973,9319   998356    3,22%
   1870  1375    22671,4926  1672    22705,0656    21980,7639   998137    3,19%
   1906  1377        cutoff          22705,0656    21980,7639  1000388    3,19%
   1943  1289    22357,2274  1399    22705,0656    21980,7639  1049054    3,19%
   1982  1281    22465,8250  1441    22705,0656    21981,4751  1043714    3,19%
Elapsed time = 503,34 sec. (87512,97 ticks, tree = 61,22 MB, solutions = 20)
   2020  1312    22269,9796  2337    22705,0656    21981,4751  1075728    3,19%
   2059  1315    22330,2388  2300    22705,0656    21988,0708  1077222    3,16%
   2098  1357    22361,8073  2006    22705,0656    21988,0708  1106393    3,16%
   2140  1327    22579,6803  1742    22705,0656    21988,1051  1084803    3,16%
   2180  1402    22311,4946  2179    22705,0656    21988,1051  1131565    3,16%
   2228  1381    22169,1944  1880    22705,0656    21988,1051  1118477    3,16%
   2262  1408    22629,2314  1740    22705,0656    21989,3863  1135104    3,15%
   2298  1417    22158,8558  2031    22705,0656    21990,1747  1145986    3,15%
   2335  1550    22267,3837  1865    22705,0656    21990,2348  1224643    3,15%
   2375  1501    22272,6671  2279    22705,0656    21992,8318  1189799    3,14%
Elapsed time = 575,48 sec. (97285,58 ticks, tree = 74,06 MB, solutions = 20)
   2427  1617    22118,1901  1960    22705,0656    21996,4925  1263869    3,12%
   2462  1620    22242,5114  1810    22705,0656    21996,4925  1265590    3,12%
   2501  1643    22174,1113  1926    22705,0656    21996,4925  1274225    3,12%
   2541  1710        cutoff          22705,0656    21996,4925  1316074    3,12%
   2571  1742    22054,3301  1943    22705,0656    21996,4925  1334234    3,12%
   2601  1731    22325,6217  1790    22705,0656    21996,9196  1326934    3,12%
   2638  1786    22085,7166  2404    22705,0656    21996,9196  1355482    3,12%
   2684  1867    22315,0835  1951    22705,0656    21999,7848  1401945    3,11%
   2728  1896    22631,7140  1548    22705,0656    21999,9835  1419226    3,11%
   2773  1874    22616,2975  1704    22705,0656    22000,0538  1405519    3,11%
Elapsed time = 648,69 sec. (106972,79 ticks, tree = 96,38 MB, solutions = 20)
   2811  1846    22654,1283  1549    22705,0656    22000,6441  1385255    3,10%
   2847  1920    22215,0370  1853    22705,0656    22002,7741  1433444    3,09%
   2887  2041    22134,9194  1967    22705,0656    22002,7741  1504065    3,09%
   2928  2053    22287,1000  2396    22705,0656    22002,8364  1512724    3,09%
   2970  1997    22406,2468  2000    22705,0656    22003,7602  1475716    3,09%
   3014  2018    22210,3299  1712    22705,0656    22003,7602  1486819    3,09%
   3048  2048    22526,4736  1663    22705,0656    22008,1826  1510752    3,07%
   3087  2060    22071,4310  1999    22705,0656    22008,1826  1519724    3,07%
   3120  2187    22189,3745  2050    22705,0656    22008,1826  1596680    3,07%
   3292  2295    22152,1241  1997    22705,0656    22016,6308  1670516    3,03%
Elapsed time = 741,51 sec. (119546,75 ticks, tree = 106,14 MB, solutions = 20)
*  3468  2488      integral     0    22704,0483    22017,3662  1780504    3,02%
   3617  2496    22293,8888  1506    22704,0483    22020,8766  1784970    3,01%
   3777  2678    22534,9563  2110    22704,0483    22021,7292  1890788    3,01%
   3846  2718    22413,0162  1894    22704,0483    22021,7292  1911842    3,01%

Performing restart 1

Repeating presolve.
Tried aggregator 2 times.
MIP Presolve eliminated 203 rows and 4430 columns.
Aggregator did 39 substitutions.
Reduced MIP has 6042 rows, 29800 columns, and 65743 nonzeros.
Reduced MIP has 29784 binaries, 16 generals, 0 SOSs, and 0 indicators.
Presolve time = 0,06 sec. (52,57 ticks)
Tried aggregator 1 time.
Reduced MIP has 6042 rows, 29800 columns, and 65743 nonzeros.
Reduced MIP has 29784 binaries, 16 generals, 0 SOSs, and 0 indicators.
Presolve time = 0,06 sec. (49,75 ticks)
Represolve time = 1,60 sec. (1171,53 ticks)
   3848     0    21813,0359  2871    22704,0483      Cuts: 10  2023534    2,99%
   3848     0    21816,4413  2893    22704,0483  ZeroHalf: 10  2023858    2,99%
   3848     0    21819,7544  2971    22704,0483       Cuts: 9  2024239    2,99%
   3848     0    21820,7087  2951    22704,0483   ZeroHalf: 3  2024377    2,99%
   3848     0    21823,3582  2969    22704,0483   ZeroHalf: 7  2024596    2,99%
   3848     2    21823,3582  2969    22704,0483    22024,2441  2024596    2,99%
   3853     4        cutoff          22704,0483    22024,2441  2028763    2,99%
   3879    16    22420,8179  2566    22704,0483    22024,2441  2052466    2,99%
   3948    55    22347,4242  2267    22704,0483    22024,2441  2091143    2,99%
   4001    95    22172,3781  2366    22704,0483    22024,2441  2149204    2,99%
   4105   185    22456,2561  2043    22704,0483    22024,2441  2228718    2,99%
Elapsed time = 996,65 sec. (192958,55 ticks, tree = 2,23 MB, solutions = 21)
   4280   302    22087,3087  2495    22704,0483    22024,2441  2298495    2,99%
   4444   394    22457,2333  1731    22704,0483    22024,2441  2341201    2,99%
   4582   549    22324,5440  2097    22704,0483    22024,2441  2399513    2,99%
   4846   560    22478,4080  1883    22704,0483    22024,2441  2414712    2,99%
   5005   844    22428,6120  1981    22704,0483    22024,2441  2513254    2,99%
   5209   946    22517,7315  1840    22704,0483    22024,2441  2564348    2,99%
   5533  1191    22424,2488  2061    22704,0483    22024,2441  2671893    2,99%
   5844  1386    22652,0975  1791    22704,0483    22024,2441  2749233    2,99%
   6080  1572    22414,5386  2078    22704,0483    22024,2441  2786296    2,99%
   6210  1766    22578,8549  1664    22704,0483    22024,2441  2842393    2,99%
Elapsed time = 1263,68 sec. (231289,76 ticks, tree = 89,00 MB, solutions = 21)
   6404  1962    22582,2938  1835    22704,0483    22024,2441  2910636    2,99%
   6565  2017    22508,1061  1635    22704,0483    22024,2441  2941097    2,99%
   6755  2266    22131,3799  2381    22704,0483    22024,2441  3070062    2,99%
   6960  2378    22199,0346  2385    22704,0483    22024,2441  3120720    2,99%
   7146  2596    22582,0937  2086    22704,0483    22024,2441  3202706    2,99%
   7325  2649    22578,0400  1921    22704,0483    22024,2441  3239388    2,99%
   7514  2836    22406,0713  2153    22704,0483    22024,2441  3324919    2,99%
   7680  3021    22263,1614  2049    22704,0483    22024,2441  3432423    2,99%
   7863  3103    22680,3963  1739    22704,0483    22024,2441  3500195    2,99%
   8015  3322    22653,9326  1879    22704,0483    22024,2441  3615966    2,99%
Elapsed time = 1526,96 sec. (269677,39 ticks, tree = 177,05 MB, solutions = 21)
   8099  3365    22669,1601  1687    22704,0483    22024,2441  3648545    2,99%
   8254  3432    22337,9169  2194    22704,0483    22024,2441  3686751    2,99%
   8468  3481    22598,0173  1938    22704,0483    22024,2441  3724788    2,99%
   8665  3678    22284,6649  1802    22704,0483    22024,2441  3821807    2,99%
   8828  3938    22360,8370  1841    22704,0483    22024,2441  3948588    2,99%
   9031  4059    22091,6473  2539    22704,0483    22024,2441  4015194    2,99%
   9246  4219    22516,1274  1658    22704,0483    22024,2441  4106736    2,99%
   9424  4383    22430,9413  1921    22704,0483    22079,3729  4207469    2,75%
*  9519  4442      integral     0    22596,2851    22079,3729  4234698    2,29%
   9622  3324    22579,7826  1790    22596,2851    22083,5131  4263423    2,27%
   9770  3426    22573,5605  1826    22596,2851    22087,3673  4365728    2,25%
Elapsed time = 1791,25 sec. (307976,79 ticks, tree = 173,46 MB, solutions = 22)
   9955  3551    22526,1151  1821    22596,2851    22087,3673  4433930    2,25%
  10095  3615    22541,1025  1961    22596,2851    22092,4848  4463491    2,23%
  10203  3748    22557,7050  1776    22596,2851    22109,0851  4552113    2,16%
  10394  3904    22428,1446  2035    22596,2851    22110,8488  4632074    2,15%
  10580  3909    22414,6236  2000    22596,2851    22113,4053  4639674    2,14%
  10775  4042    22384,3006  1568    22596,2851    22113,6532  4705096    2,14%
  10967  4198    22491,4154  1649    22596,2851    22121,4911  4798319    2,10%
  11146  4322    22402,3246  1915    22596,2851    22121,4911  4871717    2,10%
  11352  4443    22518,6476  1895    22596,2851    22124,1417  4946411    2,09%
  11549  4664    22507,0118  2136    22596,2851    22131,1958  5082729    2,06%
Elapsed time = 2057,18 sec. (346247,01 ticks, tree = 243,50 MB, solutions = 22)
  11715  4763    22450,5187   664    22596,2851    22132,6121  5142575    2,05%
* 11726  4760      integral     0    22496,1061    22138,0498  5143021    1,59%
  11885  3472    22356,5230  1933    22496,1061    22138,0498  5278269    1,59%
  12061  3541    22346,3799  2196    22496,1061    22139,9801  5349089    1,58%
  12199  3533    22318,3467  2248    22496,1061    22153,3496  5345966    1,52%
  12341  3656    22257,1343  2157    22496,1061    22155,5369  5440098    1,51%
  12442  3763        cutoff          22496,1061    22159,7712  5558479    1,50%
  12530  3799    22412,4775  2047    22496,1061    22163,9059  5596350    1,48%
  12638  3893    22344,9527  2263    22496,1061    22166,2756  5681293    1,47%
* 12706+ 3901                        22492,6252    22166,2811             1,45%
  12798  3930    22436,3321  1782    22492,6252    22167,9508  5729799    1,44%
  12965  3996    22347,8885  2161    22492,6252    22167,9508  5810331    1,44%
Elapsed time = 2330,02 sec. (384618,18 ticks, tree = 191,97 MB, solutions = 24)
  13143  4104    22431,1579  2321    22492,6252    22174,4530  5918969    1,41%
  13306  4165    22450,8171  2233    22492,6252    22176,6743  5971824    1,40%
  13469  4272    22421,4841  1487    22492,6252    22179,4248  6067088    1,39%
  13619  4289        cutoff          22492,6252    22179,7048  6101046    1,39%
  13796  4451    22270,0617  1857    22492,6252    22188,5720  6279496    1,35%
  13985  4469    22223,1355  2078    22492,6252    22190,0245  6287042    1,35%
  14172  4651        cutoff          22492,6252    22195,8205  6453859    1,32%
  14322  4826        cutoff          22492,6252    22201,5325  6583027    1,29%
  14426  4763    22437,4912  1747    22492,6252    22202,7907  6521289    1,29%
  14529  4958    22457,7160  1943    22492,6252    22205,3642  6707424    1,28%
Elapsed time = 2602,71 sec. (422907,97 ticks, tree = 232,11 MB, solutions = 24)
  14663  4969    22276,6512  2511    22492,6252    22206,6956  6732565    1,27%
  14838  5036    22447,3354  1912    22492,6252    22209,5473  6777811    1,26%
  15022  5086    22371,2836  2122    22492,6252    22210,4614  6835759    1,25%
  15188  5139    22399,6748  1873    22492,6252    22211,9667  6882280    1,25%
  15325  5320    22349,3542  2009    22492,6252    22212,4473  7059926    1,25%
  15498  5312    22422,1522  1818    22492,6252    22216,2476  7053689    1,23%
  15660  5465    22386,1082  1742    22492,6252    22218,2475  7219365    1,22%
  15839  5589    22369,4726  2024    22492,6252    22221,6233  7350413    1,20%
  16041  5558        cutoff          22492,6252    22222,6818  7330135    1,20%
  16199  5773    22471,7539  1712    22492,6252    22224,6221  7520128    1,19%
Elapsed time = 2869,89 sec. (461217,48 ticks, tree = 259,73 MB, solutions = 24)
  16379  5862    22484,7637  2019    22492,6252    22226,0755  7600158    1,19%
  16545  5878        cutoff          22492,6252    22228,4756  7622830    1,17%
  16659  5880        cutoff          22492,6252    22231,5070  7629162    1,16%
  16739  6081    22483,6649  2059    22492,6252    22233,7380  7837747    1,15%
  16824  6121    22357,7011  1895    22492,6252    22235,4858  7891098    1,14%
  16965  6104    22362,3161  2016    22492,6252    22236,3227  7871122    1,14%
  17181  6169    22427,9180  1860    22492,6252    22236,3313  7941723    1,14%
  17361  6178        cutoff          22492,6252    22237,1453  7964896    1,14%
  17596  6377        cutoff          22492,6252    22241,2182  8102406    1,12%
  17788  6313    22361,8874  1966    22492,6252    22241,7293  8077626    1,12%
Elapsed time = 3141,74 sec. (499543,15 ticks, tree = 279,56 MB, solutions = 24)
  17954  6507    22447,7316  1658    22492,6252    22242,9960  8228528    1,11%
  18140  6757    22431,8990  2054    22492,6252    22247,0479  8449063    1,09%
  18310  6814    22387,8641  1761    22492,6252    22248,5143  8539046    1,09%
  18487  6790    22486,7639  1647    22492,6252    22250,4851  8492279    1,08%
  18673  6868    22453,4699  1877    22492,6252    22250,8676  8588500    1,07%
  18860  6982    22492,3915  2131    22492,6252    22253,5252  8754529    1,06%
  19029  7081    22410,4698  1751    22492,6252    22254,6370  8864349    1,06%
  19219  7076    22413,1231  2026    22492,6252    22256,3841  8856031    1,05%
  19354  7088    22459,3073  2144    22492,6252    22257,7849  8897097    1,04%
  19495  7217    22446,4616  1665    22492,6252    22258,5400  9034552    1,04%
Elapsed time = 3417,82 sec. (537897,85 ticks, tree = 316,31 MB, solutions = 24)
  19593  7367    22480,5561  2250    22492,6252    22261,0537  9233809    1,03%
  19695  7430    22455,7008  1880    22492,6252    22262,3764  9320023    1,02%
  19816  7383    22469,9965  1854    22492,6252    22263,6811  9258915    1,02%
  19982  7467    22404,6443  2108    22492,6252    22265,3752  9353687    1,01%
  20183  7524    22485,1971  1887    22492,6252    22266,1568  9413597    1,01%
  20374  7594    22403,4251  2108    22492,6252    22267,0772  9488754    1,00%
  20559  7717    22426,1723  1701    22492,6252    22268,1282  9621776    1,00%
  20743  7766    22372,8379  1874    22492,6252    22269,1951  9686930    0,99%
  20931  7745    22437,4804  1736    22492,6252    22270,3360  9674977    0,99%
  21125  7902    22395,0825  2074    22492,6252    22271,1935  9832887    0,98%
Elapsed time = 3683,04 sec. (576294,80 ticks, tree = 336,22 MB, solutions = 24)
  21300  7887        cutoff          22492,6252    22272,8140  9824723    0,98%
  21497  8128    22376,1138  2174    22492,6252    22274,6584 10113447    0,97%
  21693  8148    22479,9950  1654    22492,6252    22276,4234 10140757    0,96%
  21877  8189    22437,4112  1506    22492,6252    22277,8456 10204931    0,95%
  22088  8303        cutoff          22492,6252    22278,5356 10331776    0,95%
  22277  8349    22371,4481  2117    22492,6252    22280,2428 10379448    0,94%
  22470  8390    22479,0205  1630    22492,6252    22282,5501 10429111    0,93%
  22666  8547    22369,4614  1915    22492,6252    22283,6538 10609958    0,93%
  22831  8508    22471,0239  1928    22492,6252    22285,2938 10558828    0,92%
  22998  8620    22459,5515  1961    22492,6252    22286,4003 10705712    0,92%
Elapsed time = 3959,24 sec. (614839,29 ticks, tree = 367,35 MB, solutions = 24)
  23111  8665    22416,9036  1800    22492,6252    22289,1414 10767133    0,90%
  23211  8713    22462,0306  1623    22492,6252    22290,4572 10838024    0,90%
  23306  8885    22474,1400  1750    22492,6252    22292,2924 11083716    0,89%
  23431  8879        cutoff          22492,6252    22294,1432 11071171    0,88%
  23620  8917    22484,1635  1612    22492,6252    22295,7545 11134398    0,88%
  23796  8942    22482,6735  1886    22492,6252    22296,7098 11167395    0,87%
  23992  9039    22454,4563  1695    22492,6252    22297,6189 11343052    0,87%
  24180  9046    22449,1280  1915    22492,6252    22297,6459 11329063    0,87%
  24388  9022    22429,8239  1923    22492,6252    22298,9911 11316796    0,86%
  24578  9133    22373,2114  2059    22492,6252    22299,9562 11494598    0,86%
Elapsed time = 4218,55 sec. (653255,82 ticks, tree = 374,72 MB, solutions = 24)
  24757  9173    22454,6218  1972    22492,6252    22300,1507 11543131    0,86%
  24955  9315    22490,4937  1596    22492,6252    22300,9285 11796507    0,85%
  25124  9276    22406,7392  2275    22492,6252    22302,4167 11711744    0,85%
  25308  9347    22344,2086  1602    22492,6252    22303,3212 11887919    0,84%
  25535  9420    22434,4852  2001    22492,6252    22305,5929 12035628    0,83%
  25723  9524    22449,2216  1878    22492,6252    22306,9352 12209642    0,83%
  25927  9432        cutoff          22492,6252    22307,7309 12075961    0,82%
  26126  9502        cutoff          22492,6252    22309,1199 12203138    0,82%
  26330  9586        cutoff          22492,6252    22310,4697 12283784    0,81%
  26553  9666        cutoff          22492,6252    22312,4165 12430736    0,80%
Elapsed time = 4494,36 sec. (691563,92 ticks, tree = 388,00 MB, solutions = 24)
  26728  9673    22411,2443  1879    22492,6252    22313,5705 12460950    0,80%
  26907  9779        cutoff          22492,6252    22315,0242 12566576    0,79%
  27022  9868    22448,0135  2088    22492,6252    22316,4065 12835866    0,78%
  27145  9930        cutoff          22492,6252    22316,9800 12890044    0,78%
  27241  9951    22442,0626  2004    22492,6252    22318,4231 12908564    0,77%
  27354  9987    22486,3398  2046    22492,6252    22319,5898 12986077    0,77%
  27520 10000    22483,7934  1807    22492,6252    22320,7075 12965018    0,76%
  27687 10035        cutoff          22492,6252    22321,9681 13053153    0,76%
  27870 10055        cutoff          22492,6252    22324,2582 13158377    0,75%
  28051 10125    22393,0909  1725    22492,6252    22325,6055 13292943    0,74%
Elapsed time = 4764,87 sec. (729796,93 ticks, tree = 401,03 MB, solutions = 24)
  28243 10060    22452,3492  1728    22492,6252    22326,1664 13199650    0,74%
  28433 10101    22473,0450  1729    22492,6252    22327,2867 13259463    0,74%
  28666 10166    22407,8225  2353    22492,6252    22328,0289 13393739    0,73%
  28893 10167    22464,1217  1684    22492,6252    22328,3434 13401219    0,73%
  29106 10274        cutoff          22492,6252    22329,4504 13720015    0,73%
  29304 10342    22489,3714  1730    22492,6252    22330,6631 13829399    0,72%
  29530 10306    22472,5833  2053    22492,6252    22331,2600 13762171    0,72%
  29738 10313    22465,7232  1912    22492,6252    22331,6756 13770262    0,72%
  29940 10352    22473,3199  2040    22492,6252    22333,0679 13877009    0,71%
  30115 10478    22481,6517  1875    22492,6252    22333,9189 14162945    0,71%
Elapsed time = 5028,92 sec. (768205,57 ticks, tree = 415,93 MB, solutions = 24)
  30314 10469    22423,4698  2005    22492,6252    22334,5390 14120297    0,70%
  30504 10490    22470,2679  1938    22492,6252    22335,5522 14231919    0,70%
  30689 10569        cutoff          22492,6252    22337,3336 14476959    0,69%
  30896 10578        cutoff          22492,6252    22338,4780 14430148    0,69%
  31090 10612    22425,9224  2234    22492,6252    22338,7887 14664203    0,68%
  31249 10611        cutoff          22492,6252    22339,4029 14672314    0,68%
  31400 10655        cutoff          22492,6252    22341,3958 14767015    0,67%
  31509 10734        cutoff          22492,6252    22342,8864 15124123    0,67%
  31609 10754    22467,8510  1986    22492,6252    22343,3502 15022546    0,66%
  31709 10752    22466,7025  1936    22492,6252    22343,9812 15056109    0,66%
Elapsed time = 5313,81 sec. (806630,82 ticks, tree = 413,16 MB, solutions = 24)
  31876 10738    22459,8594  1926    22492,6252    22346,3002 15216110    0,65%
  32063 10762        cutoff          22492,6252    22347,2612 15279844    0,65%
  32283 10729    22453,7306  1943    22492,6252    22347,7002 15198273    0,64%
  32502 10735        cutoff          22492,6252    22348,6364 15284141    0,64%
  32715 10780        cutoff          22492,6252    22349,8562 15325548    0,63%
  32945 10794    22445,7253  1738    22492,6252    22350,4425 15612869    0,63%
  33128 10795        cutoff          22492,6252    22351,2367 15649911    0,63%
  33356 10799        cutoff          22492,6252    22351,9520 15491163    0,63%
  33576 10803    22441,5310  1946    22492,6252    22353,5230 15745298    0,62%
  33781 10791        cutoff          22492,6252    22354,5260 15699965    0,61%
Elapsed time = 5573,83 sec. (844990,76 ticks, tree = 415,12 MB, solutions = 24)
  33995 10803    22481,1198  2197    22492,6252    22354,6831 15909703    0,61%
  34201 10763    22481,0825  1983    22492,6252    22354,9920 16122370    0,61%
* 34349 10760      integral     0    22482,3118    22356,5211 16129431    0,56%
  34394 10772    22480,0901  1913    22482,3118    22356,5211 16188232    0,56%
  34613 10753        cutoff          22482,3118    22356,6544 16378462    0,56%
  34834 10749        cutoff          22482,3118    22356,8453 16265430    0,56%
  35072 10767    22428,1243  1889    22482,3118    22357,9560 16370228    0,55%
  35312 10363    22448,7260  2050    22482,3118    22360,7200 16710782    0,54%
  35536 10346        cutoff          22482,3118    22361,4350 16583871    0,54%
  35762 10354        cutoff          22482,3118    22361,4350 16725833    0,54%
  36005 10313    22481,0001  2277    22482,3118    22366,4551 16932577    0,52%
Elapsed time = 5845,37 sec. (883323,38 ticks, tree = 377,29 MB, solutions = 25)
  36239 10298        cutoff          22482,3118    22366,7947 16957601    0,51%
  36421 10256        cutoff          22482,3118    22369,0205 17098326    0,50%
  36594 10139        cutoff          22482,3118    22371,1116 17276366    0,49%
  36748 10170        cutoff          22482,3118    22371,6978 17261336    0,49%
  36892 10121        cutoff          22482,3118    22371,6978 17339271    0,49%
  37053 10108        cutoff          22482,3118    22373,2335 17346386    0,49%
  37262 10024    22475,6899  1934    22482,3118    22375,9800 17456913    0,47%
  37503  9985    22448,9948  2112    22482,3118    22377,6343 17555443    0,47%
  37748  9903        cutoff          22482,3118    22378,1000 17639751    0,46%
  37999  9856        cutoff          22482,3118    22379,5841 17726234    0,46%
Elapsed time = 6093,95 sec. (921653,65 ticks, tree = 360,03 MB, solutions = 25)
  38238  9764    22473,8128  1407    22482,3118    22383,2850 17890025    0,44%
  38478  9733        cutoff          22482,3118    22383,5404 17969636    0,44%
  38730  9596        cutoff          22482,3118    22386,9334 18122206    0,42%
  38987  9584        cutoff          22482,3118    22387,1745 18129433    0,42%
  39238  9424        cutoff          22482,3118    22388,2378 18271797    0,42%
  39496  9404        cutoff          22482,3118    22390,6295 18291085    0,41%
  39773  9382        cutoff          22482,3118    22393,3593 18337477    0,40%
  40044  9117        cutoff          22482,3118    22395,8764 18539171    0,38%
* 40271+ 8931                        22478,8310    22397,0335             0,36%
  40322  9039        cutoff          22478,8310    22397,0335 18608070    0,36%
  40544  8933        cutoff          22478,8310    22397,8351 18682449    0,36%
Elapsed time = 6336,44 sec. (959971,80 ticks, tree = 320,67 MB, solutions = 26)
  40627  8679        cutoff          22478,8310    22397,8351 18764738    0,36%

Performing restart 2

Repeating presolve.
Tried aggregator 5 times.
MIP Presolve eliminated 280 rows and 3151 columns.
MIP Presolve modified 5 coefficients.
Aggregator did 137 substitutions.
Reduced MIP has 5625 rows, 26512 columns, and 58955 nonzeros.
Reduced MIP has 26496 binaries, 16 generals, 0 SOSs, and 0 indicators.
Presolve time = 0,18 sec. (151,07 ticks)
Tried aggregator 2 times.
MIP Presolve eliminated 84 rows and 389 columns.
Aggregator did 26 substitutions.
Reduced MIP has 5515 rows, 26097 columns, and 58109 nonzeros.
Reduced MIP has 26081 binaries, 16 generals, 0 SOSs, and 0 indicators.
Presolve time = 0,07 sec. (57,05 ticks)
Tried aggregator 2 times.
Aggregator did 2 substitutions.
Reduced MIP has 5513 rows, 26095 columns, and 58127 nonzeros.
Reduced MIP has 26079 binaries, 16 generals, 0 SOSs, and 0 indicators.
Presolve time = 0,06 sec. (48,84 ticks)
Represolve time = 3,37 sec. (2423,78 ticks)
  40640     0    21827,2472  2933    22478,8310   ZeroHalf: 4 18943307    0,34%
  40640     0    21833,5210  3029    22478,8310      Cuts: 21 18943750    0,34%
  40640     0    21837,4668  2976    22478,8310      Cuts: 17 18944238    0,34%
  40640     0    21837,8347  2943    22478,8310       Cuts: 3 18944369    0,34%
  40640     0    21839,2362  2920    22478,8310       Cuts: 5 18944553    0,34%
  40640     0    21839,4548  2920    22478,8310   ZeroHalf: 1 18944615    0,34%
  40640     0    21844,4726  2958    22478,8310      Cuts: 20 18945206    0,34%
  40640     0    21851,9015  3031    22478,8310      Cuts: 13 18945861    0,34%
  40640     0    21856,3252  3001    22478,8310       Cuts: 3 18946342    0,34%
  40640     0    21857,8093  3030    22478,8310   ZeroHalf: 5 18946647    0,34%
  40640     0    21864,6002  3047    22478,8310      Cuts: 12 18947222    0,34%

Repeating presolve.
Tried aggregator 2 times.
MIP Presolve eliminated 503 rows and 4107 columns.
Aggregator did 73 substitutions.
Reduced MIP has 4937 rows, 21915 columns, and 49173 nonzeros.
Reduced MIP has 21899 binaries, 16 generals, 0 SOSs, and 0 indicators.
Presolve time = 0,08 sec. (63,74 ticks)
Tried aggregator 1 time.
Reduced MIP has 4937 rows, 21915 columns, and 49173 nonzeros.
Reduced MIP has 21899 binaries, 16 generals, 0 SOSs, and 0 indicators.
Presolve time = 0,05 sec. (37,61 ticks)
Represolve time = 2,18 sec. (1557,97 ticks)
  40640     0    21869,8361  3044    22478,8310      Cuts: 12 18967117    0,34%
  40640     0    21870,4832  3039    22478,8310       Cuts: 5 18967326    0,34%
  40640     0    21874,7701  3067    22478,8310      Cuts: 15 18967862    0,34%
  40640     0    21878,9800  3163    22478,8310       Cuts: 9 18968340    0,34%
  40640     0    21882,7786  3131    22478,8310       Cuts: 8 18968771    0,34%
  40640     0    21887,1353  3097    22478,8310       Cuts: 9 18969329    0,34%
  40640     0    21889,7055  3187    22478,8310       Cuts: 7 18969764    0,34%
  40640     0    21892,5982  3275    22478,8310       Cuts: 6 18970182    0,34%
  40640     0    21895,6242  3266    22478,8310       Cuts: 8 18970628    0,34%
  40640     0    21898,6963  3264    22478,8310       Cuts: 8 18971096    0,34%
  40640     2    21898,6963  3261    22478,8310    22402,8931 18971096    0,34%
  40643     5    21899,9016  3183    22478,8310    22402,8931 18971833    0,34%
  40651     7    21900,1925  3143    22478,8310    22402,8931 18978152    0,34%
  40680    22    22167,6334  2728    22478,8310    22402,8931 19008897    0,34%
  40719    51    22395,2268  2139    22478,8310    22402,8931 19079176    0,34%
  40795   109    22196,2950  2702    22478,8310    22402,8931 19163722    0,34%
  40864   127    21907,3112  2997    22478,8310    22402,8931 19175733    0,34%
  40979   235    22472,0681  2076    22478,8310    22402,8931 19259037    0,34%
  41097   285    22088,2714  2479    22478,8310    22402,8931 19295061    0,34%
Elapsed time = 6699,29 sec. (1149305,99 ticks, tree = 5,17 MB, solutions = 26)
  41198   378    22181,6549  2646    22478,8310    22402,8931 19364431    0,34%
  41315   451    22413,8820  1960    22478,8310    22402,8931 19423077    0,34%
  41452   485    22083,2425  2525    22478,8310    22402,8931 19445561    0,34%
  41588   628    22265,0542  2282    22478,8310    22402,8931 19529422    0,34%
  41689   661    22344,1269  2101    22478,8310    22402,8931 19560853    0,34%
  41813   773    22306,7759  2225    22478,8310    22402,8931 19639507    0,34%
  41931   839    22197,7480  2352    22478,8310    22402,8931 19683718    0,34%
  42073   968    22246,6766  2285    22478,8310    22402,8931 19770160    0,34%
  42223  1058    22238,2776  2437    22478,8310    22402,8931 19833076    0,34%
  42346  1165    22219,2336  2247    22478,8310    22402,8931 19929555    0,34%
Elapsed time = 6942,28 sec. (1187782,85 ticks, tree = 42,58 MB, solutions = 26)
  42454  1239    22280,1983  2434    22478,8310    22402,8931 19998371    0,34%
  42562  1306    22234,7252  2147    22478,8310    22402,8931 20060308    0,34%
  42658  1335    22319,3601  2723    22478,8310    22402,8931 20104553    0,34%
  42762  1421    22185,5172  2565    22478,8310    22402,8931 20200866    0,34%
  42865  1450    22400,1438  2018    22478,8310    22402,8931 20226469    0,34%
  42967  1580    22382,9080  1918    22478,8310    22402,8931 20370635    0,34%
  43082  1605    22305,6475  2104    22478,8310    22402,8931 20418921    0,34%
  43199  1628    22398,1521  2015    22478,8310    22402,8931 20441742    0,34%
  43309  1692    22420,0363  2320    22478,8310    22402,8931 20511044    0,34%
  43419  1784    22478,6050  1905    22478,8310    22402,8931 20632034    0,34%
Elapsed time = 7221,48 sec. (1226193,38 ticks, tree = 67,62 MB, solutions = 26)
  43543  1846    22257,9787  2335    22478,8310    22402,8931 20707244    0,34%
  43647  1880    22094,3369  2427    22478,8310    22402,8931 20740745    0,34%
  43778  2011    22400,0922  1993    22478,8310    22402,8931 20873431    0,34%
  43889  2043    22106,2387  2272    22478,8310    22402,8931 20899384    0,34%
  43989  2084        cutoff          22478,8310    22402,8931 20963871    0,34%
  44100  2115    22316,8507  2279    22478,8310    22402,8931 21009374    0,34%
  44216  2272    22338,7816  1865    22478,8310    22402,8931 21207538    0,34%
  44314  2330    22447,2852  1946    22478,8310    22402,8931 21288457    0,34%
  44401  2383    22183,5854  2435    22478,8310    22402,8931 21371445    0,34%
  44515  2391    22449,3619  2013    22478,8310    22402,8931 21378082    0,34%
Elapsed time = 7498,15 sec. (1264579,83 ticks, tree = 85,71 MB, solutions = 26)
  44625  2415    22458,8898  1333    22478,8310    22402,8931 21427093    0,34%
  44740  2489    22218,3542  2627    22478,8310    22402,8931 21554651    0,34%
  44843  2542    22314,7432  2033    22478,8310    22402,8931 21602232    0,34%
  44964  2563    22434,8187  2098    22478,8310    22402,8931 21631083    0,34%
  45087  2710    22470,7703  1870    22478,8310    22402,8931 21843780    0,34%
  45192  2763    22254,2824  2447    22478,8310    22402,8931 21894664    0,34%
  45301  2810    22458,9001  2305    22478,8310    22402,8931 21984635    0,34%
  45411  2811    22447,3564  2123    22478,8310    22402,8931 21991283    0,34%
  45526  2875    22475,5020  1921    22478,8310    22402,8931 22077980    0,34%
  45634  2948    22251,7359  2390    22478,8310    22402,8931 22214018    0,34%
Elapsed time = 7775,88 sec. (1302893,40 ticks, tree = 102,41 MB, solutions = 26)
  45737  2997    22371,6525  2130    22478,8310    22402,8931 22292941    0,34%
  45848  2983    22297,4362  2185    22478,8310    22402,8931 22278773    0,34%
  45968  3093    22373,3348  1945    22478,8310    22402,8931 22474477    0,34%
  46092  3112    22426,0386  2283    22478,8310    22402,8931 22505969    0,34%
  46194  3173    22465,0371  2263    22478,8310    22402,8931 22590412    0,34%
  46313  3241        cutoff          22478,8310    22402,8931 22696674    0,34%
  46426  3239    22453,6167  2364    22478,8310    22402,8931 22687391    0,34%
  46542  3285    22346,5010  2353    22478,8310    22402,8931 22803026    0,34%
  46659  3308    22474,0790  1787    22478,8310    22402,8931 22838885    0,34%
  46781  3410    22290,2240  2256    22478,8310    22402,8931 23003719    0,34%
Elapsed time = 8053,43 sec. (1341418,37 ticks, tree = 114,48 MB, solutions = 26)
  46910  3449        cutoff          22478,8310    22402,8931 23101856    0,34%
  47049  3489        cutoff          22478,8310    22402,8931 23136440    0,34%
  47172  3504    22452,3023  2284    22478,8310    22402,8931 23169014    0,34%
  47295  3607    22303,3563  2077    22478,8310    22402,8931 23341198    0,34%
  47400  3614    22434,1970  1705    22478,8310    22402,8931 23348786    0,34%
  47517  3662    22365,6449  2349    22478,8310    22402,8931 23496563    0,34%
  47640  3686        cutoff          22478,8310    22402,8931 23533167    0,34%
  47747  3694        cutoff          22478,8310    22402,8931 23567927    0,34%
  47852  3710        cutoff          22478,8310    22402,8931 23649388    0,34%
  47964  3817    22379,9557  1982    22478,8310    22402,8931 23886999    0,34%
Elapsed time = 8331,09 sec. (1379760,37 ticks, tree = 122,18 MB, solutions = 26)
  48095  3799    22410,1832  1938    22478,8310    22402,8931 23782776    0,34%
  48222  3840    22428,9300  1897    22478,8310    22402,8931 23960157    0,34%
  48338  3899        cutoff          22478,8310    22402,8931 24124995    0,34%
  48464  3911    22449,2168  2281    22478,8310    22402,8931 24158444    0,34%
  48587  3925        cutoff          22478,8310    22402,8931 24181841    0,34%
  48726  3980    22418,0165  2185    22478,8310    22402,8931 24308206    0,34%
  48848  4055    22338,9929  2140    22478,8310    22402,8931 24467347    0,34%
  48974  4027    22446,7710  1829    22478,8310    22402,8931 24428411    0,34%
  49104  4057    22462,6555  1875    22478,8310    22402,8931 24466418    0,34%
  49209  4085    22438,7687  2146    22478,8310    22402,8931 24635067    0,34%
Elapsed time = 8602,94 sec. (1418145,42 ticks, tree = 128,54 MB, solutions = 26)
  49302  4086    22440,8904  1897    22478,8310    22402,8931 24605995    0,34%
  49404  4112        cutoff          22478,8310    22402,8931 24715200    0,34%
  49509  4153    22444,7400  2102    22478,8310    22402,8931 24961115    0,34%
  49663  4143    22460,5540  1936    22478,8310    22402,8931 25021853    0,34%
  49796  4176    22427,5754  1937    22478,8310    22402,8931 25101954    0,34%
  49924  4139    22373,4860  2110    22478,8310    22402,8931 25035565    0,34%
  50050  4248    22447,7904  1810    22478,8310    22402,8931 25297326    0,34%
  50182  4261    22361,2691  2243    22478,8310    22402,8931 25354642    0,34%
  50313  4282    22468,9048  1784    22478,8310    22402,8931 25408992    0,34%
  50432  4297    22369,1566  2113    22478,8310    22402,8931 25448343    0,34%
Elapsed time = 8878,18 sec. (1456712,13 ticks, tree = 133,14 MB, solutions = 26)
  50557  4309    22440,4884  2367    22478,8310    22402,8931 25506416    0,34%
  50673  4330    22393,0066  2112    22478,8310    22402,8931 25616568    0,34%
  50798  4391    22398,1919  2033    22478,8310    22402,8931 25797325    0,34%
  50930  4414    22350,2913  2242    22478,8310    22402,8931 25835052    0,34%
  51070  4422    22477,3628  2037    22478,8310    22402,8931 25865696    0,34%
  51217  4456    22468,1147  1819    22478,8310    22402,8931 25979814    0,34%
  51357  4495    22476,7725  2357    22478,8310    22402,8931 26144941    0,34%
  51501  4547        cutoff          22478,8310    22402,8931 26266956    0,34%
  51627  4551    22442,4661  1999    22478,8310    22402,8931 26327946    0,34%
  51768  4531        cutoff          22478,8310    22402,8931 26222001    0,34%
Elapsed time = 9148,79 sec. (1495077,91 ticks, tree = 136,98 MB, solutions = 26)
  51903  4585        cutoff          22478,8310    22402,8931 26394779    0,34%
  52050  4598        cutoff          22478,8310    22402,8931 26478656    0,34%
  52178  4621        cutoff          22478,8310    22402,8931 26529450    0,34%
  52304  4654    22428,3298  2143    22478,8310    22402,8931 26708727    0,34%
  52442  4668    22417,8025  2025    22478,8310    22402,8931 26758439    0,34%
  52576  4657        cutoff          22478,8310    22402,8931 26985722    0,34%
  52725  4661    22390,0433  1994    22478,8310    22402,8931 26830923    0,34%
  52870  4666        cutoff          22478,8310    22402,8931 27018682    0,34%
  53011  4716    22405,0833  2244    22478,8310    22402,8931 27177718    0,34%
  53160  4717    22388,9266  2226    22478,8310    22402,8931 27206409    0,34%
Elapsed time = 9420,66 sec. (1533635,91 ticks, tree = 140,47 MB, solutions = 26)
  53313  4701    22357,1196  1734    22478,8310    22402,8931 27173843    0,34%
  53465  4749        cutoff          22478,8310    22402,8931 27316641    0,34%
  53610  4753        cutoff          22478,8310    22402,8931 27324024    0,34%
  53740  4771    22397,1830  2464    22478,8310    22402,8931 27619046    0,34%
  53890  4782        cutoff          22478,8310    22402,8931 27666031    0,34%
  54020  4783        cutoff          22478,8310    22402,8931 27692917    0,34%
  54167  4787        cutoff          22478,8310    22402,8931 27855368    0,34%
  54306  4786        cutoff          22478,8310    22402,8931 28017289    0,34%
  54435  4799    22458,8112  2092    22478,8310    22402,8931 27977958    0,34%
  54584  4793    22401,0966  1997    22478,8310    22402,8931 28006982    0,34%
Elapsed time = 9696,13 sec. (1572107,79 ticks, tree = 138,62 MB, solutions = 26)
  54742  4794        cutoff          22478,8310    22402,8931 28014134    0,34%
  54907  4749        cutoff          22478,8310    22402,8931 28392360    0,34%
  55070  4776    22379,5860  1857    22478,8310    22402,8931 28230429    0,34%
  55215  4755    22474,6352  1957    22478,8310    22402,8931 28505548    0,34%
  55374  4734    22393,8506  2240    22478,8310    22402,8931 28431919    0,34%
  55530  4731    22439,3193  2091    22478,8310    22402,8931 28458423    0,34%
  55674  4737    22400,2451  1951    22478,8310    22402,8931 28613071    0,34%
  55820  4692        cutoff          22478,8310    22402,8931 28828096    0,34%
  55966  4675        cutoff          22478,8310    22402,8931 28901209    0,34%
  56124  4658        cutoff          22478,8310    22402,8931 28923494    0,34%
Elapsed time = 9961,86 sec. (1610504,99 ticks, tree = 134,08 MB, solutions = 26)
  56279  4639    22448,2573  1588    22478,8310    22402,8931 29035959    0,34%
  56454  4622        cutoff          22478,8310    22402,8931 29105054    0,34%
  56625  4590        cutoff          22478,8310    22402,8931 29294588    0,34%
  56783  4596        cutoff          22478,8310    22402,8931 29277928    0,34%
  56943  4535    22432,6909  1847    22478,8310    22402,8931 29425226    0,34%
  57117  4484        cutoff          22478,8310    22402,8931 29542874    0,34%
  57267  4492    22438,2748  2534    22478,8310    22402,8931 29539876    0,34%
  57417  4389    22382,9832  1964    22478,8310    22402,8931 29693704    0,34%
  57574  4316        cutoff          22478,8310    22402,8931 29852797    0,34%
  57737  4262        cutoff          22478,8310    22402,8931 29925270    0,34%
Elapsed time = 10221,38 sec. (1649037,68 ticks, tree = 117,44 MB, solutions = 26)
  57899  4232        cutoff          22478,8310    22402,8931 29975803    0,34%
  58062  4188    22472,0535  1817    22478,8310    22402,8931 30057021    0,34%
  58249  4141        cutoff          22478,8310    22402,8931 30150606    0,34%
  58447  4055    22397,0585  1915    22478,8310    22402,8931 30290680    0,34%
  58633  4049        cutoff          22478,8310    22402,8931 30313245    0,34%
  58812  3798        cutoff          22478,8310    22402,8931 30588422    0,34%
  58978  3815    22422,0276  1815    22478,8310    22402,8931 30581116    0,34%
  59179  3856    22455,5678  1492    22478,8310    22402,8931 30546603    0,34%
  59378  3618        cutoff          22478,8310    22402,8931 30808201    0,34%
  59586  3593    22436,4832  1793    22478,8310    22402,8931 30828378    0,34%
Elapsed time = 10465,70 sec. (1687342,18 ticks, tree = 95,80 MB, solutions = 26)
  59780  3442        cutoff          22478,8310    22402,8931 31027585    0,34%
  60009  3348        cutoff          22478,8310    22402,8931 31132258    0,34%
  60218  3296        cutoff          22478,8310    22402,8931 31160614    0,34%
  60451  3140        cutoff          22478,8310    22402,8931 31317187    0,34%
  60695  3063        cutoff          22478,8310    22402,8931 31380588    0,34%
  60941  2860        cutoff          22478,8310    22404,8102 31528589    0,33%
  61206  2685        cutoff          22478,8310    22409,6441 31653949    0,31%
  61471  2500        cutoff          22478,8310    22412,6511 31780204    0,29%
  61766  2315        cutoff          22478,8310    22416,0431 31879829    0,28%
  62077  2008        cutoff          22478,8310    22420,9118 32028448    0,26%
Elapsed time = 10716,08 sec. (1725670,96 ticks, tree = 42,37 MB, solutions = 26)
  62455  1814        cutoff          22478,8310    22426,3574 32114189    0,23%
  62843  1568        cutoff          22478,8310    22433,7558 32207288    0,20%
  63346   983        cutoff          22478,8310    22442,7196 32376377    0,16%
  64121   266        cutoff          22478,8310    22457,1671 32498641    0,10%

Cover cuts applied:  6
Mixed integer rounding cuts applied:  7
Zero-half cuts applied:  162
Lift and project cuts applied:  49
Gomory fractional cuts applied:  2

Root node processing (before b&c):
  Real time             =   49,13 sec. (24426,97 ticks)
Parallel b&c, 12 threads:
  Real time             = 10760,35 sec. (1717283,19 ticks)
  Sync time (average)   = 1177,38 sec.
  Wait time (average)   =    0,11 sec.
                          ------------
Total (root+branch&cut) = 10809,48 sec. (1741710,17 ticks)

