
Version identifier: 22.1.1.0 | 2022-11-28 | 9160aff4d
CPXPARAM_MultiObjective_Display                  0
CPXPARAM_TimeLimit                               2000000
CPXPARAM_WorkMem                                 8192
CPXPARAM_DetTimeLimit                            2000000
Tried aggregator 3 times.
MIP Presolve eliminated 140249 rows and 1080941 columns.
Aggregator did 1448 substitutions.
Reduced MIP has 6296 rows, 38023 columns, and 82713 nonzeros.
Reduced MIP has 37993 binaries, 30 generals, 0 SOSs, and 0 indicators.
Presolve time = 0,92 sec. (664,70 ticks)
Found incumbent of value 194910,957618 after 1,10 sec. (816,04 ticks)
Tried aggregator 2 times.
Detecting symmetries...
Aggregator did 15 substitutions.
Reduced MIP has 6281 rows, 38008 columns, and 82683 nonzeros.
Reduced MIP has 37993 binaries, 15 generals, 0 SOSs, and 0 indicators.
Presolve time = 0,08 sec. (75,86 ticks)
Probing time = 0,10 sec. (16,83 ticks)
Clique table members: 45614.
MIP emphasis: balance optimality and feasibility.
MIP search method: dynamic search.
Parallel mode: deterministic, using up to 12 threads.
Root relaxation solution time = 1,17 sec. (650,91 ticks)

        Nodes                                         Cuts/
   Node  Left     Objective  IInf  Best Integer    Best Bound    ItCnt     Gap

*     0+    0                       194910,9576 -2295023,5810              --- 
*     0+    0                       173336,7636 -2295023,5810              --- 
*     0+    0                       173319,5646 -2295023,5810              --- 
*     0+    0                       173302,3656 -2295023,5810              --- 
*     0+    0                       173285,1666 -2295023,5810              --- 
*     0+    0                       173269,0476 -2295023,5810              --- 
*     0+    0                       173253,2526 -2295023,5810              --- 
*     0+    0                       173237,4576 -2295023,5810              --- 
*     0+    0                       173221,6626 -2295023,5810              --- 
*     0+    0                       173205,8676 -2295023,5810              --- 
      0     0    11458,8831  2446   173205,8676    11458,8831       47   93,38%
      0     0    11480,4571  2485   173205,8676      Cuts: 12      870   93,37%
*     0+    0                       112390,6228    11480,4571            89,79%
*     0+    0                        33304,3078    11480,4571            65,53%
      0     0    11496,9711  2593    33304,3078  ZeroHalf: 14     1666   65,48%
      0     0    11506,7207  2697    33304,3078  ZeroHalf: 15     2179   65,45%
*     0+    0                        29563,8268    11506,7207            61,08%
      0     0  -1,00000e+75     0    29563,8268    11506,7207     2179   61,08%
      0     0    11519,0752  2623    29563,8268  ZeroHalf: 13     2817   61,04%
      0     0    11521,1539  2618    29563,8268   ZeroHalf: 2     3060   61,03%
Detecting symmetries...
      0     0    11523,9791  2775    29563,8268   ZeroHalf: 4     3255   61,02%
      0     0    11524,8485  2794    29563,8268   ZeroHalf: 3     3419   61,02%
      0     0    11525,2671  2770    29563,8268   ZeroHalf: 4     3493   61,02%
      0     0    11525,5912  2707    29563,8268   ZeroHalf: 3     3596   61,01%
      0     0    11526,6997  2822    29563,8268   ZeroHalf: 5     3817   61,01%
*     0+    0                        17279,5385    11526,6997            33,29%
      0     0    11527,0552  2707    17279,5385   ZeroHalf: 3     3928   33,29%
Detecting symmetries...
      0     2    11527,0552  2707    17279,5385    11527,0552     3928   33,29%
Elapsed time = 36,75 sec. (18225,53 ticks, tree = 0,02 MB, solutions = 14)
      1     3    11535,9034  2573    17279,5385    11527,0730     4908   33,29%
      2     3    11539,7669  2831    17279,5385    11527,0730     5027   33,29%
      4     5    11556,4167  2768    17279,5385    11535,9261     6794   33,24%
      6     4    11574,5309  2401    17279,5385    11535,9388     6630   33,24%
     10     7    11586,5249  2686    17279,5385    11535,9388     8354   33,24%
     12    12    11598,3960  2587    17279,5385    11556,4282    13899   33,12%
     16     8    11619,3586  2413    17279,5385    11562,4988    10495   33,09%
     18     9    11599,9387  2286    17279,5385    11562,4988    12044   33,09%
     23    10    11617,6779  2425    17279,5385    11562,4988    13081   33,09%
     34    22    11632,6547  2397    17279,5385    11583,7475    26520   32,96%
Elapsed time = 59,64 sec. (23053,04 ticks, tree = 0,05 MB, solutions = 14)
*    39+   10                        17214,2497    11583,7475            32,71%
     45    35    11675,2806  2186    17214,2497    11583,7475    42509   32,71%
     58    49    11838,4084  1977    17214,2497    11583,7475    60165   32,71%
     72    59    11627,7014  2352    17214,2497    11583,7475    72204   32,71%
     83    63    11780,6345  2338    17214,2497    11583,7475    75415   32,71%
     93    67    11842,3541  1949    17214,2497    11583,7475    82347   32,71%
    104    87    11937,3544  2509    17214,2497    11583,7475   110269   32,71%
    116    72    11789,6579  2097    17214,2497    11583,7475    89197   32,71%
*   121+   94                        15150,4027    11583,7475            23,54%
*   129+   86                        14304,8683    11583,7475            19,02%
*   132+   92                        12802,1759    11583,7475             9,52%
    135   120    11958,5529  1657    12802,1759    11583,7475   160928    9,52%
    155   125    11890,6206  1604    12802,1759    11583,7475   164306    9,52%
    184   143    12010,0886  1206    12802,1759    11583,7475   176678    9,52%
Elapsed time = 134,60 sec. (33705,12 ticks, tree = 2,95 MB, solutions = 18)
    212   159    12306,5371  1281    12802,1759    11583,7475   189687    9,52%
    245   205    12089,4402  1150    12802,1759    11583,7475   214852    9,52%
*   277   230      integral     0    12788,0927    11583,7475   231184    9,42%
    284   235    12199,4091   768    12788,0927    11583,7475   235006    9,42%
*   307   234      integral     0    12247,5034    11583,7475   236330    5,42%
    331   255    12559,5749   852    12247,5034    11583,7475   246220    5,42%
    357   282    12322,6736  1551    12247,5034    11587,6308   267519    5,39%
    375   253    11640,1829  2421    12247,5034    11587,6308   290710    5,39%
    389   251    11647,0438  2421    12247,5034    11587,6308   301617    5,39%
    407   265    11688,3491  2242    12247,5034    11599,9622   336434    5,29%
    434   273    11781,4088  2174    12247,5034    11614,7439   345036    5,17%
Elapsed time = 205,72 sec. (43252,80 ticks, tree = 5,77 MB, solutions = 21)
    456   303    11895,4876  1909    12247,5034    11614,7439   375506    5,17%
    479   281    11934,6498  1628    12247,5034    11614,7439   358104    5,17%
    513   335    11961,2817  1391    12247,5034    11614,7439   398586    5,17%
    550   360    11996,0757  1399    12247,5034    11614,7439   419516    5,17%
    591   397    12074,7254  1179    12247,5034    11614,7439   443494    5,17%
    637   405    12201,4240  1259    12247,5034    11614,7439   450093    5,17%
*   670   458      integral     0    12217,3580    11614,7439   474477    4,93%
    680   420    11671,9206  1950    12217,3580    11614,7439   459299    4,93%
    704   464    12027,1410  1357    12217,3580    11619,4655   486968    4,89%
    729   468    11976,5411  1991    12217,3580    11619,4655   494505    4,89%
    763   522    11747,6837  2156    12217,3580    11638,4160   549409    4,74%
Elapsed time = 280,30 sec. (53064,76 ticks, tree = 16,38 MB, solutions = 22)
    792   520    12048,4777  1618    12217,3580    11638,4160   546106    4,74%
    828   568    11879,8768  1664    12217,3580    11638,4160   584163    4,74%
    857   521    11938,1781  2040    12217,3580    11638,4160   544453    4,74%
    895   618    12033,9672  2046    12217,3580    11638,4160   620799    4,74%
    928   595    12146,2591  1610    12217,3580    11638,4160   606324    4,74%
    964   603        cutoff          12217,3580    11638,4160   613103    4,74%
    993   603    11764,4319  1732    12217,3580    11639,4144   614763    4,73%
   1022   664    12184,7634  1825    12217,3580    11640,0491   657637    4,73%
   1053   647    11728,1564  2282    12217,3580    11640,0491   643257    4,73%
   1087   731    11976,3640  2138    12217,3580    11651,8667   711702    4,63%
Elapsed time = 352,51 sec. (62894,84 ticks, tree = 28,92 MB, solutions = 22)
   1118   769    12168,9689  1595    12217,3580    11652,7607   735295    4,62%
   1145   786    11780,8655  2306    12217,3580    11654,2637   749848    4,61%
   1175   780    11895,6570  2109    12217,3580    11654,2637   743245    4,61%
   1210   794    11901,3162  1989    12217,3580    11654,2637   753069    4,61%
   1240   803    11701,2301  2265    12217,3580    11657,1268   766159    4,59%
   1269   820    12095,7392  1427    12217,3580    11657,1268   777095    4,59%
   1307   862    12215,1023  1953    12217,3580    11657,1268   815119    4,59%
   1337   911    11927,2487  1523    12217,3580    11657,1268   849795    4,59%
   1369   949    12215,7049  1082    12217,3580    11657,7551   875076    4,58%
   1399   998    11858,8352  2233    12217,3580    11662,1377   915544    4,54%
Elapsed time = 426,89 sec. (72830,78 ticks, tree = 45,02 MB, solutions = 22)
   1426   972    11964,0617  2074    12217,3580    11662,7152   895463    4,54%
   1464  1017    11996,5236  1558    12217,3580    11662,7152   926091    4,54%
   1497  1021    12202,8111  1311    12217,3580    11662,8185   928357    4,54%
   1537   952    12209,4612  1752    12217,3580    11662,8185   877164    4,54%
   1569   995    11761,2483  2170    12217,3580    11671,1413   914211    4,47%
   1603  1096    12168,8104  1653    12217,3580    11671,1413   987766    4,47%
   1643  1132    11940,7939  1694    12217,3580    11671,1413  1016242    4,47%
   1679  1098    11764,7707  2270    12217,3580    11671,1413   991423    4,47%
   1710  1077    12000,7313  1184    12217,3580    11671,1413   975669    4,47%
   1748  1224    11810,4401  2111    12217,3580    11671,1413  1093842    4,47%
Elapsed time = 502,96 sec. (82812,14 ticks, tree = 60,26 MB, solutions = 22)
   1802  1226    11885,6850  2120    12217,3580    11675,6275  1095435    4,43%
   1833  1277    11767,5049  1691    12217,3580    11675,6275  1132928    4,43%
   1862  1313    12135,7488  1467    12217,3580    11676,3386  1154039    4,43%
   1892  1194    11967,3465  2048    12217,3580    11676,3386  1064470    4,43%
   1929  1305    12102,5302  1761    12217,3580    11678,2768  1146522    4,41%
   1969  1405    11920,6103  1913    12217,3580    11681,7316  1219222    4,38%
   1991  1349    11813,9659  1927    12217,3580    11681,7316  1183314    4,38%
   2022  1431    11753,1034  2236    12217,3580    11681,7316  1235749    4,38%
   2055  1445    12110,2658  1841    12217,3580    11681,9518  1247637    4,38%
   2095  1485    11952,0682  1876    12217,3580    11681,9518  1275906    4,38%
Elapsed time = 576,07 sec. (92580,85 ticks, tree = 77,08 MB, solutions = 22)
   2132  1488    12066,1864  1686    12217,3580    11683,6194  1277753    4,37%
   2170  1558    11775,9134  2346    12217,3580    11683,6194  1330704    4,37%
   2202  1560    11826,8512  2250    12217,3580    11687,1885  1332280    4,34%
   2231  1512    11800,5539  2181    12217,3580    11688,3521  1297601    4,33%
   2268  1592    12128,0429  1262    12217,3580    11688,3521  1352925    4,33%
   2299  1595    11699,3442  2141    12217,3580    11690,9436  1355097    4,31%
   2317  1587    12082,5324  1770    12217,3580    11690,9436  1348630    4,31%
   2333  1674    12006,5455  1777    12217,3580    11690,9436  1411393    4,31%
   2350  1675    12057,8579  1729    12217,3580    11690,9436  1412148    4,31%
   2363  1656    12020,2049  2005    12217,3580    11690,9436  1394638    4,31%
Elapsed time = 660,86 sec. (102671,23 ticks, tree = 88,77 MB, solutions = 22)
   2377  1745    12154,2367  1483    12217,3580    11692,4858  1463051    4,30%
   2392  1748        cutoff          12217,3580    11692,4858  1463929    4,30%
   2406  1783    11867,5029  1638    12217,3580    11692,4858  1488629    4,30%
   2418  1784    11877,1314  1649    12217,3580    11692,4858  1488967    4,30%
   2428  1777    11873,0440  1702    12217,3580    11694,5068  1483788    4,28%
   2443  1786    11929,0053  1444    12217,3580    11694,5068  1489857    4,28%
   2468  1791    12176,6996  1712    12217,3580    11694,5068  1493728    4,28%
   2504  1795    12044,2954  1414    12217,3580    11695,6105  1495943    4,27%
   2538  1849    12087,3257  1248    12217,3580    11695,6105  1531050    4,27%
   2654  1860    12044,3579  1487    12217,3580    11697,3820  1538502    4,26%
Elapsed time = 766,43 sec. (115381,93 ticks, tree = 93,57 MB, solutions = 22)
   2759  1922    11983,8662  1592    12217,3580    11700,7688  1588935    4,23%
   2890  2095    12163,5197  1419    12217,3580    11701,2102  1735360    4,22%
   3031  2116    12121,6552  1697    12217,3580    11701,4842  1752117    4,22%
   3189  2175    11889,5439  1846    12217,3580    11704,8451  1807048    4,19%
   3345  2422    11941,7153  1522    12217,3580    11707,1073  1978057    4,18%
   3490  2345    11756,2939  2263    12217,3580    11708,8042  1929131    4,16%
   3641  2607    12022,9648  1739    12217,3580    11713,1168  2112723    4,13%
   3794  2642    12019,1509  1820    12217,3580    11715,3320  2139925    4,11%
   3839  2700    11812,1347  1850    12217,3580    11715,3320  2184821    4,11%

Performing restart 1

Repeating presolve.
Tried aggregator 3 times.
MIP Presolve eliminated 655 rows and 10877 columns.
Aggregator did 156 substitutions.
Reduced MIP has 5470 rows, 26975 columns, and 59974 nonzeros.
Reduced MIP has 26960 binaries, 15 generals, 0 SOSs, and 0 indicators.
Presolve time = 0,07 sec. (59,70 ticks)
Tried aggregator 2 times.
MIP Presolve eliminated 77 rows and 659 columns.
Aggregator did 24 substitutions.
Reduced MIP has 5369 rows, 26292 columns, and 58544 nonzeros.
Reduced MIP has 26277 binaries, 15 generals, 0 SOSs, and 0 indicators.
Presolve time = 0,09 sec. (72,33 ticks)
Tried aggregator 1 time.
Reduced MIP has 5369 rows, 26292 columns, and 58544 nonzeros.
Reduced MIP has 26277 binaries, 15 generals, 0 SOSs, and 0 indicators.
Presolve time = 0,06 sec. (44,07 ticks)
Represolve time = 2,37 sec. (1630,46 ticks)
   3841     0    11544,0145  2847    12217,3580   ZeroHalf: 4  2326879    4,09%
   3841     0    11545,9801  2798    12217,3580   ZeroHalf: 4  2327080    4,09%
   3841     0    11546,5517  2809    12217,3580   ZeroHalf: 2  2327181    4,09%
   3841     0    11555,0253  2791    12217,3580  ZeroHalf: 17  2327668    4,09%
   3841     0    11558,5038  2855    12217,3580   ZeroHalf: 9  2328015    4,09%
   3841     0    11562,8534  2861    12217,3580   ZeroHalf: 4  2328311    4,09%
   3841     2    11562,8534  2861    12217,3580    11717,8477  2328311    4,09%
Elapsed time = 1044,36 sec. (182637,58 ticks, tree = 0,02 MB, solutions = 22)
   3846     6    11600,7347  2660    12217,3580    11717,8477  2333546    4,09%
   3874    27    11729,4411  2229    12217,3580    11717,8477  2393615    4,09%
   3925    64    12027,3451  2110    12217,3580    11717,8477  2459021    4,09%
   3989   113    11853,8085  2269    12217,3580    11717,8477  2535220    4,09%
   4085   172        cutoff          12217,3580    11717,8477  2579390    4,09%
   4195   243    11814,7764  2349    12217,3580    11717,8477  2623695    4,09%
   4334   389    11957,2707  1992    12217,3580    11717,8477  2744041    4,09%
   4444   448    11746,1626  2174    12217,3580    11717,8477  2782154    4,09%
   4584   538    11709,2906  2388    12217,3580    11717,8477  2845713    4,09%
   4775   761    12199,9382  1684    12217,3580    11717,8477  2967123    4,09%
Elapsed time = 1261,95 sec. (221489,46 ticks, tree = 22,37 MB, solutions = 22)
   4971   885    11709,6122  2371    12217,3580    11717,8477  3032858    4,09%
   5168   937    11911,7263  1545    12217,3580    11717,8477  3055654    4,09%
   5262  1032    11815,6973  2370    12217,3580    11717,8477  3116584    4,09%
   5465  1247    11987,4068  1657    12217,3580    11717,8477  3208971    4,09%
   5724  1480    11795,7462  1903    12217,3580    11717,8477  3315676    4,09%
   6017  1663    11890,2279  1750    12217,3580    11717,8477  3384691    4,09%
   6250  1832    12035,6519  1704    12217,3580    11717,8477  3460115    4,09%
   6420  2039    11901,2159  2226    12217,3580    11717,8477  3562150    4,09%
   6632  2085    12136,1300  1209    12217,3580    11717,8477  3587439    4,09%
   6834  2353    12144,1359  1708    12217,3580    11717,8477  3720217    4,09%
Elapsed time = 1500,17 sec. (259751,47 ticks, tree = 101,62 MB, solutions = 22)
   7024  2449    12099,4533  1746    12217,3580    11717,8477  3780178    4,09%
   7168  2583    12138,2620  1763    12217,3580    11717,8477  3848140    4,09%
   7347  2731    11883,3611  2164    12217,3580    11717,8477  3934463    4,09%
   7504  2807    12076,4714  1579    12217,3580    11717,8477  3970378    4,09%
   7654  2991    12016,8131  1753    12217,3580    11717,8477  4044512    4,09%
   7872  3086    12197,5700  1374    12217,3580    11717,8477  4099105    4,09%
   8093  3351    12137,3405  1368    12217,3580    11717,8477  4220619    4,09%
   8262  3578    11888,1935  2235    12217,3580    11717,8477  4321931    4,09%
   8414  3738    12096,0530  1539    12217,3580    11717,8477  4420223    4,09%
   8580  3750    11948,0772  2288    12217,3580    11717,8477  4434176    4,09%
Elapsed time = 1740,63 sec. (298099,10 ticks, tree = 148,17 MB, solutions = 22)
   8729  3841    12068,2111  2100    12217,3580    11717,8477  4487171    4,09%
   8826  3972    12098,6691  1842    12217,3580    11717,8477  4589177    4,09%
   8926  4085    12012,2922  1668    12217,3580    11717,8477  4670453    4,09%
   9067  4111    11998,3629  1730    12217,3580    11717,8477  4693404    4,09%
   9251  4186        cutoff          12217,3580    11717,8477  4775456    4,09%
   9395  4298    12126,0723  1946    12217,3580    11717,8477  4842214    4,09%
   9626  4584        cutoff          12217,3580    11721,3821  5013088    4,06%
   9759  4655    11902,0392  1982    12217,3580    11722,5886  5045650    4,05%
   9949  4825    12189,5913  1429    12217,3580    11723,8179  5146075    4,04%
  10072  4977    12106,5215  1827    12217,3580    11724,1070  5237461    4,04%
Elapsed time = 1984,69 sec. (336560,65 ticks, tree = 200,96 MB, solutions = 22)
  10162  4977    12047,8018  1615    12217,3580    11724,3781  5234957    4,04%
  10277  5068    12042,4256  2012    12217,3580    11724,3781  5308354    4,04%
  10358  5164    11864,2666  2158    12217,3580    11726,4601  5405054    4,02%
  10494  5242    11912,5424  1944    12217,3580    11727,8977  5459604    4,01%
* 10628  5268      integral     0    12167,3862    11728,3634  5491990    3,61%
  10778  5366    12138,6274  1811    12167,3862    11730,4640  5542149    3,59%
  10891  4816    11967,9219  1911    12167,3862    11733,8208  5631553    3,56%
  11030  4952    11994,1060  1982    12167,3862    11737,7773  5770153    3,53%
  11148  4959        cutoff          12167,3862    11738,2537  5778086    3,53%
  11244  5141    12007,6363  2163    12167,3862    11738,2537  5931229    3,53%
Elapsed time = 2224,83 sec. (374262,11 ticks, tree = 207,34 MB, solutions = 23)
  11362  5162    11822,2456  2446    12167,3862    11740,2328  5958222    3,51%
  11500  5293    12043,9301  1857    12167,3862    11743,5400  6078728    3,48%
  11604  5372    12108,7419  1563    12167,3862    11743,5400  6148561    3,48%
  11701  5408    12151,1299  2454    12167,3862    11743,5400  6184951    3,48%
  11786  5504        cutoff          12167,3862    11748,9551  6259639    3,44%
  11884  5543    12092,6714  1812    12167,3862    11749,5463  6290096    3,43%
  11992  5593    11878,9630  2279    12167,3862    11750,2433  6349165    3,43%
  12087  5696    12151,2379  1585    12167,3862    11753,7205  6466314    3,40%
  12200  5759    12108,7006  1216    12167,3862    11755,2699  6527253    3,39%
  12322  5802    11886,7381  2363    12167,3862    11756,3108  6589162    3,38%
Elapsed time = 2473,26 sec. (412662,12 ticks, tree = 224,81 MB, solutions = 23)
  12477  5873        cutoff          12167,3862    11757,3991  6646718    3,37%
  12577  5874    11996,5296  2253    12167,3862    11757,3991  6661089    3,37%
  12668  6028    11841,1980  2742    12167,3862    11762,1905  6771824    3,33%
  12755  6145    11893,2649  2465    12167,3862    11762,5050  6893698    3,33%
  12846  6179    12084,7025  1707    12167,3862    11765,2044  6909676    3,31%
  12947  6303    12067,4276  1787    12167,3862    11765,6416  7033338    3,30%
  13071  6303    11952,0425  2259    12167,3862    11765,6416  7044449    3,30%
  13178  6351    12030,3647  1959    12167,3862    11766,4070  7099080    3,30%
  13285  6497    12160,7065  2027    12167,3862    11771,1371  7242996    3,26%
  13416  6503    12041,0337  2174    12167,3862    11771,8157  7249596    3,25%
Elapsed time = 2722,04 sec. (451299,11 ticks, tree = 252,95 MB, solutions = 23)
  13543  6679    12067,4922  1850    12167,3862    11773,6485  7427995    3,24%
  13667  6666    12106,3291  2122    12167,3862    11774,6350  7419345    3,23%
  13767  6762    12035,1180  1941    12167,3862    11775,0374  7532371    3,22%
  13878  6834    12145,6019  2313    12167,3862    11778,7800  7612782    3,19%
  13976  6951    12038,2854  2344    12167,3862    11780,4174  7723555    3,18%
  14064  7028    12100,0755  1937    12167,3862    11782,5427  7796656    3,16%
  14178  7029    12101,5254  2214    12167,3862    11782,5427  7803827    3,16%
  14289  7194    12151,7532  1486    12167,3862    11782,5576  7961657    3,16%
  14384  7173    12138,7324  1625    12167,3862    11786,3207  7954478    3,13%
  14453  7256    12097,3316  1872    12167,3862    11787,2192  8043393    3,12%
Elapsed time = 2985,51 sec. (489996,73 ticks, tree = 276,90 MB, solutions = 23)
  14541  7285    12064,1917  1952    12167,3862    11787,6622  8086009    3,12%
  14612  7374    12047,2630  2414    12167,3862    11787,7265  8161555    3,12%
* 14672+ 7355                        12166,3410    11787,7265             3,11%
  14718  7413    11964,8421  2212    12166,3410    11787,7265  8216624    3,11%
  14820  7485    12106,6252  1380    12166,3410    11790,9362  8275047    3,09%
  14957  7504    12163,2109  1456    12166,3410    11790,9362  8294175    3,09%
  15033  7660    12079,8575  1678    12166,3410    11795,0394  8462693    3,05%
* 15037  7659      integral     0    12102,5676    11795,0394  8463125    2,54%
  15128  7561    12165,5158  1766    12102,5676    11795,3877  8380340    2,54%
* 15183+ 5701                        12101,5224    11796,0335             2,52%
  15210  5658        cutoff          12101,5224    11796,2205  8491901    2,52%
  15315  5722    11873,2278  2440    12101,5224    11796,5249  8700200    2,52%
  15389  5713    12047,4938  1959    12101,5224    11796,5249  8633882    2,52%
Elapsed time = 3235,58 sec. (528552,52 ticks, tree = 209,88 MB, solutions = 26)
  15494  5798    12062,4711  1995    12101,5224    11801,1620  8799911    2,48%
  15571  5832    12022,1020  1952    12101,5224    11801,5380  8883751    2,48%
  15654  5901    12043,4361  2043    12101,5224    11802,9790  8979662    2,47%
  15738  5859        cutoff          12101,5224    11806,1770  8942877    2,44%
  15825  5934        cutoff          12101,5224    11806,7516  9048547    2,44%
  15899  5986    12055,2628  1854    12101,5224    11807,8944  9161888    2,43%
  15983  5986    11950,1343  2589    12101,5224    11811,5329  9167942    2,40%
  16072  6011    12026,4886  2432    12101,5224    11812,2877  9225443    2,39%
  16181  6081    12051,0489  1586    12101,5224    11813,2261  9387121    2,38%
  16275  6086    12039,5060  1955    12101,5224    11815,2539  9377288    2,37%
Elapsed time = 3489,77 sec. (566959,04 ticks, tree = 225,10 MB, solutions = 26)
  16364  6137    11947,5945  2452    12101,5224    11815,7058  9480514    2,36%
  16459  6153    12074,8434  2201    12101,5224    11817,8324  9539239    2,34%
  16501  6287    12027,9777  1966    12101,5224    11818,9537  9724054    2,33%
  16560  6310    11987,8415  2641    12101,5224    11819,5295  9746603    2,33%
  16638  6350    11983,8021  2073    12101,5224    11821,1152  9820403    2,32%
  16700  6387        cutoff          12101,5224    11822,3355  9885876    2,31%
  16785  6359    12042,5201  2118    12101,5224    11822,4679  9832417    2,31%
  16861  6412        cutoff          12101,5224    11823,4302  9948739    2,30%
  16928  6409    12060,5762  1648    12101,5224    11824,4059  9922817    2,29%
  16996  6419    12049,2025  2122    12101,5224    11824,8855  9978072    2,29%
Elapsed time = 3749,07 sec. (605760,67 ticks, tree = 237,81 MB, solutions = 26)
  17073  6434    11925,9944  2104    12101,5224    11825,4033 10020351    2,28%
  17163  6508    11961,9205  2196    12101,5224    11826,4953 10189558    2,27%
  17248  6538    12015,8144  2119    12101,5224    11828,0082 10279714    2,26%
  17347  6555    11956,1401  2104    12101,5224    11829,7341 10334778    2,25%
  17456  6625        cutoff          12101,5224    11831,8021 10520644    2,23%
  17552  6621    12027,3746  2003    12101,5224    11833,5358 10489341    2,21%
  17672  6614    12032,4322  2327    12101,5224    11835,7906 10478167    2,20%
  17744  6700    12004,7578  2385    12101,5224    11836,6242 10618087    2,19%
  17819  6736        cutoff          12101,5224    11837,8378 10696945    2,18%
  17899  6807    12045,4298  2184    12101,5224    11839,4629 10795717    2,17%
Elapsed time = 4023,79 sec. (644480,90 ticks, tree = 253,34 MB, solutions = 26)
  17954  6822        cutoff          12101,5224    11841,3962 10821559    2,15%
  18016  6851    12063,3037  1786    12101,5224    11842,1968 10866896    2,14%
  18061  6911        cutoff          12101,5224    11844,1344 11124432    2,13%
  18128  6920    12014,6942  2178    12101,5224    11844,7064 11140914    2,12%
  18189  6925        cutoff          12101,5224    11846,7591 11159819    2,11%
  18243  6962    12028,9550  1971    12101,5224    11849,6515 11237201    2,08%
  18313  6966    12069,0135  1880    12101,5224    11850,6898 11244248    2,07%
  18406  6982        cutoff          12101,5224    11850,8308 11322905    2,07%
  18492  6992    12095,8110  1685    12101,5224    11853,3128 11345350    2,05%
  18582  6994    11991,2995  1803    12101,5224    11853,8201 11340764    2,05%
Elapsed time = 4291,85 sec. (683437,62 ticks, tree = 257,89 MB, solutions = 26)
  18672  7017        cutoff          12101,5224    11855,1807 11418666    2,04%
  18772  7142    12011,3321  2201    12101,5224    11856,1711 11654273    2,03%
  18865  7130    12011,5052  1928    12101,5224    11857,2937 11638130    2,02%
  18962  7145    12040,9391  2398    12101,5224    11857,8106 11682820    2,01%
  19032  7149    12095,7538  1834    12101,5224    11858,0972 11689560    2,01%
  19112  7221    12073,3120  1696    12101,5224    11859,8886 11887890    2,00%
  19181  7195        cutoff          12101,5224    11861,8516 11828349    1,98%
  19282  7245    12019,5919  2311    12101,5224    11862,3932 12005267    1,98%
  19377  7284    12071,6801  1569    12101,5224    11862,8697 12059718    1,97%
  19467  7298    12060,6294  1525    12101,5224    11864,5179 12066997    1,96%
Elapsed time = 4557,61 sec. (722171,36 ticks, tree = 266,96 MB, solutions = 26)
  19531  7301    12079,8049  1907    12101,5224    11866,9740 12104511    1,94%
  19589  7361    11963,5167  2626    12101,5224    11867,3606 12268788    1,93%
  19659  7369    12083,0633  1930    12101,5224    11867,8889 12250977    1,93%
  19713  7448        cutoff          12101,5224    11870,7729 12495316    1,91%
  19769  7463    12100,3803  1584    12101,5224    11870,7729 12517537    1,91%
  19830  7452    12060,0125  1864    12101,5224    11872,2430 12507357    1,89%
  19902  7457        cutoff          12101,5224    11872,3156 12529060    1,89%
  19984  7505    12019,3829  2181    12101,5224    11874,0702 12675874    1,88%
  20056  7494    12078,0900  2190    12101,5224    11875,0920 12611943    1,87%
  20133  7498    11999,7275  2084    12101,5224    11876,6086 12669055    1,86%
Elapsed time = 4817,57 sec. (760644,99 ticks, tree = 277,22 MB, solutions = 26)
  20202  7525        cutoff          12101,5224    11876,8050 12755313    1,86%
  20268  7589    12068,6813  1907    12101,5224    11877,8548 12928810    1,85%
  20351  7589    12008,2183  2170    12101,5224    11878,1724 12934918    1,85%
  20437  7561    12073,6027  1597    12101,5224    11879,3772 12871986    1,84%
  20515  7618        cutoff          12101,5224    11880,1704 13086511    1,83%
  20613  7580    12046,4314  2406    12101,5224    11880,1704 12907026    1,83%
  20693  7681    12073,9480  1736    12101,5224    11883,0721 13272648    1,81%
  20756  7641    12092,5482  1669    12101,5224    11884,4342 13163037    1,79%
  20844  7715    11995,7732  2276    12101,5224    11884,9568 13431275    1,79%
  20933  7686    12086,8915  2216    12101,5224    11885,1115 13311719    1,79%
Elapsed time = 5073,27 sec. (799238,03 ticks, tree = 281,70 MB, solutions = 26)
  20993  7742        cutoff          12101,5224    11886,8456 13596307    1,77%
  21056  7726    12084,7492  1807    12101,5224    11887,3207 13530155    1,77%
  21115  7730    12015,2945  2139    12101,5224    11887,8817 13557516    1,77%
  21171  7722        cutoff          12101,5224    11888,2006 13539274    1,76%
  21222  7767    12050,5704  1982    12101,5224    11890,4832 13674958    1,74%
  21278  7782    12018,2100  1991    12101,5224    11892,6821 13755438    1,73%
  21339  7782        cutoff          12101,5224    11892,7877 13728169    1,72%
  21397  7781    12065,5691  2496    12101,5224    11893,2055 13732320    1,72%
  21457  7813        cutoff          12101,5224    11894,1734 13926642    1,71%
  21524  7860    12074,7973  1900    12101,5224    11895,4650 14023466    1,70%
Elapsed time = 5367,25 sec. (837859,05 ticks, tree = 288,08 MB, solutions = 26)
  21608  7829    12082,9446  2287    12101,5224    11896,0552 13953581    1,70%
  21687  7830        cutoff          12101,5224    11896,7171 13975058    1,69%
  21767  7844    12094,3862  1664    12101,5224    11897,1683 13994505    1,69%
  21836  7873        cutoff          12101,5224    11898,3404 14106920    1,68%
  21918  7894        cutoff          12101,5224    11898,8679 14235168    1,67%
  22001  7904    12041,3911  2058    12101,5224    11899,9433 14312869    1,67%
  22079  7899    12054,0049  1910    12101,5224    11900,0792 14246568    1,66%
  22149  7951    12051,9810  1966    12101,5224    11901,0718 14491735    1,66%
  22205  7970    12021,0816  2158    12101,5224    11901,8133 14541991    1,65%
  22269  7987        cutoff          12101,5224    11902,3816 14638926    1,65%
Elapsed time = 5615,01 sec. (876341,32 ticks, tree = 293,62 MB, solutions = 26)
  22327  7996        cutoff          12101,5224    11902,8940 14720259    1,64%
  22389  8021    12074,4349  2159    12101,5224    11902,8940 14798332    1,64%
  22461  7993    12000,5987  2294    12101,5224    11904,3240 14732980    1,63%
  22520  8021    12009,8389  1909    12101,5224    11905,1378 14856669    1,62%
  22587  8028    12021,2624  2257    12101,5224    11906,4313 15062978    1,61%
  22636  8028    12084,6124  2060    12101,5224    11906,9792 14891647    1,61%
  22687  8036    12072,7008  1956    12101,5224    11907,4013 15094645    1,60%
  22739  8022        cutoff          12101,5224    11907,8539 15174349    1,60%
  22786  8040    12098,8016  2194    12101,5224    11909,4485 15243791    1,59%
  22841  8045    12093,7320  2284    12101,5224    11910,1818 15308920    1,58%
Elapsed time = 5905,80 sec. (915512,55 ticks, tree = 292,40 MB, solutions = 26)
  22893  8046    12094,3371  2182    12101,5224    11910,5717 15313381    1,58%
  22954  8041        cutoff          12101,5224    11911,7447 15354823    1,57%
  23016  8057    12066,1582  2280    12101,5224    11912,4574 15394271    1,56%
  23071  8039    12073,9214  2692    12101,5224    11914,7264 15435339    1,54%
  23135  8046        cutoff          12101,5224    11914,9371 15531761    1,54%
  23204  8028        cutoff          12101,5224    11915,2156 15499947    1,54%
  23277  8026    12027,0230  2327    12101,5224    11916,0935 15608173    1,53%
  23340  8066    12089,6743  2050    12101,5224    11917,1422 15707909    1,52%
  23425  8073    12039,3105  2143    12101,5224    11918,7370 15763443    1,51%
  23486  8066        cutoff          12101,5224    11919,1783 15748462    1,51%
Elapsed time = 6170,84 sec. (954321,71 ticks, tree = 295,26 MB, solutions = 26)
  23535  8101        cutoff          12101,5224    11919,1783 15958006    1,51%
  23597  8102    12052,5360  2421    12101,5224    11920,5017 16041091    1,50%
  23658  8110        cutoff          12101,5224    11921,1126 15993843    1,49%
  23712  8106    12061,1380  2054    12101,5224    11921,7261 15969247    1,49%
  23796  8114    12088,7857  2300    12101,5224    11923,0193 16212708    1,48%
  23853  8102    11965,3940  2320    12101,5224    11923,4538 16028799    1,47%
  23904  8104    12041,9945  1882    12101,5224    11923,6840 16061640    1,47%
  23963  8099        cutoff          12101,5224    11925,1753 16201319    1,46%
  24019  8132        cutoff          12101,5224    11926,7184 16447400    1,44%
  24077  8117    12071,0904  2380    12101,5224    11928,0116 16472979    1,43%
Elapsed time = 6465,79 sec. (993571,22 ticks, tree = 293,07 MB, solutions = 26)
  24152  8119    12060,1908  2494    12101,5224    11928,6610 16478440    1,43%
  24220  8128    12079,4035  2166    12101,5224    11928,9232 16401889    1,43%
  24292  8130        cutoff          12101,5224    11929,2418 16618847    1,42%
  24364  8131        cutoff          12101,5224    11930,9484 16623775    1,41%
  24436  8131        cutoff          12101,5224    11931,1610 16610888    1,41%
  24495  8154    12082,3684  1888    12101,5224    11932,5454 16676737    1,40%
  24571  8135    12073,7351  2154    12101,5224    11932,8229 16639384    1,39%
  24632  8157        cutoff          12101,5224    11932,9732 16733535    1,39%
  24687  8158    12039,9165  2304    12101,5224    11935,1936 17053970    1,37%
  24748  8162    12053,0689  1947    12101,5224    11935,7037 17110779    1,37%
Elapsed time = 6712,42 sec. (1032198,91 ticks, tree = 299,64 MB, solutions = 26)
  24818  8146        cutoff          12101,5224    11936,7653 17199050    1,36%
  24868  8151    12082,7752  1850    12101,5224    11936,9530 17040338    1,36%
  24936  8149    12068,2535  2012    12101,5224    11937,2510 17210251    1,36%
  24996  8162    12081,4865  2318    12101,5224    11937,5215 17135577    1,36%
  25061  8145    12056,4998  1929    12101,5224    11939,4383 17194688    1,34%
  25111  8142        cutoff          12101,5224    11939,8565 17200791    1,34%
  25163  8126        cutoff          12101,5224    11941,0763 17419284    1,33%
  25221  8125    12077,9790  2458    12101,5224    11941,4170 17391365    1,32%
  25270  8119    12088,1157  2166    12101,5224    11941,5927 17583350    1,32%
  25314  8111    12072,1420  2128    12101,5224    11943,0773 17613297    1,31%
Elapsed time = 6995,28 sec. (1071035,42 ticks, tree = 294,18 MB, solutions = 26)
  25376  8114        cutoff          12101,5224    11944,0871 17682234    1,30%
  25444  8079        cutoff          12101,5224    11945,0823 17868024    1,29%
  25514  8087        cutoff          12101,5224    11946,2671 17772525    1,28%
  25582  8117    12079,0910  2069    12101,5224    11946,2671 17723675    1,28%
  25647  8082        cutoff          12101,5224    11946,9888 17857915    1,28%
  25724  8084    12061,2933  2158    12101,5224    11947,8848 17863817    1,27%
  25790  8080        cutoff          12101,5224    11948,4476 17869632    1,26%
  25845  8068        cutoff          12101,5224    11949,5971 18194011    1,26%
  25911  8082        cutoff          12101,5224    11950,1222 17996242    1,25%
  25965  8097        cutoff          12101,5224    11950,1222 18029498    1,25%
Elapsed time = 7276,94 sec. (1109869,55 ticks, tree = 295,02 MB, solutions = 26)
  26023  8027        cutoff          12101,5224    11950,6250 18328336    1,25%
  26068  8035        cutoff          12101,5224    11951,4775 18278167    1,24%
  26126  8078        cutoff          12101,5224    11952,2438 18163061    1,23%
  26187  8031        cutoff          12101,5224    11954,9649 18313930    1,21%
  26239  8019        cutoff          12101,5224    11954,9649 18351166    1,21%
  26305  8016        cutoff          12101,5224    11955,3517 18356993    1,21%
  26372  7993    12004,6809  2062    12101,5224    11956,4540 18586710    1,20%
  26449  7982        cutoff          12101,5224    11957,4126 18630211    1,19%
  26505  7990    12100,3526  1567    12101,5224    11958,0847 18562928    1,19%
  26571  7951        cutoff          12101,5224    11959,3227 18764078    1,18%
Elapsed time = 7556,95 sec. (1148460,18 ticks, tree = 288,92 MB, solutions = 26)
  26622  7923        cutoff          12101,5224    11959,3227 19003113    1,18%
  26685  7924        cutoff          12101,5224    11959,6240 19037205    1,17%
  26749  7905    12064,5989  1854    12101,5224    11960,6063 19109338    1,16%
  26807  7905    12091,1458  2222    12101,5224    11961,1369 19089541    1,16%
  26869  7918        cutoff          12101,5224    11962,0292 19072318    1,15%
  26941  7874        cutoff          12101,5224    11962,0292 19256090    1,15%
  27006  7896    12088,0237  1739    12101,5224    11963,5500 19103675    1,14%
  27074  7882        cutoff          12101,5224    11964,1685 19190521    1,14%
  27123  7825    12087,9048  2361    12101,5224    11964,1685 19400159    1,14%
  27216  7816    12058,7125  2311    12101,5224    11965,6649 19454740    1,12%
Elapsed time = 7837,48 sec. (1186847,82 ticks, tree = 284,94 MB, solutions = 26)
  27284  7827        cutoff          12101,5224    11966,1444 19393516    1,12%
  27344  7850        cutoff          12101,5224    11966,7580 19374865    1,11%
  27421  7802        cutoff          12101,5224    11968,3011 19502914    1,10%
  27484  7798        cutoff          12101,5224    11968,7042 19508639    1,10%
  27551  7694        cutoff          12101,5224    11969,1090 19833929    1,09%
  27627  7747        cutoff          12101,5224    11970,5311 19603508    1,08%
  27696  7707        cutoff          12101,5224    11971,0286 19782404    1,08%
  27777  7677        cutoff          12101,5224    11972,0200 19918511    1,07%
  27838  7657        cutoff          12101,5224    11972,7040 20029223    1,06%
  27895  7657        cutoff          12101,5224    11973,9709 19967379    1,05%
Elapsed time = 8108,35 sec. (1225486,84 ticks, tree = 277,99 MB, solutions = 26)
  27969  7553        cutoff          12101,5224    11973,9709 20291827    1,05%
  28040  7563        cutoff          12101,5224    11974,9434 20273696    1,05%
  28123  7530        cutoff          12101,5224    11974,9434 20319218    1,05%
  28200  7570        cutoff          12101,5224    11975,5976 20255786    1,04%
  28284  7453        cutoff          12101,5224    11978,5995 20479396    1,02%
  28355  7438        cutoff          12101,5224    11978,5995 20508495    1,02%
  28428  7372    12099,5802  2337    12101,5224    11980,5310 20669654    1,00%
  28486  7378        cutoff          12101,5224    11980,8562 20652505    1,00%
  28566  7415        cutoff          12101,5224    11980,8562 20598867    1,00%
  28629  7368        cutoff          12101,5224    11980,8562 20662768    1,00%
Elapsed time = 8374,89 sec. (1264215,58 ticks, tree = 265,67 MB, solutions = 26)
  28706  7315    12098,7728  2174    12101,5224    11984,2498 20756871    0,97%
  28781  7345        cutoff          12101,5224    11986,2794 20711695    0,95%
  28849  7212    12085,4592  1955    12101,5224    11986,5955 20967667    0,95%
  28921  7257        cutoff          12101,5224    11987,5522 20878562    0,94%
  28994  7281        cutoff          12101,5224    11987,5522 20831129    0,94%
  29064  7152        cutoff          12101,5224    11988,3636 21093089    0,94%
  29140  7130        cutoff          12101,5224    11989,1874 21182395    0,93%
  29224  7043        cutoff          12101,5224    11992,1407 21339737    0,90%
  29298  7130    12034,2648  2103    12101,5224    11992,1407 21165886    0,90%
  29388  7132    12072,5295  2056    12101,5224    11993,0247 21172825    0,90%
Elapsed time = 8657,35 sec. (1303009,98 ticks, tree = 257,90 MB, solutions = 26)
  29456  7033        cutoff          12101,5224    11993,7877 21358580    0,89%
  29541  6971        cutoff          12101,5224    11994,6773 21501545    0,88%
  29627  6947        cutoff          12101,5224    11994,6773 21530215    0,88%
  29714  6814        cutoff          12101,5224    11998,0420 21782774    0,86%
  29797  6866    12086,9192  2569    12101,5224    11999,7747 21703161    0,84%
  29887  6770        cutoff          12101,5224    12000,6315 21820003    0,83%
  29963  6789        cutoff          12101,5224    12001,4876 21810116    0,83%
  30053  6645    12069,3087  1856    12101,5224    12004,0484 21974044    0,81%
  30135  6699        cutoff          12101,5224    12004,6019 21908813    0,80%
  30227  6644    12098,0220  1757    12101,5224    12004,6019 21982932    0,80%
Elapsed time = 8917,39 sec. (1341615,64 ticks, tree = 237,21 MB, solutions = 26)
  30315  6473    12092,8553  2185    12101,5224    12005,8330 22166575    0,79%
  30407  6427        cutoff          12101,5224    12005,8330 22202673    0,79%
  30492  6353        cutoff          12101,5224    12005,8330 22297611    0,79%
  30577  6344        cutoff          12101,5224    12009,8693 22303332    0,76%
  30661  6281    12080,1387  1958    12101,5224    12009,8693 22422377    0,76%
  30746  6184        cutoff          12101,5224    12011,5851 22544418    0,74%
  30824  6082        cutoff          12101,5224    12014,1501 22656167    0,72%
  30930  6058        cutoff          12101,5224    12014,7733 22674368    0,72%
  31023  6038        cutoff          12101,5224    12015,2066 22703708    0,71%
  31120  6019        cutoff          12101,5224    12016,5064 22726085    0,70%
Elapsed time = 9192,88 sec. (1380266,66 ticks, tree = 212,52 MB, solutions = 26)
  31232  5885        cutoff          12101,5224    12019,3584 22881677    0,68%
  31344  5822        cutoff          12101,5224    12021,2899 22916517    0,66%
  31450  5720        cutoff          12101,5224    12021,2899 22996792    0,66%
  31560  5696        cutoff          12101,5224    12023,9938 23018081    0,64%
  31688  5497        cutoff          12101,5224    12025,6629 23176552    0,63%
  31796  5513        cutoff          12101,5224    12027,5696 23157206    0,61%
  31891  5324        cutoff          12101,5224    12028,2366 23284712    0,61%
  32007  5315        cutoff          12101,5224    12030,0001 23291156    0,59%
  32118  5158        cutoff          12101,5224    12031,9564 23436209    0,57%
  32244  5089        cutoff          12101,5224    12033,7280 23489935    0,56%
Elapsed time = 9436,76 sec. (1418874,16 ticks, tree = 175,87 MB, solutions = 26)
  32363  5095        cutoff          12101,5224    12035,1123 23479652    0,55%
  32482  4830        cutoff          12101,5224    12037,4246 23653757    0,53%
  32615  4928        cutoff          12101,5224    12038,1815 23592750    0,52%
  32761  4597        cutoff          12101,5224    12039,4814 23768073    0,51%
  32896  4585        cutoff          12101,5224    12041,6228 23773696    0,49%
  33022  4420        cutoff          12101,5224    12042,7694 23858051    0,49%
  33171  4496        cutoff          12101,5224    12044,4396 23819955    0,47%
  33337  4302        cutoff          12101,5224    12046,9783 23937088    0,45%
  33496  4062        cutoff          12101,5224    12049,5749 24054022    0,43%
  33667  3813        cutoff          12101,5224    12052,1017 24145465    0,41%
Elapsed time = 9647,07 sec. (1457139,42 ticks, tree = 124,60 MB, solutions = 26)
  33850  3729        cutoff          12101,5224    12053,0351 24173468    0,40%
  34044  3559        cutoff          12101,5224    12055,1247 24229008    0,38%
  34256  3267        cutoff          12101,5224    12057,6888 24324585    0,36%
  34454  3177        cutoff          12101,5224    12060,3333 24349010    0,34%
  34660  2977        cutoff          12101,5224    12062,4636 24398707    0,32%
  34891  2717        cutoff          12101,5224    12064,9412 24466532    0,30%
  35153  2406        cutoff          12101,5224    12068,4235 24527642    0,27%
  35429  2153        cutoff          12101,5224    12071,3181 24574504    0,25%
  35694  1917        cutoff          12101,5224    12074,3259 24610047    0,22%
  36012  1629        cutoff          12101,5224    12077,6960 24649246    0,20%
Elapsed time = 9804,29 sec. (1495471,89 ticks, tree = 35,24 MB, solutions = 26)
  36351  1184        cutoff          12101,5224    12081,6417 24695442    0,16%
  36732   855        cutoff          12101,5224    12086,5406 24721252    0,12%
  37177   319        cutoff          12101,5224    12093,8188 24745395    0,06%

Mixed integer rounding cuts applied:  2
Zero-half cuts applied:  1231
Lift and project cuts applied:  1
Gomory fractional cuts applied:  1

Root node processing (before b&c):
  Real time             =   34,75 sec. (17304,94 ticks)
Parallel b&c, 12 threads:
  Real time             = 9806,50 sec. (1492091,96 ticks)
  Sync time (average)   = 1355,48 sec.
  Wait time (average)   =    0,04 sec.
                          ------------
Total (root+branch&cut) = 9841,25 sec. (1509396,90 ticks)

