
Version identifier: 22.1.1.0 | 2022-11-28 | 9160aff4d
CPXPARAM_MultiObjective_Display                  0
CPXPARAM_WorkMem                                 8192
CPXPARAM_DetTimeLimit                            2000000
Tried aggregator 3 times.
MIP Presolve eliminated 19542 rows and 127016 columns.
Aggregator did 289 substitutions.
Reduced MIP has 935 rows, 2751 columns, and 6423 nonzeros.
Reduced MIP has 2738 binaries, 13 generals, 0 SOSs, and 0 indicators.
Presolve time = 0,09 sec. (74,50 ticks)
Found incumbent of value 97324,240000 after 0,11 sec. (90,69 ticks)
Probing time = 0,01 sec. (3,44 ticks)
Tried aggregator 2 times.
Detecting symmetries...
Aggregator did 9 substitutions.
Reduced MIP has 926 rows, 2742 columns, and 6411 nonzeros.
Reduced MIP has 2735 binaries, 7 generals, 0 SOSs, and 0 indicators.
Presolve time = 0,01 sec. (6,43 ticks)
Probing time = 0,01 sec. (3,47 ticks)
Clique table members: 3916.
MIP emphasis: balance optimality and feasibility.
MIP search method: dynamic search.
Parallel mode: deterministic, using up to 12 threads.
Root relaxation solution time = 0,03 sec. (21,40 ticks)

        Nodes                                         Cuts/
   Node  Left     Objective  IInf  Best Integer    Best Bound    ItCnt     Gap

*     0+    0                        97324,2400  -273474,0000           380,99%
*     0+    0                        82686,1670  -273474,0000           430,74%
*     0+    0                        82678,0940  -273474,0000           430,77%
*     0+    0                        82670,0210  -273474,0000           430,80%
*     0+    0                        82661,9480  -273474,0000           430,83%
*     0+    0                        82653,8750  -273474,0000           430,87%
*     0+    0                        82645,8020  -273474,0000           430,90%
*     0     0      integral     0    18584,0000    18584,0000     1134    0,00%
Elapsed time = 0,19 sec. (150,29 ticks, tree = 0,00 MB, solutions = 8)

Root node processing (before b&c):
  Real time             =    0,20 sec. (159,88 ticks)
Parallel b&c, 12 threads:
  Real time             =    0,00 sec. (0,00 ticks)
  Sync time (average)   =    0,00 sec.
  Wait time (average)   =    0,00 sec.
                          ------------
Total (root+branch&cut) =    0,20 sec. (159,88 ticks)

