
Version identifier: 22.1.1.0 | 2022-11-28 | 9160aff4d
CPXPARAM_MultiObjective_Display                  0
CPXPARAM_TimeLimit                               60000
CPXPARAM_WorkMem                                 8192
CPXPARAM_DetTimeLimit                            60000
Found incumbent of value 128000,000000 after 0,01 sec. (5,98 ticks)
Tried aggregator 3 times.
MIP Presolve eliminated 18152 rows and 122411 columns.
Aggregator did 369 substitutions.
Reduced MIP has 1530 rows, 5916 columns, and 13360 nonzeros.
Reduced MIP has 5901 binaries, 15 generals, 0 SOSs, and 0 indicators.
Presolve time = 0,12 sec. (80,80 ticks)
Probing time = 0,01 sec. (5,02 ticks)
Tried aggregator 2 times.
Detecting symmetries...
Aggregator did 7 substitutions.
Reduced MIP has 1523 rows, 5909 columns, and 13346 nonzeros.
Reduced MIP has 5901 binaries, 8 generals, 0 SOSs, and 0 indicators.
Presolve time = 0,01 sec. (13,01 ticks)
Probing time = 0,01 sec. (4,96 ticks)
Clique table members: 7785.
MIP emphasis: balance optimality and feasibility.
MIP search method: dynamic search.
Parallel mode: deterministic, using up to 12 threads.
Root relaxation solution time = 0,19 sec. (147,86 ticks)

        Nodes                                         Cuts/
   Node  Left     Objective  IInf  Best Integer    Best Bound    ItCnt     Gap

*     0+    0                       128000,0000  -441694,0000           445,07%
*     0+    0                       103542,0000  -441694,0000           526,58%
      0     0    10162,6320   405   103542,0000    10162,6320       28   90,19%
*     0+    0                        10225,3364    10162,6320             0,61%
      0     0    10188,4366   469    10225,3364      Cuts: 34      132    0,36%
      0     0    10201,8905   443    10225,3364      Cuts: 41      228    0,23%
      0     0        cutoff          10225,3364    10225,3364      228    0,00%
Elapsed time = 0,70 sec. (460,53 ticks, tree = 0,01 MB, solutions = 2)

Zero-half cuts applied:  6
Lift and project cuts applied:  2
Gomory fractional cuts applied:  7

Root node processing (before b&c):
  Real time             =    0,71 sec. (465,79 ticks)
Parallel b&c, 12 threads:
  Real time             =    0,00 sec. (0,00 ticks)
  Sync time (average)   =    0,00 sec.
  Wait time (average)   =    0,00 sec.
                          ------------
Total (root+branch&cut) =    0,71 sec. (465,79 ticks)

