
Version identifier: 22.1.1.0 | 2022-11-28 | 9160aff4d
CPXPARAM_MultiObjective_Display                  0
CPXPARAM_WorkMem                                 8192
CPXPARAM_DetTimeLimit                            2000000
Tried aggregator 3 times.
MIP Presolve eliminated 112988 rows and 1086030 columns.
Aggregator did 1050 substitutions.
Reduced MIP has 4672 rows, 21332 columns, and 47470 nonzeros.
Reduced MIP has 21303 binaries, 29 generals, 0 SOSs, and 0 indicators.
Presolve time = 0,92 sec. (604,33 ticks)
Found incumbent of value 200851,642019 after 1,07 sec. (721,95 ticks)
Probing time = 0,03 sec. (10,34 ticks)
Tried aggregator 2 times.
Detecting symmetries...
Aggregator did 15 substitutions.
Reduced MIP has 4657 rows, 21317 columns, and 47442 nonzeros.
Reduced MIP has 21302 binaries, 15 generals, 0 SOSs, and 0 indicators.
Presolve time = 0,05 sec. (44,67 ticks)
Probing time = 0,03 sec. (10,08 ticks)
Clique table members: 26961.
MIP emphasis: balance optimality and feasibility.
MIP search method: dynamic search.
Parallel mode: deterministic, using up to 12 threads.
Root relaxation solution time = 0,71 sec. (375,39 ticks)

        Nodes                                         Cuts/
   Node  Left     Objective  IInf  Best Integer    Best Bound    ItCnt     Gap

*     0+    0                       200851,6420 -1566566,9047           879,96%
*     0+    0                       172634,3676 -1566566,9047              --- 
*     0+    0                       172618,2216 -1566566,9047              --- 
*     0+    0                       172602,0756 -1566566,9047              --- 
*     0+    0                       172585,9296 -1566566,9047              --- 
*     0+    0                       172569,7836 -1566566,9047              --- 
*     0+    0                       172553,6376 -1566566,9047              --- 
*     0+    0                       172537,4916 -1566566,9047              --- 
*     0+    0                       172522,4256 -1566566,9047              --- 
*     0+    0                       172507,6836 -1566566,9047              --- 
      0     0    34071,5245  1222   172507,6836    34071,5245       44   80,25%
      0     0    34241,3370  1560   172507,6836      Cuts: 24      650   80,15%
*     0+    0                        80192,3700    34241,3370            57,30%
      0     0    34282,4136  1496    80192,3700       Cuts: 8      863   57,25%
      0     0    34304,5662  1604    80192,3700   ZeroHalf: 9     1142   57,22%
*     0+    0                        67624,8423    34304,5662            49,27%
*     0+    0                        52028,0071    34304,5662            34,07%
*     0+    0                        47370,3413    34304,5662            27,58%
*     0+    0                        46424,3413    34304,5662            26,11%
*     0+    0                        46362,2930    34304,5662            26,01%
      0     0  -1,00000e+75     0    46362,2930    34304,5662     1142   26,01%
*     0+    0                        46303,6532    34304,5662            25,91%
      0     0    34319,6989  1452    46303,6532   ZeroHalf: 5     1363   25,88%
      0     0    34321,6538  1484    46303,6532   ZeroHalf: 1     1449   25,88%
Detecting symmetries...
      0     0    34329,5780  1645    46303,6532   ZeroHalf: 3     1622   25,86%
*     0+    0                        35783,7344    34329,5780             4,06%
Detecting symmetries...
      0     2    34329,5780  1645    35783,7344    34329,5780     1622    4,06%
Elapsed time = 14,40 sec. (6901,59 ticks, tree = 0,02 MB, solutions = 18)
      1     3    34336,3031  1500    35783,7344    34329,6909     2395    4,06%
      3     5    34365,0199  1528    35783,7344    34336,3392     3700    4,04%
      6     6    34404,8245  1461    35783,7344    34336,3392     4252    4,04%
     13     9    34453,7738  1548    35783,7344    34365,2950     5918    3,96%
     25    21    34570,8707  1284    35783,7344    34365,2950    12889    3,96%
     36    23    35160,4588  1359    35783,7344    34420,1280    15364    3,81%
     44    28    35030,0814  1415    35783,7344    34420,1280    18010    3,81%
     53    51    34842,7159  1369    35783,7344    34420,1280    36861    3,81%
     66    52    34928,0191  1327    35783,7344    34420,1280    37483    3,81%
*   137   106      integral     0    35649,6983    34420,1280    63982    3,45%
    148   110        cutoff          35649,6983    34420,1280    64875    3,45%
Elapsed time = 31,87 sec. (10468,91 ticks, tree = 0,67 MB, solutions = 19)
    239   142    34662,0324  1284    35649,6983    34453,7759    86502    3,35%
*   255   166      integral     0    35486,9981    34453,7759   100024    2,91%
    339   197    35238,6372  1256    35486,9981    34482,3800   122924    2,83%
    448   248    35474,4906  1128    35486,9981    34483,3922   145312    2,83%
    555   313        cutoff          35486,9981    34483,3922   183000    2,83%
    608   344    35173,7332  1341    35486,9981    34483,3922   195524    2,83%
    700   398        cutoff          35486,9981    34671,8147   228154    2,30%
*   779+  421                        35428,3509    34729,4288             1,97%
    822   407    34857,4488  1299    35428,3509    34729,4288   235338    1,97%
    943   476    35224,6340   911    35428,3509    34746,0232   277937    1,93%
   1091   549    35212,2020  1043    35428,3509    34767,7670   320230    1,86%
   1238   582    35116,7742   969    35428,3509    34812,2942   339735    1,74%
Elapsed time = 97,70 sec. (20115,46 ticks, tree = 10,72 MB, solutions = 21)
   1362   672    35047,5201  1185    35428,3509    34843,4229   386936    1,65%
   1505   691        cutoff          35428,3509    34864,9783   401561    1,59%
   1620   724    35341,9932  1106    35428,3509    34880,2343   434887    1,55%
   1733   762        cutoff          35428,3509    34916,2311   464803    1,45%
   1862   819    35186,7737   864    35428,3509    34943,9765   508629    1,37%
   2048   843        cutoff          35428,3509    34956,0065   529182    1,33%
   2222   840        cutoff          35428,3509    34967,0134   525119    1,30%
   2375   930        cutoff          35428,3509    34992,5238   590226    1,23%
   2547   964        cutoff          35428,3509    35011,1114   626099    1,18%
   2733   982        cutoff          35428,3509    35023,8410   642296    1,14%
Elapsed time = 158,93 sec. (29719,47 ticks, tree = 21,31 MB, solutions = 21)
   2928  1012    35229,1314   997    35428,3509    35040,8890   714307    1,09%
   3124  1050        cutoff          35428,3509    35059,0068   739223    1,04%
*  3141  1064      integral     0    35417,4080    35059,0068   777287    1,01%
*  3269  1067      integral     0    35390,7969    35064,5892   783222    0,92%
   3454  1025    35302,4803  1078    35390,7969    35085,4618   830931    0,86%
*  3474  1024      integral     0    35293,4823    35085,4618   817878    0,59%
   3699   702        cutoff          35293,4823    35101,4413   867530    0,54%
   3933   609        cutoff          35293,4823    35141,1126   919243    0,43%
   4220   456    35266,2280  1040    35293,4823    35183,7912   966389    0,31%
   4707    50        cutoff          35293,4823    35279,4258  1012133    0,04%

Zero-half cuts applied:  29
Lift and project cuts applied:  2
Gomory fractional cuts applied:  4

Root node processing (before b&c):
  Real time             =   13,35 sec. (7019,60 ticks)
Parallel b&c, 12 threads:
  Real time             =  192,82 sec. (30391,58 ticks)
  Sync time (average)   =   27,42 sec.
  Wait time (average)   =    0,00 sec.
                          ------------
Total (root+branch&cut) =  206,16 sec. (37411,18 ticks)

