
Version identifier: 22.1.1.0 | 2022-11-28 | 9160aff4d
CPXPARAM_MultiObjective_Display                  0
CPXPARAM_WorkMem                                 8192
CPXPARAM_DetTimeLimit                            2000000
Tried aggregator 4 times.
MIP Presolve eliminated 21670 rows and 128971 columns.
MIP Presolve modified 4 coefficients.
Aggregator did 223 substitutions.
Reduced MIP has 957 rows, 2621 columns, and 6114 nonzeros.
Reduced MIP has 2609 binaries, 12 generals, 0 SOSs, and 0 indicators.
Presolve time = 0,12 sec. (94,54 ticks)
Found incumbent of value 97473,520000 after 0,14 sec. (110,20 ticks)
Probing time = 0,01 sec. (3,50 ticks)
Tried aggregator 3 times.
Detecting symmetries...
Aggregator did 11 substitutions.
Reduced MIP has 946 rows, 2610 columns, and 6093 nonzeros.
Reduced MIP has 2604 binaries, 6 generals, 0 SOSs, and 0 indicators.
Presolve time = 0,01 sec. (6,72 ticks)
Probing time = 0,01 sec. (3,52 ticks)
Clique table members: 3888.
MIP emphasis: balance optimality and feasibility.
MIP search method: dynamic search.
Parallel mode: deterministic, using up to 12 threads.
Root relaxation solution time = 0,03 sec. (23,40 ticks)

        Nodes                                         Cuts/
   Node  Left     Objective  IInf  Best Integer    Best Bound    ItCnt     Gap

*     0+    0                        97473,5200  -270104,0000           377,11%
*     0+    0                        80938,5000  -270104,0000           433,72%
*     0+    0                        80931,4800  -270104,0000           433,74%
*     0+    0                        80924,4600  -270104,0000           433,77%
*     0+    0                        80917,4400  -270104,0000           433,80%
*     0+    0                        80910,4200  -270104,0000           433,83%
*     0+    0                        80903,4000  -270104,0000           433,86%
      0     0    21204,5800   173    80903,4000    21204,5800     1168   73,79%
*     0+    0                        26955,0000    21204,5800            21,33%
      0     0    21218,0100   259    26955,0000      Cuts: 16     1188   21,28%
      0     0    21229,1700   304    26955,0000  ZeroHalf: 10     1208   21,24%
*     0     0      integral     0    21239,1500  ZeroHalf: 11     1220    0,00%
      0     0        cutoff          21239,1500    21239,1500     1220    0,00%
Elapsed time = 0,38 sec. (253,80 ticks, tree = 0,01 MB, solutions = 9)

Zero-half cuts applied:  20
Lift and project cuts applied:  1
Gomory fractional cuts applied:  1

Root node processing (before b&c):
  Real time             =    0,39 sec. (264,42 ticks)
Parallel b&c, 12 threads:
  Real time             =    0,00 sec. (0,00 ticks)
  Sync time (average)   =    0,00 sec.
  Wait time (average)   =    0,00 sec.
                          ------------
Total (root+branch&cut) =    0,39 sec. (264,42 ticks)

