
Version identifier: 22.1.1.0 | 2022-11-28 | 9160aff4d
CPXPARAM_MultiObjective_Display                  0
CPXPARAM_TimeLimit                               60000
CPXPARAM_WorkMem                                 8192
CPXPARAM_DetTimeLimit                            60000
Tried aggregator 3 times.
MIP Presolve eliminated 23819 rows and 127063 columns.
Aggregator did 382 substitutions.
Reduced MIP has 1784 rows, 6681 columns, and 15218 nonzeros.
Reduced MIP has 6667 binaries, 14 generals, 0 SOSs, and 0 indicators.
Presolve time = 0,12 sec. (86,45 ticks)
Found incumbent of value 106322,060775 after 0,14 sec. (112,09 ticks)
Probing time = 0,01 sec. (5,56 ticks)
Tried aggregator 2 times.
Detecting symmetries...
Aggregator did 7 substitutions.
Reduced MIP has 1777 rows, 6674 columns, and 15204 nonzeros.
Reduced MIP has 6667 binaries, 7 generals, 0 SOSs, and 0 indicators.
Presolve time = 0,02 sec. (14,85 ticks)
Probing time = 0,02 sec. (5,47 ticks)
Clique table members: 8857.
MIP emphasis: balance optimality and feasibility.
MIP search method: dynamic search.
Parallel mode: deterministic, using up to 12 threads.
Root relaxation solution time = 0,22 sec. (157,99 ticks)

        Nodes                                         Cuts/
   Node  Left     Objective  IInf  Best Integer    Best Bound    ItCnt     Gap

*     0+    0                       106322,0608  -624974,8762           687,81%
*     0+    0                        91529,4038  -624974,8762           782,81%
*     0+    0                        91522,7348  -624974,8762           782,86%
*     0+    0                        91516,0658  -624974,8762           782,91%
*     0+    0                        91509,3968  -624974,8762           782,96%
*     0+    0                        91502,7278  -624974,8762           783,01%
*     0+    0                        91496,0588  -624974,8762           783,06%
*     0+    0                        91489,3898  -624974,8762           783,11%
*     0+    0                        91482,7208  -624974,8762           783,16%
*     0+    0                        91476,0518  -624974,8762           783,21%
      0     0     9821,7167   375    91476,0518     9821,7167       28   89,26%
*     0+    0                         9869,9059     9821,7167             0,49%

Zero-half cuts applied:  16
Lift and project cuts applied:  2
Gomory fractional cuts applied:  10

Root node processing (before b&c):
  Real time             =    1,19 sec. (720,94 ticks)
Parallel b&c, 12 threads:
  Real time             =    0,00 sec. (0,00 ticks)
  Sync time (average)   =    0,00 sec.
  Wait time (average)   =    0,00 sec.
                          ------------
Total (root+branch&cut) =    1,19 sec. (720,94 ticks)

