
Version identifier: 22.1.1.0 | 2022-11-28 | 9160aff4d
CPXPARAM_MultiObjective_Display                  0
CPXPARAM_WorkMem                                 8192
CPXPARAM_DetTimeLimit                            2000000
Tried aggregator 3 times.
MIP Presolve eliminated 20991 rows and 128791 columns.
Aggregator did 245 substitutions.
Reduced MIP has 991 rows, 2810 columns, and 6533 nonzeros.
Reduced MIP has 2796 binaries, 14 generals, 0 SOSs, and 0 indicators.
Presolve time = 0,10 sec. (79,88 ticks)
Found incumbent of value 102244,140000 after 0,12 sec. (95,53 ticks)
Probing time = 0,01 sec. (3,54 ticks)
Tried aggregator 2 times.
Detecting symmetries...
Aggregator did 9 substitutions.
Reduced MIP has 982 rows, 2801 columns, and 6519 nonzeros.
Reduced MIP has 2794 binaries, 7 generals, 0 SOSs, and 0 indicators.
Presolve time = 0,01 sec. (6,56 ticks)
Probing time = 0,01 sec. (3,58 ticks)
Clique table members: 4161.
MIP emphasis: balance optimality and feasibility.
MIP search method: dynamic search.
Parallel mode: deterministic, using up to 12 threads.
Root relaxation solution time = 0,02 sec. (21,56 ticks)

        Nodes                                         Cuts/
   Node  Left     Objective  IInf  Best Integer    Best Bound    ItCnt     Gap

*     0+    0                       102244,1400  -263148,0000           357,37%
*     0     0      integral     0    24034,1500    24034,1500     1193    0,00%
Elapsed time = 0,18 sec. (145,61 ticks, tree = 0,00 MB, solutions = 2)

Root node processing (before b&c):
  Real time             =    0,18 sec. (150,06 ticks)
Parallel b&c, 12 threads:
  Real time             =    0,00 sec. (0,00 ticks)
  Sync time (average)   =    0,00 sec.
  Wait time (average)   =    0,00 sec.
                          ------------
Total (root+branch&cut) =    0,18 sec. (150,06 ticks)

