
Version identifier: 22.1.1.0 | 2022-11-28 | 9160aff4d
CPXPARAM_MultiObjective_Display                  0
CPXPARAM_WorkMem                                 8192
CPXPARAM_DetTimeLimit                            2000000
Tried aggregator 3 times.
MIP Presolve eliminated 24037 rows and 129953 columns.
Aggregator did 297 substitutions.
Reduced MIP has 1056 rows, 3096 columns, and 7217 nonzeros.
Reduced MIP has 3082 binaries, 14 generals, 0 SOSs, and 0 indicators.
Presolve time = 0,10 sec. (82,23 ticks)
Found incumbent of value 104566,460000 after 0,12 sec. (99,00 ticks)
Probing time = 0,01 sec. (3,57 ticks)
Tried aggregator 2 times.
Detecting symmetries...
Aggregator did 7 substitutions.
Reduced MIP has 1049 rows, 3089 columns, and 7203 nonzeros.
Reduced MIP has 3082 binaries, 7 generals, 0 SOSs, and 0 indicators.
Presolve time = 0,01 sec. (7,29 ticks)
Probing time = 0,01 sec. (3,59 ticks)
Clique table members: 4474.
MIP emphasis: balance optimality and feasibility.
MIP search method: dynamic search.
Parallel mode: deterministic, using up to 12 threads.
Root relaxation solution time = 0,03 sec. (25,11 ticks)

        Nodes                                         Cuts/
   Node  Left     Objective  IInf  Best Integer    Best Bound    ItCnt     Gap

*     0+    0                       104566,4600  -304799,0000           391,49%
*     0+    0                        85985,3870  -304799,0000           454,48%
*     0+    0                        85977,3140  -304799,0000           454,51%
*     0+    0                        85969,2410  -304799,0000           454,54%
*     0+    0                        85961,1680  -304799,0000           454,58%
*     0+    0                        85953,0950  -304799,0000           454,61%
*     0+    0                        85945,0220  -304799,0000           454,64%
*     0+    0                        85936,9490  -304799,0000           454,68%
*     0     0      integral     0    20619,7200    20619,7200     1334    0,00%
Elapsed time = 0,20 sec. (164,66 ticks, tree = 0,00 MB, solutions = 9)

Root node processing (before b&c):
  Real time             =    0,21 sec. (175,40 ticks)
Parallel b&c, 12 threads:
  Real time             =    0,00 sec. (0,00 ticks)
  Sync time (average)   =    0,00 sec.
  Wait time (average)   =    0,00 sec.
                          ------------
Total (root+branch&cut) =    0,21 sec. (175,40 ticks)

