
Version identifier: 22.1.1.0 | 2022-11-28 | 9160aff4d
CPXPARAM_MultiObjective_Display                  0
CPXPARAM_WorkMem                                 8192
CPXPARAM_DetTimeLimit                            2000000
Tried aggregator 3 times.
MIP Presolve eliminated 138484 rows and 1087517 columns.
Aggregator did 1245 substitutions.
Reduced MIP has 5892 rows, 32300 columns, and 70556 nonzeros.
Reduced MIP has 32270 binaries, 30 generals, 0 SOSs, and 0 indicators.
Presolve time = 0,97 sec. (636,68 ticks)
Found incumbent of value 206939,885260 after 1,16 sec. (777,10 ticks)
Tried aggregator 2 times.
Detecting symmetries...
Aggregator did 15 substitutions.
Reduced MIP has 5877 rows, 32285 columns, and 70526 nonzeros.
Reduced MIP has 32270 binaries, 15 generals, 0 SOSs, and 0 indicators.
Presolve time = 0,07 sec. (65,14 ticks)
Probing time = 0,07 sec. (14,73 ticks)
Clique table members: 39407.
MIP emphasis: balance optimality and feasibility.
MIP search method: dynamic search.
Parallel mode: deterministic, using up to 12 threads.
Root relaxation solution time = 0,96 sec. (514,29 ticks)

        Nodes                                         Cuts/
   Node  Left     Objective  IInf  Best Integer    Best Bound    ItCnt     Gap

*     0+    0                       206939,8853 -2119043,9690              --- 
*     0+    0                       181586,7067 -2119043,9690              --- 
*     0+    0                       181569,5077 -2119043,9690              --- 
*     0+    0                       181552,3087 -2119043,9690              --- 
*     0+    0                       181535,1097 -2119043,9690              --- 
*     0+    0                       181517,9107 -2119043,9690              --- 
*     0+    0                       181500,7117 -2119043,9690              --- 
*     0+    0                       181484,5927 -2119043,9690              --- 
*     0+    0                       181468,7977 -2119043,9690              --- 
*     0+    0                       181453,0027 -2119043,9690              --- 
      0     0    18727,8433  1851   181453,0027    18727,8433       42   89,68%
*     0+    0                       107207,6437    18727,8433            82,53%
      0     0    18749,9637  1948   107207,6437  ZeroHalf: 41      513   82,51%
*     0+    0                        35464,7595    18749,9637            47,13%
      0     0    18780,4536  1942    35464,7595       Cuts: 9     1006   47,04%
      0     0    18794,6101  1906    35464,7595   ZeroHalf: 8     1358   47,00%
*     0+    0                        33623,4655    18794,6101            44,10%
*     0+    0                        31871,1821    18794,6101            41,03%
      0     0  -1,00000e+75     0    31871,1821    18794,6101     1358   41,03%
      0     0    18805,1415  1942    31871,1821  ZeroHalf: 16     1679   41,00%
      0     0    18840,9904  1870    31871,1821      Cuts: 13     2266   40,88%
Detecting symmetries...
      0     0    18867,2394  1919    31871,1821  ZeroHalf: 17     2695   40,80%
      0     0    18871,7102  1963    31871,1821   ZeroHalf: 7     2914   40,79%
      0     0    18876,6036  2000    31871,1821   ZeroHalf: 3     3176   40,77%
      0     0    18877,1774  2033    31871,1821   ZeroHalf: 2     3241   40,77%
      0     0    18884,0976  2073    31871,1821   ZeroHalf: 4     3415   40,75%
      0     0    18887,1759  1986    31871,1821   ZeroHalf: 3     3563   40,74%
*     0+    0                        25595,2978    18887,1759            26,21%
      0     0    18888,3071  1976    25595,2978       Cuts: 2     3660   26,20%
*     0+    0                        21675,0883    18888,3071            12,86%
Detecting symmetries...
      0     2    18888,3071  1976    21675,0883    18888,3071     3660   12,86%
Elapsed time = 29,87 sec. (13972,47 ticks, tree = 0,02 MB, solutions = 16)
      2     3    18906,0254  1870    21675,0883    18888,3541     4179   12,86%
      3     4    18949,0322  1800    21675,0883    18888,3541     4778   12,86%
      6     6    18975,0890  1800    21675,0883    18896,7053     5999   12,82%
     12     8    19009,3432  1402    21675,0883    18906,0586     8529   12,78%
     20    11    19005,8920  1686    21675,0883    18963,3289    11261   12,51%
     29    25    19028,6151  1449    21675,0883    18983,1005    20898   12,42%
     39    30    19081,8850  1867    21675,0883    18983,1005    25024   12,42%
     50    35    19081,7957  1388    21675,0883    18983,1005    30622   12,42%
     62    52    19125,5477  1210    21675,0883    18983,1005    38749   12,42%
     92    84    19203,0403   756    21675,0883    18983,1005    57809   12,42%
Elapsed time = 53,59 sec. (17696,89 ticks, tree = 0,98 MB, solutions = 16)
    159   117    19349,3546   808    21675,0883    18983,1005    72120   12,42%
*   212+  175                        21636,6493    18983,1005            12,26%
*   238   203      integral     0    20760,8689    18983,1005   101253    8,56%
    238   203    20760,8689     0    20760,8689    18983,1005   101253    8,56%
*   245   213      integral     0    20744,0525    18983,1005   103961    8,49%
*   251   209      integral     0    20461,9684    18983,1005   103193    7,23%
*   263   224      integral     0    20437,6850    18983,1005   108536    7,12%
    303   264    19442,9484  1165    20437,6850    18983,1005   126912    7,12%
    382   321    20293,6789   954    20437,6850    18983,1005   151363    7,12%
*   411   306      integral     0    20282,7468    18983,1005   147423    6,41%
    473   337    20132,2345   444    20282,7468    19001,7344   162014    6,32%
    535   405    19137,9720  1031    20282,7468    19003,0557   201522    6,31%
    593   420    19127,1845  1897    20282,7468    19016,5524   207252    6,24%
    655   453    19124,3544  1134    20282,7468    19016,5524   220155    6,24%
*   671   522      integral     0    20251,0503    19016,5524   251440    6,10%
*   673   537      integral     0    20124,2875    19016,5524   260899    5,50%
    678   500    19532,6546  1155    20124,2875    19016,5524   242144    5,50%
Elapsed time = 130,68 sec. (26602,23 ticks, tree = 10,84 MB, solutions = 24)
    690   515    19769,7325   880    20124,2875    19016,5524   262949    5,50%
    718   535    19081,1346  1266    20124,2875    19016,5524   272623    5,50%
    774   552    19256,2335  1452    20124,2875    19016,5524   281806    5,50%
    867   583    19382,1854  1339    20124,2875    19016,5524   295505    5,50%
    980   685    19594,8823   842    20124,2875    19016,5524   323274    5,50%
*  1021   659      integral     0    20100,1838    19016,5524   320608    5,39%
   1113   726    19568,6694  1105    20100,1838    19025,0041   337198    5,35%
   1216   833    19579,8458  1069    20100,1838    19054,1204   372000    5,20%
   1334   896        cutoff          20100,1838    19054,1204   390241    5,20%
   1451   924    19513,7894  1337    20100,1838    19054,4175   399742    5,20%
Elapsed time = 202,41 sec. (35619,77 ticks, tree = 30,00 MB, solutions = 25)
   1563  1104    19775,5007  1201    20100,1838    19054,4175   444084    5,20%
   1649  1105    19134,6735  1282    20100,1838    19054,4175   445248    5,20%
   1777  1184        cutoff          20100,1838    19076,7715   465852    5,09%
   1896  1249    19328,3131  1014    20100,1838    19076,7715   485343    5,09%
   1989  1401    19435,0790  1257    20100,1838    19077,6520   528451    5,09%
   2093  1456        cutoff          20100,1838    19079,9954   544460    5,08%
   2192  1515    19431,1129   978    20100,1838    19084,3673   562427    5,05%
   2301  1706    19156,8443  1198    20100,1838    19088,1401   625562    5,03%
   2399  1716    19224,4925  1722    20100,1838    19088,8129   630238    5,03%
   2470  1777    19550,2113  1143    20100,1838    19096,3089   648907    4,99%
Elapsed time = 283,89 sec. (45244,31 ticks, tree = 82,06 MB, solutions = 25)
   2520  1868    19875,3792   515    20100,1838    19099,0156   673451    4,98%
   2603  1916    19671,3320  1167    20100,1838    19099,0156   692806    4,98%
   2694  2023    20063,4501   462    20100,1838    19099,2139   719494    4,98%
   2805  2081    19477,4864  1327    20100,1838    19101,9930   745136    4,97%
   2938  2091    19632,2749  1143    20100,1838    19104,7031   747369    4,95%
   3061  2220    19938,4208  1108    20100,1838    19104,7031   779942    4,95%
   3160  2308    19632,9510  1415    20100,1838    19105,9954   804017    4,95%
   3274  2498    19656,7935   832    20100,1838    19109,7301   853585    4,93%
   3404  2500    19235,6599  1336    20100,1838    19115,7793   852047    4,90%
   3525  2583    19815,6814   210    20100,1838    19116,2354   880218    4,90%
Elapsed time = 361,15 sec. (54822,95 ticks, tree = 132,91 MB, solutions = 25)
   3668  2787    19526,3644  1213    20100,1838    19116,4532   935236    4,89%
   3781  2759    20029,4701   947    20100,1838    19121,4522   927859    4,87%
   3880  2884    19804,5749  1026    20100,1838    19121,4522   964507    4,87%

Performing restart 1

Repeating presolve.
Tried aggregator 2 times.
MIP Presolve eliminated 382 rows and 4371 columns.
Aggregator did 14 substitutions.
Reduced MIP has 5481 rows, 27900 columns, and 61378 nonzeros.
Reduced MIP has 27885 binaries, 15 generals, 0 SOSs, and 0 indicators.
Presolve time = 0,07 sec. (47,70 ticks)
Tried aggregator 1 time.
Reduced MIP has 5481 rows, 27900 columns, and 61378 nonzeros.
Reduced MIP has 27885 binaries, 15 generals, 0 SOSs, and 0 indicators.
Presolve time = 0,08 sec. (46,23 ticks)
Represolve time = 1,93 sec. (1246,51 ticks)
   3931     0    18893,4377  2052    20100,1838   ZeroHalf: 6  1047743    4,85%
   3931     0    18898,3434  2037    20100,1838       Cuts: 7  1048039    4,85%
   3931     0    18904,3287  2148    20100,1838   ZeroHalf: 4  1048255    4,85%
   3931     0    18908,2769  2115    20100,1838   ZeroHalf: 3  1048467    4,85%
   3931     0    18912,2844  2153    20100,1838   ZeroHalf: 8  1048679    4,85%
   3931     0    18912,8254  2165    20100,1838   ZeroHalf: 2  1048742    4,85%
   3931     0    18913,0935  2180    20100,1838   ZeroHalf: 3  1048805    4,85%
   3931     2    18913,0935  2180    20100,1838    19124,9205  1048805    4,85%
   3932     3    18917,3484  2171    20100,1838    19124,9205  1049167    4,85%
   3935     5    18918,0071  2103    20100,1838    19124,9205  1049409    4,85%
   3945     7    18973,0931  1623    20100,1838    19124,9205  1051187    4,85%
   3967    27    19497,1006  2085    20100,1838    19124,9205  1072372    4,85%
   3991    32    18989,5722  1622    20100,1838    19124,9205  1077556    4,85%
   4009    40    19631,7286  1361    20100,1838    19124,9205  1090517    4,85%
Elapsed time = 484,56 sec. (95906,46 ticks, tree = 0,23 MB, solutions = 25)
   4022    69    20053,4817  1488    20100,1838    19124,9205  1110326    4,85%
   4046    92    19499,7427  2024    20100,1838    19124,9205  1130955    4,85%
   4097   107    20052,8375  1480    20100,1838    19124,9205  1145023    4,85%
   4153   134    19034,6887  1385    20100,1838    19124,9205  1157512    4,85%
   4187   193    19054,0051  1416    20100,1838    19124,9205  1189662    4,85%
   4220   198    19484,7281  1329    20100,1838    19124,9205  1191973    4,85%
   4261   249    19532,8896  1867    20100,1838    19124,9205  1220349    4,85%
   4303   242    19091,3329  1596    20100,1838    19124,9205  1219948    4,85%
   4360   262    19157,7798  1721    20100,1838    19124,9205  1225371    4,85%
   4412   373    19574,8653  1611    20100,1838    19124,9205  1272055    4,85%
Elapsed time = 555,78 sec. (105680,74 ticks, tree = 9,11 MB, solutions = 25)
   4466   389    19906,3313  1328    20100,1838    19124,9205  1280178    4,85%
   4519   477    18984,1618  1875    20100,1838    19124,9205  1319750    4,85%
   4568   483    18986,5680  1876    20100,1838    19124,9205  1321144    4,85%
   4635   480    19325,0752  1721    20100,1838    19124,9205  1320256    4,85%
   4670   534    19139,0253  1545    20100,1838    19124,9205  1350491    4,85%
   4689   536    19791,2633  1701    20100,1838    19124,9205  1352601    4,85%
   4730   671    19701,0072  1588    20100,1838    19124,9205  1400754    4,85%
   4821   680    19313,8545  1184    20100,1838    19124,9205  1403815    4,85%
   4931   689    19700,4126  1584    20100,1838    19124,9205  1410190    4,85%
   5019   737    19972,3172  1304    20100,1838    19124,9205  1430029    4,85%
Elapsed time = 627,69 sec. (115311,27 ticks, tree = 25,20 MB, solutions = 25)
   5117   868    19656,0972  1607    20100,1838    19124,9205  1464900    4,85%
   5200   985    20067,9842   990    20100,1838    19124,9205  1498400    4,85%
   5253   897    20043,3833  1418    20100,1838    19124,9205  1474727    4,85%
   5349   978    19536,9249  1485    20100,1838    19124,9205  1492047    4,85%
   5442  1113        cutoff          20100,1838    19124,9205  1534152    4,85%
   5562  1215    19836,2821  1104    20100,1838    19124,9205  1549848    4,85%
   5693  1212    19849,2575  1539    20100,1838    19124,9205  1563491    4,85%
   5801  1367    19768,9787  1492    20100,1838    19124,9205  1604496    4,85%
   5876  1493    19417,2007  1754    20100,1838    19124,9205  1634608    4,85%
   5967  1537    19317,9068  1067    20100,1838    19124,9205  1652231    4,85%
Elapsed time = 700,94 sec. (124924,82 ticks, tree = 68,62 MB, solutions = 25)
   6045  1577        cutoff          20100,1838    19124,9205  1671638    4,85%
   6125  1585    19288,3177  1415    20100,1838    19124,9205  1673939    4,85%
   6197  1690    19120,4706  1571    20100,1838    19124,9205  1702700    4,85%
   6261  1741        cutoff          20100,1838    19124,9205  1718818    4,85%
   6338  1882        cutoff          20100,1838    19124,9205  1783511    4,85%
   6372  1857    20089,1870  1318    20100,1838    19124,9205  1781001    4,85%
   6387  1939    20057,6140  1325    20100,1838    19124,9205  1828406    4,85%
   6408  1927    19974,1471  1467    20100,1838    19124,9205  1819565    4,85%
   6428  1891    19643,8156  1614    20100,1838    19124,9205  1791543    4,85%
   6530  2012    20054,7092   335    20100,1838    19124,9205  1881629    4,85%
Elapsed time = 815,73 sec. (137651,95 ticks, tree = 91,95 MB, solutions = 25)
*  6536  2011      integral     0    20073,1863    19124,9205  1882210    4,72%
*  6541  1984      integral     0    20070,8952    19124,9205  1899444    4,71%
   6709  2041    19673,5425  1556    20070,8952    19124,9205  1957304    4,71%
   6879  2102    20058,9222  1466    20070,8952    19124,9205  2016668    4,71%
   7081  2177        cutoff          20070,8952    19124,9205  2117436    4,71%
   7243  2266    20007,6573  1219    20070,8952    19124,9205  2210444    4,71%
   7424  2311    19091,5936  1194    20070,8952    19124,9205  2282814    4,71%
   7560  2388    20040,0268  1253    20070,8952    19124,9205  2432285    4,71%
   7635  2419    19161,3228  1788    20070,8952    19124,9205  2479069    4,71%
   7801  2461    19937,0722  1138    20070,8952    19124,9205  2529247    4,71%
   8003  2535    20038,4351  1422    20070,8952    19124,9205  2642814    4,71%
Elapsed time = 1084,56 sec. (172512,92 ticks, tree = 105,73 MB, solutions = 27)
   8170  2544    19207,9970  1570    20070,8952    19124,9205  2659404    4,71%
   8377  2639    20067,6943  1193    20070,8952    19124,9205  2842923    4,71%
   8488  2698    20068,0417  1610    20070,8952    19127,4520  2950067    4,70%
   8606  2709    19294,7996  1571    20070,8952    19137,4895  2979550    4,65%
   8791  2733        cutoff          20070,8952    19142,9011  3050185    4,62%
   8998  2794    20018,4571  1495    20070,8952    19146,3611  3189980    4,61%
   9160  2795    20042,1881  1217    20070,8952    19151,5154  3187992    4,58%
   9236  2859    19696,4974  1560    20070,8952    19159,5101  3317648    4,54%
   9391  2874        cutoff          20070,8952    19165,1640  3389674    4,51%
   9607  2890    20055,1364  1316    20070,8952    19169,8196  3417895    4,49%
Elapsed time = 1386,91 sec. (211097,77 ticks, tree = 107,35 MB, solutions = 27)
   9849  2937    19980,7341  1721    20070,8952    19176,3848  3543052    4,46%
  10083  2933        cutoff          20070,8952    19181,7366  3594320    4,43%
  10306  2989    19882,2304  1424    20070,8952    19192,5657  3758943    4,38%
  10442  2993    20058,6100  1531    20070,8952    19202,6654  3796666    4,33%
  10554  3006    20068,9343  1461    20070,8952    19212,1729  3902331    4,28%
  10753  3007    19637,2666  1588    20070,8952    19230,1373  3964050    4,19%
  10983  3007    19997,9343  1603    20070,8952    19240,4066  4066064    4,14%
  11209  3003        cutoff          20070,8952    19244,7674  4163113    4,12%
  11452  3003    20070,7198  1447    20070,8952    19263,1443  4198744    4,02%
  11646  2962        cutoff          20070,8952    19277,6198  4323287    3,95%
Elapsed time = 1681,63 sec. (249435,93 ticks, tree = 106,42 MB, solutions = 27)
  11761  2918    20046,6671  1352    20070,8952    19293,3483  4501482    3,87%
  11928  2914        cutoff          20070,8952    19313,0080  4518707    3,78%
  12191  2875        cutoff          20070,8952    19338,5580  4571046    3,65%
  12506  2807    19830,0938  1694    20070,8952    19367,5838  4686049    3,50%
  12817  2738    19629,9960  1678    20070,8952    19388,2532  4801364    3,40%
  13122  2699        cutoff          20070,8952    19423,7358  4900238    3,22%
  13364  2653        cutoff          20070,8952    19454,4551  5020390    3,07%
  13558  2597        cutoff          20070,8952    19486,4263  5161785    2,91%
  13753  2585        cutoff          20070,8952    19526,2072  5183137    2,71%
  14062  2539    19717,7799  1237    20070,8952    19555,8427  5266599    2,57%
Elapsed time = 1982,86 sec. (287662,56 ticks, tree = 80,62 MB, solutions = 27)
  14413  2460    19771,2556  1625    20070,8952    19586,0297  5411325    2,42%
  14738  2426    20043,7984  1446    20070,8952    19599,6123  5502559    2,35%
  15141  2365        cutoff          20070,8952    19643,4146  5631317    2,13%
  15509  2324        cutoff          20070,8952    19712,2148  5762561    1,79%
  15798  2330    19798,6490  1801    20070,8952    19730,5853  5875230    1,70%
  15978  2374    19994,3638  1754    20070,8952    19765,0429  5931142    1,52%
  16297  2382    20044,2467   986    20070,8952    19779,3302  5962405    1,45%
  16650  2392    20051,4650  1236    20070,8952    19808,8944  6085506    1,31%
  17044  2462        cutoff          20070,8952    19832,6144  6214560    1,19%
  17493  2527    19930,2721  1201    20070,8952    19843,6431  6333658    1,13%
Elapsed time = 2265,05 sec. (325893,90 ticks, tree = 64,31 MB, solutions = 27)
  17909  2564    19994,1479  1751    20070,8952    19861,1807  6424204    1,04%
  18160  2605    20066,1919  1034    20070,8952    19881,9198  6509457    0,94%
  18361  2616    19981,7373  1285    20070,8952    19888,4107  6568847    0,91%
  18709  2609        cutoff          20070,8952    19901,8450  6629647    0,84%
  19178  2616        cutoff          20070,8952    19918,1789  6785227    0,76%
* 19312  2602      integral     0    20035,4656    19918,1789  6749499    0,59%
  19818  1758        cutoff          20035,4656    19932,7285  6951406    0,51%
  20390  1372        cutoff          20035,4656    19979,1429  7093451    0,28%
  21516   362        cutoff          20035,4656    20015,9451  7205395    0,10%

Zero-half cuts applied:  88
Lift and project cuts applied:  1
Gomory fractional cuts applied:  1

Root node processing (before b&c):
  Real time             =   28,90 sec. (14045,98 ticks)
Parallel b&c, 12 threads:
  Real time             = 2473,66 sec. (344483,33 ticks)
  Sync time (average)   =  395,58 sec.
  Wait time (average)   =    0,05 sec.
                          ------------
Total (root+branch&cut) = 2502,56 sec. (358529,31 ticks)

