
Version identifier: 22.1.1.0 | 2022-11-28 | 9160aff4d
CPXPARAM_MultiObjective_Display                  0
CPXPARAM_TimeLimit                               60000
CPXPARAM_WorkMem                                 8192
CPXPARAM_DetTimeLimit                            60000
Tried aggregator 3 times.
MIP Presolve eliminated 19834 rows and 126644 columns.
Aggregator did 269 substitutions.
Reduced MIP has 1019 rows, 2653 columns, and 6265 nonzeros.
Reduced MIP has 2638 binaries, 15 generals, 0 SOSs, and 0 indicators.
Presolve time = 0,10 sec. (76,69 ticks)
Found incumbent of value 89283,601821 after 0,12 sec. (92,78 ticks)
Probing time = 0,01 sec. (3,43 ticks)
Tried aggregator 2 times.
Detecting symmetries...
Aggregator did 7 substitutions.
Reduced MIP has 1012 rows, 2646 columns, and 6251 nonzeros.
Reduced MIP has 2638 binaries, 8 generals, 0 SOSs, and 0 indicators.
Presolve time = 0,01 sec. (6,25 ticks)
Probing time = 0,01 sec. (3,44 ticks)
Clique table members: 3981.
MIP emphasis: balance optimality and feasibility.
MIP search method: dynamic search.
Parallel mode: deterministic, using up to 12 threads.
Root relaxation solution time = 0,03 sec. (28,03 ticks)

        Nodes                                         Cuts/
   Node  Left     Objective  IInf  Best Integer    Best Bound    ItCnt     Gap

*     0+    0                        89283,6018  -268948,0000           401,23%
*     0+    0                        75609,4758  -268948,0000           455,71%
*     0+    0                        75600,3498  -268948,0000           455,75%
*     0+    0                        75591,2238  -268948,0000           455,79%
*     0+    0                        75582,0978  -268948,0000           455,84%
*     0+    0                        75572,9718  -268948,0000           455,88%
*     0+    0                        75563,8458  -268948,0000           455,92%
*     0+    0                        75554,7198  -268948,0000           455,96%
*     0+    0                        75545,5938  -268948,0000           456,01%
      0     0    24476,1066   220    75545,5938    24476,1066     1289   67,60%
*     0+    0                        25125,6562    24476,1066             2,59%
      0     0    24770,2677   270    25125,6562      Cuts: 10     1354    1,06%
      0     0    24893,8202   221    25125,6562      Cuts: 16     1435    0,92%
      0     0        cutoff          25125,6562    25125,6562     1435    0,00%
Elapsed time = 0,44 sec. (262,97 ticks, tree = 0,01 MB, solutions = 10)

Zero-half cuts applied:  8
Lift and project cuts applied:  1
Gomory fractional cuts applied:  3

Root node processing (before b&c):
  Real time             =    0,45 sec. (274,26 ticks)
Parallel b&c, 12 threads:
  Real time             =    0,00 sec. (0,00 ticks)
  Sync time (average)   =    0,00 sec.
  Wait time (average)   =    0,00 sec.
                          ------------
Total (root+branch&cut) =    0,45 sec. (274,26 ticks)

