
Version identifier: 22.1.1.0 | 2022-11-28 | 9160aff4d
CPXPARAM_MultiObjective_Display                  0
CPXPARAM_TimeLimit                               60000
CPXPARAM_WorkMem                                 8192
CPXPARAM_DetTimeLimit                            60000
Tried aggregator 3 times.
MIP Presolve eliminated 20164 rows and 125812 columns.
Aggregator did 282 substitutions.
Reduced MIP has 1448 rows, 4872 columns, and 11119 nonzeros.
Reduced MIP has 4856 binaries, 16 generals, 0 SOSs, and 0 indicators.
Presolve time = 0,10 sec. (78,86 ticks)
Found incumbent of value 104488,328082 after 0,13 sec. (98,43 ticks)
Probing time = 0,01 sec. (4,70 ticks)
Tried aggregator 2 times.
Detecting symmetries...
MIP Presolve modified 8 coefficients.
Aggregator did 8 substitutions.
Reduced MIP has 1440 rows, 4864 columns, and 11103 nonzeros.
Reduced MIP has 4856 binaries, 8 generals, 0 SOSs, and 0 indicators.
Presolve time = 0,01 sec. (11,30 ticks)
Probing time = 0,01 sec. (4,65 ticks)
Clique table members: 6636.
MIP emphasis: balance optimality and feasibility.
MIP search method: dynamic search.
Parallel mode: deterministic, using up to 12 threads.
Root relaxation solution time = 0,10 sec. (86,30 ticks)

        Nodes                                         Cuts/
   Node  Left     Objective  IInf  Best Integer    Best Bound    ItCnt     Gap

*     0+    0                       104488,3281  -396263,0000           479,24%
*     0+    0                        90802,9571  -396263,0000           536,40%
*     0+    0                        90794,8841  -396263,0000           536,44%
*     0+    0                        90786,8111  -396263,0000           536,48%
*     0+    0                        90779,8181  -396263,0000           536,51%
*     0+    0                        90773,1491  -396263,0000           536,54%
*     0+    0                        90766,4801  -396263,0000           536,57%
*     0+    0                        90759,8111  -396263,0000           536,61%
*     0+    0                        90753,1421  -396263,0000           536,64%
*     0+    0                        90746,4731  -396263,0000           536,67%
      0     0    12121,1728   427    90746,4731    12121,1728     2434   86,64%
*     0+    0                        19022,0070    12121,1728            36,28%
*     0+    0                        12126,6052    12121,1728             0,04%
      0     0        cutoff          12126,6052    12126,6052     2440    0,00%
Elapsed time = 0,49 sec. (416,02 ticks, tree = 0,01 MB, solutions = 12)

Zero-half cuts applied:  19
Lift and project cuts applied:  2
Gomory fractional cuts applied:  4

Root node processing (before b&c):
  Real time             =    0,50 sec. (429,22 ticks)
Parallel b&c, 12 threads:
  Real time             =    0,00 sec. (0,00 ticks)
  Sync time (average)   =    0,00 sec.
  Wait time (average)   =    0,00 sec.
                          ------------
Total (root+branch&cut) =    0,50 sec. (429,22 ticks)

