
Version identifier: 22.1.1.0 | 2022-11-28 | 9160aff4d
CPXPARAM_MultiObjective_Display                  0
CPXPARAM_WorkMem                                 8192
CPXPARAM_DetTimeLimit                            2000000
Tried aggregator 3 times.
MIP Presolve eliminated 119217 rows and 1086900 columns.
Aggregator did 1132 substitutions.
Reduced MIP has 5427 rows, 26380 columns, and 58263 nonzeros.
Reduced MIP has 26350 binaries, 30 generals, 0 SOSs, and 0 indicators.
Presolve time = 0,89 sec. (621,30 ticks)
Found incumbent of value 197797,772333 after 1,05 sec. (745,87 ticks)
Probing time = 0,03 sec. (11,99 ticks)
Tried aggregator 2 times.
Detecting symmetries...
Aggregator did 15 substitutions.
Reduced MIP has 5412 rows, 26365 columns, and 58233 nonzeros.
Reduced MIP has 26350 binaries, 15 generals, 0 SOSs, and 0 indicators.
Presolve time = 0,06 sec. (54,28 ticks)
Probing time = 0,05 sec. (11,65 ticks)
Clique table members: 32917.
MIP emphasis: balance optimality and feasibility.
MIP search method: dynamic search.
Parallel mode: deterministic, using up to 12 threads.
Root relaxation solution time = 0,76 sec. (455,97 ticks)

        Nodes                                         Cuts/
   Node  Left     Objective  IInf  Best Integer    Best Bound    ItCnt     Gap

*     0+    0                       197797,7723 -1900533,5338              --- 
*     0+    0                       170407,9763 -1900533,5338              --- 
*     0+    0                       170390,7773 -1900533,5338              --- 
*     0+    0                       170373,5783 -1900533,5338              --- 
*     0+    0                       170356,3793 -1900533,5338              --- 
*     0+    0                       170339,1803 -1900533,5338              --- 
*     0+    0                       170321,9813 -1900533,5338              --- 
*     0+    0                       170305,8623 -1900533,5338              --- 
*     0+    0                       170290,0673 -1900533,5338              --- 
*     0+    0                       170274,2723 -1900533,5338              --- 
      0     0    25064,0764  1704   170274,2723    25064,0764       45   85,28%
*     0+    0                        86376,5559    25064,0764            70,98%
      0     0    25153,3991  1691    86376,5559      Cuts: 26      629   70,88%
      0     0    25228,8603  1912    86376,5559  ZeroHalf: 27     1221   70,79%
      0     0    25278,7455  1849    86376,5559  ZeroHalf: 14     1646   70,73%
*     0+    0                        73895,8594    25278,7455            65,79%
*     0+    0                        44020,7285    25278,7455            42,58%
*     0+    0                        39799,1487    25278,7455            36,48%
*     0+    0                        39414,3014    25278,7455            35,86%
      0     0  -1,00000e+75     0    39414,3014    25278,7455     1646   35,86%
*     0+    0                        38495,6950    25278,7455            34,33%
      0     0    25286,9634  1883    38495,6950   ZeroHalf: 9     1880   34,31%
      0     0    25298,7112  1965    38495,6950   ZeroHalf: 6     2078   34,28%
Detecting symmetries...
      0     0    25316,4226  1881    38495,6950   ZeroHalf: 3     2344   34,24%
      0     0    25351,0933  1874    38495,6950  ZeroHalf: 12     2745   34,15%
      0     0    25375,5129  1894    38495,6950  ZeroHalf: 11     3091   34,08%
      0     0    25378,4878  1959    38495,6950  ZeroHalf: 10     3174   34,07%
      0     0    25388,9089  1926    38495,6950  ZeroHalf: 12     3383   34,05%
*     0+    0                        29384,9231    25388,9089            13,60%
Detecting symmetries...
      0     2    25388,9089  1926    29384,9231    25388,9089     3383   13,60%
Elapsed time = 22,05 sec. (10664,44 ticks, tree = 0,02 MB, solutions = 17)
      1     3    25410,0912  1935    29384,9231    25389,0389     4016   13,60%
      3     4    25451,2579  1901    29384,9231    25389,0389     4714   13,60%
      5     5    25555,3608  1698    29384,9231    25410,1453     5872   13,53%
     11     7    25615,8284  1513    29384,9231    25419,6311     7220   13,49%
     13    12    25588,7837  1561    29384,9231    25423,6523    13937   13,48%
     21    13    25675,8363  1628    29384,9231    25423,6523    13801   13,48%
     24    10    25710,8831  1731    29384,9231    25478,8817    11780   13,29%
     30    20    25647,1696  1567    29384,9231    25512,4512    31407   13,18%
     35    29    25674,6168  1327    29384,9231    25512,4512    57495   13,18%
     51    38    25730,3700  1611    29384,9231    25512,4512    97477   13,18%
Elapsed time = 45,09 sec. (14698,06 ticks, tree = 0,18 MB, solutions = 17)
     79    60    25936,5791  1441    29384,9231    25512,4512   135429   13,18%
    130   101    25980,6338  1477    29384,9231    25512,4512   164741   13,18%
*   145+   70                        27007,9332    25512,4512             5,54%
*   181   151      integral     0    26968,1802    25512,4512   181346    5,40%
    200   143    26254,0972  1203    26968,1802    25512,4512   178856    5,40%
*   263   199      integral     0    26933,8831    25512,4512   198827    5,28%
    367   240    26093,4513  1253    26933,8831    25512,4512   212987    5,28%
*   386   267      integral     0    26872,9767    25512,4512   222245    5,06%
*   404   299      integral     0    26796,7234    25554,1644   231335    4,64%
*   408   303      integral     0    26752,9891    25554,1644   236303    4,48%
*   459   323      integral     0    26716,8018    25587,9964   244368    4,23%
    470   323    25816,0673  1516    26716,8018    25587,9964   248145    4,23%
*   488+  318                        26352,7534    25587,9964             2,90%
*   527+  333                        26305,5238    25598,3943             2,69%
    559   322    26173,0023   840    26305,5238    25598,3943   280546    2,69%
    680   353    25863,4658  1158    26305,5238    25609,6766   301411    2,65%
    778   401    26236,2393  1054    26305,5238    25626,2163   320066    2,58%
Elapsed time = 106,66 sec. (23362,07 ticks, tree = 7,32 MB, solutions = 27)
    901   468        cutoff          26305,5238    25629,9273   341810    2,57%
   1025   549    26246,7218  1277    26305,5238    25663,6518   373949    2,44%
   1145   604    26112,5931  1006    26305,5238    25676,6260   392069    2,39%
   1262   689    26243,7527   892    26305,5238    25677,4067   416429    2,39%
   1378   752    25925,5688   894    26305,5238    25684,8606   440460    2,36%
   1507   820    25850,3142  1486    26305,5238    25691,4831   470893    2,33%
   1624   946    25737,8733  1380    26305,5238    25691,7796   514416    2,33%
   1754  1033    25794,5833  1132    26305,5238    25692,2951   539129    2,33%
   1869  1165    26161,9793  1183    26305,5238    25705,3830   579282    2,28%
   1985  1185    25820,8547  1190    26305,5238    25710,6132   585540    2,26%
Elapsed time = 178,16 sec. (32994,92 ticks, tree = 35,57 MB, solutions = 27)
*  2042  1196      integral     0    26272,6835    25710,6132   589906    2,14%
   2154  1319    25913,7770  1218    26272,6835    25711,0564   645887    2,14%
   2275  1349        cutoff          26272,6835    25718,8110   656597    2,11%
   2406  1394    25843,6571  1345    26272,6835    25723,2737   683365    2,09%
   2541  1451    26217,1958   940    26272,6835    25727,9577   701767    2,07%
   2682  1518    26240,6044  1315    26272,6835    25731,7395   721825    2,06%
   2805  1580    25921,1316  1102    26272,6835    25734,4632   745167    2,05%
   2952  1717    25952,6440   986    26272,6835    25739,9249   787161    2,03%
   3071  1786    25862,7038  1302    26272,6835    25744,9941   813500    2,01%
*  3116+ 1870                        26204,9042    25749,1653             1,74%
   3203  1813    26007,4200   925    26204,9042    25751,9345   882192    1,73%
Elapsed time = 245,38 sec. (42116,76 ticks, tree = 61,40 MB, solutions = 29)
*  3281  1833      integral     0    26168,6151    25752,9037   891649    1,59%
   3347  1754    25938,6181   986    26168,6151    25754,4113   903982    1,58%
   3489  1852    25777,7328  1311    26168,6151    25758,5246   943557    1,57%
   3636  1962    25951,7882  1312    26168,6151    25762,7839   986649    1,55%
   3779  1908    25963,0983  1072    26168,6151    25763,9868   960502    1,55%
   3872  1991    25885,1806  1365    26168,6151    25766,1330   998659    1,54%

Performing restart 1

Repeating presolve.
Tried aggregator 2 times.
MIP Presolve eliminated 644 rows and 9143 columns.
Aggregator did 149 substitutions.
Reduced MIP has 4619 rows, 17073 columns, and 38956 nonzeros.
Reduced MIP has 17058 binaries, 15 generals, 0 SOSs, and 0 indicators.
Presolve time = 0,05 sec. (37,17 ticks)
Tried aggregator 1 time.
Reduced MIP has 4619 rows, 17073 columns, and 38956 nonzeros.
Reduced MIP has 17058 binaries, 15 generals, 0 SOSs, and 0 indicators.
Presolve time = 0,04 sec. (29,67 ticks)
Represolve time = 1,57 sec. (1058,68 ticks)
   3902     0    25448,6982  1941    26168,6151       Cuts: 9  1076827    1,51%
   3902     0    25473,6470  1898    26168,6151  ZeroHalf: 12  1077246    1,51%
   3902     0    25494,4299  1982    26168,6151   ZeroHalf: 9  1077606    1,51%
   3902     0    25511,2199  2063    26168,6151   ZeroHalf: 9  1077804    1,51%
   3902     0    25515,0799  2078    26168,6151   ZeroHalf: 7  1077997    1,51%
   3902     2    25515,0799  2078    26168,6151    25773,8879  1077997    1,51%
   3905     5    25531,5674  1955    26168,6151    25773,8879  1078596    1,51%
   3915    11    25742,9898  1668    26168,6151    25773,8879  1085183    1,51%
*  3932+   10                        26168,5843    25773,8879             1,51%
*  3937+   10                        26102,2461    25773,8879             1,26%
   3937    12    25873,3290  1574    26102,2461    25773,8879  1088701    1,26%
   4043    56        cutoff          26102,2461    25773,8879  1131183    1,26%
Elapsed time = 311,45 sec. (64746,66 ticks, tree = 1,10 MB, solutions = 32)
   4205   134    26086,7304  1165    26102,2461    25773,8879  1156711    1,26%
   4387   247    25893,8070  1923    26102,2461    25773,8879  1181265    1,26%
   4531   324    25814,6379  1881    26102,2461    25773,8879  1205921    1,26%
   4606   410        cutoff          26102,2461    25773,8879  1232659    1,26%
   4768   457    26064,7134  1513    26102,2461    25773,8879  1247037    1,26%
   4904   585    26019,5213  1375    26102,2461    25773,8879  1283746    1,26%
   5048   665    26015,7245  1514    26102,2461    25773,8879  1312433    1,26%
   5233   689        cutoff          26102,2461    25773,8879  1323784    1,26%
*  5359   820      integral     0    26056,1833    25778,0497  1367489    1,07%
   5359   820    26056,1833     0    26056,1833    25778,0497  1367489    1,07%
   5432   714    26017,2136  1423    26056,1833    25778,0497  1390109    1,07%
Elapsed time = 368,36 sec. (74359,82 ticks, tree = 12,78 MB, solutions = 33)
   5517   757    26033,7825  1439    26056,1833    25801,2215  1418286    0,98%
*  5631   763      integral     0    26051,7111    25847,2770  1423972    0,78%
   5659   761        cutoff          26051,7111    25847,2770  1430957    0,78%
   5802   801        cutoff          26051,7111    25874,9585  1472170    0,68%
   5963   832        cutoff          26051,7111    25882,4491  1515697    0,65%
   6106   829    26047,4613  1315    26051,7111    25890,3625  1514857    0,62%
   6227   872    26019,3378  1377    26051,7111    25898,3613  1551741    0,59%
*  6258+  866                        26044,4211    25901,6335             0,55%
   6303   805        cutoff          26044,4211    25908,6523  1610480    0,52%
   6411   806        cutoff          26044,4211    25918,8735  1611601    0,48%
   6566   769    26043,7018  1579    26044,4211    25925,9018  1644756    0,46%
   6752   657        cutoff          26044,4211    25949,9406  1700655    0,36%
Elapsed time = 420,20 sec. (83976,29 ticks, tree = 10,32 MB, solutions = 35)
   6957   553        cutoff          26044,4211    25974,6338  1738569    0,27%
   7282   230        cutoff          26044,4211    25995,6777  1785347    0,19%

Mixed integer rounding cuts applied:  1
Zero-half cuts applied:  74
Lift and project cuts applied:  2
Gomory fractional cuts applied:  4

Root node processing (before b&c):
  Real time             =   21,22 sec. (10809,46 ticks)
Parallel b&c, 12 threads:
  Real time             =  411,00 sec. (75633,34 ticks)
  Sync time (average)   =   49,69 sec.
  Wait time (average)   =    0,03 sec.
                          ------------
Total (root+branch&cut) =  432,22 sec. (86442,80 ticks)

