
Version identifier: 22.1.1.0 | 2022-11-28 | 9160aff4d
CPXPARAM_MultiObjective_Display                  0
CPXPARAM_TimeLimit                               2000000
CPXPARAM_WorkMem                                 8192
CPXPARAM_DetTimeLimit                            2000000
Found incumbent of value 255000,000000 after 0,07 sec. (52,37 ticks)
Tried aggregator 3 times.
MIP Presolve eliminated 119098 rows and 1078977 columns.
Aggregator did 1283 substitutions.
Reduced MIP has 6157 rows, 34162 columns, and 74766 nonzeros.
Reduced MIP has 34132 binaries, 30 generals, 0 SOSs, and 0 indicators.
Presolve time = 0,86 sec. (641,36 ticks)
Tried aggregator 2 times.
Detecting symmetries...
Aggregator did 15 substitutions.
Reduced MIP has 6142 rows, 34147 columns, and 74736 nonzeros.
Reduced MIP has 34132 binaries, 15 generals, 0 SOSs, and 0 indicators.
Presolve time = 0,07 sec. (69,12 ticks)
Probing time = 0,05 sec. (14,83 ticks)
Clique table members: 41534.
MIP emphasis: balance optimality and feasibility.
MIP search method: dynamic search.
Parallel mode: deterministic, using up to 12 threads.
Root relaxation solution time = 0,83 sec. (612,54 ticks)

        Nodes                                         Cuts/
   Node  Left     Objective  IInf  Best Integer    Best Bound    ItCnt     Gap

*     0+    0                       255000,0000 -2123032,4832           932,56%
*     0+    0                       212044,7226 -2123032,4832              --- 
      0     0    17660,2902  2915   212044,7226    17660,2902       42   91,67%
*     0+    0                       131506,7293    17660,2902            86,57%
*     0+    0                        62814,1153    17660,2902            71,88%
      0     0    17701,7825  2993    62814,1153  ZeroHalf: 16     1129   71,82%
      0     0    17738,7301  2907    62814,1153  ZeroHalf: 15     1922   71,76%
      0     0    17747,0723  3000    62814,1153  ZeroHalf: 15     2548   71,75%
      0     0    17772,8975  3025    62814,1153  ZeroHalf: 20     3732   71,71%
      0     0    17802,9492  3169    62814,1153  ZeroHalf: 13     4739   71,66%
Detecting symmetries...
      0     0    17806,9271  3150    62814,1153   ZeroHalf: 7     5272   71,65%
      0     0    17814,2044  3132    62814,1153  ZeroHalf: 10     5763   71,64%
      0     0    17817,5328  3156    62814,1153  ZeroHalf: 10     6201   71,63%
      0     0    17819,0555  3213    62814,1153   ZeroHalf: 6     6495   71,63%
      0     0    17820,7505  3228    62814,1153   ZeroHalf: 6     6860   71,63%
Heuristic still looking.
*     0+    0                        21839,7362    17820,7505            18,40%
Detecting symmetries...
      0     2    17820,7505  3228    21839,7362    17820,7505     6860   18,40%
Elapsed time = 51,32 sec. (29075,58 ticks, tree = 0,02 MB, solutions = 4)
      1     3    17845,0901  3105    21839,7362    17820,7551     7917   18,40%
      2     3    17878,3433  3072    21839,7362    17820,7551     8274   18,40%
      4     5    17890,1754  3067    21839,7362    17845,0989    10563   18,29%
      7     6    17879,3148  3075    21839,7362    17845,0989    11928   18,29%
     10     8    17873,2524  2899    21839,7362    17860,1346    13813   18,22%
     12     7    17895,3095  3025    21839,7362    17860,1346    12434   18,22%
     16     9    17894,3967  2779    21839,7362    17865,0147    15481   18,20%
     20    14    17921,2502  2884    21839,7362    17865,0147    21062   18,20%
     26    21    17893,3064  2765    21839,7362    17865,0147    27012   18,20%
     38    30    17922,7555  2870    21839,7362    17876,2781    39881   18,15%
Elapsed time = 72,50 sec. (34831,61 ticks, tree = 0,20 MB, solutions = 4)
     51    36    17940,6159  2962    21839,7362    17876,2781    51602   18,15%
     60    51    17930,1586  2651    21839,7362    17876,2781    72232   18,15%
     70    60    18029,2651  2342    21839,7362    17876,2781    85227   18,15%
     81    58    18892,8589  2300    21839,7362    17876,2781    82439   18,15%
     92    75    17981,3322  2674    21839,7362    17876,2781   105582   18,15%
     99    86    18037,5513  2427    21839,7362    17876,2781   123275   18,15%
    108   107    18148,7796  2180    21839,7362    17876,2781   162625   18,15%
    119   112    18074,1586  2373    21839,7362    17876,2781   175111   18,15%
    130   114    18128,0787  2463    21839,7362    17876,2781   178546   18,15%
    137   131    18115,4170  2349    21839,7362    17876,2781   199429   18,15%
Elapsed time = 136,44 sec. (45315,40 ticks, tree = 1,63 MB, solutions = 4)
*   144+   96                        21644,3585    17876,2781            17,41%
    145   123    18878,5256  2397    21644,3585    17876,2781   192556   17,41%
    156   150    18336,5873  1886    21644,3585    17876,2781   220839   17,41%
    161   156    18117,8343  2824    21644,3585    17876,2781   230189   17,41%
    170   141    18882,7344  2144    21644,3585    17876,2781   217460   17,41%
    183   172    18054,8191  2425    21644,3585    17876,2781   260396   17,41%
    194   166    18193,4516  2339    21644,3585    17876,2781   247920   17,41%
    203   187    18565,6553  1504    21644,3585    17876,2781   279722   17,41%
    218   175    18864,1983  2335    21644,3585    17876,2781   267703   17,41%
    239   215    18308,5039  2213    21644,3585    17876,2781   314795   17,41%
    256   230    19604,6731   989    21644,3585    17876,2781   325000   17,41%
Elapsed time = 209,52 sec. (56620,69 ticks, tree = 5,30 MB, solutions = 5)
    268   246    19277,1390  1626    21644,3585    17876,2781   346231   17,41%
    284   238    18472,4843  1521    21644,3585    17876,2781   335695   17,41%
    306   272    19250,1453   720    21644,3585    17876,2781   368115   17,41%
    328   244    18530,1656  2492    21644,3585    17876,2781   346548   17,41%
    350   281    19654,0520   810    21644,3585    17876,2781   372444   17,41%
    375   338    19584,1338  1293    21644,3585    17876,2781   434602   17,41%
    399   303    18814,2064  1575    21644,3585    17876,2781   410408   17,41%
    435   340    21357,7631   115    21644,3585    17876,2781   426966   17,41%
    460   377    19050,1178  1814    21644,3585    17876,2781   474867   17,41%
    481   446    19063,3361  1292    21644,3585    17876,2781   520980   17,41%
Elapsed time = 273,02 sec. (66449,10 ticks, tree = 9,41 MB, solutions = 5)
    504   453    19071,7158  1931    21644,3585    17876,2781   528071   17,41%
    525   451    19173,9766   570    21644,3585    17876,2781   525130   17,41%
    551   424    19359,8898   911    21644,3585    17876,2781   507131   17,41%
*   563   521      integral     0    21484,7000    17876,2781   585605   16,80%
    574   541    20997,0600   758    21484,7000    17876,2781   602009   16,80%
*   591   544      integral     0    21443,7130    17876,2781   603003   16,64%
    630   554    19678,3728   923    21443,7130    17876,2781   604277   16,64%
    661   502    20373,3774   630    21443,7130    17876,2781   570034   16,64%
    692   564    20731,7387   514    21443,7130    17876,2781   609200   16,64%
*   706   619      integral     0    21294,6442    17876,2781   655955   16,05%
*   709   644      integral     0    21292,7624    17876,2781   679423   16,05%
    723   554    18027,8791  2378    21292,7624    17876,2781   616140   16,05%
    764   676    19882,0749  1366    21292,7624    17886,0682   709539   16,00%
Elapsed time = 336,69 sec. (75999,48 ticks, tree = 13,86 MB, solutions = 9)
*   766   652      integral     0    20940,1585    17886,0682   682023   14,58%
    794   660    18162,5311  2260    20940,1585    17886,0682   697787   14,58%
    824   684    20240,5323  1212    20940,1585    17886,0682   713450   14,58%
    850   693    20130,3317  1196    20940,1585    17886,0682   732808   14,58%
    877   722    20298,8160  1279    20940,1585    17886,0682   761908   14,58%
    904   724    20764,1384  1371    20940,1585    17886,0682   764006   14,58%
    936   711    18033,8101  2547    20940,1585    17886,0682   750955   14,58%
    961   739    18383,1252  1989    20940,1585    17886,0682   782285   14,58%
    978   775    18117,3339  2171    20940,1585    17886,0682   799596   14,58%
    999   735    18865,6336  2433    20940,1585    17893,3510   779061   14,55%
Elapsed time = 393,84 sec. (84915,88 ticks, tree = 15,71 MB, solutions = 11)
   1020   729    18892,1659  2743    20940,1585    17893,3510   771952   14,55%
*  1026+  789                        19592,0304    17893,3510             8,67%
   1035   825    18204,7157  2513    19592,0304    17893,3510   841023    8,67%
   1054   879    18036,3589  2632    19592,0304    17894,7967   893054    8,66%
   1069   627    18281,8578  2691    19592,0304    17894,7967   932247    8,66%
   1090   895    18849,3802  2404    19592,0304    17894,7967   911480    8,66%
   1110   875    19005,7711  2172    19592,0304    17894,7967   887856    8,66%
   1133   654    19421,1000   721    19592,0304    17894,7967   950501    8,66%
   1161   678    18718,1551  1086    19592,0304    17894,7967   975497    8,66%
   1175   686    18942,4855  2511    19592,0304    17894,7967   991578    8,66%
   1189   660    18000,6630  2635    19592,0304    17894,7967   954971    8,66%
Elapsed time = 458,40 sec. (94901,35 ticks, tree = 17,01 MB, solutions = 13)
   1202   688    19396,3664   837    19592,0304    17894,7967   981837    8,66%
   1219   714    18370,3556  2630    19592,0304    17894,7967  1017008    8,66%
   1229   753    18443,2134  1610    19592,0304    17894,7967  1058694    8,66%
   1245   757    18476,4832  1466    19592,0304    17903,2184  1060393    8,62%
   1263   687    19377,5962  2259    19592,0304    17903,2184   993760    8,62%
   1277   758    18308,0881  2419    19592,0304    17903,2184  1058895    8,62%
   1290   770    19028,8639   989    19592,0304    17903,2184  1066317    8,62%
   1313   806    18386,2611  2785    19592,0304    17903,2184  1128994    8,62%
   1330   815    19486,5029  2063    19592,0304    17903,2184  1142581    8,62%
   1348   795    19259,1759  1939    19592,0304    17903,2184  1108243    8,62%
Elapsed time = 534,05 sec. (105141,56 ticks, tree = 23,93 MB, solutions = 13)
   1359   804    18658,9626  2560    19592,0304    17903,2184  1123550    8,62%
   1368   833    18612,0678  2180    19592,0304    17914,0222  1162706    8,56%
   1381   816        cutoff          19592,0304    17914,0222  1156115    8,56%
   1392   838    18824,8834  2017    19592,0304    17914,0222  1166007    8,56%
   1399   806    18709,4221  2465    19592,0304    17914,0222  1125164    8,56%
   1411   879    18042,6030  2490    19592,0304    17914,0222  1205177    8,56%
   1420   916    19320,4014  2081    19592,0304    17914,0222  1246029    8,56%
   1434   954    19184,0761  2237    19592,0304    17914,0222  1293327    8,56%
   1449   957    17944,4432  2712    19592,0304    17914,0222  1301277    8,56%
   1467   949    18281,3233  2553    19592,0304    17914,0222  1283892    8,56%
Elapsed time = 596,45 sec. (115139,82 ticks, tree = 32,16 MB, solutions = 13)
   1478   962    19486,0804  1897    19592,0304    17914,0222  1298497    8,56%
   1497   952    18389,3783  2573    19592,0304    17914,0222  1286849    8,56%
   1510   970    17973,2339  2801    19592,0304    17917,2592  1315866    8,55%
   1528   956    18482,7313  2607    19592,0304    17921,3476  1289720    8,53%
   1544   974    19397,4759  2372    19592,0304    17921,3476  1323768    8,53%
   1563  1022    18557,5972  2619    19592,0304    17921,3476  1360242    8,53%
   1581   978    19549,1088  2151    19592,0304    17921,3476  1327300    8,53%
   1607   978        cutoff          19592,0304    17921,3476  1329612    8,53%
   1624  1055    18153,9504  2987    19592,0304    17921,3476  1400379    8,53%
   1685  1090    18513,1999  2473    19592,0304    17931,6311  1450886    8,47%
Elapsed time = 659,80 sec. (127975,95 ticks, tree = 35,65 MB, solutions = 13)
   1728  1157    18517,9773  2499    19592,0304    17931,6311  1514832    8,47%
   1785  1211    19312,8061  2172    19592,0304    17934,9963  1577060    8,46%
   1850  1268    19273,7658  1649    19592,0304    17934,9963  1653240    8,46%
   1934  1291    19440,2286  2369    19592,0304    17934,9963  1695291    8,46%
   2020  1323    18038,9921  2764    19592,0304    17937,7420  1735615    8,44%
   2096  1376    18048,5977  2635    19592,0304    17937,7420  1797531    8,44%
   2164  1438    18294,7289  2518    19592,0304    17937,7420  1853671    8,44%
   2241  1556    19018,4863  2547    19592,0304    17943,8377  1968864    8,41%
   2300  1576    18247,4403  2927    19592,0304    17944,4496  1985010    8,41%
   2382  1618    19536,6710  2123    19592,0304    17945,7470  2033274    8,40%
Elapsed time = 905,18 sec. (166641,36 ticks, tree = 53,96 MB, solutions = 13)
   2475  1748    18026,9080  2427    19592,0304    17947,3488  2154888    8,39%
   2567  1842    19466,2450  1574    19592,0304    17949,0997  2233839    8,39%
   2663  1975        cutoff          19592,0304    17949,0997  2356621    8,39%
   2744  1907    19271,8028  2399    19592,0304    17949,0997  2309651    8,39%
   2817  1984    18358,3781  2440    19592,0304    17953,6311  2367965    8,36%
   2886  2063    18523,6401  2138    19592,0304    17958,9666  2445812    8,34%
   2972  2159    19575,9479  2125    19592,0304    17958,9666  2545604    8,34%
   3077  2290    18967,3086  2313    19592,0304    17958,9666  2675664    8,34%
   3201  2365    18135,7590  2303    19592,0304    17958,9666  2740618    8,34%
   3311  2364    18159,2699  2375    19592,0304    17962,5291  2736875    8,32%
Elapsed time = 1152,43 sec. (205301,16 ticks, tree = 91,45 MB, solutions = 13)
   3397  2427    18065,1882  2612    19592,0304    17962,5291  2783612    8,32%
   3490  2499    18168,8674  2409    19592,0304    17966,2361  2855859    8,30%
   3589  2621    18501,8075  2676    19592,0304    17969,5496  2945696    8,28%
   3672  2764    18637,5671  2340    19592,0304    17971,1574  3056111    8,27%
   3773  2877    19456,0338  2375    19592,0304    17972,3855  3158401    8,27%
   3866  2828    18070,1642  2470    19592,0304    17972,3855  3111479    8,27%
   3941  2911    18501,3130  2716    19592,0304    17972,3855  3183985    8,27%
   3963  2945    18152,3369  2714    19592,0304    17972,4379  3212852    8,27%

Performing restart 1

Repeating presolve.
Tried aggregator 2 times.
MIP Presolve eliminated 8 rows and 170 columns.
Aggregator did 1 substitutions.
Reduced MIP has 6133 rows, 33976 columns, and 74383 nonzeros.
Reduced MIP has 33961 binaries, 15 generals, 0 SOSs, and 0 indicators.
Presolve time = 0,06 sec. (52,16 ticks)
Tried aggregator 1 time.
Reduced MIP has 6133 rows, 33976 columns, and 74383 nonzeros.
Reduced MIP has 33961 binaries, 15 generals, 0 SOSs, and 0 indicators.
Presolve time = 0,07 sec. (55,89 ticks)
Represolve time = 1,30 sec. (1104,24 ticks)
   3965     0    17833,2983  3275    19592,0304   ZeroHalf: 3  3408851    8,26%
   3965     0    17834,1721  3306    19592,0304   ZeroHalf: 5  3409075    8,26%
   3965     0    17848,1302  3149    19592,0304  ZeroHalf: 12  3409943    8,26%
   3965     0    17850,1772  3209    19592,0304   ZeroHalf: 3  3410306    8,26%
   3965     0    17863,0895  3306    19592,0304      Cuts: 23  3411296    8,26%
   3965     0    17873,9755  3353    19592,0304      Cuts: 17  3412096    8,26%
   3965     2    17873,9755  3353    19592,0304    17974,0964  3412096    8,26%
   3967     3    17917,8467  3184    19592,0304    17974,0964  3414749    8,26%
Elapsed time = 1432,19 sec. (308246,57 ticks, tree = 0,02 MB, solutions = 13)
   3992    13    18037,7021  3112    19592,0304    17974,0964  3422763    8,26%
   4018    34    18226,8033  2842    19592,0304    17974,0964  3473927    8,26%
   4037    70    19078,5942  2665    19592,0304    17974,0964  3586276    8,26%
   4068    77    18261,4673  2787    19592,0304    17974,0964  3599843    8,26%
   4107   123    18230,0575  2869    19592,0304    17974,0964  3688130    8,26%
   4139   131    19009,6805  2506    19592,0304    17974,0964  3705403    8,26%
   4181   162    18043,0082  2814    19592,0304    17974,0964  3749161    8,26%
   4232   204    18335,3893  2566    19592,0304    17974,0964  3811262    8,26%
   4285   255    18588,9190  2531    19592,0304    17974,0964  3859439    8,26%
   4339   318    18217,1649  2644    19592,0304    17974,0964  3912062    8,26%
Elapsed time = 1662,28 sec. (347948,39 ticks, tree = 5,55 MB, solutions = 13)
   4385   341    18155,9781  2667    19592,0304    17974,0964  3927581    8,26%
   4420   387    18327,0978  2822    19592,0304    17974,0964  3975987    8,26%
   4493   453    18299,6249  2785    19592,0304    17974,0964  4038148    8,26%
   4567   498    18333,4123  2680    19592,0304    17974,0964  4083407    8,26%
   4633   508    18768,1031  2365    19592,0304    17974,0964  4096428    8,26%
   4725   590    18069,7062  2922    19592,0304    17974,0964  4165079    8,26%
   4819   628    19352,7721  1880    19592,0304    17974,0964  4208029    8,26%
   4921   758    17990,7824  2798    19592,0304    17974,0964  4304466    8,26%
   4992   838    18392,5403  2314    19592,0304    17974,0964  4382090    8,26%
   5057   883    18601,1981  2132    19592,0304    17974,0964  4424915    8,26%
Elapsed time = 1891,08 sec. (386487,77 ticks, tree = 34,83 MB, solutions = 13)
   5117   851    18066,4391  2658    19592,0304    17974,0964  4396163    8,26%
   5193   973    18730,9465  2188    19592,0304    17974,0964  4503473    8,26%
   5298  1124    19154,1932  1906    19592,0304    17974,0964  4637352    8,26%
   5402  1106    19017,8804  1832    19592,0304    17974,0964  4621195    8,26%
   5537  1163    19125,5129  1746    19592,0304    17974,0964  4674843    8,26%
   5637  1316    19221,8641  1841    19592,0304    17974,0964  4808303    8,26%
   5709  1273    19449,5195  1789    19592,0304    17974,0964  4766752    8,26%
   5796  1527    19413,3496  1415    19592,0304    17974,0964  4970650    8,26%
   5847  1532        cutoff          19592,0304    17974,0964  4972654    8,26%
   5962  1575    18494,6767  2389    19592,0304    17974,0964  5017473    8,26%
Elapsed time = 2142,14 sec. (425041,83 ticks, tree = 76,97 MB, solutions = 13)
   6090  1639    19436,8021  1540    19592,0304    17974,0964  5069027    8,26%
   6156  1693    18970,2265  1906    19592,0304    17974,0964  5100273    8,26%
   6233  1712    19423,4147  1640    19592,0304    17974,0964  5106794    8,26%
   6300  1865    19062,7844  2683    19592,0304    17974,0964  5260040    8,26%
   6382  1884    18229,0502  2609    19592,0304    17974,0964  5276763    8,26%
   6463  1978    19283,8081  2126    19592,0304    17974,0964  5372752    8,26%
   6537  2031    18529,0735  2496    19592,0304    17974,0964  5424632    8,26%
   6608  2174    18362,0283  2468    19592,0304    17974,0964  5564054    8,26%
   6674  2136    19111,8735  1974    19592,0304    17974,0964  5535093    8,26%
   6754  2198        cutoff          19592,0304    17974,0964  5589986    8,26%
Elapsed time = 2368,24 sec. (463941,15 ticks, tree = 116,62 MB, solutions = 13)
   6830  2361    18599,3608  2180    19592,0304    17974,0964  5766762    8,26%
   6922  2349    18193,1598  2638    19592,0304    17974,0964  5748761    8,26%
   7022  2412    19373,7977  1835    19592,0304    17974,0964  5803102    8,26%
   7123  2563    19382,4312  1822    19592,0304    17974,0964  5931651    8,26%
   7233  2615    18795,7136  1453    19592,0304    17974,0964  5978346    8,26%
   7318  2616    19039,3435  1428    19592,0304    17974,0964  5973924    8,26%
   7421  2673    18394,0412  2429    19592,0304    17974,0964  6015155    8,26%
   7525  2829    18426,0000  2703    19592,0304    17974,0964  6126516    8,26%
   7614  2939    18693,1020  1749    19592,0304    17974,0964  6212480    8,26%
   7701  2957    19507,0226  1408    19592,0304    17974,0964  6234119    8,26%
Elapsed time = 2608,77 sec. (502501,09 ticks, tree = 165,06 MB, solutions = 13)
   7822  3103    19059,3331  2197    19592,0304    17974,0964  6359211    8,26%
   7898  3184    19399,7685  1652    19592,0304    17974,0964  6418923    8,26%
   7973  3216    19561,0377  1724    19592,0304    17974,0964  6450431    8,26%
   8045  3310    18206,8062  2874    19592,0304    17974,0964  6505798    8,26%
   8126  3328    19561,6658  1986    19592,0304    17974,0964  6523788    8,26%
   8178  3483    18448,6702  2423    19592,0304    17974,0964  6666572    8,26%
   8235  3456    18724,4845  2213    19592,0304    17974,0964  6647975    8,26%
   8293  3528    19361,6804  1805    19592,0304    17974,0964  6721244    8,26%
   8361  3656    19344,7953  2014    19592,0304    17974,0964  6897818    8,26%
   8447  3662    19417,9756  2062    19592,0304    17974,0964  6904360    8,26%
Elapsed time = 2865,69 sec. (541231,34 ticks, tree = 206,92 MB, solutions = 13)
   8514  3685    18389,6767  2702    19592,0304    17974,0964  6926051    8,26%
   8563  3743    18602,4212  2211    19592,0304    17974,0964  6982498    8,26%
   8615  3758    18454,0716  2051    19592,0304    17974,0964  7012601    8,26%
   8674  3916    18659,0214  2089    19592,0304    17974,0964  7169364    8,26%
   8759  3951    18429,1222  2663    19592,0304    17974,0964  7211446    8,26%
   8855  4007    19559,7556  1558    19592,0304    17974,0964  7247491    8,26%
   8942  4094    18967,7720  1243    19592,0304    17974,0964  7321721    8,26%
   9047  4179    19403,5142  1829    19592,0304    17974,0964  7397966    8,26%
   9126  4185    18620,6361  2399    19592,0304    17974,0964  7414732    8,26%
   9188  4314    19085,2848  2585    19592,0304    17974,0964  7506561    8,26%
Elapsed time = 3085,94 sec. (579936,97 ticks, tree = 244,28 MB, solutions = 13)
   9256  4403    18810,5580  2466    19592,0304    17974,0964  7603871    8,26%
   9337  4370    19272,9157  2182    19592,0304    17974,0964  7577363    8,26%
   9419  4368        cutoff          19592,0304    17974,0964  7567632    8,26%
   9482  4452    18682,3558  2170    19592,0304    17974,0964  7653509    8,26%
   9544  4640    19036,5146  2112    19592,0304    17974,0964  7837272    8,26%
   9624  4656    18734,0907  2204    19592,0304    17974,0964  7859777    8,26%
   9705  4718    19280,0171  2235    19592,0304    17974,0964  7952037    8,26%
   9814  4864        cutoff          19592,0304    17974,0964  8080824    8,26%
   9894  4783    19403,3824  1349    19592,0304    17974,0964  8006412    8,26%
   9986  4904    19296,6452  1589    19592,0304    17974,0964  8121180    8,26%
Elapsed time = 3332,09 sec. (618504,81 ticks, tree = 282,89 MB, solutions = 13)
  10096  5012    18744,4924  2277    19592,0304    17974,0964  8220585    8,26%
  10237  5103    19229,9988  1417    19592,0304    17974,0964  8295183    8,26%
  10391  5083    19126,6729  2351    19592,0304    17974,0964  8287528    8,26%
  10540  5168    19220,3256  1689    19592,0304    17974,0964  8340166    8,26%
  10629  5264    18197,5298  2618    19592,0304    17974,0964  8435356    8,26%
  10722  5334    19225,5497  2326    19592,0304    17974,0964  8476534    8,26%
  10777  5455    18589,6199  2082    19592,0304    17974,0964  8542824    8,26%
  10837  5656    19534,5430  2031    19592,0304    17974,0964  8658682    8,26%
  10935  5676    19202,2305  1562    19592,0304    17974,0964  8678563    8,26%
  11032  5789    19146,1310  1535    19592,0304    17974,0964  8779886    8,26%
Elapsed time = 3579,46 sec. (657042,70 ticks, tree = 340,33 MB, solutions = 13)
  11131  5923    19414,9019  1573    19592,0304    17974,0964  8873654    8,26%
  11243  5977    19332,3517  1382    19592,0304    17974,0964  8913698    8,26%
* 11303  5992      integral     0    19573,9080    17974,0964  8919518    8,17%
  11318  5843        cutoff          19573,9080    17974,0964  8834700    8,17%
  11386  6063    19448,9539  1942    19573,9080    17974,0964  9035903    8,17%
  11474  6154    19242,9247  2255    19573,9080    17974,0964  9128389    8,17%
  11586  6196    18978,3040  2107    19573,9080    17974,0964  9164228    8,17%
  11666  6281        cutoff          19573,9080    17974,0964  9253893    8,17%
  11740  6414    18784,2205  2201    19573,9080    17974,0964  9368578    8,17%
  11806  6459    18965,9509  2007    19573,9080    17974,0964  9406592    8,17%
  11887  6542    19570,6061  2007    19573,9080    17974,0964  9522371    8,17%
Elapsed time = 3797,11 sec. (695950,75 ticks, tree = 386,03 MB, solutions = 14)
  11962  6557    19007,6237  2741    19573,9080    17974,0964  9542225    8,17%
  12042  6615    19556,3423  1743    19573,9080    17974,0964  9565668    8,17%
  12137  6653    19253,0840  2551    19573,9080    17974,0964  9635689    8,17%
  12217  6656    19297,2319  2519    19573,9080    17974,0964  9641403    8,17%
  12272  6723        cutoff          19573,9080    17974,0964  9694605    8,17%
  12336  6866    18762,9710  2185    19573,9080    17974,0964  9835707    8,17%
  12385  6777    19107,2967  1930    19573,9080    17974,0964  9769501    8,17%
  12436  6919    19085,5452  2030    19573,9080    17974,0964  9892573    8,17%
  12500  6910    19037,7308  2145    19573,9080    17974,0964  9883140    8,17%
  12553  7139    18860,5766  2438    19573,9080    17974,0964 10111099    8,17%
Elapsed time = 4056,28 sec. (734593,39 ticks, tree = 415,72 MB, solutions = 14)
  12632  7058    18885,7312  1993    19573,9080    17974,0964 10035836    8,17%
  12702  7173    18994,7534  2227    19573,9080    17974,0964 10165217    8,17%
  12779  7123    18937,3879  2071    19573,9080    17974,0964 10100419    8,17%
  12840  7305        cutoff          19573,9080    17974,0964 10301184    8,17%
* 12904+ 7269                        19438,7413    17974,0964             7,53%
  12956  7250    19347,4049  1988    19438,7413    17974,0964 10227164    7,53%
  13069  6596    18982,9610  2326    19438,7413    17974,0964 10402737    7,53%
  13148  7327        cutoff          19438,7413    17974,0964 10321700    7,53%
  13209  6748    18662,5459  2311    19438,7413    17974,0964 10573143    7,53%
  13274  6647    19025,2414  1699    19438,7413    17974,0964 10477230    7,53%
  13360  6850        cutoff          19438,7413    17974,0964 10731802    7,53%
Elapsed time = 4260,86 sec. (773194,96 ticks, tree = 392,00 MB, solutions = 15)
  13453  6738        cutoff          19438,7413    17974,0964 10556979    7,53%
  13531  6895        cutoff          19438,7413    17974,0964 10779272    7,53%
  13614  6904    19411,2825  2238    19438,7413    17974,0964 10787280    7,53%
  13719  7059    18875,2929  1897    19438,7413    17974,0964 10970729    7,53%
  13787  7069    19246,1908  1876    19438,7413    17974,0964 10977402    7,53%
  13854  7018    18663,6552  2641    19438,7413    18041,1901 10921275    7,19%
  13910  7092    19331,4683  2381    19438,7413    18041,3652 11008206    7,19%
  13985  7234    19322,5467  2060    19438,7413    18041,9236 11165214    7,19%
  14056  7264    19421,2447  1973    19438,7413    18043,0688 11208819    7,18%
  14116  7435    19199,9861  1879    19438,7413    18043,1453 11399885    7,18%
Elapsed time = 4506,71 sec. (812271,79 ticks, tree = 411,07 MB, solutions = 15)
  14175  7475    18579,8578  2361    19438,7413    18045,4044 11446907    7,17%
  14245  7327    18655,3387  2210    19438,7413    18045,4044 11290292    7,17%
* 14290  7524      integral     0    19383,3261    18045,4044 11517096    6,90%
* 14292  7017      integral     0    19380,7511    18045,4044 11539158    6,89%
  14369  7468    19198,3867  1992    19380,7511    18045,4044 11437987    6,89%
* 14402  7080      integral     0    19249,4037    18045,4044 11632690    6,25%
  14429  7020    19054,5779  2437    19249,4037    18045,4044 11570400    6,25%
  14473  7549    18675,1180  2302    19249,4037    18045,6508 11551026    6,25%
  14531  6188    18658,1530  2123    19249,4037    18045,6508 11748343    6,25%
  14606  7063    19291,7510  1917    19249,4037    18045,6508 11629186    6,25%
  14661  6255    18471,0907  2902    19249,4037    18051,3805 11838510    6,22%
  14693  6357    18405,4526  2628    19249,4037    18051,3805 11975988    6,22%
Elapsed time = 4759,03 sec. (849666,05 ticks, tree = 335,51 MB, solutions = 18)
  14726  6269    19024,4142  2212    19249,4037    18051,3805 11865805    6,22%
  14787  6365    18782,4374  1386    19249,4037    18053,3460 11975735    6,21%
  14859  6369    18872,0011  1764    19249,4037    18057,9990 11993457    6,19%
  14921  6426        cutoff          19249,4037    18063,1750 12043627    6,16%
  14983  6432    19062,9380  1520    19249,4037    18063,1750 12066402    6,16%
  15042  6571    19088,1051  2407    19249,4037    18064,0531 12252007    6,16%
  15110  6663    18524,5476  2059    19249,4037    18064,0531 12378739    6,16%
  15174  6534    18753,9380  1670    19249,4037    18064,0531 12197232    6,16%
  15265  6731        cutoff          19249,4037    18064,3436 12457622    6,16%
  15327  6610    18378,9208  2505    19249,4037    18067,4277 12296671    6,14%
Elapsed time = 4979,67 sec. (888243,66 ticks, tree = 351,51 MB, solutions = 18)
  15385  6647        cutoff          19249,4037    18067,4277 12365211    6,14%
* 15445  6883      integral     0    19058,0628    18067,4277 12658605    5,20%
  15517  6788    18951,7519  1404    19058,0628    18067,4277 12538460    5,20%
  15569  5400    18698,4228  2767    19058,0628    18073,9526 12787367    5,16%
  15626  5392    18904,6231  1676    19058,0628    18073,9526 12748164    5,16%
  15675  5400    18696,9354  1938    19058,0628    18075,4356 12775006    5,16%
  15739  5417    18634,4197  2542    19058,0628    18078,4501 12823929    5,14%
  15794  5439    18851,6244  2670    19058,0628    18078,9061 12850239    5,14%
  15857  5470    18139,6923  2865    19058,0628    18078,9061 12895585    5,14%
  15915  5580        cutoff          19058,0628    18079,3125 13058323    5,14%
Elapsed time = 5220,63 sec. (926148,82 ticks, tree = 295,68 MB, solutions = 19)
  15971  5581    18293,2427  2872    19058,0628    18079,6513 13063607    5,13%
  16041  5667    18931,0032  2099    19058,0628    18083,2558 13203772    5,11%
  16107  5766    18452,9304  2518    19058,0628    18083,3373 13379083    5,11%
  16154  5625    18812,4413  2151    19058,0628    18083,9948 13168929    5,11%
  16214  5787    18960,2069  2622    19058,0628    18087,2218 13413107    5,09%
  16263  5787        cutoff          19058,0628    18088,3513 13418624    5,09%
  16311  5882        cutoff          19058,0628    18092,9039 13564706    5,06%
  16370  5935    18459,7406  2414    19058,0628    18093,7300 13647785    5,06%
  16419  5927    18893,0717  1959    19058,0628    18093,7300 13624141    5,06%
  16475  5887    18860,2547  1919    19058,0628    18095,4392 13558341    5,05%
Elapsed time = 5472,27 sec. (964585,50 ticks, tree = 300,78 MB, solutions = 19)
  16518  5949    18436,2370  2719    19058,0628    18098,0512 13684728    5,04%
  16550  6055    18397,6884  2578    19058,0628    18098,2778 13887604    5,04%
  16595  6123    18862,0756  1700    19058,0628    18098,3492 13977511    5,04%
  16656  6142    18963,0355  1735    19058,0628    18098,6544 14002366    5,03%
  16711  6167    19011,2938  1635    19058,0628    18101,1832 14040143    5,02%
  16785  6166    18927,7222  1721    19058,0628    18101,1832 14030532    5,02%
  16854  6227    18689,5095  2253    19058,0628    18101,2538 14154176    5,02%
  16915  6224        cutoff          19058,0628    18101,2538 14146059    5,02%
  16972  6212    18827,6906  2265    19058,0628    18101,2538 14129374    5,02%
  17040  6261    18759,2575  2085    19058,0628    18107,0149 14192931    4,99%
Elapsed time = 5697,96 sec. (1003274,29 ticks, tree = 321,88 MB, solutions = 19)
  17091  6339    18936,7626  2187    19058,0628    18110,5804 14314938    4,97%
  17147  6317    18852,4290  1842    19058,0628    18110,6439 14273750    4,97%
  17195  6320    18345,9655  2653    19058,0628    18110,9718 14280035    4,97%
  17255  6517    18317,5144  3022    19058,0628    18111,5817 14544439    4,97%
  17305  6594        cutoff          19058,0628    18111,6673 14670981    4,97%
  17348  6606    18779,0827  2111    19058,0628    18113,8382 14703994    4,95%
  17408  6627    18901,1817  2212    19058,0628    18114,2703 14736455    4,95%
  17465  6586        cutoff          19058,0628    18114,2703 14660738    4,95%
  17506  6703    19043,3156  2523    19058,0628    18114,2703 14886324    4,95%
  17570  6702    18252,3937  2771    19058,0628    18114,2703 14890329    4,95%
Elapsed time = 5942,75 sec. (1041890,52 ticks, tree = 342,83 MB, solutions = 19)
  17630  6777    18832,5182  1872    19058,0628    18114,2703 15059409    4,95%
  17692  6794    19043,3503  2024    19058,0628    18121,3049 15090408    4,92%
  17744  6833    18800,5094  2370    19058,0628    18121,3049 15186075    4,92%
  17793  6817    18956,3220  2731    19058,0628    18122,1799 15133252    4,91%
  17840  6869        cutoff          19058,0628    18122,5639 15251928    4,91%
  17897  6899    18970,7035  2154    19058,0628    18123,2755 15282001    4,90%
  17952  6876    18525,1158  2237    19058,0628    18124,2148 15261409    4,90%
  18025  7038    18927,3631  1898    19058,0628    18126,2188 15543449    4,89%
  18090  7062    18344,6490  3077    19058,0628    18126,2188 15608119    4,89%
  18137  6985    18442,8822  2453    19058,0628    18127,1921 15443573    4,88%
Elapsed time = 6192,41 sec. (1080607,87 ticks, tree = 355,36 MB, solutions = 19)
  18185  7092    18875,6929  2637    19058,0628    18128,9256 15661828    4,88%
  18236  7117    18470,4078  2564    19058,0628    18129,3060 15690290    4,87%
  18284  7221    18790,7257  1938    19058,0628    18132,0761 15841011    4,86%
  18331  7197    18429,3241  2930    19058,0628    18132,0761 15813033    4,86%
  18386  7255        cutoff          19058,0628    18132,2543 15906899    4,86%
  18452  7158    18796,1871  2142    19058,0628    18132,4243 15741568    4,86%
  18514  7353    18327,3217  2699    19058,0628    18133,3195 16109972    4,85%
  18558  7303    18434,3947  2516    19058,0628    18133,3195 16031218    4,85%
  18615  7407    19029,0465  2074    19058,0628    18133,3195 16202271    4,85%
  18660  7407    18870,8462  2948    19058,0628    18133,3195 16207845    4,85%
Elapsed time = 6473,41 sec. (1119500,03 ticks, tree = 378,31 MB, solutions = 19)
  18708  7334    18624,0511  2224    19058,0628    18133,3195 16074939    4,85%
  18762  7408    18816,1514  2417    19058,0628    18133,3195 16192802    4,85%
  18821  7507    18611,6209  2583    19058,0628    18140,2828 16418309    4,82%
  18853  7586    18834,3029  2299    19058,0628    18140,3034 16546608    4,82%
  18881  7576    18673,4347  1966    19058,0628    18141,7507 16517207    4,81%
  18921  7614    18904,6912  1818    19058,0628    18143,6236 16578913    4,80%
  18968  7515    18807,3606  2329    19058,0628    18144,0282 16431340    4,80%
  19013  7657    18307,8057  3059    19058,0628    18144,0282 16642418    4,80%
  19068  7720    18374,2436  2484    19058,0628    18144,0282 16769722    4,80%
  19129  7823    18995,4853  2194    19058,0628    18144,0282 16900278    4,80%
Elapsed time = 6728,01 sec. (1158893,53 ticks, tree = 388,37 MB, solutions = 19)
  19186  7793    18491,2182  2932    19058,0628    18146,0936 16864375    4,79%
  19245  7715    18838,1107  1885    19058,0628    18146,0936 16768098    4,79%
  19312  7765    18979,8505  2322    19058,0628    18146,0936 16829181    4,79%
  19368  7885    18635,9550  1824    19058,0628    18146,0936 16997342    4,79%
  19417  7793    18530,8567  2278    19058,0628    18150,2442 16872566    4,76%
  19492  7994    18799,7363  1943    19058,0628    18153,7590 17200193    4,74%
  19554  8030    18976,4056  1976    19058,0628    18153,9552 17260698    4,74%
  19620  7984    18552,9345  2502    19058,0628    18154,0529 17177904    4,74%
  19674  8072    18489,5743  2712    19058,0628    18154,0529 17327624    4,74%
  19748  7981    18840,1459  2113    19058,0628    18155,0968 17162821    4,74%
Elapsed time = 6933,85 sec. (1197434,50 ticks, tree = 398,07 MB, solutions = 19)
  19809  8084        cutoff          19058,0628    18155,2480 17339266    4,74%
  19886  8181    18376,2263  2756    19058,0628    18156,3356 17490838    4,73%
  19956  8138    18917,4409  2528    19058,0628    18157,0400 17436417    4,73%
  20016  8241    18932,2964  2184    19058,0628    18159,3374 17567428    4,72%
  20076  8348    18767,0777  2409    19058,0628    18159,7586 17707114    4,71%
  20132  8418    18810,9555  1971    19058,0628    18160,6282 17800481    4,71%
  20193  8379    18587,0647  2601    19058,0628    18164,3051 17752466    4,69%
  20247  8461    18474,9793  2173    19058,0628    18166,0318 17897997    4,68%
  20330  8570        cutoff          19058,0628    18170,5044 18038481    4,66%
  20402  8442    18398,2478  2526    19058,0628    18170,6719 17854191    4,66%
Elapsed time = 7211,10 sec. (1236454,37 ticks, tree = 415,88 MB, solutions = 19)
  20454  8485    18486,3127  2290    19058,0628    18170,6719 17915669    4,66%
  20546  8597    19045,4624  1861    19058,0628    18171,5580 18088232    4,65%
  20612  8638    19004,9239  2220    19058,0628    18174,4129 18124395    4,64%
  20678  8701    18997,9065  1949    19058,0628    18174,4272 18193802    4,64%
  20730  8852        cutoff          19058,0628    18177,8559 18394537    4,62%
  20799  8920    18905,3319  2614    19058,0628    18179,9407 18501278    4,61%
  20865  8994    19004,2462  1537    19058,0628    18180,2880 18605713    4,61%
  20935  8923    18343,4033  2197    19058,0628    18180,2880 18510842    4,61%
  21008  8911    18801,3720  2247    19058,0628    18180,4107 18486409    4,61%
  21077  8877    18568,5401  2291    19058,0628    18181,5095 18422361    4,60%
Elapsed time = 7484,62 sec. (1274908,05 ticks, tree = 430,56 MB, solutions = 19)
  21134  9031    18714,3183  2701    19058,0628    18181,7793 18653459    4,60%
* 21145  9168      integral     0    18995,5136    18181,7793 18815096    4,28%
  21191  8553    18709,0422  2273    18995,5136    18183,6098 19005939    4,27%
  21243  9226    18912,7462  2457    18995,5136    18184,0293 18902793    4,27%
  21299  9097    19057,4534  1733    18995,5136    18184,0293 18735729    4,27%
  21364  8523    18634,9392  1841    18995,5136    18185,3137 18949417    4,27%
  21412  9228    18509,1242  2272    18995,5136    18186,1332 18917837    4,26%
  21478  8680    18751,4773  2090    18995,5136    18186,1332 19194820    4,26%
  21534  8650    18346,8850  2801    18995,5136    18189,9259 19163592    4,24%
  21594  8600        cutoff          18995,5136    18190,1519 19079803    4,24%
Elapsed time = 7776,25 sec. (1310413,28 ticks, tree = 418,43 MB, solutions = 20)
  21641  8637    18756,6603  2012    18995,5136    18190,1519 19141881    4,24%
  21686  8809    18544,9586  2618    18995,5136    18190,6855 19451283    4,24%
  21725  8731    18512,7175  2364    18995,5136    18191,7790 19286021    4,23%
  21771  8741    18983,8497  1674    18995,5136    18192,3062 19318376    4,23%
  21820  8915    18895,7314  2176    18995,5136    18192,3300 19632100    4,23%
  21851  8880    18566,3372  2780    18995,5136    18192,7305 19561288    4,23%
  21886  8888    18764,6918  2382    18995,5136    18193,3670 19566890    4,22%
  21917  8931    18593,2624  2882    18995,5136    18193,4026 19677441    4,22%
  21966  9033    18974,3116  1622    18995,5136    18193,8361 19868863    4,22%
  22014  9038    18337,8278  2697    18995,5136    18195,1238 19895195    4,21%
Elapsed time = 8081,35 sec. (1349674,01 ticks, tree = 433,87 MB, solutions = 20)
  22075  9043    18580,3768  2140    18995,5136    18195,4861 19900606    4,21%
  22133  9027    18407,8275  2193    18995,5136    18195,8820 19831406    4,21%
  22187  9077    18927,7066  2343    18995,5136    18197,8287 19937261    4,20%
  22255  9150    18899,4542  1990    18995,5136    18199,1885 20086363    4,19%
  22298  9082    18590,2017  2191    18995,5136    18199,1885 19947691    4,19%
  22347  9213    18590,0688  2055    18995,5136    18201,4630 20188523    4,18%
  22410  9155    18607,4446  2365    18995,5136    18202,0630 20096523    4,18%
  22473  9233    18501,7617  2376    18995,5136    18202,0791 20232483    4,18%
  22523  9324    18637,9725  2387    18995,5136    18203,4229 20381228    4,17%
  22584  9409    18841,4237  2313    18995,5136    18203,8594 20510696    4,17%
Elapsed time = 8305,03 sec. (1388363,33 ticks, tree = 456,48 MB, solutions = 20)
  22649  9356        cutoff          18995,5136    18204,0320 20424673    4,17%
  22690  9392    18377,9512  2888    18995,5136    18204,0320 20487696    4,17%
  22737  9416    18618,8181  2745    18995,5136    18204,2764 20525693    4,17%
  22798  9441        cutoff          18995,5136    18206,0757 20606945    4,16%
  22869  9578    18922,9662  2793    18995,5136    18206,7466 20814313    4,15%
  22904  9401    18860,9922  2750    18995,5136    18206,7466 20508275    4,15%
  22960  9452    18756,6171  1724    18995,5136    18208,8479 20624002    4,14%
  23022  9587    18918,7183  2251    18995,5136    18211,1318 20831112    4,13%
  23073  9662    18462,1180  2715    18995,5136    18211,1318 20981223    4,13%
  23148  9608    18661,0520  2503    18995,5136    18212,9166 20875622    4,12%
Elapsed time = 8581,60 sec. (1427171,36 ticks, tree = 466,10 MB, solutions = 20)
  23215  9573    18475,1048  2628    18995,5136    18213,1169 20812363    4,12%
  23268  9825    18748,1399  2464    18995,5136    18213,9916 21248986    4,11%
  23328  9661    18716,7911  2463    18995,5136    18214,4071 20969089    4,11%
  23392  9873        cutoff          18995,5136    18216,9970 21331723    4,10%
  23456  9922    18986,9086  1992    18995,5136    18217,4128 21418740    4,10%
  23510  9778    18938,2769  1675    18995,5136    18217,4128 21156087    4,10%
  23565  9803    18993,4167  2501    18995,5136    18218,0594 21199746    4,09%
  23631 10069    18487,2612  2802    18995,5136    18219,4406 21622889    4,09%
  23684  9988    18859,6194  1941    18995,5136    18219,8375 21510507    4,08%
  23750  9910    18509,6278  2837    18995,5136    18220,0548 21399604    4,08%
Elapsed time = 8861,22 sec. (1466092,32 ticks, tree = 473,93 MB, solutions = 20)
  23797 10026    18798,3307  2693    18995,5136    18221,3003 21568788    4,08%
  23844 10045    18407,1537  2718    18995,5136    18223,3725 21607129    4,06%
  23891 10145    18883,1160  2189    18995,5136    18223,3725 21761231    4,06%
  23964 10177    18596,8314  2376    18995,5136    18223,5550 21839238    4,06%
  24017 10144    18848,5566  2616    18995,5136    18223,9549 21773362    4,06%
  24072 10235    18982,8394  1874    18995,5136    18224,9939 21930202    4,06%
  24127 10352    18589,5977  2637    18995,5136    18226,0996 22157640    4,05%
  24176 10258    18521,2552  2902    18995,5136    18226,2559 21980038    4,05%
  24228 10284        cutoff          18995,5136    18227,1570 22053254    4,04%
  24297 10312    18656,8955  2449    18995,5136    18228,2989 22096217    4,04%
Elapsed time = 9139,35 sec. (1505051,03 ticks, tree = 498,24 MB, solutions = 20)
  24344 10505    18855,0527  2019    18995,5136    18229,3435 22444245    4,03%
  24406 10430    18619,9441  2074    18995,5136    18229,3435 22334071    4,03%
  24464 10368    18727,1582  2564    18995,5136    18230,5467 22191807    4,03%
  24520 10535        cutoff          18995,5136    18231,6247 22501378    4,02%
  24563 10489    18608,1979  1663    18995,5136    18231,6247 22428478    4,02%
  24618 10616        cutoff          18995,5136    18231,9200 22659042    4,02%
  24652 10594    18716,6490  2362    18995,5136    18231,9200 22621660    4,02%
  24696 10563    18967,7700  3011    18995,5136    18234,4156 22555099    4,01%
  24736 10588    18849,9060  2631    18995,5136    18234,6577 22596275    4,01%
  24781 10644    18876,7232  1779    18995,5136    18234,6577 22722059    4,01%
Elapsed time = 9454,77 sec. (1543957,92 ticks, tree = 514,32 MB, solutions = 20)
  24826 10804    18905,0541  2554    18995,5136    18235,3551 23089239    4,00%
  24882 10805    18972,0349  2450    18995,5136    18237,0094 23092608    3,99%
  24923 10865        cutoff          18995,5136    18237,0705 23262531    3,99%
  24961 10755        cutoff          18995,5136    18238,2634 22978597    3,99%
  24995 10914    18791,6526  2748    18995,5136    18238,2945 23345684    3,99%
  25028 10950    18644,4867  2349    18995,5136    18238,2945 23407919    3,99%
  25061 10908    18619,2312  2457    18995,5136    18239,2869 23320068    3,98%
  25104 10963        cutoff          18995,5136    18239,2869 23454691    3,98%
  25143 11001    18979,2854  2556    18995,5136    18241,2439 23531828    3,97%
  25183 10982    18970,5360  2386    18995,5136    18241,5310 23501632    3,97%
Elapsed time = 9746,60 sec. (1582762,26 ticks, tree = 524,28 MB, solutions = 20)
  25228 11001    18427,1985  2832    18995,5136    18242,0275 23556064    3,97%
  25270 11037    18518,2769  2267    18995,5136    18244,3965 23624960    3,95%
  25325 11041    18614,2097  2014    18995,5136    18244,8003 23630714    3,95%
  25369 11077    18794,2490  2443    18995,5136    18246,2981 23695720    3,94%
  25436 11030    18478,3821  2753    18995,5136    18247,1775 23599848    3,94%
  25489 11157    18985,7286  2607    18995,5136    18247,1775 23840339    3,94%
  25566 11154        cutoff          18995,5136    18247,1775 23845840    3,94%
  25610 11071    18513,4328  2476    18995,5136    18247,9281 23698651    3,94%
  25676 11126    18872,4536  1546    18995,5136    18248,1152 23778471    3,93%
  25726 11289        cutoff          18995,5136    18249,0971 24141635    3,93%
Elapsed time = 9977,17 sec. (1621480,87 ticks, tree = 544,70 MB, solutions = 20)
  25789 11194        cutoff          18995,5136    18249,1603 23930425    3,93%
  25853 11291    18729,8741  2682    18995,5136    18249,2225 24150161    3,93%
  25917 11420    18950,5395  2565    18995,5136    18249,3722 24427326    3,93%
  25965 11297    18500,4866  2433    18995,5136    18249,3722 24161612    3,93%
  26016 11324    18623,8996  2228    18995,5136    18249,3722 24210989    3,93%
  26065 11385    18738,5211  1882    18995,5136    18250,4900 24304932    3,92%
  26116 11349    18934,7748  2516    18995,5136    18251,1381 24267504    3,92%
  26164 11451    18897,7924  2337    18995,5136    18251,6362 24487553    3,92%
  26232 11353        cutoff          18995,5136    18252,5553 24279387    3,91%
  26266 11457    18758,7325  2674    18995,5136    18252,7054 24498881    3,91%
Elapsed time = 10256,24 sec. (1660334,26 ticks, tree = 554,97 MB, solutions = 20)
  26330 11623    18790,9887  2791    18995,5136    18253,9493 24856054    3,90%
  26373 11464    18518,4216  2856    18995,5136    18254,8421 24508765    3,90%
  26422 11505    18497,9665  2929    18995,5136    18254,8421 24648576    3,90%
  26476 11584    18797,4698  2171    18995,5136    18256,0906 24782785    3,89%
  26522 11617        cutoff          18995,5136    18256,3434 24837263    3,89%
  26582 11587    18841,0356  2317    18995,5136    18256,5675 24794732    3,89%
  26630 11680        cutoff          18995,5136    18259,4363 25029125    3,88%
  26668 11673    18684,2834  2790    18995,5136    18259,4363 24942628    3,88%
  26726 11678    18815,4355  2538    18995,5136    18260,1308 24947864    3,87%
  26771 11780    18467,0725  2777    18995,5136    18260,6914 25254950    3,87%
Elapsed time = 10530,23 sec. (1699212,28 ticks, tree = 561,03 MB, solutions = 20)
  26829 11892    18919,3406  1836    18995,5136    18260,7113 25490063    3,87%
  26881 11726    18918,2098  1945    18995,5136    18260,7113 25091684    3,87%
  26937 11814    18932,0203  2725    18995,5136    18261,4062 25320288    3,86%
  26999 11793    18954,5630  2529    18995,5136    18261,6041 25276966    3,86%
* 27003+11983                        18971,7154    18261,6041             3,74%
  27059 11977    18918,7928  2802    18971,7154    18262,2854 25678628    3,74%
  27117 11884    18949,2142  2412    18971,7154    18262,4849 25470858    3,74%
  27183 11922        cutoff          18971,7154    18263,5815 25564582    3,73%
  27241 11989    18792,4418  1835    18971,7154    18263,5815 25695526    3,73%
  27304 11706    18572,0317  2144    18971,7154    18265,5190 25915202    3,72%
  27354 11796        cutoff          18971,7154    18265,5190 26101785    3,72%
Elapsed time = 10811,97 sec. (1737909,40 ticks, tree = 555,44 MB, solutions = 21)
  27413 11956    18440,7216  2577    18971,7154    18265,5190 25670087    3,72%
  27457 11797    18844,1006  2580    18971,7154    18267,8995 26111245    3,71%
  27515 11887    18897,5797  1972    18971,7154    18269,6240 26289486    3,70%
  27578 11887    18526,3894  2735    18971,7154    18269,6240 26294637    3,70%
  27631 11823        cutoff          18971,7154    18271,4151 26175828    3,69%
  27675 11858    18876,7929  2021    18971,7154    18271,4151 26218317    3,69%
  27731 11809    18970,1810  2802    18971,7154    18273,8843 26135601    3,68%
  27782 12027    18935,1535  2323    18971,7154    18274,8716 26647595    3,67%
  27833 12009    18950,9508  2506    18971,7154    18275,7554 26602595    3,67%
  27889 12033    18961,4342  1844    18971,7154    18275,7554 26658429    3,67%
Elapsed time = 11086,54 sec. (1776814,58 ticks, tree = 570,85 MB, solutions = 21)
  27943 11973    18601,4575  2041    18971,7154    18276,5691 26472725    3,66%
  27991 12087    18737,5134  2141    18971,7154    18276,5691 26800167    3,66%
  28048 12046    18818,4861  2181    18971,7154    18277,8203 26724908    3,66%
  28096 12040    18879,9056  2566    18971,7154    18279,2036 26679409    3,65%
  28154 12048    18678,3614  2543    18971,7154    18279,3593 26737264    3,65%
  28207 12130        cutoff          18971,7154    18280,5080 26910416    3,64%
  28242 12131    18729,4618  2229    18971,7154    18281,6431 26915853    3,64%
  28295 12229    18640,5551  2437    18971,7154    18282,2139 27202084    3,63%
  28337 12217    18542,8514  2585    18971,7154    18282,2139 27165966    3,63%
  28376 12237    18455,4736  3125    18971,7154    18282,2139 27213043    3,63%
Elapsed time = 11412,63 sec. (1815868,85 ticks, tree = 579,68 MB, solutions = 21)
  28421 12258        cutoff          18971,7154    18283,2406 27319199    3,63%
  28466 12136    18753,9178  2579    18971,7154    18283,2406 26944648    3,63%
  28502 12329    18902,2829  2828    18971,7154    18285,9128 27500532    3,61%
  28547 12255    18628,5543  2004    18971,7154    18285,9128 27235963    3,61%
  28590 12383        cutoff          18971,7154    18286,6866 27660500    3,61%
  28623 12325    18884,5487  2119    18971,7154    18287,9467 27466478    3,60%
  28660 12488        cutoff          18971,7154    18289,4667 27888059    3,60%
  28691 12385    18456,0454  3198    18971,7154    18289,9707 27670379    3,59%
  28726 12405    18718,4867  2406    18971,7154    18289,9707 27719859    3,59%
  28753 12518    18408,8616  2635    18971,7154    18292,1180 27962786    3,58%
Elapsed time = 11689,31 sec. (1854879,09 ticks, tree = 582,69 MB, solutions = 21)
  28789 12522    18699,6181  2159    18971,7154    18292,1180 27968469    3,58%
  28835 12550    18695,6851  1983    18971,7154    18293,1875 28029429    3,58%
  28876 12490        cutoff          18971,7154    18293,1875 27909859    3,58%
  28915 12551    18871,8290  2057    18971,7154    18294,0643 28017708    3,57%
  28961 12570        cutoff          18971,7154    18296,5737 28127614    3,56%
  29015 12534    18790,6511  2181    18971,7154    18298,3286 27997131    3,55%
  29079 12575    18493,5124  2594    18971,7154    18298,9747 28138315    3,55%
  29117 12608    18846,4546  2365    18971,7154    18298,9747 28195221    3,55%
  29178 12555    18404,2832  2979    18971,7154    18299,8755 28067306    3,54%
  29215 12556    18795,8032  2893    18971,7154    18299,8755 28072553    3,54%
Elapsed time = 11965,12 sec. (1893886,11 ticks, tree = 582,99 MB, solutions = 21)
  29267 12561    18970,7072  2657    18971,7154    18299,8755 28078692    3,54%
  29325 12627        cutoff          18971,7154    18299,8755 28268563    3,54%
  29363 12588        cutoff          18971,7154    18301,1269 28170874    3,53%
  29417 12652        cutoff          18971,7154    18301,1269 28357375    3,53%
  29479 12634    18659,1910  1765    18971,7154    18302,3844 28285003    3,53%
  29537 12776    18444,5077  2931    18971,7154    18302,5195 28652149    3,53%
  29585 12901    18852,2885  2600    18971,7154    18302,8823 28959109    3,53%
  29635 12737    18772,4730  2636    18971,7154    18302,8823 28513369    3,53%
  29700 12877    18890,6422  1971    18971,7154    18303,4869 28871037    3,52%
  29744 12847    18555,0492  2755    18971,7154    18304,3647 28826785    3,52%
Elapsed time = 12219,10 sec. (1932964,23 ticks, tree = 600,70 MB, solutions = 21)
  29788 12835    18834,6341  2933    18971,7154    18304,3647 28786383    3,52%
  29846 12927        cutoff          18971,7154    18306,0944 29025826    3,51%
  29885 12965    18504,9352  2104    18971,7154    18306,0944 29122712    3,51%
  29930 12805    18611,6760  2538    18971,7154    18306,1095 28749982    3,51%
  29973 13085    18901,9421  2583    18971,7154    18307,7210 29432385    3,50%
  30019 13028    18884,3429  2606    18971,7154    18308,2383 29286060    3,50%
  30073 12953    18814,0764  2729    18971,7154    18309,1208 29106010    3,49%
  30128 13069    18632,7462  2314    18971,7154    18309,1208 29400736    3,49%
  30179 13161    18653,0195  2756    18971,7154    18309,7935 29652542    3,49%
  30231 13007    18878,6428  2560    18971,7154    18310,1249 29214406    3,49%
Elapsed time = 12503,56 sec. (1972217,35 ticks, tree = 608,71 MB, solutions = 21)
  30299 13066    18818,0754  2068    18971,7154    18310,1466 29366547    3,49%
  30344 13179    18587,9003  2175    18971,7154    18310,1466 29722479    3,49%
  30401 13135    18761,6526  2050    18971,7154    18310,6451 29580319    3,48%
  30451 13216    18829,1910  2009    18971,7154    18310,6451 29779665    3,48%
  30511 13316    18720,1563  2359    18971,7154    18310,6451 30048542    3,48%
  30569 13161    18662,0431  1643    18971,7154    18310,6451 29648698    3,48%
  30623 13332    18468,7396  2863    18971,7154    18310,6451 30114786    3,48%

Zero-half cuts applied:  537
Lift and project cuts applied:  2
Gomory fractional cuts applied:  1

Root node processing (before b&c):
  Real time             =   50,39 sec. (28958,29 ticks)
Parallel b&c, 12 threads:
  Real time             = 12648,37 sec. (1971277,17 ticks)
  Sync time (average)   = 1558,21 sec.
  Wait time (average)   =    0,05 sec.
                          ------------
Total (root+branch&cut) = 12698,76 sec. (2000235,46 ticks)

