
Version identifier: 22.1.1.0 | 2022-11-28 | 9160aff4d
CPXPARAM_MultiObjective_Display                  0
CPXPARAM_TimeLimit                               60000
CPXPARAM_WorkMem                                 8192
CPXPARAM_DetTimeLimit                            60000
Tried aggregator 3 times.
MIP Presolve eliminated 21644 rows and 127300 columns.
Aggregator did 320 substitutions.
Reduced MIP has 1296 rows, 4176 columns, and 9638 nonzeros.
Reduced MIP has 4163 binaries, 13 generals, 0 SOSs, and 0 indicators.
Presolve time = 0,11 sec. (82,75 ticks)
Found incumbent of value 99474,213470 after 0,13 sec. (102,68 ticks)
Probing time = 0,01 sec. (3,98 ticks)
Tried aggregator 2 times.
Detecting symmetries...
Aggregator did 7 substitutions.
Reduced MIP has 1289 rows, 4169 columns, and 9629 nonzeros.
Reduced MIP has 4162 binaries, 7 generals, 0 SOSs, and 0 indicators.
Presolve time = 0,01 sec. (9,54 ticks)
Probing time = 0,01 sec. (3,96 ticks)
Clique table members: 5986.
MIP emphasis: balance optimality and feasibility.
MIP search method: dynamic search.
Parallel mode: deterministic, using up to 12 threads.
Root relaxation solution time = 0,08 sec. (67,63 ticks)

        Nodes                                         Cuts/
   Node  Left     Objective  IInf  Best Integer    Best Bound    ItCnt     Gap

*     0+    0                        99474,2135  -438306,9838           540,62%
*     0+    0                        79872,8485  -438306,9838           648,76%
*     0+    0                        79864,7755  -438306,9838           648,81%
*     0+    0                        79856,7025  -438306,9838           648,87%
*     0+    0                        79848,6295  -438306,9838           648,92%
*     0+    0                        79840,5565  -438306,9838           648,98%
*     0+    0                        79833,5635  -438306,9838           649,03%
*     0+    0                        79826,8945  -438306,9838           649,07%
*     0+    0                        79820,2255  -438306,9838           649,12%
*     0+    0                        79813,5565  -438306,9838           649,16%
*     0     0      integral     0    14497,3840    14497,3840     2092    0,00%
Elapsed time = 0,26 sec. (216,39 ticks, tree = 0,00 MB, solutions = 11)

Root node processing (before b&c):
  Real time             =    0,28 sec. (228,77 ticks)
Parallel b&c, 12 threads:
  Real time             =    0,00 sec. (0,00 ticks)
  Sync time (average)   =    0,00 sec.
  Wait time (average)   =    0,00 sec.
                          ------------
Total (root+branch&cut) =    0,28 sec. (228,77 ticks)

