
Version identifier: 22.1.1.0 | 2022-11-28 | 9160aff4d
CPXPARAM_MultiObjective_Display                  0
CPXPARAM_TimeLimit                               2000000
CPXPARAM_WorkMem                                 8192
CPXPARAM_DetTimeLimit                            2000000
Tried aggregator 3 times.
MIP Presolve eliminated 119100 rows and 1077695 columns.
Aggregator did 1262 substitutions.
Reduced MIP has 5936 rows, 33755 columns, and 73759 nonzeros.
Reduced MIP has 33725 binaries, 30 generals, 0 SOSs, and 0 indicators.
Presolve time = 0,83 sec. (630,65 ticks)
Found incumbent of value 210987,513820 after 0,99 sec. (774,56 ticks)
Tried aggregator 2 times.
Detecting symmetries...
Aggregator did 15 substitutions.
Reduced MIP has 5921 rows, 33740 columns, and 73729 nonzeros.
Reduced MIP has 33725 binaries, 15 generals, 0 SOSs, and 0 indicators.
Presolve time = 0,07 sec. (68,02 ticks)
Probing time = 0,07 sec. (14,79 ticks)
Clique table members: 40863.
MIP emphasis: balance optimality and feasibility.
MIP search method: dynamic search.
Parallel mode: deterministic, using up to 12 threads.
Root relaxation solution time = 0,99 sec. (641,50 ticks)

        Nodes                                         Cuts/
   Node  Left     Objective  IInf  Best Integer    Best Bound    ItCnt     Gap

*     0+    0                       210987,5138 -2088409,8657              --- 
*     0+    0                       180621,9607 -2088409,8657              --- 
*     0+    0                       180604,7617 -2088409,8657              --- 
*     0+    0                       180587,5627 -2088409,8657              --- 
*     0+    0                       180571,4437 -2088409,8657              --- 
*     0+    0                       180555,6487 -2088409,8657              --- 
*     0+    0                       180539,8537 -2088409,8657              --- 
*     0+    0                       180524,0587 -2088409,8657              --- 
*     0+    0                       180508,2637 -2088409,8657              --- 
*     0+    0                       180492,4687 -2088409,8657              --- 
      0     0    21979,5124  2663   180492,4687    21979,5124       47   87,82%
      0     0    22003,2657  2568   180492,4687      Cuts: 13      868   87,81%
*     0+    0                       142684,1653    22003,2657            84,58%
*     0+    0                        58362,2635    22003,2657            62,30%
      0     0    22028,8524  2671    58362,2635  ZeroHalf: 18     1823   62,25%
      0     0    22055,6709  2852    58362,2635  ZeroHalf: 18     2686   62,21%
      0     0    22061,8610  2749    58362,2635   ZeroHalf: 5     3094   62,20%
      0     0    22064,0141  2720    58362,2635   ZeroHalf: 4     3315   62,19%
Detecting symmetries...
      0     0    22074,4023  2771    58362,2635   ZeroHalf: 4     3904   62,18%
      0     0    22074,5804  2825    58362,2635   ZeroHalf: 2     4012   62,18%
      0     0    22080,3752  2793    58362,2635   ZeroHalf: 9     4435   62,17%
      0     0    22083,2087  2791    58362,2635   ZeroHalf: 7     4694   62,16%
      0     0    22087,1451  2905    58362,2635   ZeroHalf: 2     5070   62,16%
      0     0    22096,8983  2846    58362,2635   ZeroHalf: 5     5731   62,14%
      0     0    22101,3958  2903    58362,2635   ZeroHalf: 7     6069   62,13%
      0     0    22102,3520  3102    58362,2635       Cuts: 3     6297   62,13%
Detecting symmetries...
      0     2    22102,3520  3102    58362,2635    22102,3520     6297   62,13%
Elapsed time = 50,82 sec. (25280,63 ticks, tree = 0,02 MB, solutions = 12)
      1     3    22107,8796  2961    58362,2635    22102,3760     7127   62,13%
      2     4    22120,0857  2938    58362,2635    22102,3760     8171   62,13%
      3     3    22128,0491  2835    58362,2635    22102,3760     8379   62,13%
      4     5    22145,2072  2604    58362,2635    22102,3760     9519   62,13%
      6     5    22127,7986  2946    58362,2635    22102,3760     9097   62,13%
      7     6    22166,0134  2615    58362,2635    22107,9570    12308   62,12%
      8     6    22264,5647  2623    58362,2635    22107,9570    12494   62,12%
      9     7    22158,7288  2571    58362,2635    22107,9570    16151   62,12%
     12     8    22220,7485  2584    58362,2635    22120,1112    17804   62,10%
     15    11    22284,4704  2568    58362,2635    22127,8194    24109   62,09%
Elapsed time = 69,57 sec. (31063,06 ticks, tree = 0,03 MB, solutions = 12)
     23    13    22232,9752  2513    58362,2635    22127,8545    36520   62,09%
     27    18    22304,1495  2601    58362,2635    22127,8545    57373   62,09%
     34    17    22206,5112  2788    58362,2635    22150,0316    53367   62,05%
     37    28    22230,6741  2415    58362,2635    22150,0316   132101   62,05%
     41    38    22395,9621  2494    58362,2635    22150,0601   193139   62,05%
     49    37    22283,9453  2325    58362,2635    22150,0601   190327   62,05%
     55    47    22224,0533  2482    58362,2635    22150,0601   223149   62,05%
     64    59    22299,8007  2370    58362,2635    22150,0601   250723   62,05%
     77    55    22512,3009  2008    58362,2635    22150,0601   245090   62,05%
     88    81    22580,3654  1841    58362,2635    22150,0601   280785   62,05%
Elapsed time = 130,89 sec. (41313,06 ticks, tree = 0,47 MB, solutions = 12)
    100    65    22525,9238  2219    58362,2635    22150,0601   258802   62,05%
    120    80    22409,6624  2124    58362,2635    22150,0601   279190   62,05%
*   131+   51                        45743,0831    22150,0601            51,58%
    135   102    22399,8005  1988    45743,0831    22150,0601   310720   51,58%
    150   127    22444,1094  1672    45743,0831    22150,0601   339007   51,58%
*   164+   90                        23252,5450    22150,0601             4,74%
    168   139    22563,3696  1827    23252,5450    22150,0601   344859    4,74%
    187   141    22750,6874  1544    23252,5450    22150,0601   346630    4,74%
    212   148    22563,4608  1763    23252,5450    22150,0601   352908    4,74%
    244   182    22679,2867  1553    23252,5450    22150,0601   382848    4,74%
    275   214    22501,8306  2088    23252,5450    22150,0601   406305    4,74%
*   298   237      integral     0    23155,3572    22150,0601   422048    4,34%
    322   217    22546,2923  1966    23155,3572    22150,0601   407848    4,34%
Elapsed time = 196,21 sec. (51316,27 ticks, tree = 3,41 MB, solutions = 18)
*   343   263      integral     0    22943,4949    22150,0601   440048    3,46%
    365   275    22886,9855  1187    22943,4949    22150,0601   444619    3,46%
*   382   275      integral     0    22933,9699    22150,0601   445456    3,42%
    420   275    23055,1558  1122    22933,9699    22171,0558   444847    3,33%
    441   315    22487,1144  1719    22933,9699    22171,0558   490020    3,33%
    460   322    22326,9268  2343    22933,9699    22174,2953   515385    3,31%
    479   319    22548,4392  1560    22933,9699    22198,6003   493475    3,21%
    494   323    22641,6862  1353    22933,9699    22198,6003   495354    3,21%
    515   358    22710,3129  1374    22933,9699    22198,6003   546282    3,21%
    536   351    22706,1850  1630    22933,9699    22198,6003   543204    3,21%
    561   383    22835,4959  1425    22933,9699    22198,6003   573434    3,21%
Elapsed time = 256,94 sec. (60827,42 ticks, tree = 8,74 MB, solutions = 20)
    591   391    22823,6446  1545    22933,9699    22198,6003   580169    3,21%
    627   395    22364,0291  2186    22933,9699    22198,6003   591892    3,21%
    657   420    22680,2984  1191    22933,9699    22202,4554   612764    3,19%
    687   481    22777,0245  1412    22933,9699    22202,4554   668203    3,19%
    716   484    22836,1340  1365    22933,9699    22202,4554   669916    3,19%
    750   513    22549,7601  2310    22933,9699    22202,4554   689690    3,19%
    775   485    22330,6625  2667    22933,9699    22202,4554   673285    3,19%
    800   568    22887,6460  1714    22933,9699    22202,4554   731315    3,19%
    828   556    22750,6815  1870    22933,9699    22202,4554   719792    3,19%
    857   593    22440,5773  2269    22933,9699    22213,1598   751301    3,14%
Elapsed time = 319,73 sec. (70571,22 ticks, tree = 17,17 MB, solutions = 20)
    889   675    22920,0111  1536    22933,9699    22220,7723   804846    3,11%
    925   617    22319,9463  2325    22933,9699    22224,5293   765969    3,09%
    960   699    22639,7106  2061    22933,9699    22224,5293   825136    3,09%
    987   702    22719,9435  1951    22933,9699    22224,5293   826903    3,09%
   1020   707    22819,0974  2018    22933,9699    22224,5293   828793    3,09%
   1054   695    22889,7448  1926    22933,9699    22224,5293   818726    3,09%
   1080   752    22612,6532  1961    22933,9699    22229,1512   867043    3,07%
   1109   729    22405,5902  2158    22933,9699    22229,1512   851926    3,07%
   1145   816    22479,4182  2095    22933,9699    22229,1512   912948    3,07%
   1183   721    22507,9940  2055    22933,9699    22229,1512   841217    3,07%
Elapsed time = 384,48 sec. (80388,61 ticks, tree = 24,23 MB, solutions = 20)
   1212   887    22428,6323  2562    22933,9699    22232,6459   957880    3,06%
   1247   937    22802,7057  1924    22933,9699    22232,6459   989621    3,06%
   1284   943    22890,5326  1797    22933,9699    22232,6459   991762    3,06%
   1317   878    22816,9738  1876    22933,9699    22232,6459   946188    3,06%
   1354   901    22404,2411  2338    22933,9699    22232,6459   972226    3,06%
   1384   933    22473,5676  2125    22933,9699    22232,6459   989754    3,06%
   1414  1016    22693,6657  1811    22933,9699    22236,3493  1040373    3,04%
   1446   986    22830,1040  1979    22933,9699    22236,3493  1026352    3,04%
   1483  1044        cutoff          22933,9699    22236,3493  1056607    3,04%
   1504  1000    22477,5500  2164    22933,9699    22236,3493  1035865    3,04%
Elapsed time = 448,68 sec. (90144,81 ticks, tree = 39,21 MB, solutions = 20)
   1539  1123    22431,3952  2098    22933,9699    22243,7851  1117525    3,01%
   1574  1127    22482,5395  2032    22933,9699    22244,2589  1119231    3,01%
   1602  1170    22397,5644  1905    22933,9699    22252,4249  1153846    2,97%
   1624  1172    22442,5206  1738    22933,9699    22252,4944  1155618    2,97%
   1649  1174    22524,4171  1708    22933,9699    22252,4944  1157355    2,97%
   1678  1175    22560,1876  1653    22933,9699    22252,4944  1159119    2,97%
   1709  1238    22625,4652  1677    22933,9699    22252,4944  1205274    2,97%
   1733  1195    22648,3338  2066    22933,9699    22252,4960  1169388    2,97%
   1759  1340    22886,5645   842    22933,9699    22252,4960  1273127    2,97%
   1793  1370        cutoff          22933,9699    22252,4960  1299838    2,97%
Elapsed time = 513,10 sec. (99908,70 ticks, tree = 51,75 MB, solutions = 20)
   1819  1393        cutoff          22933,9699    22252,7145  1313129    2,97%
   1851  1413    22470,4046  2281    22933,9699    22253,9873  1332604    2,96%
   1879  1396    22350,5617  2109    22933,9699    22253,9873  1316288    2,96%
   1909  1491    22474,2314  2163    22933,9699    22255,0364  1394343    2,96%
   1941  1429    22610,9343  1532    22933,9699    22258,2594  1346148    2,95%
   1972  1461    22704,8094  1911    22933,9699    22258,2594  1369479    2,95%
   2009  1451    22761,7085  1677    22933,9699    22258,2594  1361151    2,95%
   2055  1455    22884,9671  1480    22933,9699    22258,2594  1363339    2,95%
   2089  1545    22338,9799  2384    22933,9699    22261,4936  1436106    2,93%
   2117  1523    22873,9549  1276    22933,9699    22261,4936  1414325    2,93%
Elapsed time = 578,52 sec. (109834,18 ticks, tree = 60,17 MB, solutions = 20)
   2152  1650    22887,6423  1891    22933,9699    22261,4936  1511063    2,93%
   2190  1566    22611,3086  1888    22933,9699    22261,4936  1450469    2,93%
   2224  1629    22747,1909  1333    22933,9699    22261,4936  1497122    2,93%
   2257  1610    22583,4444  1870    22933,9699    22261,4936  1480292    2,93%
   2299  1732    22918,8947  1568    22933,9699    22266,1402  1560815    2,91%
   2335  1845    22594,2106  2005    22933,9699    22267,9665  1640785    2,90%
   2372  1857    22543,6522  2400    22933,9699    22272,3198  1651531    2,89%
   2404  1789    22513,8943  1722    22933,9699    22272,3241  1604783    2,89%
   2429  1829    22853,6841  1868    22933,9699    22272,3241  1626028    2,89%
   2572  1990    22505,4137  2104    22933,9699    22274,1358  1742846    2,88%
Elapsed time = 661,92 sec. (122520,03 ticks, tree = 88,03 MB, solutions = 20)
   2672  2054    22645,5980  2113    22933,9699    22275,4534  1786601    2,87%
   2826  2110    22798,0051  1591    22933,9699    22279,5112  1825825    2,85%
   2935  2215    22359,7607  2329    22933,9699    22283,9794  1907024    2,83%
   3065  2354    22368,1278  2238    22933,9699    22287,4462  1995372    2,82%
   3209  2399    22518,6309  1917    22933,9699    22288,3034  2039896    2,82%
   3349  2622    22903,0952  1201    22933,9699    22290,3347  2186630    2,81%
   3475  2711    22756,9534  1848    22933,9699    22293,1514  2252077    2,79%
   3600  2788    22802,8486  1566    22933,9699    22297,2135  2317465    2,78%
   3734  2922    22581,2277  2012    22933,9699    22299,3506  2414238    2,77%
   3828  2966    22826,7407  2069    22933,9699    22299,3506  2454313    2,77%
Elapsed time = 903,66 sec. (160977,03 ticks, tree = 130,46 MB, solutions = 20)

Performing restart 1

Repeating presolve.
Tried aggregator 2 times.
MIP Presolve eliminated 145 rows and 5886 columns.
Aggregator did 64 substitutions.
Reduced MIP has 5712 rows, 27790 columns, and 61646 nonzeros.
Reduced MIP has 27775 binaries, 15 generals, 0 SOSs, and 0 indicators.
Presolve time = 0,06 sec. (52,43 ticks)
Tried aggregator 1 time.
Reduced MIP has 5712 rows, 27790 columns, and 61646 nonzeros.
Reduced MIP has 27775 binaries, 15 generals, 0 SOSs, and 0 indicators.
Presolve time = 0,06 sec. (46,60 ticks)
Represolve time = 1,14 sec. (894,65 ticks)
   3853     0    22113,5219  2861    22933,9699  ZeroHalf: 11  2604131    2,76%
   3853     0    22116,2781  3121    22933,9699   ZeroHalf: 5  2604549    2,76%
   3853     0    22120,4130  3129    22933,9699      Cuts: 12  2604947    2,76%
   3853     0    22123,3533  3098    22933,9699   ZeroHalf: 3  2605367    2,76%
   3853     0    22129,3668  3018    22933,9699  ZeroHalf: 18  2606031    2,76%
   3853     0    22133,6694  3128    22933,9699   ZeroHalf: 9  2606585    2,76%
   3853     0    22134,5253  3131    22933,9699   ZeroHalf: 2  2606826    2,76%
   3853     2    22134,5253  3131    22933,9699    22300,8914  2606826    2,76%
   3855     4    22175,3872  2799    22933,9699    22300,8914  2610209    2,76%
   3883    23    22255,9468  2481    22933,9699    22300,8914  2637011    2,76%
   3929    69    22195,7885  2664    22933,9699    22300,8914  2680701    2,76%
   3968   106    22247,9306  2710    22933,9699    22300,8914  2771366    2,76%
   4035   139    22733,1295  2069    22933,9699    22300,8914  2832431    2,76%
   4105   196    22434,8181  2393    22933,9699    22300,8914  2899124    2,76%
   4181   284    22267,0245  2664    22933,9699    22300,8914  2991731    2,76%
   4235   353    22385,2681  2333    22933,9699    22300,8914  3078456    2,76%
   4319   392    22418,6378  2275    22933,9699    22300,8914  3107264    2,76%
Elapsed time = 1133,92 sec. (240109,95 ticks, tree = 7,70 MB, solutions = 20)
   4409   442    22496,5532  2127    22933,9699    22300,8914  3141354    2,76%
   4505   530    22415,5813  2430    22933,9699    22300,8914  3212939    2,76%
   4576   565    22839,3882  1813    22933,9699    22300,8914  3245044    2,76%
   4697   719        cutoff          22933,9699    22300,8914  3341496    2,76%
   4822   753    22802,8468  1943    22933,9699    22300,8914  3367783    2,76%
   5007   902    22396,3944  2060    22933,9699    22300,8914  3466753    2,76%
   5223  1048        cutoff          22933,9699    22300,8914  3561803    2,76%
   5330  1140    22574,2599  2039    22933,9699    22300,8914  3612715    2,76%
   5457  1130    22365,6889  2266    22933,9699    22300,8914  3613768    2,76%
   5560  1252    22356,0730  2131    22933,9699    22300,8914  3706897    2,76%
Elapsed time = 1361,08 sec. (278790,72 ticks, tree = 53,05 MB, solutions = 20)
   5708  1492    22816,7454  1770    22933,9699    22300,8914  3868005    2,76%
   5845  1564        cutoff          22933,9699    22300,8914  3932857    2,76%
   5976  1615    22529,0856  1793    22933,9699    22300,8914  3975084    2,76%
   6126  1695    22835,9346  2200    22933,9699    22300,8914  4027877    2,76%
   6224  1788    22558,6090  2602    22933,9699    22300,8914  4112311    2,76%
   6319  1894    22561,9024  2257    22933,9699    22300,8914  4178491    2,76%
   6439  1990    22613,4912  2311    22933,9699    22300,8914  4264659    2,76%
   6579  2131    22739,9753  1942    22933,9699    22300,8914  4367084    2,76%
   6731  2186    22666,0949  2288    22933,9699    22300,8914  4411341    2,76%
   6852  2344    22910,7803  1521    22933,9699    22300,8914  4502854    2,76%
Elapsed time = 1583,38 sec. (317327,78 ticks, tree = 109,57 MB, solutions = 20)
   6969  2381    22795,3936  1562    22933,9699    22300,8914  4540708    2,76%
   7096  2555    22864,5403  2094    22933,9699    22300,8914  4677814    2,76%
   7197  2561    22452,3551  2361    22933,9699    22300,8914  4683548    2,76%
   7293  2704    22837,5288  1959    22933,9699    22300,8914  4810841    2,76%
   7395  2735        cutoff          22933,9699    22300,8914  4838854    2,76%
*  7440+ 2822                        22843,2795    22300,8914             2,37%
   7475  2490    22366,1621  2642    22843,2795    22300,8914  5000493    2,37%
*  7476+ 2475                        22783,6804    22300,8914             2,12%
*  7495  2218      integral     0    22754,7760    22300,8914  5025819    1,99%
   7565  2513    22811,6352  1402    22754,7760    22300,8914  5028359    1,99%
   7637  2086    22451,6299  2224    22754,7760    22300,8914  5049702    1,99%
   7715  2152    22616,5518  2425    22754,7760    22300,8914  5145093    1,99%
   7783  2204    22558,8443  2393    22754,7760    22300,8914  5229129    1,99%
Elapsed time = 1821,54 sec. (355824,28 ticks, tree = 97,85 MB, solutions = 23)
   7838  2213    22566,8888  2521    22754,7760    22300,8914  5240453    1,99%
   7906  2302        cutoff          22754,7760    22300,8914  5351170    1,99%
   7998  2334    22583,0236  1992    22754,7760    22300,8914  5392849    1,99%
   8060  2416    22512,1428  2347    22754,7760    22300,8914  5512263    1,99%
   8145  2466    22629,9240  2185    22754,7760    22300,8914  5584654    1,99%
   8203  2515    22532,9005  2025    22754,7760    22300,8914  5665665    1,99%
   8268  2554    22522,2735  2207    22754,7760    22300,8914  5755277    1,99%
   8351  2536    22709,2325  1940    22754,7760    22300,8914  5729217    1,99%
   8437  2643    22580,5570  2080    22754,7760    22300,8914  5869972    1,99%
   8533  2696    22752,9045  1189    22754,7760    22308,8796  5936450    1,96%
Elapsed time = 2040,99 sec. (394634,72 ticks, tree = 112,70 MB, solutions = 23)
   8610  2757    22548,5097  1978    22754,7760    22308,8796  6040250    1,96%
   8701  2781    22741,8288  1319    22754,7760    22321,3902  6047511    1,90%
   8783  2783    22743,2959  1864    22754,7760    22326,8029  6079239    1,88%
   8862  2800    22485,1848  2216    22754,7760    22326,8622  6122626    1,88%
   8926  2906    22429,0117  2539    22754,7760    22326,8622  6248163    1,88%
   8992  2987        cutoff          22754,7760    22331,3167  6404106    1,86%
   9045  2941    22672,1723  2308    22754,7760    22331,3167  6334940    1,86%
   9107  3010    22692,9173  2406    22754,7760    22332,8801  6424835    1,85%
   9173  3014    22565,1107  2315    22754,7760    22334,7793  6430367    1,85%
   9229  3079    22424,2782  2255    22754,7760    22334,7793  6590219    1,85%
Elapsed time = 2271,89 sec. (433112,18 ticks, tree = 129,53 MB, solutions = 23)
   9296  3155    22679,2926  2148    22754,7760    22338,4153  6682999    1,83%
   9367  3153    22624,7699  2180    22754,7760    22338,4153  6683830    1,83%
   9449  3155    22718,7704  1935    22754,7760    22343,9546  6691193    1,81%
   9515  3225    22534,2968  2421    22754,7760    22344,4793  6834696    1,80%
   9583  3271    22541,7184  2656    22754,7760    22349,5176  6911208    1,78%
   9644  3272    22546,4838  2501    22754,7760    22351,4665  6903946    1,77%
   9701  3338    22534,8473  2302    22754,7760    22352,0703  7044225    1,77%
   9769  3342        cutoff          22754,7760    22352,2417  7050989    1,77%
   9833  3445        cutoff          22754,7760    22355,0278  7281327    1,76%
   9914  3413    22642,6849  2195    22754,7760    22356,8326  7196199    1,75%
Elapsed time = 2494,09 sec. (471750,70 ticks, tree = 146,83 MB, solutions = 23)
   9984  3507    22548,8766  2059    22754,7760    22356,8326  7396139    1,75%
  10065  3565    22558,9101  2248    22754,7760    22356,8326  7489788    1,75%
  10156  3542    22591,0517  2121    22754,7760    22360,4994  7452589    1,73%
  10244  3661    22661,8089  1714    22754,7760    22362,0800  7646643    1,73%
  10340  3661    22689,4370  1867    22754,7760    22362,4997  7636641    1,72%
  10437  3711    22551,8883  1839    22754,7760    22362,5527  7700428    1,72%
  10517  3663    22580,6565  2533    22754,7760    22362,5527  7649068    1,72%
  10620  3815    22459,1127  2569    22754,7760    22370,8389  7836527    1,69%
  10690  3876        cutoff          22754,7760    22371,3651  7931597    1,68%
  10765  3939    22687,3983  1883    22754,7760    22372,0582  8007121    1,68%
Elapsed time = 2734,27 sec. (510361,35 ticks, tree = 168,85 MB, solutions = 23)
  10822  3920    22493,3279  2294    22754,7760    22374,3632  7996222    1,67%
  10881  4025    22573,3928  1869    22754,7760    22375,1904  8154417    1,67%
  10954  4081    22650,1082  2366    22754,7760    22376,7733  8262665    1,66%
  10997  4058    22562,7202  2551    22754,7760    22376,9374  8231554    1,66%
  11056  4145    22655,3178  2428    22754,7760    22376,9374  8365895    1,66%
  11122  4117    22726,5216  1800    22754,7760    22380,6006  8320244    1,64%
  11194  4177    22567,0302  2514    22754,7760    22381,0534  8425245    1,64%
  11271  4207    22518,1202  2699    22754,7760    22381,6127  8494573    1,64%
  11332  4211    22744,5977  2173    22754,7760    22381,6127  8500993    1,64%
  11415  4287    22712,3887  2005    22754,7760    22385,2865  8623837    1,62%
Elapsed time = 2956,30 sec. (549138,40 ticks, tree = 180,44 MB, solutions = 23)
  11498  4303    22644,4706  2364    22754,7760    22385,5173  8658972    1,62%
  11556  4406    22673,9910  2327    22754,7760    22386,6701  8831348    1,62%
  11625  4431    22632,1050  2560    22754,7760    22390,0642  8885495    1,60%
  11694  4451    22624,1324  2514    22754,7760    22390,4301  8944047    1,60%
  11772  4446    22483,3126  2670    22754,7760    22391,1711  8933368    1,60%
  11852  4499    22450,3235  2843    22754,7760    22392,1204  9064226    1,59%
  11934  4523    22574,6994  2010    22754,7760    22394,1371  9104653    1,58%
  12030  4542    22537,1707  2425    22754,7760    22395,5116  9127465    1,58%
  12096  4712    22719,6394  2152    22754,7760    22396,0499  9362017    1,58%
  12187  4628    22679,4067  1718    22754,7760    22396,4426  9263072    1,57%
Elapsed time = 3194,49 sec. (587688,74 ticks, tree = 188,37 MB, solutions = 23)
  12258  4670    22474,0689  2551    22754,7760    22397,7797  9323031    1,57%
  12349  4811    22640,9788  1949    22754,7760    22398,7640  9537944    1,56%
  12433  4887    22709,1591  2327    22754,7760    22399,8422  9654706    1,56%
  12501  4915        cutoff          22754,7760    22400,5860  9717804    1,56%
  12568  4940    22554,6320  2502    22754,7760    22400,6369  9743439    1,56%
  12636  4946    22722,8841  2035    22754,7760    22402,3114  9750151    1,55%
  12719  5035    22698,6262  2044    22754,7760    22404,1554  9972706    1,54%
  12777  5034    22543,2109  2285    22754,7760    22404,7133  9960280    1,54%
  12846  5029    22606,7776  1861    22754,7760    22404,8302  9942728    1,54%
  12919  5050        cutoff          22754,7760    22405,3956 10008067    1,54%
Elapsed time = 3439,51 sec. (626189,11 ticks, tree = 209,09 MB, solutions = 23)
  12963  5088        cutoff          22754,7760    22406,2392 10112575    1,53%
  13023  5180        cutoff          22754,7760    22407,7248 10294671    1,53%
  13081  5226    22745,2630  2000    22754,7760    22409,2005 10356964    1,52%
  13148  5185    22671,9777  2172    22754,7760    22411,2495 10305593    1,51%
  13212  5214    22626,0717  2570    22754,7760    22412,3338 10329310    1,50%
  13278  5307    22706,2678  2313    22754,7760    22413,6478 10533275    1,50%
  13351  5274    22557,1575  2868    22754,7760    22413,6691 10459328    1,50%
  13414  5288        cutoff          22754,7760    22415,1357 10509246    1,49%
  13479  5327    22510,1088  2525    22754,7760    22415,5748 10587594    1,49%
  13547  5327    22646,0039  2596    22754,7760    22417,4816 10574552    1,48%
Elapsed time = 3653,48 sec. (664684,07 ticks, tree = 214,60 MB, solutions = 23)
  13622  5424    22580,1892  2652    22754,7760    22418,8748 10820788    1,48%
  13690  5414        cutoff          22754,7760    22419,4162 10791551    1,47%
  13789  5444        cutoff          22754,7760    22420,6054 10894161    1,47%
  13854  5490    22701,7198  1557    22754,7760    22421,3518 10983941    1,47%
  13944  5557    22624,2133  2368    22754,7760    22423,8370 11120362    1,45%
  14034  5600    22741,7927  1879    22754,7760    22425,8032 11195172    1,45%
  14113  5626        cutoff          22754,7760    22426,0148 11251585    1,44%
  14175  5612        cutoff          22754,7760    22428,2291 11234213    1,44%
  14255  5712        cutoff          22754,7760    22429,0352 11443329    1,43%
  14338  5705    22694,3735  2199    22754,7760    22430,4964 11424756    1,43%
Elapsed time = 3900,61 sec. (703572,21 ticks, tree = 225,53 MB, solutions = 23)
  14421  5710    22662,5231  2385    22754,7760    22430,4964 11431204    1,43%
  14501  5768        cutoff          22754,7760    22432,6446 11555373    1,42%
  14576  5807    22754,6045  1525    22754,7760    22434,0120 11673534    1,41%
  14651  5838        cutoff          22754,7760    22434,7329 11722800    1,41%
  14719  5826    22575,6686  2591    22754,7760    22437,9929 11702320    1,39%
  14772  5950    22713,6011  2441    22754,7760    22439,0783 11944618    1,39%
  14823  6013    22565,0729  2324    22754,7760    22439,9715 12056069    1,38%
  14882  5990    22697,1573  2246    22754,7760    22442,1369 11995583    1,37%
  14967  6054    22716,9118  2069    22754,7760    22442,8106 12134031    1,37%
  15045  6069    22671,7298  1837    22754,7760    22442,9182 12166811    1,37%
Elapsed time = 4154,31 sec. (742045,87 ticks, tree = 237,69 MB, solutions = 23)
  15133  6120    22699,5808  2315    22754,7760    22445,9332 12242944    1,36%
  15220  6122    22644,2019  2367    22754,7760    22446,1315 12249303    1,36%
  15294  6110        cutoff          22754,7760    22446,2829 12221852    1,36%
  15395  6117    22526,6256  2184    22754,7760    22446,7864 12242474    1,35%
  15474  6241        cutoff          22754,7760    22447,9230 12450656    1,35%
  15552  6246    22681,7810  2273    22754,7760    22448,6554 12455790    1,35%
  15626  6318    22743,9341  1762    22754,7760    22449,3434 12609192    1,34%
  15683  6301    22558,4663  2156    22754,7760    22450,1229 12586233    1,34%
  15760  6434    22629,7793  1838    22754,7760    22451,3679 12859403    1,33%
  15863  6462    22718,4418  2207    22754,7760    22453,2500 12913949    1,33%
Elapsed time = 4366,66 sec. (780834,22 ticks, tree = 244,58 MB, solutions = 23)
  15949  6519    22729,4117   895    22754,7760    22454,0848 13017730    1,32%
  16019  6520    22746,0711  2168    22754,7760    22456,1739 13050289    1,31%
  16101  6474    22613,9892  2511    22754,7760    22457,9197 12956360    1,30%
  16187  6615        cutoff          22754,7760    22459,1342 13270716    1,30%
  16251  6540    22751,5858  1711    22754,7760    22459,7091 13090918    1,30%
  16323  6688    22662,3487  2283    22754,7760    22460,8242 13411707    1,29%
  16392  6716        cutoff          22754,7760    22461,5701 13462999    1,29%
  16470  6627    22690,9372  2457    22754,7760    22461,7778 13288587    1,29%
  16538  6649    22584,9548  2421    22754,7760    22462,9302 13342670    1,28%
  16605  6773        cutoff          22754,7760    22465,1271 13621217    1,27%
Elapsed time = 4604,45 sec. (819273,23 ticks, tree = 251,47 MB, solutions = 23)
  16670  6742    22665,3319  2247    22754,7760    22465,2390 13513225    1,27%
  16746  6836    22571,5173  2586    22754,7760    22466,9412 13751184    1,26%
  16811  6812    22700,3330  2201    22754,7760    22468,4850 13708287    1,26%
  16872  6814    22651,0819  2444    22754,7760    22468,7364 13714106    1,26%
  16954  6882    22754,3053  1874    22754,7760    22470,0682 13818759    1,25%
  17037  6914    22732,5731  2064    22754,7760    22470,4610 13897792    1,25%
  17116  6954        cutoff          22754,7760    22471,3153 14025968    1,25%
  17202  7026    22597,5808  2291    22754,7760    22472,5971 14196838    1,24%
  17263  6998    22633,8655  2084    22754,7760    22473,6460 14152965    1,24%
  17325  7102    22691,9246  2623    22754,7760    22474,0111 14357967    1,23%
Elapsed time = 4848,95 sec. (857991,87 ticks, tree = 268,52 MB, solutions = 23)
  17393  7073    22658,2207  2374    22754,7760    22474,6655 14286605    1,23%
  17452  7092    22728,1674  1836    22754,7760    22475,0820 14345853    1,23%
  17516  7082    22586,0422  2665    22754,7760    22475,9094 14299292    1,23%
  17589  7196    22723,2822  2246    22754,7760    22477,2327 14618553    1,22%
  17666  7222    22629,8161  2655    22754,7760    22477,2327 14683123    1,22%
  17751  7255    22687,0823  2158    22754,7760    22478,5454 14794176    1,21%
  17822  7258    22695,6399  2430    22754,7760    22480,1524 14800417    1,21%
  17895  7232    22615,3541  2154    22754,7760    22480,5114 14700909    1,21%
  17980  7264    22652,0680  2100    22754,7760    22480,8072 14812750    1,20%
  18046  7321    22721,4826  2208    22754,7760    22481,4830 15028821    1,20%
Elapsed time = 5099,57 sec. (896455,85 ticks, tree = 270,91 MB, solutions = 23)
  18112  7380    22702,5675  1830    22754,7760    22482,1175 15144904    1,20%
  18178  7324    22625,0773  2374    22754,7760    22482,8469 15040363    1,20%
  18235  7332    22652,2334  2382    22754,7760    22483,6759 15046630    1,19%
  18285  7351        cutoff          22754,7760    22484,7918 15096157    1,19%
  18350  7421    22689,5684  2470    22754,7760    22484,7918 15239936    1,19%
  18423  7439    22753,7890  1762    22754,7760    22486,8778 15296893    1,18%
  18465  7529    22662,4366  1994    22754,7760    22487,2876 15488332    1,18%
  18526  7464    22745,1779  2138    22754,7760    22487,7317 15356870    1,17%
  18598  7509    22721,8704  2229    22754,7760    22488,2203 15435785    1,17%
  18661  7577    22754,5045  1618    22754,7760    22488,2203 15590572    1,17%
Elapsed time = 5345,17 sec. (935100,67 ticks, tree = 281,45 MB, solutions = 23)
  18729  7606    22647,3133  2361    22754,7760    22490,3324 15692171    1,16%
  18793  7614    22634,2127  2245    22754,7760    22490,8754 15726762    1,16%
  18867  7645    22704,1533  1959    22754,7760    22491,4963 15794766    1,16%
  18935  7649    22721,2876  2443    22754,7760    22492,3082 15800222    1,15%
  19026  7651    22695,5777  2183    22754,7760    22492,3082 15805997    1,15%
  19098  7702        cutoff          22754,7760    22493,3553 15985703    1,15%
  19182  7767    22669,0993  2478    22754,7760    22494,0614 16105472    1,15%
  19243  7704    22685,4435  2316    22754,7760    22494,1399 15997980    1,15%
  19332  7841    22616,3828  2282    22754,7760    22494,6914 16256967    1,14%
  19411  7857    22632,7878  2410    22754,7760    22495,9360 16296081    1,14%
Elapsed time = 5549,18 sec. (973703,89 ticks, tree = 283,88 MB, solutions = 23)
  19505  7834        cutoff          22754,7760    22496,6007 16216585    1,13%
  19602  7888    22699,0645  2435    22754,7760    22497,3900 16423094    1,13%
  19662  7869        cutoff          22754,7760    22497,6031 16341543    1,13%
  19744  7889    22644,2350  2334    22754,7760    22498,0676 16403485    1,13%
  19818  8021    22649,6211  2243    22754,7760    22499,3218 16647042    1,12%
  19886  7903        cutoff          22754,7760    22499,7144 16447492    1,12%
  19946  7978    22741,3643  2345    22754,7760    22500,3687 16601131    1,12%
  20008  8104    22680,2418  2039    22754,7760    22502,2833 16860051    1,11%
  20046  8046    22678,8548  2772    22754,7760    22502,6865 16720460    1,11%
  20098  8079    22725,7396  2229    22754,7760    22503,7775 16780617    1,10%
Elapsed time = 5804,92 sec. (1012409,42 ticks, tree = 296,28 MB, solutions = 23)
  20134  8079    22715,6190  2243    22754,7760    22503,7775 16786987    1,10%
  20185  8167        cutoff          22754,7760    22505,4158 17105172    1,10%
  20232  8181        cutoff          22754,7760    22506,1416 17131813    1,09%
  20282  8145        cutoff          22754,7760    22506,1416 17017158    1,09%
  20350  8218    22693,9707  1824    22754,7760    22506,7519 17276509    1,09%
  20400  8221    22672,5360  2360    22754,7760    22507,8027 17304365    1,09%
  20463  8228    22701,7267  1756    22754,7760    22508,0715 17354050    1,08%
  20539  8251    22633,5486  2829    22754,7760    22509,0396 17445802    1,08%
  20622  8265        cutoff          22754,7760    22509,6870 17515628    1,08%
  20687  8259    22647,8651  1812    22754,7760    22509,7635 17429174    1,08%
Elapsed time = 6036,21 sec. (1051586,13 ticks, tree = 303,11 MB, solutions = 23)
  20774  8316    22631,1129  2538    22754,7760    22510,6435 17721490    1,07%
  20851  8240    22736,3546  2277    22754,7760    22510,7489 17406177    1,07%
  20927  8292        cutoff          22754,7760    22511,8333 17598774    1,07%
  20995  8311    22608,5670  2228    22754,7760    22512,1915 17769750    1,07%
  21092  8389    22752,3626  2073    22754,7760    22512,3739 17901519    1,07%
  21167  8371    22640,9955  2335    22754,7760    22512,8895 17874297    1,06%
  21244  8435    22689,9471  2207    22754,7760    22513,8195 18029654    1,06%
  21328  8344    22704,8213  2219    22754,7760    22514,5766 17822803    1,06%
  21409  8414        cutoff          22754,7760    22514,9861 17986715    1,05%
  21485  8556    22731,4815  2116    22754,7760    22516,0949 18342884    1,05%
Elapsed time = 6280,51 sec. (1090212,38 ticks, tree = 318,88 MB, solutions = 23)
  21557  8520    22655,1876  1975    22754,7760    22516,8873 18246517    1,05%
  21626  8582        cutoff          22754,7760    22517,2051 18419803    1,04%
  21706  8561    22646,3682  2240    22754,7760    22518,4503 18360181    1,04%
  21758  8625        cutoff          22754,7760    22518,9300 18561979    1,04%
  21826  8665    22639,3655  2145    22754,7760    22519,9560 18658455    1,03%
  21897  8637    22736,5416  1953    22754,7760    22521,4559 18605334    1,03%
  21950  8684    22712,4234  2402    22754,7760    22521,4559 18706646    1,03%
  22022  8611    22708,5997  1854    22754,7760    22521,9431 18520024    1,02%
  22081  8674    22686,8421  1967    22754,7760    22522,8744 18683240    1,02%
  22155  8763    22691,0457  2464    22754,7760    22523,3413 19014835    1,02%
Elapsed time = 6544,79 sec. (1129220,63 ticks, tree = 322,09 MB, solutions = 23)
  22230  8754    22726,7081  1441    22754,7760    22524,6748 18921666    1,01%
  22312  8771    22656,3711  2078    22754,7760    22525,1429 19058455    1,01%
  22379  8754        cutoff          22754,7760    22525,4190 18935001    1,01%
  22426  8811    22681,9214  2496    22754,7760    22526,0124 19241447    1,01%
  22504  8860        cutoff          22754,7760    22527,4398 19421587    1,00%
  22559  8801    22622,6394  2553    22754,7760    22527,7515 19183274    1,00%
  22621  8867    22729,2551  1646    22754,7760    22528,5084 19428451    0,99%
  22683  8851    22753,4877  2214    22754,7760    22529,0971 19367884    0,99%
  22740  8876        cutoff          22754,7760    22529,2315 19529372    0,99%
  22793  8926    22725,4519  1842    22754,7760    22529,3572 19642456    0,99%
Elapsed time = 6782,84 sec. (1167976,77 ticks, tree = 328,24 MB, solutions = 23)
  22865  8943    22745,0849  2127    22754,7760    22530,0456 19737325    0,99%
  22937  8926        cutoff          22754,7760    22530,2756 19653553    0,99%
  23025  8948        cutoff          22754,7760    22530,3755 19750974    0,99%
  23121  9000    22723,7946  1673    22754,7760    22531,8977 19907947    0,98%
  23213  9003    22646,8691  2652    22754,7760    22532,4589 19882593    0,98%
  23293  9004        cutoff          22754,7760    22532,6858 19889475    0,98%
  23372  9009        cutoff          22754,7760    22533,1779 19895875    0,97%
  23434  9001    22574,6418  2630    22754,7760    22534,9196 19934603    0,97%
  23499  9089    22742,3588  2508    22754,7760    22535,2349 20232889    0,96%
  23568  9083        cutoff          22754,7760    22536,1208 20204291    0,96%
Elapsed time = 6994,06 sec. (1206561,96 ticks, tree = 339,76 MB, solutions = 23)
  23650  9082        cutoff          22754,7760    22537,0941 20210853    0,96%
  23730  9093    22671,3848  2588    22754,7760    22537,0941 20251793    0,96%
  23794  9096    22683,5211  2128    22754,7760    22537,7673 20258351    0,95%
  23873  9095        cutoff          22754,7760    22538,4355 20265543    0,95%
  23938  9180        cutoff          22754,7760    22538,6424 20520584    0,95%
  24005  9153    22737,3283  2190    22754,7760    22539,3174 20424234    0,95%
  24083  9179        cutoff          22754,7760    22540,3168 20502331    0,94%
  24165  9249        cutoff          22754,7760    22541,4237 20770535    0,94%
  24242  9248        cutoff          22754,7760    22541,4237 20776545    0,94%
  24323  9217        cutoff          22754,7760    22541,8459 20625017    0,94%
Elapsed time = 7241,92 sec. (1244960,44 ticks, tree = 341,28 MB, solutions = 23)
  24405  9324    22743,1650  1807    22754,7760    22542,2521 21093597    0,93%
  24497  9340    22709,8892  2142    22754,7760    22542,9056 21175476    0,93%
  24585  9356    22742,2075  1877    22754,7760    22544,6333 21219479    0,92%
  24673  9342        cutoff          22754,7760    22545,0150 21147719    0,92%
  24759  9390        cutoff          22754,7760    22545,9711 21351209    0,92%
  24849  9345    22695,6365  1964    22754,7760    22545,9711 21160643    0,92%
  24932  9425        cutoff          22754,7760    22547,2280 21439801    0,91%
  25030  9397    22676,5995  2342    22754,7760    22547,7526 21369488    0,91%
  25137  9465        cutoff          22754,7760    22547,9744 21569719    0,91%
  25212  9478    22724,1478  2256    22754,7760    22549,1551 21649639    0,90%
Elapsed time = 7488,20 sec. (1283743,51 ticks, tree = 351,46 MB, solutions = 23)
  25290  9548        cutoff          22754,7760    22549,3331 21863362    0,90%
  25367  9563    22738,3347  2636    22754,7760    22549,7990 21944969    0,90%
  25448  9565        cutoff          22754,7760    22549,9707 22026220    0,90%
  25515  9481    22731,3455  2036    22754,7760    22550,4800 21637520    0,90%
  25581  9488    22711,4120  2478    22754,7760    22551,3784 21723763    0,89%
  25663  9567    22716,3665  1953    22754,7760    22551,9720 21932264    0,89%
  25731  9614        cutoff          22754,7760    22552,5474 22173598    0,89%
  25808  9638    22657,0755  2371    22754,7760    22553,2703 22300670    0,89%
  25854  9616    22673,7511  2329    22754,7760    22553,4357 22226144    0,88%
  25923  9685    22717,2898  2294    22754,7760    22553,7915 22554533    0,88%
Elapsed time = 7765,26 sec. (1322820,04 ticks, tree = 361,97 MB, solutions = 23)
  25985  9617    22692,2583  2319    22754,7760    22554,0371 22199369    0,88%
  26065  9683    22740,8797  1950    22754,7760    22554,5175 22527667    0,88%
  26121  9659    22749,1298  1602    22754,7760    22555,0041 22416494    0,88%
  26193  9683        cutoff          22754,7760    22555,8675 22576947    0,87%
  26237  9743    22748,9030  2158    22754,7760    22556,3217 22920302    0,87%
  26293  9754        cutoff          22754,7760    22556,6531 23025580    0,87%
  26344  9720        cutoff          22754,7760    22556,6531 22799846    0,87%
  26405  9722    22708,4667  2298    22754,7760    22557,1727 22803725    0,87%
  26462  9749    22702,8546  2312    22754,7760    22557,5576 22968567    0,87%
  26538  9758    22734,6273  2260    22754,7760    22558,9457 23177106    0,86%
Elapsed time = 8014,12 sec. (1361535,57 ticks, tree = 359,45 MB, solutions = 23)
  26597  9764    22729,8827  2083    22754,7760    22560,3705 23044768    0,85%
  26686  9788        cutoff          22754,7760    22560,6291 23317320    0,85%
  26762  9807    22729,3798  2233    22754,7760    22560,7875 23373160    0,85%
  26848  9754        cutoff          22754,7760    22561,4332 23201517    0,85%
  26942  9763    22719,5339  1510    22754,7760    22561,7411 23171048    0,85%
  27033  9777    22746,6050  2110    22754,7760    22561,8742 23302780    0,85%
  27119  9786    22646,1963  2163    22754,7760    22562,7067 23347676    0,84%
  27223  9857    22694,5171  1394    22754,7760    22563,3364 23589751    0,84%
  27316  9862    22692,3804  2005    22754,7760    22563,9818 23596154    0,84%
  27408  9840    22728,2598  2413    22754,7760    22564,3465 23521364    0,84%
Elapsed time = 8240,99 sec. (1400142,04 ticks, tree = 364,66 MB, solutions = 23)
  27499  9868    22682,1613  2045    22754,7760    22565,1191 23653050    0,83%
  27596  9874    22726,1861  1929    22754,7760    22565,1191 23615492    0,83%
  27683  9939        cutoff          22754,7760    22565,3817 24003847    0,83%
  27748  9891        cutoff          22754,7760    22565,4865 23758148    0,83%
  27824  9928        cutoff          22754,7760    22566,3708 23939015    0,83%
  27907 10006    22675,8130  2430    22754,7760    22567,5976 24198857    0,82%
  27987  9984    22688,8529  2489    22754,7760    22568,1131 24115619    0,82%
  28064  9981        cutoff          22754,7760    22568,3206 24122254    0,82%
  28136  9960    22753,3185  2074    22754,7760    22568,6174 24043608    0,82%
  28207 10060    22720,2213  1988    22754,7760    22568,8952 24495297    0,82%
Elapsed time = 8488,45 sec. (1438700,02 ticks, tree = 378,43 MB, solutions = 23)
  28297 10074        cutoff          22754,7760    22569,1553 24629571    0,82%
  28368 10068        cutoff          22754,7760    22569,7478 24556304    0,81%
  28453 10049    22694,5588  2308    22754,7760    22570,1373 24379343    0,81%
  28542 10117    22741,2637  1550    22754,7760    22570,3955 24835826    0,81%
  28614 10138        cutoff          22754,7760    22570,7960 24985880    0,81%
  28701 10138        cutoff          22754,7760    22571,5426 24992037    0,81%
  28787 10143    22676,4866  2228    22754,7760    22571,5426 24998465    0,81%
  28873 10120    22717,8856  1876    22754,7760    22572,0283 24911675    0,80%
  28968 10119        cutoff          22754,7760    22572,3071 24868421    0,80%
  29050 10153    22623,0017  2419    22754,7760    22573,6183 25063590    0,80%
Elapsed time = 8743,10 sec. (1477391,88 ticks, tree = 379,88 MB, solutions = 23)
  29147 10179    22722,6628  1814    22754,7760    22574,5189 25208329    0,79%
  29251 10204    22690,9950  1883    22754,7760    22575,1643 25402686    0,79%
  29348 10158    22737,8696  1902    22754,7760    22575,9701 25132959    0,79%
  29438 10216    22682,3241  2250    22754,7760    22576,4111 25558504    0,78%
  29531 10258    22722,7595  2346    22754,7760    22576,4111 25654700    0,78%
  29626 10194    22740,1703  2256    22754,7760    22576,7699 25283956    0,78%
  29722 10230        cutoff          22754,7760    22577,3812 25526702    0,78%
  29802 10264    22711,7162  2030    22754,7760    22578,0249 25716124    0,78%
  29890 10312    22704,4532  1232    22754,7760    22578,2027 25849000    0,78%
  29969 10262    22608,0372  2834    22754,7760    22578,3770 25684571    0,78%
Elapsed time = 8991,86 sec. (1516242,51 ticks, tree = 380,38 MB, solutions = 23)
  30023 10356    22673,5212  2576    22754,7760    22579,3314 26153801    0,77%
  30093 10284        cutoff          22754,7760    22580,0160 25820326    0,77%
  30146 10309    22745,1254  2321    22754,7760    22580,0160 25916632    0,77%
  30222 10328    22738,3268  2088    22754,7760    22580,4573 25969294    0,77%
  30272 10351    22749,7516  2261    22754,7760    22580,8146 26123286    0,76%
  30329 10378    22740,1340  2022    22754,7760    22581,1701 26315036    0,76%
  30385 10365        cutoff          22754,7760    22581,9388 26277908    0,76%
  30446 10369    22727,8198  1691    22754,7760    22582,6591 26282183    0,76%
  30520 10427    22738,0714  2157    22754,7760    22583,1188 26495641    0,75%
  30578 10426    22725,1831  2354    22754,7760    22583,9455 26538895    0,75%
Elapsed time = 9262,84 sec. (1554668,94 ticks, tree = 393,82 MB, solutions = 23)
  30660 10440    22648,5768  2374    22754,7760    22584,2090 26651239    0,75%
  30727 10455        cutoff          22754,7760    22584,5412 26754977    0,75%
  30808 10431        cutoff          22754,7760    22585,0468 26629120    0,75%
  30883 10463    22694,6503  2051    22754,7760    22585,7868 26702697    0,74%
  30978 10466    22751,3412  1266    22754,7760    22585,9330 26710734    0,74%
  31062 10493        cutoff          22754,7760    22586,9643 27128979    0,74%
  31154 10491        cutoff          22754,7760    22587,3514 27079847    0,74%
  31235 10495        cutoff          22754,7760    22587,7253 27141948    0,73%
  31329 10501    22694,0057  2220    22754,7760    22588,3682 27092748    0,73%
  31414 10494        cutoff          22754,7760    22588,7422 26966632    0,73%
Elapsed time = 9499,11 sec. (1593454,09 ticks, tree = 395,11 MB, solutions = 23)
  31502 10512    22637,3179  2608    22754,7760    22588,7422 27211833    0,73%
  31594 10507        cutoff          22754,7760    22588,9291 27168131    0,73%
  31691 10520    22725,8135  1953    22754,7760    22590,0429 27323538    0,72%
  31811 10557        cutoff          22754,7760    22590,3544 27578138    0,72%
  31922 10534    22749,0236  1921    22754,7760    22591,6580 27480746    0,72%
  32015 10553        cutoff          22754,7760    22592,0922 27644326    0,71%
  32105 10556    22732,3187  2171    22754,7760    22592,9059 27595510    0,71%
  32224 10588        cutoff          22754,7760    22592,9059 27761787    0,71%
  32318 10607        cutoff          22754,7760    22593,1592 28020260    0,71%
  32421 10563        cutoff          22754,7760    22593,4690 27724511    0,71%
Elapsed time = 9735,24 sec. (1632322,72 ticks, tree = 391,97 MB, solutions = 23)
  32512 10563    22737,7578  1850    22754,7760    22593,4690 27676280    0,71%
  32608 10616        cutoff          22754,7760    22594,6678 27892960    0,70%
  32727 10636        cutoff          22754,7760    22595,5466 28186078    0,70%
  32823 10664    22685,0903  2266    22754,7760    22595,6795 28398186    0,70%
  32923 10662        cutoff          22754,7760    22596,0878 28457017    0,70%
  33016 10678    22730,6383  2143    22754,7760    22596,5693 28669840    0,70%
  33112 10665    22676,5077  2175    22754,7760    22596,5693 28418553    0,70%
  33208 10679    22640,7426  2692    22754,7760    22596,9389 28579440    0,69%
  33296 10642    22632,5291  2418    22754,7760    22597,1490 28329507    0,69%
  33380 10673        cutoff          22754,7760    22597,7132 28592336    0,69%
Elapsed time = 9985,54 sec. (1671103,89 ticks, tree = 401,63 MB, solutions = 23)
  33443 10700    22727,7292  2272    22754,7760    22597,8574 28796083    0,69%
  33515 10696        cutoff          22754,7760    22598,5379 28847964    0,69%
  33596 10727    22751,0389  2476    22754,7760    22598,8482 28907687    0,69%
  33665 10695    22655,9527  2409    22754,7760    22599,2894 28769538    0,68%
  33742 10719    22711,9444  2069    22754,7760    22600,2389 28976302    0,68%
  33817 10736    22717,3065  1576    22754,7760    22600,2389 29147371    0,68%
  33882 10740    22744,5312  2726    22754,7760    22600,4915 29207764    0,68%
  33937 10733        cutoff          22754,7760    22600,9563 29102152    0,68%
  33994 10741    22710,6032  2019    22754,7760    22600,9563 29217062    0,68%
  34054 10739        cutoff          22754,7760    22602,1886 29223385    0,67%
Elapsed time = 10245,13 sec. (1709716,78 ticks, tree = 404,51 MB, solutions = 23)
  34120 10754    22709,4484  2121    22754,7760    22603,5919 29687499    0,66%
  34187 10756        cutoff          22754,7760    22603,5919 29777078    0,66%
  34249 10759    22744,0951  1981    22754,7760    22604,3765 29453994    0,66%
  34330 10762    22730,9165  1692    22754,7760    22605,2202 29458056    0,66%
  34407 10753        cutoff          22754,7760    22605,5767 29834485    0,66%
  34476 10755    22740,3774  2238    22754,7760    22605,5767 29567537    0,66%
  34572 10748        cutoff          22754,7760    22605,7859 30044873    0,65%
  34660 10743        cutoff          22754,7760    22607,0338 30087205    0,65%
  34759 10762    22709,7934  2695    22754,7760    22607,4355 30020243    0,65%
  34875 10745    22660,2560  2039    22754,7760    22608,7507 30179957    0,64%
Elapsed time = 10519,32 sec. (1748367,79 ticks, tree = 397,91 MB, solutions = 23)
  34991 10747    22738,9267  2135    22754,7760    22608,7507 29871107    0,64%
  35095 10738        cutoff          22754,7760    22609,7048 30320335    0,64%
  35216 10709    22727,8442  1787    22754,7760    22610,4859 30533695    0,63%
  35332 10748        cutoff          22754,7760    22610,4859 30205605    0,63%
  35418 10706    22740,5325  1492    22754,7760    22611,1539 30491205    0,63%
  35521 10778        cutoff          22754,7760    22611,6138 30178353    0,63%
  35628 10722        cutoff          22754,7760    22612,2961 30396576    0,63%
  35714 10709    22708,0238  2249    22754,7760    22612,6117 30564959    0,62%
  35804 10709    22711,8871  2186    22754,7760    22613,2524 30570438    0,62%
  35906 10741    22689,4769  2285    22754,7760    22613,7094 30788258    0,62%
Elapsed time = 10711,05 sec. (1786876,81 ticks, tree = 403,35 MB, solutions = 23)
  35992 10746    22737,5369  1873    22754,7760    22613,8931 31068623    0,62%
  36084 10720    22670,5024  2050    22754,7760    22614,5468 30744669    0,62%
  36176 10746        cutoff          22754,7760    22615,1157 31241552    0,61%
  36273 10757    22743,8507  2215    22754,7760    22615,5533 31041195    0,61%
  36360 10703        cutoff          22754,7760    22615,5533 30708566    0,61%
  36445 10758    22740,6735  2033    22754,7760    22616,0212 30884812    0,61%
  36527 10758    22734,3293  2281    22754,7760    22616,4571 31000436    0,61%
  36623 10713        cutoff          22754,7760    22616,6400 31553682    0,61%
  36709 10727    22733,6317  2287    22754,7760    22617,3662 31436666    0,60%
  36809 10728        cutoff          22754,7760    22617,6599 31443665    0,60%
Elapsed time = 10960,49 sec. (1825438,45 ticks, tree = 406,50 MB, solutions = 23)
  36897 10712    22752,6377  2012    22754,7760    22618,1854 31574291    0,60%
  36977 10703    22669,5486  2487    22754,7760    22618,5022 31519157    0,60%
  37063 10712    22737,9766  2385    22754,7760    22618,5022 31709263    0,60%
  37138 10703    22730,6036  1917    22754,7760    22619,0107 31533120    0,60%
  37236 10717    22699,7384  2152    22754,7760    22619,4697 31663443    0,59%
  37335 10706    22688,2316  1946    22754,7760    22619,9475 32129907    0,59%
  37418 10717    22738,6698  2610    22754,7760    22620,2385 31676720    0,59%
  37515 10710    22721,0163  2029    22754,7760    22620,6516 31743440    0,59%
  37597 10700    22677,7797  2180    22754,7760    22621,5587 32144211    0,59%
  37679 10664    22747,2108  2253    22754,7760    22621,5587 32509764    0,59%
Elapsed time = 11215,21 sec. (1863993,61 ticks, tree = 395,61 MB, solutions = 23)
  37765 10726    22749,7919  1710    22754,7760    22622,3037 32054345    0,58%
  37835 10666    22718,6647  1992    22754,7760    22622,7111 32450990    0,58%
  37928 10667    22725,7838  2141    22754,7760    22622,9786 32339609    0,58%
  38017 10677        cutoff          22754,7760    22622,9786 32281726    0,58%
  38085 10652        cutoff          22754,7760    22623,9034 32771380    0,58%
  38154 10647    22682,2231  2284    22754,7760    22623,9034 32720810    0,58%
  38246 10646        cutoff          22754,7760    22624,2133 32955617    0,57%
  38332 10651    22692,2832  2492    22754,7760    22624,6540 32729403    0,57%
  38428 10645    22738,5617  2537    22754,7760    22626,5595 32873507    0,56%
  38534 10656    22723,6420  2438    22754,7760    22627,0709 33174901    0,56%
Elapsed time = 11492,52 sec. (1902555,98 ticks, tree = 399,52 MB, solutions = 23)
  38619 10654    22703,6974  2112    22754,7760    22627,5144 33255850    0,56%
  38709 10650    22684,0370  2102    22754,7760    22627,9090 33187953    0,56%
  38823 10653    22738,5875  2085    22754,7760    22628,0672 33228859    0,56%
  38926 10649        cutoff          22754,7760    22628,0672 32947546    0,56%
  39023 10652    22705,7809  1916    22754,7760    22629,3279 33206810    0,55%
  39118 10626        cutoff          22754,7760    22630,1226 33494387    0,55%
  39229 10630    22738,5454  1720    22754,7760    22630,9182 33335892    0,54%
  39359 10616    22693,9428  1978    22754,7760    22631,3822 33552450    0,54%
  39461 10601        cutoff          22754,7760    22631,8257 33660757    0,54%
  39544 10632        cutoff          22754,7760    22632,2248 33425145    0,54%
Elapsed time = 11702,24 sec. (1941237,74 ticks, tree = 399,87 MB, solutions = 23)
  39634 10593        cutoff          22754,7760    22632,2248 33725876    0,54%
  39731 10638        cutoff          22754,7760    22632,5321 33406385    0,54%
  39817 10616    22737,7598  2483    22754,7760    22632,9541 33542324    0,54%
  39895 10587        cutoff          22754,7760    22632,9541 33746401    0,54%
  39993 10525    22715,2661  2227    22754,7760    22633,6908 34136922    0,53%
  40077 10502        cutoff          22754,7760    22634,0063 34210309    0,53%
  40174 10564    22701,9087  1458    22754,7760    22635,8126 33917232    0,52%
  40272 10441        cutoff          22754,7760    22635,8126 34594517    0,52%
  40379 10479        cutoff          22754,7760    22635,8126 34421653    0,52%
  40475 10488        cutoff          22754,7760    22635,8126 34291498    0,52%
Elapsed time = 11950,07 sec. (1979797,90 ticks, tree = 395,74 MB, solutions = 23)
  40574 10423        cutoff          22754,7760    22637,0322 34651593    0,52%
  40687 10439    22720,5857  2072    22754,7760    22637,6066 34621595    0,51%
  40797 10436    22714,6730  2549    22754,7760    22637,6066 34628542    0,51%
  40905 10415        cutoff          22754,7760    22637,6066 34733764    0,51%
  41006 10421        cutoff          22754,7760    22639,0277 34678650    0,51%

Cover cuts applied:  1
Mixed integer rounding cuts applied:  4
Zero-half cuts applied:  729
Lift and project cuts applied:  2

Root node processing (before b&c):
  Real time             =   49,74 sec. (25183,80 ticks)
Parallel b&c, 12 threads:
  Real time             = 12024,95 sec. (1975028,75 ticks)
  Sync time (average)   = 1391,14 sec.
  Wait time (average)   =    0,03 sec.
                          ------------
Total (root+branch&cut) = 12074,68 sec. (2000212,54 ticks)

