
Version identifier: 22.1.1.0 | 2022-11-28 | 9160aff4d
CPXPARAM_MultiObjective_Display                  0
CPXPARAM_TimeLimit                               2000000
CPXPARAM_WorkMem                                 8192
CPXPARAM_DetTimeLimit                            2000000
Tried aggregator 3 times.
MIP Presolve eliminated 128287 rows and 1100194 columns.
Aggregator did 1046 substitutions.
Reduced MIP has 4037 rows, 17002 columns, and 38117 nonzeros.
Reduced MIP has 16970 binaries, 32 generals, 0 SOSs, and 0 indicators.
Presolve time = 1,04 sec. (598,86 ticks)
Found incumbent of value 196314,685035 after 1,25 sec. (706,13 ticks)
Probing time = 0,03 sec. (9,12 ticks)
Tried aggregator 2 times.
Detecting symmetries...
Aggregator did 16 substitutions.
Reduced MIP has 4021 rows, 16986 columns, and 38085 nonzeros.
Reduced MIP has 16970 binaries, 16 generals, 0 SOSs, and 0 indicators.
Presolve time = 0,04 sec. (36,30 ticks)
Probing time = 0,03 sec. (8,86 ticks)
Clique table members: 21903.
MIP emphasis: balance optimality and feasibility.
MIP search method: dynamic search.
Parallel mode: deterministic, using up to 12 threads.
Root relaxation solution time = 0,55 sec. (254,07 ticks)

        Nodes                                         Cuts/
   Node  Left     Objective  IInf  Best Integer    Best Bound    ItCnt     Gap

*     0+    0                       196314,6850 -1343177,0000           784,20%
*     0+    0                       168001,4330 -1343177,0000           899,50%
*     0+    0                       167983,1810 -1343177,0000           899,59%
*     0+    0                       167964,9290 -1343177,0000           899,68%
*     0+    0                       167946,6770 -1343177,0000           899,76%
*     0+    0                       167928,4250 -1343177,0000           899,85%
*     0+    0                       167910,1730 -1343177,0000           899,94%
*     0+    0                       167891,9210 -1343177,0000           900,02%
*     0+    0                       167873,6690 -1343177,0000           900,11%
      0     0    39107,4827   924   167873,6690    39107,4827       30   76,70%
      0     0    39197,6206   971   167873,6690      Cuts: 38      288   76,65%
*     0+    0                        76396,4736    39197,6206            48,69%
*     0+    0                        46888,3741    39197,6206            16,40%
      0     0    39207,0156   945    46888,3741  ZeroHalf: 13      372   16,38%
      0     0    39214,4838  1002    46888,3741  ZeroHalf: 12      468   16,37%
*     0+    0                        42861,3727    39214,4838             8,51%
      0     0  -1,00000e+75     0    42861,3727    39214,4838      468    8,51%
*     0+    0                        39412,6292    39214,4838             0,50%
      0     0    39217,8685   993    39412,6292   ZeroHalf: 2      516    0,49%
*     0+    0                        39410,5951    39217,8685             0,49%
      0     0  -1,00000e+75     0    39410,5951    39217,8685      516    0,49%

Repeating presolve.
Tried aggregator 5 times.
MIP Presolve eliminated 1690 rows and 12043 columns.
MIP Presolve modified 31 coefficients.
Aggregator did 442 substitutions.
Reduced MIP has 1889 rows, 4501 columns, and 11227 nonzeros.
Reduced MIP has 4486 binaries, 15 generals, 0 SOSs, and 0 indicators.
Presolve time = 0,03 sec. (25,28 ticks)
Probing fixed 2 vars, tightened 0 bounds.
Probing time = 0,03 sec. (12,26 ticks)
Tried aggregator 2 times.
Detecting symmetries...
MIP Presolve eliminated 2 rows and 3 columns.
Aggregator did 2 substitutions.
Reduced MIP has 1885 rows, 4496 columns, and 11217 nonzeros.
Reduced MIP has 4481 binaries, 15 generals, 0 SOSs, and 0 indicators.
Presolve time = 0,02 sec. (12,56 ticks)
Represolve time = 0,79 sec. (707,34 ticks)
Probing time = 0,01 sec. (4,15 ticks)
Clique table members: 6858.
MIP emphasis: balance optimality and feasibility.
MIP search method: dynamic search.
Parallel mode: deterministic, using up to 12 threads.
Root relaxation solution time = 0,20 sec. (160,88 ticks)

        Nodes                                         Cuts/
   Node  Left     Objective  IInf  Best Integer    Best Bound    ItCnt     Gap

*     0+    0                        39410,5951    39217,8685             0,49%
      0     0    39217,8685   851    39410,5951    39217,8685      556    0,49%
      0     0    39222,7990   830    39410,5951       Cuts: 6      636    0,41%
      0     0    39232,5936   897    39410,5951   ZeroHalf: 9      765    0,41%
      0     0    39234,5544   919    39410,5951   ZeroHalf: 6      831    0,41%
      0     0    39237,7017   928    39410,5951   ZeroHalf: 4      882    0,41%
      0     0    39239,4350   885    39410,5951   ZeroHalf: 1      922    0,41%
      0     0    39239,6077   911    39410,5951   ZeroHalf: 2      939    0,41%
*     0+    0                        39333,2241    39247,2649             0,22%
      0     0        cutoff          39333,2241    39333,2241      939    0,00%
Elapsed time = 7,66 sec. (4257,89 ticks, tree = 0,01 MB, solutions = 15)

Zero-half cuts applied:  33
Gomory fractional cuts applied:  1

Root node processing (before b&c):
  Real time             =    7,85 sec. (4392,34 ticks)
Parallel b&c, 12 threads:
  Real time             =    0,00 sec. (0,00 ticks)
  Sync time (average)   =    0,00 sec.
  Wait time (average)   =    0,00 sec.
                          ------------
Total (root+branch&cut) =    7,85 sec. (4392,34 ticks)

