
Version identifier: 22.1.1.0 | 2022-11-28 | 9160aff4d
CPXPARAM_MultiObjective_Display                  0
CPXPARAM_WorkMem                                 8192
CPXPARAM_DetTimeLimit                            2000000
Tried aggregator 3 times.
MIP Presolve eliminated 20253 rows and 128486 columns.
Aggregator did 275 substitutions.
Reduced MIP has 967 rows, 2625 columns, and 6186 nonzeros.
Reduced MIP has 2612 binaries, 13 generals, 0 SOSs, and 0 indicators.
Presolve time = 0,10 sec. (81,51 ticks)
Found incumbent of value 90860,010000 after 0,12 sec. (98,08 ticks)
Probing time = 0,01 sec. (3,48 ticks)
Tried aggregator 2 times.
Detecting symmetries...
Aggregator did 6 substitutions.
Reduced MIP has 961 rows, 2619 columns, and 6174 nonzeros.
Reduced MIP has 2612 binaries, 7 generals, 0 SOSs, and 0 indicators.
Presolve time = 0,01 sec. (6,17 ticks)
Probing time = 0,00 sec. (3,47 ticks)
Clique table members: 3884.
MIP emphasis: balance optimality and feasibility.
MIP search method: dynamic search.
Parallel mode: deterministic, using up to 12 threads.
Root relaxation solution time = 0,02 sec. (19,57 ticks)

        Nodes                                         Cuts/
   Node  Left     Objective  IInf  Best Integer    Best Bound    ItCnt     Gap

*     0+    0                        90860,0100  -270015,0000           397,18%
*     0+    0                        73298,9370  -270015,0000           468,38%
*     0+    0                        73290,8640  -270015,0000           468,42%
*     0+    0                        73282,7910  -270015,0000           468,46%
*     0+    0                        73274,7180  -270015,0000           468,50%
*     0+    0                        73266,6450  -270015,0000           468,54%
*     0     0      integral     0    19952,4300    19952,4300     1083    0,00%
Elapsed time = 0,18 sec. (154,76 ticks, tree = 0,00 MB, solutions = 7)

Root node processing (before b&c):
  Real time             =    0,19 sec. (163,58 ticks)
Parallel b&c, 12 threads:
  Real time             =    0,00 sec. (0,00 ticks)
  Sync time (average)   =    0,00 sec.
  Wait time (average)   =    0,00 sec.
                          ------------
Total (root+branch&cut) =    0,19 sec. (163,58 ticks)

