
Version identifier: 22.1.1.0 | 2022-11-28 | 9160aff4d
CPXPARAM_MultiObjective_Display                  0
CPXPARAM_WorkMem                                 8192
CPXPARAM_DetTimeLimit                            2000000
Found incumbent of value 126000,000000 after 0,01 sec. (6,68 ticks)
Tried aggregator 3 times.
MIP Presolve eliminated 23031 rows and 126989 columns.
Aggregator did 436 substitutions.
Reduced MIP has 1832 rows, 7251 columns, and 16400 nonzeros.
Reduced MIP has 7237 binaries, 14 generals, 0 SOSs, and 0 indicators.
Presolve time = 0,12 sec. (88,46 ticks)
Probing time = 0,02 sec. (8,03 ticks)
Tried aggregator 2 times.
Detecting symmetries...
MIP Presolve eliminated 1 rows and 1 columns.
Aggregator did 7 substitutions.
Reduced MIP has 1824 rows, 7243 columns, and 16384 nonzeros.
Reduced MIP has 7236 binaries, 7 generals, 0 SOSs, and 0 indicators.
Presolve time = 0,02 sec. (18,06 ticks)
Probing time = 0,02 sec. (5,53 ticks)
Clique table members: 9490.
MIP emphasis: balance optimality and feasibility.
MIP search method: dynamic search.
Parallel mode: deterministic, using up to 12 threads.
Root relaxation solution time = 0,25 sec. (178,12 ticks)

        Nodes                                         Cuts/
   Node  Left     Objective  IInf  Best Integer    Best Bound    ItCnt     Gap

*     0+    0                       126000,0000  -604684,0000           579,91%
*     0+    0                       109420,0000  -604684,0000           652,63%
      0     0     9696,8135  1030   109420,0000     9696,8135       32   91,14%
*     0+    0                        68916,8670     9696,8135            85,93%
      0     0     9705,2448  1088    68916,8670  ZeroHalf: 17      244   85,92%
      0     0     9707,5575  1126    68916,8670  ZeroHalf: 13      392   85,91%
*     0+    0                        28552,8950     9707,5575            66,00%
      0     0     9708,7886  1111    28552,8950   ZeroHalf: 2      454   66,00%
      0     0     9708,9590  1121    28552,8950   ZeroHalf: 1      486   66,00%
*     0+    0                        25130,0000     9708,9590            61,37%
*     0+    0                        21523,8600     9708,9590            54,89%
      0     0  -1,00000e+75     0    21523,8600     9708,9590      486   54,89%
*     0+    0                        11110,4600     9708,9590            12,61%
Detecting symmetries...
      0     2     9708,9590  1121    11110,4600     9729,9014      486   12,43%
Elapsed time = 5,59 sec. (2677,22 ticks, tree = 0,02 MB, solutions = 6)
      7     7     9745,4190   939    11110,4600     9729,9014     3905   12,43%
     40    28     9768,2694   953    11110,4600     9748,0167    13540   12,26%
*    73    57      integral     0     9941,4600     9748,0167    22434    1,95%
    104    74     9800,3556   701     9941,4600     9752,6967    29293    1,90%
*   150   104      integral     0     9939,4400     9752,6967    42130    1,88%
*   218+  117                         9937,8600     9752,6967             1,86%
    261   123     9844,8232   887     9937,8600     9752,6967    50970    1,86%
*   278   152      integral     0     9937,7300     9752,6967    66695    1,86%
    371   166     9900,6967   425     9937,7300     9778,9378    79566    1,60%
*   449   213      integral     0     9922,4500     9782,5813   103779    1,41%
    514   225        cutoff           9922,4500     9793,7669   115598    1,30%
*   680   264      integral     0     9918,1500     9815,0000   140344    1,04%
    682   268     9896,3576   562     9918,1500     9815,0000   142236    1,04%
    848   265     9872,6358   547     9918,1500     9822,6124   168860    0,96%
*  1017   262      integral     0     9903,0100     9829,9298   192020    0,74%

Cover cuts applied:  1
Zero-half cuts applied:  31

Root node processing (before b&c):
  Real time             =    5,52 sec. (2674,79 ticks)
Parallel b&c, 12 threads:
  Real time             =    7,90 sec. (2574,24 ticks)
  Sync time (average)   =    1,95 sec.
  Wait time (average)   =    0,00 sec.
                          ------------
Total (root+branch&cut) =   13,42 sec. (5249,03 ticks)

