
Version identifier: 22.1.1.0 | 2022-11-28 | 9160aff4d
CPXPARAM_MultiObjective_Display                  0
CPXPARAM_TimeLimit                               2000000
CPXPARAM_WorkMem                                 8192
CPXPARAM_DetTimeLimit                            2000000
Tried aggregator 3 times.
MIP Presolve eliminated 119032 rows and 1079591 columns.
Aggregator did 1395 substitutions.
Reduced MIP has 5584 rows, 30786 columns, and 67526 nonzeros.
Reduced MIP has 30754 binaries, 32 generals, 0 SOSs, and 0 indicators.
Presolve time = 0,83 sec. (630,00 ticks)
Found incumbent of value 189974,724996 after 0,99 sec. (766,26 ticks)
Tried aggregator 2 times.
Detecting symmetries...
Aggregator did 17 substitutions.
Reduced MIP has 5567 rows, 30769 columns, and 67492 nonzeros.
Reduced MIP has 30753 binaries, 16 generals, 0 SOSs, and 0 indicators.
Presolve time = 0,07 sec. (62,29 ticks)
Probing time = 0,05 sec. (13,76 ticks)
Clique table members: 37498.
MIP emphasis: balance optimality and feasibility.
MIP search method: dynamic search.
Parallel mode: deterministic, using up to 12 threads.
Root relaxation solution time = 0,79 sec. (521,72 ticks)

        Nodes                                         Cuts/
   Node  Left     Objective  IInf  Best Integer    Best Bound    ItCnt     Gap

*     0+    0                       189974,7250 -1919933,0000              --- 
*     0+    0                       168413,4650 -1919933,0000              --- 
*     0+    0                       168395,2130 -1919933,0000              --- 
*     0+    0                       168376,9610 -1919933,0000              --- 
*     0+    0                       168358,7090 -1919933,0000              --- 
*     0+    0                       168340,4570 -1919933,0000              --- 
*     0+    0                       168323,2850 -1919933,0000              --- 
*     0+    0                       168306,4370 -1919933,0000              --- 
*     0+    0                       168289,5890 -1919933,0000              --- 
*     0+    0                       168272,7410 -1919933,0000              --- 
      0     0    16702,4272  2220   168272,7410    16702,4272       39   90,07%
      0     0    17194,8737  2372   168272,7410      Cuts: 19     1598   89,78%
*     0+    0                        47816,6451    17194,8737            64,04%
      0     0    17481,8802  2467    47816,6451  ZeroHalf: 13     3563   63,44%
      0     0    17508,3380  2487    47816,6451  ZeroHalf: 12     4199   63,38%
      0     0    17534,5930  2585    47816,6451   ZeroHalf: 9     4868   63,33%
      0     0    17562,7095  2617    47816,6451  ZeroHalf: 16     5624   63,27%
Detecting symmetries...
      0     0    17568,2209  2653    47816,6451   ZeroHalf: 8     6034   63,26%
      0     0    17577,4952  2657    47816,6451   ZeroHalf: 8     6395   63,24%
      0     0    17600,4355  2634    47816,6451   ZeroHalf: 9     7058   63,19%
      0     0    17606,3802  2740    47816,6451   ZeroHalf: 7     7446   63,18%
      0     0    17610,2822  2744    47816,6451   ZeroHalf: 6     7664   63,17%
      0     0    17620,7995  2752    47816,6451  ZeroHalf: 10     8159   63,15%
      0     0    17624,0475  2826    47816,6451   ZeroHalf: 7     8399   63,14%
      0     0    17629,2182  2781    47816,6451   ZeroHalf: 5     8738   63,13%
      0     0    17637,8068  2817    47816,6451   ZeroHalf: 6     9115   63,11%
      0     0    17637,9352  2824    47816,6451   ZeroHalf: 3     9156   63,11%
      0     0    17638,2316  2819    47816,6451   ZeroHalf: 1     9229   63,11%
*     0+    0                        25086,0747    17638,2316            29,69%
Detecting symmetries...
      0     2    17638,2316  2819    25086,0747    17638,2316     9229   29,69%
Elapsed time = 41,63 sec. (23478,21 ticks, tree = 0,02 MB, solutions = 12)
      1     3    17669,8289  2773    25086,0747    17638,2555    10078   29,69%
      2     3    17694,2719  2596    25086,0747    17638,2555    10855   29,69%
      4     5    17723,1735  2512    25086,0747    17669,8753    12453   29,56%
      5     4    17756,9056  2563    25086,0747    17669,8753    11969   29,56%
      8     6    17857,7151  2285    25086,0747    17669,9500    14685   29,56%
      9    11    17879,8035  2241    25086,0747    17694,2778    19549   29,47%
     15    10    17889,5942  2519    25086,0747    17694,2778    18567   29,47%
     20     9    18193,6409  2177    25086,0747    17723,2144    18523   29,35%
     23    12    18320,9980  2019    25086,0747    17755,1650    21255   29,22%
     38    25    18270,7062  2279    25086,0747    17789,7780    39324   29,09%
Elapsed time = 60,63 sec. (28620,04 ticks, tree = 0,10 MB, solutions = 12)
     54    36    18366,7909  2305    25086,0747    17789,7780    55845   29,09%
     69    47    18057,0407  2126    25086,0747    17789,7780    67604   29,09%
     79    66    18051,5731  2193    25086,0747    17789,7780    92109   29,09%
     88    89    18330,5221  1825    25086,0747    17789,7780   116913   29,09%
    107    97    18930,3734  1927    25086,0747    17789,7780   132353   29,09%
    117   102    18391,8856  1989    25086,0747    17789,7780   140030   29,09%
*   131+   98                        21890,8691    17789,7780            18,73%
    131   117    18440,4643  1891    21890,8691    17789,7780   156404   18,73%
    146   129    19348,2898  1544    21890,8691    17789,7780   170746   18,73%
    160   139    18552,7355  1769    21890,8691    17789,7780   182365   18,73%
    186   167    18813,3948  1623    21890,8691    17789,7780   205199   18,73%
Elapsed time = 124,59 sec. (38967,86 ticks, tree = 3,01 MB, solutions = 15)
    220   164    18814,5250  1587    21890,8691    17789,7780   200593   18,73%
    251   200    19282,0305  1624    21890,8691    17789,7780   224446   18,73%
    276   244    21085,5765   267    21890,8691    17789,7780   251960   18,73%
    306   270    19120,5797  1192    21890,8691    17789,7780   267990   18,73%
    339   248    20456,6602  1254    21890,8691    17789,7780   258836   18,73%
    373   286    18839,2378  1245    21890,8691    17789,7780   286046   18,73%
    410   329    20607,1297   457    21890,8691    17789,7780   313636   18,73%
    457   380    20948,9733   522    21890,8691    17789,7780   346205   18,73%
*   508   414      integral     0    21773,4132    17789,7780   366916   18,30%
    526   419    19664,0785  1079    21773,4132    17789,7780   371411   18,30%
*   548   395      integral     0    21679,1789    17789,7780   348603   17,94%
    609   452    20992,7860   442    21679,1789    17789,7780   384077   17,94%
Elapsed time = 186,88 sec. (48688,55 ticks, tree = 9,32 MB, solutions = 18)
*   614   447      integral     0    20892,4919    17789,7780   381287   14,85%
    666   510    19495,7389   721    20892,4919    17789,7780   419851   14,85%
    717   502    20222,8163  1054    20892,4919    17789,7780   404426   14,85%
    752   466    18063,8487  2454    20892,4919    17789,7780   408588   14,85%
    782   587    20275,2453  1310    20892,4919    17789,7780   465218   14,85%
    802   562    18272,2296  2241    20892,4919    17800,9019   454896   14,80%
    825   623    18645,8106  1374    20892,4919    17800,9019   496308   14,80%
    845   628    18770,7108  1331    20892,4919    17912,4821   498229   14,26%
    870   681    18652,3077  1711    20892,4919    17912,4821   544132   14,26%
    897   704    20024,1240  1083    20892,4919    17912,4821   561409   14,26%
    934   703    20418,3409   841    20892,4919    17912,4821   546640   14,26%
Elapsed time = 248,83 sec. (58602,05 ticks, tree = 22,94 MB, solutions = 20)
    974   718        cutoff          20892,4919    17912,4821   566561   14,26%
    998   716    19231,3332  1638    20892,4919    17912,4821   574913   14,26%
   1026   822    19198,1531  1329    20892,4919    17912,4821   638577   14,26%
*  1039+  761                        20747,8250    17912,4821            13,67%
   1048   783    19292,3082  1493    20747,8250    17912,4821   615644   13,67%
   1081   807    19716,2899   961    20747,8250    17912,4821   629983   13,67%
   1120   874    20181,1417  1187    20747,8250    17912,4821   689767   13,67%
   1163   813    18921,5680  1415    20747,8250    17912,4821   653681   13,67%
   1189   849    18136,2203  2283    20747,8250    17912,4821   669661   13,67%
   1232   933    19924,1380  1363    20747,8250    17912,4821   725452   13,67%
   1253   919    18803,4903  1896    20747,8250    17912,4821   720058   13,67%
Elapsed time = 312,23 sec. (68467,20 ticks, tree = 33,22 MB, solutions = 21)
   1278   921    18929,7551  1819    20747,8250    17912,4821   721745   13,67%
*  1294+  995                        20705,8702    17912,4821            13,49%
   1295   982    18770,0092  1886    20705,8702    17912,4821   752117   13,49%
   1319  1018    20122,9186  1017    20705,8702    17918,8352   786303   13,46%
*  1341+ 1020                        20652,9766    17918,8352            13,24%
   1349  1059    19445,6890  1928    20652,9766    17918,8352   823654   13,24%
*  1380+ 1071                        20575,5603    17918,8352            12,91%
   1386  1012    18892,4957  1899    20575,5603    17918,8352   777255   12,91%
*  1387  1072      integral     0    20557,1625    17918,8352   849458   12,83%
   1428  1090    20525,5805  1177    20557,1625    17918,8352   851145   12,83%
   1466  1098    20119,2893  1071    20557,1625    17918,8352   865977   12,83%
   1498  1110    20500,9017  1722    20557,1625    17918,8352   874220   12,83%
   1532  1177    20114,3896   981    20557,1625    17944,6136   917077   12,71%
   1568  1157        cutoff          20557,1625    17944,6136   903969   12,71%
Elapsed time = 373,90 sec. (78241,43 ticks, tree = 46,09 MB, solutions = 25)
   1599  1090    19897,1096  1722    20557,1625    17944,6136   862777   12,71%
   1635  1128    20190,6216  1623    20557,1625    17945,6107   887724   12,70%
   1661  1245    18446,8044  1973    20557,1625    17957,1860   964116   12,65%
   1686  1298    19442,0959  1933    20557,1625    17957,1860   998193   12,65%
   1708  1290    18393,3938  1904    20557,1625    17960,2781   992511   12,63%
   1735  1251    19368,3736  1853    20557,1625    17960,2781   969202   12,63%
   1769  1386    18383,3488  1944    20557,1625    17984,6203  1063027   12,51%
   1797  1366    18374,4698  2017    20557,1625    17984,6203  1050894   12,51%
   1832  1368    18504,0487  1977    20557,1625    17984,6203  1052483   12,51%
   1867  1382    19767,8706  1833    20557,1625    17986,7242  1058886   12,50%
Elapsed time = 435,67 sec. (88014,44 ticks, tree = 55,05 MB, solutions = 25)
   1897  1396    18955,9389  1624    20557,1625    17986,7242  1068022   12,50%
   1928  1510    20291,7148  1651    20557,1625    17986,7242  1145887   12,50%
   1966  1526    19787,0355  1255    20557,1625    17986,7242  1153918   12,50%
   2008  1548    19749,1763  1183    20557,1625    17987,8166  1163069   12,50%
   2045  1562    20514,3536  1810    20557,1625    17987,8166  1184652   12,50%
   2076  1511    20157,9034  1458    20557,1625    17987,8166  1146967   12,50%
   2099  1542    18280,6599  2016    20557,1625    17987,8166  1160741   12,50%
   2133  1565    18544,7530  1692    20557,1625    17990,8868  1190030   12,48%
   2161  1704    18305,0639  1712    20557,1625    17999,0115  1268277   12,44%
   2187  1672    19627,9170  1729    20557,1625    17999,0115  1245442   12,44%
Elapsed time = 499,52 sec. (97863,59 ticks, tree = 60,73 MB, solutions = 25)
   2217  1724    20229,3415  1696    20557,1625    18002,1498  1281262   12,43%
   2256  1684    20298,6035  1407    20557,1625    18007,4714  1249494   12,40%
   2297  1687    19537,2518  2317    20557,1625    18007,4714  1259674   12,40%
   2345  1762    20412,9975  1308    20557,1625    18007,4714  1306555   12,40%
   2389  1828    20273,8382  1526    20557,1625    18007,4714  1347473   12,40%
   2427  1868    19897,6945  1237    20557,1625    18007,4714  1372312   12,40%
   2467  1831    20239,1778  1914    20557,1625    18014,7753  1357563   12,37%
   2494  1832    20347,5145  1685    20557,1625    18014,7753  1359558   12,37%
   2530  1943    19163,1545  1659    20557,1625    18016,0342  1426675   12,36%
   2553  1946    19360,6366  1661    20557,1625    18016,0342  1428352   12,36%
Elapsed time = 562,89 sec. (107664,24 ticks, tree = 65,58 MB, solutions = 25)
   2575  2050    19386,8221  1647    20557,1625    18017,7443  1486898   12,35%
   2604  2055    19624,5662  1429    20557,1625    18017,7443  1488696   12,35%
   2638  2011    18381,1734  1891    20557,1625    18017,7443  1474235   12,35%
   2672  2109    19832,3004  1788    20557,1625    18017,7443  1521591   12,35%
   2705  2084    19077,5526  1332    20557,1625    18017,7443  1511414   12,35%
   2742  2176    18226,4081  1943    20557,1625    18017,7443  1575851   12,35%
   2771  2153    18716,3624  1948    20557,1625    18033,7416  1568368   12,28%
   2802  2154    19112,3862  1493    20557,1625    18033,7416  1561032   12,28%
   2838  2205    20009,2628  1688    20557,1625    18033,7416  1589583   12,28%
*  2967  2414      integral     0    20490,1799    18040,4561  1731158   11,96%
   3007  2401    19516,9319  1127    20490,1799    18041,9044  1723460   11,95%
Elapsed time = 643,83 sec. (120451,42 ticks, tree = 78,20 MB, solutions = 26)
*  3124+ 2428                        20405,7515    18051,6104            11,54%
   3140  2461    19890,5094  1623    20405,7515    18051,6104  1825055   11,54%
   3278  2530    18460,2224  1593    20405,7515    18052,7418  1875621   11,53%
   3442  2581    19949,7504  1475    20405,7515    18057,8233  1911366   11,51%
   3568  2834    19155,6233  1622    20405,7515    18061,4957  2062200   11,49%
   3717  2866    19713,5033  1474    20405,7515    18067,1623  2080050   11,46%
   3835  2981    18389,8665  1965    20405,7515    18068,1679  2157880   11,46%

Performing restart 1

Repeating presolve.
Tried aggregator 1 time.
Reduced MIP has 5567 rows, 30769 columns, and 67492 nonzeros.
Reduced MIP has 30753 binaries, 16 generals, 0 SOSs, and 0 indicators.
Presolve time = 0,05 sec. (40,32 ticks)
Tried aggregator 1 time.
Reduced MIP has 5567 rows, 30769 columns, and 67492 nonzeros.
Reduced MIP has 30753 binaries, 16 generals, 0 SOSs, and 0 indicators.
Presolve time = 0,06 sec. (50,47 ticks)
Represolve time = 1,66 sec. (1295,98 ticks)
   3871     0    17658,8000  2884    20405,7515   ZeroHalf: 6  2299754   11,43%
   3871     0    17661,5461  2919    20405,7515  ZeroHalf: 12  2299980   11,43%
   3871     0    17665,9231  2879    20405,7515       Cuts: 7  2300340   11,43%
   3871     0    17671,9764  2937    20405,7515   ZeroHalf: 6  2300650   11,43%
   3871     0    17681,1057  2954    20405,7515  ZeroHalf: 10  2301077   11,43%
   3871     2    17681,1057  2954    20405,7515    18074,2862  2301077   11,43%
   3873     3    17721,4734  2765    20405,7515    18074,2862  2302868   11,43%
   3886    13    17753,9473  2744    20405,7515    18074,2862  2317174   11,43%
   3913    34    18239,0154  2273    20405,7515    18074,2862  2379968   11,43%
Elapsed time = 920,36 sec. (210377,86 ticks, tree = 0,18 MB, solutions = 27)
   3945    51    18676,4457  2176    20405,7515    18074,2862  2416481   11,43%
   3999    96    18044,5091  2410    20405,7515    18074,2862  2473819   11,43%
   4065   148    18610,1752  2253    20405,7515    18074,2862  2527463   11,43%
   4135   190    18350,8602  2338    20405,7515    18074,2862  2570145   11,43%
   4170   283    18455,2330  2302    20405,7515    18074,2862  2645914   11,43%
   4239   263    18303,3989  2498    20405,7515    18074,2862  2632132   11,43%
   4341   382    18596,1828  2067    20405,7515    18074,2862  2729424   11,43%
   4404   509    17824,8476  2632    20405,7515    18074,2862  2811469   11,43%
   4489   511    18636,5029  2027    20405,7515    18074,2862  2809642   11,43%
   4584   634    19055,1500  1703    20405,7515    18074,2862  2904203   11,43%
Elapsed time = 1145,33 sec. (249009,35 ticks, tree = 20,14 MB, solutions = 27)
   4709   690    18840,6379  1946    20405,7515    18074,2862  2945162   11,43%
   4794   732    19279,4557  1846    20405,7515    18074,2862  2976924   11,43%
   4911   948    18740,7708  2105    20405,7515    18074,2862  3118361   11,43%
   5020   923    19935,4001  1578    20405,7515    18074,2862  3109176   11,43%
   5107  1003    18894,1707  2236    20405,7515    18074,2862  3159771   11,43%
   5185  1132    19900,5962  1792    20405,7515    18074,2862  3233281   11,43%
   5281  1247    19187,0170  1975    20405,7515    18074,2862  3318115   11,43%
   5374  1255    19341,8892  1859    20405,7515    18074,2862  3324570   11,43%
   5462  1420    19441,9086  1807    20405,7515    18074,2862  3448655   11,43%
   5576  1421    19826,2730  1879    20405,7515    18074,2862  3445848   11,43%
Elapsed time = 1364,86 sec. (287589,33 ticks, tree = 60,44 MB, solutions = 27)
   5711  1568    19503,7805  1769    20405,7515    18074,2862  3574525   11,43%
   5833  1581    19906,0983  1595    20405,7515    18074,2862  3581811   11,43%
   5977  1671    19890,9950  1803    20405,7515    18074,2862  3657341   11,43%
   6118  1930    19263,5115  1964    20405,7515    18074,2862  3836066   11,43%
   6259  1978    20174,5556  1623    20405,7515    18074,2862  3854021   11,43%
   6371  2056    19681,7873  1817    20405,7515    18074,2862  3921341   11,43%
   6466  2216    20213,2798  1682    20405,7515    18074,2862  4033316   11,43%
   6547  2192    18346,7516  2476    20405,7515    18074,2862  4020054   11,43%
   6635  2347    18512,4963  2279    20405,7515    18074,2862  4167639   11,43%
   6711  2432    19088,5407  1920    20405,7515    18074,2862  4230936   11,43%
Elapsed time = 1601,93 sec. (326187,83 ticks, tree = 111,29 MB, solutions = 27)
   6791  2409    19070,3051  2001    20405,7515    18074,2862  4215339   11,43%
   6863  2521        cutoff          20405,7515    18074,2862  4315473   11,43%
   6950  2527    20334,1245  1326    20405,7515    18074,2862  4318857   11,43%
   7085  2650    19180,6437  1984    20405,7515    18074,2862  4415174   11,43%
   7190  2754    18591,4212  2384    20405,7515    18074,2862  4491856   11,43%
*  7309+ 2826                        20082,0336    18074,2862            10,00%
   7320  2895    19820,2760  1975    20082,0336    18074,2862  4589065   10,00%
   7429  2919    19714,3645  1609    20082,0336    18074,2862  4605224   10,00%
   7521  2722    19078,7244  1908    20082,0336    18074,2862  4746971   10,00%
   7602  2778    18663,0362  2380    20082,0336    18074,2862  4799973   10,00%
*  7675  2759      integral     0    19697,3726    18074,2862  4765915    8,24%
   7725  2830    19978,8999  1369    19697,3726    18074,2862  4852748    8,24%
Elapsed time = 1819,69 sec. (364770,38 ticks, tree = 132,90 MB, solutions = 29)
   7830  2821    19823,6378  1004    19697,3726    18074,2862  4823236    8,24%
   7889  2368    18247,1765  2357    19697,3726    18074,2862  4962469    8,24%
   7921  2372    19009,9081  2174    19697,3726    18074,2862  4968623    8,24%
   7967  2486    19348,5130  1905    19697,3726    18074,2862  5134273    8,24%
   8043  2528    19041,0495  1503    19697,3726    18074,2862  5179406    8,24%
   8129  2544    19549,4139  1440    19697,3726    18074,2862  5187916    8,24%
   8225  2583    19413,5843  1952    19697,3726    18074,2862  5247183    8,24%
   8331  2616    19218,3103  2040    19697,3726    18074,2862  5280622    8,24%
   8413  2641    18830,9603  2222    19697,3726    18074,2862  5313682    8,24%
   8473  2784    19153,5606  2184    19697,3726    18074,2862  5457512    8,24%
Elapsed time = 2045,21 sec. (403800,25 ticks, tree = 125,61 MB, solutions = 29)
   8562  2790    18399,6562  2271    19697,3726    18074,2862  5476733    8,24%
   8637  2920    19160,1145  2269    19697,3726    18074,2862  5613422    8,24%
   8718  3003    19435,3666  1614    19697,3726    18074,2862  5712344    8,24%
   8822  2965    19248,7449  2137    19697,3726    18074,2862  5678245    8,24%
   8894  3121    19247,2532  1936    19697,3726    18074,2862  5860022    8,24%
   8989  3125    19640,0294  1918    19697,3726    18074,2862  5867471    8,24%
   9061  3301    18589,3781  2250    19697,3726    18074,2862  6030142    8,24%
   9135  3306    19113,8808  2143    19697,3726    18074,2862  6036228    8,24%
   9236  3270    19064,2135  1394    19697,3726    18074,2862  5994269    8,24%
   9322  3433    18839,7782  2140    19697,3726    18074,2862  6206091    8,24%
Elapsed time = 2288,19 sec. (442399,27 ticks, tree = 149,66 MB, solutions = 29)
   9408  3512    19616,7381  1717    19697,3726    18074,2862  6275902    8,24%
   9484  3533    18736,3606  2112    19697,3726    18074,2862  6321558    8,24%
   9544  3650    19077,6727  2184    19697,3726    18074,2862  6439426    8,24%
   9616  3621    19094,4018  1271    19697,3726    18074,2862  6401996    8,24%
   9673  3671        cutoff          19697,3726    18074,2862  6468065    8,24%
   9713  3703    18906,0218  2073    19697,3726    18074,2862  6514533    8,24%
   9776  3835    19321,5178  1178    19697,3726    18074,2862  6663034    8,24%
   9840  3862    19345,4228  2027    19697,3726    18074,2862  6709377    8,24%
   9925  3864    18581,7683  2337    19697,3726    18074,2862  6716087    8,24%
  10031  3866        cutoff          19697,3726    18074,2862  6711475    8,24%
Elapsed time = 2529,47 sec. (481110,59 ticks, tree = 175,12 MB, solutions = 29)
* 10033  3969      integral     0    19666,7438    18074,2862  6806897    8,10%
  10129  3978    19431,6808  1580    19666,7438    18074,2862  6894568    8,10%
  10226  3994    19316,6073  2007    19666,7438    18074,2862  6916689    8,10%
  10297  3991    19545,7218  1876    19666,7438    18074,2862  6907445    8,10%
  10375  4125    18728,0365  2294    19666,7438    18074,2862  7066045    8,10%
  10447  4189    18978,6896  1786    19666,7438    18074,2862  7122339    8,10%
  10547  4278    18896,0102  2037    19666,7438    18074,2862  7206726    8,10%
  10650  4367    19571,7471  1069    19666,7438    18074,2862  7310486    8,10%
  10744  4458    19488,0391  1914    19666,7438    18074,2862  7426553    8,10%
  10826  4507    19605,2559  1803    19666,7438    18074,2862  7480779    8,10%
  10908  4490    19026,3071  2263    19666,7438    18074,2862  7471473    8,10%
Elapsed time = 2766,29 sec. (519679,54 ticks, tree = 195,64 MB, solutions = 30)
  11009  4615    19209,9249  2137    19666,7438    18074,2862  7609297    8,10%
  11118  4655    19423,5408  2065    19666,7438    18074,2862  7644658    8,10%
  11174  4767    19517,8626  2030    19666,7438    18074,2862  7771421    8,10%
  11221  4798    18839,9828  2159    19666,7438    18074,2862  7811609    8,10%
  11246  4840    19227,2861  1808    19666,7438    18074,2862  7851654    8,10%
  11290  4935    19567,0500  1333    19666,7438    18074,2862  8017743    8,10%
  11354  4894    19627,6861  1905    19666,7438    18074,2862  7927833    8,10%
  11408  4936    18685,5200  1833    19666,7438    18074,2862  8039265    8,10%
  11482  5040    19588,4834  1673    19666,7438    18074,2862  8178184    8,10%
  11557  4988    19120,9664  1961    19666,7438    18074,2862  8095218    8,10%
Elapsed time = 3004,01 sec. (558437,32 ticks, tree = 216,15 MB, solutions = 30)
  11640  5082    19489,5011  1661    19666,7438    18074,2862  8264271    8,10%
  11749  5108    19594,9373  1219    19666,7438    18074,2862  8292766    8,10%
  11819  5067    18581,1415  2338    19666,7438    18074,2862  8240680    8,10%
  11907  5220    19082,7387  1896    19666,7438    18074,2862  8469713    8,10%
  11981  5286    18860,8072  2173    19666,7438    18074,2862  8538544    8,10%
  12081  5374    19262,3275  1741    19666,7438    18074,2862  8659637    8,10%
  12160  5404    19087,6541  2031    19666,7438    18074,2862  8685910    8,10%
  12251  5470    19594,1733  1783    19666,7438    18074,2862  8788869    8,10%
  12326  5544    19077,3519  2020    19666,7438    18087,5470  8873989    8,03%
  12403  5641    19645,0996  1749    19666,7438    18087,9502  8997732    8,03%
Elapsed time = 3240,06 sec. (597146,49 ticks, tree = 243,23 MB, solutions = 30)
  12480  5588    19341,4884  2081    19666,7438    18090,9703  8925153    8,01%
  12574  5641    19637,2123   885    19666,7438    18094,3016  8990499    8,00%
  12630  5675    19017,2732  2198    19666,7438    18094,3016  9055908    8,00%
  12715  5832    19156,2518  2002    19666,7438    18104,8976  9271979    7,94%
  12801  5805    19135,7368  2082    19666,7438    18110,0996  9236183    7,92%
  12854  5857        cutoff          19666,7438    18116,0938  9320507    7,88%
  12901  6043    19499,6343  1811    19666,7438    18123,1345  9548461    7,85%
  12958  6080    18792,4705  1935    19666,7438    18128,1265  9602239    7,82%
  13009  6121    19397,2123  2076    19666,7438    18130,9935  9649865    7,81%
  13063  6140    19509,7956  1859    19666,7438    18130,9935  9671772    7,81%
Elapsed time = 3504,67 sec. (635813,46 ticks, tree = 254,19 MB, solutions = 30)
  13127  6130    19253,0019  2080    19666,7438    18130,9935  9663591    7,81%
  13202  6170    18633,8200  2271    19666,7438    18136,0815  9705327    7,78%
  13278  6157        cutoff          19666,7438    18136,0815  9699672    7,78%
  13364  6280    18829,5889  2027    19666,7438    18136,0815  9877607    7,78%
  13469  6341        cutoff          19666,7438    18149,7674  9973425    7,71%
  13561  6311    18841,1113  2191    19666,7438    18150,8774  9935774    7,71%
  13662  6365    19228,2225  1486    19666,7438    18151,7262 10010060    7,70%
  13779  6579    19264,1522  1708    19666,7438    18155,0770 10229704    7,69%
  13859  6539    18523,7807  2275    19666,7438    18155,0770 10192807    7,69%
  13942  6599    19031,3374  2295    19666,7438    18155,0770 10264462    7,69%
Elapsed time = 3715,37 sec. (674285,96 ticks, tree = 278,09 MB, solutions = 30)
  14029  6633    19264,1708  1999    19666,7438    18180,6773 10314194    7,56%
  14118  6862    19503,3013  2074    19666,7438    18184,9301 10545893    7,53%
  14227  6906    19362,9016  1844    19666,7438    18186,4086 10596899    7,53%
  14318  6826    19353,6605  1671    19666,7438    18189,1564 10488807    7,51%
  14416  6844    18430,9372  2312    19666,7438    18194,9217 10519413    7,48%
  14502  7059    19463,6032  1992    19666,7438    18200,9666 10782865    7,45%
  14596  6942    19082,3119  1913    19666,7438    18201,0189 10645507    7,45%
  14676  7091    18626,7829  2374    19666,7438    18210,4079 10820167    7,41%
  14768  7125    19375,0385  1913    19666,7438    18212,9040 10873156    7,39%
  14867  7324    19655,7955  1890    19666,7438    18218,3563 11109063    7,36%
Elapsed time = 3957,33 sec. (712979,17 ticks, tree = 306,68 MB, solutions = 30)
  14957  7364    19517,1735  1904    19666,7438    18218,3563 11161473    7,36%
  15041  7481        cutoff          19666,7438    18218,3563 11311090    7,36%
  15139  7368    19087,2746  2046    19666,7438    18231,1624 11174654    7,30%
  15198  7433    19631,2558  1697    19666,7438    18232,3969 11246173    7,29%
  15271  7512    19495,1156  1733    19666,7438    18233,2634 11349394    7,29%
  15322  7713    19447,8617   643    19666,7438    18237,6501 11593059    7,27%
  15371  7602    18807,6829  2232    19666,7438    18244,8193 11467456    7,23%
  15415  7804    19154,2040  1970    19666,7438    18246,8140 11734223    7,22%
  15466  7746    19266,2134  1863    19666,7438    18246,8140 11649797    7,22%
  15523  7872        cutoff          19666,7438    18246,8140 11813153    7,22%
Elapsed time = 4210,40 sec. (751589,09 ticks, tree = 319,17 MB, solutions = 30)
  15596  7852        cutoff          19666,7438    18261,5214 11793894    7,15%
  15684  7881        cutoff          19666,7438    18261,5214 11836566    7,15%
  15747  7913    18965,3216  2022    19666,7438    18261,5214 11882037    7,15%
  15818  7908    18816,3019  2357    19666,7438    18262,7684 11874107    7,14%
  15891  7973    18924,2521  2098    19666,7438    18267,2402 11944793    7,12%
  15985  8018    18896,1544  1991    19666,7438    18269,1576 12004185    7,11%
  16077  8025    19619,8778  1686    19666,7438    18270,8005 12011550    7,10%
  16173  8168    18942,7272  2108    19666,7438    18275,5618 12267810    7,07%
  16277  8119        cutoff          19666,7438    18276,8981 12197610    7,07%
  16400  8270    19281,9607  2085    19666,7438    18281,7633 12387782    7,04%
Elapsed time = 4399,25 sec. (790189,49 ticks, tree = 337,74 MB, solutions = 30)
  16474  8371    18734,8182  2127    19666,7438    18283,7279 12498430    7,03%
  16565  8321    18328,6449  2300    19666,7438    18283,7279 12454294    7,03%
  16668  8606    19571,0818  1754    19666,7438    18283,7279 12811410    7,03%
  16772  8489    19024,8632  2115    19666,7438    18301,3507 12684220    6,94%
  16865  8644    19109,6219  2099    19666,7438    18301,6345 12851848    6,94%
  16948  8518    19319,6804  1816    19666,7438    18302,3668 12723666    6,94%
  17032  8570    19014,1348  2137    19666,7438    18304,7127 12782696    6,93%
  17114  8923    18324,3234  2370    19666,7438    18311,1916 13182941    6,89%
  17199  8845    18944,2069  1947    19666,7438    18312,8149 13082525    6,88%
  17289  8912    19183,0310  1979    19666,7438    18315,8315 13167230    6,87%
Elapsed time = 4640,63 sec. (828695,52 ticks, tree = 364,88 MB, solutions = 30)
  17374  8919    19534,8392  1892    19666,7438    18316,8623 13172343    6,86%
  17461  9120    19468,7403  1337    19666,7438    18319,6130 13431213    6,85%
  17559  9068    18883,2393  2106    19666,7438    18320,5423 13378342    6,85%
  17655  9138    19353,0315  1916    19666,7438    18323,6222 13444971    6,83%
  17748  9222    18445,9739  2195    19666,7438    18325,6749 13577689    6,82%
  17827  9191    19624,0390  1682    19666,7438    18330,7425 13534212    6,79%
  17920  9235        cutoff          19666,7438    18332,1799 13591760    6,79%
  17971  9485    19106,9300  2089    19666,7438    18333,8209 13874153    6,78%
  18016  9395    19612,5721  1886    19666,7438    18342,0360 13787683    6,74%
  18085  9643    19471,6763  2014    19666,7438    18344,9529 14018660    6,72%
Elapsed time = 4886,50 sec. (867269,57 ticks, tree = 396,89 MB, solutions = 30)
  18189  9597    19620,2576  1706    19666,7438    18345,6007 13975184    6,72%
  18262  9678    19512,6567  2090    19666,7438    18349,3415 14054205    6,70%
  18365  9695    19422,0429  1540    19666,7438    18355,6705 14071161    6,67%
  18478  9745    19043,3055  2025    19666,7438    18356,0666 14121703    6,66%
  18571  9753    19578,1512  1928    19666,7438    18357,9740 14128172    6,65%
  18671  9774    19408,0081  1698    19666,7438    18359,1732 14148801    6,65%
  18760 10045    19646,7994  1903    19666,7438    18362,6384 14467044    6,63%
  18847  9930    19044,4670  1955    19666,7438    18364,1239 14336919    6,62%
  18959 10013        cutoff          19666,7438    18365,2443 14423396    6,62%
  19043 10103    18821,0911  2074    19666,7438    18368,2085 14543341    6,60%
Elapsed time = 5099,39 sec. (905820,31 ticks, tree = 423,29 MB, solutions = 30)
  19169 10247    19566,0002  1091    19666,7438    18368,3384 14701195    6,60%
  19285 10083        cutoff          19666,7438    18372,9907 14529050    6,58%
  19377 10270    19411,4196  1433    19666,7438    18378,5686 14715020    6,55%
  19476 10483    19176,9744  1776    19666,7438    18379,4055 15022350    6,55%
  19576 10440    19657,7141  1713    19666,7438    18380,9508 14972466    6,54%
  19664 10528    18634,1581  2137    19666,7438    18391,3849 15067510    6,48%
  19752 10485    18974,7651  2079    19666,7438    18394,6401 15014279    6,47%
  19828 10785    19270,9914  1916    19666,7438    18397,8383 15361862    6,45%
  19905 10644    19591,3590  1265    19666,7438    18397,8383 15180177    6,45%
  20016 10702    19547,0028  2133    19666,7438    18402,7123 15280435    6,43%
Elapsed time = 5343,38 sec. (944373,27 ticks, tree = 443,31 MB, solutions = 30)
  20102 10796        cutoff          19666,7438    18407,5189 15382304    6,40%
  20188 10858    19584,3357  1777    19666,7438    18408,2482 15448094    6,40%
  20291 10974    18702,7615  2077    19666,7438    18410,4720 15610117    6,39%
  20402 11001    19631,0574  1858    19666,7438    18414,4042 15648448    6,37%
  20500 10928    19600,9650  2054    19666,7438    18419,4304 15559212    6,34%
  20620 11168    18996,1026  2391    19666,7438    18423,5319 15880240    6,32%
  20722 11173        cutoff          19666,7438    18425,0010 15886735    6,31%
  20823 11144    19246,7010  1830    19666,7438    18429,5344 15826743    6,29%
  20932 11264    19480,6337   444    19666,7438    18429,9607 15991608    6,29%
  21027 11220    19281,3257  2119    19666,7438    18431,1449 15964218    6,28%
Elapsed time = 5588,69 sec. (982885,19 ticks, tree = 455,26 MB, solutions = 30)
  21112 11565        cutoff          19666,7438    18435,2524 16320958    6,26%
  21225 11406    19012,1156  1919    19666,7438    18437,7868 16168897    6,25%
  21375 11456    19404,4685  1857    19666,7438    18442,6186 16208530    6,22%
  21478 11789    19559,2097  1837    19666,7438    18444,1509 16568084    6,22%
  21596 11683    19558,7630  1680    19666,7438    18446,6605 16443641    6,20%
  21681 11759    19263,7311  1800    19666,7438    18447,2999 16545906    6,20%
  21781 11898    18751,1666  2217    19666,7438    18451,0610 16677928    6,18%
  21839 11882    19200,0645  1758    19666,7438    18452,7315 16649111    6,17%
  21912 11936    19257,1765  2106    19666,7438    18455,3647 16714404    6,16%
  21960 11916    18902,2949  1759    19666,7438    18458,1721 16696882    6,15%
Elapsed time = 5841,27 sec. (1021356,51 ticks, tree = 494,08 MB, solutions = 30)
  22001 12248    19608,1697  1687    19666,7438    18460,2226 17028751    6,13%
  22047 12163    19403,8833  1936    19666,7438    18463,5809 16924097    6,12%
  22100 12200    19160,4859  1736    19666,7438    18464,1720 16962907    6,11%
  22168 12347    19125,4963  2182    19666,7438    18465,7514 17163825    6,11%
  22258 12445    19599,3729  1660    19666,7438    18466,2182 17278194    6,10%
  22343 12418    18885,6785  2294    19666,7438    18469,6320 17258082    6,09%
  22448 12385    18631,7640  2230    19666,7438    18469,6320 17202912    6,09%
  22548 12494    19138,1000  2098    19666,7438    18469,7894 17356052    6,09%
  22648 12644        cutoff          19666,7438    18469,7894 17556979    6,09%
  22741 12684    18487,8389  2182    19666,7438    18469,7894 17601241    6,09%
Elapsed time = 6064,72 sec. (1060091,55 ticks, tree = 517,07 MB, solutions = 30)
  22843 12689    19066,3471  2055    19666,7438    18469,7894 17607399    6,09%
  22958 12696    18817,5423  1896    19666,7438    18469,7894 17614390    6,09%
  23077 12827    19095,8167  2193    19666,7438    18481,7270 17762269    6,03%
  23169 12917    19527,7669  1980    19666,7438    18482,2386 17872968    6,02%
  23252 12834    19066,8412  1973    19666,7438    18483,0327 17775684    6,02%
  23357 13113        cutoff          19666,7438    18483,1761 18096624    6,02%
  23462 13111    19522,1179  1315    19666,7438    18485,5990 18073208    6,01%
  23572 12991    19391,2941  1988    19666,7438    18485,5990 17974248    6,01%
  23699 13157    19277,2369  1259    19666,7438    18487,6795 18143617    6,00%
  23833 13206    19338,2782  1145    19666,7438    18489,7106 18225219    5,98%
Elapsed time = 6303,04 sec. (1098511,57 ticks, tree = 538,59 MB, solutions = 30)
  23959 13237    18691,9571  2254    19666,7438    18493,4676 18260798    5,97%
  24066 13206    19167,0813  1933    19666,7438    18495,5404 18201553    5,96%
  24147 13611    18974,3117  1731    19666,7438    18496,8295 18641127    5,95%
  24257 13256    18586,2558  2168    19666,7438    18500,7408 18281765    5,93%
  24352 13739    19013,7017  1755    19666,7438    18502,5948 18767192    5,92%
  24439 13811    19543,3638  1760    19666,7438    18503,0843 18852274    5,92%
  24542 13775    18982,3674  1778    19666,7438    18506,5811 18819431    5,90%
  24632 13646    19451,9023  2102    19666,7438    18509,2402 18675474    5,89%
* 24670 13827      integral     0    19613,8355    18509,2402 18869431    5,63%
  24716 13489    19356,0719  1710    19613,8355    18511,1443 19141690    5,62%
* 24827 13794      integral     0    19604,7064    18511,1443 18841777    5,58%
  24828 13536    19578,5789   835    19604,7064    18511,1443 19190978    5,58%
Elapsed time = 6551,79 sec. (1137133,39 ticks, tree = 547,32 MB, solutions = 32)
  24933 13936    19435,7044  1757    19604,7064    18516,3707 18993774    5,55%
  25029 13951    18699,5229  2149    19604,7064    18519,5640 19036733    5,54%
  25127 13491    18855,4558  1790    19604,7064    18520,4215 19130346    5,53%
  25238 13438    19462,7942  1922    19604,7064    18520,9039 19246678    5,53%
  25338 13643    18707,0772  2379    19604,7064    18521,9807 19517921    5,52%
  25413 13673    19069,6444  2216    19604,7064    18521,9807 19553077    5,52%
  25488 13845    19139,2337  2132    19604,7064    18524,1235 19757940    5,51%
  25559 13659    19175,3442  2061    19604,7064    18525,1478 19533720    5,51%
  25626 13662    19033,6575  2071    19604,7064    18527,3150 19540775    5,50%
  25679 13834    19271,4944  1873    19604,7064    18527,7475 19727506    5,49%
Elapsed time = 6816,84 sec. (1175836,19 ticks, tree = 548,31 MB, solutions = 32)
  25735 14041    19517,0418  1377    19604,7064    18527,7475 20002586    5,49%
  25805 13864    19325,2717  1637    19604,7064    18530,8511 19778434    5,48%
  25863 13978    19101,8581  2018    19604,7064    18532,9052 19933518    5,47%
  25928 14216    19438,2884  1452    19604,7064    18535,4673 20192861    5,45%
  25998 14227    18908,8845  1495    19604,7064    18537,5321 20199852    5,44%
  26110 14233        cutoff          19604,7064    18537,9045 20221323    5,44%
  26217 14170    18677,9059  2216    19604,7064    18537,9045 20148622    5,44%
  26344 14342    19514,6880  1299    19604,7064    18544,2078 20311619    5,41%
  26467 14261    19590,9581  1329    19604,7064    18544,2078 20242985    5,41%
  26576 14288    19513,2572  1601    19604,7064    18544,3736 20278374    5,41%
Elapsed time = 7044,37 sec. (1214414,86 ticks, tree = 565,94 MB, solutions = 32)
  26692 14398    19506,3885  1863    19604,7064    18544,3736 20367704    5,41%
  26793 14633    19252,1480  2046    19604,7064    18546,6665 20620837    5,40%
  26873 14403    19203,7539  2056    19604,7064    18547,1978 20380744    5,39%
  26980 14709        cutoff          19604,7064    18549,3021 20713546    5,38%
  27081 14689    19487,8793  1652    19604,7064    18549,3021 20681084    5,38%
  27171 14503    19133,6189  2121    19604,7064    18550,2038 20520793    5,38%
  27261 14996        cutoff          19604,7064    18553,0142 21003794    5,36%
  27369 14899    19322,2817  1716    19604,7064    18554,7003 20894048    5,36%
  27476 15105    18977,9792  1847    19604,7064    18555,0219 21145614    5,35%
  27558 14989    18891,4141  2108    19604,7064    18555,0219 20985748    5,35%
Elapsed time = 7269,33 sec. (1253011,47 ticks, tree = 601,15 MB, solutions = 32)
  27653 14944    19025,5385  1930    19604,7064    18556,0055 20950017    5,35%
  27771 15248    19594,1900  1689    19604,7064    18556,7687 21367447    5,35%
  27902 15329        cutoff          19604,7064    18560,2032 21497226    5,33%
  28016 15418    19173,6465  2347    19604,7064    18563,3684 21587313    5,31%
  28113 15383    19589,9408  1807    19604,7064    18563,8061 21552449    5,31%
  28216 15244    19108,8768  2004    19604,7064    18566,0671 21350225    5,30%
  28327 15317    18777,7688  2119    19604,7064    18567,6105 21482773    5,29%
  28424 15662    19175,2435  1773    19604,7064    18568,2578 21859164    5,29%
* 28505 15569      integral     0    19573,6533    18568,2578 21748287    5,14%
  28629 15595    19575,2105  1549    19573,6533    18569,5524 21792688    5,13%
Elapsed time = 7503,64 sec. (1290207,05 ticks, tree = 608,38 MB, solutions = 33)
  28731 15371    19412,7257  2254    19573,6533    18571,8440 22162939    5,12%
  28825 15602    19287,2062  2116    19573,6533    18571,8440 21806061    5,12%
  28949 15812    19528,7281  1820    19573,6533    18573,0679 21982631    5,11%
  29042 15815    19491,5712  2226    19573,6533    18574,1328 21989018    5,11%
  29155 15487    19238,5947  1178    19573,6533    18576,4850 22312599    5,09%
  29277 15541    19571,8732  1397    19573,6533    18576,4850 22401757    5,09%
  29375 15683    19416,2096  1489    19573,6533    18581,1313 22580507    5,07%
  29488 15742    18818,7277  2061    19573,6533    18583,3487 22674194    5,06%
  29609 15698    19478,7454  1915    19573,6533    18583,3487 22594598    5,06%
  29726 15736    19548,5812  1120    19573,6533    18583,3954 22643959    5,06%
Elapsed time = 7753,10 sec. (1328693,47 ticks, tree = 625,74 MB, solutions = 33)
  29848 15648    19251,5653  1447    19573,6533    18584,3854 22523830    5,05%
  29950 15832    19456,2037  1468    19573,6533    18586,4478 22790815    5,04%
  30056 15970    19329,9009  1593    19573,6533    18587,9588 22917169    5,04%
  30167 15845    19091,9179  1779    19573,6533    18590,0932 22804636    5,02%
  30262 16060    19216,5979  1905    19573,6533    18591,9283 23028170    5,02%
  30366 16337    19297,0052  1817    19573,6533    18593,0831 23306232    5,01%
  30491 16343    19536,8860  1837    19573,6533    18595,7708 23314143    5,00%
  30591 16406    19531,7099  1626    19573,6533    18596,7334 23369597    4,99%
  30689 16153        cutoff          19573,6533    18597,1710 23144352    4,99%
  30785 16505    18929,2474  2017    19573,6533    18600,4835 23497802    4,97%
Elapsed time = 8002,61 sec. (1367356,42 ticks, tree = 661,17 MB, solutions = 33)
  30875 16519    19404,7983  1702    19573,6533    18603,5316 23505007    4,96%
  30955 16587    19166,6644  1617    19573,6533    18605,3068 23602846    4,95%
  31036 16455    19168,5661  2092    19573,6533    18606,2562 23477589    4,94%
  31126 16594    19509,6996  1992    19573,6533    18607,5771 23617269    4,94%
  31205 16880    18871,5601  2003    19573,6533    18607,5771 23978556    4,94%
  31293 16671    19032,7223  1487    19573,6533    18609,1476 23723088    4,93%
  31390 16734    19569,6481  1940    19573,6533    18610,2574 23774376    4,92%
  31452 17009    18950,2300  1605    19573,6533    18610,4257 24175503    4,92%
  31504 16889    19468,0198  1935    19573,6533    18614,4578 23991906    4,90%
  31547 17163    19081,2372  1830    19573,6533    18615,0163 24353505    4,90%
Elapsed time = 8250,07 sec. (1405825,97 ticks, tree = 671,37 MB, solutions = 33)
  31602 16982    18722,3725  2332    19573,6533    18615,9080 24139897    4,89%
  31650 16976    19559,4324  2111    19573,6533    18615,9080 24092745    4,89%
  31735 17266    19363,4032  1302    19573,6533    18619,2816 24439392    4,88%
  31816 17269    18770,7713  2305    19573,6533    18620,2467 24442852    4,87%
  31909 17345    18940,0980  2005    19573,6533    18621,6407 24566437    4,86%
  32033 17316    19297,0347  1699    19573,6533    18622,5569 24517716    4,86%
  32148 17404    19373,6909  1977    19573,6533    18624,0060 24605195    4,85%
  32261 17367    19260,4789  2075    19573,6533    18624,0060 24570514    4,85%
  32367 17589    18953,3583  2113    19573,6533    18624,2546 24838297    4,85%
  32485 17638    19143,8422  1698    19573,6533    18624,7088 24888241    4,85%
Elapsed time = 8473,11 sec. (1444292,29 ticks, tree = 695,80 MB, solutions = 33)
  32586 17490    19404,1723  2003    19573,6533    18625,9310 24724493    4,84%
  32710 17683    19359,5984  1422    19573,6533    18626,7348 24948492    4,84%
  32832 17696    19047,4166  1684    19573,6533    18628,0803 24955953    4,83%
  32948 17858    19018,3219  2171    19573,6533    18630,9624 25158302    4,82%
  33052 17867    19551,0459  1853    19573,6533    18631,0137 25165490    4,82%
  33164 18006    19281,6855  1993    19573,6533    18631,1645 25322645    4,82%
* 33258 18122      integral     0    19511,0659    18631,1645 25470423    4,51%
  33363 16722    18985,5024  1594    19511,0659    18631,7137 25581191    4,51%
  33460 18057    18932,1851  1737    19511,0659    18632,8008 25392269    4,50%
  33562 18072    19205,6130  1747    19511,0659    18633,9615 25398965    4,50%
Elapsed time = 8697,75 sec. (1482149,76 ticks, tree = 720,06 MB, solutions = 34)
  33660 18083    19223,7589  1957    19511,0659    18634,5905 25406340    4,49%
  33763 16846    19212,0170  1937    19511,0659    18636,1362 25751556    4,48%
  33877 16803    18895,5880  2022    19511,0659    18636,5794 25712446    4,48%
  33986 16751    19421,7751  1198    19511,0659    18636,5794 25624873    4,48%
  34086 16812        cutoff          19511,0659    18637,6444 25726464    4,48%
  34175 17126    19487,4362  1663    19511,0659    18638,4265 26118136    4,47%
  34285 17197    19172,5341  1852    19511,0659    18640,1512 26231130    4,46%
  34379 17138    19252,9261  1375    19511,0659    18641,3260 26132936    4,46%
  34487 17348    18897,2412  1901    19511,0659    18643,1756 26447584    4,45%
  34609 17459        cutoff          19511,0659    18646,3804 26608899    4,43%
Elapsed time = 8943,37 sec. (1520734,80 ticks, tree = 679,91 MB, solutions = 34)
  34717 17464    18980,8633  1995    19511,0659    18646,3804 26615148    4,43%
  34820 17223    18785,1352  2296    19511,0659    18646,3804 26266400    4,43%
  34936 17525        cutoff          19511,0659    18647,6098 26684866    4,43%
  35063 17326    19496,9474  2070    19511,0659    18649,0153 26428234    4,42%
  35171 17329    19208,5386  1985    19511,0659    18649,6886 26434661    4,41%
  35281 17808        cutoff          19511,0659    18651,4311 27044378    4,41%
  35385 17544    19418,5285  1649    19511,0659    18653,3891 26713176    4,40%
  35504 18027    19427,2440  2062    19511,0659    18656,1091 27327770    4,38%
  35608 17826    19472,1471  1740    19511,0659    18656,1091 27064331    4,38%
  35727 17898        cutoff          19511,0659    18656,1091 27179305    4,38%
Elapsed time = 9190,34 sec. (1559109,82 ticks, tree = 696,46 MB, solutions = 34)
  35831 17893    19415,0435  1322    19511,0659    18657,8543 27135181    4,37%
  35938 18042    19037,7969  1635    19511,0659    18657,8543 27355354    4,37%
  36044 17847        cutoff          19511,0659    18659,6893 27093541    4,36%
  36156 17916    19229,4013  2026    19511,0659    18660,2759 27206712    4,36%
  36255 18328    19088,8620  2066    19511,0659    18662,0066 27726829    4,35%
  36365 18556    19203,3827  1836    19511,0659    18665,3565 28004376    4,33%
  36462 18304    18888,7658  2026    19511,0659    18665,3565 27692748    4,33%
  36561 18424    19303,6048  1971    19511,0659    18665,3565 27804275    4,33%
  36681 18318    19158,5235  1772    19511,0659    18665,3565 27707173    4,33%
  36789 18258    19446,0679  2223    19511,0659    18666,7180 27605743    4,33%
Elapsed time = 9464,31 sec. (1597426,30 ticks, tree = 714,36 MB, solutions = 34)
  36896 18578    19092,5800  1503    19511,0659    18667,8054 28039437    4,32%
  37011 18439        cutoff          19511,0659    18668,7592 27832089    4,32%
  37114 18565    19061,4044  1617    19511,0659    18672,0232 27998538    4,30%
  37186 18867        cutoff          19511,0659    18672,6314 28422559    4,30%
  37252 18837    19033,1508  1906    19511,0659    18674,9816 28369732    4,29%
  37303 18718        cutoff          19511,0659    18674,9816 28219938    4,29%
  37363 18923    19038,6343  2201    19511,0659    18674,9816 28486225    4,29%
  37407 18926    19184,1457  2077    19511,0659    18676,2064 28488650    4,28%
  37462 19003    19362,5546  2053    19511,0659    18676,6312 28603402    4,28%
  37510 19297    19168,7332  2047    19511,0659    18678,1457 28954192    4,27%
Elapsed time = 9689,91 sec. (1636288,65 ticks, tree = 742,47 MB, solutions = 34)
  37574 19165    19417,2347  1942    19511,0659    18680,1641 28784195    4,26%
  37635 19343    19141,5539  1491    19511,0659    18682,0710 29020872    4,25%
  37713 19318    19504,4703  1842    19511,0659    18683,0540 28999385    4,24%
  37798 19359    19366,1403  1801    19511,0659    18683,0540 29035335    4,24%
  37877 19225    19472,7449  1278    19511,0659    18683,0540 28843195    4,24%
  37973 19325    19460,3541  2080    19511,0659    18684,7274 29009740    4,24%
  38071 19427    19510,6807  1723    19511,0659    18685,2044 29159373    4,23%
  38175 19390    18907,6124  2211    19511,0659    18686,6378 29097491    4,23%
  38283 19472    19410,6747  1720    19511,0659    18687,3915 29219694    4,22%
  38408 19524    19085,5300  2103    19511,0659    18689,8144 29251514    4,21%
Elapsed time = 9938,57 sec. (1674944,43 ticks, tree = 753,39 MB, solutions = 34)
  38497 19484    19122,5816  1917    19511,0659    18691,1484 29233880    4,20%
  38612 19740    19180,8410  1948    19511,0659    18691,7067 29541237    4,20%
  38725 19634    19242,3437  1902    19511,0659    18691,7067 29385735    4,20%
  38830 19776    18978,6234  2189    19511,0659    18691,7067 29613785    4,20%
  38949 19587    18822,2608  1908    19511,0659    18692,5131 29352415    4,20%
  39050 19789    19400,9617  1995    19511,0659    18693,0837 29627366    4,19%
  39159 20048    19233,9656  1914    19511,0659    18693,4333 29961669    4,19%
  39266 19784        cutoff          19511,0659    18694,6872 29583480    4,18%
  39362 19853    19391,7549  1961    19511,0659    18695,0915 29707090    4,18%
  39466 20207        cutoff          19511,0659    18696,6963 30155033    4,17%
Elapsed time = 10156,82 sec. (1713332,73 ticks, tree = 792,84 MB, solutions = 34)
  39576 20265    19454,9996  1580    19511,0659    18697,9323 30222312    4,17%
  39672 20389    19104,0013  2030    19511,0659    18697,9323 30396142    4,17%
  39776 20148        cutoff          19511,0659    18697,9323 30119592    4,17%
  39880 20276    19439,4421  1613    19511,0659    18698,8931 30244093    4,16%
  39985 20117    19444,6333  1887    19511,0659    18699,3263 30078761    4,16%
  40104 20441    19207,3927  1867    19511,0659    18700,2263 30490120    4,16%
  40209 20491        cutoff          19511,0659    18700,3624 30537943    4,16%
  40337 20564    19369,2150  1883    19511,0659    18701,0766 30659968    4,15%
  40450 20435        cutoff          19511,0659    18702,7194 30444441    4,14%
  40598 20509    19245,1833  1999    19511,0659    18703,5944 30555605    4,14%
Elapsed time = 10404,91 sec. (1751721,47 ticks, tree = 801,36 MB, solutions = 34)
  40731 20869        cutoff          19511,0659    18703,5944 31100419    4,14%
  40823 20521    19250,6757  1753    19511,0659    18703,5944 30569389    4,14%
  40940 20968    19360,4104   698    19511,0659    18705,2895 31233373    4,13%
  41053 20772    18912,6974  1588    19511,0659    18705,8524 30942555    4,13%
  41198 20820        cutoff          19511,0659    18707,6303 31010288    4,12%
  41282 20888        cutoff          19511,0659    18708,9762 31136068    4,11%
  41371 21126    19100,8214  1631    19511,0659    18710,1204 31421114    4,11%
  41499 21428    18875,0406  1898    19511,0659    18712,4097 31743957    4,09%
  41619 21428    19323,2832  2000    19511,0659    18714,0616 31746191    4,08%
  41732 21160    19282,5448  1763    19511,0659    18714,0616 31443500    4,08%
Elapsed time = 10650,26 sec. (1790300,70 ticks, tree = 811,97 MB, solutions = 34)
  41856 21566    19362,6317  2281    19511,0659    18714,0616 31948033    4,08%
  41959 21704    19223,0132  1095    19511,0659    18715,0033 32069786    4,08%
  42079 21300    19378,8677  1805    19511,0659    18717,9885 31642942    4,06%
  42194 21753    19299,9755  2055    19511,0659    18717,9885 32144398    4,06%
  42306 21835    19411,7675  1454    19511,0659    18718,9946 32210957    4,06%
  42432 21763        cutoff          19511,0659    18721,7861 32159714    4,05%
  42543 21726    19187,8151  2170    19511,0659    18723,9224 32104583    4,03%
  42649 21850    18774,4321  2063    19511,0659    18724,7918 32232097    4,03%
  42753 22131        cutoff          19511,0659    18726,3200 32653937    4,02%
  42879 21924    19054,3751  2011    19511,0659    18726,3200 32355849    4,02%
Elapsed time = 10899,03 sec. (1828816,38 ticks, tree = 840,37 MB, solutions = 34)
  42983 22050    19314,8214  1880    19511,0659    18726,6629 32540748    4,02%
  43096 22220    19392,3746  2148    19511,0659    18726,6629 32800302    4,02%
  43206 22173    19268,3804  2102    19511,0659    18728,2386 32738993    4,01%
  43310 22105    19132,6257  1632    19511,0659    18728,2386 32629641    4,01%
  43418 22233        cutoff          19511,0659    18729,7555 32821392    4,00%
  43542 22383    19342,8210  1818    19511,0659    18729,9805 32999885    4,00%
  43656 22453    19271,6660  1486    19511,0659    18731,9804 33059362    3,99%
  43750 22392    19377,8605  1825    19511,0659    18733,7861 33013839    3,98%
  43880 22590        cutoff          19511,0659    18733,7861 33270075    3,98%
* 43895 22785      integral     0    19449,0308    18733,7861 33526117    3,68%
  43993 22469    19020,7486  1489    19449,0308    18733,7861 33081341    3,68%
Elapsed time = 11151,76 sec. (1867438,73 ticks, tree = 870,25 MB, solutions = 35)
  44091 22399    18969,1688  2133    19449,0308    18735,0921 33034676    3,67%
  44195 20717        cutoff          19449,0308    18735,4811 33673760    3,67%
  44289 20680    19401,8889  1761    19449,0308    18735,4811 33623033    3,67%
  44394 22505    19288,9256  1891    19449,0308    18735,4811 33174927    3,67%
  44498 22716        cutoff          19449,0308    18738,2772 33438055    3,65%
  44584 20808    18997,4265  1566    19449,0308    18738,2772 33828519    3,65%
  44675 20828    19013,3867  2038    19449,0308    18740,6148 33836565    3,64%
  44760 20761    18836,8111  1981    19449,0308    18741,2883 33784055    3,64%
  44829 20777    19248,9841  1645    19449,0308    18742,2476 33725676    3,63%
  44901 21021    19126,2628  2054    19449,0308    18742,2476 34152413    3,63%
Elapsed time = 11425,13 sec. (1906012,78 ticks, tree = 793,15 MB, solutions = 35)
  44990 20855    19401,0481  1968    19449,0308    18743,6307 33913492    3,63%
  45063 20863    19218,4916  1648    19449,0308    18743,9801 33920946    3,63%
  45143 21069    19094,7749  2039    19449,0308    18743,9801 34228096    3,63%
  45193 21261    19200,8598  1897    19449,0308    18743,9801 34499059    3,63%
  45242 21191    19312,0734  1777    19449,0308    18745,4535 34433877    3,62%
  45300 21148    19141,7524  2082    19449,0308    18748,3211 34374378    3,60%
  45375 21356    19044,4503  2037    19449,0308    18748,6126 34642562    3,60%
  45451 21360    19378,3982  1691    19449,0308    18750,0064 34645715    3,59%
  45524 21544        cutoff          19449,0308    18750,6096 34959813    3,59%
  45602 21392    19286,3488  1135    19449,0308    18750,6096 34708390    3,59%
Elapsed time = 11711,38 sec. (1944931,77 ticks, tree = 797,91 MB, solutions = 35)
  45687 21571    19270,2647  2053    19449,0308    18751,5388 35024354    3,59%
  45775 21560    19401,8437  2014    19449,0308    18752,0391 34951665    3,58%
  45875 21647    19132,3618  2058    19449,0308    18752,0391 35111854    3,58%
  45960 21468    19074,8784  1885    19449,0308    18752,4537 34869462    3,58%
  46058 21563        cutoff          19449,0308    18754,2731 35001659    3,57%
  46184 21656    19277,8122  2044    19449,0308    18755,5400 35132047    3,57%
  46295 21726    19137,0615  1702    19449,0308    18756,5798 35181028    3,56%
  46418 21635    18914,2006  1805    19449,0308    18756,7239 35124846    3,56%
  46545 21860    18981,0134  1998    19449,0308    18758,3235 35375911    3,55%
  46669 21908    19090,4763  2100    19449,0308    18758,3235 35452469    3,55%
Elapsed time = 11880,18 sec. (1983258,18 ticks, tree = 822,77 MB, solutions = 35)
  46758 21758        cutoff          19449,0308    18759,6833 35209746    3,54%
  46878 21920        cutoff          19449,0308    18760,3426 35466591    3,54%
  47008 21790    19424,7228  1065    19449,0308    18760,3426 35253201    3,54%
  47119 22011    19221,8802  1826    19449,0308    18760,3426 35607181    3,54%

Zero-half cuts applied:  125
Lift and project cuts applied:  2
Gomory fractional cuts applied:  1

Root node processing (before b&c):
  Real time             =   40,33 sec. (23397,22 ticks)
Parallel b&c, 12 threads:
  Real time             = 11929,92 sec. (1976911,13 ticks)
  Sync time (average)   = 1476,73 sec.
  Wait time (average)   =    0,04 sec.
                          ------------
Total (root+branch&cut) = 11970,26 sec. (2000308,35 ticks)

