
Version identifier: 22.1.1.0 | 2022-11-28 | 9160aff4d
CPXPARAM_MultiObjective_Display                  0
CPXPARAM_TimeLimit                               2000000
CPXPARAM_WorkMem                                 8192
CPXPARAM_DetTimeLimit                            2000000
Tried aggregator 3 times.
MIP Presolve eliminated 109165 rows and 1081729 columns.
Aggregator did 1275 substitutions.
Reduced MIP has 5345 rows, 27028 columns, and 59678 nonzeros.
Reduced MIP has 26998 binaries, 30 generals, 0 SOSs, and 0 indicators.
Presolve time = 0,88 sec. (593,83 ticks)
Found incumbent of value 184243,979526 after 1,03 sec. (721,68 ticks)
Probing time = 0,06 sec. (22,34 ticks)
Tried aggregator 2 times.
Detecting symmetries...
MIP Presolve eliminated 2 rows and 2 columns.
Aggregator did 15 substitutions.
Reduced MIP has 5328 rows, 27011 columns, and 59644 nonzeros.
Reduced MIP has 26996 binaries, 15 generals, 0 SOSs, and 0 indicators.
Presolve time = 0,06 sec. (62,87 ticks)
Probing time = 0,05 sec. (11,95 ticks)
Clique table members: 33474.
MIP emphasis: balance optimality and feasibility.
MIP search method: dynamic search.
Parallel mode: deterministic, using up to 12 threads.
Root relaxation solution time = 0,93 sec. (464,93 ticks)

        Nodes                                         Cuts/
   Node  Left     Objective  IInf  Best Integer    Best Bound    ItCnt     Gap

*     0+    0                       184243,9795 -1827066,2542              --- 
*     0+    0                       155830,1835 -1827066,2542              --- 
*     0+    0                       155812,9845 -1827066,2542              --- 
*     0+    0                       155795,7855 -1827066,2542              --- 
*     0+    0                       155778,5865 -1827066,2542              --- 
*     0+    0                       155761,3875 -1827066,2542              --- 
*     0+    0                       155744,1885 -1827066,2542              --- 
*     0+    0                       155728,0695 -1827066,2542              --- 
*     0+    0                       155712,2745 -1827066,2542              --- 
*     0+    0                       155696,4795 -1827066,2542              --- 
      0     0    29411,3796  1695   155696,4795    29411,3796       38   81,11%
      0     0    29480,2045  1814   155696,4795      Cuts: 27      839   81,07%
*     0+    0                        80797,3995    29480,2045            63,51%
      0     0    29516,1699  1776    80797,3995  ZeroHalf: 16     1641   63,47%
      0     0    29530,4302  1849    80797,3995  ZeroHalf: 22     2060   63,45%
*     0+    0                        68348,4417    29530,4302            56,79%
*     0+    0                        48306,3366    29530,4302            38,87%
      0     0  -1,00000e+75     0    48306,3366    29530,4302     2060   38,87%
*     0+    0                        48305,8169    29530,4302            38,87%
      0     0    29552,3941  1941    48305,8169  ZeroHalf: 10     2691   38,82%
      0     0    29557,0641  1964    48305,8169   ZeroHalf: 8     2982   38,81%
Detecting symmetries...
      0     0    29563,3170  1917    48305,8169   ZeroHalf: 9     3245   38,80%
      0     0    29568,2842  1948    48305,8169   ZeroHalf: 8     3476   38,79%
      0     0    29578,3491  2004    48305,8169  ZeroHalf: 13     3891   38,77%
      0     0    29588,5148  1959    48305,8169   ZeroHalf: 5     4214   38,75%
*     0+    0                        34157,1060    29588,5148            13,38%
Detecting symmetries...
      0     2    29588,5148  1959    34157,1060    29588,5148     4214   13,38%
Elapsed time = 24,00 sec. (10930,39 ticks, tree = 0,02 MB, solutions = 15)
      1     3    29621,3250  2025    34157,1060    29588,6159     5524   13,37%
      4     4    29624,4099  2044    34157,1060    29617,2152     5923   13,29%
      6     6    29644,6780  1743    34157,1060    29617,2152     7853   13,29%
     11     8    29773,2638  1697    34157,1060    29617,2152     9305   13,29%
     13     9    29658,0897  1802    34157,1060    29617,2152    11701   13,29%
     16    12    29694,2419  1569    34157,1060    29621,0383    14861   13,28%
     22    13    29717,3458  2048    34157,1060    29637,8805    15620   13,23%
     25    18    29663,7929  1698    34157,1060    29637,8805    30135   13,23%
     30    23    29764,3874  1709    34157,1060    29637,8805    45737   13,23%
     40    31    29761,5354  1562    34157,1060    29652,3281    80439   13,19%
Elapsed time = 47,86 sec. (15158,53 ticks, tree = 0,10 MB, solutions = 15)
     54    40    29899,8256  1992    34157,1060    29652,3281   130174   13,19%
     72    70    30026,7024  1042    34157,1060    29652,3281   181417   13,19%
    110    91    30032,3386  1175    34157,1060    29652,3281   196557   13,19%
*   113+   76                        30270,1905    29652,3281             2,04%
*   117   106      integral     0    30257,7160    29652,3281   206458    2,00%
    147   115    30174,6910  1189    30257,7160    29652,3281   218215    2,00%
    226   135    30029,6343  1181    30257,7160    29652,3281   234464    2,00%
    282   147    29900,3700  1354    30257,7160    29671,8988   248148    1,94%
    332   204    30108,4487  1120    30257,7160    29684,7119   281611    1,89%
*   397   225      integral     0    30242,9804    29684,7119   298706    1,85%
    494   296    29741,3651  1501    30242,9804    29684,7658   338498    1,85%
    564   353    30009,8757  1252    30242,9804    29706,4275   365033    1,77%
Elapsed time = 114,52 sec. (25056,72 ticks, tree = 6,24 MB, solutions = 19)
    645   427    30093,3730  1264    30242,9804    29706,4275   398948    1,77%
    716   495    29877,8923  1337    30242,9804    29730,2644   433154    1,70%
    789   502    30086,3375  1407    30242,9804    29741,7037   435566    1,66%
    873   552    30198,3702  1526    30242,9804    29742,5445   463689    1,65%
    934   607    29887,9866  1868    30242,9804    29754,4677   493244    1,62%
   1001   669    29992,0332  1131    30242,9804    29757,3361   525702    1,61%
   1065   634    29847,6580  1481    30242,9804    29757,3361   507489    1,61%
   1141   722    30026,6608  1172    30242,9804    29764,1745   559415    1,58%
   1208   772    29999,6677  1376    30242,9804    29769,0668   599648    1,57%
   1280   859    30167,5066  1378    30242,9804    29778,7232   651569    1,54%
Elapsed time = 184,31 sec. (34727,60 ticks, tree = 21,76 MB, solutions = 19)
   1357   857    30157,0687  1348    30242,9804    29780,7404   648930    1,53%
   1425   927        cutoff          30242,9804    29782,5361   688846    1,52%
   1521   933    30055,1340  1266    30242,9804    29783,3320   691427    1,52%
   1615   949    29971,4642  1340    30242,9804    29783,3320   698704    1,52%
   1688  1118    30131,4219  1388    30242,9804    29794,9441   779584    1,48%
   1764  1052    30216,5964  1513    30242,9804    29797,0202   748629    1,47%
   1835  1125    30043,4776  1217    30242,9804    29797,7655   784557    1,47%
   1913  1245    30007,6731  1334    30242,9804    29798,4310   845713    1,47%
   1996  1241        cutoff          30242,9804    29798,4310   842785    1,47%
   2077  1309    29910,9592  1491    30242,9804    29811,8196   886186    1,43%
Elapsed time = 253,56 sec. (44383,48 ticks, tree = 33,84 MB, solutions = 19)
   2174  1364    30019,2103  1354    30242,9804    29814,0190   918579    1,42%
   2265  1417    30120,8389  1569    30242,9804    29815,8097   947908    1,41%
   2348  1491    30226,9501  1454    30242,9804    29820,2927   985049    1,40%
   2447  1542        cutoff          30242,9804    29822,7463  1006034    1,39%
   2531  1605    29896,4260  1646    30242,9804    29828,7764  1039962    1,37%
   2622  1642    30188,2844  1168    30242,9804    29829,6319  1058609    1,37%
   2695  1758    29966,3425  1386    30242,9804    29831,7954  1122125    1,36%
   2780  1746    30156,2198  1323    30242,9804    29835,7884  1111691    1,35%
   2879  1795    30094,9875  1272    30242,9804    29837,9895  1137747    1,34%
   2978  1907    29880,4516  1486    30242,9804    29841,2257  1204559    1,33%
Elapsed time = 323,01 sec. (54042,38 ticks, tree = 54,52 MB, solutions = 19)
   3070  1871    29943,7965  1186    30242,9804    29844,8872  1182392    1,32%
   3161  1990    30028,5602  1196    30242,9804    29848,2747  1249804    1,31%
   3264  2085        cutoff          30242,9804    29849,6210  1297902    1,30%
   3353  2092    30160,3528   934    30242,9804    29852,5907  1300593    1,29%
   3457  2143    30195,3294  1055    30242,9804    29857,1326  1330197    1,28%
   3560  2165    29925,9971  1185    30242,9804    29858,3136  1339169    1,27%
   3661  2327    30226,4562  1094    30242,9804    29860,0368  1426993    1,27%
   3753  2312    30017,5585  1162    30242,9804    29863,6058  1416575    1,25%
   3828  2358    29981,6601   889    30242,9804    29863,6058  1442264    1,25%
   3867  2405    29980,8444  1260    30242,9804    29863,6058  1465588    1,25%
Elapsed time = 385,97 sec. (63717,01 ticks, tree = 74,11 MB, solutions = 19)

Performing restart 1

Repeating presolve.
Tried aggregator 3 times.
MIP Presolve eliminated 589 rows and 8706 columns.
Aggregator did 130 substitutions.
Reduced MIP has 4609 rows, 18175 columns, and 41201 nonzeros.
Reduced MIP has 18160 binaries, 15 generals, 0 SOSs, and 0 indicators.
Presolve time = 0,05 sec. (42,53 ticks)
Tried aggregator 1 time.
Reduced MIP has 4609 rows, 18175 columns, and 41201 nonzeros.
Reduced MIP has 18160 binaries, 15 generals, 0 SOSs, and 0 indicators.
Presolve time = 0,04 sec. (31,38 ticks)
Represolve time = 1,32 sec. (985,62 ticks)
   3870     0    29592,4055  2069    30242,9804   ZeroHalf: 2  1554868    1,24%
*  3870+    0                        30224,1520    29867,5343             1,18%
   3870     0    29596,1773  2031    30224,1520   ZeroHalf: 7  1555078    1,18%
   3870     0    29597,3223  2070    30224,1520   ZeroHalf: 1  1555225    1,18%
*  3870+    0                        30217,5231    29867,5343             1,16%
   3870     0    29598,7602  2024    30217,5231   ZeroHalf: 2  1555372    1,16%
   3870     0    29599,6034  2007    30217,5231   ZeroHalf: 1  1555491    1,16%
   3870     0    29604,0477  2091    30217,5231   ZeroHalf: 9  1555724    1,16%
   3870     0    29609,1924  2166    30217,5231   ZeroHalf: 7  1556104    1,16%
   3870     2    29609,1924  2164    30217,5231    29867,5343  1556139    1,16%
   3872     4    29609,7301  2066    30217,5231    29867,5343  1559278    1,16%
   3878     9    29620,0109  2054    30217,5231    29867,5343  1565515    1,16%
   3902    14    30060,5788  1700    30217,5231    29867,5343  1577769    1,16%
   3940    24    29791,1617  1744    30217,5231    29867,5343  1591883    1,16%
   4015    75    29864,6376  1731    30217,5231    29867,5343  1630971    1,16%
   4090   146    30151,1654  1780    30217,5231    29867,5343  1662934    1,16%
   4159   187    29679,6963  2004    30217,5231    29867,5343  1688991    1,16%
   4217   215    30070,4664  1489    30217,5231    29867,5343  1710135    1,16%
   4283   247    29917,0377  1646    30217,5231    29867,5343  1729575    1,16%
Elapsed time = 457,97 sec. (90754,58 ticks, tree = 2,65 MB, solutions = 21)
   4361   279    29796,2736  1795    30217,5231    29867,5343  1749888    1,16%
   4431   334    30137,8862  1344    30217,5231    29867,5343  1773338    1,16%
   4491   384    29748,8875  1599    30217,5231    29867,5343  1806457    1,16%
   4563   414    30185,0789  1444    30217,5231    29867,5343  1827027    1,16%
   4623   480    30001,8125  1867    30217,5231    29867,5343  1874923    1,16%
   4670   499    29916,7425  1366    30217,5231    29867,5343  1884502    1,16%
   4772   538    29885,8423  1639    30217,5231    29867,5343  1903821    1,16%
   4855   579    30093,2558  1157    30217,5231    29867,5343  1925393    1,16%
   4928   599    30193,4032  1544    30217,5231    29867,5343  1933900    1,16%
   4980   662    29989,0137  1514    30217,5231    29867,5343  1969763    1,16%
Elapsed time = 515,14 sec. (100385,40 ticks, tree = 10,93 MB, solutions = 21)
   5038   737    30184,3664  1716    30217,5231    29867,5343  2013280    1,16%
   5098   762    29933,8605  1645    30217,5231    29867,5343  2038002    1,16%
   5186   814    29927,2297  1559    30217,5231    29867,5343  2082233    1,16%
   5251   843    30061,1551  1562    30217,5231    29867,5343  2101357    1,16%
   5331   898        cutoff          30217,5231    29867,5343  2140494    1,16%
*  5334+  854                        30187,8614    29867,5343             1,06%
   5397   892    30080,7596  1776    30187,8614    29867,5343  2161025    1,06%
   5458   896    30183,4004  1601    30187,8614    29867,5343  2164255    1,06%
   5511   954    29991,9607  1494    30187,8614    29867,5343  2202157    1,06%
   5543  1017    30150,2973  1189    30187,8614    29867,5343  2257290    1,06%
   5597  1014        cutoff          30187,8614    29867,5343  2253321    1,06%
Elapsed time = 575,24 sec. (110014,68 ticks, tree = 20,76 MB, solutions = 22)
   5636  1051    29913,9621  1616    30187,8614    29867,5343  2312538    1,06%
   5675  1027    29925,3888  1859    30187,8614    29867,5343  2298038    1,06%
   5722  1079    infeasible          30187,8614    29867,5343  2342011    1,06%
   5789  1133    29928,6627  1433    30187,8614    29867,5343  2420666    1,06%
   5856  1138    30109,5243  1697    30187,8614    29867,5343  2426314    1,06%
   5910  1152        cutoff          30187,8614    29867,5343  2443632    1,06%
   5968  1140    29982,6882  1442    30187,8614    29867,5343  2439657    1,06%
*  6021  1231      integral     0    30172,2715    29867,5343  2523821    1,01%
   6045  1215    30072,8440  1414    30172,2715    29867,5343  2500480    1,01%
   6101  1202    30004,1963  1853    30172,2715    29867,5343  2554736    1,01%
*  6238  1255      integral     0    30117,4935    29867,5343  2622191    0,83%
   6344  1082        cutoff          30117,4935    29867,5343  2703835    0,83%
Elapsed time = 653,23 sec. (122621,25 ticks, tree = 19,65 MB, solutions = 24)
   6479  1101    30067,9679  1521    30117,4935    29867,5343  2790754    0,83%
   6745  1112        cutoff          30117,4935    29867,5343  2867167    0,83%
   7020  1169    30069,6119  1449    30117,4935    29867,5343  3016240    0,83%
   7338  1184    29953,8326  1553    30117,4935    29867,5343  3139431    0,83%
   7548  1202        cutoff          30117,4935    29895,5594  3260121    0,74%
*  7670  1203      integral     0    30105,3435    29900,5024  3278148    0,68%
   7906  1092        cutoff          30105,3435    29917,5166  3369290    0,62%
   8321   950        cutoff          30105,3435    29962,3044  3507299    0,48%
   8812   620        cutoff          30105,3435    30020,3641  3676831    0,28%

Cover cuts applied:  6
Mixed integer rounding cuts applied:  4
Zero-half cuts applied:  73
Gomory fractional cuts applied:  2

Root node processing (before b&c):
  Real time             =   23,05 sec. (10980,20 ticks)
Parallel b&c, 12 threads:
  Real time             =  823,56 sec. (144969,05 ticks)
  Sync time (average)   =   98,59 sec.
  Wait time (average)   =    0,05 sec.
                          ------------
Total (root+branch&cut) =  846,61 sec. (155949,25 ticks)

