
Version identifier: 22.1.1.0 | 2022-11-28 | 9160aff4d
CPXPARAM_MultiObjective_Display                  0
CPXPARAM_TimeLimit                               2000000
CPXPARAM_WorkMem                                 8192
CPXPARAM_DetTimeLimit                            2000000
Tried aggregator 3 times.
MIP Presolve eliminated 126876 rows and 1098367 columns.
MIP Presolve modified 8 coefficients.
Aggregator did 1210 substitutions.
Reduced MIP has 4503 rows, 19785 columns, and 44207 nonzeros.
Reduced MIP has 19755 binaries, 30 generals, 0 SOSs, and 0 indicators.
Presolve time = 0,90 sec. (631,40 ticks)
Found incumbent of value 192569,759123 after 1,04 sec. (748,38 ticks)
Probing time = 0,02 sec. (9,93 ticks)
Tried aggregator 2 times.
Detecting symmetries...
Aggregator did 15 substitutions.
Reduced MIP has 4488 rows, 19770 columns, and 44177 nonzeros.
Reduced MIP has 19755 binaries, 15 generals, 0 SOSs, and 0 indicators.
Presolve time = 0,05 sec. (42,14 ticks)
Probing time = 0,03 sec. (9,71 ticks)
Clique table members: 25260.
MIP emphasis: balance optimality and feasibility.
MIP search method: dynamic search.
Parallel mode: deterministic, using up to 12 threads.
Root relaxation solution time = 0,54 sec. (318,47 ticks)

        Nodes                                         Cuts/
   Node  Left     Objective  IInf  Best Integer    Best Bound    ItCnt     Gap

*     0+    0                       192569,7591 -1579691,1061           920,32%
*     0+    0                       168174,3611 -1579691,1061              --- 
*     0+    0                       168157,1621 -1579691,1061              --- 
*     0+    0                       168139,9631 -1579691,1061              --- 
*     0+    0                       168122,7641 -1579691,1061              --- 
*     0+    0                       168105,5651 -1579691,1061              --- 
*     0+    0                       168088,3661 -1579691,1061              --- 
*     0+    0                       168071,1671 -1579691,1061              --- 
*     0+    0                       168053,9681 -1579691,1061              --- 
*     0+    0                       168037,8491 -1579691,1061              --- 
      0     0    41439,2764  1177   168037,8491    41439,2764       39   75,34%
*     0+    0                        58693,0054    41439,2764            29,40%
*     0+    0                        50671,9130    41439,2764            18,22%
      0     0    41524,9133  1456    50671,9130      Cuts: 26      416   18,05%
      0     0    41561,0414  1399    50671,9130  ZeroHalf: 10      676   17,98%
*     0+    0                        49613,2733    41561,0414            16,23%
      0     0    41584,8259  1504    49613,2733  ZeroHalf: 11      940   16,18%
*     0+    0                        48631,2733    41584,8259            14,49%
      0     0  -1,00000e+75     0    48631,2733    41584,8259      940   14,49%
*     0+    0                        47767,8533    41584,8259            12,94%
      0     0    41602,8117  1453    47767,8533      Cuts: 11     1134   12,91%
      0     0    41609,7572  1549    47767,8533   ZeroHalf: 2     1214   12,89%
      0     0    41610,8088  1524    47767,8533   ZeroHalf: 1     1255   12,89%
      0     0    41610,8088  1524    47767,8533   ZeroHalf: 3     1256   12,89%
      0     0    41612,3432  1536    47767,8533   ZeroHalf: 1     1318   12,89%
*     0+    0                        47156,7818    41612,3432            11,76%
*     0+    0                        43604,9260    41612,3432             4,57%
      0     2    41612,3432  1536    43604,9260    41612,3432     1318    4,57%
Elapsed time = 10,92 sec. (6111,55 ticks, tree = 0,02 MB, solutions = 17)
      4     6    41689,2572  1440    43604,9260    41621,5851     2629    4,55%
     16    15    41718,6257  1235    43604,9260    41669,0701     6472    4,44%
     29    13    41774,2110  1201    43604,9260    41691,1894     6902    4,39%
*    34+   11                        43549,9316    41691,1894             4,27%
     46    32    42016,3284  1193    43549,9316    41691,1894    14423    4,27%
     59    35    42073,2786  1136    43549,9316    41691,1894    15703    4,27%
     68    62    42051,4931  1375    43549,9316    41694,1915    28560    4,26%
     81    74    42316,3536   767    43549,9316    41696,6968    41587    4,26%
     98    91    42662,0588   551    43549,9316    41696,6968    63044    4,26%
    118   109    42865,8991   735    43549,9316    41696,6968    75405    4,26%
*   137+  108                        43168,3322    41696,6968             3,41%
    261   192    41981,3577  1124    43168,3322    41696,6968   102925    3,41%
Elapsed time = 27,75 sec. (9424,37 ticks, tree = 2,26 MB, solutions = 20)
    399   247    42123,5219   821    43168,3322    41721,3286   123868    3,35%
*   451   288      integral     0    43128,7173    41721,3286   137378    3,26%
*   458   291      integral     0    42861,5292    41721,3286   139260    2,66%
    612   304    42405,2768  1358    42861,5292    41752,0929   165216    2,59%
    779   440    41914,8164  1162    42861,5292    41796,8167   207155    2,48%
    954   525    42074,9093  1163    42861,5292    41847,3429   230763    2,37%
*   976+  522                        42822,5403    41847,5984             2,28%
   1130   609    42150,1363  1033    42822,5403    41856,1554   253345    2,26%
   1305   768    41987,9210  1085    42822,5403    41872,1349   303992    2,22%
   1462   822    42116,5110  1018    42822,5403    41905,5062   324550    2,14%
   1545   930    42276,8790  1051    42822,5403    41918,6323   356650    2,11%
Elapsed time = 78,52 sec. (17348,19 ticks, tree = 17,67 MB, solutions = 24)
   1632   983    42525,8050   965    42822,5403    41931,8944   369091    2,08%
   1800  1082    42334,7058   993    42822,5403    41946,4332   396968    2,05%
   1989  1190    42532,1231   873    42822,5403    41959,4236   432650    2,02%
   2210  1292    42541,8412  1126    42822,5403    41973,1288   467408    1,98%
   2429  1451    42769,6764   590    42822,5403    41986,0574   507999    1,95%
   2658  1505    42282,2117  1182    42822,5403    42000,9997   523457    1,92%
   2871  1687        cutoff          42822,5403    42003,4764   575981    1,91%
   3091  1807        cutoff          42822,5403    42016,6119   614125    1,88%
   3312  1848    42308,6372  1155    42822,5403    42029,9086   627480    1,85%
   3522  2034    42700,4809  1022    42822,5403    42048,4373   690397    1,81%
Elapsed time = 141,32 sec. (26930,66 ticks, tree = 46,63 MB, solutions = 24)
   3761  2151    42646,0109   993    42822,5403    42056,4071   724881    1,79%
   3910  2214    42254,2285  1056    42822,5403    42057,6543   748363    1,79%

Performing restart 1

Repeating presolve.
Tried aggregator 2 times.
MIP Presolve eliminated 368 rows and 3265 columns.
Aggregator did 16 substitutions.
Reduced MIP has 4104 rows, 16489 columns, and 37301 nonzeros.
Reduced MIP has 16474 binaries, 15 generals, 0 SOSs, and 0 indicators.
Presolve time = 0,04 sec. (30,11 ticks)
Tried aggregator 1 time.
Reduced MIP has 4104 rows, 16489 columns, and 37301 nonzeros.
Reduced MIP has 16474 binaries, 15 generals, 0 SOSs, and 0 indicators.
Presolve time = 0,04 sec. (28,66 ticks)
Represolve time = 1,33 sec. (940,72 ticks)
   3928     0    41635,0422  1513    42822,5403   ZeroHalf: 2   800659    1,76%
   3928     0    41644,6901  1532    42822,5403   ZeroHalf: 4   800821    1,76%
   3928     0    41646,3702  1550    42822,5403   ZeroHalf: 1   800910    1,76%
   3928     0    41649,5450  1545    42822,5403   ZeroHalf: 4   801020    1,76%
   3928     0    41651,1536  1558    42822,5403   ZeroHalf: 3   801067    1,76%
   3928     2    41651,1536  1551    42822,5403    42069,9812   801067    1,76%
   3930     4    42179,4142  1347    42822,5403    42069,9812   802992    1,76%
   3946    12    42464,6738  1152    42822,5403    42069,9812   810699    1,76%
   3967    25    42548,0066  1225    42822,5403    42069,9812   829833    1,76%
   4090    72    42268,1490  1314    42822,5403    42069,9812   861570    1,76%
   4341   146        cutoff          42822,5403    42069,9812   889970    1,76%
   4467   223        cutoff          42822,5403    42069,9812   948317    1,76%
   4573   239    42812,9263  1031    42822,5403    42069,9812   967092    1,76%
Elapsed time = 199,45 sec. (46255,16 ticks, tree = 2,19 MB, solutions = 24)
   4758   262    42690,5354   799    42822,5403    42069,9812  1007710    1,76%
   4905   290    42697,0761  1150    42822,5403    42069,9812  1050073    1,76%
   5047   308        cutoff          42822,5403    42069,9812  1097287    1,76%
   5299   270    42717,4308   945    42822,5403    42069,9812  1129510    1,76%
   5713   244    42716,5101  1288    42822,5403    42094,2600  1156013    1,70%
   5758    13    42688,5249  1183    42822,5403    42505,0830  1232552    0,74%

Zero-half cuts applied:  45
Lift and project cuts applied:  1
Gomory fractional cuts applied:  5

Root node processing (before b&c):
  Real time             =   10,23 sec. (6245,37 ticks)
Parallel b&c, 12 threads:
  Real time             =  218,96 sec. (46605,20 ticks)
  Sync time (average)   =   33,17 sec.
  Wait time (average)   =    0,02 sec.
                          ------------
Total (root+branch&cut) =  229,18 sec. (52850,57 ticks)

