
Version identifier: 22.1.1.0 | 2022-11-28 | 9160aff4d
CPXPARAM_MultiObjective_Display                  0
CPXPARAM_TimeLimit                               60000
CPXPARAM_WorkMem                                 8192
CPXPARAM_DetTimeLimit                            60000
Tried aggregator 3 times.
MIP Presolve eliminated 20503 rows and 128585 columns.
Aggregator did 273 substitutions.
Reduced MIP has 1189 rows, 3088 columns, and 7323 nonzeros.
Reduced MIP has 3072 binaries, 16 generals, 0 SOSs, and 0 indicators.
Presolve time = 0,10 sec. (77,15 ticks)
Found incumbent of value 103420,017709 after 0,11 sec. (93,04 ticks)
Probing time = 0,01 sec. (3,57 ticks)
Tried aggregator 2 times.
Detecting symmetries...
Aggregator did 8 substitutions.
Reduced MIP has 1181 rows, 3080 columns, and 7307 nonzeros.
Reduced MIP has 3072 binaries, 8 generals, 0 SOSs, and 0 indicators.
Presolve time = 0,01 sec. (7,30 ticks)
Probing time = 0,01 sec. (3,59 ticks)
Clique table members: 4672.
MIP emphasis: balance optimality and feasibility.
MIP search method: dynamic search.
Parallel mode: deterministic, using up to 12 threads.
Root relaxation solution time = 0,04 sec. (31,95 ticks)

        Nodes                                         Cuts/
   Node  Left     Objective  IInf  Best Integer    Best Bound    ItCnt     Gap

*     0+    0                       103420,0177  -325500,0000           414,74%
*     0+    0                        82929,8917  -325500,0000           492,50%
*     0+    0                        82920,7657  -325500,0000           492,54%
*     0+    0                        82911,6397  -325500,0000           492,59%
*     0+    0                        82902,5137  -325500,0000           492,63%
*     0+    0                        82893,3877  -325500,0000           492,67%
*     0+    0                        82884,2617  -325500,0000           492,72%
*     0+    0                        82875,1357  -325500,0000           492,76%
*     0+    0                        82866,0097  -325500,0000           492,80%
*     0     0      integral     0    24668,5411    24668,5411     1421    0,00%
Elapsed time = 0,21 sec. (165,89 ticks, tree = 0,00 MB, solutions = 10)

Root node processing (before b&c):
  Real time             =    0,22 sec. (177,39 ticks)
Parallel b&c, 12 threads:
  Real time             =    0,00 sec. (0,00 ticks)
  Sync time (average)   =    0,00 sec.
  Wait time (average)   =    0,00 sec.
                          ------------
Total (root+branch&cut) =    0,22 sec. (177,39 ticks)

