
Version identifier: 22.1.1.0 | 2022-11-28 | 9160aff4d
CPXPARAM_MultiObjective_Display                  0
CPXPARAM_TimeLimit                               2000000
CPXPARAM_WorkMem                                 8192
CPXPARAM_DetTimeLimit                            2000000
Tried aggregator 4 times.
MIP Presolve eliminated 129626 rows and 1109787 columns.
MIP Presolve modified 20 coefficients.
Aggregator did 579 substitutions.
Reduced MIP has 1930 rows, 5526 columns, and 12884 nonzeros.
Reduced MIP has 5501 binaries, 25 generals, 0 SOSs, and 0 indicators.
Presolve time = 1,14 sec. (714,87 ticks)
Found incumbent of value 199713,412290 after 1,27 sec. (798,74 ticks)
Probing time = 0,02 sec. (7,75 ticks)
Tried aggregator 2 times.
Detecting symmetries...
MIP Presolve eliminated 3 rows and 5 columns.
Aggregator did 16 substitutions.
Reduced MIP has 1911 rows, 5505 columns, and 12838 nonzeros.
Reduced MIP has 5491 binaries, 14 generals, 0 SOSs, and 0 indicators.
Presolve time = 0,03 sec. (16,76 ticks)
Probing time = 0,01 sec. (5,21 ticks)
Clique table members: 7871.
MIP emphasis: balance optimality and feasibility.
MIP search method: dynamic search.
Parallel mode: deterministic, using up to 12 threads.
Root relaxation solution time = 0,06 sec. (39,52 ticks)

        Nodes                                         Cuts/
   Node  Left     Objective  IInf  Best Integer    Best Bound    ItCnt     Gap

*     0+    0                       199713,4123  -623600,6530           412,25%
*     0     0      integral     0    67517,0765    67517,0765     2221    0,00%
Elapsed time = 1,52 sec. (956,17 ticks, tree = 0,00 MB, solutions = 2)

Root node processing (before b&c):
  Real time             =    1,58 sec. (993,51 ticks)
Parallel b&c, 12 threads:
  Real time             =    0,00 sec. (0,00 ticks)
  Sync time (average)   =    0,00 sec.
  Wait time (average)   =    0,00 sec.
                          ------------
Total (root+branch&cut) =    1,58 sec. (993,51 ticks)

