
Version identifier: 22.1.1.0 | 2022-11-28 | 9160aff4d
CPXPARAM_MultiObjective_Display                  0
CPXPARAM_WorkMem                                 8192
CPXPARAM_DetTimeLimit                            2000000
Found incumbent of value 126000,000000 after 0,01 sec. (6,60 ticks)
Tried aggregator 3 times.
MIP Presolve eliminated 22392 rows and 126263 columns.
Aggregator did 346 substitutions.
Reduced MIP has 1976 rows, 7537 columns, and 17010 nonzeros.
Reduced MIP has 7522 binaries, 15 generals, 0 SOSs, and 0 indicators.
Presolve time = 0,11 sec. (84,32 ticks)
Probing time = 0,01 sec. (5,68 ticks)
Tried aggregator 2 times.
Detecting symmetries...
Aggregator did 7 substitutions.
Reduced MIP has 1969 rows, 7530 columns, and 16996 nonzeros.
Reduced MIP has 7522 binaries, 8 generals, 0 SOSs, and 0 indicators.
Presolve time = 0,02 sec. (16,53 ticks)
Probing time = 0,01 sec. (5,61 ticks)
Clique table members: 9921.
MIP emphasis: balance optimality and feasibility.
MIP search method: dynamic search.
Parallel mode: deterministic, using up to 12 threads.
Root relaxation solution time = 0,20 sec. (181,30 ticks)

        Nodes                                         Cuts/
   Node  Left     Objective  IInf  Best Integer    Best Bound    ItCnt     Gap

*     0+    0                       126000,0000  -580303,0000           560,56%
*     0+    0                       110336,0000  -580303,0000           625,94%
      0     0     7473,5075  1277   110336,0000     7473,5075       31   93,23%
*     0+    0                        48587,0000     7473,5075            84,62%
*     0+    0                        48585,0000     7473,5075            84,62%
      0     0     7484,0504  1279    48585,0000  ZeroHalf: 25      534   84,60%
      0     0     7495,9404  1369    48585,0000      Cuts: 19      909   84,57%
      0     0     7503,2000  1289    48585,0000  ZeroHalf: 15     1227   84,56%
*     0+    0                        28863,0000     7503,2000            74,00%
*     0+    0                        23966,0000     7503,2000            68,69%
      0     0  -1,00000e+75     0    23966,0000     7503,2000     1227   68,69%
      0     0     7504,6900  1382    23966,0000  ZeroHalf: 20     1495   68,69%
      0     0     7518,5891  1323    23966,0000      Cuts: 22     2195   68,63%
Detecting symmetries...
      0     0     7521,2323  1362    23966,0000  ZeroHalf: 16     2540   68,62%
      0     0     7521,9991  1424    23966,0000  ZeroHalf: 25     2700   68,61%
      0     0     7523,1514  1461    23966,0000  ZeroHalf: 13     2882   68,61%
      0     0     7523,5928  1419    23966,0000   ZeroHalf: 6     2999   68,61%
      0     0     7524,6496  1416    23966,0000   ZeroHalf: 9     3154   68,60%
*     0+    0                        23184,0000     7524,6496            67,54%
      0     0     7525,4032  1416    23184,0000  ZeroHalf: 10     3471   67,54%
*     0+    0                        11707,0000     7525,4032            35,72%
      0     0     7526,0677  1335    11707,0000   ZeroHalf: 4     3623   35,71%
      0     0     7526,7060  1400    11707,0000  ZeroHalf: 14     3794   35,71%
*     0+    0                         9582,0000     7526,7060            21,45%
*     0+    0                         8644,0000     7526,7060            12,93%
Detecting symmetries...
      0     2     7526,7060  1400     8644,0000     7526,7060     3794   12,93%
Elapsed time = 9,16 sec. (4834,01 ticks, tree = 0,02 MB, solutions = 9)
      9     6     7555,0881   986     8644,0000     7528,9981     5358   12,90%
     36    27     7561,7424  1144     8644,0000     7538,5020    13267   12,79%
     91    71     7604,3680   895     8644,0000     7539,5702    28995   12,78%
    213   152     8262,1264   393     8644,0000     7540,2936    45409   12,77%
*   305   238      integral     0     8611,0000     7540,2936    58868   12,43%
    333   252     8485,0000   175     8611,0000     7540,2936    58713   12,43%
    453   290     7605,4468   832     8611,0000     7540,3659    68948   12,43%
    565   373     8128,0000   488     8611,0000     7553,3397    86942   12,28%
    684   442     7593,0898   823     8611,0000     7553,3397   100767   12,28%
*   770   515      integral     0     8610,0000     7553,3397   118698   12,27%
    806   551     7643,1028   791     8610,0000     7557,4323   126331   12,22%
   1213   806     8339,5000   402     8610,0000     7579,5015   190848   11,97%
Elapsed time = 17,62 sec. (7961,00 ticks, tree = 7,30 MB, solutions = 11)
   1714  1108     8609,7900   182     8610,0000     7592,2308   251574   11,82%
   2223  1494        cutoff           8610,0000     7597,1200   332299   11,76%
   2701  1708     8522,0000   366     8610,0000     7604,0000   374970   11,68%
   3313  2160     8156,0000   426     8610,0000     7612,3542   462287   11,59%
   3863  2513     8347,2308   616     8610,0000     7616,7500   538451   11,54%

Performing restart 1

Repeating presolve.
Tried aggregator 2 times.
MIP Presolve eliminated 0 rows and 73 columns.
Aggregator did 1 substitutions.
Reduced MIP has 1968 rows, 7456 columns, and 16848 nonzeros.
Reduced MIP has 7448 binaries, 8 generals, 0 SOSs, and 0 indicators.
Presolve time = 0,01 sec. (12,30 ticks)
Tried aggregator 1 time.
Reduced MIP has 1968 rows, 7456 columns, and 16848 nonzeros.
Reduced MIP has 7448 binaries, 8 generals, 0 SOSs, and 0 indicators.
Presolve time = 0,02 sec. (13,21 ticks)
Represolve time = 0,25 sec. (193,47 ticks)
   3914     0     7527,6959  1441     8610,0000   ZeroHalf: 7   584230   11,50%
   3914     0     7530,1613  1437     8610,0000  ZeroHalf: 10   584620   11,50%
   3914     0     7531,7881  1404     8610,0000  ZeroHalf: 11   584839   11,50%
   3914     0     7534,8736  1430     8610,0000      Cuts: 13   585067   11,50%
   3914     0     7535,2035  1429     8610,0000  ZeroHalf: 10   585184   11,50%
   3914     0     7536,0098  1451     8610,0000  ZeroHalf: 10   585351   11,50%
   3914     0     7536,4203  1467     8610,0000   ZeroHalf: 9   585605   11,50%
   3914     2     7536,4203  1467     8610,0000     7620,0000   585605   11,50%
   3933    17     7550,5273  1331     8610,0000     7620,0000   589837   11,50%
   4027    95     7586,6141  1146     8610,0000     7620,0000   625315   11,50%
   4324   280     7744,0597   734     8610,0000     7620,0000   687819   11,50%
   4654   523        cutoff           8610,0000     7620,0000   764051   11,50%
Elapsed time = 50,17 sec. (24243,70 ticks, tree = 2,59 MB, solutions = 11)
   5022   800     7923,1429   776     8610,0000     7620,0000   839012   11,50%
   5347  1094     8283,2727   671     8610,0000     7620,0000   909338   11,50%
   5720  1263     7808,1667   275     8610,0000     7620,0000   963560   11,50%
   6015  1634     7646,3125   627     8610,0000     7620,0000  1074828   11,50%
   6218  1773     8592,1971   777     8610,0000     7620,0000  1143087   11,50%
   6443  1882     7622,0000   535     8610,0000     7620,0000  1227012   11,50%
   6651  2014     8588,6250   512     8610,0000     7620,0000  1306508   11,50%
   6852  2126        cutoff           8610,0000     7620,0000  1372318   11,50%
   7121  2299     7618,9058   886     8610,0000     7620,0000  1481896   11,50%
   7365  2379     7637,0069   849     8610,0000     7620,0000  1522709   11,50%
Elapsed time = 76,77 sec. (33799,77 ticks, tree = 11,42 MB, solutions = 11)
   7605  2492     8138,5577   880     8610,0000     7620,0000  1584304   11,50%
   7847  2606     7664,9488   894     8610,0000     7620,0000  1658200   11,50%
   8060  2828     8551,8421   588     8610,0000     7620,0000  1808686   11,50%
   8276  2900        cutoff           8610,0000     7620,0000  1876537   11,50%
   8486  3002     8601,9077   925     8610,0000     7620,0000  1943552   11,50%
*  8555  3068      integral     0     8609,4300     7620,0000  1981247   11,49%
   8732  3127     8581,6250   493     8609,4300     7620,0000  2006097   11,49%
   9008  3251     8262,9000   616     8609,4300     7620,0000  2064062   11,49%
   9291  3352     8588,3636   575     8609,4300     7620,0000  2114096   11,49%
   9536  3488     8606,1021   763     8609,4300     7620,0000  2184769   11,49%
   9848  3611     8608,6250   586     8609,4300     7620,0000  2255086   11,49%
Elapsed time = 103,32 sec. (43367,29 ticks, tree = 22,66 MB, solutions = 12)
  10154  3746     7637,9805   997     8609,4300     7620,0000  2315608   11,49%
* 10280  3859      integral     0     8609,0000     7620,0000  2360743   11,49%
  10453  3943        cutoff           8609,0000     7620,0000  2406160   11,49%
* 10585  4023      integral     0     8607,0000     7620,0000  2450181   11,47%
  10739  4087     7697,1667   537     8607,0000     7620,0000  2489598   11,47%
  11018  4238     8562,1667   585     8607,0000     7620,0000  2556442   11,47%
  11220  4345     7672,8081   759     8607,0000     7620,0000  2599094   11,47%
  11481  4412     8569,3571   480     8607,0000     7620,0000  2638596   11,47%
  11800  4497     8595,0000   799     8607,0000     7621,2912  2694948   11,45%
  12129  4677     8542,0000   500     8607,0000     7622,4363  2795560   11,44%
  12459  4893        cutoff           8607,0000     7624,4130  2887359   11,42%
  12750  4951     8587,4375   707     8607,0000     7625,8682  2922423   11,40%
Elapsed time = 131,18 sec. (52943,39 ticks, tree = 41,56 MB, solutions = 14)
  13074  5086     8596,5000   491     8607,0000     7628,7374  3005257   11,37%
  13398  5171     8314,6250   534     8607,0000     7630,2750  3055074   11,35%
  13737  5321     8235,1042   758     8607,0000     7631,5012  3127084   11,33%
  14013  5367     8212,2325   774     8607,0000     7633,8949  3162616   11,31%
  14209  5491     7729,1955   861     8607,0000     7636,3632  3249335   11,28%
  14399  5615        cutoff           8607,0000     7638,5971  3335555   11,25%
  14700  5650        cutoff           8607,0000     7639,9200  3369722   11,24%
  15000  5725     8172,0000   375     8607,0000     7641,0159  3426943   11,22%
  15299  5772     7818,1104   724     8607,0000     7642,1100  3452065   11,21%
  15594  5898     7671,9783   571     8607,0000     7644,4681  3527574   11,18%
Elapsed time = 160,08 sec. (62520,52 ticks, tree = 52,60 MB, solutions = 14)
  15895  6000     8572,7727   587     8607,0000     7646,2833  3603360   11,16%
  16192  6154        cutoff           8607,0000     7647,9482  3715911   11,14%
  16482  6217     8552,1667   239     8607,0000     7648,7281  3761757   11,13%
  16795  6313        cutoff           8607,0000     7651,0299  3807971   11,11%
  17105  6413     8594,2187   575     8607,0000     7652,7105  3897260   11,09%
  17433  6540     8136,6368   752     8607,0000     7653,5000  4013987   11,08%
  17752  6605     7750,5000   669     8607,0000     7655,4074  4071684   11,06%
  18068  6623        cutoff           8607,0000     7656,8667  4098047   11,04%
  18326  6727     8203,2084   973     8607,0000     7658,8585  4175915   11,02%
  18522  6798     8577,1667   633     8607,0000     7660,9400  4244941   10,99%
Elapsed time = 188,84 sec. (72114,62 ticks, tree = 65,16 MB, solutions = 14)
  18789  6894        cutoff           8607,0000     7663,1384  4337488   10,97%
  19101  6946     8588,1500   515     8607,0000     7665,6528  4374616   10,94%
  19467  6974     7784,7619   871     8607,0000     7666,8389  4415854   10,92%
  19766  7067        cutoff           8607,0000     7667,8690  4486315   10,91%
  20070  7165        cutoff           8607,0000     7669,7985  4600058   10,89%
  20389  7192        cutoff           8607,0000     7670,8333  4614691   10,88%
  20686  7214     8213,6667   606     8607,0000     7673,1017  4646441   10,85%
  20988  7287     7700,7700   617     8607,0000     7674,6882  4723734   10,83%
  21310  7382        cutoff           8607,0000     7677,3867  4838545   10,80%
  21659  7470        cutoff           8607,0000     7679,1212  4932337   10,78%
Elapsed time = 215,55 sec. (81679,80 ticks, tree = 71,24 MB, solutions = 14)
  21993  7544     8202,0000   430     8607,0000     7679,8201  5000237   10,77%
  22241  7599     8540,8650   401     8607,0000     7682,0000  5094663   10,75%
  22461  7631     8170,0000   259     8607,0000     7683,3478  5136815   10,73%
  22758  7637        cutoff           8607,0000     7685,1674  5149008   10,71%
  23066  7673        cutoff           8607,0000     7687,5481  5229441   10,68%
  23395  7694     7766,0312   839     8607,0000     7689,7016  5253669   10,66%
  23715  7755        cutoff           8607,0000     7691,5160  5348534   10,64%
  24073  7806     8604,1433   246     8607,0000     7692,7667  5452455   10,62%
  24393  7831     8306,2500   564     8607,0000     7694,5278  5505036   10,60%
  24709  7866        cutoff           8607,0000     7696,2857  5570798   10,58%
Elapsed time = 244,68 sec. (91253,27 ticks, tree = 79,05 MB, solutions = 14)
  25015  7860        cutoff           8607,0000     7698,6698  5596503   10,55%
  25324  7875     7728,3472   535     8607,0000     7700,0000  5676717   10,54%
  25662  7870     7739,2769   630     8607,0000     7702,9533  5735033   10,50%
  26005  7901        cutoff           8607,0000     7704,5250  5881177   10,49%
  26326  7906     8214,1587   892     8607,0000     7707,9532  5915996   10,45%
  26642  7935        cutoff           8607,0000     7709,3810  6026209   10,43%
  26915  7936        cutoff           8607,0000     7712,3611  6032533   10,39%
  27183  7973        cutoff           8607,0000     7713,5714  6080362   10,38%
  27395  8011        cutoff           8607,0000     7716,6795  6241835   10,34%
  28712  8050     7858,3830   632     8607,0000     7727,4900  6441736   10,22%
Elapsed time = 282,85 sec. (103672,14 ticks, tree = 78,98 MB, solutions = 14)
  30159  8050        cutoff           8607,0000     7735,0000  6743350   10,13%
  31667  7940     8322,6875   594     8607,0000     7746,0000  6975897   10,00%
  33235  7843        cutoff           8607,0000     7760,6978  7218018    9,83%
  34916  7590        cutoff           8607,0000     7780,0000  7616774    9,61%
  36383  7415     8410,3750   529     8607,0000     7800,2222  7813240    9,37%
  38402  7015     8318,3750   486     8607,0000     7929,8889  8176964    7,87%
  40219  6860        cutoff           8607,0000     8051,0000  8469133    6,46%
  42045  6336        cutoff           8607,0000     8127,9821  8788067    5,57%

Performing restart 2

Repeating presolve.
Tried aggregator 2 times.
MIP Presolve eliminated 6 rows and 137 columns.
Aggregator did 4 substitutions.
Reduced MIP has 1958 rows, 7315 columns, and 16567 nonzeros.
Reduced MIP has 7307 binaries, 8 generals, 0 SOSs, and 0 indicators.
Presolve time = 0,02 sec. (12,10 ticks)
Tried aggregator 1 time.
Reduced MIP has 1958 rows, 7315 columns, and 16567 nonzeros.
Reduced MIP has 7307 binaries, 8 generals, 0 SOSs, and 0 indicators.
Presolve time = 0,02 sec. (12,98 ticks)
Represolve time = 0,51 sec. (258,09 ticks)
  42106     0     7538,2295  1516     8607,0000  ZeroHalf: 10  8849188    5,53%
  42106     0     7539,4662  1498     8607,0000      Cuts: 10  8849535    5,53%
  42106     0     7540,0102  1561     8607,0000   ZeroHalf: 4  8849658    5,53%
  42106     0     7540,7039  1547     8607,0000   ZeroHalf: 5  8849773    5,53%
  42106     0     7540,8427  1530     8607,0000   ZeroHalf: 3  8849860    5,53%
  42106     0     7541,9273  1548     8607,0000  ZeroHalf: 11  8850118    5,53%
  42106     0     7542,0150  1559     8607,0000   ZeroHalf: 3  8850221    5,53%
  42106     0     7544,8026  1500     8607,0000  ZeroHalf: 12  8850623    5,53%
  42106     0     7545,2019  1530     8607,0000   ZeroHalf: 6  8850727    5,53%
  42106     0     7545,4259  1508     8607,0000   ZeroHalf: 8  8850865    5,53%
  42106     0     7545,9421  1525     8607,0000  ZeroHalf: 21  8851058    5,53%
  42106     2     7545,9421  1525     8607,0000     8130,9333  8851058    5,53%
  42454   271     7575,8033  1210     8607,0000     8130,9333  8988945    5,53%
Elapsed time = 397,82 sec. (150381,23 ticks, tree = 1,00 MB, solutions = 14)
  43606  1075     8206,2022   600     8607,0000     8130,9333  9160295    5,53%
  44470  1700     8172,1786   756     8607,0000     8130,9333  9339952    5,53%
  45217  2123     7650,9247   822     8607,0000     8130,9333  9563322    5,53%
  45975  2453     8601,0290   731     8607,0000     8130,9333  9788813    5,53%
  46748  2813        cutoff           8607,0000     8130,9333 10027020    5,53%
  47567  3103     8135,0833   589     8607,0000     8130,9333 10252326    5,53%
  48407  3364        cutoff           8607,0000     8130,9333 10463095    5,53%
  49289  3599     7707,6914   757     8607,0000     8130,9333 10671339    5,53%
  50175  3913     8575,0000   939     8607,0000     8130,9333 10931362    5,53%
  51150  4182        cutoff           8607,0000     8130,9333 11177688    5,53%
Elapsed time = 519,47 sec. (188598,26 ticks, tree = 47,76 MB, solutions = 14)
  52146  4406        cutoff           8607,0000     8130,9333 11384798    5,53%
  53201  4653     7815,8571   391     8607,0000     8130,9333 11639753    5,53%
  54259  4745     8205,5000   429     8607,0000     8130,9333 11876957    5,53%
  55495  4857     7872,6815   658     8607,0000     8130,9333 12184135    5,53%
  56747  4864     8583,0886   896     8607,0000     8130,9333 12443436    5,53%
  58113  4757     7985,0000   204     8607,0000     8130,9333 12724088    5,53%
  59591  4532     8365,9333   663     8607,0000     8130,9333 13001379    5,53%
  61062  4235     8543,5635   822     8607,0000     8130,9333 13241766    5,53%
  62895  3661        cutoff           8607,0000     8134,5115 13533586    5,49%
  65352  1982     8605,0000   535     8607,0000     8442,6250 13826267    1,91%
Elapsed time = 639,50 sec. (226774,05 ticks, tree = 13,89 MB, solutions = 14)
  67121  1628        cutoff           8607,0000     8542,4581 14091657    0,75%

Zero-half cuts applied:  139
Lift and project cuts applied:  2
Gomory fractional cuts applied:  6

Root node processing (before b&c):
  Real time             =    8,83 sec. (4797,34 ticks)
Parallel b&c, 12 threads:
  Real time             =  654,75 sec. (229436,89 ticks)
  Sync time (average)   =   88,04 sec.
  Wait time (average)   =    0,03 sec.
                          ------------
Total (root+branch&cut) =  663,58 sec. (234234,22 ticks)

