
Version identifier: 22.1.1.0 | 2022-11-28 | 9160aff4d
CPXPARAM_MultiObjective_Display                  0
CPXPARAM_TimeLimit                               2000000
CPXPARAM_WorkMem                                 8192
CPXPARAM_DetTimeLimit                            2000000
Found incumbent of value 253000,000000 after 0,07 sec. (51,92 ticks)
Tried aggregator 3 times.
MIP Presolve eliminated 114991 rows and 1078261 columns.
Aggregator did 1341 substitutions.
Reduced MIP has 6083 rows, 32830 columns, and 71989 nonzeros.
Reduced MIP has 32799 binaries, 31 generals, 0 SOSs, and 0 indicators.
Presolve time = 0,85 sec. (631,42 ticks)
Tried aggregator 2 times.
Detecting symmetries...
Aggregator did 15 substitutions.
Reduced MIP has 6068 rows, 32815 columns, and 71959 nonzeros.
Reduced MIP has 32799 binaries, 16 generals, 0 SOSs, and 0 indicators.
Presolve time = 0,06 sec. (66,40 ticks)
Probing time = 0,07 sec. (14,35 ticks)
Clique table members: 40115.
MIP emphasis: balance optimality and feasibility.
MIP search method: dynamic search.
Parallel mode: deterministic, using up to 12 threads.
Root relaxation solution time = 0,93 sec. (592,93 ticks)

        Nodes                                         Cuts/
   Node  Left     Objective  IInf  Best Integer    Best Bound    ItCnt     Gap

*     0+    0                       253000,0000 -2061604,0000           914,86%
      0     0    21255,2983  2486   253000,0000    21255,2983       43   91,60%
      0     0    21407,5349  2836   253000,0000      Cuts: 25     2040   91,54%
*     0+    0                       148614,4581    21407,5349            85,60%
*     0+    0                        60356,3516    21407,5349            64,53%
      0     0    21429,3669  2778    60356,3516  ZeroHalf: 14     2644   64,50%
      0     0    21448,9682  2833    60356,3516   ZeroHalf: 4     3223   64,46%
*     0+    0                        45066,2808    21448,9682            52,41%
      0     0  -1,00000e+75     0    45066,2808    21448,9682     3223   52,41%
      0     0    21500,7507  2786    45066,2808  ZeroHalf: 13     3968   52,29%
      0     0    21549,1196  2930    45066,2808      Cuts: 21     5044   52,18%
Detecting symmetries...
      0     0    21590,1330  2912    45066,2808  ZeroHalf: 20     5909   52,09%
      0     0    21612,7578  2990    45066,2808      Cuts: 11     6310   52,04%
      0     0    21618,9120  2914    45066,2808   ZeroHalf: 3     6613   52,03%
      0     0    21621,7150  2947    45066,2808   ZeroHalf: 8     6827   52,02%
      0     0    21621,8610  2926    45066,2808   ZeroHalf: 1     6899   52,02%
      0     0    21622,8325  2951    45066,2808   ZeroHalf: 1     7004   52,02%
*     0+    0                        41888,4503    21622,8325            48,38%
Detecting symmetries...
      0     2    21622,8325  2951    41888,4503    21622,8325     7004   48,38%
Elapsed time = 49,46 sec. (25330,95 ticks, tree = 0,02 MB, solutions = 4)
      1     3    21639,9661  2921    41888,4503    21622,8367     7929   48,38%
      2     4    21682,1961  2886    41888,4503    21622,8367     8998   48,38%
      3     3    21725,3029  2685    41888,4503    21622,8367     9103   48,38%
      6     6    21761,3405  2716    41888,4503    21640,0329    12510   48,34%
      8     8    21762,2571  2783    41888,4503    21682,8786    15040   48,24%
     12    13    21778,1404  2776    41888,4503    21697,5454    21191   48,20%
     14    11    21774,1470  2815    41888,4503    21697,5454    18403   48,20%
     21    17    21788,6815  2911    41888,4503    21725,3809    25927   48,14%
     26    21    21807,1660  2710    41888,4503    21732,2114    28728   48,12%
     49    36    21898,3266  2295    41888,4503    21732,2114    40214   48,12%
Elapsed time = 68,85 sec. (30917,38 ticks, tree = 0,84 MB, solutions = 4)
     65    54    21948,9888  2153    41888,4503    21732,2114    49226   48,12%
     73    63    22192,3816  2238    41888,4503    21732,2114    60418   48,12%
     81    10    21923,0958  2359    41888,4503    21732,2114    17946   48,12%
     90    12    21817,9550  2945    41888,4503    21732,2114    21086   48,12%
    103    94    22103,9445  1957    41888,4503    21732,2114   119283   48,12%
    119   101    22075,0617  2272    41888,4503    21732,2114   140497   48,12%
    133   118    22727,5591  1996    41888,4503    21732,2114   171201   48,12%
    150   124    22843,2223  1784    41888,4503    21732,2114   180462   48,12%
    169   140    22360,7860  2053    41888,4503    21732,2114   200223   48,12%
    190   144    22764,2195  1760    41888,4503    21732,2114   203816   48,12%
Elapsed time = 131,06 sec. (41960,14 ticks, tree = 2,89 MB, solutions = 4)
    214   182    23306,6802  1645    41888,4503    21732,2114   241491   48,12%
    234   193    22871,3496  1563    41888,4503    21732,2114   254237   48,12%
*   240+  162                        28502,1848    21732,2114            23,75%
*   247+  190                        25116,3815    21732,2114            13,47%
    258   203    22490,5649  2169    25116,3815    21732,2114   261785   13,47%
    292   240    23172,3470  1266    25116,3815    21732,2114   286264   13,47%
*   330   259      integral     0    24262,7725    21732,2114   296641   10,43%
    338   268    23030,5033  1578    24262,7725    21732,2114   303507   10,43%
    361   308    21964,4478  2551    24262,7725    21732,2114   327897   10,43%
    402   344    23242,2998  1040    24262,7725    21732,2114   346355   10,43%
    436   330    23727,6866  1378    24262,7725    21732,2114   341491   10,43%
    479   406    23817,0808  1313    24262,7725    21732,2114   385484   10,43%
    525   410    24192,2373  1094    24262,7725    21746,2365   387863   10,37%
Elapsed time = 201,43 sec. (51686,30 ticks, tree = 12,36 MB, solutions = 12)
    558   452    23593,7886  1306    24262,7725    21746,2365   413912   10,37%
    587   443    22017,4941  2416    24262,7725    21746,2365   410815   10,37%
    618   464    23860,2904  1080    24262,7725    21746,2365   417872   10,37%
    649   514    22679,3850  2043    24262,7725    21778,5565   457468   10,24%
    671   517    22243,0211  2289    24262,7725    21807,3459   459097   10,12%
    689   460    22981,8202  1885    24262,7725    21807,3459   423388   10,12%
    713   564    22156,6979  2060    24262,7725    21807,3459   477655   10,12%
    734   604    21997,1960  2386    24262,7725    21807,3459   509853   10,12%
    753   606    22065,6200  2350    24262,7725    21814,8889   511369   10,09%
    776   611    22499,6353  2057    24262,7725    21814,8889   517795   10,09%
Elapsed time = 271,45 sec. (61615,94 ticks, tree = 23,35 MB, solutions = 12)
    804   676    22283,9633  1960    24262,7725    21814,8889   565745   10,09%
    849   673    23000,8249  1789    24262,7725    21814,8889   562201   10,09%
    878   696    23028,9370  1732    24262,7725    21814,8889   585228   10,09%
    911   713    23282,1825  1513    24262,7725    21814,8889   597776   10,09%
    946   781    23283,0481  1323    24262,7725    21814,8889   625949   10,09%
    980   742    23548,4541  1524    24262,7725    21814,8889   613258   10,09%
   1030   851    23985,1056  1073    24262,7725    21814,8889   674972   10,09%
*  1066   792      integral     0    23699,7020    21814,8889   631060    7,95%
   1110   805    23700,9413  1045    23699,7020    21814,8889   643468    7,95%
   1133   726    22116,5459  2540    23699,7020    21823,9272   700082    7,91%
   1151   890    22632,3937  1955    23699,7020    21823,9272   694321    7,91%
Elapsed time = 341,16 sec. (71285,99 ticks, tree = 39,82 MB, solutions = 15)
   1172   765    23497,7403  1352    23699,7020    21823,9272   729715    7,91%
   1197   776    23409,1098  1437    23699,7020    21823,9272   737886    7,91%
   1232   782    23545,5753  1112    23699,7020    21823,9272   740129    7,91%
   1266   746    22816,6200  2042    23699,7020    21823,9272   721083    7,91%
   1292   793    21887,8713  2539    23699,7020    21823,9272   749900    7,91%
   1320   819    22889,6229  1970    23699,7020    21829,2787   774474    7,89%
   1351   838    22880,5691  2146    23699,7020    21829,2787   795737    7,89%
   1385   936    23634,0748  1496    23699,7020    21829,2787   851893    7,89%
   1415   943    22147,9238  2366    23699,7020    21829,2787   862433    7,89%
   1442   988    23220,8379  2066    23699,7020    21829,2787   887374    7,89%
Elapsed time = 413,37 sec. (81155,79 ticks, tree = 44,10 MB, solutions = 15)
   1471   939    22189,6237  2420    23699,7020    21842,8245   856450    7,84%
   1503   962        cutoff          23699,7020    21842,8245   873185    7,84%
   1525   999    23587,6181  1701    23699,7020    21842,8245   893009    7,84%
   1557  1010        cutoff          23699,7020    21842,8245   907449    7,84%
   1583  1005    23180,8336  2017    23699,7020    21842,8245   899500    7,84%
   1606  1058    23024,5896  2019    23699,7020    21842,8245   944769    7,84%
   1633  1031    23507,6373  1658    23699,7020    21842,8245   920718    7,84%
   1662  1103    22526,3942  1988    23699,7020    21842,8245   979849    7,84%
   1687  1179    22241,7312  2533    23699,7020    21842,8245  1035236    7,84%
   1716  1176        cutoff          23699,7020    21842,8245  1030362    7,84%
Elapsed time = 485,12 sec. (91039,08 ticks, tree = 56,41 MB, solutions = 15)
   1746  1151    22107,3782  2533    23699,7020    21842,8245  1013409    7,84%
   1779  1238    23084,0138  1742    23699,7020    21842,8245  1077369    7,84%
   1806  1183    22149,3187  2121    23699,7020    21842,8245  1034937    7,84%
   1837  1212    23634,1917  1990    23699,7020    21842,8245  1058096    7,84%
   1859  1304    23289,0981  2004    23699,7020    21842,8245  1133564    7,84%
   1896  1286    22582,2210  2064    23699,7020    21865,0703  1120619    7,74%
   1931  1279    22058,3155  2426    23699,7020    21865,0703  1115777    7,74%
   1959  1361    22321,1475  2293    23699,7020    21865,0703  1171733    7,74%
   1990  1441    23330,5410  1878    23699,7020    21866,8593  1223760    7,73%
   2011  1444    23398,7577  1841    23699,7020    21866,8593  1225025    7,73%
Elapsed time = 558,45 sec. (101136,42 ticks, tree = 72,44 MB, solutions = 15)
   2049  1475    22747,5836  2017    23699,7020    21866,8593  1248770    7,73%
   2083  1434    23487,8602  1773    23699,7020    21866,8593  1218249    7,73%
   2113  1526    23645,4599  1552    23699,7020    21866,8593  1283075    7,73%
   2140  1533    22446,4560  2121    23699,7020    21875,0779  1292858    7,70%
   2169  1489    23235,2702  1803    23699,7020    21875,0779  1255558    7,70%
   2204  1613    22675,1191  2491    23699,7020    21875,0779  1343236    7,70%
   2228  1511    23497,3079  2056    23699,7020    21875,0779  1270598    7,70%
   2258  1638    23689,0734  1390    23699,7020    21878,1181  1354040    7,69%
   2282  1662    23449,2543  1820    23699,7020    21878,1181  1367501    7,69%
   2310  1709    23457,4654  2032    23699,7020    21878,1181  1396797    7,69%
Elapsed time = 630,09 sec. (110892,46 ticks, tree = 89,08 MB, solutions = 15)
   2343  1747    22852,9443  2194    23699,7020    21880,1287  1430761    7,68%
   2375  1722    23330,1617  1448    23699,7020    21880,1287  1408249    7,68%
   2404  1728    23665,3539  1317    23699,7020    21880,3228  1410502    7,68%
   2432  1837    23645,9681  1790    23699,7020    21880,3228  1490373    7,68%
   2458  1765    22334,6689  2145    23699,7020    21880,3228  1446735    7,68%
   2489  1887    23584,8051  1668    23699,7020    21881,4378  1518003    7,67%
   2518  1915    22894,1235  1824    23699,7020    21882,8726  1540487    7,67%
   2552  1870    22635,4354  1872    23699,7020    21882,8726  1511663    7,67%
   2591  1963    23227,5174  1894    23699,7020    21882,8726  1575771    7,67%
   2726  1986    22720,7708  1978    23699,7020    21887,9919  1597669    7,64%
Elapsed time = 723,29 sec. (123657,12 ticks, tree = 105,95 MB, solutions = 15)
   2832  2054    22355,8537  2061    23699,7020    21888,5293  1644793    7,64%
   2934  2247    22969,0615  1910    23699,7020    21888,5293  1771134    7,64%
   3103  2350    23653,7968  1632    23699,7020    21894,8980  1841360    7,62%
   3253  2448    22425,4726  2169    23699,7020    21898,4104  1892927    7,60%
   3366  2497    23608,7711  1826    23699,7020    21901,0053  1925914    7,59%
   3512  2632    22722,7969  1862    23699,7020    21907,1260  2021494    7,56%
   3649  2868    23133,3654  1845    23699,7020    21907,3050  2159124    7,56%
   3784  2921    22411,0278  2466    23699,7020    21912,0609  2192528    7,54%
   3895  2996    23401,0384  1790    23699,7020    21915,6085  2245226    7,53%

Performing restart 1

Repeating presolve.
Tried aggregator 1 time.
MIP Presolve eliminated 8 rows and 197 columns.
Reduced MIP has 6060 rows, 32618 columns, and 71554 nonzeros.
Reduced MIP has 32602 binaries, 16 generals, 0 SOSs, and 0 indicators.
Presolve time = 0,05 sec. (43,27 ticks)
Tried aggregator 1 time.
Reduced MIP has 6060 rows, 32618 columns, and 71554 nonzeros.
Reduced MIP has 32602 binaries, 16 generals, 0 SOSs, and 0 indicators.
Presolve time = 0,07 sec. (53,59 ticks)
Represolve time = 1,39 sec. (957,36 ticks)
   3930     0    21679,5702  3021    23699,7020  ZeroHalf: 10  2401993    7,53%
   3930     0    21687,5486  3049    23699,7020       Cuts: 6  2402512    7,53%
   3930     0    21690,2968  3024    23699,7020   ZeroHalf: 3  2402707    7,53%
   3930     0    21708,2357  3052    23699,7020  ZeroHalf: 14  2403381    7,53%
   3930     0    21717,3762  3152    23699,7020       Cuts: 9  2403869    7,53%
   3930     2    21717,3762  3152    23699,7020    21915,6468  2403869    7,53%
Elapsed time = 1064,07 sec. (212660,02 ticks, tree = 0,02 MB, solutions = 15)
   3931     3    21861,0864  3035    23699,7020    21915,6468  2406909    7,53%
   3943     4    22130,7154  2833    23699,7020    21915,6468  2409884    7,53%
   3992    28    22592,1254  2412    23699,7020    21915,6468  2440271    7,53%
   4031    90    21848,0484  2769    23699,7020    21915,6468  2516720    7,53%
   4075   114    23639,9952  2458    23699,7020    21915,6468  2551561    7,53%
   4114   150    23311,5576  2542    23699,7020    21915,6468  2610437    7,53%
   4174   187    21846,8555  2917    23699,7020    21915,6468  2704070    7,53%
   4227   261    21856,8065  2845    23699,7020    21915,6468  2782950    7,53%
   4294   289    22123,6588  2698    23699,7020    21915,6468  2817602    7,53%
   4348   311    22828,8504  2528    23699,7020    21915,6468  2845368    7,53%
Elapsed time = 1279,05 sec. (251397,22 ticks, tree = 5,87 MB, solutions = 15)
   4407   396    22512,0132  2495    23699,7020    21915,6468  2920960    7,53%
   4446   408    22247,9594  2518    23699,7020    21915,6468  2936514    7,53%
   4478   458    22907,8572  2574    23699,7020    21915,6468  3006666    7,53%
   4567   504    22283,9260  2558    23699,7020    21915,6468  3061592    7,53%
   4680   520    23102,1350  2352    23699,7020    21915,6468  3072204    7,53%
   4776   687    23082,8937   905    23699,7020    21915,6468  3196838    7,53%
   4880   741    22830,1460  1877    23699,7020    21915,6468  3230709    7,53%
   5011   835    23153,6010  1035    23699,7020    21915,6468  3290457    7,53%
   5157   940    23399,8370  2165    23699,7020    21915,6468  3359047    7,53%
   5361   918    23323,8709  2059    23699,7020    21915,6468  3345079    7,53%
Elapsed time = 1540,89 sec. (289819,07 ticks, tree = 35,76 MB, solutions = 15)
   5536  1184    22996,5010  2384    23699,7020    21915,6468  3491718    7,53%
   5656  1321    22893,4226  2085    23699,7020    21915,6468  3558042    7,53%
   5792  1340    23521,7139  2027    23699,7020    21915,6468  3575022    7,53%
   5911  1539    23666,0177  1928    23699,7020    21915,6468  3712304    7,53%
   5979  1623    22895,0875   366    23699,7020    21915,6468  3771818    7,53%
   6059  1594    22474,1742  1738    23699,7020    21915,6468  3754539    7,53%
   6172  1771        cutoff          23699,7020    21915,6468  3882424    7,53%
   6323  1665    22524,5685  2547    23699,7020    21915,6468  3811843    7,53%
   6496  1813    23029,0251  2433    23699,7020    21915,6468  3922517    7,53%
   6567  1953    22685,8038  2302    23699,7020    21915,6468  4035567    7,53%
Elapsed time = 1808,35 sec. (328379,52 ticks, tree = 93,08 MB, solutions = 15)
   6693  2080    22833,6861  2046    23699,7020    21915,6468  4117047    7,53%
   6836  2234    22616,4830  2319    23699,7020    21915,6468  4228268    7,53%
   6998  2288    23374,5254  1790    23699,7020    21915,6468  4253650    7,53%
   7133  2468    22733,2955  2309    23699,7020    21915,6468  4367861    7,53%
   7254  2486    22921,3618  1962    23699,7020    21915,6468  4372835    7,53%
   7410  2744    23031,3907  1744    23699,7020    21915,6468  4515375    7,53%
   7546  2773    22768,8736  1696    23699,7020    21915,6468  4542015    7,53%
   7679  2906    23179,7403  2477    23699,7020    21915,6468  4653110    7,53%
   7789  2979    23536,8199  1278    23699,7020    21915,6468  4667850    7,53%
   7922  3114    23668,8482  2137    23699,7020    21915,6468  4777839    7,53%
Elapsed time = 2083,41 sec. (366712,97 ticks, tree = 139,74 MB, solutions = 15)
   8028  3094    23290,6996  1730    23699,7020    21915,6468  4773142    7,53%
   8124  3309    23140,2105  1401    23699,7020    21915,6468  4872580    7,53%
   8219  3454    23321,0073  1794    23699,7020    21915,6468  4957862    7,53%
   8451  3551        cutoff          23699,7020    21915,6468  4997650    7,53%
   8598  3596    23274,4263  1697    23699,7020    21915,6468  5010907    7,53%
   8765  3682    22860,1568  2418    23699,7020    21915,6468  5042475    7,53%
   8902  3792    23531,8841  1217    23699,7020    21915,6468  5101145    7,53%
   9020  4001    22894,6079  2532    23699,7020    21915,6468  5198642    7,53%
   9170  4108    23489,7714  2227    23699,7020    21915,6468  5256573    7,53%
   9344  4255        cutoff          23699,7020    21915,6468  5298279    7,53%
Elapsed time = 2341,70 sec. (405007,22 ticks, tree = 194,90 MB, solutions = 15)
   9429  4290    23615,9793  1903    23699,7020    21915,6468  5342019    7,53%
   9532  4508    22588,6202  2322    23699,7020    21929,4439  5464414    7,47%
   9676  4625    23524,5142   965    23699,7020    21929,4439  5540659    7,47%
   9840  4763    23429,0866   785    23699,7020    21929,4439  5628158    7,47%
   9983  4869    23289,4742  1734    23699,7020    21936,7287  5696074    7,44%
  10133  4908    22631,5107  2300    23699,7020    21936,7287  5733366    7,44%
  10319  5038    22825,7816  2098    23699,7020    21948,2135  5808612    7,39%
  10497  5203    23530,5668  1345    23699,7020    21948,2515  5882438    7,39%
  10643  5232    23195,0716  2246    23699,7020    21948,2515  5904070    7,39%
  10811  5353    22594,1005  2308    23699,7020    21948,2515  5942620    7,39%
Elapsed time = 2608,82 sec. (443429,46 ticks, tree = 253,03 MB, solutions = 15)
  10907  5655        cutoff          23699,7020    21948,2515  6076301    7,39%
  10988  5722    22937,5100  2045    23699,7020    21948,2515  6113940    7,39%
  11060  5916        cutoff          23699,7020    21948,2515  6207734    7,39%
  11192  6041    23271,8043  1829    23699,7020    21948,2515  6259619    7,39%
  11321  6063    23500,2422  1931    23699,7020    21974,8414  6283946    7,28%
  11442  6199    23356,6798  2876    23699,7020    21974,8414  6348750    7,28%
  11594  6231    23610,9747  1465    23699,7020    21974,8414  6367837    7,28%
  11791  6373    22777,4340  2225    23699,7020    21974,8414  6461438    7,28%
  11928  6388    23008,5002  1991    23699,7020    21974,8414  6467171    7,28%
  12055  6725    22904,7498  1866    23699,7020    21982,3359  6655625    7,25%
Elapsed time = 2880,27 sec. (482010,83 ticks, tree = 319,70 MB, solutions = 15)
  12210  6745    23165,5982  1528    23699,7020    21982,3359  6662073    7,25%
  12380  6910    23452,4055  1977    23699,7020    21982,3359  6723259    7,25%
  12524  7111    23069,6574  2492    23699,7020    21982,3359  6822360    7,25%
  12617  7279    23356,8565  1588    23699,7020    22033,6215  6918079    7,03%
  12767  7347    23077,0319  2416    23699,7020    22033,6215  6966896    7,03%
  12908  7338    22832,8073  1961    23699,7020    22040,5451  6953985    7,00%
  13040  7480    23694,5822  1553    23699,7020    22043,6915  7001297    6,99%
  13142  7513    22627,2697  2482    23699,7020    22043,6915  7075006    6,99%
  13240  7652    23126,6364  2336    23699,7020    22060,9117  7137604    6,91%
  13297  7795    22832,6837  2317    23699,7020    22060,9117  7193459    6,91%
Elapsed time = 3170,81 sec. (520726,26 ticks, tree = 349,09 MB, solutions = 15)
  13413  8009    23629,8051  2184    23699,7020    22062,7038  7315882    6,91%
  13522  8134    23207,7651  1740    23699,7020    22067,0869  7374906    6,89%
  13714  8170    23563,5238  1755    23699,7020    22067,5457  7381658    6,89%
  13862  8106    22729,9007  2434    23699,7020    22067,6496  7371868    6,89%
  14007  8442    23287,3909  1307    23699,7020    22083,7044  7521215    6,82%
  14180  8625        cutoff          23699,7020    22086,1934  7637318    6,81%
  14325  8715    23320,5405  1616    23699,7020    22089,4314  7695237    6,79%
  14496  8891    22856,7849  2073    23699,7020    22089,4314  7744379    6,79%
  14595  8677    23607,2040  1928    23699,7020    22104,9723  7694849    6,73%
  14732  8989    23127,5369  2328    23699,7020    22104,9723  7792509    6,73%
Elapsed time = 3420,01 sec. (559101,67 ticks, tree = 420,14 MB, solutions = 15)
  14800  9276    22785,8623  2286    23699,7020    22125,8739  7953045    6,64%
  14917  9291    22952,2185  1794    23699,7020    22127,3823  7958828    6,63%
  15073  9373    23518,6293  1191    23699,7020    22127,3823  7973903    6,63%
  15160  9376    23059,6524  2183    23699,7020    22127,3823  8039428    6,63%
  15245  9442    23036,1619  2151    23699,7020    22147,0086  8109235    6,55%
  15353  9629    23215,1523  1867    23699,7020    22153,7569  8202646    6,52%
  15530  9806    23482,2699  1624    23699,7020    22153,7569  8306772    6,52%
  15712 10010    23608,6682  1642    23699,7020    22153,7569  8406416    6,52%
  15891  9864    23350,2689  1826    23699,7020    22153,7569  8340604    6,52%
  15975 10145    23647,5630  2046    23699,7020    22157,0687  8495280    6,51%
Elapsed time = 3705,65 sec. (597537,92 ticks, tree = 476,46 MB, solutions = 15)
  16082 10109    23169,8179  2016    23699,7020    22164,4182  8485864    6,48%
  16117 10352    23540,5557  1999    23699,7020    22164,4182  8568398    6,48%
  16173 10338    22915,3182  2392    23699,7020    22167,1766  8555992    6,47%
  16272 10481    23252,1682  2490    23699,7020    22169,8348  8673063    6,46%
  16353 10580    22491,8104  2726    23699,7020    22169,8348  8756936    6,46%
  16420 10632    22986,5902  1922    23699,7020    22177,0212  8771319    6,42%
  16552 10867    23608,0080  1586    23699,7020    22185,0695  8926699    6,39%
  16695 10710    22975,7076  2544    23699,7020    22185,0695  8835504    6,39%
  16853 10786    23172,6535  2123    23699,7020    22185,0695  8891579    6,39%
  16991 11086    23300,8169  2072    23699,7020    22185,0695  9059287    6,39%
Elapsed time = 3952,58 sec. (636256,24 ticks, tree = 522,79 MB, solutions = 15)
  17178 11061    23683,6631  1466    23699,7020    22199,9733  8992303    6,33%
  17311 11139    22920,4567  2046    23699,7020    22199,9733  9102413    6,33%
  17428 11453    23323,2604  1599    23699,7020    22220,6009  9249183    6,24%
  17580 11571    23582,6465  1195    23699,7020    22227,7727  9292394    6,21%
  17696 11445    22989,7224  2387    23699,7020    22227,7727  9248911    6,21%
  17762 11625    22876,4039  2346    23699,7020    22227,7727  9334735    6,21%
  17860 11875    22714,4784  2522    23699,7020    22235,6607  9485442    6,18%
  17986 11792    23021,6268  1841    23699,7020    22235,6607  9409675    6,18%
  18150 12070    23547,7648  2054    23699,7020    22235,6607  9584182    6,18%
  18319 12202    23263,9711  1247    23699,7020    22235,6607  9679407    6,18%
Elapsed time = 4232,83 sec. (674670,12 ticks, tree = 568,12 MB, solutions = 15)
  18469 12213        cutoff          23699,7020    22235,6607  9720667    6,18%
  18563 12316    23274,1901  1911    23699,7020    22235,6607  9766174    6,18%
  18703 12370    22881,4334  2385    23699,7020    22235,6607  9790244    6,18%
  18779 12512    22789,9777  2859    23699,7020    22240,8678  9871583    6,16%
  18871 12594        cutoff          23699,7020    22244,1001  9920685    6,14%
  18968 12754    22912,0675  2555    23699,7020    22251,4446 10014037    6,11%
  19012 12940    23325,4919  2582    23699,7020    22251,4446 10171694    6,11%
  19065 12884    22612,6913  2222    23699,7020    22253,5690 10090195    6,10%
  19142 12979    23394,5593  1968    23699,7020    22256,3057 10212958    6,09%
  19225 12980        cutoff          23699,7020    22256,3057 10243741    6,09%
Elapsed time = 4521,60 sec. (713170,23 ticks, tree = 618,39 MB, solutions = 15)
  19286 13154    22798,3876  2917    23699,7020    22259,6900 10374261    6,08%
  19358 13241    23131,4905  2278    23699,7020    22259,6900 10425776    6,08%
  19438 13253    23366,5206  2048    23699,7020    22263,8836 10431699    6,06%
  19539 13277    23092,2084  2156    23699,7020    22263,8836 10461367    6,06%
  19624 13368    23150,3173  2443    23699,7020    22264,7680 10573640    6,05%
  19719 13324    22967,6808  2026    23699,7020    22266,9456 10516808    6,05%
  19787 13597    23582,1433  1854    23699,7020    22268,5588 10713887    6,04%
  19896 13541    23029,4284  2100    23699,7020    22271,1858 10701629    6,03%
  20009 13724    23407,8446  1607    23699,7020    22271,1858 10790505    6,03%
  20110 13806    23638,7682  1438    23699,7020    22273,4833 10906073    6,02%
Elapsed time = 4769,81 sec. (751530,85 ticks, tree = 653,42 MB, solutions = 15)
  20195 13768    23519,2216  1916    23699,7020    22273,4833 10869728    6,02%
  20300 13744    23612,6125  1231    23699,7020    22273,4833 10856496    6,02%
  20422 14065    22872,2511  1696    23699,7020    22273,4833 11095243    6,02%
  20541 14045    22706,2998  2505    23699,7020    22273,4833 11080692    6,02%
  20618 14252    23568,0561  1581    23699,7020    22273,4833 11221108    6,02%
  20710 14219    23524,0094  1667    23699,7020    22273,4833 11191945    6,02%
  20815 14196    23028,4727  2010    23699,7020    22276,9619 11174242    6,00%
  20906 14481    23128,9360  1886    23699,7020    22276,9619 11392330    6,00%
  20992 14405    23479,2560  1423    23699,7020    22287,9463 11340278    5,96%
  21095 14420    23492,7150  1855    23699,7020    22287,9463 11365673    5,96%
Elapsed time = 5046,09 sec. (790082,93 ticks, tree = 674,30 MB, solutions = 15)
  21232 14606    23266,7881  2124    23699,7020    22287,9463 11492513    5,96%
  21344 14758    22751,4597  2189    23699,7020    22293,6504 11658194    5,93%
  21419 14832    23315,0218  2320    23699,7020    22296,7544 11726482    5,92%
  21521 15029    23444,1450  1876    23699,7020    22296,7544 11836459    5,92%
  21673 15032    23177,7830  1611    23699,7020    22303,6095 11853081    5,89%
  21772 15171    23175,7486  2286    23699,7020    22303,6095 11933533    5,89%
  21844 15051    23333,3534  1851    23699,7020    22306,0004 11865512    5,88%
  21970 15164    22991,9709  2447    23699,7020    22307,9483 11924928    5,87%
  22038 15327    23525,0862  1821    23699,7020    22307,9483 12043724    5,87%
  22089 15498    22921,6674  2457    23699,7020    22311,0042 12181268    5,86%
Elapsed time = 5330,39 sec. (828582,77 ticks, tree = 740,55 MB, solutions = 15)
  22135 15453    23223,0447  2403    23699,7020    22311,0042 12139885    5,86%
  22216 15658    22857,2397  2405    23699,7020    22311,0042 12272749    5,86%
  22365 15671    23027,1701  2257    23699,7020    22311,0042 12278222    5,86%
  22511 15684    23211,2174  2278    23699,7020    22311,0042 12283888    5,86%
  22637 15722    23105,0211  2629    23699,7020    22311,0042 12339974    5,86%
  22704 15857    23244,0881  2638    23699,7020    22318,6190 12418111    5,83%
  22782 15930    22951,3618  2585    23699,7020    22318,6190 12451671    5,83%
  22857 16167    23108,3017  2481    23699,7020    22321,2246 12602125    5,82%
  22941 16177    23386,7590  2548    23699,7020    22323,0142 12607895    5,81%
  23029 16262    23429,0471  2579    23699,7020    22328,5115 12708544    5,79%
Elapsed time = 5602,77 sec. (867131,65 ticks, tree = 761,21 MB, solutions = 15)
  23125 16204    23384,9041   729    23699,7020    22331,2540 12644212    5,77%
  23235 16216    23586,6257  1263    23699,7020    22332,5925 12651856    5,77%
  23356 16435    23149,6832  2149    23699,7020    22333,0277 12825630    5,77%
  23476 16526    23362,7549  1825    23699,7020    22333,0277 12925352    5,77%
  23588 16432    23101,0726  2102    23699,7020    22333,0277 12860180    5,77%
  23717 16863    23317,2055  1681    23699,7020    22333,0277 13156969    5,77%
  23858 16990    22900,6960  2539    23699,7020    22342,4839 13232140    5,73%
  23953 16827    23489,5294  1930    23699,7020    22342,4839 13127195    5,73%
  24064 16948    23467,6935  1658    23699,7020    22342,4839 13220513    5,73%
  24183 17232    23439,0341  2392    23699,7020    22346,2115 13408953    5,71%
Elapsed time = 5875,02 sec. (905736,36 ticks, tree = 801,21 MB, solutions = 15)
  24249 16942    22695,1618  2888    23699,7020    22346,2115 13207247    5,71%
  24338 17398    23278,6523  2365    23699,7020    22346,2115 13519832    5,71%
  24439 17321    23324,3781  1924    23699,7020    22346,2115 13475735    5,71%
  24537 17368    23419,3042  2244    23699,7020    22353,1025 13505933    5,68%
  24622 17578    22920,6444  1994    23699,7020    22353,1025 13655108    5,68%
  24687 17618    22903,3170  2490    23699,7020    22353,1025 13702721    5,68%
  24799 17749        cutoff          23699,7020    22360,9424 13805241    5,65%
  24876 17834    23492,2905  1779    23699,7020    22360,9424 13882919    5,65%
  24955 17936        cutoff          23699,7020    22360,9424 13983597    5,65%
  25044 17850    23353,2572  2154    23699,7020    22360,9424 13919588    5,65%
Elapsed time = 6146,01 sec. (944386,94 ticks, tree = 830,26 MB, solutions = 15)
  25140 18010    23676,7512  2245    23699,7020    22361,0059 14040407    5,65%
  25223 18046    23576,0079  1785    23699,7020    22367,2146 14097354    5,62%
  25318 18103    23575,6701  1599    23699,7020    22367,2146 14124578    5,62%
  25426 18306    23588,9502  1092    23699,7020    22367,2146 14313880    5,62%
  25501 18143    23418,0842  1588    23699,7020    22367,2937 14164098    5,62%
  25620 18242    23556,0052  2345    23699,7020    22367,2937 14302768    5,62%
  25677 18609    23044,8301  2425    23699,7020    22367,2937 14567701    5,62%
  25743 18298    23362,5672  2262    23699,7020    22367,2937 14356037    5,62%
  25813 18369    23530,9613  2018    23699,7020    22370,3290 14406185    5,61%
  25921 18546    23517,8945  2672    23699,7020    22370,3290 14508331    5,61%
Elapsed time = 6436,17 sec. (982839,58 ticks, tree = 861,31 MB, solutions = 15)
  25990 18707        cutoff          23699,7020    22370,3290 14664066    5,61%
  26026 18790    22995,9978  2564    23699,7020    22370,3290 14762424    5,61%
  26079 18958        cutoff          23699,7020    22370,3290 14921461    5,61%
  26139 18845    23322,2420  2353    23699,7020    22385,9726 14797616    5,54%
  26237 18899    23293,5689  1983    23699,7020    22385,9726 14875065    5,54%
  26316 18911    23554,1107  1761    23699,7020    22385,9726 14881488    5,54%
  26442 19075    23551,9044  1674    23699,7020    22385,9726 15016656    5,54%
  26581 19200    23213,5626  2081    23699,7020    22385,9726 15123332    5,54%
  26690 19214    23415,7199  1817    23699,7020    22391,7022 15129299    5,52%
  26791 19228    23623,3629  1575    23699,7020    22391,7022 15134562    5,52%
Elapsed time = 6707,08 sec. (1021433,06 ticks, tree = 894,50 MB, solutions = 15)
  26868 19176    23276,2103  2254    23699,7020    22391,7022 15100007    5,52%
  26961 19531    23630,7175  2001    23699,7020    22399,3115 15327905    5,49%
  27072 19363    23205,0530  1980    23699,7020    22400,0455 15234171    5,48%
  27191 19693        cutoff          23699,7020    22408,6940 15470511    5,45%
  27330 19644    23576,2958  2064    23699,7020    22408,6940 15397230    5,45%
  27392 19551    23247,7341  2827    23699,7020    22408,7385 15322986    5,45%
  27448 19701    23339,1646  2456    23699,7020    22408,7385 15485434    5,45%
  27513 19905    23116,4598  2212    23699,7020    22408,7385 15615126    5,45%
  27589 20191    23196,5996  2033    23699,7020    22408,7385 15863526    5,45%
  27671 20198    23378,9412  2132    23699,7020    22408,7385 15869749    5,45%
Elapsed time = 6933,83 sec. (1060132,24 ticks, tree = 957,51 MB, solutions = 15)
  27764 20258    23399,8115  2209    23699,7020    22415,8541 15896095    5,42%
  27878 20336    23687,0183  1820    23699,7020    22416,8056 15988485    5,41%
  27949 20309    23484,0694  2386    23699,7020    22417,1592 15968116    5,41%
  28005 20317        cutoff          23699,7020    22417,1592 15974465    5,41%
  28064 20486    23585,0451  1675    23699,7020    22417,1592 16086562    5,41%
  28144 20531    23110,6539  2342    23699,7020    22417,1592 16147847    5,41%
  28241 20546    23635,6429  2028    23699,7020    22417,4982 16183574    5,41%
  28365 20636    23556,2716  2530    23699,7020    22423,4078 16270523    5,39%
  28507 20739    23664,8863  2313    23699,7020    22423,8527 16392291    5,38%
  28614 20885    23424,1998  1744    23699,7020    22424,8584 16542033    5,38%
Elapsed time = 7200,41 sec. (1098554,68 ticks, tree = 980,59 MB, solutions = 15)
  28686 20788    22885,0733  2586    23699,7020    22424,8584 16432858    5,38%
  28779 20857    23375,2173  2246    23699,7020    22424,8584 16520818    5,38%
  28874 20896    22936,5193  2495    23699,7020    22424,8584 16559112    5,38%
  28976 21199    23579,7682  1576    23699,7020    22424,8584 16762647    5,38%
  29097 21267    23557,5143  1797    23699,7020    22427,5539 16819379    5,37%
  29206 21427    23365,1291  1308    23699,7020    22432,3708 16971896    5,35%
  29335 21483    23205,5053  2432    23699,7020    22432,8141 17031325    5,35%
  29422 21491    23408,9670  2175    23699,7020    22433,1205 17036973    5,34%
  29512 21298    23365,5506  1901    23699,7020    22433,3816 16841451    5,34%
  29621 21430    23545,5664   983    23699,7020    22434,5952 16966657    5,34%
Elapsed time = 7470,09 sec. (1137068,97 ticks, tree = 1006,37 MB, solutions = 15)
  29712 21591    23623,1747  2211    23699,7020    22435,0166 17111574    5,34%
  29807 21798    23671,2631  1943    23699,7020    22435,7144 17268327    5,33%
  29881 21597    23155,4393  2255    23699,7020    22435,7144 17121929    5,33%
  29976 22074    23416,9948  1999    23699,7020    22435,7144 17455828    5,33%
  30099 22215    23618,5256  1591    23699,7020    22435,7144 17554366    5,33%
  30157 22093    22945,6454  2291    23699,7020    22435,7651 17468083    5,33%
  30204 22269        cutoff          23699,7020    22435,7651 17626253    5,33%
  30266 21988    23266,4295  2532    23699,7020    22435,7651 17414308    5,33%
  30342 22167        cutoff          23699,7020    22446,6962 17539155    5,29%
  30401 22248    23638,9416  1844    23699,7020    22446,6962 17572368    5,29%
Elapsed time = 7763,50 sec. (1176020,55 ticks, tree = 1054,26 MB, solutions = 15)
  30471 22354    23631,1308  1726    23699,7020    22446,6962 17694038    5,29%
  30532 22629    23264,9968  2464    23699,7020    22452,5739 17937793    5,26%
  30610 22515    23330,8385  2687    23699,7020    22454,8342 17858705    5,25%
  30685 22658    23644,0982  2039    23699,7020    22455,4052 17950261    5,25%
  30783 22719    23135,8614  1920    23699,7020    22458,7314 18029741    5,24%
  30872 22731    23345,8525  1655    23699,7020    22458,7314 18035781    5,24%
  30982 22882    23608,1320  1869    23699,7020    22459,3175 18147801    5,23%
  31074 22760    22945,6048  1952    23699,7020    22459,6786 18047773    5,23%
  31147 22731    23378,3223  2081    23699,7020    22461,3585 18039402    5,23%
  31258 22823        cutoff          23699,7020    22463,4518 18136960    5,22%
Elapsed time = 7993,20 sec. (1214472,09 ticks, tree = 1070,00 MB, solutions = 15)
  31340 23167    23351,1411  2125    23699,7020    22466,2710 18418263    5,20%
  31431 23118    23682,9433  1956    23699,7020    22466,2710 18392484    5,20%
  31564 23207    23553,6139  2148    23699,7020    22466,6980 18463255    5,20%
  31680 23082    23564,7170  2056    23699,7020    22467,2027 18343013    5,20%
  31766 23392    23312,5055  2078    23699,7020    22467,6645 18624949    5,20%
  31838 23318    23074,1981  1854    23699,7020    22468,8217 18574881    5,19%
  31947 23695        cutoff          23699,7020    22470,4737 18874305    5,19%
* 32059 23336      integral     0    23606,0378    22470,4737 18586440    4,81%
  32073 23655    23394,5189  1602    23606,0378    22470,4737 18810591    4,81%
  32174 23814    23446,3979  1773    23606,0378    22470,9082 18921103    4,81%
  32286 23685    23157,8617  1843    23606,0378    22470,9082 18856939    4,81%
Elapsed time = 8265,75 sec. (1253120,88 ticks, tree = 1126,15 MB, solutions = 16)
  32365 21252    23472,5395  2601    23606,0378    22470,9082 19016138    4,81%
  32457 23703    22623,9995  2922    23606,0378    22470,9082 18869094    4,81%
  32557 21334    23158,0654  1962    23606,0378    22470,9082 19095307    4,81%
  32651 21277    23454,8410  1689    23606,0378    22470,9082 19032793    4,81%
  32739 21603    23359,1874  1841    23606,0378    22475,2516 19348863    4,79%
  32828 21300        cutoff          23606,0378    22475,2516 19045784    4,79%
  32900 21703    23344,2121  1980    23606,0378    22475,6781 19450512    4,79%
  33005 21575    23135,5565  2243    23606,0378    22476,4876 19328440    4,79%
  33067 21808    23289,4862  2022    23606,0378    22476,5057 19535931    4,78%
  33136 22034    23136,1495  1901    23606,0378    22477,0461 19748885    4,78%
Elapsed time = 8532,09 sec. (1291468,54 ticks, tree = 1014,58 MB, solutions = 16)
  33236 21813        cutoff          23606,0378    22478,4145 19547636    4,78%
  33333 21940    23394,9013  1902    23606,0378    22481,9752 19658698    4,76%
  33471 21963    23604,9351  2216    23606,0378    22481,9752 19699935    4,76%
  33559 22205    23271,1010  1966    23606,0378    22484,0980 19935700    4,75%
  33659 22029    23191,2321  2057    23606,0378    22485,6045 19744512    4,75%
  33799 22170    23550,5158  1344    23606,0378    22486,1724 19890009    4,74%
  33920 22459    23421,4614  1736    23606,0378    22487,7016 20135336    4,74%
  33999 22670    23376,5004  1594    23606,0378    22488,6874 20319691    4,73%
  34092 22469    23121,4560  2314    23606,0378    22488,6874 20146104    4,73%
  34213 22277    23507,7843  2144    23606,0378    22488,6874 19970866    4,73%
Elapsed time = 8808,41 sec. (1330014,37 ticks, tree = 1027,18 MB, solutions = 16)
  34316 22816    23450,5299  2427    23606,0378    22493,1577 20434174    4,71%
  34415 22934    23248,1790  2144    23606,0378    22493,1577 20513801    4,71%
  34485 23020    23390,1963  2563    23606,0378    22494,7132 20585256    4,71%
  34576 22891    23303,5754  2288    23606,0378    22496,3541 20490467    4,70%
  34647 22896    23342,1114  2191    23606,0378    22496,9058 20496343    4,70%
  34716 23141    22828,0497  2627    23606,0378    22496,9058 20733723    4,70%
  34760 22819    22959,2889  2890    23606,0378    22496,9058 20431354    4,70%
  34828 23011    23605,4248  1870    23606,0378    22499,3133 20577945    4,69%
  34876 23237    23156,1775  2080    23606,0378    22499,3133 20810891    4,69%
  34949 23167    23273,7370  2102    23606,0378    22502,0607 20748807    4,68%
Elapsed time = 9092,44 sec. (1369001,62 ticks, tree = 1083,63 MB, solutions = 16)
  35030 23263    23522,0941  1811    23606,0378    22503,1059 20821490    4,67%
  35093 23470        cutoff          23606,0378    22503,1059 21007277    4,67%
  35161 23623    23272,7677  2606    23606,0378    22504,1023 21183726    4,67%
  35202 23516    23595,7416  2809    23606,0378    22504,1023 21077506    4,67%
  35261 23626    23150,0100  2066    23606,0378    22504,1023 21195170    4,67%
  35338 23754    23492,1126  2126    23606,0378    22504,1023 21290253    4,67%
  35428 23778    23352,1914  2198    23606,0378    22504,1023 21319613    4,67%
  35522 23849    23273,1998  2024    23606,0378    22504,1023 21433119    4,67%
  35609 23720    23343,6970  1681    23606,0378    22511,4610 21256875    4,64%
  35714 23794    23239,9197  2288    23606,0378    22511,4610 21371863    4,64%
Elapsed time = 9362,44 sec. (1407565,89 ticks, tree = 1112,30 MB, solutions = 16)
  35841 23909    23446,2495  2041    23606,0378    22511,4610 21475829    4,64%
  35949 23889    23589,8365  1613    23606,0378    22514,8956 21458097    4,62%
  36041 23872    23550,5861  2200    23606,0378    22514,8956 21440918    4,62%
  36122 23973    23396,7992  1727    23606,0378    22515,8310 21531279    4,62%
  36224 24413    23255,7979  2107    23606,0378    22517,0511 21910435    4,61%
  36307 24234    23187,6308  2113    23606,0378    22517,0511 21760107    4,61%
  36404 24384    23497,2024  1876    23606,0378    22517,2211 21880444    4,61%
  36493 24525    23306,7246  2006    23606,0378    22517,2211 22000463    4,61%
  36604 24456    23384,8774  1831    23606,0378    22518,5419 21933630    4,61%
  36713 24266    23392,6194  1908    23606,0378    22520,2492 21783622    4,60%
Elapsed time = 9618,02 sec. (1446109,46 ticks, tree = 1129,05 MB, solutions = 16)
  36790 24546    23365,6909  1852    23606,0378    22520,6588 22044795    4,60%
  36897 24547    23072,9360  2238    23606,0378    22522,4886 22024425    4,59%
  36986 24763    23555,6422  1901    23606,0378    22524,0218 22251785    4,58%
  37078 24805    23335,4641  2186    23606,0378    22524,4412 22292483    4,58%
  37196 24585    23554,8432  2014    23606,0378    22524,4412 22067811    4,58%
  37287 25059    23405,2551  1776    23606,0378    22524,9615 22500995    4,58%
  37361 25214    23371,3906  2058    23606,0378    22526,0354 22616626    4,58%
  37445 25116    23123,6150  2192    23606,0378    22527,1144 22540880    4,57%
  37515 25477        cutoff          23606,0378    22528,4597 22914185    4,56%
  37630 25390    23577,8732  1774    23606,0378    22528,4597 22791405    4,56%
Elapsed time = 9901,26 sec. (1484949,57 ticks, tree = 1194,80 MB, solutions = 16)
  37726 25578    23192,3392  1613    23606,0378    22529,9931 23002978    4,56%
  37805 25420    23234,3325  1958    23606,0378    22529,9931 22846567    4,56%
  37917 25396    23177,4181  1664    23606,0378    22530,5600 22808074    4,56%
  38013 25610        cutoff          23606,0378    22531,3155 23049205    4,55%
  38090 25489    23180,9001  2034    23606,0378    22533,2455 22904561    4,54%
  38203 25861        cutoff          23606,0378    22533,8178 23307921    4,54%
  38313 25862    23249,7717  2253    23606,0378    22534,7699 23313186    4,54%
  38427 25694    23214,4491  2389    23606,0378    22534,8846 23107646    4,54%
  38503 25847    23330,9679  1694    23606,0378    22534,9589 23244974    4,54%
  38674 25724    23603,5003  1879    23606,0378    22534,9589 23120363    4,54%
Elapsed time = 10180,13 sec. (1523519,64 ticks, tree = 1202,46 MB, solutions = 16)
  38748 25766    23004,6833  1728    23606,0378    22536,6068 23171437    4,53%
  38851 26165    23561,2208  2116    23606,0378    22537,7057 23502465    4,53%
  38940 26168    23258,9581  1960    23606,0378    22538,5032 23508255    4,52%
  39033 26185    23553,7286  1638    23606,0378    22540,0589 23514965    4,52%
  39123 26308    23359,8358  2175    23606,0378    22541,5480 23598123    4,51%
  39214 26251    23269,1342  2256    23606,0378    22541,7191 23572774    4,51%
  39310 26824    23391,5920  2113    23606,0378    22541,9473 24068504    4,51%
  39407 26693    23317,5271  2000    23606,0378    22541,9473 23947277    4,51%
  39477 26454    23188,0167  2037    23606,0378    22542,3504 23706969    4,51%
  39544 26884    23511,3265  1631    23606,0378    22544,5906 24114585    4,50%
Elapsed time = 10472,00 sec. (1562002,55 ticks, tree = 1265,70 MB, solutions = 16)
  39620 26746    23503,9611  2030    23606,0378    22545,2174 24000110    4,49%
  39676 26986        cutoff          23606,0378    22545,9097 24252081    4,49%
  39726 26989    23546,7120  1814    23606,0378    22547,4437 24214547    4,48%
  39769 27319    23304,9206  2073    23606,0378    22547,5803 24474858    4,48%
  39805 27344    23176,4004  2322    23606,0378    22547,6829 24502717    4,48%
  39888 26996    23558,1818  2267    23606,0378    22547,6829 24227098    4,48%
  39952 27404    23509,0157  2341    23606,0378    22548,9685 24585119    4,48%
  40006 27093    23496,7972  2219    23606,0378    22550,4367 24301677    4,47%
  40094 27467    23371,9638  1744    23606,0378    22550,4367 24642858    4,47%
  40206 27450    23469,6954  1705    23606,0378    22551,3678 24626794    4,47%
Elapsed time = 10775,53 sec. (1600790,22 ticks, tree = 1301,59 MB, solutions = 16)
  40263 27499    23257,2268  1830    23606,0378    22551,3678 24685244    4,47%
  40335 27459    23231,1470  2312    23606,0378    22551,3678 24638479    4,47%
  40404 27447    23509,1939  2370    23606,0378    22551,3678 24620367    4,47%
  40469 27480    23497,1247  1861    23606,0378    22551,3678 24650063    4,47%
  40552 27525    23346,4553  1950    23606,0378    22551,3678 24708330    4,47%
  40628 27569    23457,3119  2430    23606,0378    22551,3678 24754340    4,47%
  40703 27551    23154,0187  2444    23606,0378    22557,8421 24738624    4,44%
  40811 27581    23199,6548  2151    23606,0378    22558,4214 24765986    4,44%
  40916 27732    23417,3384  2366    23606,0378    22558,7704 24893657    4,44%
  41016 27679        cutoff          23606,0378    22559,0027 24864750    4,44%
Elapsed time = 11012,20 sec. (1639195,70 ticks, tree = 1318,03 MB, solutions = 16)
  41089 28045    23454,3236  1933    23606,0378    22560,3334 25200530    4,43%
  41206 27809    23380,3003  1922    23606,0378    22560,4002 24946977    4,43%
  41299 27960    23428,5764  1993    23606,0378    22560,4002 25121985    4,43%
  41374 28140    23282,7934  2315    23606,0378    22561,7741 25346905    4,42%
  41473 28228    23163,1359  1539    23606,0378    22562,5939 25442344    4,42%
  41613 28239    23325,5988  1454    23606,0378    22564,0963 25448490    4,41%
  41704 28194    23045,7382  2143    23606,0378    22565,0571 25408606    4,41%
  41786 28208    23245,8349  1963    23606,0378    22566,0263 25414339    4,41%
  41853 28229    23515,0728  1669    23606,0378    22566,0263 25420852    4,41%
  41920 28912    23319,4530  2141    23606,0378    22566,3499 26004596    4,40%
Elapsed time = 11279,32 sec. (1677680,42 ticks, tree = 1357,61 MB, solutions = 16)
  42000 28547    23473,6472  2184    23606,0378    22566,3499 25744570    4,40%
  42104 28691    23495,9563  2112    23606,0378    22566,3499 25876930    4,40%
  42180 28985    23569,0367  2247    23606,0378    22569,0852 26046958    4,39%
  42279 28766    23555,1088  1961    23606,0378    22569,8299 25935170    4,39%
  42354 29212    23560,1016  2760    23606,0378    22571,2843 26288654    4,38%
  42452 29182    23512,8235  2092    23606,0378    22571,5741 26253607    4,38%
  42546 29218    23126,2196  2145    23606,0378    22572,2331 26298330    4,38%
  42639 29287    23084,8341  2177    23606,0378    22573,7335 26390106    4,37%
  42721 29483    23124,3958  2407    23606,0378    22574,3858 26581466    4,37%
  42845 29424    23218,8921  2002    23606,0378    22574,3858 26536358    4,37%
Elapsed time = 11554,71 sec. (1716254,13 ticks, tree = 1391,51 MB, solutions = 16)
  42945 29398    23234,2147  2223    23606,0378    22574,3858 26494583    4,37%
  43033 29529    23284,1948  1783    23606,0378    22576,7309 26631436    4,36%
  43111 29541    23568,9356  1665    23606,0378    22576,8475 26637637    4,36%
  43199 29313    23431,9469  1858    23606,0378    22576,8475 26424797    4,36%
  43313 29411    23341,7914  2136    23606,0378    22577,5468 26516072    4,36%
  43403 29565    23569,4087  1777    23606,0378    22577,5468 26655411    4,36%
  43480 29800    23283,3237  1577    23606,0378    22578,9916 26853292    4,35%
  43584 29816    23573,9242  1360    23606,0378    22580,4113 26860003    4,34%
  43675 30122        cutoff          23606,0378    22580,4113 27179109    4,34%
  43749 30162    23008,4150  2114    23606,0378    22581,0934 27217455    4,34%
Elapsed time = 11808,53 sec. (1754793,53 ticks, tree = 1423,59 MB, solutions = 16)
  43816 29840        cutoff          23606,0378    22583,0551 26923184    4,33%
  43868 30344        cutoff          23606,0378    22583,6910 27361086    4,33%
  43922 30171        cutoff          23606,0378    22583,8912 27234864    4,33%
  43997 30149    23555,4686  1841    23606,0378    22584,8280 27208226    4,33%
  44082 29986    23469,8648  2239    23606,0378    22584,8280 27112684    4,33%
  44176 30499    23487,8672  1999    23606,0378    22585,5197 27523732    4,32%
  44266 30651    23393,4423  2088    23606,0378    22587,5647 27713935    4,31%
  44380 30198    23593,6112  2070    23606,0378    22587,5647 27263793    4,31%
  44458 30468    23506,2944  2114    23606,0378    22587,5908 27449209    4,31%
  44554 30779    23557,2284  1660    23606,0378    22588,8011 27870644    4,31%
Elapsed time = 12069,26 sec. (1793615,31 ticks, tree = 1433,30 MB, solutions = 16)
  44670 30598    23584,8030  1596    23606,0378    22589,0201 27603915    4,31%
  44755 30779    23159,0091  2461    23606,0378    22589,0315 27880652    4,31%
  44842 30897    23600,3589  1495    23606,0378    22591,1296 27989072    4,30%
  44930 31070    23514,7312  2301    23606,0378    22591,1296 28175312    4,30%
  44989 30720    23288,0113  2100    23606,0378    22591,1296 27760253    4,30%
  45059 30756        cutoff          23606,0378    22592,7259 27852692    4,29%
  45144 31109    23419,8442  2063    23606,0378    22592,7259 28229555    4,29%
  45248 30967        cutoff          23606,0378    22592,7259 28062041    4,29%
  45329 31493        cutoff          23606,0378    22595,2689 28591014    4,28%
  45385 31013    23093,4916  2180    23606,0378    22596,4885 28115718    4,28%
Elapsed time = 12348,79 sec. (1832008,09 ticks, tree = 1446,21 MB, solutions = 16)
  45445 31329    23529,3884  1801    23606,0378    22596,6414 28440789    4,28%
  45512 31496    23287,6860  2336    23606,0378    22596,6414 28598721    4,28%
  45583 31370    23474,8016  2101    23606,0378    22596,7734 28499080    4,28%
  45634 31549    23218,6150  1787    23606,0378    22596,7734 28648085    4,28%
  45693 31509    23551,8804  2157    23606,0378    22600,5527 28605051    4,26%
  45767 31803    23428,8157  2186    23606,0378    22600,7723 28923516    4,26%
  45846 31809    23480,2373  2095    23606,0378    22600,7723 28925149    4,26%
  45947 31669    23367,2762  2864    23606,0378    22601,3866 28803723    4,26%
  46023 31929    23464,9361  1976    23606,0378    22602,1906 29051898    4,25%
  46092 31965    23368,6438  1687    23606,0378    22604,0843 29094090    4,24%
Elapsed time = 12608,81 sec. (1870555,06 ticks, tree = 1509,41 MB, solutions = 16)
  46165 31839    23288,1789  1948    23606,0378    22604,8612 28978779    4,24%
  46231 32045    23067,5558  1815    23606,0378    22605,9749 29139264    4,24%
  46325 32115    23302,7714  2002    23606,0378    22605,9749 29173495    4,24%
  46407 32157    23274,4333  2157    23606,0378    22605,9749 29205640    4,24%
  46467 31946    23197,7846  1636    23606,0378    22608,3234 29083686    4,23%
  46533 32318    23258,3460  1662    23606,0378    22608,3234 29376570    4,23%
  46613 32175    23183,4406  2293    23606,0378    22608,4570 29221909    4,23%
  46717 32471        cutoff          23606,0378    22609,9731 29530513    4,22%
  46785 32516    23473,1521  2152    23606,0378    22610,7895 29587246    4,22%
  46882 32398    23424,6397  1798    23606,0378    22610,8866 29437536    4,22%
Elapsed time = 12818,12 sec. (1909063,04 ticks, tree = 1535,90 MB, solutions = 16)
  46967 32609    22931,6301  2483    23606,0378    22610,8866 29697977    4,22%
  47058 32591        cutoff          23606,0378    22611,1044 29656947    4,21%
  47132 32486    23269,3495  2046    23606,0378    22611,1044 29557570    4,21%
  47222 32439    23426,2837  1392    23606,0378    22611,1682 29508719    4,21%
  47299 32717        cutoff          23606,0378    22612,1684 29825782    4,21%
  47397 32648    23383,6499  2053    23606,0378    22612,1684 29724945    4,21%
  47538 32956    23373,6176  2349    23606,0378    22612,6468 30088959    4,21%
  47627 32626    23579,5121  2000    23606,0378    22613,1128 29689985    4,21%
  47732 32825    23597,9813  2260    23606,0378    22613,7347 29942430    4,20%
  47825 32717    23124,3476  2691    23606,0378    22614,1034 29797689    4,20%
Elapsed time = 13064,49 sec. (1947806,61 ticks, tree = 1546,05 MB, solutions = 16)
  47896 33295    23285,5522  2456    23606,0378    22614,4187 30419822    4,20%
  48003 32953        cutoff          23606,0378    22614,5988 30020604    4,20%
  48090 32954    22888,4647  2676    23606,0378    22614,5988 30025099    4,20%
  48191 33383    23549,7685  2001    23606,0378    22615,5621 30533010    4,20%
  48266 33082    23226,8459  2038    23606,0378    22615,8078 30243606    4,19%
  48359 33562    23548,4112  1844    23606,0378    22615,8078 30651199    4,19%
  48466 33090    23374,1522  1272    23606,0378    22616,1095 30255718    4,19%
  48550 33376    23321,4435  2245    23606,0378    22617,4445 30509203    4,19%
  48641 33388    23517,6677  2192    23606,0378    22617,4445 30515308    4,19%
  48751 33680    23557,6103  1535    23606,0378    22618,3130 30727913    4,18%
Elapsed time = 13336,09 sec. (1986201,21 ticks, tree = 1590,95 MB, solutions = 16)
* 48770 33338      integral     0    23605,0089    22618,3130 30472048    4,18%
  48860 33774    23499,1493  1933    23605,0089    22618,3881 30832789    4,18%
  48935 33585    23296,2431  2297    23605,0089    22618,4066 30684749    4,18%
  49056 33695    23309,0881  1723    23605,0089    22618,4066 30746552    4,18%

Zero-half cuts applied:  663
Lift and project cuts applied:  4
Gomory fractional cuts applied:  2

Root node processing (before b&c):
  Real time             =   47,72 sec. (24146,11 ticks)
Parallel b&c, 12 threads:
  Real time             = 13381,56 sec. (1976229,62 ticks)
  Sync time (average)   = 1769,61 sec.
  Wait time (average)   =    0,10 sec.
                          ------------
Total (root+branch&cut) = 13429,28 sec. (2000375,73 ticks)

