
Version identifier: 22.1.1.0 | 2022-11-28 | 9160aff4d
CPXPARAM_MultiObjective_Display                  0
CPXPARAM_WorkMem                                 8192
CPXPARAM_DetTimeLimit                            2000000
Tried aggregator 3 times.
MIP Presolve eliminated 22334 rows and 127871 columns.
Aggregator did 419 substitutions.
Reduced MIP has 1663 rows, 5846 columns, and 13412 nonzeros.
Reduced MIP has 5830 binaries, 16 generals, 0 SOSs, and 0 indicators.
Presolve time = 0,11 sec. (81,79 ticks)
Found incumbent of value 94667,340000 after 0,13 sec. (104,49 ticks)
Probing time = 0,01 sec. (5,11 ticks)
Tried aggregator 2 times.
Detecting symmetries...
Aggregator did 8 substitutions.
Reduced MIP has 1655 rows, 5838 columns, and 13396 nonzeros.
Reduced MIP has 5830 binaries, 8 generals, 0 SOSs, and 0 indicators.
Presolve time = 0,01 sec. (13,15 ticks)
Probing time = 0,02 sec. (5,03 ticks)
Clique table members: 7881.
MIP emphasis: balance optimality and feasibility.
MIP search method: dynamic search.
Parallel mode: deterministic, using up to 12 threads.
Root relaxation solution time = 0,21 sec. (148,72 ticks)

        Nodes                                         Cuts/
   Node  Left     Objective  IInf  Best Integer    Best Bound    ItCnt     Gap

*     0+    0                        94667,3400  -511500,0000           640,31%
*     0+    0                        86732,2720  -511500,0000           689,75%
*     0+    0                        86724,5500  -511500,0000           689,80%
*     0+    0                        86716,8280  -511500,0000           689,85%
*     0+    0                        86709,1060  -511500,0000           689,90%
*     0+    0                        86701,3840  -511500,0000           689,96%
*     0+    0                        86693,6620  -511500,0000           690,01%
*     0+    0                        86685,9400  -511500,0000           690,06%
*     0+    0                        86678,2180  -511500,0000           690,11%
*     0+    0                        86670,4960  -511500,0000           690,17%
      0     0    10503,8810   777    86670,4960    10503,8810       26   87,88%
*     0+    0                        17643,0000    10503,8810            40,46%
      0     0    10732,9792   737    17643,0000      Cuts: 33      519   39,17%
*     0+    0                        12952,0000    10732,9792            17,13%
      0     0    10803,1250   484    12952,0000      Cuts: 36      717   14,68%
*     0+    0                        12001,0000    11050,2500             7,92%
      0     0    10912,8901   956    12001,0000      Cuts: 65     1216    7,91%
*     0+    0                        11341,0000    11051,1250             2,56%
      0     0    10959,4861   941    11341,0000  ZeroHalf: 26     1423    2,18%
Detecting symmetries...

Repeating presolve.
Tried aggregator 2 times.
MIP Presolve eliminated 151 rows and 2203 columns.
Aggregator did 61 substitutions.
Reduced MIP has 1443 rows, 3574 columns, and 8691 nonzeros.
Reduced MIP has 3566 binaries, 8 generals, 0 SOSs, and 0 indicators.
Presolve time = 0,01 sec. (7,81 ticks)
Probing time = 0,01 sec. (3,73 ticks)
Tried aggregator 1 time.
Detecting symmetries...
Reduced MIP has 1443 rows, 3574 columns, and 8691 nonzeros.
Reduced MIP has 3566 binaries, 8 generals, 0 SOSs, and 0 indicators.
Presolve time = 0,01 sec. (6,55 ticks)
Represolve time = 0,09 sec. (102,36 ticks)
Probing time = 0,01 sec. (3,71 ticks)
Clique table members: 5368.
MIP emphasis: balance optimality and feasibility.
MIP search method: dynamic search.
Parallel mode: deterministic, using up to 12 threads.
Root relaxation solution time = 0,16 sec. (143,80 ticks)

        Nodes                                         Cuts/
   Node  Left     Objective  IInf  Best Integer    Best Bound    ItCnt     Gap

*     0+    0                        11341,0000    11093,9583             2,18%
      0     0    10959,4861   930    11341,0000    11093,9583     1446    2,18%

Zero-half cuts applied:  33
Lift and project cuts applied:  1
Gomory fractional cuts applied:  5

Root node processing (before b&c):
  Real time             =    2,67 sec. (1717,66 ticks)
Parallel b&c, 12 threads:
  Real time             =    0,00 sec. (0,00 ticks)
  Sync time (average)   =    0,00 sec.
  Wait time (average)   =    0,00 sec.
                          ------------
Total (root+branch&cut) =    2,67 sec. (1717,66 ticks)

