
Version identifier: 22.1.1.0 | 2022-11-28 | 9160aff4d
CPXPARAM_MultiObjective_Display                  0
CPXPARAM_TimeLimit                               60000
CPXPARAM_WorkMem                                 8192
CPXPARAM_DetTimeLimit                            60000
Found incumbent of value 129000,000000 after 0,01 sec. (6,11 ticks)
Tried aggregator 3 times.
MIP Presolve eliminated 19211 rows and 123395 columns.
Aggregator did 370 substitutions.
Reduced MIP has 1678 rows, 5921 columns, and 13518 nonzeros.
Reduced MIP has 5906 binaries, 15 generals, 0 SOSs, and 0 indicators.
Presolve time = 0,11 sec. (81,53 ticks)
Probing time = 0,01 sec. (5,06 ticks)
Tried aggregator 2 times.
Detecting symmetries...
Aggregator did 7 substitutions.
Reduced MIP has 1671 rows, 5914 columns, and 13504 nonzeros.
Reduced MIP has 5906 binaries, 8 generals, 0 SOSs, and 0 indicators.
Presolve time = 0,01 sec. (13,22 ticks)
Probing time = 0,01 sec. (4,99 ticks)
Clique table members: 7962.
MIP emphasis: balance optimality and feasibility.
MIP search method: dynamic search.
Parallel mode: deterministic, using up to 12 threads.
Root relaxation solution time = 0,20 sec. (150,54 ticks)

        Nodes                                         Cuts/
   Node  Left     Objective  IInf  Best Integer    Best Bound    ItCnt     Gap

*     0+    0                       129000,0000  -488792,0000           478,91%
*     0+    0                       112415,0000  -488792,0000           534,81%
      0     0    16577,5821   510   112415,0000    16577,5821       26   85,25%
*     0+    0                        16989,8166    16577,5821             2,43%
      0     0    16676,7734   314    16989,8166      Cuts: 27      356    1,39%
      0     0    16767,7675   813    16989,8166      Cuts: 33      723    1,31%
Detecting symmetries...

Repeating presolve.
Tried aggregator 3 times.
MIP Presolve eliminated 197 rows and 2772 columns.
Aggregator did 73 substitutions.
Reduced MIP has 1401 rows, 3069 columns, and 7609 nonzeros.
Reduced MIP has 3061 binaries, 8 generals, 0 SOSs, and 0 indicators.
Presolve time = 0,02 sec. (16,00 ticks)
Probing time = 0,01 sec. (3,55 ticks)
Tried aggregator 1 time.
Detecting symmetries...
Reduced MIP has 1401 rows, 3069 columns, and 7609 nonzeros.
Reduced MIP has 3061 binaries, 8 generals, 0 SOSs, and 0 indicators.
Presolve time = 0,01 sec. (5,74 ticks)
Represolve time = 0,06 sec. (48,56 ticks)
Probing time = 0,01 sec. (3,55 ticks)
Clique table members: 4896.
MIP emphasis: balance optimality and feasibility.
MIP search method: dynamic search.
Parallel mode: deterministic, using up to 12 threads.
Root relaxation solution time = 0,14 sec. (120,38 ticks)

        Nodes                                         Cuts/
   Node  Left     Objective  IInf  Best Integer    Best Bound    ItCnt     Gap

*     0+    0                        16989,8166    16775,6782             1,26%
      0     0    16767,7675   768    16989,8166    16775,6782     3262    1,26%
*     0+    0                        16949,5802    16775,6782             1,03%
      0     0        cutoff          16949,5802    16949,5802     3430    0,00%
Elapsed time = 1,62 sec. (1154,69 ticks, tree = 0,01 MB, solutions = 3)

Zero-half cuts applied:  34
Lift and project cuts applied:  3
Gomory fractional cuts applied:  8

Root node processing (before b&c):
  Real time             =    1,62 sec. (1160,82 ticks)
Parallel b&c, 12 threads:
  Real time             =    0,00 sec. (0,00 ticks)
  Sync time (average)   =    0,00 sec.
  Wait time (average)   =    0,00 sec.
                          ------------
Total (root+branch&cut) =    1,62 sec. (1160,82 ticks)

