
Version identifier: 22.1.1.0 | 2022-11-28 | 9160aff4d
CPXPARAM_MultiObjective_Display                  0
CPXPARAM_WorkMem                                 8192
CPXPARAM_DetTimeLimit                            2000000
Tried aggregator 3 times.
MIP Presolve eliminated 23237 rows and 130516 columns.
MIP Presolve modified 44 coefficients.
Aggregator did 293 substitutions.
Reduced MIP has 1004 rows, 3027 columns, and 7058 nonzeros.
Reduced MIP has 3014 binaries, 13 generals, 0 SOSs, and 0 indicators.
Presolve time = 0,11 sec. (83,50 ticks)
Found incumbent of value 101458,410000 after 0,13 sec. (100,44 ticks)
Probing time = 0,01 sec. (8,22 ticks)
Tried aggregator 2 times.
Detecting symmetries...
MIP Presolve eliminated 1 rows and 9 columns.
Aggregator did 7 substitutions.
Reduced MIP has 996 rows, 3011 columns, and 7016 nonzeros.
Reduced MIP has 3004 binaries, 7 generals, 0 SOSs, and 0 indicators.
Presolve time = 0,01 sec. (9,35 ticks)
Probing time = 0,01 sec. (3,72 ticks)
Clique table members: 4315.
MIP emphasis: balance optimality and feasibility.
MIP search method: dynamic search.
Parallel mode: deterministic, using up to 12 threads.
Root relaxation solution time = 0,03 sec. (23,28 ticks)

        Nodes                                         Cuts/
   Node  Left     Objective  IInf  Best Integer    Best Bound    ItCnt     Gap

*     0+    0                       101458,4100  -319960,0000           415,36%
*     0+    0                        79936,3370  -319960,0000           500,27%
*     0+    0                        79928,2640  -319960,0000           500,31%
*     0+    0                        79920,1910  -319960,0000           500,35%
*     0+    0                        79912,1180  -319960,0000           500,39%
*     0+    0                        79904,0450  -319960,0000           500,43%
*     0+    0                        79895,9720  -319960,0000           500,47%
      0     0    21413,0100   136    79895,9720    21413,0100     1279   73,20%
*     0+    0                        23364,0100    21413,0100             8,35%
*     0+    0                        21414,1500    21413,0100             0,01%
      0     0        cutoff          21414,1500    21413,0100     1283    0,01%
Elapsed time = 0,27 sec. (203,49 ticks, tree = 0,01 MB, solutions = 9)

Zero-half cuts applied:  6
Lift and project cuts applied:  1
Gomory fractional cuts applied:  1

Root node processing (before b&c):
  Real time             =    0,28 sec. (214,26 ticks)
Parallel b&c, 12 threads:
  Real time             =    0,00 sec. (0,00 ticks)
  Sync time (average)   =    0,00 sec.
  Wait time (average)   =    0,00 sec.
                          ------------
Total (root+branch&cut) =    0,28 sec. (214,26 ticks)

