
Version identifier: 22.1.1.0 | 2022-11-28 | 9160aff4d
CPXPARAM_MultiObjective_Display                  0
CPXPARAM_WorkMem                                 8192
CPXPARAM_DetTimeLimit                            2000000
Tried aggregator 3 times.
MIP Presolve eliminated 113382 rows and 1077387 columns.
Aggregator did 1129 substitutions.
Reduced MIP has 5570 rows, 30776 columns, and 67268 nonzeros.
Reduced MIP has 30744 binaries, 32 generals, 0 SOSs, and 0 indicators.
Presolve time = 0,91 sec. (613,84 ticks)
Found incumbent of value 207872,082868 after 1,08 sec. (744,18 ticks)
Tried aggregator 2 times.
Detecting symmetries...
Aggregator did 16 substitutions.
Reduced MIP has 5554 rows, 30760 columns, and 67236 nonzeros.
Reduced MIP has 30744 binaries, 16 generals, 0 SOSs, and 0 indicators.
Presolve time = 0,07 sec. (61,91 ticks)
Probing time = 0,06 sec. (13,69 ticks)
Clique table members: 37432.
MIP emphasis: balance optimality and feasibility.
MIP search method: dynamic search.
Parallel mode: deterministic, using up to 12 threads.
Root relaxation solution time = 1,01 sec. (566,39 ticks)

        Nodes                                         Cuts/
   Node  Left     Objective  IInf  Best Integer    Best Bound    ItCnt     Gap

*     0+    0                       207872,0829 -1831285,0000           980,97%
*     0+    0                       188179,5709 -1831285,0000              --- 
*     0+    0                       188161,3189 -1831285,0000              --- 
*     0+    0                       188143,0669 -1831285,0000              --- 
*     0+    0                       188124,8149 -1831285,0000              --- 
*     0+    0                       188107,6429 -1831285,0000              --- 
*     0+    0                       188090,7949 -1831285,0000              --- 
*     0+    0                       188073,9469 -1831285,0000              --- 
*     0+    0                       188057,0989 -1831285,0000              --- 
*     0+    0                       188040,2509 -1831285,0000              --- 
      0     0    21109,4202  2390   188040,2509    21109,4202       42   88,77%
*     0+    0                       149738,4499    21109,4202            85,90%
      0     0    21132,8743  2469   149738,4499  ZeroHalf: 10      602   85,89%
*     0+    0                        51551,6900    21132,8743            59,01%
      0     0    21154,0892  2456    51551,6900  ZeroHalf: 15     1138   58,97%
      0     0    21170,7700  2511    51551,6900  ZeroHalf: 13     1696   58,93%
      0     0    21195,6094  2544    51551,6900      Cuts: 13     2389   58,88%
      0     0    21196,0326  2561    51551,6900   ZeroHalf: 2     2478   58,88%
Detecting symmetries...
      0     0    21201,1959  2563    51551,6900   ZeroHalf: 6     2811   58,87%
      0     0    21203,8059  2648    51551,6900   ZeroHalf: 2     2974   58,87%
Detecting symmetries...
      0     2    21203,8059  2648    51551,6900    21203,8059     2974   58,87%
Elapsed time = 34,64 sec. (14885,95 ticks, tree = 0,02 MB, solutions = 12)
      1     3    21218,5903  2491    51551,6900    21203,8355     3887   58,87%
      2     4    21278,6072  2449    51551,6900    21203,8355     5381   58,87%
      4     5    21332,1099  2401    51551,6900    21203,8355     6425   58,87%
      7     6    21265,7369  2486    51551,6900    21216,0191     7325   58,85%
      8     8    21255,1003  2486    51551,6900    21216,0191    10534   58,85%
     13     8    21274,5631  2522    51551,6900    21240,5791    10688   58,80%
     17    13    21376,5550  2380    51551,6900    21240,5791    21878   58,80%
     19    12    21429,7674  2224    51551,6900    21240,5791    20393   58,80%
     25    18    21367,0654  2049    51551,6900    21240,5791    34860   58,80%
     33    25    21442,0440  2324    51551,6900    21265,2077    59188   58,75%
Elapsed time = 64,32 sec. (20823,02 ticks, tree = 0,04 MB, solutions = 12)
     42    24    21443,0702  2200    51551,6900    21265,2181    52627   58,75%
     54    46    21504,9522  2347    51551,6900    21265,2181   120735   58,75%
     68    59    21511,4157  2143    51551,6900    21265,2181   141059   58,75%
     89    69    21659,4531  1946    51551,6900    21265,2181   156958   58,75%
    109    95    21712,9555  1739    51551,6900    21265,2181   184321   58,75%
    119   100    21964,8970  1607    51551,6900    21265,2181   189464   58,75%
*   120+   70                        27961,4622    21265,2181            23,95%
*   123+   99                        23456,5200    21265,2181             9,34%
    135   114    21824,3012  1622    23456,5200    21265,2181   203018    9,34%
    174   131    21995,7347  1411    23456,5200    21265,2181   217029    9,34%
    225   155    22333,9240  1189    23456,5200    21265,2181   230184    9,34%
    283   223    22506,4945   447    23456,5200    21265,2181   263196    9,34%
Elapsed time = 137,89 sec. (31302,57 ticks, tree = 2,24 MB, solutions = 19)
*   298+  211                        23429,4565    21265,2181             9,24%
    351   276    22436,3192  1359    23429,4565    21265,2181   288845    9,24%
    462   353    23341,7852   251    23429,4565    21265,2181   314310    9,24%
    567   379    23325,7031   315    23429,4565    21265,2181   324999    9,24%
*   619   347      integral     0    23156,5772    21265,2181   319239    8,17%
    664   455    23352,7215   345    23156,5772    21265,2181   344314    8,17%
    702   463    21420,1241  2304    23156,5772    21265,2181   370207    8,17%
    723   460    21595,7164  1862    23156,5772    21266,1822   365217    8,16%
    743   509    21733,5228  1569    23156,5772    21266,1822   403534    8,16%
    779   526    21820,2714  1632    23156,5772    21308,9402   416514    7,98%
    815   535    21714,8175  1893    23156,5772    21308,9402   424091    7,98%
    859   551    22005,7099  1506    23156,5772    21308,9402   431970    7,98%
Elapsed time = 209,89 sec. (41042,49 ticks, tree = 13,60 MB, solutions = 21)
    911   576    22489,5494   733    23156,5772    21308,9402   448500    7,98%
    975   679    21374,3647  2317    23156,5772    21308,9402   499549    7,98%
   1034   696    21598,5615  2273    23156,5772    21308,9402   507942    7,98%
   1075   781    21468,8383  2297    23156,5772    21321,6142   541234    7,92%
   1145   784    21546,4621  2258    23156,5772    21321,6142   542821    7,92%
   1196   802    22754,5172  1016    23156,5772    21343,6991   550748    7,83%
   1243   914    21433,2080  2374    23156,5772    21343,6991   607102    7,83%
   1262   891    22019,2902  2051    23156,5772    21343,6991   597930    7,83%
   1291   950    21772,0355  1876    23156,5772    21343,8537   632702    7,83%
   1328   974    23055,0619  1153    23156,5772    21343,8537   644042    7,83%
Elapsed time = 283,24 sec. (50731,68 ticks, tree = 34,77 MB, solutions = 21)
   1356   887    21659,3327  2143    23156,5772    21343,8537   595798    7,83%
   1398  1001    23155,1079  1444    23156,5772    21343,8537   658800    7,83%
   1435  1002    21502,2995  2399    23156,5772    21343,8537   660244    7,83%
   1468  1034    22670,5028  1932    23156,5772    21343,8537   682045    7,83%
   1509  1044    21840,7376  1667    23156,5772    21343,8537   689559    7,83%
   1556  1142    22014,0417  1448    23156,5772    21378,5052   754537    7,68%
   1605  1154    22720,6747  1676    23156,5772    21378,5052   762433    7,68%
   1644  1135    21463,6467  2266    23156,5772    21384,2167   745830    7,65%
   1691  1187    23099,6214  1095    23156,5772    21384,7551   781518    7,65%
   1729  1282    21716,8420  1776    23156,5772    21384,7551   830545    7,65%
Elapsed time = 358,47 sec. (60596,18 ticks, tree = 42,84 MB, solutions = 21)
   1756  1322    21568,5919  2284    23156,5772    21395,1879   851335    7,61%
   1789  1306    21574,5745  2334    23156,5772    21395,1879   846851    7,61%
   1828  1359    22968,9983  1961    23156,5772    21395,1879   875139    7,61%
   1892  1415    21750,2190  2189    23156,5772    21396,0581   911476    7,60%
   1935  1441    22560,7784  2098    23156,5772    21396,0581   929962    7,60%
   1962  1419    22030,6199  2145    23156,5772    21396,0581   914603    7,60%
   1994  1535    21648,1989  1844    23156,5772    21396,6136   974187    7,60%
   2035  1559    22594,1265  1790    23156,5772    21396,6136   987267    7,60%
   2083  1600    22289,3811  1278    23156,5772    21401,2474  1010341    7,58%
   2120  1610    22830,6814   720    23156,5772    21401,2474  1012690    7,58%
Elapsed time = 431,08 sec. (70292,65 ticks, tree = 48,57 MB, solutions = 21)
   2158  1613    21523,3950  2147    23156,5772    21401,2474  1014725    7,58%
   2193  1672    21839,4572  1746    23156,5772    21401,2474  1062701    7,58%
   2218  1714    22049,5344  1733    23156,5772    21401,2474  1089441    7,58%
   2261  1742    21722,6665  2062    23156,5772    21409,6932  1112569    7,54%
   2310  1808    22251,0229  1247    23156,5772    21409,6932  1147925    7,54%
   2372  1752    23088,2972  1098    23156,5772    21409,6932  1111038    7,54%
   2450  1846    22964,5870   779    23156,5772    21409,6932  1164647    7,54%
   2496  1872    22828,9312   971    23156,5772    21413,6491  1179769    7,53%
   2540  1951    22316,9870   871    23156,5772    21413,6491  1219494    7,53%
   2576  1878    22411,6909  1219    23156,5772    21413,6491  1186207    7,53%
Elapsed time = 503,86 sec. (79975,43 ticks, tree = 57,07 MB, solutions = 21)
   2614  1962    22354,0043  1702    23156,5772    21413,6491  1227391    7,53%
   2668  2022    21775,2589  2024    23156,5772    21419,5123  1252494    7,50%
   2712  2122    22999,6266  1237    23156,5772    21419,5123  1302630    7,50%
*  2766+ 2015                        22943,4765    21421,2476             6,63%
   2766  2144    22876,3331  1094    22943,4765    21421,2476  1311270    6,63%
   2825  2115    22523,5580  1544    22943,4765    21422,3453  1301041    6,63%
   2857  2059    22911,3104  1331    22943,4765    21423,3189  1370944    6,63%
   2899  2022    22196,5260   751    22943,4765    21423,3189  1344597    6,63%
   2957  2010    21887,8839  1734    22943,4765    21423,6799  1330311    6,62%
   3004  2135    22256,2373  1235    22943,4765    21424,8393  1412989    6,62%
   3053  2110    22303,7376  1334    22943,4765    21424,8393  1402981    6,62%
Elapsed time = 578,31 sec. (89732,23 ticks, tree = 72,98 MB, solutions = 22)
   3101  2094    21698,6275  2061    22943,4765    21424,8393  1397589    6,62%
   3142  2228    22727,5473   973    22943,4765    21424,8393  1446900    6,62%
   3181  2242    21885,3116  1548    22943,4765    21428,3396  1466179    6,60%
   3218  2299    22549,2464  1775    22943,4765    21428,3396  1500033    6,60%
   3272  2350    22487,9998  1232    22943,4765    21428,3396  1525942    6,60%
   3321  2336    21569,2680  1846    22943,4765    21430,8892  1512654    6,59%
   3356  2389    22194,4613  1607    22943,4765    21430,8892  1550072    6,59%
   3393  2464    22179,8675  1827    22943,4765    21433,0905  1586511    6,58%
   3448  2374    22219,4049  1640    22943,4765    21437,7991  1545552    6,56%
   3485  2434    21939,1434  1965    22943,4765    21437,7991  1577244    6,56%
Elapsed time = 652,36 sec. (99695,85 ticks, tree = 82,34 MB, solutions = 22)
   3524  2525    22414,3573  1257    22943,4765    21445,6567  1623924    6,53%
   3566  2560    22032,8696  1591    22943,4765    21445,6567  1648632    6,53%
   3609  2684    22248,4836  1158    22943,4765    21445,6567  1722053    6,53%
   3660  2599        cutoff          22943,4765    21445,6567  1674785    6,53%
   3701  2651    22258,2419  1331    22943,4765    21445,9225  1708532    6,53%
   3730  2786    22421,7409  1038    22943,4765    21450,0974  1789866    6,51%
   3769  2767    22408,2316  1423    22943,4765    21450,2886  1776600    6,51%
   3809  2811        cutoff          22943,4765    21452,5898  1808144    6,50%
   3848  2843    22287,5394   538    22943,4765    21452,5898  1817434    6,50%

Performing restart 1

Repeating presolve.
Tried aggregator 2 times.
MIP Presolve eliminated 25 rows and 655 columns.
Aggregator did 1 substitutions.
Reduced MIP has 5528 rows, 30104 columns, and 65894 nonzeros.
Reduced MIP has 30088 binaries, 16 generals, 0 SOSs, and 0 indicators.
Presolve time = 0,06 sec. (46,67 ticks)
Tried aggregator 1 time.
Reduced MIP has 5528 rows, 30104 columns, and 65894 nonzeros.
Reduced MIP has 30088 binaries, 16 generals, 0 SOSs, and 0 indicators.
Presolve time = 0,06 sec. (49,18 ticks)
Represolve time = 1,54 sec. (1016,66 ticks)
   3898     0    21218,0616  2618    22943,4765   ZeroHalf: 9  1932489    6,48%
   3898     0    21226,8856  2660    22943,4765   ZeroHalf: 3  1932794    6,48%
   3898     0    21227,4635  2610    22943,4765   ZeroHalf: 1  1932890    6,48%
   3898     0    21238,8525  2741    22943,4765  ZeroHalf: 15  1933444    6,48%
   3898     0    21252,4536  2689    22943,4765   ZeroHalf: 6  1933960    6,48%
   3898     0    21263,2223  2691    22943,4765   ZeroHalf: 5  1934424    6,48%
   3898     2    21263,2223  2691    22943,4765    21457,5234  1934424    6,48%
Elapsed time = 794,84 sec. (149798,71 ticks, tree = 0,02 MB, solutions = 22)
   3901     5    21344,3915  2365    22943,4765    21457,5234  1938816    6,48%
   3924    22    21567,7318  2033    22943,4765    21457,5234  1981881    6,48%
   3976    71    21761,3892  1990    22943,4765    21457,5234  2030603    6,48%
   4050   124    21694,6535  2063    22943,4765    21457,5234  2080511    6,48%
   4171   227    22507,3798  1148    22943,4765    21457,5234  2160444    6,48%
   4316   315    22408,1656  1754    22943,4765    21457,5234  2219559    6,48%
   4461   420    21375,9829  2322    22943,4765    21457,5234  2281294    6,48%
   4621   569    22549,8701  1553    22943,4765    21457,5234  2365827    6,48%
   4833   743        cutoff          22943,4765    21457,5234  2453979    6,48%
   5029   838    21882,6561  1786    22943,4765    21457,5234  2504693    6,48%
Elapsed time = 1034,65 sec. (188515,60 ticks, tree = 29,22 MB, solutions = 22)
   5213   979    22844,5657  1874    22943,4765    21457,5234  2590548    6,48%
   5375  1080    22416,6755  1753    22943,4765    21457,5234  2652232    6,48%
   5544  1238    21830,4095  1612    22943,4765    21457,5234  2740808    6,48%
   5703  1310    22103,6622  1972    22943,4765    21457,5234  2782212    6,48%
   5814  1464    21620,2341  2263    22943,4765    21457,5234  2870701    6,48%
   5878  1603    22210,4251  1872    22943,4765    21457,5234  2948613    6,48%
   5997  1657    22741,7630  1593    22943,4765    21457,5234  2971212    6,48%
   6159  1696    21689,3760  1739    22943,4765    21457,5234  2990586    6,48%
   6404  1915    22543,3309  1831    22943,4765    21457,5234  3099576    6,48%
   6649  2077    22807,2073  1580    22943,4765    21457,5234  3165841    6,48%
Elapsed time = 1318,66 sec. (226867,53 ticks, tree = 90,96 MB, solutions = 22)
   6813  2228    22420,8197  1835    22943,4765    21457,5234  3232509    6,48%
   7008  2409    21935,6653  2094    22943,4765    21457,5234  3314419    6,48%
   7165  2663    22685,4489  1292    22943,4765    21457,5234  3430864    6,48%
   7325  2754    22723,4230   297    22943,4765    21457,5234  3482103    6,48%
*  7400  2861      integral     0    22797,7976    21457,5234  3546793    5,88%
   7467  2837    22359,8815  1863    22797,7976    21457,5234  3541052    5,88%
   7579  2666        cutoff          22797,7976    21457,5234  3622254    5,88%
   7701  2812    22669,4892  1750    22797,7976    21457,5234  3734588    5,88%
   7836  2887    22019,1261  1960    22797,7976    21457,5234  3794473    5,88%
   7967  2984    22016,2951  1929    22797,7976    21457,5234  3870096    5,88%
   8141  3048    22627,7296  1661    22797,7976    21457,5234  3915498    5,88%
Elapsed time = 1600,80 sec. (265133,04 ticks, tree = 140,41 MB, solutions = 23)
*  8282  3135      integral     0    22747,5144    21457,5234  3979663    5,67%
   8409  3172    21777,1953  2206    22747,5144    21457,5234  4084976    5,67%
   8560  3245    22163,1425  1906    22747,5144    21457,5234  4139636    5,67%
*  8585  3329      integral     0    22578,2648    21457,5234  4181987    4,96%
   8717  2790    21754,5448  1609    22578,2648    21457,5234  4195340    4,96%
   8822  2964    21934,6834  1854    22578,2648    21457,5234  4340222    4,96%
   8954  2998    22496,5989  1944    22578,2648    21517,5365  4365457    4,70%
   9071  3125    21946,4377  1639    22578,2648    21524,3062  4467212    4,67%
   9202  3163    22470,1524  2119    22578,2648    21530,0287  4501778    4,64%
*  9320  3314      integral     0    22572,0503    21533,3704  4620370    4,60%
   9361  3216    22253,1019  2265    22572,0503    21535,1747  4546830    4,59%
   9470  3331    21632,2877  2140    22572,0503    21541,7110  4636850    4,56%
Elapsed time = 1878,36 sec. (302846,98 ticks, tree = 135,18 MB, solutions = 26)
   9533  3440    21820,1524  1529    22572,0503    21547,4631  4724972    4,54%
   9603  3556    22445,6664  1080    22572,0503    21554,8411  4808552    4,51%
   9697  3573    22158,9463  1695    22572,0503    21554,8806  4818056    4,51%
   9827  3624    22357,5727  1907    22572,0503    21554,8806  4851937    4,51%
   9960  3731    21803,2841  1732    22572,0503    21561,9590  4948188    4,47%
  10086  3820    22177,4670  2029    22572,0503    21564,8619  5021334    4,46%
* 10095+ 3810                        22500,9222    21564,8619             4,16%
* 10112  3620      integral     0    22213,9318    21564,8619  5100449    2,92%
  10220  3841    21898,2810  1994    22213,9318    21569,6314  5037514    2,90%
  10319  2407        cutoff          22213,9318    21575,5859  5227381    2,87%
  10419  2381    21891,9854  1826    22213,9318    21575,5859  5172262    2,87%
Elapsed time = 2128,25 sec. (338166,58 ticks, tree = 90,99 MB, solutions = 28)
  10505  2467    22105,7026  1984    22213,9318    21581,9845  5312752    2,84%
  10596  2469    21995,5608  2063    22213,9318    21581,9845  5318584    2,84%
  10659  2596    21779,8443  1978    22213,9318    21593,4822  5500565    2,79%
  10714  2614    21879,6821  2250    22213,9318    21594,2897  5546154    2,79%
  10771  2619    22127,3414  2246    22213,9318    21600,2156  5549153    2,76%
  10824  2668        cutoff          22213,9318    21605,4736  5617019    2,74%
  10880  2682        cutoff          22213,9318    21616,1706  5639260    2,69%
  10947  2714    21927,1334  2025    22213,9318    21616,1706  5664106    2,69%
  11039  2772    22132,8548  2290    22213,9318    21621,1560  5744350    2,67%
  11133  2826    22166,6243  1730    22213,9318    21628,2007  5850726    2,64%
Elapsed time = 2423,79 sec. (376901,15 ticks, tree = 108,19 MB, solutions = 28)
  11221  2834    22163,6078  1797    22213,9318    21633,7182  5868943    2,61%
  11329  2855    22088,5447  2102    22213,9318    21636,2520  5896772    2,60%
  11423  2915    21874,5703  2057    22213,9318    21639,8688  6004184    2,58%
  11505  2997        cutoff          22213,9318    21640,2041  6106732    2,58%
  11552  3062    21880,4060  2056    22213,9318    21645,1079  6190868    2,56%
  11607  3073    22064,8382  2117    22213,9318    21648,6556  6228298    2,54%
  11654  3080    21853,7702  2276    22213,9318    21653,0285  6226118    2,53%
  11707  3081    22046,6444  2045    22213,9318    21653,0285  6242489    2,53%
  11793  3106    22005,3390  1963    22213,9318    21657,8139  6289701    2,50%
  11872  3153    22065,5864  1944    22213,9318    21661,4834  6364383    2,49%
Elapsed time = 2719,31 sec. (415503,12 ticks, tree = 120,57 MB, solutions = 28)
  11959  3168    22077,9790  1410    22213,9318    21666,8284  6401313    2,46%
  12058  3247    21957,9556  2044    22213,9318    21668,1305  6582733    2,46%
  12148  3275    22059,8343  1985    22213,9318    21670,6122  6643171    2,45%
  12228  3271    22074,1666  2207    22213,9318    21675,6936  6622199    2,42%
  12306  3360    22107,6211  2122    22213,9318    21677,0974  6775186    2,42%
  12371  3400        cutoff          22213,9318    21681,5346  6822248    2,40%
  12416  3398    21886,9921  2215    22213,9318    21687,4927  6819784    2,37%
  12468  3407    22113,3914  2089    22213,9318    21689,5629  6827759    2,36%
  12522  3469        cutoff          22213,9318    21691,2138  6955010    2,35%
  12613  3482    22183,7470  1971    22213,9318    21692,0202  6967293    2,35%
Elapsed time = 3038,10 sec. (454294,85 ticks, tree = 129,35 MB, solutions = 28)
  12684  3505    21953,6534  2117    22213,9318    21692,0202  7040152    2,35%
  12765  3562    22023,3822  1846    22213,9318    21695,4629  7165662    2,33%
  12852  3565    22064,5802  1648    22213,9318    21697,2505  7170866    2,33%
  12944  3596    22138,2515  1695    22213,9318    21700,5697  7272824    2,31%
  13011  3599    21949,8387  2121    22213,9318    21706,7845  7250239    2,28%
  13063  3646    22073,3439  1360    22213,9318    21708,6975  7362504    2,27%
  13115  3686        cutoff          22213,9318    21710,8551  7454007    2,26%
  13167  3700    22208,8029  1736    22213,9318    21715,0190  7493766    2,25%
  13221  3734    22144,3880  1957    22213,9318    21720,2904  7553132    2,22%
  13296  3763    22174,2217  1256    22213,9318    21725,1885  7615983    2,20%
Elapsed time = 3321,89 sec. (492879,57 ticks, tree = 137,61 MB, solutions = 28)
  13375  3764    22096,1894  2139    22213,9318    21725,6557  7621380    2,20%
  13440  3768    22069,2994  2103    22213,9318    21727,8367  7637637    2,19%
  13529  3803    21852,7299  2331    22213,9318    21728,8368  7724808    2,18%
  13615  3812    22157,6458  2152    22213,9318    21729,9871  7731367    2,18%
  13701  3833    21933,8414  2118    22213,9318    21732,0541  7805318    2,17%
  13792  3861        cutoff          22213,9318    21733,9161  7881364    2,16%
  13880  3860        cutoff          22213,9318    21736,2717  7886912    2,15%
  13956  4000        cutoff          22213,9318    21742,7889  8129841    2,12%
  14018  4017    22020,9981  2097    22213,9318    21743,4316  8167876    2,12%
  14085  3990    22030,1066  2276    22213,9318    21749,0829  8118973    2,09%
Elapsed time = 3596,88 sec. (531396,12 ticks, tree = 147,89 MB, solutions = 28)
  14131  4018        cutoff          22213,9318    21749,8360  8176292    2,09%
  14180  4073    22181,3309  1865    22213,9318    21753,3178  8317578    2,07%
  14239  4070        cutoff          22213,9318    21755,4087  8347625    2,06%
  14287  4072    22140,8580  2227    22213,9318    21756,6086  8350503    2,06%
  14369  4121        cutoff          22213,9318    21757,2415  8480573    2,06%
  14430  4110    22090,1126  2300    22213,9318    21761,2235  8447152    2,04%
  14507  4128        cutoff          22213,9318    21762,1579  8533795    2,03%
  14595  4128    22018,6725  2051    22213,9318    21763,8957  8538762    2,03%
  14677  4188        cutoff          22213,9318    21766,2156  8658037    2,02%
  14744  4193    22192,3462  1860    22213,9318    21766,3829  8694351    2,01%
Elapsed time = 3895,13 sec. (570093,37 ticks, tree = 151,71 MB, solutions = 28)
  14819  4194        cutoff          22213,9318    21767,9763  8668925    2,01%
  14894  4187    22184,4428  1739    22213,9318    21769,6448  8745458    2,00%
  14941  4224    21951,2810  1849    22213,9318    21772,7867  8888119    1,99%
  15012  4228    22156,6723  1849    22213,9318    21773,8171  8908414    1,98%
  15061  4269    22212,3317  2482    22213,9318    21775,0384  9016271    1,98%
* 15094  4290      integral     0    22087,6412    21779,6334  9085734    1,39%
  15139  4303    21950,8359  2209    22087,6412    21780,0696  9118143    1,39%
  15191  3008    21994,7686  1954    22087,6412    21782,5429  9192418    1,38%
  15249  3008    22064,6443  2051    22087,6412    21786,0939  9244201    1,37%
  15313  3005    21931,3989  2310    22087,6412    21790,4365  9248140    1,35%
Elapsed time = 4191,13 sec. (607050,63 ticks, tree = 102,72 MB, solutions = 29)
  15388  2997        cutoff          22087,6412    21790,6452  9294815    1,34%
  15473  2999        cutoff          22087,6412    21791,1796  9310892    1,34%
  15544  2989    22069,7456  2266    22087,6412    21797,6774  9418322    1,31%
  15619  2991        cutoff          22087,6412    21799,4896  9409622    1,30%
  15693  2941        cutoff          22087,6412    21800,3871  9599465    1,30%
  15744  2940        cutoff          22087,6412    21805,5657  9564760    1,28%
  15807  2923        cutoff          22087,6412    21809,5846  9647180    1,26%
  15867  2896        cutoff          22087,6412    21811,6166  9726991    1,25%
  15920  2871        cutoff          22087,6412    21816,1165  9789544    1,23%
  15965  2873        cutoff          22087,6412    21817,9975  9804669    1,22%
Elapsed time = 4487,11 sec. (645691,39 ticks, tree = 97,56 MB, solutions = 29)
  16025  2833        cutoff          22087,6412    21823,2027  9901068    1,20%
  16084  2831        cutoff          22087,6412    21830,1748  9905380    1,17%
  16148  2808    22047,3002  1912    22087,6412    21830,1748  9955325    1,17%
  16217  2772        cutoff          22087,6412    21837,9369 10019090    1,13%
  16297  2769        cutoff          22087,6412    21842,3707 10022674    1,11%
  16360  2733        cutoff          22087,6412    21847,7266 10123701    1,09%
  16417  2656        cutoff          22087,6412    21847,7266 10247309    1,09%
  16491  2611        cutoff          22087,6412    21852,4993 10323634    1,06%
  16579  2672    22085,9263  1699    22087,6412    21857,0245 10243018    1,04%
  16657  2540    22026,9001  1889    22087,6412    21869,4714 10442329    0,99%
Elapsed time = 4773,25 sec. (684037,01 ticks, tree = 84,13 MB, solutions = 29)
  16721  2546        cutoff          22087,6412    21869,4714 10425820    0,99%
  16791  2559    22058,4804  1714    22087,6412    21871,5259 10424818    0,98%
  16870  2454        cutoff          22087,6412    21880,6839 10576618    0,94%
  16950  2392        cutoff          22087,6412    21882,8909 10655581    0,93%
  17039  2405        cutoff          22087,6412    21884,2033 10647327    0,92%
  17140  2276    22071,5614  2140    22087,6412    21893,2971 10771609    0,88%
  17238  2195    22004,3472  2058    22087,6412    21910,0930 10835184    0,80%
  17334  2197        cutoff          22087,6412    21910,0930 10826531    0,80%
* 17387  2099      integral     0    22085,6714    21916,7860 10912435    0,76%
  17471  2059    22016,2341  2025    22085,6714    21924,9450 10950527    0,73%
Elapsed time = 5042,37 sec. (721508,28 ticks, tree = 63,63 MB, solutions = 30)
  17575  1922        cutoff          22085,6714    21930,4091 11041901    0,70%
  17684  1861        cutoff          22085,6714    21934,4053 11109136    0,68%
  17812  1800        cutoff          22085,6714    21943,0602 11162394    0,65%
  17947  1688        cutoff          22085,6714    21959,1652 11231596    0,57%
  18104  1561        cutoff          22085,6714    21966,7516 11291707    0,54%
  18275  1479    22080,1679  1672    22085,6714    21982,3163 11323073    0,47%
  18456  1327        cutoff          22085,6714    21989,2993 11378853    0,44%
  18665  1112        cutoff          22085,6714    22004,8757 11442199    0,37%
* 18722  1081      integral     0    22073,9234    22005,9994 11446783    0,31%
  18925   696        cutoff          22073,9234    22022,8261 11497063    0,23%
  19283   373        cutoff          22073,9234    22046,5369 11529849    0,12%
Elapsed time = 5246,24 sec. (759761,86 ticks, tree = 7,80 MB, solutions = 31)

Zero-half cuts applied:  1009
Lift and project cuts applied:  1

Root node processing (before b&c):
  Real time             =   33,49 sec. (14984,60 ticks)
Parallel b&c, 12 threads:
  Real time             = 5220,15 sec. (747697,72 ticks)
  Sync time (average)   =  772,95 sec.
  Wait time (average)   =    0,04 sec.
                          ------------
Total (root+branch&cut) = 5253,64 sec. (762682,32 ticks)

