
Version identifier: 22.1.1.0 | 2022-11-28 | 9160aff4d
CPXPARAM_MultiObjective_Display                  0
CPXPARAM_TimeLimit                               2000000
CPXPARAM_WorkMem                                 8192
CPXPARAM_DetTimeLimit                            2000000
Found incumbent of value 252000,000000 after 0,08 sec. (51,82 ticks)
Tried aggregator 3 times.
MIP Presolve eliminated 115368 rows and 1079099 columns.
Aggregator did 1338 substitutions.
Reduced MIP has 6069 rows, 31655 columns, and 69560 nonzeros.
Reduced MIP has 31625 binaries, 30 generals, 0 SOSs, and 0 indicators.
Presolve time = 0,88 sec. (629,14 ticks)
Tried aggregator 2 times.
Detecting symmetries...
Aggregator did 14 substitutions.
Reduced MIP has 6055 rows, 31641 columns, and 69532 nonzeros.
Reduced MIP has 31625 binaries, 16 generals, 0 SOSs, and 0 indicators.
Presolve time = 0,07 sec. (64,29 ticks)
Probing time = 0,06 sec. (13,98 ticks)
Clique table members: 38926.
MIP emphasis: balance optimality and feasibility.
MIP search method: dynamic search.
Parallel mode: deterministic, using up to 12 threads.
Root relaxation solution time = 0,84 sec. (588,00 ticks)

        Nodes                                         Cuts/
   Node  Left     Objective  IInf  Best Integer    Best Bound    ItCnt     Gap

*     0+    0                       252000,0000 -2060595,0000           917,70%
*     0+    0                       198455,9313 -2060595,0000              --- 
      0     0    21681,8464  2689   198455,9313    21681,8464       41   89,07%
*     0+    0                       142720,0294    21681,8464            84,81%
      0     0    21739,2618  2693   142720,0294  ZeroHalf: 16      995   84,77%
*     0+    0                        68967,4173    21739,2618            68,48%
      0     0    21779,1800  2729    68967,4173  ZeroHalf: 12     1708   68,42%
      0     0    21979,1152  2835    68967,4173  ZeroHalf: 16     3969   68,13%
      0     0    22006,8771  2862    68967,4173  ZeroHalf: 12     4615   68,09%
      0     0    22036,4207  2947    68967,4173  ZeroHalf: 11     5457   68,05%
Detecting symmetries...
      0     0    22061,2651  2945    68967,4173   ZeroHalf: 4     6062   68,01%
      0     0    22096,5562  2946    68967,4173   ZeroHalf: 4     6571   67,96%
*     0+    0                        29558,7381    22096,5562            25,25%
      0     0    22110,2390  2991    29558,7381   ZeroHalf: 8     6993   25,20%
      0     0    22122,1158  3002    29558,7381   ZeroHalf: 6     7403   25,16%
      0     0    22129,1816  2996    29558,7381   ZeroHalf: 7     7810   25,13%
      0     0    22129,4293  3013    29558,7381   ZeroHalf: 2     7847   25,13%
      0     0    22137,5071  3137    29558,7381   ZeroHalf: 5     8294   25,11%
      0     0    22139,4758  3120    29558,7381   ZeroHalf: 2     8467   25,10%
      0     0    22166,3156  3084    29558,7381   ZeroHalf: 8     9309   25,01%
      0     0    22183,4762  3124    29558,7381   ZeroHalf: 6     9767   24,95%
      0     0    22204,0866  3043    29558,7381   ZeroHalf: 8    10391   24,88%
      0     0    22206,3609  3117    29558,7381   ZeroHalf: 4    10625   24,87%
Heuristic still looking.
Detecting symmetries...
      0     2    22206,3609  3117    29558,7381    22206,3609    10625   24,87%
Elapsed time = 69,17 sec. (31811,74 ticks, tree = 0,02 MB, solutions = 4)
      1     3    22235,1149  3042    29558,7381    22206,3609    12974   24,87%
      2     4    22253,3536  3010    29558,7381    22206,3609    13992   24,87%
      3     3    22295,3550  2775    29558,7381    22206,3609    14740   24,87%
      4     5    22412,3090  2769    29558,7381    22206,3609    16752   24,87%
      7     6    22414,0637  2934    29558,7381    22235,3495    20283   24,78%
      9     8    22520,9239  2606    29558,7381    22235,3495    24394   24,78%
     10    10    22468,8226  2859    29558,7381    22235,3495    27379   24,78%
     12    12    22538,6496  2749    29558,7381    22287,8440    29930   24,60%
     15     9    22415,1119  2896    29558,7381    22287,8440    26253   24,60%
     25    17    22536,5588  2663    29558,7381    22287,8440    41700   24,60%
Elapsed time = 94,89 sec. (40628,88 ticks, tree = 0,03 MB, solutions = 4)
     39    30    22653,2265  2356    29558,7381    22287,8440    64911   24,60%
     50    28    22615,8428  2720    29558,7381    22287,8440    63733   24,60%
     66    13    22529,6638  2701    29558,7381    22287,8440    32580   24,60%
     84    62    22890,9668  2059    29558,7381    22287,8440   101035   24,60%
     93    65    22745,1529  2076    29558,7381    22287,8440   103461   24,60%
    108   101    22890,4447  2530    29558,7381    22377,8941   134182   24,29%
    134   103    23019,7793  1855    29558,7381    22377,8941   137129   24,29%
    157   138    23159,6351  1644    29558,7381    22378,0150   162273   24,29%
    182   140    23445,3521  1721    29558,7381    22378,0150   163982   24,29%
    206   163    23212,8369  1734    29558,7381    22378,0150   180383   24,29%
Elapsed time = 159,76 sec. (50686,99 ticks, tree = 3,39 MB, solutions = 4)
*   213+  126                        24185,0850    22378,0150             7,47%
    230   180    24576,9664  1029    24185,0850    22378,0150   185820    7,47%
    257   224    23868,7925  1177    24185,0850    22378,0150   219704    7,47%
    300   235    23981,7335  1062    24185,0850    22378,0150   226034    7,47%
    333   288    23459,1685  1839    24185,0850    22378,0150   262432    7,47%
*   350   257      integral     0    24174,4445    22378,0150   246937    7,43%
    360   267    23112,7807  1895    24174,4445    22378,0150   252763    7,43%
    387   299    22589,8621  2266    24174,4445    22378,0150   270248    7,43%
    415   320        cutoff          24174,4445    22378,0150   289269    7,43%
    442   355    24123,0801  1399    24174,4445    22378,0150   325827    7,43%
    463   364    22642,4931  2036    24174,4445    22378,0150   337232    7,43%
    479   375    22806,3957  2029    24174,4445    22378,0150   348645    7,43%
Elapsed time = 229,61 sec. (60524,54 ticks, tree = 10,55 MB, solutions = 9)
    499   397    22585,5856  2242    24174,4445    22378,0150   370579    7,43%
    521   387    24104,8865  1317    24174,4445    22378,0150   359278    7,43%
    544   438    24129,7965  1584    24174,4445    22378,0150   408461    7,43%
    574   424    23090,5020  1778    24174,4445    22378,0150   394714    7,43%
    603   470    24142,5777  1248    24174,4445    22415,1645   431696    7,28%
    624   472    23082,8998  1985    24174,4445    22415,1645   441542    7,28%
    646   474    23188,9238  1975    24174,4445    22415,1645   443333    7,28%
    677   553    24060,6977    88    24174,4445    22415,1645   498378    7,28%
*   678   552      integral     0    24063,7811    22415,1645   498383    6,85%
    700   523    23996,8022  1292    24063,7811    22415,1645   479758    6,85%
    744   552        cutoff          24063,7811    22415,1645   515143    6,85%
Elapsed time = 299,47 sec. (70352,49 ticks, tree = 18,29 MB, solutions = 10)
    761   573    23074,6011  2230    24063,7811    22474,3997   528910    6,60%
    785   575    22729,0868  2112    24063,7811    22485,0334   532304    6,56%
    819   602    23756,8609  1525    24063,7811    22485,0334   554471    6,56%
    849   617    22970,7068  2247    24063,7811    22485,0334   566059    6,56%
    869   618    23012,9963  2071    24063,7811    22485,0334   566698    6,56%
    895   626    23078,9308  2112    24063,7811    22485,0334   575306    6,56%
*   909   663      integral     0    24043,3836    22485,0334   602615    6,48%
    920   681    23305,2115  2154    24043,3836    22485,0334   622842    6,48%
*   943+  656                        23999,2071    22485,0334             6,31%
    943   658    23181,0499  1789    23999,2071    22485,0334   607274    6,31%
    965   721    22715,6361  2184    23999,2071    22485,0334   666307    6,31%
    989   733    22941,7199  2287    23999,2071    22485,0334   673192    6,31%
Elapsed time = 368,90 sec. (80147,36 ticks, tree = 26,25 MB, solutions = 13)
   1017   721    23478,7292  2381    23999,2071    22485,0334   648908    6,31%
   1045   779    23560,0271  2217    23999,2071    22485,0334   714745    6,31%
   1077   741    22943,0436  2671    23999,2071    22485,0334   683620    6,31%
   1103   798    23819,9654  1073    23999,2071    22485,0334   731832    6,31%
*  1115   799      integral     0    23909,9088    22485,0334   732727    5,96%
   1130   823    23572,5485  2112    23909,9088    22485,0334   747318    5,96%
   1151   788    23165,3210  2406    23909,9088    22556,1914   725137    5,66%
   1175   829        cutoff          23909,9088    22556,1914   751477    5,66%
   1194   819    22745,2635  2206    23909,9088    22556,1914   798229    5,66%
   1224   830    23065,4241  2310    23909,9088    22556,1914   805968    5,66%
   1251   821    23296,9660  1822    23909,9088    22557,9524   795718    5,65%
Elapsed time = 440,88 sec. (90057,05 ticks, tree = 26,09 MB, solutions = 14)
   1278   834    23387,8717  1928    23909,9088    22560,1459   809497    5,65%
   1302   828    23269,2282  2118    23909,9088    22560,1459   804683    5,65%
   1332   890    23108,9612  2144    23909,9088    22560,1459   863082    5,65%
   1356   895    23144,0652  1915    23909,9088    22569,4169   869645    5,61%
   1386   934    23827,9185  2131    23909,9088    22572,2436   895686    5,59%
   1416  1001    23513,9991  1719    23909,9088    22572,2436   949099    5,59%
   1450   993    23407,0871  1922    23909,9088    22572,2436   942485    5,59%
   1482   947    23318,9909  2056    23909,9088    22572,2436   906045    5,59%
   1514   997    22663,5143  2134    23909,9088    22572,2436   946355    5,59%
   1544  1070    23646,0538  2078    23909,9088    22575,1807  1006288    5,58%
Elapsed time = 512,42 sec. (99937,52 ticks, tree = 34,95 MB, solutions = 14)
   1572  1128    23027,9301  2000    23909,9088    22578,2671  1049497    5,57%
   1598  1105    22675,5848  2154    23909,9088    22578,2671  1031973    5,57%
   1624  1034    23267,1628  2205    23909,9088    22578,2671   978377    5,57%
   1648  1076    22841,1894  2357    23909,9088    22583,2460  1013224    5,55%
   1679  1204    23444,8600  1889    23909,9088    22585,6046  1103270    5,54%
   1707  1127    23448,4322  1777    23909,9088    22593,0922  1046240    5,51%
   1742  1244    23202,5206  2211    23909,9088    22593,0922  1135774    5,51%
   1773  1210    22760,6081  2052    23909,9088    22593,0922  1108843    5,51%
   1809  1293    22947,5267  1982    23909,9088    22593,0922  1170462    5,51%
   1839  1318    23561,1248  1458    23909,9088    22596,0401  1191679    5,50%
Elapsed time = 586,54 sec. (109820,16 ticks, tree = 43,09 MB, solutions = 14)
   1871  1320    23836,3459  1236    23909,9088    22596,0401  1193874    5,50%
   1905  1346    23855,9431  1399    23909,9088    22598,3589  1211870    5,49%
   1933  1402    23742,3396  1990    23909,9088    22598,3589  1250398    5,49%
   1961  1400        cutoff          23909,9088    22603,4324  1252673    5,46%
   1993  1337    22847,0374  2659    23909,9088    22603,4324  1208040    5,46%
   2016  1477    22886,9275  2481    23909,9088    22604,5972  1311465    5,46%
   2036  1404    22813,6943  2079    23909,9088    22604,5972  1257150    5,46%
   2063  1520    23359,7282  1876    23909,9088    22604,5972  1350631    5,46%
   2095  1535    23787,8801   932    23909,9088    22613,8392  1362968    5,42%
   2133  1516    23402,9024  1686    23909,9088    22613,8392  1344363    5,42%
Elapsed time = 658,22 sec. (119665,52 ticks, tree = 53,35 MB, solutions = 14)
   2171  1478    23306,8454  2038    23909,9088    22613,8392  1310283    5,42%
   2194  1574    23158,0363  1818    23909,9088    22613,8392  1407272    5,42%
   2220  1625    22813,7045  2437    23909,9088    22613,8392  1443524    5,42%
   2245  1626    22871,3145  2396    23909,9088    22613,8392  1444999    5,42%
   2275  1726    23755,3349  1786    23909,9088    22615,8660  1525895    5,41%
   2301  1629    23119,3803  2236    23909,9088    22615,8660  1448040    5,41%
   2326  1690    23228,2729  2098    23909,9088    22615,8660  1499461    5,41%
   2356  1678    22927,9442  2361    23909,9088    22615,8660  1487649    5,41%
   2396  1774    23492,0734  2091    23909,9088    22616,0206  1572057    5,41%
   2525  1816    23044,5571  2178    23909,9088    22616,0206  1628178    5,41%
Elapsed time = 749,87 sec. (132479,70 ticks, tree = 66,25 MB, solutions = 14)
   2642  1883    23254,5375  1871    23909,9088    22623,0952  1688053    5,38%
   2773  1956    23863,0845  1894    23909,9088    22623,4627  1736504    5,38%
   2882  2143    23211,8972  1927    23909,9088    22628,3045  1866111    5,36%
   2995  2244    23119,6765  2269    23909,9088    22630,7831  1944310    5,35%
   3123  2328        cutoff          23909,9088    22632,3573  2003531    5,34%
   3240  2357    22872,8895  1985    23909,9088    22640,0428  2024533    5,31%
   3380  2508    23884,4494  1817    23909,9088    22642,4436  2136689    5,30%
   3499  2581    23463,6206  1785    23909,9088    22645,4790  2187955    5,29%
   3607  2686    23684,0664  1857    23909,9088    22646,1766  2269544    5,29%
   3712  2741    23222,6747  1916    23909,9088    22648,3321  2315829    5,28%
Elapsed time = 1026,12 sec. (170787,90 ticks, tree = 107,28 MB, solutions = 14)
   3813  2849    22998,2675  2045    23909,9088    22649,4012  2405459    5,27%

Performing restart 1

Repeating presolve.
Tried aggregator 1 time.
MIP Presolve eliminated 6 rows and 317 columns.
Reduced MIP has 6049 rows, 31324 columns, and 68890 nonzeros.
Reduced MIP has 31308 binaries, 16 generals, 0 SOSs, and 0 indicators.
Presolve time = 0,05 sec. (41,73 ticks)
Tried aggregator 1 time.
Reduced MIP has 6049 rows, 31324 columns, and 68890 nonzeros.
Reduced MIP has 31308 binaries, 16 generals, 0 SOSs, and 0 indicators.
Presolve time = 0,11 sec. (51,77 ticks)
Represolve time = 1,53 sec. (1024,22 ticks)
   3852     0    22276,1184  2982    23909,9088   ZeroHalf: 3  2576465    5,25%
   3852     0    22289,1927  3127    23909,9088  ZeroHalf: 10  2576968    5,25%
   3852     0    22291,9748  3179    23909,9088   ZeroHalf: 3  2577179    5,25%
   3852     0    22302,3568  3210    23909,9088   ZeroHalf: 8  2577714    5,25%
   3852     0    22306,0576  3197    23909,9088       Cuts: 6  2578038    5,25%
   3852     0    22330,0723  3139    23909,9088   ZeroHalf: 7  2578954    5,25%
   3852     0    22331,0809  3199    23909,9088       Cuts: 3  2579146    5,25%
   3852     2    22331,0809  3199    23909,9088    22653,4586  2579146    5,25%
   3854     4    22362,9985  3067    23909,9088    22653,4586  2581759    5,25%
   3864    10    22762,3899  2515    23909,9088    22653,4586  2597738    5,25%
   3888    25    23102,3975  2325    23909,9088    22653,4586  2630505    5,25%
   3924    46    23298,8389  2203    23909,9088    22653,4586  2670800    5,25%
   3973    94    22706,8378  2675    23909,9088    22653,4586  2739098    5,25%
   4030   102    22973,6646  2627    23909,9088    22653,4586  2771205    5,25%
   4112   152    23376,7033  2618    23909,9088    22653,4586  2823033    5,25%
   4168   256    23247,3883  2337    23909,9088    22653,4586  2912599    5,25%
Elapsed time = 1335,29 sec. (275838,88 ticks, tree = 5,04 MB, solutions = 14)
   4260   253    23847,6795  2286    23909,9088    22653,4586  2916622    5,25%
   4367   374    23501,9187  1863    23909,9088    22653,4586  3005399    5,25%
   4475   429    23793,1989  1713    23909,9088    22653,4586  3049612    5,25%
   4559   526    23772,2338  1416    23909,9088    22653,4586  3117717    5,25%
   4654   632    23621,5977  1861    23909,9088    22653,4586  3206621    5,25%
   4769   715    23755,5886  1659    23909,9088    22653,4586  3291278    5,25%
*  4892+  714                        23828,9147    22653,4586             4,93%
   4892   759    23503,4755  1966    23828,9147    22653,4586  3321701    4,93%
*  4954+  780                        23812,2083    22653,4586             4,87%
   5015   789    23627,8379  2364    23812,2083    22653,4586  3344098    4,87%
   5152   854    23370,1430  1728    23812,2083    22653,4586  3452872    4,87%
   5281   836    23266,1599  2669    23812,2083    22653,4586  3448861    4,87%
Elapsed time = 1602,98 sec. (314141,22 ticks, tree = 32,20 MB, solutions = 16)
   5412  1025    23448,0024  2030    23812,2083    22653,4586  3586238    4,87%
*  5473+ 1033                        23805,0468    22653,4586             4,84%
   5500  1065    23312,5981  2252    23805,0468    22653,4586  3608474    4,84%
   5579  1255    23390,9508  1909    23805,0468    22653,4586  3729809    4,84%
   5751  1299    23653,7970  1972    23805,0468    22653,4586  3770288    4,84%
   5864  1462        cutoff          23805,0468    22653,4586  3877647    4,84%
   5991  1536    23654,0720  2138    23805,0468    22653,4586  3932329    4,84%
   6101  1622        cutoff          23805,0468    22653,4586  4038525    4,84%
   6209  1626    23640,5939  1607    23805,0468    22653,4586  4021578    4,84%
   6345  1797    23504,2553  2468    23805,0468    22653,4586  4168148    4,84%
   6463  1878    23031,5650  2509    23805,0468    22653,4586  4247149    4,84%
Elapsed time = 1874,85 sec. (352756,32 ticks, tree = 72,48 MB, solutions = 17)
   6580  1872        cutoff          23805,0468    22653,4586  4245853    4,84%
   6674  2048    23409,8576  2016    23805,0468    22653,4586  4407235    4,84%
   6774  2103        cutoff          23805,0468    22653,4586  4448703    4,84%
   6901  2151    23797,8669  1754    23805,0468    22653,4586  4475771    4,84%
   6995  2258    23609,1339  2073    23805,0468    22653,4586  4566183    4,84%
   7110  2213    23614,1421  2377    23805,0468    22653,4586  4527729    4,84%
   7241  2456    23716,6035  1443    23805,0468    22653,4586  4720282    4,84%
   7354  2393    23594,7004  1764    23805,0468    22653,4586  4672189    4,84%
*  7399+ 2435                        23693,7554    22653,4586             4,39%
   7471  2212    23610,3384  2364    23693,7554    22653,4586  4858402    4,39%
   7562  2204        cutoff          23693,7554    22689,0999  4840817    4,24%
Elapsed time = 2152,26 sec. (391255,04 ticks, tree = 83,42 MB, solutions = 18)
*  7570+ 2263                        23665,2168    22689,0999             4,12%
   7678  2201    23613,8944  1904    23665,2168    22858,0517  5001932    3,41%
   7775  2200    23400,5039  2051    23665,2168    22881,3398  4989664    3,31%
   7880  2258    23253,3355  2385    23665,2168    22900,1942  5070638    3,23%
   7960  2239    23570,3515  2483    23665,2168    22900,1942  5053055    3,23%
   8055  2456    23206,1031  2685    23665,2168    22900,1942  5281373    3,23%
   8152  2491    23408,1821  2159    23665,2168    22927,3831  5363387    3,12%
   8233  2485    23315,6760  2574    23665,2168    22950,5454  5327600    3,02%
   8319  2574    23636,2486  2313    23665,2168    22957,9047  5447019    2,99%
   8390  2583    23537,3127  2233    23665,2168    22969,9383  5479611    2,94%
   8442  2641    23622,8099  1575    23665,2168    22969,9383  5543971    2,94%
Elapsed time = 2434,42 sec. (430207,00 ticks, tree = 102,61 MB, solutions = 19)
   8486  2699    23418,0685  2028    23665,2168    22972,0014  5623129    2,93%
   8554  2725    23540,4048  2274    23665,2168    22974,1746  5664093    2,92%
   8615  2711    23170,9472  2249    23665,2168    22981,4472  5652597    2,89%
   8697  2789    23490,7883  2358    23665,2168    22981,4472  5740457    2,89%
   8795  2824    23599,9170  2583    23665,2168    22995,0665  5783846    2,83%
   8861  2825    23316,7016  2819    23665,2168    22999,7375  5788883    2,81%
   8922  2901    23222,5680  2456    23665,2168    22999,7375  5921265    2,81%
   8993  2954    23500,7550  2271    23665,2168    23029,9077  5999028    2,68%
   9057  2970    23383,5951  2007    23665,2168    23032,1504  6019913    2,68%
   9133  3034    23357,1883  2699    23665,2168    23032,1504  6111249    2,68%
Elapsed time = 2689,54 sec. (469042,62 ticks, tree = 117,61 MB, solutions = 19)
   9198  3128    23655,8350  2592    23665,2168    23032,5595  6271209    2,67%
   9255  3138    23639,5882  1941    23665,2168    23032,5595  6303821    2,67%
   9334  3157    23571,9040  2072    23665,2168    23060,9811  6372742    2,55%
   9389  3170    23353,0770  2867    23665,2168    23066,3576  6421622    2,53%
   9474  3180    23319,9659  2350    23665,2168    23072,0395  6469864    2,51%
   9552  3194        cutoff          23665,2168    23079,1255  6493209    2,48%
   9620  3210    23434,0064  2119    23665,2168    23079,1255  6535234    2,48%
   9685  3274    23421,9928  2308    23665,2168    23085,8005  6632791    2,45%
   9734  3355    23395,5067  3004    23665,2168    23090,0256  6808865    2,43%
   9782  3283    23365,0447  2677    23665,2168    23090,0256  6657721    2,43%
Elapsed time = 2962,15 sec. (507493,44 ticks, tree = 126,27 MB, solutions = 19)
   9851  3393        cutoff          23665,2168    23096,1836  6909726    2,40%
   9920  3428    23339,0104  2142    23665,2168    23099,4709  6953468    2,39%
   9991  3435    23404,6268  2320    23665,2168    23099,4709  6959874    2,39%
  10063  3507    23598,8504  1990    23665,2168    23112,1569  7101129    2,34%
  10150  3467    23611,9008  1471    23665,2168    23114,4006  7022527    2,33%
  10227  3503    23395,8834  2218    23665,2168    23115,7728  7078864    2,32%
  10296  3516    23599,3795  1991    23665,2168    23115,9699  7167050    2,32%
  10386  3587    23503,7989  1662    23665,2168    23115,9699  7263164    2,32%
  10481  3608    23552,6282  2675    23665,2168    23115,9699  7312495    2,32%
  10563  3637    23362,7348  2753    23665,2168    23129,8780  7351554    2,26%
Elapsed time = 3219,52 sec. (546182,94 ticks, tree = 141,10 MB, solutions = 19)
  10664  3708        cutoff          23665,2168    23135,2472  7436216    2,24%
  10726  3753    23448,6579  2164    23665,2168    23139,7663  7500211    2,22%
  10817  3798    23371,8903  2347    23665,2168    23144,0742  7564746    2,20%
  10890  3873    23632,9874  2969    23665,2168    23144,8188  7701201    2,20%
  10974  3943    23651,6856  1951    23665,2168    23150,3298  7812640    2,18%
  11078  3917        cutoff          23665,2168    23153,7225  7764074    2,16%
  11161  3998    23567,9865  1807    23665,2168    23155,1513  7930462    2,16%
  11253  4072    23579,6480  2284    23665,2168    23157,1587  8027909    2,15%
  11315  3980    23307,8053  2614    23665,2168    23159,1610  7926265    2,14%
  11365  4136    23429,5692  2457    23665,2168    23162,8910  8128346    2,12%
Elapsed time = 3501,44 sec. (584628,43 ticks, tree = 162,88 MB, solutions = 19)
* 11415  4141      integral     0    23586,0682    23165,3950  8114210    1,78%
  11424  4171    23409,0457  2729    23586,0682    23166,2154  8185043    1,78%
  11494  4201    23594,5572  1793    23586,0682    23166,7260  8222129    1,78%
  11555  3273    23530,1340  2482    23586,0682    23171,7624  8228589    1,76%
  11616  3299    23458,6475  2739    23586,0682    23171,7624  8352339    1,76%
  11674  3327        cutoff          23586,0682    23181,1989  8439807    1,72%
  11745  3341    23556,6890  2360    23586,0682    23183,9675  8475698    1,70%
  11833  3349        cutoff          23586,0682    23188,7984  8597237    1,68%
  11909  3350        cutoff          23586,0682    23194,1359  8552165    1,66%
  12008  3360    23503,3552  1987    23586,0682    23197,1659  8637415    1,65%
  12090  3395    23557,3656  2451    23586,0682    23202,0560  8770140    1,63%
Elapsed time = 3757,38 sec. (623291,74 ticks, tree = 127,57 MB, solutions = 20)
  12167  3428    23550,9230  2446    23586,0682    23205,1838  8844867    1,61%
  12208  3448    23475,3725  2167    23586,0682    23210,1538  8886638    1,59%
  12296  3403    23468,1133  1880    23586,0682    23213,4138  8803452    1,58%
  12358  3486    23449,4210  1799    23586,0682    23220,3308  9065874    1,55%
  12445  3477        cutoff          23586,0682    23220,3308  8969449    1,55%
  12514  3512    23430,3749  2451    23586,0682    23225,9870  9078414    1,53%
  12582  3497    23491,0682  2068    23586,0682    23229,1924  9099450    1,51%
  12621  3518    23554,5870  2308    23586,0682    23234,4322  9154681    1,49%
  12671  3544    23578,3269  2531    23586,0682    23238,8970  9193352    1,47%
  12721  3576        cutoff          23586,0682    23243,0243  9383800    1,45%
Elapsed time = 4036,01 sec. (661942,71 ticks, tree = 133,72 MB, solutions = 20)
  12783  3588    23451,8196  1986    23586,0682    23248,1541  9428578    1,43%
  12869  3585        cutoff          23586,0682    23250,0708  9420929    1,42%
  12951  3593        cutoff          23586,0682    23252,4410  9438758    1,41%
  13025  3635        cutoff          23586,0682    23254,4680  9584233    1,41%
  13104  3641    23561,8251  1944    23586,0682    23256,1569  9544502    1,40%
  13190  3693    23583,8488  2492    23586,0682    23258,6540  9699456    1,39%
  13251  3671    23571,1022  2580    23586,0682    23259,8765  9686354    1,38%
  13329  3701    23577,8926  2448    23586,0682    23265,3005  9773742    1,36%
  13412  3749        cutoff          23586,0682    23266,3373  9929443    1,36%
  13479  3760    23558,5403  2446    23586,0682    23268,8909  9982890    1,34%
Elapsed time = 4307,14 sec. (700765,58 ticks, tree = 142,83 MB, solutions = 20)
  13565  3769    23502,6635  1715    23586,0682    23273,1988 10010028    1,33%
  13666  3762        cutoff          23586,0682    23283,0597 10039265    1,28%
  13737  3765    23471,4733  1979    23586,0682    23284,1631 10137549    1,28%
  13836  3795    23482,9601  1893    23586,0682    23291,3188 10238383    1,25%
  13912  3826    23378,1725  2823    23586,0682    23297,4455 10371686    1,22%
  13994  3831    23575,0360  1916    23586,0682    23298,8643 10378042    1,22%
  14070  3871        cutoff          23586,0682    23301,5319 10512008    1,21%
  14146  3880    23554,7375  2199    23586,0682    23304,9451 10589564    1,19%
  14221  3880        cutoff          23586,0682    23308,3550 10595190    1,18%
  14289  3876    23479,6329  1857    23586,0682    23311,8645 10647305    1,16%
Elapsed time = 4588,21 sec. (739328,30 ticks, tree = 148,32 MB, solutions = 20)
  14372  3865    23481,0728  2136    23586,0682    23315,6581 10764123    1,15%
  14429  3857        cutoff          23586,0682    23315,8768 10712889    1,15%
  14488  3859    23489,6813  1464    23586,0682    23322,0886 10717252    1,12%
  14550  3859        cutoff          23586,0682    23322,9853 10779945    1,12%
  14600  3867    23492,8699  2300    23586,0682    23322,9853 10838695    1,12%
  14661  3893    23513,4216  2643    23586,0682    23331,4849 11002741    1,08%
  14743  3886    23558,1609  1902    23586,0682    23335,7084 11121060    1,06%
  14821  3885    23567,1594  2432    23586,0682    23340,4980 11172360    1,04%
  14921  3900    23509,5528  1424    23586,0682    23341,7744 11178473    1,04%
  15018  3886    23570,5159  2169    23586,0682    23349,3606 11136437    1,00%
Elapsed time = 4850,72 sec. (777940,76 ticks, tree = 145,46 MB, solutions = 20)
  15129  3902        cutoff          23586,0682    23351,3742 11190077    1,00%
  15211  3888    23568,5022  2826    23586,0682    23354,7111 11407409    0,98%
  15311  3904        cutoff          23586,0682    23356,2521 11494678    0,97%
  15396  3914    23560,6555  2688    23586,0682    23358,1370 11524304    0,97%
  15493  3894        cutoff          23586,0682    23361,6242 11464809    0,95%
  15576  3894    23456,5505  2120    23586,0682    23365,3081 11497378    0,94%
  15683  3938    23519,2753  1764    23586,0682    23369,2531 11620445    0,92%
  15801  3909        cutoff          23586,0682    23370,5569 11848117    0,91%
  15885  3925        cutoff          23586,0682    23372,3308 11701826    0,91%
  15979  3926        cutoff          23586,0682    23377,2376 12016610    0,89%
Elapsed time = 5134,04 sec. (816617,82 ticks, tree = 148,24 MB, solutions = 20)
  16076  3943        cutoff          23586,0682    23381,3349 12099261    0,87%
  16170  3939    23576,7178  1772    23586,0682    23382,6112 12161204    0,86%
  16251  3938        cutoff          23586,0682    23384,4066 12228699    0,86%
  16336  3944    23541,0037  2045    23586,0682    23390,9063 12231847    0,83%
  16429  3958    23581,4694  1798    23586,0682    23392,5205 12190840    0,82%
  16529  3932        cutoff          23586,0682    23395,1129 12335181    0,81%
  16616  3943    23526,7856  1877    23586,0682    23397,1007 12275265    0,80%
  16719  3951    23564,1001  1978    23586,0682    23398,0797 12431533    0,80%
  16813  3949        cutoff          23586,0682    23399,3983 12437511    0,79%
  16923  3952        cutoff          23586,0682    23403,1088 12630434    0,78%
Elapsed time = 5419,44 sec. (855298,81 ticks, tree = 152,85 MB, solutions = 20)
  17040  3968    23575,7244  2139    23586,0682    23407,4367 12485804    0,76%
  17159  3961        cutoff          23586,0682    23408,2884 12599491    0,75%
  17274  3969    23516,4503  1588    23586,0682    23410,6089 12590093    0,74%
  17404  3941        cutoff          23586,0682    23415,9389 12873812    0,72%
  17513  3946    23510,0909  2095    23586,0682    23417,6556 12836725    0,71%
  17631  3948    23563,0822  2968    23586,0682    23420,7087 12860219    0,70%
  17755  3847        cutoff          23586,0682    23426,7323 13154004    0,68%
  17877  3845        cutoff          23586,0682    23428,4910 13159746    0,67%
  18003  3785        cutoff          23586,0682    23432,9198 13290407    0,65%
  18114  3798        cutoff          23586,0682    23434,0429 13253425    0,64%
Elapsed time = 5681,03 sec. (894040,66 ticks, tree = 146,04 MB, solutions = 20)
  18226  3757    23577,2698  2050    23586,0682    23437,3936 13418941    0,63%
  18314  3770    23571,2290  1567    23586,0682    23437,3936 13348445    0,63%
  18423  3718        cutoff          23586,0682    23444,7917 13485943    0,60%
  18526  3690    23512,6353  2092    23586,0682    23444,7917 13530178    0,60%
  18623  3760        cutoff          23586,0682    23444,7917 13419508    0,60%
  18718  3576        cutoff          23586,0682    23452,0867 13761543    0,57%
  18840  3567        cutoff          23586,0682    23455,2468 13740220    0,55%
  18965  3464    23535,9238  2656    23586,0682    23455,2468 13905021    0,55%
  19114  3418    23485,2939  2031    23586,0682    23464,0087 14006579    0,52%
  19274  3402        cutoff          23586,0682    23466,2396 14038657    0,51%
Elapsed time = 5966,90 sec. (932544,78 ticks, tree = 126,24 MB, solutions = 20)
  19419  3343    23559,6228  2769    23586,0682    23468,1475 14103382    0,50%
  19564  3263        cutoff          23586,0682    23471,1093 14188546    0,49%
  19728  3323        cutoff          23586,0682    23471,1093 14124303    0,49%
  19829  3198        cutoff          23586,0682    23479,4845 14257803    0,45%
  19952  3104        cutoff          23586,0682    23479,9436 14382370    0,45%
  20087  3120        cutoff          23586,0682    23481,8887 14375947    0,44%
  20231  3004        cutoff          23586,0682    23486,9685 14496048    0,42%
  20403  2882        cutoff          23586,0682    23492,5321 14640600    0,40%
  20589  2793    23574,5891  2720    23586,0682    23495,6354 14733888    0,38%
  20784  2712        cutoff          23586,0682    23499,8426 14813189    0,37%
Elapsed time = 6243,04 sec. (970888,55 ticks, tree = 94,75 MB, solutions = 20)
  20956  2610        cutoff          23586,0682    23504,0650 14910968    0,35%
  21115  2624        cutoff          23586,0682    23506,4021 14897222    0,34%
  21275  2547    23566,0339  1922    23586,0682    23510,1241 14960291    0,32%
  21426  2407        cutoff          23586,0682    23510,7767 15051300    0,32%
  21626  2300    23575,2723  2302    23586,0682    23517,7854 15146649    0,29%
  21834  2202        cutoff          23586,0682    23520,8874 15237883    0,28%
  22067  2010        cutoff          23586,0682    23524,8503 15367457    0,26%
  22332  1751        cutoff          23586,0682    23532,8329 15479154    0,23%
  22595  1547        cutoff          23586,0682    23536,6296 15564411    0,21%
  22914  1370        cutoff          23586,0682    23542,5232 15637522    0,18%
Elapsed time = 6517,28 sec. (1009167,22 ticks, tree = 33,67 MB, solutions = 20)
  23259  1078        cutoff          23586,0682    23548,9686 15720317    0,16%
  23768   534        cutoff          23586,0682    23562,8374 15823441    0,10%

Zero-half cuts applied:  763
Lift and project cuts applied:  2
Gomory fractional cuts applied:  2

Root node processing (before b&c):
  Real time             =   67,83 sec. (31564,49 ticks)
Parallel b&c, 12 threads:
  Real time             = 6508,37 sec. (987497,05 ticks)
  Sync time (average)   =  870,63 sec.
  Wait time (average)   =    0,05 sec.
                          ------------
Total (root+branch&cut) = 6576,20 sec. (1019061,53 ticks)

