
Version identifier: 22.1.1.0 | 2022-11-28 | 9160aff4d
CPXPARAM_MultiObjective_Display                  0
CPXPARAM_WorkMem                                 8192
CPXPARAM_DetTimeLimit                            2000000
Tried aggregator 3 times.
MIP Presolve eliminated 115600 rows and 1080926 columns.
Aggregator did 1077 substitutions.
Reduced MIP has 5557 rows, 28439 columns, and 62526 nonzeros.
Reduced MIP has 28408 binaries, 31 generals, 0 SOSs, and 0 indicators.
Presolve time = 0,92 sec. (596,39 ticks)
Found incumbent of value 203013,779377 after 1,11 sec. (733,40 ticks)
Probing time = 0,04 sec. (12,64 ticks)
Tried aggregator 2 times.
Detecting symmetries...
Aggregator did 15 substitutions.
Reduced MIP has 5542 rows, 28424 columns, and 62496 nonzeros.
Reduced MIP has 28408 binaries, 16 generals, 0 SOSs, and 0 indicators.
Presolve time = 0,07 sec. (58,05 ticks)
Probing time = 0,05 sec. (12,35 ticks)
Clique table members: 35103.
MIP emphasis: balance optimality and feasibility.
MIP search method: dynamic search.
Parallel mode: deterministic, using up to 12 threads.
Root relaxation solution time = 0,95 sec. (584,27 ticks)

        Nodes                                         Cuts/
   Node  Left     Objective  IInf  Best Integer    Best Bound    ItCnt     Gap

*     0+    0                       203013,7794 -1815112,0000           994,08%
*     0+    0                       181450,0154 -1815112,0000              --- 
*     0+    0                       181431,7634 -1815112,0000              --- 
*     0+    0                       181413,5114 -1815112,0000              --- 
*     0+    0                       181396,3394 -1815112,0000              --- 
*     0+    0                       181379,4914 -1815112,0000              --- 
*     0+    0                       181362,6434 -1815112,0000              --- 
*     0+    0                       181345,7954 -1815112,0000              --- 
*     0+    0                       181328,9474 -1815112,0000              --- 
*     0+    0                       181312,0994 -1815112,0000              --- 
      0     0    26695,1480  2139   181312,0994    26695,1480       40   85,28%
      0     0    26753,5360  2079   181312,0994      Cuts: 20      466   85,24%
      0     0    26819,6272  2160   181312,0994      Cuts: 21     1241   85,21%
*     0+    0                       137634,1197    26819,6272            80,51%
      0     0    26829,4181  2225   137634,1197   ZeroHalf: 5     1504   80,51%
*     0+    0                       101030,1124    26829,4181            73,44%
*     0+    0                        74347,0715    26829,4181            63,91%
*     0+    0                        71351,6751    26829,4181            62,40%
*     0+    0                        60597,8371    26829,4181            55,73%
*     0+    0                        57691,2555    26829,4181            53,49%
      0     0  -1,00000e+75     0    57691,2555    26829,4181     1504   53,49%
*     0+    0                        53038,9101    26829,4181            49,42%
      0     0    26844,0456  2145    53038,9101   ZeroHalf: 8     1812   49,39%
      0     0    26856,8743  2188    53038,9101   ZeroHalf: 7     2164   49,36%
      0     0    26866,8439  2227    53038,9101  ZeroHalf: 10     2445   49,35%
      0     0    26870,5024  2226    53038,9101   ZeroHalf: 5     2622   49,34%
      0     0    26871,9563  2202    53038,9101   ZeroHalf: 2     2778   49,34%
      0     0    26874,5797  2198    53038,9101   ZeroHalf: 2     2951   49,33%
      0     0    26878,0542  2204    53038,9101   ZeroHalf: 3     3115   49,32%
      0     0    26879,4634  2229    53038,9101   ZeroHalf: 1     3252   49,32%
      0     0    26880,0388  2244    53038,9101   ZeroHalf: 2     3362   49,32%
*     0+    0                        31083,9971    26880,0388            13,52%
      0     2    26880,0388  2244    31083,9971    26880,0388     3362   13,52%
Elapsed time = 31,99 sec. (15133,19 ticks, tree = 0,02 MB, solutions = 18)
      1     3    26912,2831  2237    31083,9971    26880,0506     3997   13,52%
      2     3    26938,0967  2058    31083,9971    26880,0506     4105   13,52%
      3     4    26999,0572  2129    31083,9971    26880,0506     5138   13,52%
      4     4    26971,3145  2073    31083,9971    26880,0506     4761   13,52%
      5     5    26986,4378  1950    31083,9971    26912,7151     6173   13,42%
      7     9    27080,1337  1802    31083,9971    26971,4644    10783   13,23%
     12     6    27325,9269  2212    31083,9971    26971,4644     8537   13,23%
     18    10    27153,8845  1742    31083,9971    26971,6736    11690   13,23%
     26    21    27120,4433  1843    31083,9971    27030,3078    25292   13,04%
     55    28    27246,9489  1903    31083,9971    27037,0635    32960   13,02%
Elapsed time = 50,68 sec. (18972,49 ticks, tree = 0,27 MB, solutions = 18)
     78    75    27173,2796  1966    31083,9971    27065,1963    61808   12,93%
    110    74    28201,5260  1878    31083,9971    27065,1963    62958   12,93%
    147   109    27507,3241  1501    31083,9971    27065,1963    85650   12,93%
    185   147    27727,4498  1322    31083,9971    27065,1963   107193   12,93%
    226   186    28586,9266  1627    31083,9971    27065,1963   128906   12,93%
    276   233    29107,8069  1062    31083,9971    27065,1963   146851   12,93%
    345   259    27724,5158  1555    31083,9971    27065,1963   162434   12,93%
    419   310    28379,1117  1253    31083,9971    27065,1963   180810   12,93%
*   443   337      integral     0    30789,2777    27065,1963   189349   12,10%
    505   391    30703,7593   793    30789,2777    27065,1963   209514   12,10%
    593   467    30343,3883   649    30789,2777    27065,1963   238688   12,10%
Elapsed time = 122,75 sec. (28628,17 ticks, tree = 14,63 MB, solutions = 19)
*   650   501      integral     0    29462,8801    27065,1963   252354    8,14%
*   658   433      integral     0    29439,8981    27065,1963   263862    8,07%
*   663   431      integral     0    29437,4681    27065,1963   263881    8,06%
    698   438    28338,7604  1294    29437,4681    27090,5886   286716    7,97%
    732   460    27877,7745  1434    29437,4681    27101,3491   305696    7,94%
    772   494    27538,1247  1606    29437,4681    27143,5236   327115    7,79%
    810   522    28127,3039  1464    29437,4681    27151,5881   346122    7,77%
    851   547    27554,4044  1585    29437,4681    27151,5881   366226    7,77%
    896   566    28530,8563  1161    29437,4681    27151,8886   376692    7,76%
*   916+  566                        29225,5341    27151,8886             7,10%
    961   586    27998,9533  1646    29225,5341    27151,8886   393668    7,10%
   1031   648    29143,1033  1312    29225,5341    27151,8886   436320    7,10%
Elapsed time = 188,74 sec. (37274,33 ticks, tree = 20,57 MB, solutions = 24)
   1094   677    28914,1989  1221    29225,5341    27154,8526   450229    7,09%
   1165   689    27670,3833  1497    29225,5341    27163,2892   456847    7,06%
   1220   735    28948,2412  1739    29225,5341    27163,2892   476473    7,06%
   1281   802    27663,4573  1629    29225,5341    27193,3452   508834    6,95%
   1331   884    29133,3784  1456    29225,5341    27193,3452   548604    6,95%
   1389   828    27711,4625  1698    29225,5341    27193,3452   520221    6,95%
   1449   908    29171,5659  1465    29225,5341    27193,3452   557191    6,95%
   1499   960    27715,7580  1612    29225,5341    27193,3452   584670    6,95%
   1554  1081    28390,1557  1678    29225,5341    27216,0089   644259    6,88%
   1614  1086    28928,2570  1448    29225,5341    27222,5757   646456    6,85%
Elapsed time = 266,47 sec. (47042,55 ticks, tree = 44,19 MB, solutions = 24)
   1663  1062    28085,6808  1648    29225,5341    27222,5757   636980    6,85%
   1720  1149    29172,6241  1717    29225,5341    27226,8469   683525    6,84%
   1786  1177    28763,4639  1525    29225,5341    27227,2729   698634    6,84%
   1842  1237    27936,8608  1409    29225,5341    27236,1779   726955    6,81%
   1891  1287    27898,2661  1671    29225,5341    27241,9840   753915    6,79%
   1940  1372    28693,0708  1420    29225,5341    27241,9840   792653    6,79%
   1990  1361    28130,0340  1315    29225,5341    27241,9840   784734    6,79%
   2047  1448    28312,7450  1534    29225,5341    27262,5562   834476    6,72%
   2112  1445    27931,2598  1329    29225,5341    27262,5562   831925    6,72%
   2156  1495    28904,1025  1267    29225,5341    27262,5562   855668    6,72%
Elapsed time = 341,80 sec. (56726,12 ticks, tree = 67,39 MB, solutions = 24)
   2205  1601    28362,4816  1366    29225,5341    27262,5562   910413    6,72%
   2254  1640    27929,4495  1674    29225,5341    27262,5562   930629    6,72%
   2298  1631    28687,3347  1456    29225,5341    27267,1191   924719    6,70%
   2348  1683    28462,6977  1656    29225,5341    27267,1191   956120    6,70%
   2414  1673    28587,1730  1435    29225,5341    27281,1162   947729    6,65%
   2486  1748    28548,4951  1488    29225,5341    27281,5115   999172    6,65%
   2542  1754        cutoff          29225,5341    27281,5115  1001732    6,65%
   2594  1846    29224,8558  1047    29225,5341    27281,5115  1048698    6,65%
   2648  1842    27663,4415  1602    29225,5341    27281,5115  1044233    6,65%
   2698  1999    28364,1144  1518    29225,5341    27292,5404  1128315    6,61%
Elapsed time = 418,15 sec. (66425,36 ticks, tree = 90,13 MB, solutions = 24)
   2764  1950    29076,3078  1313    29225,5341    27292,5404  1099529    6,61%
   2826  2035    27505,2247  1462    29225,5341    27296,3438  1146874    6,60%
   2889  2059    29078,1549  1095    29225,5341    27296,3438  1157971    6,60%
   2943  2060    27685,1547  1673    29225,5341    27296,3438  1160194    6,60%
   3003  2160    28861,4596  1484    29225,5341    27327,5741  1209281    6,49%
   3078  2298    28902,5726  1671    29225,5341    27333,8161  1279033    6,47%
   3119  2229    28366,7682  1483    29225,5341    27333,8161  1242633    6,47%
   3174  2261    29070,8895  1821    29225,5341    27333,8161  1263586    6,47%
   3233  2327    28763,0885  1614    29225,5341    27334,4001  1291252    6,47%
   3295  2379    28589,5421  1540    29225,5341    27335,8531  1312264    6,47%
Elapsed time = 498,62 sec. (76177,21 ticks, tree = 102,50 MB, solutions = 24)
   3336  2399    27677,2949  1649    29225,5341    27346,3886  1326066    6,43%
   3356  2412    27955,6855  1921    29225,5341    27349,8163  1334493    6,42%
   3370  2562    27840,9212  1583    29225,5341    27354,0620  1412410    6,40%
   3384  2563    27867,9435  1546    29225,5341    27354,0620  1412707    6,40%
   3397  2595    27928,6968  1467    29225,5341    27361,7173  1435836    6,38%
   3425  2596    27954,7982  1414    29225,5341    27361,7173  1436153    6,38%
   3465  2629    28163,3147  1351    29225,5341    27361,8869  1455795    6,38%
   3524  2637    29036,8656  1362    29225,5341    27361,8869  1455360    6,38%
   3571  2674        cutoff          29225,5341    27361,8869  1478317    6,38%
   3623  2693    29144,8442  1299    29225,5341    27361,8869  1488994    6,38%
Elapsed time = 572,86 sec. (86023,75 ticks, tree = 107,87 MB, solutions = 24)
   3689  2774    28671,4042  1237    29225,5341    27361,8869  1536616    6,38%
   3749  2761    27790,4474  1443    29225,5341    27361,9835  1532211    6,38%
   3819  2796    28424,4418  1353    29225,5341    27361,9835  1547740    6,38%
   3885  2859        cutoff          29225,5341    27361,9835  1575549    6,38%
   3927  2841    28594,8543  1361    29225,5341    27361,9835  1571298    6,38%
   3951  2866    28098,3655  1594    29225,5341    27361,9835  1579687    6,38%
   3963  2912    28981,8402  1446    29225,5341    27361,9835  1604903    6,38%

Performing restart 1

Repeating presolve.
Tried aggregator 1 time.
MIP Presolve eliminated 6 rows and 172 columns.
Reduced MIP has 5536 rows, 28252 columns, and 62144 nonzeros.
Reduced MIP has 28236 binaries, 16 generals, 0 SOSs, and 0 indicators.
Presolve time = 0,05 sec. (37,80 ticks)
Tried aggregator 1 time.
Reduced MIP has 5536 rows, 28252 columns, and 62144 nonzeros.
Reduced MIP has 28236 binaries, 16 generals, 0 SOSs, and 0 indicators.
Presolve time = 0,07 sec. (46,88 ticks)
Represolve time = 1,79 sec. (1209,95 ticks)
   3964     0    26903,9434  2217    29225,5341   ZeroHalf: 6  1711877    6,32%
   3964     0    26909,7969  2283    29225,5341   ZeroHalf: 2  1712206    6,32%
   3964     0    26918,7146  2292    29225,5341   ZeroHalf: 7  1712494    6,32%
*  3964+    0                        29105,3060    27378,9055             5,93%
   3964     0  -1,00000e+75     0    29105,3060    27378,9055  1712494    5,93%
   3964     0    26920,3075  2279    29105,3060   ZeroHalf: 4  1712663    5,93%
   3964     0    26924,8839  2309    29105,3060   ZeroHalf: 4  1712914    5,93%
*  3964+    0                        29100,4460    27378,9055             5,92%
   3964     0  -1,00000e+75     0    29100,4460    27378,9055  1712914    5,92%
   3964     2    26924,8839  2309    29100,4460    27378,9055  1712914    5,92%
   3965     3    26950,1290  2281    29100,4460    27378,9055  1713834    5,92%
   3967     5    27226,9062  1997    29100,4460    27378,9055  1717505    5,92%
Elapsed time = 683,20 sec. (130951,33 ticks, tree = 0,03 MB, solutions = 26)
   3987    17    27004,5771  2197    29100,4460    27378,9055  1723875    5,92%
   4002    20    27403,4488  1897    29100,4460    27378,9055  1726857    5,92%
   4017    39    27269,3542  1982    29100,4460    27378,9055  1746360    5,92%
   4055    56    27058,8695  2097    29100,4460    27378,9055  1765451    5,92%
   4078    76    27271,1840  1960    29100,4460    27378,9055  1781423    5,92%
   4111   106    28601,7217  1645    29100,4460    27378,9055  1798355    5,92%
   4134   134    27805,1038  1827    29100,4460    27378,9055  1812691    5,92%
   4163   146    27514,5349  2068    29100,4460    27378,9055  1823500    5,92%
   4211   200    27593,9391  2041    29100,4460    27378,9055  1861418    5,92%
   4350   289    27806,1665  1721    29100,4460    27378,9055  1914705    5,92%
Elapsed time = 775,33 sec. (144104,60 ticks, tree = 4,87 MB, solutions = 26)
   4530   445    27440,0761  1788    29100,4460    27378,9055  1994716    5,92%
   4713   625    27402,9046  1941    29100,4460    27378,9055  2086744    5,92%
   4867   735    28033,6953  1757    29100,4460    27378,9055  2130602    5,92%
   5017   843    28175,3117  1546    29100,4460    27378,9055  2175919    5,92%
   5313  1068        cutoff          29100,4460    27378,9055  2277674    5,92%
   5496  1202    28732,0051  1525    29100,4460    27378,9055  2337371    5,92%
   5697  1331    28787,7266  1716    29100,4460    27378,9055  2413622    5,92%
   5925  1493    28474,7306  1203    29100,4460    27378,9055  2481742    5,92%
   6048  1568    27348,1741  1919    29100,4460    27378,9055  2527261    5,92%
   6260  1777    28516,1139  1854    29100,4460    27378,9055  2611336    5,92%
Elapsed time = 1067,04 sec. (182462,30 ticks, tree = 75,97 MB, solutions = 26)
   6508  1958    27607,4463  1830    29100,4460    27378,9055  2675049    5,92%
   6730  2196    27786,4326  1689    29100,4460    27378,9055  2782395    5,92%
   7068  2409    27969,4122  1892    29100,4460    27378,9055  2855967    5,92%
   7237  2591    28598,6500  1862    29100,4460    27378,9055  2909208    5,92%
   7436  2760    27915,0954  1884    29100,4460    27378,9055  2999823    5,92%
   7539  2967    29069,1917  1470    29100,4460    27378,9055  3107766    5,92%
   7739  3001    28020,7481  1814    29100,4460    27378,9055  3126963    5,92%
   7965  3222    29070,3688  1551    29100,4460    27378,9055  3225254    5,92%
   8149  3391    28359,8789  2004    29100,4460    27378,9055  3321129    5,92%
   8372  3531    28892,8877  1692    29100,4460    27378,9055  3391443    5,92%
Elapsed time = 1363,29 sec. (220835,35 ticks, tree = 161,82 MB, solutions = 26)
   8598  3604        cutoff          29100,4460    27378,9055  3440920    5,92%
   8781  3777    27808,8182  1834    29100,4460    27378,9055  3517488    5,92%
   8914  3998    28315,3549  1932    29100,4460    27378,9055  3612974    5,92%
   9184  4105    28356,5368  1595    29100,4460    27378,9055  3653324    5,92%
   9466  4379    28493,3259  1542    29100,4460    27378,9055  3748424    5,92%
   9662  4583    28822,0624  1203    29100,4460    27378,9055  3843829    5,92%
   9865  4737    28120,7774  1884    29100,4460    27378,9055  3937115    5,92%
  10119  5052    28540,6169  1556    29100,4460    27378,9055  4087177    5,92%
  10377  5012    28640,0627  1436    29100,4460    27378,9055  4066959    5,92%
  10605  5236    28351,3912  1631    29100,4460    27378,9055  4175334    5,92%
Elapsed time = 1660,70 sec. (259068,49 ticks, tree = 209,65 MB, solutions = 26)
  10840  5487        cutoff          29100,4460    27378,9055  4300208    5,92%
  11015  5604    28896,3413  1590    29100,4460    27378,9055  4350660    5,92%
  11102  5872    28453,9392  1822    29100,4460    27378,9055  4481304    5,92%
  11265  5977    27785,4640  1869    29100,4460    27378,9055  4545025    5,92%
  11531  6104    28935,6751  1245    29100,4460    27378,9055  4617298    5,92%
  11767  6238    28876,7814  1743    29100,4460    27378,9055  4691314    5,92%
  12005  6495    28084,9750  1497    29100,4460    27378,9055  4812164    5,92%
  12260  6585        cutoff          29100,4460    27378,9055  4856128    5,92%
  12491  6845    28877,7312  1602    29100,4460    27378,9055  4976991    5,92%
  12718  6963    28996,8543  1671    29100,4460    27378,9055  5041089    5,92%
Elapsed time = 1960,18 sec. (297369,32 ticks, tree = 273,43 MB, solutions = 26)
  12919  7090    28021,3019  1748    29100,4460    27378,9055  5095308    5,92%
  13043  7265    28614,3315  1612    29100,4460    27378,9055  5179477    5,92%
  13211  7488    28540,0931  1358    29100,4460    27378,9055  5264194    5,92%
  13444  7694    28684,4666  1591    29100,4460    27378,9055  5380476    5,92%
  13696  7809    29082,5677  1239    29100,4460    27378,9055  5432684    5,92%
  13940  7847    28090,6007  1827    29100,4460    27378,9055  5462592    5,92%
  14213  8254    29004,6180  1591    29100,4460    27378,9055  5631783    5,92%
  14450  8510    28210,1754  1790    29100,4460    27378,9055  5767930    5,92%
  14729  8633    28633,3878  1687    29100,4460    27378,9055  5810535    5,92%
  14975  8926    28713,9780  1744    29100,4460    27378,9055  5957736    5,92%
Elapsed time = 2268,01 sec. (335741,87 ticks, tree = 360,15 MB, solutions = 26)
  15173  9031    28156,7816  1572    29100,4460    27378,9055  6011718    5,92%
  15362  9167    28939,2101  1666    29100,4460    27378,9055  6067343    5,92%
  15484  9362    29057,4084  1338    29100,4460    27378,9055  6167596    5,92%
  15581  9431    28566,1922  1705    29100,4460    27378,9055  6194158    5,92%
  15783  9579    29051,4053  1511    29100,4460    27378,9055  6274805    5,92%
  15954  9585    28317,3628  1454    29100,4460    27378,9055  6277750    5,92%
  16196  9772    29090,7767  1630    29100,4460    27378,9055  6371931    5,92%
  16421 10098    28350,4428  1688    29100,4460    27378,9055  6555995    5,92%
  16709 10297    29039,1145  1431    29100,4460    27378,9055  6665679    5,92%
  16916 10285    28779,2380  1573    29100,4460    27378,9055  6661058    5,92%
Elapsed time = 2605,79 sec. (373988,90 ticks, tree = 411,93 MB, solutions = 26)
  17117 10591    28680,6616  1575    29100,4460    27378,9055  6798055    5,92%
  17319 10727    28167,7955  1494    29100,4460    27385,4910  6883230    5,89%
  17543 10778        cutoff          29100,4460    27387,0306  6915009    5,89%
  17767 10903    29075,6980  1717    29100,4460    27396,6643  6976116    5,85%
  17971 11121    28090,8405  1539    29100,4460    27397,4260  7118524    5,85%
  18155 11251    29099,6076  1688    29100,4460    27397,4260  7197349    5,85%
  18276 11526    29050,1961  1577    29100,4460    27405,5589  7359055    5,82%
  18362 11617    28347,4669  1633    29100,4460    27407,8428  7423151    5,82%
* 18419 11712      integral     0    28672,1342    27407,8428  7487379    4,41%
  18520 11711        cutoff          28672,1342    27408,1415  7486645    4,41%
  18727  7416    28096,6966  1966    28672,1342    27408,1415  7521849    4,41%
Elapsed time = 2943,27 sec. (412510,68 ticks, tree = 285,13 MB, solutions = 27)
  18976  7489    28034,5248  1571    28672,1342    27415,6094  7592002    4,38%
  19173  7573    28122,1281  1597    28672,1342    27421,4461  7660173    4,36%
  19409  7900        cutoff          28672,1342    27422,9732  7864904    4,36%
  19624  8063        cutoff          28672,1342    27422,9732  7965588    4,36%
  19839  7974    28387,8208  1648    28672,1342    27439,5864  7910837    4,30%
  20065  8100    28327,8330  1491    28672,1342    27442,8387  7997076    4,29%
  20299  8536    27657,0154  1810    28672,1342    27450,9249  8283867    4,26%
  20522  8653        cutoff          28672,1342    27453,1397  8354295    4,25%
  20741  8809    27953,4645  1865    28672,1342    27461,4994  8457496    4,22%
  20963  8857    28222,9710  1514    28672,1342    27464,9529  8497238    4,21%
Elapsed time = 3263,89 sec. (450794,69 ticks, tree = 335,26 MB, solutions = 27)
  21152  8939        cutoff          28672,1342    27467,8298  8552188    4,20%
  21297  9057    28569,6199  1874    28672,1342    27473,1119  8627516    4,18%
  21431  9157        cutoff          28672,1342    27479,1977  8710934    4,16%
  21519  9286    28106,5908  1545    28672,1342    27486,3817  8795167    4,14%
  21665  9451    27673,8699  1761    28672,1342    27492,4459  8912199    4,11%
  21884  9505    28289,5611  1617    28672,1342    27493,8630  8943011    4,11%
  22132  9690    28411,4271  1450    28672,1342    27495,5584  9065853    4,10%
  22365  9810        cutoff          28672,1342    27497,6842  9125609    4,10%
  22578  9822        cutoff          28672,1342    27499,4714  9134108    4,09%
  22774 10036    28146,3856  1354    28672,1342    27502,1801  9250063    4,08%
Elapsed time = 3585,66 sec. (489111,04 ticks, tree = 385,63 MB, solutions = 27)
  22985 10065    28595,6431  1900    28672,1342    27509,0139  9276475    4,06%
  23192 10269    28051,2915  1776    28672,1342    27512,4797  9411835    4,04%
  23421 10488    28366,8069  1392    28672,1342    27519,4506  9585674    4,02%
  23655 10467    27697,7393  1585    28672,1342    27521,7804  9575577    4,01%
  23913 10872    28107,1134  1595    28672,1342    27525,3898  9822521    4,00%
  24127 10932    28310,6841  1829    28672,1342    27529,9569  9864672    3,98%
  24377 11124    28334,1163  1624    28672,1342    27533,7759  9969691    3,97%
  24646 11165    28526,5552  1666    28672,1342    27537,4799  9997287    3,96%
  24864 11281    28559,9998  1714    28672,1342    27540,5890 10065135    3,95%
  25049 11405    28478,0666  1669    28672,1342    27543,3286 10148480    3,94%
Elapsed time = 3918,22 sec. (527404,61 ticks, tree = 439,59 MB, solutions = 27)
  25168 11846    28031,2760  1573    28672,1342    27548,9806 10401288    3,92%
  25285 12011    28154,6596  1958    28672,1342    27555,3802 10502023    3,89%
  25399 12054    28230,4933  1499    28672,1342    27559,6363 10530380    3,88%
  25579 12083    27788,8709  1858    28672,1342    27561,7551 10552235    3,87%
  25809 12111    28405,2978  1810    28672,1342    27563,7472 10568991    3,87%
  26063 12346    28533,8336  1557    28672,1342    27565,8671 10720973    3,86%
  26279 12239    28042,3916  1641    28672,1342    27568,2019 10667364    3,85%
  26530 12512    28586,7160  1288    28672,1342    27570,8914 10820365    3,84%
  26776 12699    27879,5269  1802    28672,1342    27573,6274 10931292    3,83%
  27018 13076    28123,4525  1564    28672,1342    27579,9226 11172412    3,81%
Elapsed time = 4247,51 sec. (565863,26 ticks, tree = 498,90 MB, solutions = 27)
* 27090+13080                        28570,0822    27580,8620             3,46%
  27272 12849    27921,3415  1570    28570,0822    27583,8410 11031948    3,45%
  27537 11858    27827,2344  1752    28570,0822    27588,6339 11250540    3,44%
* 27739+11867                        28563,1365    27590,5387             3,41%
  27782 12054    28419,3392  1692    28563,1365    27590,5387 11443358    3,41%
* 27885 11921      integral     0    28561,7629    27591,8409 11286640    3,40%
  28029 12120    27899,4549  1755    28561,7629    27595,4537 11413817    3,38%
  28250 12093    27954,8259  1380    28561,7629    27598,2554 11485406    3,37%
* 28278+12253                        28522,8500    27598,2554             3,24%
* 28349 12096      integral     0    28289,9132    27600,9278 11488394    2,44%
  28491  7943    28244,2138  1822    28289,9132    27601,5269 11745540    2,43%
  28699 11731    28077,2870  1620    28289,9132    27603,4642 11662589    2,43%
  28912  8095    27947,6704  1821    28289,9132    27603,7882 11890976    2,43%
  29084  8075    27818,4146  1463    28289,9132    27611,0403 11863714    2,40%
  29246  8138    27892,3616  1733    28289,9132    27614,7567 11946943    2,39%
Elapsed time = 4586,86 sec. (604160,41 ticks, tree = 292,43 MB, solutions = 32)
  29391  8332    27934,1665  1667    28289,9132    27615,8544 12186704    2,38%
  29494  8340        cutoff          28289,9132    27622,8543 12189258    2,36%
  29597  8468    27870,4596  1802    28289,9132    27625,2607 12304603    2,35%
  29769  8421    28070,9624  1438    28289,9132    27626,7747 12253723    2,34%
  30003  8575        cutoff          28289,9132    27635,1184 12377361    2,31%
  30270  8594        cutoff          28289,9132    27637,3398 12395977    2,31%
  30519  8700        cutoff          28289,9132    27640,1969 12467919    2,30%
  30745  8884    28255,8714  1802    28289,9132    27646,5166 12599014    2,27%
  30987  9084    27857,9728  1602    28289,9132    27648,4880 12781174    2,27%
  31220  8991    27835,1045  1731    28289,9132    27649,5038 12692297    2,26%
Elapsed time = 4919,24 sec. (642472,80 ticks, tree = 331,47 MB, solutions = 32)
  31463  9036    27800,0496  1510    28289,9132    27653,8368 12727846    2,25%
  31717  9356    28254,3035  1340    28289,9132    27656,0461 13038968    2,24%
  31955  9232        cutoff          28289,9132    27657,0323 12913993    2,24%
  32191  9405    28253,3455  1551    28289,9132    27660,3097 13108554    2,23%
  32408  9538    28273,9761  1804    28289,9132    27666,0831 13268612    2,21%
  32663  9497    27936,8441  1596    28289,9132    27669,9765 13226629    2,19%
  32911  9843    27895,0879  1879    28289,9132    27674,0215 13579102    2,18%
  33152  9782    27847,2800  1905    28289,9132    27679,7696 13535963    2,16%
  33358 10096    28126,4183  1588    28289,9132    27684,0572 13839242    2,14%
  33506  9940    28212,8935  1647    28289,9132    27687,5718 13704168    2,13%
Elapsed time = 5257,56 sec. (680716,53 ticks, tree = 342,55 MB, solutions = 32)
  33644 10151    27872,9823  1916    28289,9132    27692,7682 13901794    2,11%
  33745 10317        cutoff          28289,9132    27699,5568 14050085    2,09%
  33908 10353    28023,5636  1675    28289,9132    27701,3388 14092106    2,08%
  34095 10380    28140,4875  1486    28289,9132    27706,4682 14116364    2,06%
  34323 10420    28182,6844  1689    28289,9132    27710,0256 14169719    2,05%
  34600 10406        cutoff          28289,9132    27714,9739 14159092    2,03%
  34863 10620    28107,6872  1499    28289,9132    27717,8016 14366330    2,02%
  35137 10579    27926,6020  1764    28289,9132    27722,7430 14326032    2,00%
  35394 10687    28059,7799  1732    28289,9132    27723,6896 14442165    2,00%
  35661 10803        cutoff          28289,9132    27725,6839 14537872    1,99%
Elapsed time = 5587,78 sec. (719049,11 ticks, tree = 373,89 MB, solutions = 32)
  35945 10754        cutoff          28289,9132    27728,4686 14487936    1,98%
  36202 11127        cutoff          28289,9132    27731,3066 14871385    1,97%
  36473 11297    28145,2551  1587    28289,9132    27733,8826 15060118    1,97%
  36750 11019    27981,2792  1709    28289,9132    27734,7636 14771922    1,96%
  37012 11430    28181,1274  1573    28289,9132    27737,5186 15224348    1,95%
  37251 11488    28111,9154  1841    28289,9132    27739,4005 15293648    1,95%
  37425 11365    27823,7039  1752    28289,9132    27743,5429 15151237    1,93%
  37575 11448    28100,1476  1716    28289,9132    27745,7855 15267560    1,92%
  37687 11748    28264,8865  1622    28289,9132    27750,7886 15563042    1,91%
  37797 11799    27803,1120  1627    28289,9132    27753,9907 15643277    1,89%
Elapsed time = 5921,15 sec. (757531,73 ticks, tree = 399,85 MB, solutions = 32)
  37943 11792        cutoff          28289,9132    27755,6004 15636224    1,89%
  38115 11851        cutoff          28289,9132    27760,1255 15684771    1,87%
  38311 11873        cutoff          28289,9132    27765,5488 15713233    1,85%
  38562 11881        cutoff          28289,9132    27769,6960 15711451    1,84%
* 38740 11871      integral     0    28240,3325    27769,6960 15708300    1,67%
* 38745 10923      integral     0    28239,5227    27770,6903 15903320    1,66%
  38863 11901    28098,3227  1431    28239,5227    27770,6903 15743367    1,66%
* 39018+10945                        28127,7508    27773,8880             1,26%
  39124 12031    28257,8648  1637    28127,7508    27774,3794 15890286    1,26%
  39387 12035        cutoff          28127,7508    27778,9795 15899896    1,24%
  39680  7554    28084,3662  1527    28127,7508    27783,7157 16333239    1,22%
  39975  7537        cutoff          28127,7508    27786,5327 16204042    1,21%
  40288  7545        cutoff          28127,7508    27790,5530 16388431    1,20%
Elapsed time = 6230,50 sec. (795789,16 ticks, tree = 236,43 MB, solutions = 35)
  40593  7572    27976,4066  1883    28127,7508    27793,7827 16488038    1,19%
  40889  7554    27967,6777  1853    28127,7508    27799,3065 16585286    1,17%
  41164  7534    28047,3246  1775    28127,7508    27805,1893 16737527    1,15%
  41423  7527    28013,1818  1811    28127,7508    27808,2659 16777661    1,14%
  41700  7509    28020,4070  1596    28127,7508    27814,0506 16943357    1,12%
  41941  7473        cutoff          28127,7508    27818,6910 17078911    1,10%
  42061  7456        cutoff          28127,7508    27818,6910 17133810    1,10%
  42086  7455    27968,8849  1742    28127,7508    27818,6910 17138376    1,10%
  42099  7463    28105,7241  1617    28127,7508    27818,6910 17141817    1,10%

Performing restart 2

Repeating presolve.
Tried aggregator 3 times.
MIP Presolve eliminated 44 rows and 1620 columns.
Aggregator did 11 substitutions.
Reduced MIP has 5481 rows, 26621 columns, and 58855 nonzeros.
Reduced MIP has 26605 binaries, 16 generals, 0 SOSs, and 0 indicators.
Presolve time = 0,06 sec. (49,96 ticks)
Tried aggregator 1 time.
Reduced MIP has 5481 rows, 26621 columns, and 58855 nonzeros.
Reduced MIP has 26605 binaries, 16 generals, 0 SOSs, and 0 indicators.
Presolve time = 0,06 sec. (44,58 ticks)
Represolve time = 2,00 sec. (1352,85 ticks)
  42102     0    26951,4294  2413    28127,7508   ZeroHalf: 8 17324147    1,02%
  42102     0    26956,3158  2405    28127,7508   ZeroHalf: 2 17324328    1,02%
  42102     0    26958,7775  2413    28127,7508   ZeroHalf: 7 17324528    1,02%
  42102     0    26964,4582  2395    28127,7508   ZeroHalf: 7 17324820    1,02%
  42102     0    26966,0339  2393    28127,7508   ZeroHalf: 1 17324947    1,02%
  42102     0    26976,3682  2378    28127,7508       Cuts: 5 17325293    1,02%
  42102     0    26977,4269  2402    28127,7508   ZeroHalf: 6 17325393    1,02%
  42102     0    26983,7593  2468    28127,7508  ZeroHalf: 10 17325731    1,02%
  42102     0    26991,9876  2394    28127,7508   ZeroHalf: 2 17326041    1,02%
  42102     0    26995,3845  2453    28127,7508   ZeroHalf: 3 17326281    1,02%

Repeating presolve.
Tried aggregator 2 times.
MIP Presolve eliminated 46 rows and 958 columns.
Aggregator did 13 substitutions.
Reduced MIP has 5422 rows, 25650 columns, and 56859 nonzeros.
Reduced MIP has 25634 binaries, 16 generals, 0 SOSs, and 0 indicators.
Presolve time = 0,06 sec. (44,30 ticks)
Tried aggregator 1 time.
Reduced MIP has 5422 rows, 25650 columns, and 56859 nonzeros.
Reduced MIP has 25634 binaries, 16 generals, 0 SOSs, and 0 indicators.
Presolve time = 0,06 sec. (43,18 ticks)
Represolve time = 1,91 sec. (1238,82 ticks)
  42102     0    26997,2465  2439    28127,7508   ZeroHalf: 6 17347374    1,02%
  42102     0    26999,7132  2506    28127,7508   ZeroHalf: 3 17347560    1,02%
  42102     0    27001,3405  2497    28127,7508   ZeroHalf: 3 17347673    1,02%
  42102     0    27006,9642  2499    28127,7508   ZeroHalf: 6 17348063    1,02%
  42102     0    27008,2487  2513    28127,7508   ZeroHalf: 2 17348178    1,02%
  42102     0    27011,7397  2462    28127,7508   ZeroHalf: 1 17348430    1,02%
  42102     0    27017,2761  2469    28127,7508   ZeroHalf: 7 17348688    1,02%
  42102     0    27020,0663  2469    28127,7508   ZeroHalf: 5 17348922    1,02%
  42102     0    27021,0729  2494    28127,7508   ZeroHalf: 5 17349075    1,02%
  42102     2    27021,0729  2494    28127,7508    27842,0447 17349075    1,02%
Elapsed time = 6645,19 sec. (948427,07 ticks, tree = 0,02 MB, solutions = 35)
  42106     5    27803,2423  2128    28127,7508    27842,0447 17354283    1,02%
  42143    13    27930,5001  2005    28127,7508    27842,0447 17364408    1,02%
  42245    81    27521,4760  1747    28127,7508    27842,0447 17498833    1,02%
  42386   160        cutoff          28127,7508    27842,0447 17586786    1,02%
  42486   198    27618,1754  1746    28127,7508    27842,0447 17624860    1,02%
  42581   278    28009,9379  1697    28127,7508    27842,0447 17692565    1,02%
  42701   372    27777,2149  1591    28127,7508    27842,0447 17787570    1,02%
  42877   473    28101,3462  1603    28127,7508    27842,0447 17866411    1,02%
  43063   537    28023,5022  1458    28127,7508    27842,0447 17895815    1,02%
  43257   722    27969,6019  1657    28127,7508    27842,0447 18001592    1,02%
Elapsed time = 6927,87 sec. (987669,11 ticks, tree = 15,01 MB, solutions = 35)
  43424   745    27548,7071  1761    28127,7508    27842,0447 18013715    1,02%
  43589   918    27892,3003  1422    28127,7508    27842,0447 18136271    1,02%
  43791  1017    28065,8402  1568    28127,7508    27842,0447 18195851    1,02%
  43953  1149    28038,8072  1511    28127,7508    27842,0447 18292894    1,02%
  44136  1247    28049,5217  1562    28127,7508    27842,0447 18372598    1,02%
  44304  1348    27306,9749  1852    28127,7508    27842,0447 18432966    1,02%
  44484  1464        cutoff          28127,7508    27842,0447 18515839    1,02%
  44678  1535    27872,9959  1500    28127,7508    27842,0447 18569348    1,02%
  44873  1726    28024,2535  1454    28127,7508    27842,0447 18716565    1,02%
  45028  1811        cutoff          28127,7508    27842,0447 18789367    1,02%
Elapsed time = 7260,97 sec. (1025979,85 ticks, tree = 51,08 MB, solutions = 35)
  45206  1892    27777,5594  1808    28127,7508    27842,0447 18875043    1,02%
  45393  1922    28109,7311  1508    28127,7508    27842,0447 18903707    1,02%
  45575  2064    28054,6511  1497    28127,7508    27842,0447 19010521    1,02%
  45761  2147        cutoff          28127,7508    27842,0447 19065434    1,02%
  45953  2323    27774,6108  1541    28127,7508    27842,0447 19209303    1,02%
  46137  2365        cutoff          28127,7508    27842,0447 19237269    1,02%
  46321  2495        cutoff          28127,7508    27842,0447 19338293    1,02%
  46463  2555    28040,3104  1531    28127,7508    27842,0447 19401719    1,02%
  46581  2636    27504,5180  2007    28127,7508    27842,0447 19498804    1,02%
  46744  2712    27853,3825  1493    28127,7508    27842,0447 19579024    1,02%
Elapsed time = 7616,99 sec. (1064328,09 ticks, tree = 81,25 MB, solutions = 35)
  46932  2768    28035,8739  1580    28127,7508    27842,0447 19627711    1,02%
  47129  2896    27734,4652  1639    28127,7508    27842,0447 19731827    1,02%
  47333  3022    28117,6585  1528    28127,7508    27842,0447 19848918    1,02%
  47505  3091    28071,9945  1334    28127,7508    27842,0447 19913587    1,02%
  47683  3157    27952,4733  1545    28127,7508    27842,0447 20004582    1,02%
  47896  3285    27868,8265  1538    28127,7508    27842,0447 20137065    1,02%
  48098  3357    28015,9820  1575    28127,7508    27842,0447 20209272    1,02%
  48287  3378    27879,0867  1670    28127,7508    27842,0447 20234783    1,02%
  48444  3436    27971,9971  1527    28127,7508    27842,0447 20307873    1,02%
  48564  3544    28069,5620  1279    28127,7508    27842,0447 20417989    1,02%
Elapsed time = 8006,31 sec. (1102702,46 ticks, tree = 108,24 MB, solutions = 35)
  48719  3630    28111,1170  1706    28127,7508    27842,0447 20521740    1,02%
  48908  3658    28033,0587  1608    28127,7508    27842,0447 20581898    1,02%
  49111  3679        cutoff          28127,7508    27842,0447 20617361    1,02%
  49304  3742        cutoff          28127,7508    27842,0447 20709116    1,02%
  49529  3849    27947,3566  1675    28127,7508    27842,0447 20838337    1,02%
  49731  3930    28050,6210  1811    28127,7508    27842,0447 20926305    1,02%
  49943  3946        cutoff          28127,7508    27842,0447 20999533    1,02%
  50148  4035    27941,8659  1479    28127,7508    27842,0447 21123933    1,02%
  50384  4087    27857,3652  1762    28127,7508    27842,0447 21225031    1,02%
  50632  4110    28111,0339  1231    28127,7508    27842,0447 21244650    1,02%
Elapsed time = 8358,70 sec. (1141038,91 ticks, tree = 125,07 MB, solutions = 35)
  50892  4208        cutoff          28127,7508    27842,0447 21399085    1,02%
  51107  4254        cutoff          28127,7508    27842,0447 21428077    1,02%
  51306  4315        cutoff          28127,7508    27842,0447 21504421    1,02%
  51499  4372    28022,9087  1618    28127,7508    27842,0447 21609780    1,02%
  51649  4405        cutoff          28127,7508    27842,0447 21722786    1,02%
  51816  4466    27935,3722  1387    28127,7508    27842,0447 21818844    1,02%
  52055  4473    27888,8514  1146    28127,7508    27842,0447 21814960    1,02%
  52310  4528    27890,9531  1692    28127,7508    27842,0447 21935629    1,02%
  52556  4554        cutoff          28127,7508    27842,0447 21966292    1,02%
  52798  4604    27854,1715  1651    28127,7508    27842,0447 22035013    1,02%
Elapsed time = 8738,64 sec. (1179343,74 ticks, tree = 148,91 MB, solutions = 35)
  53043  4702    28043,7148  1532    28127,7508    27842,0447 22240602    1,02%
  53270  4758        cutoff          28127,7508    27842,0447 22386325    1,02%
  53516  4740        cutoff          28127,7508    27842,0447 22325427    1,02%
  53752  4816    28121,0739  1713    28127,7508    27842,0447 22566124    1,02%
  54020  4830        cutoff          28127,7508    27842,0447 22637561    1,02%
  54280  4854        cutoff          28127,7508    27842,0447 22716734    1,02%
  54555  4863        cutoff          28127,7508    27842,0447 22789411    1,02%
  54815  4900        cutoff          28127,7508    27842,0447 22926529    1,02%
  55068  4894        cutoff          28127,7508    27842,0447 22919568    1,02%
  55261  4912        cutoff          28127,7508    27842,0447 23160272    1,02%
Elapsed time = 9123,89 sec. (1217642,52 ticks, tree = 148,11 MB, solutions = 35)
  55435  4921        cutoff          28127,7508    27842,0447 23224632    1,02%
  55646  4908    28081,2492  1352    28127,7508    27842,0447 23195963    1,02%
  55931  4921        cutoff          28127,7508    27842,0447 23293212    1,02%
  56240  4878        cutoff          28127,7508    27842,0447 23433906    1,02%
  56565  4871    27905,3622  1528    28127,7508    27842,0447 23520104    1,02%
  56891  4853    27976,2449  1423    28127,7508    27842,0447 23614451    1,02%
  57219  4861    28019,0023  1561    28127,7508    27842,0447 23702742    1,02%
  57525  4852        cutoff          28127,7508    27842,0447 23741144    1,02%
  57852  4778        cutoff          28127,7508    27845,9700 23935016    1,00%
  58177  4761    27981,1175  1806    28127,7508    27856,4295 24020316    0,96%
Elapsed time = 9384,00 sec. (1255875,41 ticks, tree = 146,05 MB, solutions = 35)
  58490  4730    28034,2945  1810    28127,7508    27861,2188 24118117    0,95%
  58828  4728        cutoff          28127,7508    27870,5441 24141187    0,91%
  59188  4670        cutoff          28127,7508    27878,8902 24301848    0,88%
  59545  4631        cutoff          28127,7508    27888,2225 24363813    0,85%
  59884  4505    28098,1912  1587    28127,7508    27896,3842 24560045    0,82%
  60172  4429        cutoff          28127,7508    27900,2144 24665576    0,81%
  60427  4431        cutoff          28127,7508    27908,0066 24660701    0,78%
  60733  4251        cutoff          28127,7508    27913,2151 24832787    0,76%
  61130  4163    28071,7730  1228    28127,7508    27926,6999 24925287    0,71%
  61508  4133        cutoff          28127,7508    27930,6573 24951975    0,70%
Elapsed time = 9661,25 sec. (1294169,50 ticks, tree = 114,21 MB, solutions = 35)
  61921  3927        cutoff          28127,7508    27936,1219 25121604    0,68%
  62365  3702        cutoff          28127,7508    27951,7710 25280542    0,63%
  62786  3598        cutoff          28127,7508    27960,6376 25345304    0,59%
  63247  3205        cutoff          28127,7508    27971,7551 25536485    0,55%
  63739  2934    28094,9006  1509    28127,7508    27987,3495 25650597    0,50%
  64208  2732        cutoff          28127,7508    27997,8856 25743750    0,46%
  64724  2418        cutoff          28127,7508    28004,7131 25866135    0,44%
  65225  2111        cutoff          28127,7508    28016,7701 25978013    0,39%
  65916  1593    28102,5134  1259    28127,7508    28040,9572 26104762    0,31%
  66796   878        cutoff          28127,7508    28067,3637 26227970    0,21%
Elapsed time = 9927,87 sec. (1332392,79 ticks, tree = 13,21 MB, solutions = 35)

Zero-half cuts applied:  132
Gomory fractional cuts applied:  4

Root node processing (before b&c):
  Real time             =   31,10 sec. (15258,93 ticks)
Parallel b&c, 12 threads:
  Real time             = 9910,67 sec. (1319746,56 ticks)
  Sync time (average)   = 1267,95 sec.
  Wait time (average)   =    0,09 sec.
                          ------------
Total (root+branch&cut) = 9941,77 sec. (1335005,49 ticks)

