
Version identifier: 22.1.1.0 | 2022-11-28 | 9160aff4d
CPXPARAM_MultiObjective_Display                  0
CPXPARAM_TimeLimit                               2000000
CPXPARAM_WorkMem                                 8192
CPXPARAM_DetTimeLimit                            2000000
Found incumbent of value 248000,000000 after 0,08 sec. (53,11 ticks)
Tried aggregator 3 times.
MIP Presolve eliminated 119183 rows and 1081082 columns.
Aggregator did 1416 substitutions.
Reduced MIP has 6190 rows, 34244 columns, and 74852 nonzeros.
Reduced MIP has 34212 binaries, 32 generals, 0 SOSs, and 0 indicators.
Presolve time = 1,05 sec. (645,35 ticks)
Tried aggregator 2 times.
Detecting symmetries...
Aggregator did 16 substitutions.
Reduced MIP has 6174 rows, 34228 columns, and 74820 nonzeros.
Reduced MIP has 34212 binaries, 16 generals, 0 SOSs, and 0 indicators.
Presolve time = 0,07 sec. (68,89 ticks)
Probing time = 0,08 sec. (15,01 ticks)
Clique table members: 41664.
MIP emphasis: balance optimality and feasibility.
MIP search method: dynamic search.
Parallel mode: deterministic, using up to 12 threads.
Root relaxation solution time = 1,28 sec. (669,84 ticks)

        Nodes                                         Cuts/
   Node  Left     Objective  IInf  Best Integer    Best Bound    ItCnt     Gap

*     0+    0                       248000,0000 -2123674,0000           956,32%
*     0+    0                       214909,0000 -2123674,0000              --- 
      0     0    16744,9651  3138   214909,0000    16744,9651       50   92,21%
*     0+    0                       171587,1264    16744,9651            90,24%
*     0+    0                        77343,9350    16744,9651            78,35%
      0     0    16772,4213  3094    77343,9350      Cuts: 18     1034   78,31%
      0     0    16796,2392  3296    77343,9350      Cuts: 19     2023   78,28%
      0     0    16803,1670  3253    77343,9350   ZeroHalf: 8     2498   78,27%
*     0+    0                        70720,0468    16803,1670            76,24%
      0     0  -1,00000e+75     0    70720,0468    16803,1670     2498   76,24%
      0     0    16808,9160  3289    70720,0468   ZeroHalf: 8     3068   76,23%
      0     0    16809,3838  3291    70720,0468   ZeroHalf: 1     3221   76,23%
Detecting symmetries...
      0     0    16811,2470  3324    70720,0468   ZeroHalf: 4     3474   76,23%
      0     0    16816,8511  3367    70720,0468   ZeroHalf: 6     4100   76,22%
      0     0    16817,6563  3356    70720,0468   ZeroHalf: 1     4268   76,22%
      0     0    16823,3205  3389    70720,0468   ZeroHalf: 8     4790   76,21%
      0     0    16824,0090  3368    70720,0468   ZeroHalf: 1     4924   76,21%
      0     0    16827,1247  3409    70720,0468   ZeroHalf: 5     5306   76,21%
      0     0    16835,5573  3283    70720,0468   ZeroHalf: 6     5973   76,19%
      0     0    16839,4240  3268    70720,0468   ZeroHalf: 6     6419   76,19%
      0     0    16846,4536  3483    70720,0468   ZeroHalf: 9     6999   76,18%
      0     0    16846,9613  3468    70720,0468   ZeroHalf: 1     7162   76,18%
      0     0    16848,3792  3461    70720,0468   ZeroHalf: 2     7375   76,18%
*     0+    0                        63652,8944    16848,3792            73,53%
Detecting symmetries...
      0     2    16848,3792  3461    63652,8944    16848,3792     7375   73,53%
Elapsed time = 67,24 sec. (25545,90 ticks, tree = 0,02 MB, solutions = 5)
      1     3    16872,5904  3023    63652,8944    16848,3832     9636   73,53%
      2     3    16863,4700  3471    63652,8944    16848,3832     9155   73,53%
      3     4    16889,6339  3002    63652,8944    16848,3832    11011   73,53%
      4     6    16910,3624  2915    63652,8944    16863,4789    13618   73,51%
      5     5    16888,8177  3337    63652,8944    16863,4789    13168   73,51%
      6     5    16896,7497  3023    63652,8944    16863,4789    13617   73,51%
      8     4    16935,6067  2832    63652,8944    16863,4789    11303   73,51%
     10     8    16900,3425  3288    63652,8944    16863,4789    17974   73,51%
     12    10    16951,8653  2734    63652,8944    16872,6229    21586   73,49%
     16     7    16967,1096  2811    63652,8944    16888,8543    17099   73,47%
Elapsed time = 90,29 sec. (32468,85 ticks, tree = 0,02 MB, solutions = 5)
     21    18    16981,8956  2629    63652,8944    16900,5390    45394   73,45%
*    22+    8                        54001,4109    16900,5390            68,70%
     28    23    17009,6536  2738    54001,4109    16900,5575    65488   68,70%
     34    23    17019,1567  2776    54001,4109    16900,5575    61687   68,70%
     39    31    17026,6308  2988    54001,4109    16900,5575    93837   68,70%
     42    10    17029,8238  2559    54001,4109    16900,5575    22474   68,70%
     51    42    17442,5361  2545    54001,4109    16900,5575   116110   68,70%
     59    50    17092,8159  2612    54001,4109    16900,5575   127328   68,70%
     69    54    17563,5887  2573    54001,4109    16900,5575   129581   68,70%
     81    66    17510,8706  2501    54001,4109    16900,5575   143939   68,70%
     88    62    17363,1718  2546    54001,4109    16900,5575   139944   68,70%
Elapsed time = 156,98 sec. (44022,60 ticks, tree = 1,13 MB, solutions = 9)
     96    76    17116,4618  2947    54001,4109    16900,5575   157291   68,70%
*   104+   65                        51211,6757    16909,0466            66,98%
    107    99    17233,6668  2218    51211,6757    16909,0466   194063   66,98%
*   116+   73                        45825,9029    16909,0466            63,10%
    118   104    17559,7280  2429    45825,9029    16909,0466   202314   63,10%
    128   113    17212,3805  2289    45825,9029    16909,0466   219524   63,10%
    140    87    17145,0613  2711    45825,9029    16909,0466   178877   63,10%
    150   132    18280,3794  2230    45825,9029    16909,0466   244143   63,10%
    167   144    17370,4975  2369    45825,9029    16909,0466   258854   63,10%
*   176+   94                        23197,6912    16909,0466            27,11%
    179   138    17257,8682  2604    23197,6912    16909,0466   251654   27,11%
*   186+  121                        23136,7246    16909,0466            26,92%
    194   147    17241,2094  2320    23136,7246    16909,0466   261643   26,92%
    208   157    18376,2219  2181    23136,7246    16909,0466   272944   26,92%
Elapsed time = 229,48 sec. (54233,33 ticks, tree = 3,07 MB, solutions = 13)
    217   174    17601,9349  2224    23136,7246    16909,0466   291610   26,92%
    233   185    17380,7218  2446    23136,7246    16909,0466   303817   26,92%
    244   210    17481,4356  2102    23136,7246    16909,0466   331113   26,92%
    260   224    17665,3417  2142    23136,7246    16909,0466   347303   26,92%
    283   202    18252,7302  2198    23136,7246    16909,0466   319128   26,92%
    310   249    17515,1963  2118    23136,7246    16909,0466   378670   26,92%
    332   261    18185,4086  1540    23136,7246    16909,0466   385154   26,92%
    354   252    17545,1087  2088    23136,7246    16909,0466   381665   26,92%
    376   293    20211,8999   850    23136,7246    16909,0466   402721   26,92%
    411   360    20543,2186   270    23136,7246    16909,0466   442190   26,92%
Elapsed time = 304,26 sec. (64195,85 ticks, tree = 9,87 MB, solutions = 14)
*   445+  239                        22774,8909    16909,0466            25,76%
*   451   373      integral     0    21870,9594    16909,0466   444343   22,69%
    452   426        cutoff          21870,9594    16909,0466   477246   22,69%
    481   406    18790,6052  1912    21870,9594    16909,0466   476097   22,69%
    502   408    18846,5914  1878    21870,9594    16909,0466   477708   22,69%
    527   368    18894,7545  1584    21870,9594    16909,0466   453148   22,69%
    563   489    19563,0045  1452    21870,9594    16909,0466   512023   22,69%
    602   481    20909,7284   563    21870,9594    16909,0466   495699   22,69%
    651   525    19781,4957  1481    21870,9594    16909,0466   536596   22,69%
    681   470    19837,7093  1185    21870,9594    16909,0466   501777   22,69%
    727   531    20062,9528  1351    21870,9594    16909,0466   538944   22,69%
    777   580    20104,8040   966    21870,9594    16909,0466   570833   22,69%
Elapsed time = 380,77 sec. (73930,83 ticks, tree = 22,11 MB, solutions = 16)
    840   587    21372,0919   276    21870,9594    16909,0466   568323   22,69%
    881   712    21264,9114  1161    21870,9594    16909,0466   616747   22,69%
    941   712    21661,0100   264    21870,9594    16911,3910   612464   22,68%
    984   734    17589,6149  1980    21870,9594    16911,3910   638212   22,68%
   1010   726    18426,8360  1849    21870,9594    16911,3910   633348   22,68%
   1034   739    18766,0011  1744    21870,9594    16911,3910   641572   22,68%
   1059   925    17941,4957  1796    21870,9594    16911,3910   719883   22,68%
   1083   944    18761,1775  1455    21870,9594    16911,3910   730618   22,68%
   1110   842    18999,9071  1653    21870,9594    16911,3910   676449   22,68%
   1126   953    19039,7769  1486    21870,9594    16911,3910   734384   22,68%
Elapsed time = 456,34 sec. (84023,94 ticks, tree = 46,61 MB, solutions = 16)
   1153  1001    17270,4039  2425    21870,9594    16911,3910   769356   22,68%
   1189   996    20176,3682   841    21870,9594    16911,3910   752309   22,68%
   1227  1127    20973,9895   665    21870,9594    16911,3910   830388   22,68%
   1269  1034    19796,2621  1299    21870,9594    16911,3910   782881   22,68%
   1304  1042    20108,2821  1217    21870,9594    16911,3910   784748   22,68%
   1331  1056    18910,6494  1201    21870,9594    16911,3910   807403   22,68%
   1366  1197    21490,8523   890    21870,9594    16911,3910   864047   22,68%
   1401  1205    17450,1896  2196    21870,9594    16911,3910   879896   22,68%
*  1412+ 1064                        20825,9063    16911,3910            18,80%
   1439  1214    18854,3977  1700    20825,9063    16911,3910   886376   18,80%
   1475  1138    20472,7594   439    20825,9063    16911,3910   906868   18,80%
Elapsed time = 531,38 sec. (93802,65 ticks, tree = 56,04 MB, solutions = 17)
*  1488  1138      integral     0    20557,0880    16911,3910   908153   17,73%
   1498  1224    17662,9381  2190    20557,0880    16911,3910   896921   17,73%
   1513  1193    18123,8507  1922    20557,0880    16911,3910   947107   17,73%
   1528  1183    17631,7210  2021    20557,0880    16911,3910   937512   17,73%
   1549  1185    17881,2915  1999    20557,0880    16911,3910   990609   17,73%
   1570  1177    17438,6265  2337    20557,0880    16911,3910   983243   17,73%
   1595  1222    20445,7858  1000    20557,0880    16911,3910  1013436   17,73%
   1618  1255    18520,9002  1595    20557,0880    16911,3910  1051638   17,73%
   1644  1259    17338,8651  2217    20557,0880    16963,8366  1055272   17,48%
   1660  1260    17552,3117  2276    20557,0880    16963,8366  1056766   17,48%
   1684  1249    17872,6397  1929    20557,0880    16963,8366  1044479   17,48%
Elapsed time = 605,68 sec. (103664,61 ticks, tree = 62,60 MB, solutions = 18)
   1706  1301    17485,9412  2215    20557,0880    16980,1047  1085148   17,40%
   1726  1326    18445,9625  1487    20557,0880    16980,1047  1102410   17,40%
   1752  1315    18045,2833  1900    20557,0880    16980,1047  1095441   17,40%
   1781  1408    18781,6071  1434    20557,0880    16980,1047  1158729   17,40%
   1812  1391    17508,8458  2331    20557,0880    16980,1047  1149315   17,40%
   1836  1309    17688,1325  2010    20557,0880    16980,1047  1092947   17,40%
   1869  1341    17590,8919  2168    20557,0880    16980,1047  1115624   17,40%
   1895  1397    17713,7221  2371    20557,0880    16980,1047  1153650   17,40%
   1928  1473    19722,1417  1040    20557,0880    16980,1047  1205425   17,40%
   1964  1448    19524,4994  1412    20557,0880    16980,1047  1183529   17,40%
Elapsed time = 681,53 sec. (113520,17 ticks, tree = 75,76 MB, solutions = 18)
   2003  1498    18329,5428  1820    20557,0880    16980,1047  1227084   17,40%
   2048  1460    18600,5384  1672    20557,0880    16980,1047  1201344   17,40%
   2094  1539    20093,0943   959    20557,0880    16980,1047  1245297   17,40%
   2158  1695    18654,4820  1681    20557,0880    16981,5682  1349272   17,39%
   2177  1533    17626,4677  2344    20557,0880    16981,5682  1255282   17,39%
   2200  1534    17774,2524  2279    20557,0880    16981,5682  1256758   17,39%
   2235  1654    20445,6169  1152    20557,0880    16981,5682  1320877   17,39%
   2267  1662    20294,5666   861    20557,0880    16981,5682  1323161   17,39%
   2321  1711    19890,8031   888    20557,0880    16985,0191  1348133   17,38%
   2460  1823    17087,1537  2561    20557,0880    16994,8962  1413546   17,33%
Elapsed time = 779,93 sec. (126226,34 ticks, tree = 100,26 MB, solutions = 18)
   2543  2063    18259,4402  2173    20557,0880    17002,2745  1555752   17,29%
   2640  2062    19696,6507   898    20557,0880    17004,7667  1545431   17,28%
   2757  2203    20314,5574  1842    20557,0880    17004,7667  1635597   17,28%
   2852  2306    19235,0817  2284    20557,0880    17008,9286  1715540   17,26%
*  2912+ 2444                        20540,2374    17008,9338            17,19%
   2954  2357    17350,1739  2838    20540,2374    17013,7591  1747465   17,17%
   3068  2446    19607,7959  1817    20540,2374    17018,8082  1805234   17,14%
   3166  2506    17950,8941  2208    20540,2374    17018,8082  1865606   17,14%
   3278  2676    18296,0448  2061    20540,2374    17019,3673  1964931   17,14%
   3372  2713    18789,3927  2333    20540,2374    17019,3673  1994359   17,14%
   3470  2887    18786,0313  2134    20540,2374    17019,3673  2118947   17,14%
Elapsed time = 1071,29 sec. (164807,59 ticks, tree = 138,59 MB, solutions = 19)
   3573  2945    19072,5995  2007    20540,2374    17025,1000  2160644   17,11%
   3660  3119    19439,1986  2076    20540,2374    17025,5347  2280778   17,11%
   3756  3179    18004,1592  2617    20540,2374    17026,8268  2325612   17,11%
   3827  3189    17708,4933  2304    20540,2374    17026,8268  2336484   17,11%
   3842  3186    18373,2811  2691    20540,2374    17026,8268  2333417   17,11%

Performing restart 1

Repeating presolve.
Tried aggregator 1 time.
Reduced MIP has 6174 rows, 34228 columns, and 74820 nonzeros.
Reduced MIP has 34212 binaries, 16 generals, 0 SOSs, and 0 indicators.
Presolve time = 0,05 sec. (44,53 ticks)
Tried aggregator 1 time.
Reduced MIP has 6174 rows, 34228 columns, and 74820 nonzeros.
Reduced MIP has 34212 binaries, 16 generals, 0 SOSs, and 0 indicators.
Presolve time = 0,07 sec. (55,82 ticks)
Represolve time = 1,81 sec. (1145,66 ticks)
   3843     0    16853,6070  3455    20540,2374   ZeroHalf: 3  2467405   17,11%
   3843     0    16864,6313  3555    20540,2374   ZeroHalf: 7  2468136   17,11%
   3843     0    16880,4769  3542    20540,2374      Cuts: 15  2469160   17,11%
   3843     0    16882,3524  3568    20540,2374   ZeroHalf: 3  2469409   17,11%
   3843     0    16884,7124  3570    20540,2374   ZeroHalf: 4  2469821   17,11%
   3843     0    16895,4685  3530    20540,2374  ZeroHalf: 13  2470887   17,11%
   3843     0    16899,6484  3560    20540,2374   ZeroHalf: 4  2471423   17,11%
   3843     2    16899,6484  3560    20540,2374    17026,8268  2471423   17,11%
   3845     4    16909,1898  3509    20540,2374    17026,8268  2473184   17,11%
   3854    13    16979,0399  3259    20540,2374    17026,8268  2488663   17,11%
   3886    33    17133,7734  3077    20540,2374    17026,8268  2516104   17,11%
   3917    38    17847,8336  2924    20540,2374    17026,8268  2536798   17,11%
Elapsed time = 1438,93 sec. (278205,08 ticks, tree = 0,65 MB, solutions = 19)
   3935    92    17217,4577  3078    20540,2374    17026,8268  2683493   17,11%
   3969   111    17498,6485  2610    20540,2374    17026,8268  2744378   17,11%
   4001   124    17276,3194  3263    20540,2374    17026,8268  2760522   17,11%
   4023   140    17732,1957  2878    20540,2374    17026,8268  2793514   17,11%
   4051   174    18268,0327  2653    20540,2374    17026,8268  2859130   17,11%
   4087   207    17092,0524  3144    20540,2374    17026,8268  2936127   17,11%
   4105   225    17469,5377  2991    20540,2374    17026,8268  2964361   17,11%
   4140   257    17287,8271  2813    20540,2374    17026,8268  3002442   17,11%
   4179   278    17597,5318  3090    20540,2374    17026,8268  3037444   17,11%
   4220   300    17268,4121  3106    20540,2374    17026,8268  3056198   17,11%
Elapsed time = 1711,33 sec. (318574,30 ticks, tree = 6,61 MB, solutions = 19)
   4282   377    17196,2721  2809    20540,2374    17026,8268  3142926   17,11%
   4334   417    17916,7689  2378    20540,2374    17026,8268  3186019   17,11%
   4383   470    17307,0252  2951    20540,2374    17026,8268  3242446   17,11%
   4433   501    17364,2656  3046    20540,2374    17026,8268  3272120   17,11%
   4492   583    17326,4578  3134    20540,2374    17026,8268  3352569   17,11%
   4538   629    17275,6071  2706    20540,2374    17026,8268  3397863   17,11%
   4594   673    18172,2578  2253    20540,2374    17026,8268  3444405   17,11%
   4635   708    17187,0134  2993    20540,2374    17026,8268  3486943   17,11%
   4695   815    17381,3460  3020    20540,2374    17026,8268  3598987   17,11%
   4752   787    18704,5950  2098    20540,2374    17026,8268  3560326   17,11%
Elapsed time = 1993,81 sec. (358070,12 ticks, tree = 30,33 MB, solutions = 19)
   4793   880    17495,7311  2319    20540,2374    17026,8268  3653875   17,11%
   4824   828    18248,4366  2624    20540,2374    17026,8268  3614175   17,11%
   4880   864    19032,9108  1820    20540,2374    17026,8268  3642130   17,11%
   4948   981    18585,7921  2210    20540,2374    17026,8268  3763570   17,11%
   5037   995    18954,3027  2038    20540,2374    17026,8268  3770122   17,11%
   5142  1038    17855,6834  2409    20540,2374    17026,8268  3810496   17,11%
   5237  1152    17059,9184  3204    20540,2374    17026,8268  3893466   17,11%
   5305  1304    17309,5734  3014    20540,2374    17026,8268  4023926   17,11%
   5380  1284    17439,5270  3237    20540,2374    17026,8268  4003798   17,11%
   5462  1325    18401,9201  2666    20540,2374    17026,8268  4049983   17,11%
Elapsed time = 2296,91 sec. (396963,61 ticks, tree = 63,30 MB, solutions = 19)
   5591  1403    20521,8627  1751    20540,2374    17026,8268  4091696   17,11%
   5649  1405    18538,0169  1957    20540,2374    17026,8268  4106401   17,11%
   5713  1636    19289,0943  2471    20540,2374    17026,8268  4325516   17,11%
   5764  1658    17241,1035  2977    20540,2374    17026,8268  4341254   17,11%
   5829  1571    17939,4724  2226    20540,2374    17026,8268  4274806   17,11%
   5878  1802    18334,3428  2650    20540,2374    17026,8268  4482929   17,11%
   5929  1794    17638,3567  2725    20540,2374    17026,8268  4472064   17,11%
   5983  1842    18040,8618  2895    20540,2374    17026,8268  4524118   17,11%
   6044  1910    18944,8782  2697    20540,2374    17026,8268  4582343   17,11%
   6104  2022    17859,9532  3054    20540,2374    17026,8268  4711180   17,11%
Elapsed time = 2572,58 sec. (435745,42 ticks, tree = 107,74 MB, solutions = 19)
   6176  2030    17756,9950  3071    20540,2374    17026,8268  4715695   17,11%
   6234  2070    19097,2251  2657    20540,2374    17026,8268  4764698   17,11%
   6286  2181    18002,0083  2503    20540,2374    17026,8268  4869088   17,11%
   6337  2247    20467,5804  2559    20540,2374    17026,8268  4934259   17,11%
   6399  2225    18236,1747  2886    20540,2374    17026,8268  4914066   17,11%
   6474  2294    18149,0182  2532    20540,2374    17026,8268  4976302   17,11%
   6537  2313    18161,8255  2334    20540,2374    17026,8268  4991374   17,11%
   6596  2492    18785,5283  2209    20540,2374    17026,8268  5150322   17,11%
   6671  2478    18488,2968  1911    20540,2374    17026,8268  5135833   17,11%
   6744  2485    18761,0919  2044    20540,2374    17026,8268  5141937   17,11%
Elapsed time = 2875,03 sec. (474456,95 ticks, tree = 137,20 MB, solutions = 19)
   6802  2729    19081,6545  2576    20540,2374    17026,8268  5359439   17,11%
   6866  2759    18998,6661  2238    20540,2374    17026,8268  5387714   17,11%
   6947  2702    18801,3486  1494    20540,2374    17026,8268  5337119   17,11%
   7042  2834    18504,7232  2284    20540,2374    17026,8268  5452013   17,11%
   7138  2949    18292,2857  2630    20540,2374    17026,8268  5538499   17,11%
   7226  2979    17998,9158  3126    20540,2374    17026,8268  5571948   17,11%
   7308  2832    17222,1810  3274    20540,2374    17026,8268  5460051   17,11%
   7390  2993    18117,7581  2939    20540,2374    17026,8268  5582528   17,11%
   7467  3202    17378,0077  2947    20540,2374    17026,8268  5765174   17,11%
   7529  3205    17378,5672  2943    20540,2374    17026,8268  5768997   17,11%
Elapsed time = 3151,34 sec. (513366,73 ticks, tree = 184,40 MB, solutions = 19)
   7576  3386    19878,3114  1810    20540,2374    17026,8268  5890613   17,11%
   7641  3460    18825,4371  2921    20540,2374    17026,8268  5972401   17,11%
   7725  3423    18407,5385  2514    20540,2374    17026,8268  5934584   17,11%
   7828  3609    18679,2191  2516    20540,2374    17026,8268  6090310   17,11%
   7923  3649    17561,7817  2782    20540,2374    17026,8268  6124256   17,11%
   7997  3684    18168,2947  2980    20540,2374    17026,8268  6155345   17,11%
   8056  3747    19134,5430  2152    20540,2374    17026,8268  6202253   17,11%
   8130  3847    17802,8821  2622    20540,2374    17026,8268  6254468   17,11%
   8224  3973        cutoff          20540,2374    17026,8268  6375975   17,11%
   8321  4095    18278,4378  2128    20540,2374    17026,8268  6440616   17,11%
Elapsed time = 3437,52 sec. (552183,69 ticks, tree = 242,68 MB, solutions = 19)
   8451  4087    20226,7284  1817    20540,2374    17026,8268  6419282   17,11%
   8576  4210    18580,4534  2875    20540,2374    17026,8268  6562987   17,11%
   8671  4463    19748,1684  1578    20540,2374    17026,8268  6660893   17,11%
   8748  4254    20292,8967  2136    20540,2374    17026,8268  6595501   17,11%
   8810  4323    18257,2130  2484    20540,2374    17026,8268  6634811   17,11%
   8862  4525    18908,3786  2671    20540,2374    17026,8268  6723427   17,11%
   8908  4668    18656,9753  2821    20540,2374    17026,8268  6854858   17,11%
   8965  4582    18602,4275  2955    20540,2374    17026,8268  6780789   17,11%
   9050  4650    18275,6791  2541    20540,2374    17026,8268  6833796   17,11%
   9110  4749    18322,0591  2488    20540,2374    17026,8268  6960204   17,11%
Elapsed time = 3738,33 sec. (590637,57 ticks, tree = 280,38 MB, solutions = 19)
   9157  4802    18471,5466  2565    20540,2374    17026,8268  7010003   17,11%
   9209  4920    18938,7880  1714    20540,2374    17026,8268  7109552   17,11%
   9276  5008    19828,8676  1760    20540,2374    17026,8268  7186923   17,11%
   9370  5025    19897,8292  1607    20540,2374    17026,8268  7192869   17,11%
   9505  4983    17428,6321  3127    20540,2374    17026,8268  7182790   17,11%
   9655  5153    20413,9060  1526    20540,2374    17026,8268  7236282   17,11%
   9773  5240    20131,6557  1921    20540,2374    17026,8268  7337733   17,11%
   9892  5533    18459,3960  2189    20540,2374    17026,8268  7485117   17,11%
   9950  5330    20206,1484  2409    20540,2374    17026,8268  7403324   17,11%
  10018  5504    19629,7829  2629    20540,2374    17026,8268  7457897   17,11%
Elapsed time = 4028,57 sec. (629538,42 ticks, tree = 328,12 MB, solutions = 19)
  10076  5525    17940,0884  2532    20540,2374    17026,8268  7479866   17,11%
  10146  5798    18567,5469  2093    20540,2374    17026,8268  7689275   17,11%
  10195  5741    18225,6347  2438    20540,2374    17026,8268  7619073   17,11%
  10254  5774    18216,0918  2432    20540,2374    17026,8268  7677231   17,11%
  10320  5948    18907,2499  2081    20540,2374    17026,8268  7831542   17,11%
  10395  5963    19826,5278  2686    20540,2374    17026,8268  7853620   17,11%
  10445  5965    20079,4427  2660    20540,2374    17026,8268  7859837   17,11%
  10518  5981    17923,8700  2103    20540,2374    17026,8268  7880502   17,11%
  10591  6164    17680,1848  3219    20540,2374    17026,8268  8052577   17,11%
  10682  6104    19129,1259  2214    20540,2374    17026,8268  7994939   17,11%
Elapsed time = 4311,13 sec. (668140,87 ticks, tree = 366,95 MB, solutions = 19)
  10807  6203    20227,4857  2250    20540,2374    17026,8268  8090578   17,11%
  10903  6254    19397,4254  1958    20540,2374    17026,8268  8131640   17,11%
  10994  6476    19423,4520  1962    20540,2374    17026,8268  8342055   17,11%
  11089  6491    19448,2979  1897    20540,2374    17026,8268  8348817   17,11%
  11207  6582    19518,5053  2000    20540,2374    17026,8268  8414485   17,11%
  11307  6729    18972,8141  1718    20540,2374    17026,8268  8527249   17,11%
  11415  6837    19553,2701  1687    20540,2374    17026,8268  8599691   17,11%
  11502  6799    20520,4185  1609    20540,2374    17026,8268  8581607   17,11%
  11614  6817        cutoff          20540,2374    17026,8268  8590082   17,11%
  11731  6933    19619,7046  2187    20540,2374    17026,8268  8699426   17,11%
Elapsed time = 4598,93 sec. (706589,82 ticks, tree = 422,32 MB, solutions = 19)
  11818  7139    19844,1068  1525    20540,2374    17026,8268  8820231   17,11%
  11900  7188    20305,6257  2087    20540,2374    17026,8268  8858307   17,11%
  12023  7178    20512,0310  1659    20540,2374    17026,8268  8835755   17,11%
  12078  7201    17315,9731  3158    20540,2374    17026,8268  8870380   17,11%
  12138  7236    19243,5725  2817    20540,2374    17026,8268  8907306   17,11%
  12206  7285    18988,4310  1948    20540,2374    17026,8268  8930280   17,11%
  12289  7545    18420,2512  2008    20540,2374    17026,8268  9121740   17,11%
  12377  7455    17389,5745  2859    20540,2374    17026,8268  9067448   17,11%
  12465  7696    18780,6072  2183    20540,2374    17026,8268  9287255   17,11%
  12588  7795    19663,7415  1697    20540,2374    17026,8268  9364131   17,11%
Elapsed time = 4884,26 sec. (745127,81 ticks, tree = 480,10 MB, solutions = 19)
  12707  7830    20309,3957  1560    20540,2374    17026,8268  9371134   17,11%
  12825  8029    19738,8991  1560    20540,2374    17026,8268  9522359   17,11%
  12874  7849    17576,9207  2984    20540,2374    17026,8268  9411375   17,11%
  12934  8061    18345,8441  2893    20540,2374    17026,8268  9548401   17,11%
  12983  8206    19752,4214  1927    20540,2374    17026,8268  9646917   17,11%
  13050  8216    19658,9285  1726    20540,2374    17026,8268  9652670   17,11%
  13120  8242    18232,2297  2151    20540,2374    17026,8268  9672835   17,11%
  13202  8275    18191,5446  2957    20540,2374    17026,8268  9734136   17,11%
  13291  8389    19454,7236  1844    20540,2374    17026,8268  9824454   17,11%
  13374  8403    19778,8967  1630    20540,2374    17026,8268  9830781   17,11%
Elapsed time = 5169,87 sec. (783664,47 ticks, tree = 520,63 MB, solutions = 19)
  13449  8593    18428,0079  2741    20540,2374    17026,8268 10003758   17,11%
  13542  8638    18151,6273  2802    20540,2374    17026,8268 10046637   17,11%
  13648  8674    20190,5577  1165    20540,2374    17026,8268 10043336   17,11%
  13719  8736    17465,0817  3256    20540,2374    17026,8268 10111979   17,11%
  13761  8870    20358,5440  1236    20540,2374    17026,8268 10175227   17,11%
  13826  8941    19990,3924  1620    20540,2374    17026,8268 10212222   17,11%
  13876  8965    18868,9970  2433    20540,2374    17026,8268 10251473   17,11%
  13920  8977    19145,0316  1968    20540,2374    17026,8268 10256928   17,11%
  13974  9025    19921,3633  1472    20540,2374    17026,8268 10299703   17,11%
  14049  9102    18835,5500  1944    20540,2374    17026,8268 10383915   17,11%
Elapsed time = 5523,17 sec. (822249,50 ticks, tree = 567,61 MB, solutions = 19)
  14105  9250    19265,7096  2627    20540,2374    17026,8268 10474373   17,11%
  14160  9137    17872,4982  2770    20540,2374    17026,8268 10405114   17,11%
  14215  9337    17707,2957  2910    20540,2374    17026,8268 10583321   17,11%
  14294  9343    17540,0649  3243    20540,2374    17026,8268 10599310   17,11%
  14389  9377    17666,7406  2690    20540,2374    17026,8268 10619378   17,11%
  14513  9335    18083,4738  2678    20540,2374    17026,8268 10586247   17,11%
  14597  9598    20082,9767  1881    20540,2374    17026,8268 10769261   17,11%
  14714  9662    19508,3966  1727    20540,2374    17026,8268 10794809   17,11%
  14842  9719    18510,4594  2289    20540,2374    17086,6941 10870934   16,81%
  14974  9602    19484,2864  1605    20540,2374    17086,6941 10760375   16,81%
Elapsed time = 5790,77 sec. (860932,97 ticks, tree = 597,42 MB, solutions = 19)
  15082  9757    19944,4664  1519    20540,2374    17086,6941 10847178   16,81%
  15160 10259    18550,2486  2602    20540,2374    17093,6638 11112425   16,78%
  15228  9992    18237,7792  2951    20540,2374    17093,6638 11041365   16,78%
  15277 10340    18887,4204  2202    20540,2374    17093,6638 11181442   16,78%
  15326 10002    18620,2607  2784    20540,2374    17093,6638 11050819   16,78%
  15382 10401    18164,5956  2966    20540,2374    17093,7117 11244389   16,78%
  15460 10426    19173,2283  2357    20540,2374    17093,7117 11269401   16,78%
  15569 10438    19345,2448  2175    20540,2374    17096,3772 11274583   16,77%
  15619 10474    18335,9619  2198    20540,2374    17096,3772 11315425   16,77%
  15679 10518    17943,2865  2695    20540,2374    17096,3772 11357675   16,77%
Elapsed time = 6074,10 sec. (899653,72 ticks, tree = 624,55 MB, solutions = 19)
  15751 10759    20224,5285  1388    20540,2374    17096,3772 11508946   16,77%
  15828 10710    19266,2508  2002    20540,2374    17100,1002 11473366   16,75%
  15904 10722    19575,8101  1795    20540,2374    17100,1002 11478926   16,75%
  16045 10846    20103,9087  1310    20540,2374    17100,1002 11542743   16,75%
  16134 11026    19450,1124   889    20540,2374    17100,1002 11761514   16,75%
  16205 10940    20436,0530  1134    20540,2374    17100,1002 11681719   16,75%
  16240 11084    19265,4922  2128    20540,2374    17100,1002 11814333   16,75%
  16289 11009    17588,7181  3270    20540,2374    17103,3115 11751669   16,73%
  16346 11358    17715,2183  3247    20540,2374    17105,7157 12016076   16,72%
  16415 11337    19056,5695  1771    20540,2374    17105,7157 11982816   16,72%
Elapsed time = 6358,32 sec. (938144,14 ticks, tree = 656,66 MB, solutions = 19)
  16503 11524    20058,8706   878    20540,2374    17105,7157 12115738   16,72%
  16577 11324    18014,3521  2807    20540,2374    17105,7157 11966745   16,72%
  16637 11438    17488,2332  3264    20540,2374    17105,7157 12096914   16,72%
  16732 11599    18651,6379  1496    20540,2374    17105,7157 12198352   16,72%
  16829 11681    19511,9164  1971    20540,2374    17105,7157 12287821   16,72%
  16938 11549    17808,8659  3083    20540,2374    17119,3609 12136897   16,65%
  17067 11954    18848,9896  1958    20540,2374    17125,5123 12497177   16,62%
  17182 12000    19865,9101  1446    20540,2374    17125,5123 12526435   16,62%
  17266 11752    18320,0429  2686    20540,2374    17125,5123 12382671   16,62%
  17347 12043    20175,7913  1136    20540,2374    17128,7244 12514722   16,61%
Elapsed time = 6680,08 sec. (976540,51 ticks, tree = 703,81 MB, solutions = 19)
  17413 11943    17986,1248  2825    20540,2374    17128,7244 12496581   16,61%
  17446 12180    18758,4123  2273    20540,2374    17128,7244 12658956   16,61%
  17495 12192    19045,5578  1943    20540,2374    17134,0692 12664195   16,58%
  17561 12233    20130,0706  1604    20540,2374    17134,0692 12708751   16,58%
  17659 12234    20017,3556  1702    20540,2374    17134,4257 12676081   16,58%
  17751 12483    18813,4481  2462    20540,2374    17134,4257 12844100   16,58%
  17801 12518    18949,5101  2427    20540,2374    17134,4257 12883974   16,58%
  17876 12736    19358,7401  1722    20540,2374    17137,5734 13009545   16,57%
  17988 12677    19756,6585  1654    20540,2374    17137,5734 12980257   16,57%
  18104 12705    20259,5013   984    20540,2374    17137,5734 12986805   16,57%
Elapsed time = 6995,82 sec. (1015346,21 ticks, tree = 749,70 MB, solutions = 19)
  18222 12924    20258,6224  1477    20540,2374    17138,2292 13159231   16,56%
  18311 12874    20338,9107  1358    20540,2374    17138,2292 13125382   16,56%
  18370 12802    18533,4093  2732    20540,2374    17138,2292 13089286   16,56%
  18431 13096    18333,2252  2320    20540,2374    17138,2292 13261066   16,56%
  18498 13150    17892,0193  3062    20540,2374    17139,9409 13287267   16,55%
  18559 13259    17657,0771  3221    20540,2374    17139,9409 13388213   16,55%
  18652 13367    19823,7802  1883    20540,2374    17141,8400 13441769   16,55%
  18768 13416    18686,3770  2679    20540,2374    17141,8400 13488915   16,55%
  18845 13534    19556,6587  1816    20540,2374    17141,8400 13544584   16,55%
  18934 13570    18900,5560  2034    20540,2374    17141,8400 13595640   16,55%
Elapsed time = 7269,81 sec. (1054054,18 ticks, tree = 809,02 MB, solutions = 19)
  19081 13586    19210,4498  1928    20540,2374    17141,8400 13601112   16,55%
  19187 13659    18781,9062  2450    20540,2374    17141,8400 13695962   16,55%
  19285 13571    19942,3258  1746    20540,2374    17141,8400 13586850   16,55%
  19398 13829    17624,9933  2924    20540,2374    17144,5546 13797821   16,53%
  19468 13784    17851,1222  2905    20540,2374    17145,2261 13775750   16,53%
  19550 14301    19389,7769  1943    20540,2374    17145,2261 14031307   16,53%
  19632 14311    18134,3618  2724    20540,2374    17145,3301 14053399   16,53%
  19725 14358    18189,5242  2404    20540,2374    17145,3301 14100065   16,53%
  19810 14324    18611,0607  2463    20540,2374    17145,7316 14063026   16,53%
  19862 14333    18917,7991  2107    20540,2374    17145,7316 14068331   16,53%
Elapsed time = 7561,24 sec. (1092783,85 ticks, tree = 861,28 MB, solutions = 19)
  19961 14349    19127,1791  1864    20540,2374    17147,7945 14089374   16,52%
  20058 14472    20048,8730  1844    20540,2374    17157,3190 14168920   16,47%
  20156 14605    19625,0961  2003    20540,2374    17157,3190 14288221   16,47%
  20237 14623    20163,5522  1358    20540,2374    17157,3190 14294610   16,47%
  20338 14914    20504,6378  1279    20540,2374    17157,3190 14426213   16,47%
  20387 14966    19958,7428  1835    20540,2374    17157,3190 14465631   16,47%
  20462 15081    19974,7304  1916    20540,2374    17157,3364 14579780   16,47%
  20530 15103    20317,8033  1474    20540,2374    17157,3364 14586334   16,47%
  20607 15090    20432,8276  1159    20540,2374    17157,6483 14565518   16,47%
  20686 15056    20492,8788  1929    20540,2374    17157,6483 14548992   16,47%
Elapsed time = 7853,76 sec. (1131427,03 ticks, tree = 911,64 MB, solutions = 19)
  20762 15212    18844,6262  2722    20540,2374    17157,6483 14714659   16,47%
  20804 15162    18874,2693  2504    20540,2374    17157,6483 14646302   16,47%
  20860 15530    19153,1522  2381    20540,2374    17174,8819 14928327   16,38%
  20916 15328    18633,9401  2407    20540,2374    17174,8819 14765526   16,38%
  20992 15363    19978,6858  1124    20540,2374    17175,2059 14796122   16,38%
  21093 15566    20481,0799  1681    20540,2374    17175,2059 14946599   16,38%
  21155 15616    19560,3711  1911    20540,2374    17175,2059 15027054   16,38%
  21224 15605    18194,5707  2724    20540,2374    17175,2059 15003430   16,38%
  21288 15817    19455,4429  1844    20540,2374    17175,2059 15136113   16,38%
  21364 15885    18288,6215  2534    20540,2374    17175,2059 15214342   16,38%
Elapsed time = 8144,57 sec. (1170021,29 ticks, tree = 968,33 MB, solutions = 19)
  21449 15972    18723,0992  2165    20540,2374    17177,1173 15291456   16,37%
  21494 15925    19725,5827  1558    20540,2374    17177,1173 15251509   16,37%
  21559 15951    18829,1303  2178    20540,2374    17177,1173 15279719   16,37%
  21642 16070    19088,1988  2068    20540,2374    17180,0107 15391400   16,36%
  21692 16038    17685,6440  3157    20540,2374    17180,0107 15368184   16,36%
  21743 16040    17766,7379  3155    20540,2374    17180,0107 15372317   16,36%
  21796 16473    20423,0284  1286    20540,2374    17181,7195 15646366   16,35%
  21856 16259    19728,3762  1360    20540,2374    17181,7195 15540667   16,35%
  21937 16277    20421,6383  1372    20540,2374    17181,7195 15547974   16,35%
  21999 16483    17983,2784  3029    20540,2374    17181,7195 15677178   16,35%
Elapsed time = 8499,14 sec. (1208727,58 ticks, tree = 1010,25 MB, solutions = 19)
  22016 16660    17643,2081  2943    20540,2374    17181,7556 15871072   16,35%
  22055 16587    19724,7810  2246    20540,2374    17181,7556 15828371   16,35%
  22088 16564    19250,8000  2356    20540,2374    17181,7556 15787959   16,35%
  22139 16570    19513,9446  2024    20540,2374    17181,7556 15793032   16,35%
  22193 16606        cutoff          20540,2374    17181,7556 15846903   16,35%
  22254 16809    19061,1613  2106    20540,2374    17184,9821 15954263   16,34%
  22324 16845        cutoff          20540,2374    17184,9821 16030609   16,34%
  22430 16939    17544,1680  3650    20540,2374    17184,9821 16156838   16,34%
  22583 17127    17974,0865  3052    20540,2374    17184,9821 16291958   16,34%
  22710 16894    20511,3813  1081    20540,2374    17184,9821 16067529   16,34%
Elapsed time = 8797,02 sec. (1247187,18 ticks, tree = 1039,04 MB, solutions = 19)
  22759 17009    19708,9848  1574    20540,2374    17184,9821 16200182   16,34%
  22848 17054    20180,8848  1310    20540,2374    17184,9821 16206679   16,34%
  22903 17350    17884,9361  2820    20540,2374    17189,2977 16459922   16,31%
  22935 17353    18040,0691  2921    20540,2374    17189,2977 16464135   16,31%
  22983 17087    17821,6444  3132    20540,2374    17189,2977 16262757   16,31%
  23024 17246    19465,7668  2072    20540,2374    17189,2977 16402170   16,31%
  23092 17540    19331,4850  2263    20540,2374    17189,2977 16588606   16,31%
  23181 17296    20162,6368  1381    20540,2374    17189,2977 16414302   16,31%
  23281 17561    20320,3891  1744    20540,2374    17189,2977 16599937   16,31%
  23379 17769    19495,3184  1965    20540,2374    17189,2977 16795811   16,31%
Elapsed time = 9084,61 sec. (1285672,12 ticks, tree = 1082,00 MB, solutions = 19)
  23443 17799    19248,6122  1860    20540,2374    17189,2977 16829505   16,31%
  23544 17819    19782,7584  1945    20540,2374    17189,2977 16848132   16,31%
  23640 17982    20205,6629  1614    20540,2374    17189,2977 16945855   16,31%
  23753 17894    20315,2888  1192    20540,2374    17189,2977 16846848   16,31%
  23828 18119    20112,0627  1530    20540,2374    17189,2977 17070968   16,31%
  23891 18016    19317,4476  2549    20540,2374    17193,6956 16990711   16,29%
  23924 18025    19614,2018  2270    20540,2374    17193,6956 16995706   16,29%
  23972 18033    19934,3828  2198    20540,2374    17193,6956 17001306   16,29%
  24029 18069    18071,8398  2586    20540,2374    17198,2738 17061873   16,27%
  24106 18345    18052,2968  2808    20540,2374    17198,2738 17203847   16,27%
Elapsed time = 9377,39 sec. (1324626,62 ticks, tree = 1110,14 MB, solutions = 19)
  24160 18426    19512,8454  1755    20540,2374    17198,2738 17271672   16,27%
  24248 18451    20231,1561  1046    20540,2374    17198,2738 17277922   16,27%
  24309 18397    19958,3168  1848    20540,2374    17198,2738 17250409   16,27%
  24378 18625    18026,3564  2807    20540,2374    17198,2738 17459371   16,27%
  24458 18428    17712,8763  3129    20540,2374    17198,2738 17314055   16,27%
  24513 18870    18095,7172  2955    20540,2374    17203,2219 17648614   16,25%
  24551 18775    20341,5102  1635    20540,2374    17204,2826 17591334   16,24%
  24600 18986    17695,3391  3096    20540,2374    17204,2826 17779763   16,24%
  24648 18939    17662,9286  3184    20540,2374    17204,2826 17720107   16,24%
  24705 19170    19211,1971  2435    20540,2374    17205,4828 17938543   16,24%
Elapsed time = 9670,02 sec. (1363322,14 ticks, tree = 1167,02 MB, solutions = 19)
  24768 19237    19445,5174  2101    20540,2374    17205,6248 18001408   16,23%
  24832 18924    19185,3707  1755    20540,2374    17206,1353 17702532   16,23%
  24905 18974    18835,1066  2429    20540,2374    17209,1709 17768359   16,22%
  24960 19171    19496,9851  1809    20540,2374    17209,1709 17926831   16,22%
  25040 19326    19054,3168  1817    20540,2374    17209,1709 18122390   16,22%
  25105 19262    18783,7365  2565    20540,2374    17210,0281 18047545   16,21%
  25148 19332    19314,9063  2029    20540,2374    17210,0281 18131222   16,21%
  25198 19469    17970,1726  2979    20540,2374    17211,4272 18265290   16,21%
  25257 19365    19894,7404  1815    20540,2374    17211,4367 18162831   16,21%
  25333 19391    20298,0931  1280    20540,2374    17211,4367 18169172   16,21%
Elapsed time = 10022,30 sec. (1402109,07 ticks, tree = 1179,20 MB, solutions = 19)
  25384 19650    19769,7075  1730    20540,2374    17211,9504 18405941   16,20%
  25484 19751    19999,0961  1169    20540,2374    17212,0337 18432642   16,20%
  25539 19868    19735,1344  1882    20540,2374    17212,0337 18539631   16,20%
  25606 19915    17673,4910  3320    20540,2374    17212,0337 18574149   16,20%
  25657 19976    19348,3719  2088    20540,2374    17212,0337 18624564   16,20%
  25684 19786    18231,9259  2942    20540,2374    17212,0337 18503596   16,20%
  25748 20006    20114,6119  1362    20540,2374    17212,0337 18633999   16,20%
  25804 19905    17739,0029  3121    20540,2374    17212,0337 18561984   16,20%
  25861 20011    19995,6439  1551    20540,2374    17215,8462 18689118   16,18%
  25945 20201    20428,9829  1098    20540,2374    17215,8462 18845068   16,18%
Elapsed time = 10294,06 sec. (1440868,37 ticks, tree = 1218,21 MB, solutions = 19)
  26025 20045    19113,6829  1972    20540,2374    17215,8462 18718883   16,18%
  26073 20145    18156,1790  3045    20540,2374    17215,8462 18798409   16,18%
  26142 20243    18661,7571  2363    20540,2374    17218,0896 18886087   16,17%
  26245 20271    19772,6419  1638    20540,2374    17218,0896 18917799   16,17%
  26293 20497    18460,3366  2847    20540,2374    17218,0896 19138836   16,17%
  26322 20489    19276,7007  2604    20540,2374    17218,2818 19116856   16,17%
  26371 20669    20009,8550  1587    20540,2374    17218,2818 19275871   16,17%
  26434 20499    19651,6548  2039    20540,2374    17218,2818 19126919   16,17%
  26469 20629    18569,7104  2436    20540,2374    17218,2818 19251668   16,17%
  26516 20634    18834,3774  2422    20540,2374    17218,2818 19256328   16,17%
Elapsed time = 10531,56 sec. (1479870,40 ticks, tree = 1234,16 MB, solutions = 19)
  26576 20641    19064,6811  2293    20540,2374    17220,3737 19261078   16,16%
  26643 20780    18305,1335  2839    20540,2374    17220,3737 19363249   16,16%
  26700 20856    18542,5388  2248    20540,2374    17220,5957 19459360   16,16%
* 26750+20732                        20530,1382    17220,5957            16,12%
  26758 21005    19916,9877  1804    20530,1382    17220,5957 19647464   16,12%
* 26802 20963      integral     0    20527,6499    17220,5957 19555229   16,11%
  26845 21030    19830,9507  1491    20527,6499    17220,5957 19626748   16,11%
  26931 21116    17432,2044  3610    20527,6499    17220,5957 19737948   16,11%
  26998 20895    18356,4178  1894    20527,6499    17220,5957 19503044   16,11%
* 27037+21239                        20479,3843    17220,5957            15,91%
  27076 20900    19239,1925  1803    20479,3843    17220,5957 19507986   15,91%
  27126 21121    17822,0248  3148    20479,3843    17220,5957 19749711   15,91%
  27164 21124    17971,3319  2981    20479,3843    17220,5957 19753888   15,91%
Elapsed time = 10800,41 sec. (1518672,87 ticks, tree = 1267,52 MB, solutions = 22)
  27218 21033    19610,9147  1658    20479,3843    17222,0238 19929597   15,91%
  27279 21038    19677,7634  1668    20479,3843    17222,0238 19935374   15,91%
  27363 21216    19562,9617  1683    20479,3843    17222,0238 20095214   15,91%
  27418 21220    19765,4105  1425    20479,3843    17222,0238 20101068   15,91%
  27498 21062    18277,2649  2612    20479,3843    17222,0238 19971106   15,91%
  27558 21182    19347,9683  2028    20479,3843    17228,7845 20046444   15,87%
  27613 21074    18668,4494  2426    20479,3843    17228,7845 19980302   15,87%
  27694 21445    20018,0278  1842    20479,3843    17229,5146 20312108   15,87%
  27769 21475    20175,7698  1623    20479,3843    17229,5860 20318134   15,87%
  27857 21276    20419,1599  1904    20479,3843    17229,5860 20193904   15,87%
Elapsed time = 11077,78 sec. (1557085,01 ticks, tree = 1276,00 MB, solutions = 22)
  27939 21570    18637,3708  2542    20479,3843    17229,9902 20436106   15,87%
  28023 21356    19976,3859  1998    20479,3843    17230,0255 20269136   15,87%
  28066 21709    18126,9590  2760    20479,3843    17230,0255 20590438   15,87%
  28107 21592    19414,2905  1914    20479,3843    17230,0255 20451128   15,87%
  28168 21648    19492,2874  2386    20479,3843    17232,1047 20525777   15,86%
  28252 21811    18511,7369  2639    20479,3843    17232,1047 20678160   15,86%
  28318 21817    18740,7992  2449    20479,3843    17232,2487 20682849   15,86%
  28403 22108    19860,7160  1675    20479,3843    17232,4268 20907179   15,85%
  28454 22122    20439,9381  1384    20479,3843    17234,5109 20913787   15,84%
  28499 21835    19821,5159  2011    20479,3843    17234,5109 20698449   15,84%
Elapsed time = 11351,06 sec. (1595678,68 ticks, tree = 1295,59 MB, solutions = 22)
  28555 22100    19633,6602  1941    20479,3843    17234,5109 20890383   15,84%
  28616 22113    20045,5877  1631    20479,3843    17234,5109 20896352   15,84%
  28685 22357    18136,3913  2855    20479,3843    17234,5109 21112630   15,84%
  28726 22392    20212,7567  1681    20479,3843    17236,6595 21140261   15,83%
  28799 22534    18719,3253  2449    20479,3843    17236,6595 21289093   15,83%
  28847 22509    18771,5508  2969    20479,3843    17236,6595 21262219   15,83%
  28915 22461    19896,0512  1420    20479,3843    17237,4441 21188781   15,83%
  28994 22737    19030,6716  2082    20479,3843    17237,4441 21518902   15,83%
* 28996+22647                        20469,2850    17237,4441            15,79%
  29060 22566    19667,7675  2032    20469,2850    17239,4326 21308851   15,78%
  29159 22682        cutoff          20469,2850    17239,4326 21388457   15,78%
Elapsed time = 11691,13 sec. (1634463,02 ticks, tree = 1354,70 MB, solutions = 23)
  29249 22541    20432,9125  1652    20469,2850    17239,4326 21288636   15,78%
  29317 22799    20231,5093  1401    20469,2850    17239,5462 21537027   15,78%
  29366 22721    18347,3282  2568    20469,2850    17239,6486 21505478   15,78%
  29392 22727    18645,8016  2355    20469,2850    17241,1823 21510064   15,77%
  29426 22759    20417,0230  1772    20469,2850    17241,1823 21621728   15,77%
  29461 22782    18985,1338  2284    20469,2850    17241,1823 21588091   15,77%
  29488 22886    17872,4881  3237    20469,2850    17242,9989 21703725   15,76%
  29512 23286    17638,0301  3408    20469,2850    17242,9989 22023980   15,76%
  29549 23282    19531,5671  1843    20469,2850    17242,9989 22004089   15,76%
  29609 23303    19856,5745  1522    20469,2850    17242,9989 22009851   15,76%
Elapsed time = 11896,97 sec. (1673098,99 ticks, tree = 1396,42 MB, solutions = 23)
  29683 23386    20138,9353  1843    20469,2850    17242,9989 22151663   15,76%
  29726 23022    18184,5096  2779    20469,2850    17242,9989 21797731   15,76%
  29766 23151    18060,4905  2796    20469,2850    17243,5103 21912117   15,76%
  29823 23312    18422,4115  2543    20469,2850    17243,5103 22049323   15,76%
  29864 23320    18564,2667  2360    20469,2850    17243,5586 22054215   15,76%
  29913 23395    19864,6204  2260    20469,2850    17244,2664 22145395   15,76%
  29962 23408    18572,8193  2270    20469,2850    17244,2664 22199794   15,76%
  30026 23657    19692,0554  1924    20469,2850    17244,2664 22396628   15,76%
  30086 23677    20198,1212  1693    20469,2850    17244,2664 22403084   15,76%
  30143 23424    18936,4249  1966    20469,2850    17244,7989 22214392   15,75%
Elapsed time = 12125,19 sec. (1711848,48 ticks, tree = 1406,21 MB, solutions = 23)
  30196 23519    20380,7246  1906    20469,2850    17244,7989 22293575   15,75%
  30260 23868    18749,3226  2305    20469,2850    17244,7989 22661804   15,75%
  30309 23710    18964,0815  2182    20469,2850    17244,7989 22481565   15,75%
  30373 23966    18464,5110  2498    20469,2850    17244,7989 22778291   15,75%
  30445 24006    19272,1315  1927    20469,2850    17244,7989 22818810   15,75%
  30506 23903    20042,3217  1929    20469,2850    17244,7989 22682981   15,75%
  30581 24026    19938,9949  1591    20469,2850    17245,4933 22829712   15,75%
  30660 24170    20158,0412  1500    20469,2850    17245,4933 22941227   15,75%
  30733 23950    18383,6930  2403    20469,2850    17245,4933 22765984   15,75%
  30791 23956    18544,4422  2354    20469,2850    17245,4933 22770719   15,75%
Elapsed time = 12396,86 sec. (1750962,38 ticks, tree = 1420,44 MB, solutions = 23)
  30837 24258    18562,3213  2245    20469,2850    17246,7355 23058654   15,74%
  30902 24402    20176,5120  1838    20469,2850    17246,7355 23186285   15,74%
  31009 24143    20438,6023   867    20469,2850    17246,7355 22896894   15,74%
  31075 24437    18874,9213  1884    20469,2850    17246,7355 23234268   15,74%
  31126 24441    19437,1763  1974    20469,2850    17246,7355 23239714   15,74%
  31184 24315    20354,0266  1072    20469,2850    17246,7355 23086857   15,74%
  31243 24205    18236,2976  2897    20469,2850    17246,7355 22975888   15,74%
  31296 24577    19726,3596  1973    20469,2850    17246,7355 23336118   15,74%
  31352 24593    20026,0072  1798    20469,2850    17246,7355 23342020   15,74%
  31431 24662    19108,4838  2256    20469,2850    17246,7395 23383386   15,74%
Elapsed time = 12683,06 sec. (1789603,36 ticks, tree = 1462,19 MB, solutions = 23)
  31473 24967    20279,2182  1833    20469,2850    17246,7395 23659610   15,74%
  31534 24937    17547,4858  3293    20469,2850    17250,3339 23617830   15,73%
  31578 24691    20085,7131  1631    20469,2850    17250,3339 23399398   15,73%
  31637 24898    18777,0692  2140    20469,2850    17250,3339 23588811   15,73%
  31686 24910    19011,2692  1967    20469,2850    17250,3339 23593782   15,73%
  31743 24776    19861,7878  1716    20469,2850    17250,3339 23480088   15,73%
  31827 25009    20099,6146  1952    20469,2850    17250,3339 23723503   15,73%
  31920 25299    20385,4001  1210    20469,2850    17250,6582 23974640   15,72%
  31988 25341    18491,7300  2270    20469,2850    17250,6582 24057918   15,72%
  32064 25311        cutoff          20469,2850    17251,9042 24022403   15,72%
Elapsed time = 12942,47 sec. (1828293,94 ticks, tree = 1508,67 MB, solutions = 23)
  32140 25180    19896,5551  1861    20469,2850    17251,9042 23873138   15,72%
  32206 25443    18160,5620  3109    20469,2850    17251,9042 24145491   15,72%
  32272 25375    19816,8900  1573    20469,2850    17252,4563 24075739   15,72%
  32358 25416    20418,5899   737    20469,2850    17252,4563 24082624   15,72%
  32412 25314    18970,6952  2265    20469,2850    17252,4563 24005841   15,72%
  32467 25521    18149,7687  2672    20469,2850    17253,1964 24244792   15,71%
  32533 25463    19218,3345  2254    20469,2850    17254,7042 24167268   15,70%
  32580 25624    19443,0552  2004    20469,2850    17254,7042 24340163   15,70%
  32635 25989    18051,1654  2914    20469,2850    17254,7042 24626893   15,70%
  32691 25532    18509,5388  2407    20469,2850    17254,7042 24253167   15,70%
Elapsed time = 13204,00 sec. (1867090,50 ticks, tree = 1524,08 MB, solutions = 23)
  32738 25792    18869,7960  2227    20469,2850    17254,7042 24471154   15,70%
  32785 26004    18599,2482  2163    20469,2850    17254,7042 24640422   15,70%
  32844 26128    19223,6781  2073    20469,2850    17254,7042 24751437   15,70%
  32918 25825    19769,0257  1355    20469,2850    17254,7042 24486620   15,70%
  33028 25849    18429,5929  2813    20469,2850    17256,2768 24535302   15,70%
  33094 26256    19843,8546  1581    20469,2850    17256,2768 24886372   15,70%
  33194 26288    20321,5702  1498    20469,2850    17256,2768 24892748   15,70%
  33241 26127    19403,9289  2195    20469,2850    17256,2768 24748220   15,70%
  33288 26357    20263,7722  1888    20469,2850    17259,2992 25006158   15,68%
  33346 26604    17626,8043  3320    20469,2850    17259,2992 25187635   15,68%
Elapsed time = 13506,83 sec. (1905645,22 ticks, tree = 1574,63 MB, solutions = 23)
  33402 26689    20156,8890  1672    20469,2850    17259,2992 25235430   15,68%
  33451 26534    18672,6225  2123    20469,2850    17259,7802 25151088   15,68%
  33493 26610    17795,9826  2947    20469,2850    17262,0825 25194620   15,67%
  33530 26860    18425,8444  2869    20469,2850    17262,0825 25370527   15,67%
  33575 26750    19631,5901  1783    20469,2850    17262,0825 25290940   15,67%
  33638 26374    18748,9554  2247    20469,2850    17262,0825 25037642   15,67%
  33688 26978    18049,7224  2915    20469,2850    17263,1778 25544589   15,66%
  33713 26878    19305,2066  2269    20469,2850    17263,1778 25388238   15,66%
  33753 26948    19096,8858  2145    20469,2850    17263,1778 25505021   15,66%
  33789 27177    17865,1974  2975    20469,2850    17264,3358 25709041   15,66%
Elapsed time = 13775,30 sec. (1944802,34 ticks, tree = 1594,92 MB, solutions = 23)
  33840 27068    19916,7976  1829    20469,2850    17264,3358 25636329   15,66%
  33893 26972    20028,0584  1711    20469,2850    17264,3358 25519524   15,66%
  33926 27216    18522,1379  2662    20469,2850    17265,2074 25755615   15,65%
  33954 27124    18842,7645  2542    20469,2850    17265,2074 25691436   15,65%
  33994 27275    18011,1072  2858    20469,2850    17265,2395 25837390   15,65%
  34034 27023    19772,6546  2019    20469,2850    17265,2395 25575075   15,65%
  34102 27203    18850,9207  2289    20469,2850    17266,7520 25732904   15,65%
  34155 27210    19132,2058  2048    20469,2850    17266,7520 25737947   15,65%
  34202 27544    19423,5761  1966    20469,2850    17266,7520 26083808   15,65%
  34268 27571    17549,1837  3540    20469,2850    17266,7520 26125861   15,65%
Elapsed time = 13983,68 sec. (1983894,73 ticks, tree = 1622,85 MB, solutions = 23)
  34362 27412    17903,6950  3058    20469,2850    17266,7520 25951183   15,65%
  34447 27406    20334,0918  1231    20469,2850    17266,7520 25935013   15,65%
  34520 27691    19975,7348  1252    20469,2850    17266,7520 26246714   15,65%
  34595 27556    19716,4078  1367    20469,2850    17266,7520 26077331   15,65%

Zero-half cuts applied:  882
Lift and project cuts applied:  3
Gomory fractional cuts applied:  3

Root node processing (before b&c):
  Real time             =   65,84 sec. (25397,47 ticks)
Parallel b&c, 12 threads:
  Real time             = 14017,05 sec. (1974834,16 ticks)
  Sync time (average)   = 1870,11 sec.
  Wait time (average)   =    0,05 sec.
                          ------------
Total (root+branch&cut) = 14082,89 sec. (2000231,64 ticks)

