
Version identifier: 22.1.1.0 | 2022-11-28 | 9160aff4d
CPXPARAM_MultiObjective_Display                  0
CPXPARAM_TimeLimit                               60000
CPXPARAM_WorkMem                                 8192
CPXPARAM_DetTimeLimit                            60000
Found incumbent of value 132000,000000 after 0,01 sec. (6,68 ticks)
Tried aggregator 3 times.
MIP Presolve eliminated 23564 rows and 126197 columns.
Aggregator did 413 substitutions.
Reduced MIP has 2013 rows, 8026 columns, and 18059 nonzeros.
Reduced MIP has 8010 binaries, 16 generals, 0 SOSs, and 0 indicators.
Presolve time = 0,13 sec. (92,67 ticks)
Probing time = 0,01 sec. (6,04 ticks)
Tried aggregator 2 times.
Detecting symmetries...
Aggregator did 8 substitutions.
Reduced MIP has 2005 rows, 8018 columns, and 18043 nonzeros.
Reduced MIP has 8010 binaries, 8 generals, 0 SOSs, and 0 indicators.
Presolve time = 0,02 sec. (17,56 ticks)
Probing time = 0,01 sec. (5,95 ticks)
Clique table members: 10464.
MIP emphasis: balance optimality and feasibility.
MIP search method: dynamic search.
Parallel mode: deterministic, using up to 12 threads.
Root relaxation solution time = 0,23 sec. (172,07 ticks)

        Nodes                                         Cuts/
   Node  Left     Objective  IInf  Best Integer    Best Bound    ItCnt     Gap

*     0+    0                       132000,0000  -606422,0000           559,41%
*     0+    0                       114397,0000  -606422,0000           630,10%
      0     0    13563,6975   794   114397,0000    13563,6975       30   88,14%
*     0+    0                        31965,5761    13563,6975            57,57%
      0     0    13576,4965   887    31965,5761      Cuts: 40      467   57,53%
*     0+    0                        18434,8835    13576,4965            26,35%
      0     0    13583,6128   890    18434,8835      Cuts: 42      661   26,32%
      0     0    13585,4851   935    18434,8835  ZeroHalf: 22      763   26,31%
*     0+    0                        17491,9887    13585,4851            22,33%
      0     0  -1,00000e+75     0    17491,9887    13585,4851      763   22,33%
*     0+    0                        13636,1327    13585,4851             0,37%
      0     0    13587,2313   925    13636,1327  ZeroHalf: 21      911    0,36%
Detecting symmetries...

Repeating presolve.
Tried aggregator 2 times.
MIP Presolve eliminated 337 rows and 4257 columns.
Aggregator did 72 substitutions.
Reduced MIP has 1596 rows, 3689 columns, and 9061 nonzeros.
Reduced MIP has 3681 binaries, 8 generals, 0 SOSs, and 0 indicators.
Presolve time = 0,01 sec. (9,05 ticks)
Probing time = 0,01 sec. (3,76 ticks)
Tried aggregator 1 time.
Detecting symmetries...
Reduced MIP has 1596 rows, 3689 columns, and 9061 nonzeros.
Reduced MIP has 3681 binaries, 8 generals, 0 SOSs, and 0 indicators.
Presolve time = 0,01 sec. (6,88 ticks)
Represolve time = 0,07 sec. (66,67 ticks)
Probing time = 0,01 sec. (3,74 ticks)
Clique table members: 5658.
MIP emphasis: balance optimality and feasibility.
MIP search method: dynamic search.
Parallel mode: deterministic, using up to 12 threads.
Root relaxation solution time = 0,18 sec. (149,02 ticks)

        Nodes                                         Cuts/
   Node  Left     Objective  IInf  Best Integer    Best Bound    ItCnt     Gap

*     0+    0                        13636,1327    13587,2313             0,36%
      0     0    13587,2313   891    13636,1327    13587,2313      939    0,36%
      0     0    13590,5510   899    13636,1327      Cuts: 22     1089    0,31%
      0     0    13591,5784   896    13636,1327  ZeroHalf: 18     1229    0,31%
      0     0    13592,1307   919    13636,1327  ZeroHalf: 12     1311    0,31%
      0     0    13592,2427   932    13636,1327   ZeroHalf: 8     1341    0,31%

Zero-half cuts applied:  54
Gomory fractional cuts applied:  4

Root node processing (before b&c):
  Real time             =    3,54 sec. (2002,84 ticks)
Parallel b&c, 12 threads:
  Real time             =    0,00 sec. (0,00 ticks)
  Sync time (average)   =    0,00 sec.
  Wait time (average)   =    0,00 sec.
                          ------------
Total (root+branch&cut) =    3,54 sec. (2002,84 ticks)

