
Version identifier: 22.1.1.0 | 2022-11-28 | 9160aff4d
CPXPARAM_MultiObjective_Display                  0
CPXPARAM_TimeLimit                               2000000
CPXPARAM_WorkMem                                 8192
CPXPARAM_DetTimeLimit                            2000000
Tried aggregator 4 times.
MIP Presolve eliminated 113354 rows and 1094842 columns.
Aggregator did 1044 substitutions.
Reduced MIP has 3586 rows, 13906 columns, and 31614 nonzeros.
Reduced MIP has 13877 binaries, 29 generals, 0 SOSs, and 0 indicators.
Presolve time = 0,95 sec. (680,26 ticks)
Found incumbent of value 189483,996770 after 1,09 sec. (784,67 ticks)
Probing time = 0,02 sec. (8,07 ticks)
Tried aggregator 3 times.
Detecting symmetries...
MIP Presolve modified 22 coefficients.
Aggregator did 25 substitutions.
Reduced MIP has 3561 rows, 13881 columns, and 31597 nonzeros.
Reduced MIP has 13866 binaries, 15 generals, 0 SOSs, and 0 indicators.
Presolve time = 0,04 sec. (33,99 ticks)
Probing time = 0,03 sec. (7,83 ticks)
Clique table members: 18252.
MIP emphasis: balance optimality and feasibility.
MIP search method: dynamic search.
Parallel mode: deterministic, using up to 12 threads.
Root relaxation solution time = 0,51 sec. (238,58 ticks)

        Nodes                                         Cuts/
   Node  Left     Objective  IInf  Best Integer    Best Bound    ItCnt     Gap

*     0+    0                       189483,9968 -1301568,3276           786,90%
*     0+    0                       166018,7978 -1301568,3276           883,99%
*     0+    0                       166001,5988 -1301568,3276           884,07%
*     0+    0                       165985,1288 -1301568,3276           884,15%
*     0+    0                       165968,9828 -1301568,3276           884,22%
*     0+    0                       165952,8368 -1301568,3276           884,30%
*     0+    0                       165936,6908 -1301568,3276           884,38%
*     0+    0                       165920,5448 -1301568,3276           884,45%
*     0+    0                       165904,3988 -1301568,3276           884,53%
      0     0    52279,8614   865   165904,3988    52279,8614       29   68,49%
*     0+    0                        76849,0982    52279,8614            31,97%
*     0+    0                        57303,8640    52279,8614             8,77%
      0     0    52674,4382   806    57303,8640      Cuts: 25      331    8,08%
*     0+    0                        55083,7113    52674,4382             4,37%
      0     0    52720,6084   830    55083,7113  ZeroHalf: 14      438    4,29%
      0     0    52731,4576   810    55083,7113   ZeroHalf: 4      477    4,27%
      0     0    52738,3543   873    55083,7113       Cuts: 5      529    4,26%
      0     0    52769,1164   867    55083,7113   ZeroHalf: 5      658    4,20%
Detecting symmetries...
      0     0    52784,1290   792    55083,7113   ZeroHalf: 5      733    4,17%
      0     0    52795,5549   868    55083,7113   ZeroHalf: 8      816    4,15%
      0     0    52822,2567   835    55083,7113   ZeroHalf: 4      893    4,11%
      0     0    52840,4779   874    55083,7113  ZeroHalf: 10     1068    4,07%
      0     0    52850,8593   876    55083,7113   ZeroHalf: 7     1188    4,05%
      0     0    52866,7973   885    55083,7113   ZeroHalf: 6     1292    4,02%
      0     0    52875,3298   878    55083,7113       Cuts: 4     1352    4,01%
      0     0    52875,8553   905    55083,7113   ZeroHalf: 1     1367    4,01%
*     0+    0                        54237,7525    52875,8553             2,51%
*     0+    0                        54116,0107    52875,8553             2,29%
      0     0  -1,00000e+75     0    54116,0107    52875,8553     1367    2,29%
*     0+    0                        54000,4645    52875,8553             2,08%
Detecting symmetries...
      0     2    52875,8553   905    54000,4645    52875,8553     1367    2,08%
Elapsed time = 6,33 sec. (3231,14 ticks, tree = 0,02 MB, solutions = 15)
*     6+    2                        53601,3662    52875,8686             1,35%
     11     7    53531,8510   480    53601,3662    52875,8686     2836    1,35%
*    30    10      integral     0    53268,9265    53006,3476     4450    0,49%
     39     4        cutoff          53268,9265    53172,6939     7273    0,18%

Zero-half cuts applied:  54
Gomory fractional cuts applied:  2

Root node processing (before b&c):
  Real time             =    5,45 sec. (3331,58 ticks)
Parallel b&c, 12 threads:
  Real time             =    2,17 sec. (953,76 ticks)
  Sync time (average)   =    0,88 sec.
  Wait time (average)   =    0,00 sec.
                          ------------
Total (root+branch&cut) =    7,62 sec. (4285,35 ticks)

