
Version identifier: 22.1.1.0 | 2022-11-28 | 9160aff4d
CPXPARAM_MultiObjective_Display                  0
CPXPARAM_TimeLimit                               60000
CPXPARAM_WorkMem                                 8192
CPXPARAM_DetTimeLimit                            60000
Tried aggregator 3 times.
MIP Presolve eliminated 21938 rows and 126856 columns.
Aggregator did 383 substitutions.
Reduced MIP has 1712 rows, 5967 columns, and 13661 nonzeros.
Reduced MIP has 5951 binaries, 16 generals, 0 SOSs, and 0 indicators.
Presolve time = 0,12 sec. (84,20 ticks)
Found incumbent of value 106215,083705 after 0,15 sec. (107,00 ticks)
Probing time = 0,01 sec. (5,19 ticks)
Tried aggregator 2 times.
Detecting symmetries...
Aggregator did 8 substitutions.
Reduced MIP has 1704 rows, 5959 columns, and 13645 nonzeros.
Reduced MIP has 5951 binaries, 8 generals, 0 SOSs, and 0 indicators.
Presolve time = 0,02 sec. (13,36 ticks)
Probing time = 0,02 sec. (5,13 ticks)
Clique table members: 8053.
MIP emphasis: balance optimality and feasibility.
MIP search method: dynamic search.
Parallel mode: deterministic, using up to 12 threads.
Root relaxation solution time = 0,20 sec. (146,02 ticks)

        Nodes                                         Cuts/
   Node  Left     Objective  IInf  Best Integer    Best Bound    ItCnt     Gap

*     0+    0                       106215,0837  -510447,0000           580,58%
*     0+    0                        90504,7377  -510447,0000           664,00%
*     0+    0                        90497,0157  -510447,0000           664,05%
*     0+    0                        90489,2937  -510447,0000           664,10%
*     0+    0                        90481,5717  -510447,0000           664,14%
*     0+    0                        90473,8497  -510447,0000           664,19%
*     0+    0                        90466,1277  -510447,0000           664,24%
*     0+    0                        90458,4057  -510447,0000           664,29%
*     0+    0                        90450,6837  -510447,0000           664,34%
*     0+    0                        90442,9617  -510447,0000           664,39%
      0     0    11279,9229   583    90442,9617    11279,9229       23   87,53%
*     0+    0                        29358,7194    11279,9229            61,58%
      0     0    11320,0556   751    29358,7194      Cuts: 38      302   61,44%
*     0+    0                        11577,8132    11320,0556             2,23%
      0     0    11355,4160   763    11577,8132  ZeroHalf: 37      505    0,75%

Zero-half cuts applied:  25
Gomory fractional cuts applied:  1

Root node processing (before b&c):
  Real time             =    1,21 sec. (800,53 ticks)
Parallel b&c, 12 threads:
  Real time             =    0,00 sec. (0,00 ticks)
  Sync time (average)   =    0,00 sec.
  Wait time (average)   =    0,00 sec.
                          ------------
Total (root+branch&cut) =    1,21 sec. (800,53 ticks)

