
Version identifier: 22.1.1.0 | 2022-11-28 | 9160aff4d
CPXPARAM_MultiObjective_Display                  0
CPXPARAM_TimeLimit                               600000
CPXPARAM_WorkMem                                 8192
CPXPARAM_DetTimeLimit                            600000
Tried aggregator 3 times.
MIP Presolve eliminated 117636 rows and 1089027 columns.
MIP Presolve modified 22 coefficients.
Aggregator did 1127 substitutions.
Reduced MIP has 5153 rows, 25748 columns, and 56747 nonzeros.
Reduced MIP has 25717 binaries, 31 generals, 0 SOSs, and 0 indicators.
Presolve time = 0,82 sec. (627,48 ticks)
Found incumbent of value 195099,995371 after 0,96 sec. (756,34 ticks)
Probing time = 0,03 sec. (11,89 ticks)
Tried aggregator 2 times.
Detecting symmetries...
Aggregator did 15 substitutions.
Reduced MIP has 5138 rows, 25733 columns, and 56717 nonzeros.
Reduced MIP has 25717 binaries, 16 generals, 0 SOSs, and 0 indicators.
Presolve time = 0,05 sec. (52,88 ticks)
Probing time = 0,03 sec. (11,56 ticks)
Clique table members: 31951.
MIP emphasis: balance optimality and feasibility.
MIP search method: dynamic search.
Parallel mode: deterministic, using up to 12 threads.
Root relaxation solution time = 0,63 sec. (419,11 ticks)

        Nodes                                         Cuts/
   Node  Left     Objective  IInf  Best Integer    Best Bound    ItCnt     Gap

*     0+    0                       195099,9954 -1722029,0539           982,64%
*     0+    0                       167743,2394 -1722029,0539              --- 
*     0+    0                       167724,9874 -1722029,0539              --- 
*     0+    0                       167706,7354 -1722029,0539              --- 
*     0+    0                       167688,4834 -1722029,0539              --- 
*     0+    0                       167670,2314 -1722029,0539              --- 
*     0+    0                       167651,9794 -1722029,0539              --- 
*     0+    0                       167633,7274 -1722029,0539              --- 
*     0+    0                       167616,5554 -1722029,0539              --- 
*     0+    0                       167599,7074 -1722029,0539              --- 
      0     0    23254,6670  1713   167599,7074    23254,6670       37   86,12%
      0     0    23335,1025  1821   167599,7074  ZeroHalf: 13      559   86,08%
      0     0    23383,2145  1907   167599,7074  ZeroHalf: 11     1018   86,05%
*     0+    0                        78140,8895    23383,2145            70,08%
      0     0    23394,3859  1871    78140,8895   ZeroHalf: 6     1227   70,06%
*     0+    0                        57540,4933    23394,3859            59,34%
*     0+    0                        41940,5409    23394,3859            44,22%
*     0+    0                        40976,9212    23394,3859            42,91%
*     0+    0                        37461,4570    23394,3859            37,55%
*     0+    0                        31632,9193    23394,3859            26,04%
      0     0  -1,00000e+75     0    31632,9193    23394,3859     1227   26,04%
      0     0    23412,7820  1955    31632,9193   ZeroHalf: 3     1534   25,99%
      0     0    23452,7336  1968    31632,9193  ZeroHalf: 11     1969   25,86%
Detecting symmetries...
      0     0    23460,3047  1967    31632,9193   ZeroHalf: 8     2170   25,84%
      0     0    23466,5837  1961    31632,9193   ZeroHalf: 2     2322   25,82%
      0     0    23470,4775  2022    31632,9193   ZeroHalf: 6     2424   25,80%
      0     0    23472,3670  2033    31632,9193   ZeroHalf: 3     2504   25,80%
      0     0    23476,4366  2067    31632,9193   ZeroHalf: 5     2716   25,78%
      0     0    23481,6949  2048    31632,9193   ZeroHalf: 6     2871   25,77%
      0     0    23491,7261  2102    31632,9193  ZeroHalf: 10     3113   25,74%
      0     0    23493,5276  2055    31632,9193   ZeroHalf: 3     3236   25,73%
      0     0    23499,1317  2158    31632,9193   ZeroHalf: 8     3431   25,71%
      0     0    23499,2951  2156    31632,9193   ZeroHalf: 1     3483   25,71%
*     0+    0                        31539,3143    23499,2951            25,49%
Detecting symmetries...
      0     2    23499,2951  2156    31539,3143    23499,2951     3483   25,49%
Elapsed time = 22,19 sec. (12257,70 ticks, tree = 0,02 MB, solutions = 17)
      1     3    23534,2252  2039    31539,3143    23499,3224     4249   25,49%
      3     4    23579,9594  2011    31539,3143    23499,3224     4919   25,49%
      6     5    23686,5011  1633    31539,3143    23534,2415     6061   25,38%
      9     8    23646,0921  1793    31539,3143    23534,2415     7741   25,38%
     16    12    23665,7409  1807    31539,3143    23580,0482    12725   25,24%
     22    13    23765,8329  1755    31539,3143    23580,0482    14647   25,24%
     25    20    23812,5470  1704    31539,3143    23646,2858    24241   25,03%
     31    22    24297,8267  1818    31539,3143    23646,2858    27996   25,03%
     35    24    24235,8683  1450    31539,3143    23665,8798    32827   24,96%
     47    36    23993,5426  1634    31539,3143    23666,0428    73126   24,96%
Elapsed time = 43,17 sec. (16262,57 ticks, tree = 0,15 MB, solutions = 17)
     73    50    24082,5402  1541    31539,3143    23666,0428   100821   24,96%
*   105+   59                        29250,9904    23666,0428            19,09%
    109    69    24294,5900  1048    29250,9904    23666,0428   115010   19,09%
*   127+   79                        25500,6433    23666,0428             7,19%
    141   130    24144,5625  1457    25500,6433    23666,0428   153688    7,19%
*   151+  101                        25468,6632    23666,0428             7,08%
    192   145    25437,5860   663    25468,6632    23666,0428   163317    7,08%
    291   193    25301,4140   338    25468,6632    23666,0428   188554    7,08%
*   317   196      integral     0    25458,8730    23666,0428   189230    7,04%
*   337   191      integral     0    25392,0565    23666,0428   184656    6,80%
    402   256    24729,6514  1180    25392,0565    23678,2656   213537    6,75%
    475   304    24638,5339  1401    25392,0565    23692,4354   233062    6,69%
*   542   376      integral     0    25362,3052    23692,4354   263053    6,58%
    569   402    24616,2275  1463    25362,3052    23692,4354   273630    6,58%
    661   389    24458,7688  1411    25362,3052    23692,4354   267699    6,58%
*   717   508      integral     0    25303,7015    23711,3232   316335    6,29%
Elapsed time = 101,60 sec. (25514,02 ticks, tree = 13,29 MB, solutions = 31)
*   796+  497                        25145,4608    23711,3232             5,70%
    812   516    23920,5729  1566    25145,4608    23711,3232   324162    5,70%
    914   508    25002,8228  1027    25145,4608    23842,4946   344914    5,18%
   1008   612    24392,8022  1764    25145,4608    23881,5757   384293    5,03%
   1087   617        cutoff          25145,4608    23884,9598   386846    5,01%
*  1098+  620                        25072,6018    23884,9598             4,74%
   1178   659    24331,0970  1646    25072,6018    23948,6902   426537    4,48%
*  1179   698      integral     0    25069,5752    23948,6902   440751    4,47%
   1284   692        cutoff          25069,5752    23950,6776   439445    4,46%
*  1328   704      integral     0    24463,8927    23950,6776   452860    2,10%
   1369   818    24806,8296   805    24463,8927    23950,6776   488809    2,10%
   1471   775        cutoff          24463,8927    23972,2679   478768    2,01%
   1543   306    24216,8239  1245    24463,8927    23985,3624   544680    1,96%
   1639   276        cutoff          24463,8927    24006,5788   567769    1,87%
Elapsed time = 166,44 sec. (35160,69 ticks, tree = 4,89 MB, solutions = 36)
   1729   290    24403,0721  1419    24463,8927    24054,2500   582372    1,67%
   1869   310    24405,7180  1182    24463,8927    24078,4935   629866    1,58%
   2007   290        cutoff          24463,8927    24137,2913   660894    1,34%
   2129   269        cutoff          24463,8927    24200,2263   690879    1,08%
   2307   190        cutoff          24463,8927    24283,7856   732235    0,74%
   2542    64        cutoff          24463,8927    24361,7492   771368    0,42%

Zero-half cuts applied:  62

Root node processing (before b&c):
  Real time             =   21,38 sec. (12408,46 ticks)
Parallel b&c, 12 threads:
  Real time             =  179,98 sec. (29066,10 ticks)
  Sync time (average)   =   20,61 sec.
  Wait time (average)   =    0,00 sec.
                          ------------
Total (root+branch&cut) =  201,36 sec. (41474,56 ticks)

