
Version identifier: 22.1.1.0 | 2022-11-28 | 9160aff4d
CPXPARAM_MultiObjective_Display                  0
CPXPARAM_TimeLimit                               2000000
CPXPARAM_WorkMem                                 8192
CPXPARAM_DetTimeLimit                            2000000
Tried aggregator 3 times.
MIP Presolve eliminated 123852 rows and 1086928 columns.
Aggregator did 1159 substitutions.
Reduced MIP has 5800 rows, 28755 columns, and 63462 nonzeros.
Reduced MIP has 28723 binaries, 32 generals, 0 SOSs, and 0 indicators.
Presolve time = 0,90 sec. (636,72 ticks)
Found incumbent of value 203255,442605 after 1,05 sec. (767,64 ticks)
Probing time = 0,05 sec. (12,82 ticks)
Tried aggregator 2 times.
Detecting symmetries...
Aggregator did 16 substitutions.
Reduced MIP has 5784 rows, 28739 columns, and 63430 nonzeros.
Reduced MIP has 28723 binaries, 16 generals, 0 SOSs, and 0 indicators.
Presolve time = 0,06 sec. (59,04 ticks)
Probing time = 0,07 sec. (12,47 ticks)
Clique table members: 35715.
MIP emphasis: balance optimality and feasibility.
MIP search method: dynamic search.
Parallel mode: deterministic, using up to 12 threads.
Root relaxation solution time = 0,96 sec. (518,10 ticks)

        Nodes                                         Cuts/
   Node  Left     Objective  IInf  Best Integer    Best Bound    ItCnt     Gap

*     0+    0                       203255,4426 -1922652,0000              --- 
*     0+    0                       177865,1826 -1922652,0000              --- 
*     0+    0                       177846,9306 -1922652,0000              --- 
*     0+    0                       177828,6786 -1922652,0000              --- 
*     0+    0                       177810,4266 -1922652,0000              --- 
*     0+    0                       177792,1746 -1922652,0000              --- 
*     0+    0                       177775,0026 -1922652,0000              --- 
*     0+    0                       177758,1546 -1922652,0000              --- 
*     0+    0                       177741,3066 -1922652,0000              --- 
*     0+    0                       177724,4586 -1922652,0000              --- 
      0     0    24603,7793  2044   177724,4586    24603,7793       43   86,16%
*     0+    0                       127012,0364    24603,7793            80,63%
      0     0    24637,8519  2156   127012,0364  ZeroHalf: 13      672   80,60%
      0     0    24647,3019  2151   127012,0364   ZeroHalf: 8     1011   80,59%
      0     0    24681,5811  2191   127012,0364  ZeroHalf: 17     1774   80,57%
*     0+    0                        74526,4238    24681,5811            66,88%
*     0+    0                        66819,2832    24681,5811            63,06%
*     0+    0                        60893,0224    24681,5811            59,47%
      0     0  -1,00000e+75     0    60893,0224    24681,5811     1774   59,47%
*     0+    0                        47720,6073    24681,5811            48,28%
*     0+    0                        47719,5543    24681,5811            48,28%
      0     0    24696,5496  2301    47719,5543  ZeroHalf: 10     2144   48,25%
      0     0    24698,9595  2246    47719,5543   ZeroHalf: 3     2238   48,24%
Detecting symmetries...
      0     0    24705,2710  2201    47719,5543   ZeroHalf: 7     2524   48,23%
      0     0    24710,0680  2230    47719,5543   ZeroHalf: 3     2792   48,22%
      0     0    24728,0514  2343    47719,5543   ZeroHalf: 7     3198   48,18%
      0     0    24731,7194  2365    47719,5543   ZeroHalf: 2     3424   48,17%
      0     0    24739,7211  2322    47719,5543  ZeroHalf: 10     3767   48,16%
      0     0    24756,2666  2298    47719,5543  ZeroHalf: 13     4209   48,12%
      0     0    24769,0115  2281    47719,5543   ZeroHalf: 6     4619   48,09%
      0     0    24770,3191  2271    47719,5543   ZeroHalf: 4     4788   48,09%
      0     0    24771,0469  2308    47719,5543   ZeroHalf: 2     4904   48,09%
*     0+    0                        43004,8244    24771,0469            42,40%
*     0+    0                        39346,9251    24771,0469            37,04%
Detecting symmetries...
      0     2    24771,0469  2308    39346,9251    24771,0469     4904   37,04%
Elapsed time = 34,62 sec. (16948,81 ticks, tree = 0,02 MB, solutions = 18)
      1     3    24782,8730  2271    39346,9251    24771,1453     5301   37,04%
      2     4    24823,2150  2275    39346,9251    24771,1453     5972   37,04%
      4     4    24803,1447  2207    39346,9251    24771,1453     5892   37,04%
      5     5    24831,5906  2226    39346,9251    24771,1453     6313   37,04%
      7     6    24840,6063  2024    39346,9251    24782,8737     7993   37,01%
      8     8    24877,3998  2025    39346,9251    24792,1239     8843   36,99%
     14     6    24911,8809  2063    39346,9251    24792,1239     8979   36,99%
     16    11    24926,9907  1957    39346,9251    24792,1239    12347   36,99%
     21    10    24928,4312  1926    39346,9251    24840,6215    12215   36,87%
     40    24    25003,9407  1755    39346,9251    24861,2900    29478   36,82%
Elapsed time = 53,39 sec. (20756,57 ticks, tree = 0,15 MB, solutions = 18)
     60    40    25057,3419  1675    39346,9251    24861,2900    46551   36,82%
     79    55    25135,2685  1592    39346,9251    24861,2900    60899   36,82%
    114    91    25257,7207  1334    39346,9251    24861,2900    85225   36,82%
    148   112    25739,0334  1342    39346,9251    24861,2900    98376   36,82%
*   174+   99                        29239,4282    24861,2900            14,97%
    185   140    25494,9725  1186    29239,4282    24861,2900   113643   14,97%
*   197+  135                        27874,0824    24861,2900            10,81%
    224   183    25918,4545  1054    27874,0824    24861,2900   133785   10,81%
*   255   200      integral     0    26627,9437    24861,2900   141427    6,63%
    318   237    25833,1802   818    26627,9437    24887,4984   161834    6,54%
    398   333    26617,3242   755    26627,9437    24887,4984   196358    6,54%
    464   350    26043,0150   813    26627,9437    24887,4984   203527    6,54%
Elapsed time = 122,48 sec. (30197,18 ticks, tree = 9,24 MB, solutions = 24)
    509   389    25200,3004  1642    26627,9437    24887,4984   229407    6,54%
    564   440    26577,2020   537    26627,9437    24905,3899   245823    6,47%
    607   504    26607,9967  1000    26627,9437    24905,3899   275973    6,47%
    639   538    25502,2382   928    26627,9437    24928,2333   295664    6,38%
    674   578    25647,5842  1186    26627,9437    24928,2333   325012    6,38%
    717   571    25481,2098   885    26627,9437    24928,2333   318110    6,38%
    763   644    26509,5857   699    26627,9437    24928,2333   362220    6,38%
    839   646    25027,7171  1867    26627,9437    24936,1029   363880    6,35%
    881   662    25084,9369  1826    26627,9437    24936,1029   374504    6,35%
*   938+  728                        26568,0552    24936,1029             6,14%
*   941   775      integral     0    26516,8802    24936,1029   425893    5,96%
    950   725        cutoff          26516,8802    24936,1029   400985    5,96%
Elapsed time = 196,47 sec. (39956,58 ticks, tree = 23,89 MB, solutions = 26)
    994   781    25791,6782  1289    26516,8802    24946,4672   435367    5,92%
   1054   796    25649,4097  1301    26516,8802    24946,4672   447564    5,92%
   1119   852    25984,2370  1262    26516,8802    24946,4672   471014    5,92%
   1200   841    26504,9223  1269    26516,8802    24977,5042   469155    5,81%
   1277   883    25062,0572  1696    26516,8802    24977,5042   482978    5,81%
   1332   950    26501,3495  1022    26516,8802    24977,5042   509884    5,81%
   1388  1084    26299,7260   957    26516,8802    24991,9163   552039    5,75%
   1451  1018    25698,8471  1278    26516,8802    24991,9163   535170    5,75%
   1512  1104    26027,2156  1151    26516,8802    24991,9163   564332    5,75%
   1580  1193    26345,5507  1165    26516,8802    24991,9163   596596    5,75%
Elapsed time = 272,77 sec. (49664,07 ticks, tree = 50,23 MB, solutions = 26)
   1638  1157    25118,8340  1902    26516,8802    24996,2022   583956    5,73%
   1706  1262    26456,2865   925    26516,8802    24996,2022   625608    5,73%
   1763  1371    25271,7464  1371    26516,8802    24996,2022   670049    5,73%
   1820  1445    25184,5468  1523    26516,8802    25001,5425   694891    5,71%
   1876  1470    25713,9865  1278    26516,8802    25002,8769   709509    5,71%
   1963  1592    25127,6893  1738    26516,8802    25008,7041   760258    5,69%
*  2009+ 1613                        26466,6574    25008,7041             5,51%
*  2013  1504      integral     0    26061,6608    25008,7041   723033    4,04%
   2033  1532    25272,6980  1609    26061,6608    25008,7041   738649    4,04%
   2086  1637    26428,6121   956    26061,6608    25008,7041   772454    4,04%
   2131  1337    25662,7242  1200    26061,6608    25012,1736   822265    4,03%
   2183  1296    26021,4456  1304    26061,6608    25016,3793   803488    4,01%
Elapsed time = 349,15 sec. (59394,05 ticks, tree = 57,24 MB, solutions = 29)
   2242  1347    25060,1131  1626    26061,6608    25018,8206   826495    4,00%
   2295  1352    25783,3728   706    26061,6608    25020,6466   838347    3,99%
*  2310  1377      integral     0    25923,3983    25020,6466   849195    3,48%
   2341  1391    25272,1180  1716    25923,3983    25020,6466   858393    3,48%
   2400  1317    25252,4380  1656    25923,3983    25025,3533   898927    3,46%
   2461  1338    25780,2524  1222    25923,3983    25025,3533   907676    3,46%
   2500  1367    25742,3289  1052    25923,3983    25026,1135   927524    3,46%
   2562  1390        cutoff          25923,3983    25026,1135   945083    3,46%
   2616  1516    25712,2275   917    25923,3983    25032,0625  1018957    3,44%
   2681  1538    25382,2023  1223    25923,3983    25032,0625  1032084    3,44%
   2731  1531        cutoff          25923,3983    25032,1181  1029081    3,44%
Elapsed time = 423,70 sec. (69080,15 ticks, tree = 60,96 MB, solutions = 30)
   2794  1593    25790,4740  1463    25923,3983    25040,1124  1062016    3,41%
   2849  1586    25243,0194  1368    25923,3983    25040,5476  1058475    3,41%
   2906  1725    25588,4341  1176    25923,3983    25043,9952  1138078    3,39%
   2965  1671    25798,6231  1505    25923,3983    25043,9952  1105950    3,39%
   3035  1846    25783,0721   416    25923,3983    25047,5971  1193908    3,38%
   3093  1855    25536,0645  1195    25923,3983    25047,5971  1198823    3,38%
*  3108+ 1783                        25886,7091    25047,5971             3,24%
   3154  1865    25812,5778  1192    25886,7091    25047,5971  1201215    3,24%
   3221  1857    25837,2919   277    25886,7091    25049,3918  1228571    3,23%
   3293  1910    25739,9098  1261    25886,7091    25055,3318  1225955    3,21%
   3351  1956    25405,7558  1507    25886,7091    25055,3318  1273645    3,21%
Elapsed time = 499,43 sec. (78792,86 ticks, tree = 85,08 MB, solutions = 31)
   3417  2001    25727,9526   208    25886,7091    25057,3554  1295382    3,20%
   3486  2014    25138,1009  1406    25886,7091    25060,0590  1303449    3,19%
   3546  2120    25313,4203  1177    25886,7091    25060,0590  1347000    3,19%
   3606  2109    25378,3794  1057    25886,7091    25062,1182  1343350    3,19%
   3660  2208    25187,6314  1353    25886,7091    25062,1182  1395234    3,19%
   3706  2179    25719,3988  1457    25886,7091    25065,5491  1380061    3,17%
*  3756  2245      integral     0    25820,9614    25065,5491  1425216    2,93%
   3818  2316    25386,1408  1091    25820,9614    25065,5491  1463954    2,93%
   3861  2324    25290,4169  1316    25820,9614    25065,5491  1471807    2,93%
   3893  2308    25505,0790  1345    25820,9614    25065,5491  1461678    2,93%
Elapsed time = 564,83 sec. (88300,51 ticks, tree = 97,29 MB, solutions = 32)

Performing restart 1

Repeating presolve.
Tried aggregator 2 times.
MIP Presolve eliminated 217 rows and 2839 columns.
Aggregator did 13 substitutions.
Reduced MIP has 5554 rows, 25887 columns, and 57468 nonzeros.
Reduced MIP has 25871 binaries, 16 generals, 0 SOSs, and 0 indicators.
Presolve time = 0,05 sec. (44,99 ticks)
Tried aggregator 1 time.
Reduced MIP has 5554 rows, 25887 columns, and 57468 nonzeros.
Reduced MIP has 25871 binaries, 16 generals, 0 SOSs, and 0 indicators.
Presolve time = 0,06 sec. (43,59 ticks)
Represolve time = 1,84 sec. (1267,54 ticks)
   3904     0    24799,1595  2342    25820,9614       Cuts: 9  1573393    2,91%
   3904     0    24802,6034  2491    25820,9614       Cuts: 6  1573670    2,91%
   3904     0    24806,6493  2440    25820,9614   ZeroHalf: 8  1574002    2,91%
   3904     0    24809,5311  2434    25820,9614       Cuts: 8  1574162    2,91%
   3904     0    24820,0900  2523    25820,9614  ZeroHalf: 14  1574685    2,91%
   3904     0    24822,0150  2520    25820,9614   ZeroHalf: 4  1574911    2,91%
   3904     2    24822,0150  2520    25820,9614    25068,3861  1574911    2,91%
   3906     4    24822,9362  2487    25820,9614    25068,3861  1575256    2,91%
   3907     5    24825,5640  2434    25820,9614    25068,3861  1575589    2,91%
   3917    14    24955,1075  2097    25820,9614    25068,3861  1585096    2,91%
   3930    17    24976,4581  2096    25820,9614    25068,3861  1587417    2,91%
   3943    24    25267,9243  1882    25820,9614    25068,3861  1601055    2,91%
   3956    49    25045,2080  2155    25820,9614    25068,3861  1628944    2,91%
   3983    35    25257,4325  1875    25820,9614    25068,3861  1619356    2,91%
   4011    82    24989,1939  2191    25820,9614    25068,3861  1648364    2,91%
   4040    99    25244,5725  1697    25820,9614    25068,3861  1659136    2,91%
Elapsed time = 665,31 sec. (128776,86 ticks, tree = 2,23 MB, solutions = 32)
   4061   121    25131,4723  2044    25820,9614    25068,3861  1672719    2,91%
   4086   163    25244,7852  1852    25820,9614    25068,3861  1698949    2,91%
   4118   150    25099,3772  2137    25820,9614    25068,3861  1691210    2,91%
   4140   200    25295,7182  1812    25820,9614    25068,3861  1727294    2,91%
   4181   189    25103,9970  2097    25820,9614    25068,3861  1719513    2,91%
   4229   229    25508,6075  1878    25820,9614    25068,3861  1744120    2,91%
   4282   291    25307,6066  1839    25820,9614    25068,3861  1771973    2,91%
   4317   308    25090,6064  2213    25820,9614    25068,3861  1786004    2,91%
   4353   387    25364,7086  1791    25820,9614    25068,3861  1823358    2,91%
   4471   478    25216,8016  1593    25820,9614    25068,3861  1872589    2,91%
Elapsed time = 755,77 sec. (141630,04 ticks, tree = 13,44 MB, solutions = 32)
   4669   618    25502,3879  1787    25820,9614    25068,3861  1947592    2,91%
   4869   715    25628,9308  1756    25820,9614    25068,3861  1993457    2,91%
   5062   924        cutoff          25820,9614    25068,3861  2103504    2,91%
   5317  1006    25284,1977  1693    25820,9614    25068,3861  2150031    2,91%
   5494  1218    25444,3185  1625    25820,9614    25068,3861  2258912    2,91%
   5690  1376    25331,5532  1944    25820,9614    25068,3861  2352864    2,91%
   5849  1539        cutoff          25820,9614    25068,3861  2437229    2,91%
   5984  1562    25534,1702  1664    25820,9614    25068,3861  2452521    2,91%
   6160  1703    25542,5177  1791    25820,9614    25068,3861  2527005    2,91%
   6298  1743    25607,0119  1712    25820,9614    25068,3861  2563813    2,91%
Elapsed time = 1029,68 sec. (179958,42 ticks, tree = 67,05 MB, solutions = 32)
   6488  1845    25659,6423  1577    25820,9614    25068,3861  2639296    2,91%
   6685  2017    25483,5958  1685    25820,9614    25068,3861  2778398    2,91%
   6881  2127    25133,7381  1701    25820,9614    25068,3861  2851410    2,91%
   7056  2331    25596,2750  1411    25820,9614    25068,3861  2935795    2,91%
   7234  2374    25054,7005  1992    25820,9614    25068,3861  2970077    2,91%
   7307  2546    25240,3305  1966    25820,9614    25068,3861  3083656    2,91%
   7408  2674    25604,5509  1713    25820,9614    25068,3861  3161806    2,91%
*  7510  2696      integral     0    25721,1242    25068,3861  3186238    2,54%
   7659  2511    25634,3956  1819    25721,1242    25068,3861  3258634    2,54%
   7792  2552    25597,1129  1704    25721,1242    25068,3861  3291318    2,54%
Elapsed time = 1294,93 sec. (217006,10 ticks, tree = 92,23 MB, solutions = 33)
   7914  2721    25596,3721  1586    25721,1242    25068,3861  3425528    2,54%
   8028  2790    25612,3641  1765    25721,1242    25068,3861  3500827    2,54%
   8160  2858    25560,4088  1873    25721,1242    25068,3861  3556686    2,54%
   8254  2960    25374,4432  1594    25721,1242    25068,3861  3641978    2,54%
   8387  3010    25606,5402  1651    25721,1242    25068,3861  3692595    2,54%
   8486  3066        cutoff          25721,1242    25068,3861  3750885    2,54%
   8550  3156        cutoff          25721,1242    25068,3861  3853061    2,54%
   8602  3165    25587,3691  1934    25721,1242    25068,3861  3863905    2,54%
   8687  3240    25436,3989  1918    25721,1242    25068,3861  3939613    2,54%
   8802  3246    25340,7553  2097    25721,1242    25068,3861  3958373    2,54%
Elapsed time = 1573,73 sec. (255441,87 ticks, tree = 114,69 MB, solutions = 33)
   8893  3341    25283,4168  2124    25721,1242    25068,3861  4060977    2,54%
   8988  3405    25594,3540  1509    25721,1242    25068,3861  4110902    2,54%
   9125  3472    25642,1720  1830    25721,1242    25068,3861  4220245    2,54%
   9230  3549    25558,1385  1965    25721,1242    25068,3861  4270346    2,54%
   9302  3647    25591,8483  2134    25721,1242    25068,3861  4358139    2,54%
   9409  3721    25334,2763  2012    25721,1242    25068,3861  4469337    2,54%
   9496  3719    25340,1364  1991    25721,1242    25068,3861  4465124    2,54%
   9575  3794    25563,6935  1822    25721,1242    25068,3861  4575679    2,54%
   9655  3875    25551,5102  2019    25721,1242    25068,3861  4630211    2,54%
   9749  3894    25557,5348  1855    25721,1242    25071,6978  4646821    2,52%
Elapsed time = 1859,53 sec. (294048,48 ticks, tree = 138,46 MB, solutions = 33)
   9836  3937    25700,2351  1850    25721,1242    25072,2180  4709974    2,52%
   9930  3956    25475,4804  1983    25721,1242    25082,0022  4734684    2,48%
  10019  4052        cutoff          25721,1242    25082,0022  4827523    2,48%
* 10071  4085      integral     0    25699,0931    25082,0022  4855361    2,40%
  10119  4092    25348,6334  2136    25699,0931    25082,0022  4887073    2,40%
  10217  4100    25638,8334  1528    25699,0931    25086,7597  5026729    2,38%
  10321  4091    25647,1452  1366    25699,0931    25086,7597  5002126    2,38%
  10433  4230    25585,9940  1231    25699,0931    25096,4097  5165646    2,35%
  10513  4236    25645,3585  1871    25699,0931    25097,2935  5171706    2,34%
  10572  4261    25507,3537  1984    25699,0931    25101,8247  5220271    2,32%
  10640  4383    25333,2266  2285    25699,0931    25103,4321  5344765    2,32%
Elapsed time = 2142,60 sec. (332686,19 ticks, tree = 159,91 MB, solutions = 34)
  10721  4387        cutoff          25699,0931    25103,4321  5363540    2,32%
* 10755  4403      integral     0    25492,9695    25103,4321  5385621    1,53%
  10796  4416    25692,9031  1916    25492,9695    25104,2428  5407280    1,52%
  10883  2495        cutoff          25492,9695    25104,2428  5475764    1,52%
  10949  2500        cutoff          25492,9695    25117,1725  5613009    1,47%
  11028  2511    25448,1032  1857    25492,9695    25117,9053  5595462    1,47%
  11104  2523        cutoff          25492,9695    25119,4363  5675852    1,47%
  11170  2535    25353,6037  1760    25492,9695    25124,5449  5705257    1,45%
  11262  2550        cutoff          25492,9695    25130,2114  5791215    1,42%
  11347  2580    25445,9382  1809    25492,9695    25134,0286  5903607    1,41%
  11418  2581    25468,8533  1963    25492,9695    25137,7072  5887130    1,39%
Elapsed time = 2415,45 sec. (371085,90 ticks, tree = 83,91 MB, solutions = 35)
  11482  2596        cutoff          25492,9695    25145,2902  5986674    1,36%
  11552  2609    25328,8498  2198    25492,9695    25146,1160  6014729    1,36%
  11590  2636        cutoff          25492,9695    25148,9140  6179514    1,35%
  11642  2637    25376,3724  2207    25492,9695    25155,3783  6200713    1,32%
  11697  2639        cutoff          25492,9695    25156,7954  6254574    1,32%
  11757  2629    25410,8240  2152    25492,9695    25163,6315  6297030    1,29%
  11823  2638    25345,5671  2178    25492,9695    25165,3479  6311424    1,29%
  11887  2671        cutoff          25492,9695    25173,2272  6458951    1,25%
  11949  2682    25474,9368  1702    25492,9695    25176,0266  6487308    1,24%
  12028  2672    25480,3191  2082    25492,9695    25179,3756  6469418    1,23%
Elapsed time = 2688,40 sec. (409679,07 ticks, tree = 85,58 MB, solutions = 35)
  12096  2676    25440,5385  2018    25492,9695    25181,1747  6632042    1,22%
  12200  2678        cutoff          25492,9695    25184,4192  6637935    1,21%
  12268  2675    25456,9266  2066    25492,9695    25191,9268  6691303    1,18%
  12328  2671    25424,9310  2242    25492,9695    25191,9268  6781155    1,18%
  12389  2674        cutoff          25492,9695    25195,3816  6889653    1,17%
  12444  2656        cutoff          25492,9695    25202,7821  6953656    1,14%
  12504  2672        cutoff          25492,9695    25209,5138  6919259    1,11%
  12561  2659        cutoff          25492,9695    25216,6518  7024709    1,08%
  12628  2657        cutoff          25492,9695    25220,9284  7028964    1,07%
  12702  2667    25481,3287  2004    25492,9695    25221,7591  7099123    1,06%
Elapsed time = 2985,03 sec. (448375,23 ticks, tree = 85,80 MB, solutions = 35)
  12771  2664    25492,7059  2059    25492,9695    25226,4004  7114692    1,05%
  12834  2643        cutoff          25492,9695    25229,7303  7203672    1,03%
  12901  2638        cutoff          25492,9695    25232,4497  7209664    1,02%
  12966  2631    25418,8677  2337    25492,9695    25239,6942  7386631    0,99%
  13028  2634        cutoff          25492,9695    25241,3742  7337834    0,99%
  13084  2617        cutoff          25492,9695    25244,5012  7419221    0,97%
  13145  2600    25457,1330  1996    25492,9695    25251,9541  7544540    0,95%
  13215  2599        cutoff          25492,9695    25256,9085  7543537    0,93%
  13266  2550        cutoff          25492,9695    25259,1889  7637103    0,92%
  13340  2522        cutoff          25492,9695    25262,9969  7730861    0,90%
Elapsed time = 3258,58 sec. (487102,28 ticks, tree = 79,65 MB, solutions = 35)
  13401  2503    25473,4261  2021    25492,9695    25268,6714  7790102    0,88%
  13477  2505        cutoff          25492,9695    25270,7033  7765559    0,87%
  13564  2430        cutoff          25492,9695    25275,8679  7908799    0,85%
  13633  2433    25427,4381  2143    25492,9695    25281,3447  7912036    0,83%
  13698  2402    25424,3924  2341    25492,9695    25285,3710  7975724    0,81%
  13774  2374        cutoff          25492,9695    25291,8444  8071721    0,79%
  13832  2362        cutoff          25492,9695    25293,9899  8097300    0,78%
  13905  2357        cutoff          25492,9695    25301,3412  8102892    0,75%
  13991  2304        cutoff          25492,9695    25304,7966  8237894    0,74%
  14072  2242        cutoff          25492,9695    25314,1831  8297076    0,70%
Elapsed time = 3542,22 sec. (525812,57 ticks, tree = 68,86 MB, solutions = 35)
  14153  2155        cutoff          25492,9695    25318,3539  8392779    0,68%
  14249  2115    25476,5686  2248    25492,9695    25323,9632  8434916    0,66%
  14341  2096    25449,4229  1740    25492,9695    25323,9632  8464915    0,66%
  14441  2076    25446,6586  2272    25492,9695    25337,8369  8476106    0,61%
  14517  1949    25459,2703  2043    25492,9695    25340,9918  8598089    0,60%
  14604  1961        cutoff          25492,9695    25352,4779  8589959    0,55%
  14700  1822        cutoff          25492,9695    25354,1581  8734880    0,54%
  14812  1806        cutoff          25492,9695    25362,0611  8746674    0,51%
  14949  1599        cutoff          25492,9695    25376,1633  8894557    0,46%
  15098  1503        cutoff          25492,9695    25381,1579  8929495    0,44%
Elapsed time = 3796,88 sec. (564395,13 ticks, tree = 41,31 MB, solutions = 35)
  15260  1378        cutoff          25492,9695    25390,8373  8986723    0,40%
  15415  1332        cutoff          25492,9695    25402,9297  9005414    0,35%
  15593  1033        cutoff          25492,9695    25412,9876  9107570    0,31%
  15820   807        cutoff          25492,9695    25431,7985  9157411    0,24%
  16092   545        cutoff          25492,9695    25446,4327  9192932    0,18%
  16427   214        cutoff          25492,9695    25471,4367  9220894    0,08%

Cover cuts applied:  1
Zero-half cuts applied:  1184
Lift and project cuts applied:  1

Root node processing (before b&c):
  Real time             =   33,71 sec. (17023,73 ticks)
Parallel b&c, 12 threads:
  Real time             = 3864,12 sec. (572068,87 ticks)
  Sync time (average)   =  610,44 sec.
  Wait time (average)   =    0,13 sec.
                          ------------
Total (root+branch&cut) = 3897,83 sec. (589092,60 ticks)

