
Version identifier: 22.1.1.0 | 2022-11-28 | 9160aff4d
CPXPARAM_MultiObjective_Display                  0
CPXPARAM_TimeLimit                               60000
CPXPARAM_WorkMem                                 8192
CPXPARAM_DetTimeLimit                            60000
Tried aggregator 3 times.
MIP Presolve eliminated 22290 rows and 130286 columns.
Aggregator did 229 substitutions.
Reduced MIP has 1073 rows, 2881 columns, and 6761 nonzeros.
Reduced MIP has 2865 binaries, 16 generals, 0 SOSs, and 0 indicators.
Presolve time = 0,10 sec. (78,98 ticks)
Found incumbent of value 103453,044422 after 0,12 sec. (94,67 ticks)
Probing time = 0,01 sec. (3,54 ticks)
Tried aggregator 2 times.
Detecting symmetries...
Aggregator did 8 substitutions.
Reduced MIP has 1065 rows, 2873 columns, and 6745 nonzeros.
Reduced MIP has 2865 binaries, 8 generals, 0 SOSs, and 0 indicators.
Presolve time = 0,01 sec. (6,73 ticks)
Probing time = 0,01 sec. (3,55 ticks)
Clique table members: 4267.
MIP emphasis: balance optimality and feasibility.
MIP search method: dynamic search.
Parallel mode: deterministic, using up to 12 threads.
Root relaxation solution time = 0,02 sec. (19,43 ticks)

        Nodes                                         Cuts/
   Node  Left     Objective  IInf  Best Integer    Best Bound    ItCnt     Gap

*     0+    0                       103453,0444  -278840,0000           369,53%
*     0+    0                        83913,9184  -278840,0000           432,29%
*     0+    0                        83904,7924  -278840,0000           432,33%
*     0+    0                        83895,6664  -278840,0000           432,37%
*     0+    0                        83886,5404  -278840,0000           432,40%
*     0+    0                        83877,4144  -278840,0000           432,44%
*     0+    0                        83868,2884  -278840,0000           432,47%
*     0     0      integral     0    12917,2668    12917,2668     1092    0,00%
Elapsed time = 0,19 sec. (153,47 ticks, tree = 0,00 MB, solutions = 8)

Root node processing (before b&c):
  Real time             =    0,20 sec. (163,32 ticks)
Parallel b&c, 12 threads:
  Real time             =    0,00 sec. (0,00 ticks)
  Sync time (average)   =    0,00 sec.
  Wait time (average)   =    0,00 sec.
                          ------------
Total (root+branch&cut) =    0,20 sec. (163,32 ticks)

