
Version identifier: 22.1.1.0 | 2022-11-28 | 9160aff4d
CPXPARAM_MultiObjective_Display                  0
CPXPARAM_WorkMem                                 8192
CPXPARAM_DetTimeLimit                            2000000
Tried aggregator 3 times.
MIP Presolve eliminated 128971 rows and 1081003 columns.
Aggregator did 1112 substitutions.
Reduced MIP has 6135 rows, 35077 columns, and 76370 nonzeros.
Reduced MIP has 35048 binaries, 29 generals, 0 SOSs, and 0 indicators.
Presolve time = 0,99 sec. (650,33 ticks)
Found incumbent of value 204266,770730 after 1,18 sec. (805,10 ticks)
Tried aggregator 2 times.
Detecting symmetries...
Aggregator did 14 substitutions.
Reduced MIP has 6121 rows, 35063 columns, and 76342 nonzeros.
Reduced MIP has 35048 binaries, 15 generals, 0 SOSs, and 0 indicators.
Presolve time = 0,08 sec. (70,69 ticks)
Probing time = 0,10 sec. (15,46 ticks)
Clique table members: 42393.
MIP emphasis: balance optimality and feasibility.
MIP search method: dynamic search.
Parallel mode: deterministic, using up to 12 threads.
Root relaxation solution time = 1,25 sec. (619,41 ticks)

        Nodes                                         Cuts/
   Node  Left     Objective  IInf  Best Integer    Best Bound    ItCnt     Gap

*     0+    0                       204266,7707 -2043943,7983              --- 
*     0+    0                       181834,3915 -2043943,7983              --- 
*     0+    0                       181817,1925 -2043943,7983              --- 
*     0+    0                       181799,9935 -2043943,7983              --- 
*     0+    0                       181782,7945 -2043943,7983              --- 
*     0+    0                       181766,6755 -2043943,7983              --- 
*     0+    0                       181750,8805 -2043943,7983              --- 
*     0+    0                       181735,0855 -2043943,7983              --- 
*     0+    0                       181719,2905 -2043943,7983              --- 
*     0+    0                       181703,4955 -2043943,7983              --- 
      0     0    17688,4217  2162   181703,4955    17688,4217       45   90,27%
*     0+    0                       110620,8921    17688,4217            84,01%
      0     0    18105,2095  2246   110620,8921      Cuts: 20     1338   83,63%
*     0+    0                        46978,9811    18105,2095            61,46%
      0     0    18117,8034  2111    46978,9811   ZeroHalf: 7     1726   61,43%
      0     0    18139,7107  2454    46978,9811  ZeroHalf: 14     2454   61,39%
*     0+    0                        39984,5454    18139,7107            54,63%
*     0+    0                        37903,1536    18139,7107            52,14%
      0     0  -1,00000e+75     0    37903,1536    18139,7107     2454   52,14%
      0     0    18142,3504  2417    37903,1536   ZeroHalf: 3     2702   52,13%
      0     0    18148,9719  2555    37903,1536   ZeroHalf: 5     3056   52,12%
      0     0    18158,8469  2523    37903,1536   ZeroHalf: 8     3420   52,09%
      0     0    18169,7251  2551    37903,1536   ZeroHalf: 9     3800   52,06%
      0     0    18171,4676  2525    37903,1536   ZeroHalf: 2     3962   52,06%
*     0+    0                        18989,6225    18171,4676             4,31%

Repeating presolve.
Tried aggregator 2 times.
MIP Presolve eliminated 316 rows and 9007 columns.
Aggregator did 96 substitutions.
Reduced MIP has 5709 rows, 25960 columns, and 57792 nonzeros.
Reduced MIP has 25945 binaries, 15 generals, 0 SOSs, and 0 indicators.
Presolve time = 0,06 sec. (49,08 ticks)
Probing time = 0,04 sec. (11,57 ticks)
Tried aggregator 1 time.
Detecting symmetries...
Reduced MIP has 5709 rows, 25960 columns, and 57792 nonzeros.
Reduced MIP has 25945 binaries, 15 generals, 0 SOSs, and 0 indicators.
Presolve time = 0,05 sec. (43,26 ticks)
Represolve time = 0,83 sec. (743,38 ticks)
Probing time = 0,03 sec. (11,57 ticks)
Clique table members: 32941.
MIP emphasis: balance optimality and feasibility.
MIP search method: dynamic search.
Parallel mode: deterministic, using up to 12 threads.
Root relaxation solution time = 0,82 sec. (526,60 ticks)

        Nodes                                         Cuts/
   Node  Left     Objective  IInf  Best Integer    Best Bound    ItCnt     Gap

*     0+    0                        18989,6225    18171,4676             4,31%
      0     0    18171,4676  2504    18989,6225    18171,4676     4003    4,31%
*     0+    0                        18900,1872    18171,4676             3,86%
      0     0    18174,7028  2533    18900,1872   ZeroHalf: 5     4201    3,72%
      0     0    18185,5925  2602    18900,1872   ZeroHalf: 4     4628    3,72%
      0     0    18195,2165  2584    18900,1872   ZeroHalf: 5     5050    3,72%
      0     0    18195,2165  2595    18900,1872   ZeroHalf: 1     5058    3,72%
      0     2    18195,2165  2595    18900,1872    18197,0044     5058    3,72%
Elapsed time = 59,04 sec. (26829,92 ticks, tree = 0,02 MB, solutions = 16)
      1     3    18211,8183  2402    18900,1872    18197,0044     7382    3,72%
      3     5    18244,6448  2148    18900,1872    18211,8272    14308    3,64%
      5     4    18266,4675  2237    18900,1872    18211,8272    11312    3,64%
      7     6    18271,6186  2268    18900,1872    18211,8272    16437    3,64%
     10     7    18268,5598  2279    18900,1872    18211,8898    20579    3,64%
     12     9    18293,3459  2356    18900,1872    18239,9551    28391    3,49%
     15    11    18279,5313  2300    18900,1872    18239,9551    32183    3,49%
     17    13    18300,8164  2121    18900,1872    18254,6340    36475    3,42%
     21    15    18317,7695  2372    18900,1872    18254,6340    40761    3,42%
     35    33    18325,7036  2194    18900,1872    18267,0852    66871    3,35%
Elapsed time = 83,98 sec. (32703,14 ticks, tree = 0,13 MB, solutions = 16)
     61    38    18368,3578  2092    18900,1872    18267,0852    71799    3,35%
     86    60    18393,4245  1954    18900,1872    18267,0852    89394    3,35%
    110    88    18707,9362  1748    18900,1872    18267,0852   114752    3,35%
    136   107    18818,9034  1094    18900,1872    18267,0852   138013    3,35%
    185   143    18887,3768  1275    18900,1872    18267,0852   173318    3,35%
    243   162    18802,8909  1266    18900,1872    18267,0852   184669    3,35%
    286   170    18352,0613  1966    18900,1872    18267,0852   189183    3,35%
    315   216    18364,4020  2200    18900,1872    18279,6259   223369    3,28%
    356   228    18800,3995  1663    18900,1872    18280,2990   236587    3,28%
    391   262    18478,7830  1703    18900,1872    18280,2990   266873    3,28%
Elapsed time = 157,19 sec. (42764,96 ticks, tree = 4,21 MB, solutions = 16)
    443   284    18819,2608  1057    18900,1872    18303,5239   285923    3,16%
    495   291    18550,7545  1448    18900,1872    18308,3025   291667    3,13%
    558   319        cutoff          18900,1872    18308,3025   318148    3,13%
    597   354    18419,2113  2211    18900,1872    18308,3025   336142    3,13%
    643   445    18493,4713  2031    18900,1872    18308,3025   393735    3,13%
    683   456    18794,7023  1769    18900,1872    18310,5855   399183    3,12%
    727   481    18545,4163  2042    18900,1872    18310,5855   415181    3,12%
    768   491    18805,3189  1858    18900,1872    18310,5855   424002    3,12%
    816   555    18585,9574  2178    18900,1872    18328,3927   465423    3,03%
    859   579    18555,4041  1845    18900,1872    18328,3927   487381    3,03%
Elapsed time = 229,07 sec. (52507,51 ticks, tree = 17,36 MB, solutions = 16)
    908   623    18792,2496  2143    18900,1872    18332,4882   515857    3,00%
    955   619    18620,7094  1822    18900,1872    18332,4882   512936    3,00%
   1005   677    18449,5044  2034    18900,1872    18332,4882   547982    3,00%
   1045   667    18414,3511  2011    18900,1872    18332,4882   545004    3,00%
   1080   754    18587,2531  1998    18900,1872    18332,4882   598335    3,00%
   1116   771    18648,6091  1930    18900,1872    18332,4882   610891    3,00%
   1154   789    18646,5897  1488    18900,1872    18336,0789   627852    2,98%
   1205   798    18424,1944  1969    18900,1872    18343,7104   637469    2,94%
   1254   872    18463,1939  2148    18900,1872    18343,7104   684043    2,94%
   1296   834    18717,6551  1634    18900,1872    18343,7104   659703    2,94%
Elapsed time = 303,19 sec. (62229,89 ticks, tree = 22,69 MB, solutions = 16)
   1340   880    18755,9865  1604    18900,1872    18345,1166   688119    2,94%
   1390   903    18654,5949  1841    18900,1872    18352,4124   705137    2,90%
   1434   924    18567,5858  2030    18900,1872    18358,2518   719558    2,87%
   1482   928    18692,3783  1852    18900,1872    18358,2518   721595    2,87%
   1516   991    18741,5895  1279    18900,1872    18358,9959   770366    2,86%
   1543  1035    18839,8985  1407    18900,1872    18358,9959   793577    2,86%
   1562  1043    18823,9454  1569    18900,1872    18358,9959   800692    2,86%
   1585  1113    18440,7862  2147    18900,1872    18362,7334   852420    2,84%
   1611  1114    18467,4759  2081    18900,1872    18362,7334   853029    2,84%
   1651  1149    18433,1535  2003    18900,1872    18362,7334   881077    2,84%
Elapsed time = 385,00 sec. (72127,49 ticks, tree = 36,64 MB, solutions = 16)
   1683  1186    18460,1182  2037    18900,1872    18365,3834   899746    2,83%
   1724  1187    18419,4648  2042    18900,1872    18365,3834   898778    2,83%
   1769  1213    18467,4101  2164    18900,1872    18365,7518   920961    2,83%
   1815  1205    18412,8485  1684    18900,1872    18365,7518   912830    2,83%
   1858  1305    18647,0987  1780    18900,1872    18370,5751   980033    2,80%
   1906  1240    18586,9690  1965    18900,1872    18370,5751   940647    2,80%
   1949  1366    18744,8802  1731    18900,1872    18374,6780  1022192    2,78%
   1989  1368        cutoff          18900,1872    18374,6780  1024593    2,78%
   2035  1386    18540,9879  1978    18900,1872    18375,4853  1039248    2,78%
   2097  1369    18828,6376  1480    18900,1872    18378,0159  1020853    2,76%
Elapsed time = 451,03 sec. (81950,89 ticks, tree = 41,25 MB, solutions = 16)
   2142  1471    18771,5752  1992    18900,1872    18382,6771  1097835    2,74%
   2195  1456    18761,1290  1735    18900,1872    18382,6771  1086633    2,74%
   2245  1543    18470,0666  1656    18900,1872    18382,6771  1144901    2,74%
   2292  1501    18670,1589  1706    18900,1872    18382,6771  1114937    2,74%
   2338  1651    18561,2744  1120    18900,1872    18383,5231  1214462    2,73%
   2396  1656    18563,3692  2107    18900,1872    18389,4965  1220246    2,70%
   2448  1686    18546,0721  1656    18900,1872    18389,4965  1238682    2,70%
   2489  1733    18552,7205  2051    18900,1872    18389,4965  1268490    2,70%
   2532  1738    18624,6977  1976    18900,1872    18395,1684  1270429    2,67%
   2573  1795    18747,5583  1987    18900,1872    18395,1684  1311822    2,67%
Elapsed time = 524,41 sec. (91641,92 ticks, tree = 54,84 MB, solutions = 16)
   2624  1846    18898,3616   786    18900,1872    18395,1684  1352469    2,67%
   2674  1837    18883,6992  1670    18900,1872    18395,1684  1346494    2,67%
   2716  1900    18820,0731  1656    18900,1872    18398,5747  1392794    2,65%
   2770  1947    18699,5620  1459    18900,1872    18398,5747  1427427    2,65%
   2833  1949    18451,5761  1696    18900,1872    18398,5747  1429678    2,65%
   2877  1952    18532,6409  1736    18900,1872    18402,0028  1431154    2,64%
   2925  2013    18878,5792  1377    18900,1872    18402,0028  1469530    2,64%
   2985  2079    18673,9054  1304    18900,1872    18404,2961  1518261    2,62%
   3037  2065    18753,4805  2010    18900,1872    18404,2961  1504884    2,62%
   3094  2076    18459,0107  1766    18900,1872    18404,2961  1514173    2,62%
Elapsed time = 598,88 sec. (101362,20 ticks, tree = 63,93 MB, solutions = 16)
   3139  2126    18891,4561  1647    18900,1872    18404,2961  1547754    2,62%
   3201  2230    18498,8695  1885    18900,1872    18409,6825  1612949    2,60%
   3253  2128    18588,3051  2213    18900,1872    18410,7978  1550800    2,59%
   3297  2222    18762,1049  1209    18900,1872    18411,2326  1605097    2,59%
   3355  2227    18465,6572  2276    18900,1872    18412,3203  1607606    2,58%
   3411  2338    18647,8514  1865    18900,1872    18412,9873  1690020    2,58%
   3464  2359    18725,1501  2059    18900,1872    18413,4209  1701409    2,58%
   3512  2392    18693,3359  1587    18900,1872    18413,4209  1728050    2,58%
   3552  2415    18862,1749  1477    18900,1872    18414,3437  1744634    2,57%
   3594  2397        cutoff          18900,1872    18414,7005  1732542    2,57%
Elapsed time = 673,79 sec. (111087,32 ticks, tree = 79,50 MB, solutions = 16)
   3643  2503        cutoff          18900,1872    18416,7125  1800256    2,56%
   3706  2581        cutoff          18900,1872    18416,7701  1856304    2,56%
   3766  2583    18560,0626  1787    18900,1872    18419,3707  1858743    2,54%
   3818  2525        cutoff          18900,1872    18419,3707  1819072    2,54%
   3858  2566    18559,8407  1981    18900,1872    18419,3707  1847248    2,54%
   3885  2635    18622,9924  1766    18900,1872    18419,3707  1889786    2,54%
   3900  2604    18580,7961  1735    18900,1872    18419,3707  1875426    2,54%

Performing restart 1

Repeating presolve.
Tried aggregator 2 times.
MIP Presolve eliminated 233 rows and 2163 columns.
Aggregator did 46 substitutions.
Reduced MIP has 5430 rows, 23751 columns, and 53121 nonzeros.
Reduced MIP has 23736 binaries, 15 generals, 0 SOSs, and 0 indicators.
Presolve time = 0,11 sec. (81,20 ticks)
Tried aggregator 1 time.
Reduced MIP has 5430 rows, 23751 columns, and 53121 nonzeros.
Reduced MIP has 23736 binaries, 15 generals, 0 SOSs, and 0 indicators.
Presolve time = 0,08 sec. (40,80 ticks)
Represolve time = 1,40 sec. (920,55 ticks)
   3902     0    18201,3836  2627    18900,1872   ZeroHalf: 2  2010469    2,52%
   3902     0    18202,3675  2543    18900,1872   ZeroHalf: 7  2010602    2,52%
   3902     0    18203,3845  2573    18900,1872   ZeroHalf: 2  2010784    2,52%
   3902     0    18203,6804  2586    18900,1872   ZeroHalf: 4  2010837    2,52%
   3902     0    18205,0910  2642    18900,1872   ZeroHalf: 2  2011072    2,52%
   3902     2    18205,0910  2642    18900,1872    18423,7523  2011072    2,52%
   3903     3    18214,0853  2572    18900,1872    18423,7523  2011940    2,52%
   3927    10    18563,9768  1921    18900,1872    18423,7523  2022554    2,52%
Elapsed time = 764,70 sec. (147604,67 ticks, tree = 0,02 MB, solutions = 16)
   3993    46    18408,1771  2208    18900,1872    18423,7523  2073576    2,52%
   4117   132    18836,1483  1318    18900,1872    18423,7523  2146051    2,52%
   4295   290    18681,0426  1931    18900,1872    18423,7523  2236950    2,52%
   4521   454    18869,5445  1275    18900,1872    18423,7523  2310596    2,52%
   4698   538    18655,5015  1646    18900,1872    18423,7523  2357436    2,52%
   4872   770    18849,7375  1506    18900,1872    18423,7523  2465778    2,52%
   5061   799        cutoff          18900,1872    18423,7523  2485112    2,52%
   5278  1020    18346,7325  2168    18900,1872    18423,7523  2594747    2,52%
   5559  1089    18608,7992  1899    18900,1872    18423,7523  2629396    2,52%
   5804  1427    18866,1317  1532    18900,1872    18423,7523  2788458    2,52%
Elapsed time = 1024,51 sec. (186044,96 ticks, tree = 56,41 MB, solutions = 16)
   6062  1630    18684,8750  1767    18900,1872    18423,7523  2887800    2,52%
   6329  1715    18746,7855  1527    18900,1872    18423,7523  2933369    2,52%
   6595  1958    18850,5107  1484    18900,1872    18423,7523  3034413    2,52%
   6753  2188    18826,2980  1665    18900,1872    18423,7523  3132870    2,52%
   6935  2257    18376,8163  1996    18900,1872    18423,7523  3174785    2,52%
   7171  2457    18803,9899  1737    18900,1872    18423,7523  3294046    2,52%
   7377  2568    18539,5709  1730    18900,1872    18423,7523  3360736    2,52%
   7589  2774    18877,7713  1006    18900,1872    18423,7523  3465048    2,52%
   7807  2844    18713,9594  1661    18900,1872    18423,7523  3519634    2,52%
   7977  3040        cutoff          18900,1872    18423,7523  3616400    2,52%
Elapsed time = 1302,01 sec. (224343,62 ticks, tree = 106,77 MB, solutions = 16)
   8131  3216    18657,3480  2125    18900,1872    18423,7523  3720731    2,52%
   8364  3320    18819,3151  1246    18900,1872    18423,7523  3773391    2,52%
   8580  3370    18707,6561  1840    18900,1872    18423,7523  3814773    2,52%
   8792  3731    18748,4043  1448    18900,1872    18423,7523  4002712    2,52%
   8967  3744        cutoff          18900,1872    18423,7523  4010302    2,52%
   9161  3904    18865,7878  1564    18900,1872    18423,7523  4131250    2,52%
   9303  4085    18847,5545  1158    18900,1872    18423,7523  4275509    2,52%
   9501  4171    18842,6859  1766    18900,1872    18423,7523  4357035    2,52%
   9626  4308    18850,6498  1595    18900,1872    18423,7523  4473038    2,52%
   9779  4392    18692,5330  1422    18900,1872    18423,7523  4531682    2,52%
Elapsed time = 1578,86 sec. (262675,89 ticks, tree = 157,51 MB, solutions = 16)
   9969  4420        cutoff          18900,1872    18423,7523  4557446    2,52%
  10163  4607    18876,4100   659    18900,1872    18423,7523  4678898    2,52%
  10349  4691    18726,6337  1876    18900,1872    18423,7523  4757606    2,52%
  10540  4804    18774,6626  1529    18900,1872    18423,7523  4839313    2,52%
  10751  4972    18832,5129  1398    18900,1872    18423,7523  4950114    2,52%
  10959  5123    18569,5087  1602    18900,1872    18423,7523  5063241    2,52%
  11170  5311    18590,3998  1819    18900,1872    18423,7523  5172634    2,52%
  11393  5504    18899,9365  1377    18900,1872    18423,7523  5286662    2,52%
  11556  5615    18499,0179  1511    18900,1872    18423,7523  5363006    2,52%
  11697  5775    18877,0416  1304    18900,1872    18423,7523  5461438    2,52%
Elapsed time = 1847,91 sec. (301167,49 ticks, tree = 206,75 MB, solutions = 16)
* 11882+ 5760                        18843,0998    18423,7523             2,23%
  11882  5762    18842,8793    13    18843,0998    18423,7523  5456514    2,23%
  12055  5842    18789,0307  1025    18843,0998    18423,7523  5520378    2,23%
  12252  5099    18622,0205  2087    18843,0998    18423,7523  5588443    2,23%
  12446  5214    18731,4507  1683    18843,0998    18423,7523  5688224    2,23%
  12645  5400        cutoff          18843,0998    18427,7924  5817967    2,20%
  12845  5475        cutoff          18843,0998    18430,7745  5904109    2,19%
  13033  5580    18738,3231  1625    18843,0998    18434,4175  6004431    2,17%
  13220  5754    18557,4340  1950    18843,0998    18437,0725  6154422    2,15%
  13422  5851    18504,3372  1815    18843,0998    18439,2218  6224825    2,14%
  13605  5972    18766,8574  2177    18843,0998    18442,8574  6318873    2,12%
Elapsed time = 2133,33 sec. (339454,88 ticks, tree = 201,22 MB, solutions = 17)
  13762  6072        cutoff          18843,0998    18445,6785  6419968    2,11%
  13882  6204    18743,5018  1734    18843,0998    18450,0690  6503380    2,09%
  14045  6322    18821,9369  1304    18843,0998    18452,5892  6581431    2,07%
* 14212  6324      integral     0    18822,5034    18453,7529  6592604    1,96%
  14396  6145    18800,4716  1845    18822,5034    18455,6615  6796039    1,95%
  14600  6239    18734,1265  1599    18822,5034    18455,9206  6874309    1,95%
  14817  6219    18729,7211  1688    18822,5034    18459,5160  6858037    1,93%
  15050  6353    18597,4512  1842    18822,5034    18461,8883  6968133    1,92%
  15259  6536    18625,3356  1844    18822,5034    18464,5198  7106336    1,90%
  15446  6612    18796,7184  1401    18822,5034    18467,9596  7152195    1,88%
Elapsed time = 2395,84 sec. (376872,11 ticks, tree = 223,91 MB, solutions = 18)
  15625  6735    18807,5336  1707    18822,5034    18469,8173  7268876    1,87%
  15839  6820        cutoff          18822,5034    18472,2166  7346028    1,86%
  16019  7054    18665,0582  1959    18822,5034    18474,8345  7573720    1,85%
  16217  7004        cutoff          18822,5034    18476,1586  7523888    1,84%
  16381  7139    18693,8348  2194    18822,5034    18479,9532  7649497    1,82%
  16508  7190    18677,7888  1754    18822,5034    18481,3584  7704138    1,81%
  16632  7409    18648,2507  1803    18822,5034    18484,6555  7908492    1,79%
  16811  7433    18723,5728  1520    18822,5034    18485,9545  7930298    1,79%
  17004  7608        cutoff          18822,5034    18488,6580  8094649    1,77%
  17210  7614    18653,7467  1914    18822,5034    18489,6942  8102334    1,77%
Elapsed time = 2667,92 sec. (415096,06 ticks, tree = 253,63 MB, solutions = 18)
  17446  7849    18745,9308  1519    18822,5034    18490,1567  8299575    1,77%
  17668  7739    18798,2919  1140    18822,5034    18492,2814  8228884    1,75%
  17885  7914    18627,2485  2107    18822,5034    18493,9187  8347912    1,75%
  18100  8140    18628,0878  2108    18822,5034    18495,1512  8554095    1,74%
* 18293  8105      integral     0    18816,5957    18497,9956  8518600    1,69%
  18510  8197    18739,5965  1687    18816,5957    18500,0610  8600946    1,68%
  18741  8208    18778,2259  1244    18816,5957    18502,2643  8711019    1,67%
  18964  8278    18677,1119  1570    18816,5957    18504,2977  8783451    1,66%
  19166  8441    18769,5697  1590    18816,5957    18507,2092  8932078    1,64%
  19377  8529    18695,0696  2157    18816,5957    18508,8087  9018311    1,64%
Elapsed time = 2945,48 sec. (452668,98 ticks, tree = 277,60 MB, solutions = 19)
  19600  8664    18676,0243  1680    18816,5957    18509,8105  9147729    1,63%
  19791  8737    18749,8467  1838    18816,5957    18512,6047  9206578    1,62%
  19957  8906    18629,5476  1868    18816,5957    18514,0703  9374221    1,61%
  20074  9049        cutoff          18816,5957    18517,1340  9542642    1,59%
  20192  9152    18702,7216  1471    18816,5957    18518,7000  9618452    1,58%
* 20243+ 9174                        18762,4855    18518,8376             1,30%
  20351  9162    18620,7585  1894    18762,4855    18520,3560  9622117    1,29%
  20550  7181        cutoff          18762,4855    18523,0031  9742582    1,28%
  20763  7160    18746,7093  1688    18762,4855    18523,8047  9719596    1,27%
  21004  7227        cutoff          18762,4855    18524,9834  9812323    1,27%
  21215  7274        cutoff          18762,4855    18525,4912  9879134    1,26%
Elapsed time = 3221,93 sec. (491107,96 ticks, tree = 229,05 MB, solutions = 20)
  21452  7391    18751,6285  1584    18762,4855    18527,3681 10017865    1,25%
  21671  7474        cutoff          18762,4855    18528,2492 10155638    1,25%
  21870  7592    18709,7222  1676    18762,4855    18529,8158 10350599    1,24%
  22091  7598    18656,6775  1900    18762,4855    18533,0872 10378130    1,22%
  22314  7608    18760,6585  1528    18762,4855    18534,6821 10408052    1,21%
  22524  7680    18747,8891  1329    18762,4855    18537,7377 10511779    1,20%
  22740  7732    18692,4931  1725    18762,4855    18538,6537 10640459    1,19%
  22961  7796        cutoff          18762,4855    18541,9495 10748772    1,18%
  23206  7893        cutoff          18762,4855    18544,0791 10898311    1,16%
  23445  7950    18667,0907  1867    18762,4855    18546,7974 11005962    1,15%
Elapsed time = 3502,69 sec. (529540,35 ticks, tree = 246,40 MB, solutions = 20)
  23630  8074    18668,8881  1517    18762,4855    18549,0059 11194799    1,14%
  23808  7976        cutoff          18762,4855    18550,6269 11057892    1,13%
  23941  8095    18623,4023  1937    18762,4855    18553,3815 11223140    1,11%
  24077  8218        cutoff          18762,4855    18555,3532 11430211    1,10%
  24238  8189    18750,2380  1586    18762,4855    18555,8188 11425360    1,10%
  24435  8222    18738,2468  1432    18762,4855    18559,4530 11458705    1,08%
  24681  8306        cutoff          18762,4855    18561,1964 11620324    1,07%
  24902  8290    18660,2784  1965    18762,4855    18562,3911 11559002    1,07%
  25145  8336    18736,9667  1653    18762,4855    18564,4909 11660717    1,06%
  25376  8431    18695,8753  1826    18762,4855    18564,8552 11924416    1,05%
Elapsed time = 3776,06 sec. (567935,98 ticks, tree = 264,59 MB, solutions = 20)
  25600  8496    18737,2128  1468    18762,4855    18566,7174 12101647    1,04%
  25850  8496    18674,9550  2031    18762,4855    18568,5072 12110485    1,03%
  26086  8492        cutoff          18762,4855    18568,8985 12073273    1,03%
  26304  8627    18580,2774  1753    18762,4855    18571,5695 12430930    1,02%
  26527  8589    18689,2175  1909    18762,4855    18573,0194 12322694    1,01%
  26734  8614    18656,2731  1973    18762,4855    18574,1415 12424951    1,00%
  26969  8726        cutoff          18762,4855    18578,0014 12741163    0,98%
  27201  8746        cutoff          18762,4855    18578,9656 12843740    0,98%
  27437  8713        cutoff          18762,4855    18580,0243 12733479    0,97%
  27609  8748    18744,3506  1614    18762,4855    18583,6508 12835945    0,95%
Elapsed time = 4057,35 sec. (606411,48 ticks, tree = 273,57 MB, solutions = 20)
  27742  8776        cutoff          18762,4855    18585,7171 12931141    0,94%
  27863  8801    18634,0961  1326    18762,4855    18586,9733 13059915    0,94%
  27998  8851        cutoff          18762,4855    18589,8251 13233585    0,92%
  28184  8863    18635,5632  1518    18762,4855    18590,6496 13281888    0,92%
  28401  8850    18659,9663  2109    18762,4855    18591,7884 13242217    0,91%
  28641  8919    18704,6837  1522    18762,4855    18595,1165 13474999    0,89%
  28873  8869        cutoff          18762,4855    18595,9606 13321208    0,89%
* 29038  8928      integral     0    18727,1218    18596,2176 13517038    0,70%
  29095  8912        cutoff          18727,1218    18596,6746 13465395    0,70%
  29334  6998        cutoff          18727,1218    18599,7849 13772688    0,68%
  29589  7002    18677,0635  1505    18727,1218    18600,0478 13699721    0,68%
Elapsed time = 4327,21 sec. (644810,15 ticks, tree = 210,70 MB, solutions = 21)
  29863  6964    18680,0358  1770    18727,1218    18602,5904 13894292    0,66%
  30140  6833        cutoff          18727,1218    18604,6319 14117722    0,65%
  30419  6822        cutoff          18727,1218    18607,4825 14137054    0,64%
  30680  6748    18703,8957  1779    18727,1218    18610,7101 14265946    0,62%
  30934  6637    18671,8750  1977    18727,1218    18615,2529 14391872    0,60%
  31203  6662        cutoff          18727,1218    18617,0943 14363828    0,59%
  31501  6431    18715,6652  1903    18727,1218    18621,1737 14664296    0,57%
  31763  6394        cutoff          18727,1218    18625,1748 14709710    0,54%
  31975  6361        cutoff          18727,1218    18627,2711 14736160    0,53%
  32171  6202        cutoff          18727,1218    18630,5507 14879931    0,52%
Elapsed time = 4597,79 sec. (683157,70 ticks, tree = 182,73 MB, solutions = 21)
  32421  6139        cutoff          18727,1218    18631,7100 14926968    0,51%
  32719  5980    18714,5289  1925    18727,1218    18635,4263 15066742    0,49%
  32984  5893        cutoff          18727,1218    18640,8360 15129501    0,46%
  33218  5736    18700,2507  1827    18727,1218    18642,3892 15247225    0,45%
  33426  5602        cutoff          18727,1218    18644,4479 15330605    0,44%
  33695  5522        cutoff          18727,1218    18646,3423 15378383    0,43%
  34020  5331        cutoff          18727,1218    18652,2926 15504788    0,40%
  34326  5134        cutoff          18727,1218    18656,5689 15595674    0,38%
  34614  5023        cutoff          18727,1218    18659,2832 15647144    0,36%
  34989  4653        cutoff          18727,1218    18664,0559 15812419    0,34%
Elapsed time = 4851,04 sec. (721440,46 ticks, tree = 128,42 MB, solutions = 21)
  35377  4238        cutoff          18727,1218    18669,2597 15966557    0,31%
  35689  3985        cutoff          18727,1218    18670,4839 16044938    0,30%
  36172  3677        cutoff          18727,1218    18678,3128 16146283    0,26%
  36699  3099        cutoff          18727,1218    18684,0147 16288762    0,23%
  37304  2715        cutoff          18727,1218    18689,7125 16362498    0,20%
  38095  1809        cutoff          18727,1218    18700,1725 16501010    0,14%
  39469   432        cutoff          18727,1218    18719,6024 16606783    0,04%

Cover cuts applied:  7
Mixed integer rounding cuts applied:  4
Zero-half cuts applied:  76
Lift and project cuts applied:  3
Gomory fractional cuts applied:  2

Root node processing (before b&c):
  Real time             =   58,30 sec. (26923,28 ticks)
Parallel b&c, 12 threads:
  Real time             = 4977,33 sec. (721747,69 ticks)
  Sync time (average)   =  667,97 sec.
  Wait time (average)   =    0,08 sec.
                          ------------
Total (root+branch&cut) = 5035,63 sec. (748670,97 ticks)

