
Version identifier: 22.1.1.0 | 2022-11-28 | 9160aff4d
CPXPARAM_MultiObjective_Display                  0
CPXPARAM_TimeLimit                               60000
CPXPARAM_WorkMem                                 8192
CPXPARAM_DetTimeLimit                            60000
Tried aggregator 3 times.
MIP Presolve eliminated 21457 rows and 129132 columns.
Aggregator did 246 substitutions.
Reduced MIP has 1087 rows, 2898 columns, and 6846 nonzeros.
Reduced MIP has 2884 binaries, 14 generals, 0 SOSs, and 0 indicators.
Presolve time = 0,11 sec. (77,97 ticks)
Found incumbent of value 106291,619246 after 0,13 sec. (93,56 ticks)
Probing time = 0,01 sec. (3,67 ticks)
Tried aggregator 2 times.
Detecting symmetries...
Aggregator did 7 substitutions.
Reduced MIP has 1080 rows, 2891 columns, and 6832 nonzeros.
Reduced MIP has 2884 binaries, 7 generals, 0 SOSs, and 0 indicators.
Presolve time = 0,01 sec. (6,82 ticks)
Probing time = 0,01 sec. (3,65 ticks)
Clique table members: 4472.
MIP emphasis: balance optimality and feasibility.
MIP search method: dynamic search.
Parallel mode: deterministic, using up to 12 threads.
Root relaxation solution time = 0,03 sec. (26,40 ticks)

        Nodes                                         Cuts/
   Node  Left     Objective  IInf  Best Integer    Best Bound    ItCnt     Gap

*     0+    0                       106291,6192  -318760,4020           399,89%
*     0+    0                        84866,5462  -318760,4020           475,60%
*     0+    0                        84858,4732  -318760,4020           475,64%
*     0+    0                        84850,4002  -318760,4020           475,67%
*     0+    0                        84842,3272  -318760,4020           475,71%
*     0+    0                        84834,2542  -318760,4020           475,74%
*     0+    0                        84826,1812  -318760,4020           475,78%
*     0+    0                        84818,1082  -318760,4020           475,82%
*     0     0      integral     0    20924,9049    20924,9049     1315    0,00%
Elapsed time = 0,22 sec. (159,83 ticks, tree = 0,00 MB, solutions = 9)

Root node processing (before b&c):
  Real time             =    0,23 sec. (170,47 ticks)
Parallel b&c, 12 threads:
  Real time             =    0,00 sec. (0,00 ticks)
  Sync time (average)   =    0,00 sec.
  Wait time (average)   =    0,00 sec.
                          ------------
Total (root+branch&cut) =    0,23 sec. (170,47 ticks)

