
Version identifier: 22.1.1.0 | 2022-11-28 | 9160aff4d
CPXPARAM_MultiObjective_Display                  0
CPXPARAM_TimeLimit                               2000000
CPXPARAM_WorkMem                                 8192
CPXPARAM_DetTimeLimit                            2000000
Tried aggregator 15 times.
MIP Presolve eliminated 121073 rows and 1108139 columns.
Aggregator did 553 substitutions.
Reduced MIP has 1546 rows, 4319 columns, and 10097 nonzeros.
Reduced MIP has 4296 binaries, 23 generals, 0 SOSs, and 0 indicators.
Presolve time = 2,27 sec. (1476,77 ticks)
Found incumbent of value 213089,131845 after 2,40 sec. (1557,07 ticks)
Probing time = 0,01 sec. (4,73 ticks)
Tried aggregator 2 times.
Detecting symmetries...
MIP Presolve eliminated 1 rows and 0 columns.
Aggregator did 14 substitutions.
Reduced MIP has 1531 rows, 4305 columns, and 10080 nonzeros.
Reduced MIP has 4293 binaries, 12 generals, 0 SOSs, and 0 indicators.
Presolve time = 0,01 sec. (10,13 ticks)
Probing time = 0,01 sec. (4,63 ticks)
Clique table members: 6233.
MIP emphasis: balance optimality and feasibility.
MIP search method: dynamic search.
Parallel mode: deterministic, using up to 12 threads.
Root relaxation solution time = 0,05 sec. (30,22 ticks)

        Nodes                                         Cuts/
   Node  Left     Objective  IInf  Best Integer    Best Bound    ItCnt     Gap

*     0+    0                       213089,1318  -513072,3220           340,78%
      0     0    75605,9664   135   213089,1318    75605,9664     1799   64,52%
*     0+    0                        78091,8436    75605,9664             3,18%
*     0     0      integral     0    75883,5020       Cuts: 9     1836    0,00%
      0     0        cutoff          75883,5020    75883,5020     1836    0,00%
Elapsed time = 2,79 sec. (1737,05 ticks, tree = 0,01 MB, solutions = 3)

Zero-half cuts applied:  7
Lift and project cuts applied:  1
Gomory fractional cuts applied:  1

Root node processing (before b&c):
  Real time             =    2,91 sec. (1781,71 ticks)
Parallel b&c, 12 threads:
  Real time             =    0,00 sec. (0,00 ticks)
  Sync time (average)   =    0,00 sec.
  Wait time (average)   =    0,00 sec.
                          ------------
Total (root+branch&cut) =    2,91 sec. (1781,71 ticks)

