
Version identifier: 22.1.1.0 | 2022-11-28 | 9160aff4d
CPXPARAM_MultiObjective_Display                  0
CPXPARAM_TimeLimit                               60000
CPXPARAM_WorkMem                                 8192
CPXPARAM_DetTimeLimit                            60000
Tried aggregator 4 times.
MIP Presolve eliminated 19481 rows and 126845 columns.
MIP Presolve modified 16 coefficients.
Aggregator did 308 substitutions.
Reduced MIP has 1137 rows, 3473 columns, and 8122 nonzeros.
Reduced MIP has 3459 binaries, 14 generals, 0 SOSs, and 0 indicators.
Presolve time = 0,11 sec. (88,82 ticks)
Found incumbent of value 93816,732536 after 0,13 sec. (105,32 ticks)
Probing time = 0,01 sec. (3,65 ticks)
Tried aggregator 2 times.
Detecting symmetries...
MIP Presolve modified 6 coefficients.
Aggregator did 7 substitutions.
Reduced MIP has 1130 rows, 3466 columns, and 8108 nonzeros.
Reduced MIP has 3459 binaries, 7 generals, 0 SOSs, and 0 indicators.
Presolve time = 0,01 sec. (8,24 ticks)
Probing time = 0,01 sec. (3,66 ticks)
Clique table members: 4887.
MIP emphasis: balance optimality and feasibility.
MIP search method: dynamic search.
Parallel mode: deterministic, using up to 12 threads.
Root relaxation solution time = 0,06 sec. (49,76 ticks)

        Nodes                                         Cuts/
   Node  Left     Objective  IInf  Best Integer    Best Bound    ItCnt     Gap

*     0+    0                        93816,7325  -374593,1694           499,28%
*     0+    0                        84054,5135  -374593,1694           545,66%
*     0+    0                        84046,4405  -374593,1694           545,70%
*     0+    0                        84038,3675  -374593,1694           545,74%
*     0+    0                        84030,2945  -374593,1694           545,78%
*     0+    0                        84022,3025  -374593,1694           545,83%
*     0+    0                        84015,2825  -374593,1694           545,86%
*     0+    0                        84008,2625  -374593,1694           545,90%
*     0+    0                        84002,3225  -374593,1694           545,93%
*     0+    0                        83996,7065  -374593,1694           545,96%
      0     0    14398,7653   104    83996,7065    14398,7653     1659   82,86%
*     0+    0                        24053,7835    14398,7653            40,14%
*     0+    0                        14415,6082    14398,7653             0,12%
      0     0        cutoff          14415,6082    14415,6082     1679    0,00%
Elapsed time = 0,38 sec. (239,92 ticks, tree = 0,01 MB, solutions = 12)

Zero-half cuts applied:  15
Lift and project cuts applied:  1
Gomory fractional cuts applied:  1

Root node processing (before b&c):
  Real time             =    0,39 sec. (253,06 ticks)
Parallel b&c, 12 threads:
  Real time             =    0,00 sec. (0,00 ticks)
  Sync time (average)   =    0,00 sec.
  Wait time (average)   =    0,00 sec.
                          ------------
Total (root+branch&cut) =    0,39 sec. (253,06 ticks)

