
Version identifier: 22.1.1.0 | 2022-11-28 | 9160aff4d
CPXPARAM_MultiObjective_Display                  0
CPXPARAM_TimeLimit                               60000
CPXPARAM_WorkMem                                 8192
CPXPARAM_DetTimeLimit                            60000
Tried aggregator 3 times.
MIP Presolve eliminated 26155 rows and 133233 columns.
Aggregator did 249 substitutions.
Reduced MIP has 1205 rows, 3284 columns, and 7684 nonzeros.
Reduced MIP has 3269 binaries, 15 generals, 0 SOSs, and 0 indicators.
Presolve time = 0,10 sec. (81,38 ticks)
Found incumbent of value 101721,019924 after 0,12 sec. (101,00 ticks)
Probing time = 0,01 sec. (3,80 ticks)
Tried aggregator 2 times.
Detecting symmetries...
Aggregator did 7 substitutions.
Reduced MIP has 1198 rows, 3277 columns, and 7670 nonzeros.
Reduced MIP has 3269 binaries, 8 generals, 0 SOSs, and 0 indicators.
Presolve time = 0,01 sec. (7,59 ticks)
Probing time = 0,01 sec. (3,79 ticks)
Clique table members: 4824.
MIP emphasis: balance optimality and feasibility.
MIP search method: dynamic search.
Parallel mode: deterministic, using up to 12 threads.
Root relaxation solution time = 0,04 sec. (32,79 ticks)

        Nodes                                         Cuts/
   Node  Left     Objective  IInf  Best Integer    Best Bound    ItCnt     Gap

*     0+    0                       101721,0199  -320257,0000           414,84%
*     0+    0                        83121,8939  -320257,0000           485,29%
*     0+    0                        83112,7679  -320257,0000           485,33%
*     0+    0                        83103,6419  -320257,0000           485,37%
*     0+    0                        83094,5159  -320257,0000           485,41%
*     0+    0                        83085,3899  -320257,0000           485,46%
*     0+    0                        83076,2639  -320257,0000           485,50%
*     0+    0                        83067,1379  -320257,0000           485,54%
*     0+    0                        83058,0119  -320257,0000           485,58%
*     0     0      integral     0    17495,0539    17495,0539     1447    0,00%
Elapsed time = 0,21 sec. (176,36 ticks, tree = 0,00 MB, solutions = 10)

Root node processing (before b&c):
  Real time             =    0,23 sec. (188,29 ticks)
Parallel b&c, 12 threads:
  Real time             =    0,00 sec. (0,00 ticks)
  Sync time (average)   =    0,00 sec.
  Wait time (average)   =    0,00 sec.
                          ------------
Total (root+branch&cut) =    0,23 sec. (188,29 ticks)

