
Version identifier: 22.1.1.0 | 2022-11-28 | 9160aff4d
CPXPARAM_MultiObjective_Display                  0
CPXPARAM_WorkMem                                 8192
CPXPARAM_DetTimeLimit                            2000000
Tried aggregator 3 times.
MIP Presolve eliminated 24158 rows and 131079 columns.
Aggregator did 346 substitutions.
Reduced MIP has 1535 rows, 4981 columns, and 11467 nonzeros.
Reduced MIP has 4966 binaries, 15 generals, 0 SOSs, and 0 indicators.
Presolve time = 0,11 sec. (89,64 ticks)
Found incumbent of value 89735,760000 after 0,14 sec. (112,12 ticks)
Probing time = 0,01 sec. (4,76 ticks)
Tried aggregator 2 times.
Detecting symmetries...
Aggregator did 7 substitutions.
Reduced MIP has 1528 rows, 4974 columns, and 11453 nonzeros.
Reduced MIP has 4966 binaries, 8 generals, 0 SOSs, and 0 indicators.
Presolve time = 0,01 sec. (11,25 ticks)
Probing time = 0,01 sec. (4,73 ticks)
Clique table members: 6857.
MIP emphasis: balance optimality and feasibility.
MIP search method: dynamic search.
Parallel mode: deterministic, using up to 12 threads.
Root relaxation solution time = 0,15 sec. (117,38 ticks)

        Nodes                                         Cuts/
   Node  Left     Objective  IInf  Best Integer    Best Bound    ItCnt     Gap

*     0+    0                        89735,7600  -451315,0000           602,94%
*     0+    0                        82805,8580  -451315,0000           645,03%
*     0+    0                        82798,1360  -451315,0000           645,08%
*     0+    0                        82790,4140  -451315,0000           645,13%
*     0+    0                        82782,6920  -451315,0000           645,18%
*     0+    0                        82774,9700  -451315,0000           645,23%
*     0+    0                        82767,2480  -451315,0000           645,28%
*     0+    0                        82759,5260  -451315,0000           645,33%
*     0+    0                        82751,8040  -451315,0000           645,38%
*     0+    0                        82744,0820  -451315,0000           645,43%
      0     0    12969,1250   350    82744,0820    12969,1250     2793   84,33%
*     0+    0                        13026,0000    12969,1250             0,44%
      0     0        cutoff          13026,0000    13026,0000     2880    0,00%
Elapsed time = 0,64 sec. (478,04 ticks, tree = 0,01 MB, solutions = 11)

Zero-half cuts applied:  34
Lift and project cuts applied:  1
Gomory fractional cuts applied:  3

Root node processing (before b&c):
  Real time             =    0,65 sec. (490,88 ticks)
Parallel b&c, 12 threads:
  Real time             =    0,00 sec. (0,00 ticks)
  Sync time (average)   =    0,00 sec.
  Wait time (average)   =    0,00 sec.
                          ------------
Total (root+branch&cut) =    0,65 sec. (490,88 ticks)

