
Version identifier: 22.1.1.0 | 2022-11-28 | 9160aff4d
CPXPARAM_MultiObjective_Display                  0
CPXPARAM_TimeLimit                               2000000
CPXPARAM_WorkMem                                 8192
CPXPARAM_DetTimeLimit                            2000000
Found incumbent of value 257000,000000 after 0,09 sec. (53,04 ticks)
Tried aggregator 3 times.
MIP Presolve eliminated 124473 rows and 1077805 columns.
Aggregator did 1312 substitutions.
Reduced MIP has 6524 rows, 36555 columns, and 79829 nonzeros.
Reduced MIP has 36523 binaries, 32 generals, 0 SOSs, and 0 indicators.
Presolve time = 0,98 sec. (649,81 ticks)
Tried aggregator 2 times.
Detecting symmetries...
Aggregator did 16 substitutions.
Reduced MIP has 6508 rows, 36539 columns, and 79797 nonzeros.
Reduced MIP has 36523 binaries, 16 generals, 0 SOSs, and 0 indicators.
Presolve time = 0,07 sec. (73,87 ticks)
Probing time = 0,07 sec. (15,68 ticks)
Clique table members: 44347.
MIP emphasis: balance optimality and feasibility.
MIP search method: dynamic search.
Parallel mode: deterministic, using up to 12 threads.
Root relaxation solution time = 0,94 sec. (643,53 ticks)

        Nodes                                         Cuts/
   Node  Left     Objective  IInf  Best Integer    Best Bound    ItCnt     Gap

*     0+    0                       257000,0000 -2190602,0000           952,37%
*     0+    0                       221891,0000 -2190602,0000              --- 
      0     0    20536,0618  3591   221891,0000    20536,0618       43   90,74%
*     0+    0                        65475,0563    20536,0618            68,64%
      0     0    20583,7608  3783    65475,0563      Cuts: 23     1686   68,56%
      0     0    20601,6949  3674    65475,0563  ZeroHalf: 11     2630   68,54%
      0     0    20604,7837  3727    65475,0563  ZeroHalf: 10     3060   68,53%
      0     0    20620,7206  3772    65475,0563       Cuts: 9     3992   68,51%
      0     0    20628,2610  3764    65475,0563   ZeroHalf: 8     4480   68,49%
Detecting symmetries...
      0     0    20649,3601  3786    65475,0563  ZeroHalf: 13     5656   68,46%
      0     0    20660,7763  3825    65475,0563   ZeroHalf: 7     6508   68,44%
      0     0    20663,5576  3798    65475,0563   ZeroHalf: 4     6893   68,44%
      0     0    20664,1767  3840    65475,0563   ZeroHalf: 1     7140   68,44%
      0     0    20670,5788  3821    65475,0563   ZeroHalf: 3     7843   68,43%
      0     0    20679,4830  3836    65475,0563   ZeroHalf: 4     8538   68,42%
      0     0    20685,6247  3788    65475,0563   ZeroHalf: 7     9113   68,41%
      0     0    20693,0322  3895    65475,0563   ZeroHalf: 3     9637   68,40%
      0     0    20693,3333  3893    65475,0563   ZeroHalf: 2     9831   68,40%
Heuristic still looking.
*     0+    0                        25789,8141    20693,3333            19,76%
Detecting symmetries...
      0     2    20693,3333  3893    25789,8141    20693,3333     9831   19,76%
Elapsed time = 74,09 sec. (36126,62 ticks, tree = 0,02 MB, solutions = 3)
      1     3    20695,9386  3886    25789,8141    20693,4469    10147   19,76%
      2     4    20699,6179  3893    25789,8141    20693,4469    10663   19,76%
      3     3    20760,6760  3607    25789,8141    20693,4469    11044   19,76%
      4     5    20735,9474  3590    25789,8141    20693,4469    11797   19,76%
      7     6    20778,4422  3619    25789,8141    20695,9749    13533   19,75%
      8     8    20763,3187  3580    25789,8141    20699,6306    15540   19,74%
     10    10    20794,5518  3598    25789,8141    20711,9269    17558   19,69%
     13    11    20781,8312  3679    25789,8141    20712,0980    19022   19,69%
     15    12    20781,1861  3694    25789,8141    20712,0980    20910   19,69%
     26    15    20790,6188  3652    25789,8141    20735,9548    27379   19,60%
Elapsed time = 98,55 sec. (41248,76 ticks, tree = 0,03 MB, solutions = 3)
     49    29    20872,4731  3125    25789,8141    20741,9245    50525   19,57%
     62    34    20900,5807  3291    25789,8141    20741,9245    58462   19,57%
     78    70    20956,7462  3129    25789,8141    20741,9245    89747   19,57%
     96    67    20930,2846  3128    25789,8141    20741,9245    88029   19,57%
    101    76    20921,2413  2936    25789,8141    20741,9245    95187   19,57%
    110   103    21031,3951  2604    25789,8141    20741,9245   128289   19,57%
    118   109    20993,8276  2955    25789,8141    20741,9245   132343   19,57%
    121   112    21024,2036  2737    25789,8141    20741,9245   135543   19,57%
    127   115    21073,7958  2601    25789,8141    20741,9245   138032   19,57%
    132   121    21137,0614  2532    25789,8141    20741,9245   144156   19,57%
Elapsed time = 187,08 sec. (51746,33 ticks, tree = 2,26 MB, solutions = 3)
    143   129    21224,8751  2527    25789,8141    20741,9245   148521   19,57%
    154   136    21012,9534  2918    25789,8141    20741,9245   152151   19,57%
    167   142    20962,0377  2713    25789,8141    20741,9245   154349   19,57%
    179   143    21105,1611  2709    25789,8141    20741,9245   156044   19,57%
    198   172    21154,0847  2470    25789,8141    20741,9245   174827   19,57%
    216   173    21207,5104  2059    25789,8141    20741,9245   176126   19,57%
    238   214    21075,3906  2588    25789,8141    20741,9245   207490   19,57%
    265   224    21222,4978  2376    25789,8141    20741,9245   213562   19,57%
    293   245    21607,5028  1950    25789,8141    20741,9245   230103   19,57%
    319   286    21781,4382  2015    25789,8141    20741,9245   255360   19,57%
Elapsed time = 249,67 sec. (61949,84 ticks, tree = 7,98 MB, solutions = 3)
    339   262    21720,4486  1951    25789,8141    20741,9245   239330   19,57%
    357   311    21771,0553  2086    25789,8141    20741,9245   269556   19,57%
    374   299    22357,7195  1827    25789,8141    20741,9245   263665   19,57%
    399   373    21283,9806  2572    25789,8141    20741,9245   306729   19,57%
    424   324    22578,3080  1515    25789,8141    20741,9245   277645   19,57%
    461   420    23002,7037  1611    25789,8141    20741,9245   336099   19,57%
    502   430    22535,6854  1294    25789,8141    20741,9245   342469   19,57%
    540   433    23150,1143  1544    25789,8141    20741,9245   338202   19,57%
    589   468    22446,3600  1465    25789,8141    20741,9245   364340   19,57%
    649   451    22206,4474  1347    25789,8141    20741,9245   351278   19,57%
Elapsed time = 322,50 sec. (71657,09 ticks, tree = 16,38 MB, solutions = 3)
*   653   572      integral     0    24104,9709    20741,9245   407750   13,95%
*   665   573      integral     0    24076,9082    20741,9245   407911   13,85%
    719   519    23855,8807  1198    24076,9082    20741,9245   384077   13,85%
    771   524    24190,9062  1144    24076,9082    20741,9245   386059   13,85%
    834   755    23347,3116  1001    24076,9082    20741,9245   474219   13,85%
*   856   738      integral     0    23750,9484    20741,9245   468443   12,67%
*   877   736      integral     0    23717,3246    20741,9245   475765   12,55%
    894   764    23916,4370  1048    23717,3246    20741,9245   476393   12,55%
    941   630    23032,1046  1653    23717,3246    20741,9245   431346   12,55%
    966   800    23671,6346  1262    23717,3246    20741,9245   503888   12,55%
    982   788    20818,7562  3712    23717,3246    20768,3623   497426   12,43%
   1007   844    21165,5915  2829    23717,3246    20768,3623   533718   12,43%
   1024   849    21149,8921  2796    23717,3246    20768,3623   541241   12,43%
Elapsed time = 393,22 sec. (80708,59 ticks, tree = 43,07 MB, solutions = 9)
   1037   879    20965,8748  3064    23717,3246    20803,4547   577223   12,29%
   1054   880    21083,1441  2869    23717,3246    20803,4547   578613   12,29%
   1067   877    21071,1687  2714    23717,3246    20803,4547   574531   12,29%
   1079   862    21092,6870  2508    23717,3246    20803,4547   559806   12,29%
   1095   893    21519,7979  2164    23717,3246    20803,4547   586156   12,29%
   1115   927    21497,4352  2058    23717,3246    20803,4547   624153   12,29%
   1132   935    21160,5842  2371    23717,3246    20803,4547   632042   12,29%
   1153   920    21529,8396  1897    23717,3246    20803,4547   616327   12,29%
   1177   932    21632,1958  2033    23717,3246    20803,4547   628504   12,29%
   1201   963    21555,5687  2198    23717,3246    20803,4547   656496   12,29%
Elapsed time = 462,91 sec. (90566,73 ticks, tree = 47,88 MB, solutions = 9)
   1223  1040    21982,8091  1743    23717,3246    20803,4547   720844   12,29%
   1257  1051    21474,8148  1764    23717,3246    20803,4547   728508   12,29%
   1296  1073    22145,2829  1688    23717,3246    20803,4547   741427   12,29%
   1324  1067    21806,9075  2036    23717,3246    20803,4547   737924   12,29%
   1360  1036    21486,4997  1697    23717,3246    20803,4547   718597   12,29%
   1403  1134    22588,1033  1341    23717,3246    20803,4547   772880   12,29%
   1456  1092    22000,1567  1909    23717,3246    20803,4547   754747   12,29%
   1499  1090    23188,1026  1242    23717,3246    20803,4547   749565   12,29%
   1551  1210        cutoff          23717,3246    20803,4547   818929   12,29%
   1588  1210    20856,5439  3406    23717,3246    20803,4547   820270   12,29%
Elapsed time = 537,75 sec. (100404,42 ticks, tree = 62,64 MB, solutions = 9)
   1616  1239    23600,6287  1384    23717,3246    20803,4547   838110   12,29%
   1651  1229    23348,2084  1477    23717,3246    20803,4547   831931   12,29%
   1681  1413        cutoff          23717,3246    20803,4547   928092   12,29%
   1706  1401    23407,0494  1239    23717,3246    20803,4547   920393   12,29%
   1741  1474    23315,0619  1598    23717,3246    20803,4547   967143   12,29%
   1768  1508    23114,1996  1334    23717,3246    20803,4547   983057   12,29%
   1802  1485    21268,9884  2338    23717,3246    20816,4090   974611   12,23%
   1834  1523        cutoff          23717,3246    20816,4090   987322   12,23%
   1849  1524    21602,6777  2732    23717,3246    20816,5523   998524   12,23%
   1868  1493    21479,8505  2253    23717,3246    20816,5523   978556   12,23%
Elapsed time = 613,00 sec. (110233,90 ticks, tree = 83,26 MB, solutions = 9)
   1891  1599    21276,8058  2778    23717,3246    20816,5523  1047952   12,23%
   1922  1579    21095,2501  3160    23717,3246    20832,8068  1035982   12,16%
   1946  1583    21112,3478  3157    23717,3246    20832,8068  1037213   12,16%
   1967  1574    21288,7047  2662    23717,3246    20832,8068  1029792   12,16%
   1991  1607    21468,5889  2620    23717,3246    20832,8068  1052840   12,16%
   2014  1661    22163,6420  1778    23717,3246    20832,8068  1078674   12,16%
   2035  1634    22603,0883  2254    23717,3246    20832,8068  1065506   12,16%
   2055  1711    21347,0851  2943    23717,3246    20832,8068  1115708   12,16%
   2086  1794    23308,5268  1529    23717,3246    20832,8068  1162490   12,16%
   2124  1709    22776,2722  1535    23717,3246    20832,8068  1113645   12,16%
Elapsed time = 685,30 sec. (120178,21 ticks, tree = 97,12 MB, solutions = 9)
   2159  1839    23195,2195  1533    23717,3246    20832,8068  1189847   12,16%
   2190  1828    23562,9360  2205    23717,3246    20832,8068  1182117   12,16%
   2228  1787    21342,0303  2623    23717,3246    20832,8068  1157661   12,16%
   2257  1816    21866,0638  2393    23717,3246    20832,8068  1174947   12,16%
   2278  1881    22322,9576  2334    23717,3246    20833,6897  1208039   12,16%
   2293  1952    22077,8392  2551    23717,3246    20833,6897  1252754   12,16%
   2314  1799    20927,9323  2967    23717,3246    20833,6897  1167061   12,16%
   2339  1983    22300,1576  2362    23717,3246    20833,9989  1271462   12,16%
   2360  2038    21880,5756  2391    23717,3246    20833,9989  1309461   12,16%
   2463  2001    22545,8162  2745    23717,3246    20833,9989  1288247   12,16%
Elapsed time = 779,82 sec. (132767,12 ticks, tree = 116,73 MB, solutions = 9)
   2563  2145    22807,6043  2459    23717,3246    20833,9989  1367777   12,16%
   2679  2220        cutoff          23717,3246    20834,5225  1416770   12,15%
   2765  2326    21858,4899  2159    23717,3246    20834,5225  1475426   12,15%
   2860  2502    21407,7272  2523    23717,3246    20836,6708  1574775   12,15%
   2979  2512    21611,1880  2677    23717,3246    20836,6708  1579729   12,15%
   3092  2568    21041,6899  3111    23717,3246    20836,6708  1615734   12,15%
   3196  2722    21032,6939  2638    23717,3246    20836,6708  1700492   12,15%
   3300  2906    21484,6412  2431    23717,3246    20846,2904  1800025   12,11%
   3411  2954    22475,0925  2830    23717,3246    20846,8050  1830546   12,10%
   3519  3006    22847,4575  2197    23717,3246    20846,8050  1859864   12,10%
Elapsed time = 1062,52 sec. (171204,15 ticks, tree = 184,01 MB, solutions = 9)
   3641  3211    22823,8425  2725    23717,3246    20847,9385  1977878   12,10%
   3738  3149    22249,4188  1925    23717,3246    20847,9385  1944427   12,10%
   3831  3353    21184,2780  2482    23717,3246    20847,9385  2063912   12,10%
   3893  3362    21461,3906  2321    23717,3246    20847,9385  2069111   12,10%

Performing restart 1

Repeating presolve.
Tried aggregator 1 time.
MIP Presolve eliminated 16 rows and 300 columns.
Reduced MIP has 6492 rows, 36239 columns, and 79175 nonzeros.
Reduced MIP has 36223 binaries, 16 generals, 0 SOSs, and 0 indicators.
Presolve time = 0,05 sec. (47,99 ticks)
Tried aggregator 1 time.
Reduced MIP has 6492 rows, 36239 columns, and 79175 nonzeros.
Reduced MIP has 36223 binaries, 16 generals, 0 SOSs, and 0 indicators.
Presolve time = 0,07 sec. (59,55 ticks)
Represolve time = 1,47 sec. (1068,15 ticks)
   3898     0    20710,1220  3900    23717,3246   ZeroHalf: 6  2208264   12,10%
   3898     0    20717,5227  3918    23717,3246      Cuts: 11  2208923   12,10%
   3898     0    20719,9246  4009    23717,3246   ZeroHalf: 8  2209338   12,10%
   3898     0    20725,9114  4063    23717,3246       Cuts: 8  2209948   12,10%
   3898     2    20725,9114  4063    23717,3246    20847,9385  2209948   12,10%
   3900     3    20887,9264  3959    23717,3246    20847,9385  2214367   12,10%
   3911    12    20994,4188  3711    23717,3246    20847,9385  2226414   12,10%
   3927    12    21372,2384  3362    23717,3246    20847,9385  2229145   12,10%
   3938    25    22150,0254  3578    23717,3246    20847,9385  2269676   12,10%
   3955    37    21253,6751  3745    23717,3246    20847,9385  2342855   12,10%
Elapsed time = 1434,78 sec. (284937,81 ticks, tree = 0,74 MB, solutions = 9)
   3973    69    21064,4138  3490    23717,3246    20847,9385  2467531   12,10%
   3998    74    21513,5401  3493    23717,3246    20847,9385  2501504   12,10%
   4023    93    21738,9490  3313    23717,3246    20847,9385  2537783   12,10%
   4046   131    20862,1280  3875    23717,3246    20847,9385  2604940   12,10%
   4082   144    21668,8470  3400    23717,3246    20847,9385  2618068   12,10%
   4122   146    21958,6818  3132    23717,3246    20847,9385  2621574   12,10%
   4150   220    23049,0830  2754    23717,3246    20847,9385  2728357   12,10%
   4171   252    21828,5575  3376    23717,3246    20847,9385  2774252   12,10%
   4209   258    22471,5884  3715    23717,3246    20847,9385  2790349   12,10%
   4251   289    22552,6308  3482    23717,3246    20847,9385  2825917   12,10%
Elapsed time = 1708,08 sec. (323833,15 ticks, tree = 5,32 MB, solutions = 9)
   4296   314    21907,2861  3368    23717,3246    20847,9385  2853156   12,10%
   4353   340    22013,3724  3333    23717,3246    20847,9385  2900011   12,10%
   4404   396    21914,3843  3484    23717,3246    20847,9385  2967815   12,10%
   4504   472    22046,5626  3561    23717,3246    20847,9385  3059319   12,10%
   4543   459    23517,6352  3427    23717,3246    20847,9385  3038083   12,10%
   4594   495    23470,1943  2472    23717,3246    20847,9385  3080966   12,10%
   4665   520    21914,0085  3664    23717,3246    20847,9385  3136475   12,10%
   4712   584        cutoff          23717,3246    20847,9385  3190127   12,10%
   4754   619    21575,0815  3323    23717,3246    20847,9385  3250085   12,10%
   4792   696    21170,7465  3036    23717,3246    20847,9385  3365169   12,10%
Elapsed time = 1990,18 sec. (362710,70 ticks, tree = 24,54 MB, solutions = 9)
   4825   680    21702,0074  3470    23717,3246    20847,9385  3337412   12,10%
   4848   723    21856,3580  3578    23717,3246    20847,9385  3397299   12,10%
   4876   804    22015,6095  3536    23717,3246    20847,9385  3525252   12,10%
   4903   800    22904,5877  3088    23717,3246    20847,9385  3505379   12,10%
   4944   837    23560,0374  2847    23717,3246    20847,9385  3556519   12,10%
   4997   842    22147,1000  3541    23717,3246    20847,9385  3566138   12,10%
   5048   927    22426,7378  3077    23717,3246    20847,9385  3683464   12,10%
   5102   894    22684,5822  3325    23717,3246    20847,9385  3656248   12,10%
   5138  1016    22392,6835  2939    23717,3246    20847,9385  3799968   12,10%
   5210  1030    23292,7461  2988    23717,3246    20847,9385  3821424   12,10%
Elapsed time = 2269,37 sec. (401790,64 ticks, tree = 44,09 MB, solutions = 9)
   5262  1053    23452,4226  2149    23717,3246    20847,9385  3846290   12,10%
   5317  1109    22937,5238  3166    23717,3246    20847,9385  3925153   12,10%
   5386  1160    21059,1961  3723    23717,3246    20847,9385  3979048   12,10%
   5437  1210    23662,2331  2470    23717,3246    20847,9385  4044456   12,10%
   5494  1237    23654,7480  3050    23717,3246    20847,9385  4092342   12,10%
   5568  1305    23037,1542  2140    23717,3246    20847,9385  4163119   12,10%
   5638  1243        cutoff          23717,3246    20847,9385  4100670   12,10%
   5730  1367    22812,8303  3706    23717,3246    20847,9385  4242264   12,10%
   5876  1400    22269,5491  3478    23717,3246    20847,9385  4279937   12,10%
   5984  1533    22352,5769  1879    23717,3246    20847,9385  4409926   12,10%
Elapsed time = 2541,17 sec. (440288,72 ticks, tree = 77,00 MB, solutions = 9)
   6102  1542    22125,9728  2876    23717,3246    20847,9385  4429772   12,10%
   6176  1682    23615,9640  2069    23717,3246    20847,9385  4526660   12,10%
   6287  1789    23667,4035  1768    23717,3246    20847,9385  4603285   12,10%
   6348  1706    22562,9682  3294    23717,3246    20847,9385  4577224   12,10%
   6406  1875    23268,2119  3310    23717,3246    20847,9385  4709890   12,10%
   6463  2005    22513,6748  2125    23717,3246    20847,9385  4818824   12,10%
   6522  2025    22698,9919  2971    23717,3246    20847,9385  4853867   12,10%
   6609  2056        cutoff          23717,3246    20847,9385  4831368   12,10%
   6653  2030    23102,9975  3307    23717,3246    20847,9385  4860826   12,10%
   6695  2187    23225,4579  3261    23717,3246    20847,9385  5011600   12,10%
Elapsed time = 2823,38 sec. (479040,94 ticks, tree = 120,18 MB, solutions = 9)
   6734  2180    22835,6577  3456    23717,3246    20847,9385  5003919   12,10%
   6771  2207    22279,0043  2945    23717,3246    20847,9385  5035411   12,10%
   6807  2351    23556,6578  1937    23717,3246    20847,9385  5210179   12,10%
   6870  2287    22030,2765  3460    23717,3246    20847,9385  5147008   12,10%
   6910  2301    22484,1494  3112    23717,3246    20847,9385  5177753   12,10%
   6968  2407    22687,1840  1875    23717,3246    20847,9385  5276063   12,10%
   7055  2466    22176,5771  3495    23717,3246    20847,9385  5346150   12,10%
   7202  2472    22772,8840  2597    23717,3246    20847,9385  5342631   12,10%
   7296  2698        cutoff          23717,3246    20847,9385  5510767   12,10%
   7421  2739    23579,3322  1723    23717,3246    20847,9385  5499761   12,10%
Elapsed time = 3092,63 sec. (517816,71 ticks, tree = 156,95 MB, solutions = 9)
   7511  2740    23251,7611  3400    23717,3246    20847,9385  5549786   12,10%
   7603  2768    23117,3585  1927    23717,3246    20847,9385  5570412   12,10%
   7652  2789    21905,2588  3575    23717,3246    20847,9385  5613784   12,10%
   7709  2850    22347,1552  3101    23717,3246    20847,9385  5681073   12,10%
   7752  3080    22361,0373  2561    23717,3246    20975,3892  5844505   11,56%
   7803  3068    22324,7216  3293    23717,3246    20975,3892  5821387   11,56%
   7843  3135    21208,7200  3689    23717,3246    20975,3892  5905288   11,56%
   7904  3188    23018,4269  2219    23717,3246    21055,4462  5971789   11,22%
   7968  3226    23173,7596  2260    23717,3246    21055,4462  6023991   11,22%
   8046  3284    22608,3089  2598    23717,3246    21055,4462  6116178   11,22%
Elapsed time = 3370,41 sec. (556691,32 ticks, tree = 193,02 MB, solutions = 9)
   8142  3293    22802,6816  2557    23717,3246    21055,4462  6121293   11,22%
   8229  3303    23076,1876  2017    23717,3246    21055,4462  6126057   11,22%
   8300  3340    23236,2062  2924    23717,3246    21055,4462  6159729   11,22%
   8370  3385    23357,1720  1855    23717,3246    21055,4462  6196934   11,22%
   8483  3698    23538,1308  1489    23717,3246    21055,4462  6438595   11,22%
   8620  3549    22922,0805  3415    23717,3246    21055,4462  6336078   11,22%
   8680  3754    23487,1524  1031    23717,3246    21055,4462  6494889   11,22%
   8728  3823    23560,1648  1249    23717,3246    21055,4462  6583400   11,22%
   8796  3848    23663,1026   809    23717,3246    21111,3235  6587179   10,99%
   8836  3783    22480,9959  2647    23717,3246    21111,3235  6548921   10,99%
Elapsed time = 3660,70 sec. (595344,77 ticks, tree = 225,82 MB, solutions = 9)
   8872  3893    22098,7411  3777    23717,3246    21194,2328  6621785   10,64%
   8918  4031    23227,6901  1648    23717,3246    21194,2328  6737922   10,64%
   8983  4072    22314,8034  3406    23717,3246    21194,2328  6791511   10,64%
   9036  4116    23363,4522  2891    23717,3246    21194,2328  6875003   10,64%
   9094  4093    22591,2129  3351    23717,3246    21194,2328  6846221   10,64%
   9152  4247    22312,7749  3409    23717,3246    21194,2328  6985670   10,64%
   9207  4226    21627,3371  3723    23717,3246    21201,7955  6940541   10,61%
   9279  4313    23513,5745  1988    23717,3246    21201,7955  7056429   10,61%
   9346  4249    23609,0150  2931    23717,3246    21212,4111  6976355   10,56%
   9418  4325    23696,0078  2035    23717,3246    21212,4111  7053370   10,56%
Elapsed time = 3912,98 sec. (633929,09 ticks, tree = 251,15 MB, solutions = 9)
   9495  4376    22284,2577  2625    23717,3246    21212,4111  7155221   10,56%
   9566  4565    23555,6644  1257    23717,3246    21213,2658  7284963   10,56%
   9646  4554    21940,3265  3464    23717,3246    21213,5352  7303844   10,56%
   9732  4557    22123,5175  3452    23717,3246    21213,5352  7308396   10,56%
   9843  4712    23094,5536  2561    23717,3246    21213,5352  7428896   10,56%
   9954  4722    23293,5971  2135    23717,3246    21213,5352  7435089   10,56%
  10038  4790    23318,3593  1917    23717,3246    21244,0774  7499368   10,43%
  10126  4900    22139,0009  3572    23717,3246    21248,3345  7597858   10,41%
  10181  4904    23280,2613  2761    23717,3246    21248,3345  7588341   10,41%
  10237  5149    23282,4097  2543    23717,3246    21248,3345  7732313   10,41%
Elapsed time = 4178,62 sec. (672511,72 ticks, tree = 300,87 MB, solutions = 9)
  10273  5154        cutoff          23717,3246    21248,3345  7738089   10,41%
  10311  5299    23090,7013  3688    23717,3246    21248,3345  7880452   10,41%
  10356  5261    21882,4485  3293    23717,3246    21248,3345  7799516   10,41%
  10408  5276    23677,7222  3348    23717,3246    21248,3345  7838374   10,41%
  10465  5455    23672,7252  2775    23717,3246    21248,3345  8101685   10,41%
  10534  5360    22629,6640  2375    23717,3246    21248,3345  7977614   10,41%
  10605  5481    22549,0200  3172    23717,3246    21253,9704  8132986   10,39%
  10699  5537    23167,7155  1192    23717,3246    21253,9704  8187316   10,39%
  10771  5492    23715,4768  3022    23717,3246    21253,9704  8143689   10,39%
  10809  5571    22959,6756  2821    23717,3246    21253,9704  8243793   10,39%
Elapsed time = 4470,23 sec. (710985,95 ticks, tree = 319,76 MB, solutions = 9)
  10855  5688    22262,9008  2637    23717,3246    21277,0601  8341364   10,29%
  10885  5758    22415,3300  2340    23717,3246    21277,0601  8418436   10,29%
  10913  5841    22479,6595  3118    23717,3246    21277,0601  8490710   10,29%
  10969  5884    22574,1331  1886    23717,3246    21277,0601  8545703   10,29%
  11020  5891    22948,6139  1732    23717,3246    21293,7651  8551404   10,22%
  11096  5883    21552,6639  3434    23717,3246    21293,7651  8549725   10,22%
  11147  5947    22641,1477  2725    23717,3246    21293,8424  8645680   10,22%
  11207  5932    23041,0157  1078    23717,3246    21293,8424  8595642   10,22%
  11283  6128    23264,1038   394    23717,3246    21293,8424  8791647   10,22%
  11343  6078    23424,2508  3832    23717,3246    21293,8424  8773327   10,22%
Elapsed time = 4722,91 sec. (750411,60 ticks, tree = 350,95 MB, solutions = 9)
  11383  6162        cutoff          23717,3246    21293,8424  8840691   10,22%
  11437  6172    23599,0994  1968    23717,3246    21293,8424  8848088   10,22%
  11502  6235    23423,2252  2223    23717,3246    21293,8424  8938922   10,22%
  11585  6208    22083,4333  3517    23717,3246    21299,3338  8898577   10,20%
  11642  6373    22312,0811  3619    23717,3246    21315,0414  9145034   10,13%
  11694  6274    22768,4108  2560    23717,3246    21315,0414  9021597   10,13%
  11742  6284    23072,7848  2060    23717,3246    21315,0414  9027379   10,13%
  11802  6410    21856,4122  3617    23717,3246    21315,0414  9181530   10,13%
  11860  6552    23162,9285  1805    23717,3246    21315,0414  9313604   10,13%
  11931  6675    23345,5400  1727    23717,3246    21315,0414  9452619   10,13%
Elapsed time = 4993,29 sec. (789128,21 ticks, tree = 368,49 MB, solutions = 9)
  11996  6593    22937,1997  3387    23717,3246    21315,0414  9379344   10,13%
  12065  6570    22892,1180  3527    23717,3246    21337,4252  9348484   10,03%
  12123  6615    23285,3111  2536    23717,3246    21337,4252  9390293   10,03%
  12174  6882        cutoff          23717,3246    21341,6694  9677275   10,02%
  12217  6894    23470,2329  3598    23717,3246    21341,6694  9705432   10,02%
  12265  6928    23015,3405  2419    23717,3246    21350,1273  9732145    9,98%
  12319  6994    22289,4844  3027    23717,3246    21350,1273  9794347    9,98%
  12389  6952        cutoff          23717,3246    21350,1273  9744745    9,98%
  12463  7038    23456,5099  2175    23717,3246    21365,2828  9838999    9,92%
  12508  7073    23292,9410  3714    23717,3246    21365,2828  9919974    9,92%
Elapsed time = 5264,24 sec. (827949,64 ticks, tree = 389,17 MB, solutions = 9)
  12550  7046    23241,5706  3221    23717,3246    21369,3122  9866184    9,90%
  12591  7099    22800,0946  3541    23717,3246    21372,3813  9971641    9,89%
  12639  7181    23578,3082  1277    23717,3246    21381,3420 10042010    9,85%
  12693  7191    23511,6504  1124    23717,3246    21381,3420 10049316    9,85%
  12775  7318    23053,8365  2356    23717,3246    21381,3420 10178291    9,85%
  12842  7363    22996,5357  2168    23717,3246    21381,3420 10246549    9,85%
  12909  7360    22233,3850  3407    23717,3246    21381,3420 10236361    9,85%
  12959  7391    23628,0767  1501    23717,3246    21382,3272 10258308    9,85%
  13006  7442    22327,8749  3378    23717,3246    21382,3272 10354051    9,85%
  13041  7592    23373,4292  3311    23717,3246    21383,4674 10534322    9,84%
Elapsed time = 5537,53 sec. (866968,77 ticks, tree = 407,35 MB, solutions = 9)
  13068  7471    22760,5738  3286    23717,3246    21383,4674 10411529    9,84%
  13108  7606    23135,0439  2946    23717,3246    21397,9373 10563023    9,78%
  13155  7598    22643,9644  2910    23717,3246    21399,1325 10528736    9,77%
  13199  7690    22772,2506  2600    23717,3246    21399,1325 10617668    9,77%
  13234  7732    23303,6553  2147    23717,3246    21399,1325 10698116    9,77%
  13288  7716    23654,4744  2249    23717,3246    21399,1325 10672003    9,77%
  13352  7804    22903,7130  3371    23717,3246    21399,1325 10825432    9,77%
  13394  7823    22430,6522  2994    23717,3246    21399,1325 10873711    9,77%
  13419  7961    22823,4524  2807    23717,3246    21399,1325 11035592    9,77%
  13458  7947    23272,2036  1765    23717,3246    21399,1325 11002317    9,77%
Elapsed time = 5839,04 sec. (905625,56 ticks, tree = 420,71 MB, solutions = 9)
  13512  7905    22373,4744  3685    23717,3246    21399,1325 10980520    9,77%
  13545  7992    21726,1784  3744    23717,3246    21400,1110 11080054    9,77%
  13575  7981    23064,6327  1831    23717,3246    21400,1110 11070551    9,77%
  13612  8030    22905,4169  2853    23717,3246    21400,1110 11111103    9,77%
  13665  8093        cutoff          23717,3246    21412,8437 11204627    9,72%
  13754  8125    22022,4332  3797    23717,3246    21412,8437 11241917    9,72%
  13797  8146    23266,0490  2703    23717,3246    21412,8437 11266246    9,72%
  13877  8108    23154,6024  2459    23717,3246    21412,8437 11230581    9,72%
  13960  8319    21974,2994  3364    23717,3246    21412,8437 11472788    9,72%
  14059  8310    23486,4221  1580    23717,3246    21412,8437 11407250    9,72%
Elapsed time = 6080,82 sec. (944627,14 ticks, tree = 445,10 MB, solutions = 9)
  14159  8464    23434,3495  2380    23717,3246    21412,8437 11601657    9,72%
  14227  8343    23347,0574  1920    23717,3246    21422,3515 11444733    9,68%
  14315  8339    23430,6014  2864    23717,3246    21422,3515 11517680    9,68%
  14383  8477    22558,9631  3504    23717,3246    21439,5609 11636986    9,60%
  14446  8743    22624,8936  1976    23717,3246    21439,5609 11768856    9,60%
  14502  8783    22876,6316  3726    23717,3246    21439,7870 11822472    9,60%
  14568  8530    23468,2415  1693    23717,3246    21439,7870 11675471    9,60%
  14629  8795    22910,9760  3246    23717,3246    21439,7870 11803755    9,60%
  14678  8824    22671,2514  2578    23717,3246    21439,7870 11899204    9,60%
  14740  8891    23708,2976  2376    23717,3246    21446,6901 11950561    9,57%
Elapsed time = 6348,58 sec. (983284,50 ticks, tree = 482,86 MB, solutions = 9)
  14790  9065    22157,4209  3686    23717,3246    21446,6901 12105358    9,57%
  14849  9159        cutoff          23717,3246    21446,6901 12200066    9,57%
  14912  9053    22825,0434  1809    23717,3246    21446,7068 12088373    9,57%
  14952  8993    23705,0049  2564    23717,3246    21451,8165 12067449    9,55%
  15010  9218    23273,5654  2265    23717,3246    21451,8165 12282491    9,55%
  15088  9312    23659,4414  1609    23717,3246    21451,8165 12331159    9,55%
  15131  9280    23482,3354  2927    23717,3246    21451,8165 12355563    9,55%
  15171  9354    23540,4970  2870    23717,3246    21451,8165 12469169    9,55%
  15217  9323    22485,3248  2539    23717,3246    21451,8165 12443819    9,55%
  15282  9307    23413,1056  2699    23717,3246    21451,8165 12418755    9,55%
Elapsed time = 6626,56 sec. (1022516,36 ticks, tree = 502,28 MB, solutions = 9)
  15347  9434    23497,9361  2036    23717,3246    21451,8165 12570856    9,55%
  15419  9525    23246,1115  2771    23717,3246    21451,8165 12647813    9,55%
  15500  9636    23500,9141  1802    23717,3246    21451,8165 12756551    9,55%
  15549  9471    23688,7266  2357    23717,3246    21471,1473 12634337    9,47%
  15588  9638    22913,9439  3469    23717,3246    21471,1473 12822081    9,47%
  15634  9731    22459,4609  3408    23717,3246    21471,1473 12898009    9,47%
  15693  9692    22709,8836  2969    23717,3246    21471,1473 12855326    9,47%
  15784  9736    23595,2223  1847    23717,3246    21481,9236 12889270    9,43%
  15897  9892    23118,6284  3192    23717,3246    21484,5217 13085432    9,41%
  15954 10026    22203,8758  2985    23717,3246    21484,5217 13203214    9,41%
Elapsed time = 6906,19 sec. (1061223,04 ticks, tree = 534,46 MB, solutions = 9)
  16016  9863    23594,6190  2196    23717,3246    21484,5217 13047301    9,41%
  16078 10067    23624,6669  2837    23717,3246    21484,5217 13251381    9,41%
  16122 10203    22074,2761  3821    23717,3246    21492,4490 13390041    9,38%
  16168 10087    22820,7382  2574    23717,3246    21492,4490 13302218    9,38%
  16210 10112    22849,1643  3360    23717,3246    21495,8882 13336768    9,37%
  16248 10262    23594,0023  2815    23717,3246    21496,6337 13458449    9,36%
  16310 10358    23637,8166  1321    23717,3246    21509,9620 13514428    9,31%
  16352 10114    22976,4114  3247    23717,3246    21509,9620 13340142    9,31%
  16397 10405    22773,7521  2524    23717,3246    21518,3173 13576470    9,27%
  16454 10515    22730,3142  2203    23717,3246    21518,3173 13697520    9,27%
Elapsed time = 7200,67 sec. (1100407,25 ticks, tree = 567,81 MB, solutions = 9)
  16557 10433    23359,1734  1869    23717,3246    21518,3173 13587808    9,27%
  16640 10514    23655,6712  2524    23717,3246    21518,3173 13666797    9,27%
  16713 10668    22855,2730  2149    23717,3246    21518,3173 13824649    9,27%
  16766 10690    23247,6836  1546    23717,3246    21518,3173 13830442    9,27%
  16815 10734    22235,6186  3219    23717,3246    21519,3326 13885471    9,27%
  16846 10872    22142,2717  3413    23717,3246    21519,3326 14010697    9,27%
  16898 10912    22983,3291  3323    23717,3246    21519,3326 14092112    9,27%
  16971 10999    22372,8167  1955    23717,3246    21519,3326 14148844    9,27%
  17037 10852    23576,3554  2794    23717,3246    21519,3326 13967049    9,27%
  17118 10985    23605,8786  1114    23717,3246    21542,1681 14136904    9,17%
Elapsed time = 7452,85 sec. (1139507,52 ticks, tree = 600,75 MB, solutions = 9)
  17176 10888        cutoff          23717,3246    21544,2801 14035644    9,16%
  17212 10927    23508,0931  2387    23717,3246    21549,3463 14116055    9,14%
  17246 11113    22604,2940  3156    23717,3246    21549,4299 14314417    9,14%
  17277 11026    23179,4610  3481    23717,3246    21549,4299 14198567    9,14%
  17323 11105    23012,5529  3727    23717,3246    21549,4299 14292967    9,14%
  17377 11336    22838,7417  3314    23717,3246    21549,4299 14524889    9,14%
  17439 11343    23290,0822  3100    23717,3246    21549,4299 14529874    9,14%
  17493 11177    22788,5069  2278    23717,3246    21549,4299 14391780    9,14%
  17544 11523    22680,4029  2816    23717,3246    21557,0418 14793928    9,11%
  17587 11362    23505,6297  2599    23717,3246    21557,0418 14570725    9,11%
Elapsed time = 7724,89 sec. (1178249,14 ticks, tree = 625,59 MB, solutions = 9)
  17641 11385    23044,3384  3711    23717,3246    21557,0418 14630900    9,11%
  17704 11532    23260,7158  3520    23717,3246    21557,0418 14824780    9,11%
  17757 11490    22043,1543  3525    23717,3246    21563,4399 14732545    9,08%
  17804 11586    23266,8498  3536    23717,3246    21564,4693 14877083    9,08%
  17837 11693    23442,7469  2513    23717,3246    21569,1566 15027402    9,06%
  17875 11668    23523,7608  3470    23717,3246    21569,1566 14999838    9,06%
  17921 11615    22414,6623  2860    23717,3246    21569,1566 14916848    9,06%
  17967 11675        cutoff          23717,3246    21569,1566 15011975    9,06%
  18016 11743    23638,9531  1797    23717,3246    21569,1566 15113079    9,06%
  18071 11884    22722,6725  2399    23717,3246    21570,2799 15305160    9,05%
Elapsed time = 7994,69 sec. (1217041,95 ticks, tree = 643,69 MB, solutions = 9)
  18129 11887    23188,8279  1793    23717,3246    21570,2799 15287549    9,05%
  18195 11929    23321,6144  2565    23717,3246    21570,2799 15374015    9,05%
  18294 11904    23498,4132  1607    23717,3246    21580,6582 15323596    9,01%
  18357 12042    23217,2111  3030    23717,3246    21580,6582 15544816    9,01%
  18392 11916    22868,9683  3519    23717,3246    21580,6582 15335563    9,01%
  18443 12015    22929,2247  2528    23717,3246    21591,6711 15489672    8,96%
  18482 12200    23283,7097  3346    23717,3246    21591,6711 15677067    8,96%
  18525 12204    23487,2628  3047    23717,3246    21591,6711 15682763    8,96%
  18577 12366    22374,2470  3863    23717,3246    21591,6711 15902155    8,96%
  18639 12324    22868,7714  1987    23717,3246    21591,6711 15849118    8,96%
Elapsed time = 8277,45 sec. (1255887,75 ticks, tree = 672,13 MB, solutions = 9)
  18710 12334    23231,0149  2221    23717,3246    21593,2966 15854989    8,96%
  18751 12243    22496,5498  2657    23717,3246    21596,6691 15731836    8,94%
  18799 12442    22375,0992  3570    23717,3246    21596,6691 16015886    8,94%
  18850 12410    23157,9547  2827    23717,3246    21596,6691 15954958    8,94%
  18898 12527    23331,0385  3606    23717,3246    21597,6455 16163222    8,94%
  18967 12416    23119,8425  2705    23717,3246    21611,7757 15993506    8,88%
  19034 12722    23700,5256  1928    23717,3246    21611,7757 16337578    8,88%
  19117 12673    23705,6000  1652    23717,3246    21611,7757 16243987    8,88%
  19158 12811    22302,6697  3664    23717,3246    21611,7757 16434774    8,88%
  19214 12778    23362,8135  2327    23717,3246    21611,8529 16400008    8,88%
Elapsed time = 8588,03 sec. (1294816,06 ticks, tree = 680,78 MB, solutions = 9)
  19261 12550    22822,3969  2708    23717,3246    21611,8529 16191016    8,88%
  19300 12959    23368,9109  2246    23717,3246    21611,8529 16591119    8,88%
  19337 12849    22983,2048  2108    23717,3246    21611,8529 16477158    8,88%
  19369 12786    23559,3449  3494    23717,3246    21611,8529 16419603    8,88%
  19413 12876    23626,8928  2051    23717,3246    21613,9203 16488676    8,87%
  19463 13048        cutoff          23717,3246    21613,9203 16700105    8,87%
  19481 12876    23200,1057  3217    23717,3246    21621,1056 16514949    8,84%
  19510 13175    23427,5689  3026    23717,3246    21621,1056 16848839    8,84%
  19550 13082    22211,4493  4081    23717,3246    21621,1056 16751590    8,84%
  19585 13113    22838,0712  3008    23717,3246    21627,8998 16803787    8,81%
Elapsed time = 8886,62 sec. (1333986,17 ticks, tree = 703,29 MB, solutions = 9)
  19622 13117    23152,0373  2828    23717,3246    21627,8998 16808682    8,81%
  19675 13270    22071,8317  3907    23717,3246    21627,8998 16976258    8,81%
  19752 13243    22988,8194  2224    23717,3246    21627,8998 16906890    8,81%
  19795 13289    22902,6413  3210    23717,3246    21627,8998 17007961    8,81%
  19858 13288    23507,8540  1936    23717,3246    21628,9539 16919314    8,81%
  19938 13292        cutoff          23717,3246    21630,4745 17018342    8,80%
  19979 13295        cutoff          23717,3246    21630,4745 17023655    8,80%
  20029 13600    23261,3994  3441    23717,3246    21636,8872 17292881    8,77%
  20071 13304    21951,5370  3918    23717,3246    21639,6372 17040559    8,76%
  20119 13614    23639,9356  2885    23717,3246    21639,6372 17304513    8,76%
Elapsed time = 9125,48 sec. (1372900,89 ticks, tree = 722,35 MB, solutions = 9)
  20175 13377    22836,1609  2536    23717,3246    21645,3511 17125675    8,74%
  20225 13713    23043,5490  2314    23717,3246    21648,1829 17496208    8,72%
  20269 13729    23436,7711  2057    23717,3246    21648,1829 17502650    8,72%
  20309 13619    22436,7840  3698    23717,3246    21648,1829 17319998    8,72%
  20343 13678    23261,5753  3047    23717,3246    21649,9938 17476554    8,72%
  20386 13836    23215,0016  2836    23717,3246    21649,9938 17674956    8,72%
  20436 13881    23284,2553  3133    23717,3246    21651,4710 17768153    8,71%
  20490 13924    23170,9306  2208    23717,3246    21651,4710 17804269    8,71%
  20549 13852    23418,9815  2274    23717,3246    21651,4710 17691946    8,71%
  20592 13976    22950,5890  3599    23717,3246    21651,4710 17884822    8,71%
Elapsed time = 9403,80 sec. (1411632,03 ticks, tree = 735,20 MB, solutions = 9)
  20644 13810    22629,4063  3207    23717,3246    21651,4710 17634783    8,71%
  20702 14072    22817,2243  2624    23717,3246    21651,4710 18015861    8,71%
  20755 14078    23022,6918  2395    23717,3246    21652,4774 18020979    8,71%
  20830 14089    23344,0394  2119    23717,3246    21652,4774 18026918    8,71%
  20895 14112    23584,1896  3638    23717,3246    21654,8761 18092510    8,70%
  20932 14078    22225,4252  2228    23717,3246    21654,8761 17979163    8,70%
  20974 14083    22441,3189  2561    23717,3246    21654,8761 17983994    8,70%
  21026 14409    22720,8754  1443    23717,3246    21662,0927 18391426    8,67%
  21100 14313    23701,3845  2351    23717,3246    21662,0927 18296667    8,67%
  21175 14228    23267,5159  2175    23717,3246    21664,2624 18190602    8,66%
Elapsed time = 9679,17 sec. (1450297,29 ticks, tree = 752,31 MB, solutions = 9)
  21253 14450    22036,2647  3875    23717,3246    21665,7775 18406454    8,65%
  21314 14499    23540,1820  1685    23717,3246    21665,7775 18477665    8,65%
  21371 14544    23356,5920  2707    23717,3246    21667,3786 18586520    8,64%
  21430 14642    22991,8551  3095    23717,3246    21667,3786 18685395    8,64%
  21469 14695    23166,8333  2344    23717,3246    21667,3786 18728700    8,64%
  21527 14658    23379,0683  2675    23717,3246    21667,3786 18696256    8,64%
  21565 14560    22525,9165  3377    23717,3246    21667,3786 18605259    8,64%
  21601 14716    22642,7399  3541    23717,3246    21667,3786 18774314    8,64%
  21641 14729    23654,3982  2143    23717,3246    21667,3786 18805102    8,64%
  21680 14963    23615,6222  2414    23717,3246    21670,4561 19044937    8,63%
Elapsed time = 9952,37 sec. (1489304,96 ticks, tree = 802,46 MB, solutions = 9)
  21721 14889    23120,5691  2388    23717,3246    21670,4561 18949653    8,63%
  21763 14736    23021,9328  3508    23717,3246    21677,9217 18819098    8,60%
  21810 15063    23209,4499  2878    23717,3246    21678,1259 19163461    8,60%
  21881 14907        cutoff          23717,3246    21678,1259 18968475    8,60%
  21965 15054    23602,2882  2289    23717,3246    21678,8486 19148837    8,59%
  22017 15149    22904,8163  3428    23717,3246    21679,9090 19278722    8,59%
  22070 15124    23671,9924  2746    23717,3246    21680,3437 19256470    8,59%
  22099 15103    22738,1109  3392    23717,3246    21680,8194 19226290    8,59%
  22134 15195    22647,6258  1925    23717,3246    21681,0778 19355894    8,59%
  22174 15184    23652,5269  2165    23717,3246    21681,0778 19300808    8,59%
Elapsed time = 10235,60 sec. (1528732,65 ticks, tree = 814,75 MB, solutions = 9)
  22214 15193    22887,9897  3681    23717,3246    21681,0778 19335022    8,59%
  22267 15200    22961,2361  3283    23717,3246    21681,0778 19339631    8,59%
  22324 15475    22750,1708  2118    23717,3246    21681,0778 19722486    8,59%
  22380 15384    22655,2595  2781    23717,3246    21681,0778 19614189    8,59%
  22473 15490    23518,5438  1756    23717,3246    21681,0778 19734234    8,59%
  22587 15413    22192,6617  3280    23717,3246    21686,3282 19659592    8,56%
  22633 15522    23287,1578  3098    23717,3246    21686,3282 19773277    8,56%
  22675 15766    23548,5798  1996    23717,3246    21686,3282 20061219    8,56%
  22711 15753    23541,1045  1953    23717,3246    21686,3282 20024950    8,56%
  22743 15604    23068,1916  3706    23717,3246    21686,3282 19859864    8,56%
Elapsed time = 10544,55 sec. (1567772,97 ticks, tree = 829,54 MB, solutions = 9)
  22774 15608    23237,2548  3328    23717,3246    21686,3282 19864613    8,56%
  22813 15705    22464,7455  2887    23717,3246    21686,3282 19998303    8,56%
  22886 15867    23217,7675   983    23717,3246    21686,3319 20113824    8,56%
  22949 16010    23138,0578  3283    23717,3246    21689,4290 20366453    8,55%
  22990 16009        cutoff          23717,3246    21689,4290 20370356    8,55%
  23026 16079    22628,1682  2995    23717,3246    21689,9867 20452594    8,55%
  23066 16110    23614,8103  2988    23717,3246    21693,6086 20489536    8,53%
  23110 16280    23627,1206  2980    23717,3246    21694,6769 20584379    8,53%
  23144 16085    23264,7948  1871    23717,3246    21694,6769 20438115    8,53%
  23222 16136    23634,9289  1526    23717,3246    21694,6769 20445027    8,53%
Elapsed time = 10865,98 sec. (1606803,70 ticks, tree = 859,53 MB, solutions = 9)
  23266 16309    23042,8493  2253    23717,3246    21694,6769 20636903    8,53%
  23309 16318    23245,4871  1917    23717,3246    21694,6769 20642423    8,53%
  23360 16348    23024,6829  3379    23717,3246    21694,6769 20707036    8,53%
  23424 16306    22863,6311  2106    23717,3246    21694,6769 20630551    8,53%
  23461 16362        cutoff          23717,3246    21694,6769 20741233    8,53%
  23511 16534    23013,0500  1968    23717,3246    21694,6769 20888722    8,53%
  23566 16542    23127,9533  1787    23717,3246    21695,8421 20894761    8,52%
  23617 16551        cutoff          23717,3246    21695,8421 20901437    8,52%
  23679 16366    23010,1522  3722    23717,3246    21695,8421 20758833    8,52%
  23725 16683    23643,2801  1600    23717,3246    21702,1323 21025268    8,50%
Elapsed time = 11096,43 sec. (1645728,33 ticks, tree = 898,89 MB, solutions = 9)
  23771 16507    22562,7178  3679    23717,3246    21702,1323 20849246    8,50%
  23814 16694    23287,5543  3453    23717,3246    21702,1323 21059543    8,50%
  23850 16513    22919,3454  3093    23717,3246    21702,1323 20858200    8,50%
  23905 16761    22155,8540  3887    23717,3246    21702,1323 21184882    8,50%
  23937 16905    23371,8547  2360    23717,3246    21702,1323 21345649    8,50%
  23980 16876    23200,0248  2559    23717,3246    21702,1323 21304313    8,50%
  24020 16766    22532,5203  3154    23717,3246    21702,1323 21196764    8,50%
  24053 16771    22627,4853  3255    23717,3246    21705,4461 21201156    8,48%
  24084 16762    23402,9500  3284    23717,3246    21705,4461 21169452    8,48%
  24132 16834    23243,1341  2184    23717,3246    21705,4461 21247782    8,48%
Elapsed time = 11345,88 sec. (1684656,36 ticks, tree = 908,97 MB, solutions = 9)
  24193 16842    23365,5568  2019    23717,3246    21706,9376 21251045    8,48%
  24265 17059    23048,0792  3882    23717,3246    21706,9376 21602111    8,48%
  24339 17007    22905,2479  2314    23717,3246    21713,1295 21495189    8,45%
  24415 17201    23513,8282  1417    23717,3246    21713,1295 21780878    8,45%
  24472 17224    22865,6040  3648    23717,3246    21713,1295 21819160    8,45%
  24511 17247    23026,4880  2283    23717,3246    21713,1295 21861610    8,45%
  24543 17069    22157,7702  3374    23717,3246    21713,1295 21624943    8,45%
  24575 17229    23049,7731  3366    23717,3246    21713,1295 21831761    8,45%
  24602 17261    21932,8801  3361    23717,3246    21713,1295 21875518    8,45%
  24633 17374    23313,0660  3832    23717,3246    21713,1295 21991712    8,45%
Elapsed time = 11624,53 sec. (1723398,07 ticks, tree = 947,27 MB, solutions = 9)
  24682 17376    23644,3851  3542    23717,3246    21713,1295 21996555    8,45%
  24739 17426    23032,8318  2840    23717,3246    21713,9175 22080919    8,45%
  24824 17579    23053,4589  3529    23717,3246    21713,9175 22283316    8,45%
  24902 17449        cutoff          23717,3246    21713,9175 22093015    8,45%
  24949 17511    23473,9573  2162    23717,3246    21719,2626 22210838    8,42%
  24995 17450    22483,7989  2852    23717,3246    21719,2626 22102145    8,42%
  25056 17517    22444,5112  3163    23717,3246    21719,2626 22185412    8,42%
  25088 17575    22184,3850  3675    23717,3246    21719,2626 22262279    8,42%
  25129 17617    22951,3064  2519    23717,3246    21719,2626 22349956    8,42%
  25169 17781    22753,7919  2495    23717,3246    21719,2626 22552120    8,42%
Elapsed time = 11905,62 sec. (1762374,91 ticks, tree = 958,53 MB, solutions = 9)
  25221 17925    23355,7244  2796    23717,3246    21719,2626 22690666    8,42%
  25270 17802    23215,0359  1935    23717,3246    21719,2626 22563131    8,42%
  25325 17824    23668,4426  1259    23717,3246    21719,2626 22570142    8,42%
  25347 17929    22325,4841  3604    23717,3246    21729,9479 22703599    8,38%
  25378 17897    23351,1451  3030    23717,3246    21731,3499 22662840    8,37%
  25416 17908    23523,9772  2702    23717,3246    21731,3499 22668512    8,37%
  25464 18052    23657,4610  1678    23717,3246    21735,3217 22892273    8,36%
  25504 18024    23347,6103  2824    23717,3246    21735,5396 22852082    8,36%
  25546 18167    23245,9725  2801    23717,3246    21738,9811 23067776    8,34%
  25591 18175    23509,7467  2476    23717,3246    21738,9811 23073123    8,34%
Elapsed time = 12187,01 sec. (1801470,88 ticks, tree = 973,44 MB, solutions = 9)
  25649 18062    22883,6371  3268    23717,3246    21739,1472 22910057    8,34%
  25692 18097    22472,3504  3607    23717,3246    21739,1472 22959809    8,34%
  25717 18181    22291,3911  3490    23717,3246    21739,7361 23042988    8,34%
  25751 18385    23528,5057  2520    23717,3246    21740,0336 23413970    8,34%
  25781 18245    22303,7787  3758    23717,3246    21740,0336 23165516    8,34%
  25812 18440    23641,1259  2853    23717,3246    21740,0336 23496341    8,34%
  25848 18292    23602,1059  2837    23717,3246    21740,0336 23216445    8,34%
  25894 18359    22728,0570  3304    23717,3246    21740,1946 23374470    8,34%
  25920 18536    22965,9649  3343    23717,3246    21740,1946 23622701    8,34%
  25950 18479    22229,7258  3591    23717,3246    21740,1946 23549097    8,34%
Elapsed time = 12448,20 sec. (1840726,24 ticks, tree = 993,80 MB, solutions = 9)
  25993 18607    22977,2445  3075    23717,3246    21740,1946 23759248    8,34%
  26043 18405    23360,9503  2967    23717,3246    21740,1946 23449352    8,34%
  26101 18561    23308,0270  2598    23717,3246    21740,1946 23636890    8,34%
  26160 18721    23186,5712  2205    23717,3246    21740,1946 23961877    8,34%
  26230 18654    23231,4709  2218    23717,3246    21740,1946 23815126    8,34%
  26276 18671    23355,9640  1882    23717,3246    21747,9568 23820869    8,30%
  26340 18581    23459,5386  1679    23717,3246    21747,9568 23699243    8,30%
  26403 18576    23488,8285  3392    23717,3246    21747,9568 23657849    8,30%
  26439 18703    22929,7563  2456    23717,3246    21747,9568 23942544    8,30%
  26468 18712    23141,3505  2152    23717,3246    21747,9568 23948102    8,30%
Elapsed time = 12748,56 sec. (1879518,99 ticks, tree = 1008,04 MB, solutions = 9)
  26499 18894    22568,7853  3677    23717,3246    21747,9568 24185208    8,30%
  26526 18679    22103,0703  3818    23717,3246    21752,8786 23912824    8,28%
  26544 18897    23109,5974  3456    23717,3246    21752,8786 24190063    8,28%
  26569 19076    23070,9263  2684    23717,3246    21752,8786 24369490    8,28%
  26599 19008        cutoff          23717,3246    21752,8786 24290243    8,28%
  26624 18909    23330,4867  2855    23717,3246    21752,8786 24199832    8,28%
  26654 18918    23534,7741  2567    23717,3246    21758,3316 24205410    8,26%
  26687 18936        cutoff          23717,3246    21758,3316 24247847    8,26%
  26713 19066    23632,2949  2191    23717,3246    21758,3316 24350971    8,26%
  26751 19274    23400,0907  2477    23717,3246    21758,3316 24655390    8,26%
Elapsed time = 13048,49 sec. (1918715,77 ticks, tree = 1041,29 MB, solutions = 9)
  26794 19096    22612,9964  3398    23717,3246    21758,3316 24392569    8,26%
  26817 19144    22528,6007  3431    23717,3246    21758,3316 24479213    8,26%
  26839 19280    22941,7052  3753    23717,3246    21758,3316 24669630    8,26%
  26880 19415    22805,4818  3365    23717,3246    21758,3316 24879420    8,26%
  26928 19333    22672,0024  2845    23717,3246    21758,3316 24758136    8,26%
  26983 19359    23184,9249  2576    23717,3246    21760,9642 24784623    8,25%
  27040 19368    23487,6450  2586    23717,3246    21760,9642 24790322    8,25%
  27086 19455    23337,9380  2823    23717,3246    21760,9642 24947623    8,25%
  27139 19429    22573,8050  3695    23717,3246    21763,0406 24836649    8,24%
  27185 19430    22817,5280  3630    23717,3246    21763,0406 24840681    8,24%
Elapsed time = 13365,66 sec. (1957462,42 ticks, tree = 1046,70 MB, solutions = 9)
  27220 19463    22219,7181  3448    23717,3246    21763,0406 24986626    8,24%
  27300 19434    22974,5515  3599    23717,3246    21763,0406 24848869    8,24%
  27375 19607    22290,3605  3331    23717,3246    21763,0406 25190121    8,24%
  27411 19577    23541,1305  2219    23717,3246    21766,4163 25154342    8,23%
  27450 19524    22179,8998  3511    23717,3246    21766,4163 25043366    8,23%
  27486 19862    22605,6249  3047    23717,3246    21773,9015 25448244    8,19%
  27520 19868    22697,2967  2791    23717,3246    21773,9015 25452832    8,19%
  27566 19801    22729,9456  3780    23717,3246    21773,9015 25365768    8,19%
  27614 19790    22917,4243  2380    23717,3246    21773,9015 25340814    8,19%
  27698 19710    23712,1306  2256    23717,3246    21775,2836 25305026    8,19%
Elapsed time = 13624,62 sec. (1996224,83 ticks, tree = 1062,05 MB, solutions = 9)

Zero-half cuts applied:  613
Lift and project cuts applied:  7
Gomory fractional cuts applied:  2

Root node processing (before b&c):
  Real time             =   72,49 sec. (35730,72 ticks)
Parallel b&c, 12 threads:
  Real time             = 13569,38 sec. (1964409,88 ticks)
  Sync time (average)   = 1905,95 sec.
  Wait time (average)   =    0,05 sec.
                          ------------
Total (root+branch&cut) = 13641,86 sec. (2000140,60 ticks)

