
Version identifier: 22.1.1.0 | 2022-11-28 | 9160aff4d
CPXPARAM_MultiObjective_Display                  0
CPXPARAM_TimeLimit                               2000000
CPXPARAM_WorkMem                                 8192
CPXPARAM_DetTimeLimit                            2000000
Found incumbent of value 261000,000000 after 0,08 sec. (55,51 ticks)
Tried aggregator 3 times.
MIP Presolve eliminated 146138 rows and 1077888 columns.
Aggregator did 1673 substitutions.
Reduced MIP has 7085 rows, 44781 columns, and 96859 nonzeros.
Reduced MIP has 44749 binaries, 32 generals, 0 SOSs, and 0 indicators.
Presolve time = 0,90 sec. (669,15 ticks)
Tried aggregator 2 times.
Detecting symmetries...
Aggregator did 16 substitutions.
Reduced MIP has 7069 rows, 44765 columns, and 96827 nonzeros.
Reduced MIP has 44749 binaries, 16 generals, 0 SOSs, and 0 indicators.
Presolve time = 0,09 sec. (88,89 ticks)
Probing time = 0,09 sec. (18,69 ticks)
Clique table members: 53288.
MIP emphasis: balance optimality and feasibility.
MIP search method: dynamic search.
Parallel mode: deterministic, using up to 12 threads.
Root relaxation solution time = 1,20 sec. (731,79 ticks)

        Nodes                                         Cuts/
   Node  Left     Objective  IInf  Best Integer    Best Bound    ItCnt     Gap

*     0+    0                       261000,0000 -2488582,0000              --- 
*     0+    0                       230817,0000 -2488582,0000              --- 
      0     0    16348,4117  3231   230817,0000    16348,4117       47   92,92%
*     0+    0                       174504,6910    16348,4117            90,63%
*     0+    0                        75887,2358    16348,4117            78,46%
      0     0    16428,7683  3332    75887,2358      Cuts: 16     3411   78,35%
      0     0    16441,0831  3471    75887,2358   ZeroHalf: 7     4466   78,33%
      0     0    16444,4887  3515    75887,2358   ZeroHalf: 4     4784   78,33%
      0     0    16446,8845  3503    75887,2358   ZeroHalf: 7     5098   78,33%
      0     2    16446,8845  3503    75887,2358    16446,8845     5098   78,33%
Elapsed time = 56,08 sec. (24278,20 ticks, tree = 0,02 MB, solutions = 3)
      1     3    16460,5436  3558    75887,2358    16446,8988     6909   78,33%
      2     4    16501,1249  3593    75887,2358    16446,8988     8894   78,33%
      3     3    16526,5484  3484    75887,2358    16446,8988     8758   78,33%
      4     5    16550,3583  3242    75887,2358    16446,8988    10773   78,33%
      5     4    16520,6643  3314    75887,2358    16446,8988    10341   78,33%
      7     5    16526,2698  3462    75887,2358    16460,7752    10917   78,31%
      8     6    16629,4747  3089    75887,2358    16460,7752    16624   78,31%
      9     7    16560,1800  3150    75887,2358    16460,7752    20382   78,31%
     10     7    16602,5470  2861    75887,2358    16460,7752    20404   78,31%
     16     9    16621,4185  3079    75887,2358    16520,6856    25763   78,23%
Elapsed time = 88,73 sec. (34566,84 ticks, tree = 0,02 MB, solutions = 3)
     18    12    16570,9252  3174    75887,2358    16520,6856    43825   78,23%
     22    16    16556,5407  3235    75887,2358    16520,6856    67240   78,23%
     26    18    16581,3531  3082    75887,2358    16537,6455    79796   78,21%
     28    20    16667,9089  3373    75887,2358    16537,6455    90861   78,21%
     32    23    16625,8753  2822    75887,2358    16537,6455   113958   78,21%
     36    26    16571,6695  3489    75887,2358    16537,6455   149093   78,21%
     40    32    16697,1271  2906    75887,2358    16537,6455   226784   78,21%
     44    35    16663,3237  2858    75887,2358    16537,6455   239137   78,21%
     51    41    16718,5374  2800    75887,2358    16537,6455   264652   78,21%
     53    34    16595,3138  3186    75887,2358    16537,6455   230987   78,21%
Elapsed time = 171,89 sec. (46381,94 ticks, tree = 0,56 MB, solutions = 3)
     56    43    16677,7174  2871    75887,2358    16537,6455   269964   78,21%
     62    50    16631,2911  2968    75887,2358    16537,6455   291868   78,21%
     71    52    16786,2870  2658    75887,2358    16537,6455   297891   78,21%
     78    60    16665,3939  3335    75887,2358    16537,6455   315496   78,21%
     85    52    16681,1200  2718    75887,2358    16537,6455   295853   78,21%
     93    76    16692,2219  2656    75887,2358    16537,6455   345847   78,21%
    101    70    17699,1272  2899    75887,2358    16537,6455   337513   78,21%
    109    78    16725,2173  2454    75887,2358    16537,6455   348191   78,21%
    118    91    16842,4870  2576    75887,2358    16537,6455   372203   78,21%
    127   103    16867,4533  2423    75887,2358    16537,6455   395557   78,21%
Elapsed time = 238,12 sec. (56976,69 ticks, tree = 2,34 MB, solutions = 3)
    136   115    16909,7990  2460    75887,2358    16537,6455   416057   78,21%
    146   116    16934,8400  2390    75887,2358    16537,6455   417352   78,21%
    155   117    16959,4464  2329    75887,2358    16537,6455   418513   78,21%
    169   136    16912,6903  2468    75887,2358    16537,6455   446676   78,21%
*   179+   80                        23909,9727    16537,6455            30,83%
    187   140    16811,1537  3004    23909,9727    16537,6455   456250   30,83%
    199   146    16973,6550  1833    23909,9727    16537,6455   461958   30,83%
    213   169    17194,1678  1901    23909,9727    16537,6455   488568   30,83%
    233   156    16818,2963  2387    23909,9727    16537,6455   478185   30,83%
    248   181    16940,5736  2714    23909,9727    16537,6455   502233   30,83%
    271   164    16901,2710  2543    23909,9727    16537,6455   485667   30,83%
Elapsed time = 310,66 sec. (66971,23 ticks, tree = 3,70 MB, solutions = 5)
    291   184    17350,3224  1702    23909,9727    16537,6455   500461   30,83%
*   293+  147                        23411,1678    16537,6455            29,36%
    312   259    17779,7331  1520    23411,1678    16537,6455   564093   29,36%
    330   296    17435,5888  1138    23411,1678    16537,6455   592105   29,36%
*   350+  268                        20135,5138    16537,6455            17,87%
    350   249    17094,9540  2061    20135,5138    16537,6455   559528   17,87%
    369   295    17372,2168  1732    20135,5138    16537,6455   591387   17,87%
    386   306    17797,6139   586    20135,5138    16537,6455   597196   17,87%
*   387+  264                        19322,3213    16537,6455            14,41%
    407   324    17675,6070  1328    19322,3213    16537,6455   613536   14,41%
*   424+  282                        19189,5208    16537,6455            13,82%
    426   373    19201,1540     0    19189,5208    16537,6455   651871   13,82%
*   448   391      integral     0    18955,6617    16537,6455   667804   12,76%
*   451+  324                        18789,7684    16537,6455            11,99%
    469   359    17492,7422  1259    18789,7684    16537,6455   643524   11,99%
Elapsed time = 392,49 sec. (76986,95 ticks, tree = 9,84 MB, solutions = 12)
    496   362    17659,0180  1178    18789,7684    16537,6455   645168   11,99%
    517   450    17904,1905   816    18789,7684    16537,6455   714526   11,99%
    537   399    17814,2188   820    18789,7684    16537,6455   671724   11,99%
    555   417    17435,8288  1974    18789,7684    16537,6455   695620   11,99%
    578   476    17627,3676  1193    18789,7684    16537,6455   732845   11,99%
    602   466    18219,6191   804    18789,7684    16537,6455   730137   11,99%
    621   468    18495,9295   919    18789,7684    16537,6455   731769   11,99%
    643   528    16694,3869  3135    18789,7684    16537,6455   778189   11,99%
    655   503    17704,2574   994    18789,7684    16537,6455   748968   11,99%
    671   494    16688,4651  3173    18789,7684    16537,6455   745856   11,99%
Elapsed time = 472,35 sec. (87017,04 ticks, tree = 14,48 MB, solutions = 12)
*   686+  458                        18675,7877    16537,6455            11,45%
    690   579    18641,0564   853    18675,7877    16537,6455   818062   11,45%
    708   547    16693,9062  2931    18675,7877    16537,6455   801463   11,45%
    730   535    16719,5287  3323    18675,7877    16537,6455   786408   11,45%
    743   637    16775,4011  2927    18675,7877    16537,6455   879553   11,45%
    754   638    16818,6521  2748    18675,7877    16537,6455   880869   11,45%
    769   610    16758,4989  3091    18675,7877    16537,6455   854165   11,45%
    777   621    16854,6735  3135    18675,7877    16537,6455   869468   11,45%
    788   657    17877,2186  1480    18675,7877    16537,6455   901935   11,45%
    800   660    17990,5413   878    18675,7877    16537,6455   903569   11,45%
    816   688    18120,6977  1270    18675,7877    16537,6455   935865   11,45%
Elapsed time = 550,78 sec. (97337,24 ticks, tree = 19,69 MB, solutions = 13)
    830   711    16872,3980  2149    18675,7877    16537,6455   963208   11,45%
    854   709    18202,6056  1204    18675,7877    16537,6455   958206   11,45%
    872   669    18674,1245   962    18675,7877    16537,6455   910377   11,45%
    885   677    16979,2479  2292    18675,7877    16537,6455   932719   11,45%
    902   679    17006,4727  2243    18675,7877    16537,6455   933916   11,45%
    911   717    16996,3599  1829    18675,7877    16537,6455   969753   11,45%
    923   734    17126,9538  1687    18675,7877    16537,6455   990738   11,45%
    938   725    17243,7306  2217    18675,7877    16537,6455   980387   11,45%
    945   740    17902,7817  2455    18675,7877    16537,6455  1004680   11,45%
    953   788    16898,0459  2726    18675,7877    16537,6455  1045752   11,45%
Elapsed time = 629,67 sec. (107572,49 ticks, tree = 22,62 MB, solutions = 13)
*   958+  784                        18359,1470    16537,6455             9,92%
    967   766    17144,6029  1527    18359,1470    16537,6455  1064003    9,92%
    976   811    18351,5590  1780    18359,1470    16550,3473  1066171    9,85%
    993   771    17328,3858  1595    18359,1470    16572,6121  1067185    9,73%
   1008   787    17361,2534  1808    18359,1470    16572,6121  1084086    9,73%
   1021   811    17236,8766  1679    18359,1470    16572,6121  1110288    9,73%
   1037   809    17891,1433  1821    18359,1470    16572,6121  1062858    9,73%
   1057   828    18441,3197   862    18359,1470    16572,6121  1074449    9,73%
   1080   800    17264,6924  2238    18359,1470    16572,6121  1097089    9,73%
   1100   800    16752,1007  2983    18359,1470    16572,6121  1100074    9,73%
   1127   900    18175,5613   401    18359,1470    16572,6121  1187318    9,73%
Elapsed time = 707,39 sec. (117593,92 ticks, tree = 31,81 MB, solutions = 14)
   1151   943    17849,2732  1000    18359,1470    16572,6121  1217817    9,73%
   1168   947    16893,9021  2795    18359,1470    16572,6121  1222370    9,73%
   1189   842    18224,7743  1479    18359,1470    16572,6121  1141460    9,73%
   1205   845    18292,1008  1488    18359,1470    16572,6121  1143845    9,73%
   1224   960    17341,9891  1715    18359,1470    16572,6121  1233835    9,73%
   1235   963    17387,8408  1570    18359,1470    16572,6121  1235303    9,73%
   1250   953    17142,2409  2210    18359,1470    16572,6121  1228682    9,73%
   1265   968    17505,7723  1452    18359,1470    16572,6121  1238314    9,73%
   1283  1010    17633,4663  1749    18359,1470    16572,6121  1292182    9,73%
   1360  1018    18242,4928  1640    18359,1470    16572,6121  1298205    9,73%
Elapsed time = 808,17 sec. (130539,29 ticks, tree = 36,97 MB, solutions = 14)
   1430  1024    17246,3603  1964    18359,1470    16572,6121  1312387    9,73%
   1514  1138    18141,7717  1068    18359,1470    16572,6121  1403212    9,73%
   1568  1149    17268,2290  2897    18359,1470    16572,6121  1424196    9,73%
   1644  1300    18091,3487   986    18359,1470    16572,6121  1539511    9,73%
   1702  1358    17792,3104  3061    18359,1470    16583,0201  1594182    9,67%
   1759  1363    17907,9127  3033    18359,1470    16583,0201  1598876    9,67%
   1811  1409    18323,6762  2359    18359,1470    16583,0201  1629126    9,67%
   1865  1471    18196,2351  2126    18359,1470    16601,1507  1675025    9,58%
   1933  1548    16815,3519  2994    18359,1470    16601,1507  1746883    9,58%
   2009  1623    18166,4857  2084    18359,1470    16601,1507  1810428    9,58%
Elapsed time = 1104,34 sec. (169263,70 ticks, tree = 80,37 MB, solutions = 14)
   2080  1691    16725,6664  2943    18359,1470    16605,7421  1867908    9,55%
   2148  1629    16764,1519  3302    18359,1470    16609,5762  1819421    9,53%
   2219  1840    17741,7449  1765    18359,1470    16609,5762  1980714    9,53%
   2285  1850    17658,0024  2546    18359,1470    16609,5762  1995386    9,53%
   2349  1903    17570,6807  2783    18359,1470    16612,1114  2036567    9,52%
   2426  1935    17410,7352  2511    18359,1470    16612,1114  2068599    9,52%
   2498  1972    18208,4381  2165    18359,1470    16612,1114  2095882    9,52%
   2563  2071    17962,4364  2505    18359,1470    16612,1114  2175575    9,52%
   2626  2194    17531,5155  2227    18359,1470    16617,6841  2280546    9,49%
   2703  2189    18182,1278  2301    18359,1470    16617,6841  2274279    9,49%
Elapsed time = 1405,75 sec. (207906,75 ticks, tree = 121,19 MB, solutions = 14)
   2781  2314    17297,2016  2203    18359,1470    16617,6841  2373470    9,49%
   2839  2320    17972,0253  2236    18359,1470    16618,0743  2378817    9,48%
   2897  2394    16834,0534  2583    18359,1470    16618,0743  2443048    9,48%
   2953  2481    17215,0488  2398    18359,1470    16622,1825  2533187    9,46%
   3017  2542    18102,4641  1698    18359,1470    16622,1825  2580185    9,46%
   3100  2597    17070,9107  2825    18359,1470    16625,3366  2637053    9,44%
   3190  2602    17202,0690  2825    18359,1470    16625,4695  2641565    9,44%
   3265  2647    17359,4885  2101    18359,1470    16626,0172  2685990    9,44%
   3340  2864    17678,2601  1981    18359,1470    16629,2516  2845898    9,42%
   3404  2907    17237,9661  1565    18359,1470    16629,2516  2881905    9,42%
Elapsed time = 1706,78 sec. (246399,10 ticks, tree = 156,23 MB, solutions = 14)
   3481  2950    18009,0454  2042    18359,1470    16629,2516  2920389    9,42%
   3558  3069    18133,1244  2284    18359,1470    16629,2516  3015025    9,42%
*  3573+ 2991                        18257,2830    16629,2516             8,92%
   3621  3125    16789,2771  2978    18257,2830    16630,7627  3046919    8,91%
   3676  3035    17058,9828  2259    18257,2830    16630,7627  2996162    8,91%
   3738  3051    17646,3452  1187    18257,2830    16631,8670  3058569    8,90%
   3811  3071    16952,6793  3203    18257,2830    16632,2589  3097234    8,90%
   3877  3108    17594,2325  2607    18257,2830    16632,7612  3137104    8,90%
   3929  3146    17461,7191  2088    18257,2830    16632,7612  3179083    8,90%
   3965  3223    16980,4442  2493    18257,2830    16632,7612  3239840    8,90%
   3971  3244    16673,4034  2553    18257,2830    16632,7612  3254521    8,90%
Elapsed time = 1934,95 sec. (285600,78 ticks, tree = 178,72 MB, solutions = 15)

Performing restart 1

Repeating presolve.
Tried aggregator 2 times.
MIP Presolve eliminated 36 rows and 831 columns.
Aggregator did 1 substitutions.
Reduced MIP has 7032 rows, 43933 columns, and 95102 nonzeros.
Reduced MIP has 43917 binaries, 16 generals, 0 SOSs, and 0 indicators.
Presolve time = 0,07 sec. (68,06 ticks)
Tried aggregator 1 time.
Reduced MIP has 7032 rows, 43933 columns, and 95102 nonzeros.
Reduced MIP has 43917 binaries, 16 generals, 0 SOSs, and 0 indicators.
Presolve time = 0,09 sec. (71,05 ticks)
Represolve time = 1,70 sec. (1206,12 ticks)
   3972     0    16466,7876  3698    18257,2830       Cuts: 9  3444849    8,90%
   3972     0    16472,2211  3783    18257,2830   ZeroHalf: 8  3445719    8,90%
   3972     0    16475,2671  3726    18257,2830   ZeroHalf: 3  3446219    8,90%
   3972     0    16481,4835  3672    18257,2830  ZeroHalf: 25  3447177    8,90%
   3972     0    16482,8730  3797    18257,2830   ZeroHalf: 5  3447457    8,90%
   3972     0    16483,9978  3832    18257,2830   ZeroHalf: 5  3447727    8,90%
   3972     2    16483,9978  3832    18257,2830    16632,7612  3447727    8,90%
   3973     3    16486,6005  3782    18257,2830    16632,7612  3448643    8,90%
   3974     3    16588,0937  3158    18257,2830    16632,7612  3452829    8,90%
   3979     6    16558,8759  3851    18257,2830    16632,7612  3458097    8,90%
   3988     8    16782,5390  3471    18257,2830    16632,7612  3466730    8,90%
   4005    10    16614,7931  3488    18257,2830    16632,7612  3469469    8,90%
   4023    32    16721,0921  3195    18257,2830    16632,7612  3571957    8,90%
   4035    47    16723,4947  3407    18257,2830    16632,7612  3615793    8,90%
   4061    69    17520,7370  3215    18257,2830    16632,7612  3658560    8,90%
   4089    77    16960,3682  2776    18257,2830    16632,7612  3670551    8,90%
Elapsed time = 2319,67 sec. (423205,80 ticks, tree = 1,72 MB, solutions = 15)
   4124   132    17595,2098  3109    18257,2830    16632,7612  3776028    8,90%
   4143   145    16722,4331  3003    18257,2830    16632,7612  3806537    8,90%
   4165   146    17223,9588  2820    18257,2830    16632,7612  3810913    8,90%
   4192   202    16630,3045  3311    18257,2830    16632,7612  3892633    8,90%
   4223   211    17783,8990  2645    18257,2830    16632,7612  3902974    8,90%
   4269   241    16735,3136  2761    18257,2830    16632,7612  3938583    8,90%
   4305   266    16746,1418  3335    18257,2830    16632,7612  3967165    8,90%
   4353   318    16643,7270  3583    18257,2830    16632,7612  4013293    8,90%
   4379   258    17818,3916  2908    18257,2830    16632,7612  3959945    8,90%
   4425   398    16767,1369  2741    18257,2830    16632,7612  4112107    8,90%
Elapsed time = 2611,33 sec. (462720,05 ticks, tree = 11,76 MB, solutions = 15)
   4467   420    16872,5699  2868    18257,2830    16632,7612  4141064    8,90%
   4505   442    17009,5568  2906    18257,2830    16632,7612  4169880    8,90%
   4546   460    17722,4660  2353    18257,2830    16632,7612  4191765    8,90%
   4579   530    17160,3290  2743    18257,2830    16632,7612  4285103    8,90%
   4631   588    16801,5914  3012    18257,2830    16632,7612  4358815    8,90%
   4670   616    17729,3808  2351    18257,2830    16632,7612  4404083    8,90%
   4703   571    16660,4566  3496    18257,2830    16632,7612  4343954    8,90%
   4736   600    17295,3805  2990    18257,2830    16632,7612  4378341    8,90%
   4761   694    17397,7010  2441    18257,2830    16632,7612  4493917    8,90%
   4791   725    16956,3883  3103    18257,2830    16632,7612  4528622    8,90%
Elapsed time = 2935,98 sec. (502809,00 ticks, tree = 33,75 MB, solutions = 15)
   4823   762    17566,3514  1511    18257,2830    16632,7612  4577934    8,90%
   4873   818    16973,9245  2967    18257,2830    16632,7612  4629554    8,90%
   4923   816    18175,0903  1507    18257,2830    16632,7612  4620302    8,90%
   4992   888    17563,1244  2317    18257,2830    16632,7612  4696362    8,90%
   5050   891        cutoff          18257,2830    16632,7612  4701646    8,90%
   5108   867    17089,1550  2695    18257,2830    16632,7612  4676262    8,90%
   5166   976    17174,4762  2542    18257,2830    16632,7612  4779485    8,90%
   5234  1059        cutoff          18257,2830    16632,7612  4875153    8,90%
   5304   995    17094,0411  2642    18257,2830    16632,7612  4799507    8,90%
   5377  1170    17095,8388  2531    18257,2830    16632,7612  4979311    8,90%
Elapsed time = 3198,89 sec. (541187,09 ticks, tree = 64,06 MB, solutions = 15)
   5446  1097    17568,9896  2026    18257,2830    16632,7612  4919401    8,90%
   5491  1226        cutoff          18257,2830    16632,7612  5038121    8,90%
   5551  1302    17492,5964  3297    18257,2830    16632,7612  5129491    8,90%
   5603  1222    17564,4994  1930    18257,2830    16632,7612  5029511    8,90%
   5659  1321    17476,9839  2573    18257,2830    16632,7612  5153190    8,90%
   5713  1422    17228,9303  2387    18257,2830    16632,7612  5258169    8,90%
   5764  1472        cutoff          18257,2830    16632,7612  5333822    8,90%
   5829  1613    17670,5146  2054    18257,2830    16632,7612  5448504    8,90%
   5911  1554    17510,4635  2024    18257,2830    16632,7612  5384882    8,90%
   5960  1633    17763,7539  1968    18257,2830    16632,7612  5459041    8,90%
Elapsed time = 3494,94 sec. (580500,60 ticks, tree = 93,61 MB, solutions = 15)
   6016  1751    17819,3581  1863    18257,2830    16632,7612  5590556    8,90%
   6078  1779    17046,8439  2216    18257,2830    16632,7612  5627758    8,90%
   6151  1871    17736,5809  2037    18257,2830    16632,7612  5757745    8,90%
   6205  1826    16703,0198  3438    18257,2830    16632,7612  5689895    8,90%
   6287  1858    17844,5337  2303    18257,2830    16632,7612  5728036    8,90%
   6353  1908        cutoff          18257,2830    16632,7612  5803602    8,90%
   6448  1932    18220,5252  2138    18257,2830    16632,7612  5810384    8,90%
   6505  2087    16717,3066  3376    18257,2830    16632,7612  5993523    8,90%
   6557  2056    17297,8816  2527    18257,2830    16632,7612  5981358    8,90%
   6595  2053    17787,8751  2238    18257,2830    16632,7612  5973628    8,90%
Elapsed time = 3783,48 sec. (619454,92 ticks, tree = 122,13 MB, solutions = 15)
   6642  2227    17510,0089  2149    18257,2830    16632,7612  6153486    8,90%
   6667  2225    17838,0053  3290    18257,2830    16632,7612  6142245    8,90%
   6701  2234    17656,6633  2160    18257,2830    16632,7612  6159634    8,90%
   6723  2321    17669,0939  2199    18257,2830    16632,7612  6296306    8,90%
   6767  2313    17864,0267  2203    18257,2830    16632,7612  6287587    8,90%
   6809  2319    17905,9653  2367    18257,2830    16632,7612  6293562    8,90%
   6873  2399    16816,5018  3204    18257,2830    16632,7612  6388117    8,90%
   6938  2452    18094,7708  1504    18257,2830    16632,7612  6432772    8,90%
   7004  2454    18129,7105  1453    18257,2830    16632,7612  6425006    8,90%
   7094  2408    17262,5144  2981    18257,2830    16632,7612  6401131    8,90%
Elapsed time = 4109,74 sec. (659089,13 ticks, tree = 148,35 MB, solutions = 15)
   7153  2566    18042,4897  2596    18257,2830    16632,7612  6555194    8,90%
   7209  2549    17113,3255  2208    18257,2830    16632,7612  6533522    8,90%
   7268  2522    17095,5496  2976    18257,2830    16632,7612  6524977    8,90%
*  7315  2610      integral     0    18143,1363    16632,7612  6605134    8,32%
   7327  2630    18128,1396  1093    18143,1363    16632,7612  6761645    8,32%
   7375  2737    17333,6039  2237    18143,1363    16632,7612  6736239    8,32%
   7409  2712    17931,7145  1713    18143,1363    16632,7612  6706314    8,32%
   7460  2716    17587,3864  2726    18143,1363    16632,7612  6858872    8,32%
   7508  2698    17314,6240  2301    18143,1363    16632,7612  6830170    8,32%
   7549  2812    17105,5945  3360    18143,1363    16632,7612  6969944    8,32%
   7587  2776    17171,5720  3274    18143,1363    16632,7612  6920604    8,32%
Elapsed time = 4403,96 sec. (698035,16 ticks, tree = 175,48 MB, solutions = 16)
   7635  2916    17189,5505  2156    18143,1363    16632,7612  7113331    8,32%
   7705  2943    17442,9965  3039    18143,1363    16632,7612  7149467    8,32%
   7772  3015    17978,9873  1681    18143,1363    16632,7612  7199621    8,32%
   7825  2909    17252,0401  2808    18143,1363    16632,7612  7112723    8,32%
   7879  2993    17980,2868  2666    18143,1363    16632,7612  7183596    8,32%
   7922  3050    16816,5919  3017    18143,1363    16632,7612  7260564    8,32%
   7974  3135    17231,2213  3255    18143,1363    16632,7612  7347752    8,32%
   8030  3196    17026,7509  2022    18143,1363    16632,7612  7408756    8,32%
   8101  3204        cutoff          18143,1363    16632,7612  7400073    8,32%
   8167  3299    17305,1352  3173    18143,1363    16632,7612  7544551    8,32%
Elapsed time = 4702,45 sec. (737075,88 ticks, tree = 213,14 MB, solutions = 16)
   8209  3252    17746,8462  2739    18143,1363    16632,7612  7470233    8,32%
   8257  3414        cutoff          18143,1363    16632,7612  7661380    8,32%
   8288  3420    18072,1861  2041    18143,1363    16632,7612  7667365    8,32%
   8338  3431    17989,4953  1462    18143,1363    16632,7612  7673234    8,32%
   8374  3572    18134,1057  2535    18143,1363    16632,7612  7872533    8,32%
   8397  3515    18009,1800  1644    18143,1363    16632,7612  7811300    8,32%
   8442  3536    18117,6166  1395    18143,1363    16632,7612  7816271    8,32%
   8483  3590    17238,5851  2951    18143,1363    16632,7612  7900722    8,32%
   8520  3613    16800,8451  3458    18143,1363    16632,7612  7938366    8,32%
   8557  3624    17541,6753  2888    18143,1363    16632,7612  7955774    8,32%
Elapsed time = 5061,14 sec. (775654,81 ticks, tree = 236,98 MB, solutions = 16)
   8608  3658    17458,0287  3375    18143,1363    16632,7612  7990769    8,32%
   8663  3637        cutoff          18143,1363    16632,7612  7986912    8,32%
   8727  3769    17721,7171  3490    18143,1363    16632,7612  8143444    8,32%
   8815  3722    17927,7097  1681    18143,1363    16632,7612  8064812    8,32%
   8896  3847    17296,1599  2820    18143,1363    16632,7612  8215839    8,32%
   8943  3844    16877,1435  3228    18143,1363    16632,7612  8196887    8,32%
   8977  3883    17430,6992  3489    18143,1363    16632,7612  8245338    8,32%
   9019  3949    18115,2380  2353    18143,1363    16632,7612  8343994    8,32%
   9066  4023    18046,2398  2417    18143,1363    16632,7612  8432957    8,32%
   9123  4099        cutoff          18143,1363    16632,7612  8506943    8,32%
Elapsed time = 5308,29 sec. (814874,35 ticks, tree = 272,32 MB, solutions = 16)
   9166  4006    17951,4643  2206    18143,1363    16632,7612  8405700    8,32%
   9208  4149    17232,0672  3200    18143,1363    16632,7612  8606003    8,32%
   9243  4190    17969,2106  2366    18143,1363    16632,7612  8664632    8,32%
   9282  4152    17711,6987  2985    18143,1363    16632,7612  8614703    8,32%
   9329  4243    17119,1248  3349    18143,1363    16632,7612  8731665    8,32%
   9378  4193    17588,0446  2899    18143,1363    16632,7612  8658424    8,32%
   9449  4287    17928,7815  2472    18143,1363    16632,7612  8779923    8,32%
   9520  4329    17018,4658  2899    18143,1363    16632,7612  8858334    8,32%
   9565  4386    17678,5121  2915    18143,1363    16632,7612  8942769    8,32%
   9607  4315        cutoff          18143,1363    16632,7612  8847854    8,32%
Elapsed time = 5602,91 sec. (854189,57 ticks, tree = 288,31 MB, solutions = 16)
   9646  4454    18000,1499  2277    18143,1363    16632,7612  9029763    8,32%
   9677  4411    16973,9734  3392    18143,1363    16632,7612  8993556    8,32%
   9703  4413    17103,9168  3183    18143,1363    16632,7612  8997606    8,32%
   9733  4498    17357,3603  3186    18143,1363    16632,7612  9129924    8,32%
   9770  4555    18051,0965  2054    18143,1363    16632,7612  9196835    8,32%
   9814  4500    17537,2392  2648    18143,1363    16632,7612  9122678    8,32%
   9846  4650    17340,1642  2746    18143,1363    16632,7612  9374477    8,32%
   9901  4633    17999,8681  2519    18143,1363    16632,7612  9344951    8,32%
   9948  4621    18033,1435  3015    18143,1363    16632,7612  9329353    8,32%
  10000  4711        cutoff          18143,1363    16632,7612  9470275    8,32%
Elapsed time = 5896,38 sec. (893663,00 ticks, tree = 311,54 MB, solutions = 16)
  10050  4736    17672,4987  3033    18143,1363    16632,7612  9503845    8,32%
  10090  4814    18015,0949  2067    18143,1363    16632,7612  9609400    8,32%
  10146  4765    17733,4911  2214    18143,1363    16632,7612  9549198    8,32%
  10183  4793    17943,4493  3211    18143,1363    16632,7612  9599266    8,32%
  10240  4914    17315,3039  2862    18143,1363    16632,7612  9750988    8,32%
  10283  4983    18094,5627  1774    18143,1363    16632,7612  9810900    8,32%
  10317  4988    16962,4383  3192    18143,1363    16632,7612  9834935    8,32%
  10344  5002    18000,3946  2977    18143,1363    16632,7612  9860453    8,32%
  10376  4993    17321,2182  2685    18143,1363    16632,7612  9824818    8,32%
  10406  5102    17122,7897  3211    18143,1363    16632,7612  9994256    8,32%
Elapsed time = 6208,18 sec. (933009,67 ticks, tree = 320,84 MB, solutions = 16)
  10437  5097    17876,9549  1757    18143,1363    16632,7612  9974744    8,32%
  10472  5104    17976,1812  1647    18143,1363    16632,7612  9979980    8,32%
  10505  5276    18115,8767  1569    18143,1363    16632,7612 10227815    8,32%
  10541  5209    17841,0330  2749    18143,1363    16632,7612 10140276    8,32%
  10591  5219    17967,3347  1954    18143,1363    16632,7612 10145359    8,32%
  10640  5243    17727,1858  2659    18143,1363    16632,7612 10193750    8,32%
  10670  5261        cutoff          18143,1363    16632,7612 10225249    8,32%
  10708  5400    16998,7266  2967    18143,1363    16632,7612 10371893    8,32%
  10755  5365    18050,8707  2779    18143,1363    16632,7612 10322806    8,32%
  10793  5444    17893,6846  1840    18143,1363    16632,7612 10441169    8,32%
Elapsed time = 6528,86 sec. (972065,21 ticks, tree = 346,28 MB, solutions = 16)
  10831  5395    17402,3001  2973    18143,1363    16632,7612 10368829    8,32%
  10876  5456    17077,5584  3271    18143,1363    16632,7612 10472690    8,32%
  10910  5544    17938,1997  2040    18143,1363    16632,7612 10627648    8,32%
  10943  5473    17147,5084  2808    18143,1363    16632,7612 10496898    8,32%
  10988  5544    17951,0921  2010    18143,1363    16632,7612 10614813    8,32%
  11039  5556    18045,9197  1606    18143,1363    16632,7612 10620469    8,32%
  11084  5640    17695,7324  3050    18143,1363    16632,7612 10759973    8,32%
  11127  5688    17835,0213  2437    18143,1363    16632,7612 10862587    8,32%
  11168  5668    17143,6782  3285    18143,1363    16632,7612 10823312    8,32%
  11219  5839    18028,4230  2466    18143,1363    16632,7612 11040225    8,32%
Elapsed time = 6818,42 sec. (1011577,37 ticks, tree = 375,46 MB, solutions = 16)
  11274  5703    18001,3306  1446    18143,1363    16632,7612 10878933    8,32%
  11312  5845        cutoff          18143,1363    16632,7612 11071003    8,32%
  11350  5896    17551,0877  3302    18143,1363    16632,7612 11136297    8,32%
  11393  5854    17158,9589  2679    18143,1363    16632,7612 11058418    8,32%
  11441  5984        cutoff          18143,1363    16632,7612 11266963    8,32%
  11466  5998    17651,8138  3300    18143,1363    16632,7612 11283356    8,32%
  11507  5907    17767,8522  2677    18143,1363    16632,7612 11152709    8,32%
  11551  6069    17363,3008  2730    18143,1363    16632,7612 11395532    8,32%
  11612  6086    17896,0679  2482    18143,1363    16632,7612 11420840    8,32%
  11663  6136    18013,1048  1763    18143,1363    16632,7612 11469614    8,32%
Elapsed time = 7086,76 sec. (1050295,80 ticks, tree = 388,84 MB, solutions = 16)
  11744  6139    18112,9874  1760    18143,1363    16632,7612 11457374    8,32%
  11789  6190    16882,5325  3817    18143,1363    16632,7612 11581398    8,32%
  11839  6239    17701,1011  3284    18143,1363    16632,7612 11640940    8,32%
  11874  6259    17808,6734  2573    18143,1363    16632,7612 11667438    8,32%
  11929  6296        cutoff          18143,1363    16632,7612 11740977    8,32%
  11965  6252    18048,9846  2604    18143,1363    16632,7612 11656068    8,32%
  12008  6430    17783,0132  2664    18143,1363    16632,7612 11893019    8,32%
  12041  6393    17689,3731  2303    18143,1363    16632,7612 11830725    8,32%
  12092  6289    16904,1165  3725    18143,1363    16632,7612 11732515    8,32%
  12145  6459        cutoff          18143,1363    16632,7612 11935075    8,32%
Elapsed time = 7351,08 sec. (1088897,56 ticks, tree = 411,63 MB, solutions = 16)
  12178  6514    17996,7919  2676    18143,1363    16632,7612 12016216    8,32%
  12210  6543    17189,8273  2817    18143,1363    16632,7612 12086898    8,32%
  12249  6607    17283,4040  3248    18143,1363    16632,7612 12165712    8,32%
  12298  6674    17516,2738  2683    18143,1363    16632,7612 12275032    8,32%
  12337  6695    18117,2427  1783    18143,1363    16632,7612 12304465    8,32%
  12370  6671    17975,5657  2739    18143,1363    16632,7612 12260502    8,32%
  12402  6708    16909,2010  2925    18143,1363    16632,7612 12338049    8,32%
  12436  6719    18055,2028  3052    18143,1363    16632,7612 12364794    8,32%
  12468  6797    18100,1398  2496    18143,1363    16632,7612 12484044    8,32%
  12506  6840    18129,3796  1922    18143,1363    16632,7612 12539661    8,32%
Elapsed time = 7639,14 sec. (1127646,48 ticks, tree = 431,25 MB, solutions = 16)
  12543  6807    17658,3572  3407    18143,1363    16632,7612 12513730    8,32%
  12563  6785        cutoff          18143,1363    16632,7612 12477134    8,32%
  12587  6858    17225,8905  3254    18143,1363    16716,2125 12574798    7,86%
  12606  6861    17316,5333  3129    18143,1363    16716,2125 12578789    7,86%
  12632  6881    17831,0257  2339    18143,1363    16716,2125 12604819    7,86%
  12658  6920    17062,4783  2897    18143,1363    16716,2125 12680166    7,86%
  12693  6897    17281,7376  3322    18143,1363    16720,5796 12665586    7,84%
  12735  6959    17995,3340  1695    18143,1363    16720,5796 12752758    7,84%
  12773  6971        cutoff          18143,1363    16720,5796 12759715    7,84%
  12804  7045    17906,8194  1891    18143,1363    16720,5796 12903947    7,84%
Elapsed time = 7893,91 sec. (1166880,20 ticks, tree = 444,88 MB, solutions = 16)
  12839  7051    17996,4160  1619    18143,1363    16724,0437 12908649    7,82%
  12876  7079    16841,6268  3670    18143,1363    16724,0437 12970817    7,82%
  12907  7067    17179,0419  3320    18143,1363    16724,0437 12948407    7,82%
  12936  7189    17911,4983  2392    18143,1363    16724,0437 13134526    7,82%
  12981  7143    17200,8294  3180    18143,1363    16724,0437 13091872    7,82%
  13013  7208    18117,7226  1357    18143,1363    16724,0437 13146307    7,82%
  13048  7178    17577,3120  3016    18143,1363    16726,3764 13131790    7,81%
  13083  7285    18008,3779  2861    18143,1363    16726,3764 13368179    7,81%
  13121  7278    17442,5801  2774    18143,1363    16726,3764 13343189    7,81%
  13151  7378    17910,7116  2390    18143,1363    16728,9256 13509106    7,79%
Elapsed time = 8129,89 sec. (1206243,27 ticks, tree = 453,34 MB, solutions = 16)
  13182  7262    17705,1636  2736    18143,1363    16728,9256 13274082    7,79%
  13212  7382    17940,3251  2378    18143,1363    16728,9256 13511175    7,79%
  13255  7393    18024,2510  1942    18143,1363    16728,9256 13516389    7,79%
  13312  7433    17977,3707  1523    18143,1363    16728,9256 13610442    7,79%
  13352  7365    17735,9120  2815    18143,1363    16728,9256 13502344    7,79%
  13397  7489    17356,1417  3024    18143,1363    16729,3766 13743256    7,79%
  13434  7573    17948,7195  2583    18143,1363    16729,7421 13857581    7,79%
  13481  7582    18052,6096  1940    18143,1363    16729,7421 13863286    7,79%
  13544  7628    17551,2614  3461    18143,1363    16730,7447 13945668    7,78%
  13575  7597    17427,5951  3004    18143,1363    16730,7447 13915262    7,78%
Elapsed time = 8399,06 sec. (1245654,84 ticks, tree = 468,39 MB, solutions = 16)
  13613  7527    17874,5866  2540    18143,1363    16731,1879 13821061    7,78%
  13655  7525        cutoff          18143,1363    16731,1879 13798121    7,78%
  13709  7771        cutoff          18143,1363    16731,1879 14150677    7,78%
  13756  7720    17995,2394  2600    18143,1363    16735,6699 14077060    7,76%
  13795  7757    17602,2040  2850    18143,1363    16735,6699 14135683    7,76%
  13831  7905    17071,6023  2886    18143,1363    16735,6699 14314267    7,76%
  13867  7825    17629,5454  2591    18143,1363    16735,6699 14231666    7,76%
  13898  7939    17068,0954  2944    18143,1363    16735,6699 14352359    7,76%
  13930  7940    17073,3666  2854    18143,1363    16735,6699 14378091    7,76%
  13974  8018    17921,8754  2816    18143,1363    16738,6569 14554596    7,74%
Elapsed time = 8672,04 sec. (1285312,34 ticks, tree = 499,83 MB, solutions = 16)
  14023  8055    17832,5861  1968    18143,1363    16738,6569 14616964    7,74%
  14080  8061    17892,3613  1350    18143,1363    16738,6569 14621898    7,74%
  14115  8067    17947,0897  1920    18143,1363    16739,1868 14627154    7,74%
  14164  8143    18066,3752  1556    18143,1363    16739,9699 14746549    7,73%
  14211  8081        cutoff          18143,1363    16739,9699 14638912    7,73%
  14251  7997    17586,5942  2794    18143,1363    16739,9699 14506358    7,73%
  14291  8134    17704,7583  2918    18143,1363    16739,9699 14732663    7,73%
  14346  8187    18108,6708  1483    18143,1363    16741,1118 14793639    7,73%
  14392  8202    17533,5165  3398    18143,1363    16744,5333 14853276    7,71%
  14452  8225    18000,4639  1875    18143,1363    16744,5333 14910185    7,71%
Elapsed time = 8941,43 sec. (1323879,29 ticks, tree = 515,35 MB, solutions = 16)
  14497  8230        cutoff          18143,1363    16744,5333 14916609    7,71%
  14540  8397    18004,3384  1876    18143,1363    16744,5333 15102122    7,71%
  14583  8265    17644,5221  2579    18143,1363    16745,8149 14955441    7,70%
  14629  8295    17802,7184  2433    18143,1363    16746,1436 14989894    7,70%
  14665  8361    17816,0840  2970    18143,1363    16746,2588 15053767    7,70%
  14707  8366    17950,6180  2276    18143,1363    16746,2588 15058515    7,70%
  14741  8659    17851,1127  3005    18143,1363    16752,0425 15483317    7,67%
  14777  8444    17479,0047  3235    18143,1363    16752,0425 15165835    7,67%
  14833  8477    17428,6055  3117    18143,1363    16752,0425 15230548    7,67%
  14877  8669        cutoff          18143,1363    16752,0425 15527751    7,67%
Elapsed time = 9212,43 sec. (1362892,76 ticks, tree = 545,97 MB, solutions = 16)
  14902  8642    17332,2524  2426    18143,1363    16752,0425 15459947    7,67%
  14925  8609    16995,9469  3481    18143,1363    16752,0425 15405564    7,67%
  14946  8709    17950,1444  2436    18143,1363    16752,8946 15621006    7,66%
  14973  8688    18027,3096  2678    18143,1363    16752,8946 15565947    7,66%
  15012  8675    17283,9459  2761    18143,1363    16752,8946 15548724    7,66%
  15052  8801    17916,9285  2448    18143,1363    16752,8946 15752016    7,66%
  15080  8853    17868,1839  3041    18143,1363    16752,8946 15821342    7,66%
  15120  8768    18092,3568  2008    18143,1363    16752,8946 15692049    7,66%
  15148  8833    17736,2525  2956    18143,1363    16753,8593 15793935    7,66%
  15173  9053    17884,3085  2326    18143,1363    16754,3665 16132690    7,65%
Elapsed time = 9503,21 sec. (1402453,50 ticks, tree = 553,79 MB, solutions = 16)
  15213  8897    18077,7066  2280    18143,1363    16754,3665 15897532    7,65%
  15262  8957    18117,0897  2713    18143,1363    16754,3665 16008585    7,65%
  15305  9047    17854,8493  2510    18143,1363    16754,3665 16123850    7,65%
  15330  9049    17975,6703  2372    18143,1363    16755,2632 16129014    7,65%
  15374  8993    17616,3769  2473    18143,1363    16755,2632 16048462    7,65%
  15413  9081    17293,7073  2748    18143,1363    16755,2632 16161849    7,65%
  15445  9155    17162,8616  2670    18143,1363    16755,2632 16335655    7,65%
  15488  9149    18094,3331  1644    18143,1363    16755,2632 16317602    7,65%
  15527  9135    18096,2632  2165    18143,1363    16755,2632 16294051    7,65%
  15567  9151    16992,1869  2914    18143,1363    16759,4018 16325770    7,63%
Elapsed time = 9727,67 sec. (1441672,48 ticks, tree = 557,96 MB, solutions = 16)
  15599  9311    17729,3688  2546    18143,1363    16759,4244 16606332    7,63%
  15640  9275    17176,1106  3146    18143,1363    16759,4244 16547837    7,63%
  15679  9299    17049,7609  3331    18143,1363    16759,4244 16586585    7,63%
  15722  9390    17375,0085  2877    18143,1363    16759,4244 16737678    7,63%
  15760  9357    17628,0176  3010    18143,1363    16759,6313 16678185    7,63%
  15795  9381    18118,5545  2382    18143,1363    16759,6313 16713791    7,63%
  15831  9308    17688,2460  3030    18143,1363    16759,6313 16603702    7,63%
  15875  9350    17426,2156  2853    18143,1363    16759,6313 16663948    7,63%
  15938  9351        cutoff          18143,1363    16759,6313 16668996    7,63%
  15978  9393    18118,7077  2080    18143,1363    16759,6313 16733009    7,63%
Elapsed time = 9983,81 sec. (1480246,31 ticks, tree = 575,96 MB, solutions = 16)
  16014  9431    17949,1232  3190    18143,1363    16760,2516 16802936    7,62%
  16052  9464    17863,1071  2899    18143,1363    16760,2516 16840919    7,62%
  16081  9540    17496,3840  3352    18143,1363    16760,8227 16983180    7,62%
  16112  9653    17681,7579  2918    18143,1363    16760,8227 17185423    7,62%
  16139  9659    17787,7670  2384    18143,1363    16760,8227 17190310    7,62%
  16175  9635    17822,1239  2414    18143,1363    16760,8227 17158039    7,62%
  16221  9676    18002,8466  1781    18143,1363    16764,0922 17200945    7,60%
  16294  9656        cutoff          18143,1363    16764,0922 17169541    7,60%
  16326  9781    17702,2600  2896    18143,1363    16764,0922 17394838    7,60%
  16359  9742    17090,5371  3218    18143,1363    16764,0922 17329449    7,60%
Elapsed time = 10247,23 sec. (1519219,01 ticks, tree = 600,97 MB, solutions = 16)
  16384  9948    17687,8352  2940    18143,1363    16773,5081 17612894    7,55%
  16419  9747    17467,4305  2729    18143,1363    16773,5081 17337716    7,55%
  16464  9769    17061,0919  2951    18143,1363    16773,5081 17378622    7,55%
  16508  9991    17621,6790  3063    18143,1363    16773,5081 17719010    7,55%
  16549 10047    17250,5096  2905    18143,1363    16773,5081 17822616    7,55%
  16576 10033    18041,4903  1687    18143,1363    16773,5081 17792215    7,55%
  16620  9878    17407,8303  2753    18143,1363    16773,5081 17554438    7,55%
  16666 10098    17915,6951  2184    18143,1363    16776,2446 17908374    7,53%
  16718 10103    18084,2162  1260    18143,1363    16776,2446 17914482    7,53%
  16775 10089    17793,7565  1925    18143,1363    16776,8270 17883367    7,53%
Elapsed time = 10516,91 sec. (1558272,84 ticks, tree = 625,19 MB, solutions = 16)
  16808 10170    18108,4604  1710    18143,1363    16776,8270 18011218    7,53%
  16849 10109    17593,4606  3617    18143,1363    16776,8270 17927095    7,53%
  16891 10191    17928,4022  1816    18143,1363    16780,8568 18045105    7,51%
  16950 10368    17859,0760  2870    18143,1363    16780,9526 18335326    7,51%
  16983 10202    18106,3797  1799    18143,1363    16780,9526 18057516    7,51%
  17021 10286    17790,9945  2192    18143,1363    16780,9526 18200867    7,51%
  17050 10292    17893,1753  1506    18143,1363    16780,9526 18205868    7,51%
  17082 10509    17643,5688  2989    18143,1363    16780,9526 18526815    7,51%
  17130 10313    18093,8322  1749    18143,1363    16780,9526 18216000    7,51%
  17176 10338    17340,2333  2963    18143,1363    16780,9526 18289404    7,51%
Elapsed time = 10787,94 sec. (1597158,26 ticks, tree = 632,85 MB, solutions = 16)
  17228 10552    17996,2149  1452    18143,1363    16780,9526 18569741    7,51%
  17295 10391    17702,6556  2020    18143,1363    16785,3968 18370885    7,48%
  17329 10684    17849,8214  2014    18143,1363    16785,3968 18776218    7,48%
  17375 10693    18025,4922  1633    18143,1363    16785,3968 18782005    7,48%
  17418 10523    17952,7953  2228    18143,1363    16785,3968 18559158    7,48%
  17455 10774    17634,9966  3119    18143,1363    16785,3968 18890232    7,48%
  17480 10700    17904,4703  2914    18143,1363    16785,3968 18824574    7,48%
  17511 10795    17992,6793  2642    18143,1363    16787,6758 18929982    7,47%
  17554 10717    17497,0673  2934    18143,1363    16787,6758 18805121    7,47%
  17598 10795    18081,4400  2127    18143,1363    16787,6758 18909633    7,47%
Elapsed time = 11061,01 sec. (1636463,26 ticks, tree = 664,15 MB, solutions = 16)
  17643 10856    17872,0725  2796    18143,1363    16787,6758 19012773    7,47%
  17685 10967        cutoff          18143,1363    16787,6758 19188484    7,47%
  17733 10871    18033,2250  2350    18143,1363    16787,6758 19054595    7,47%
  17776 10990    17765,1761  2708    18143,1363    16787,6758 19237800    7,47%
  17808 10876    17095,9426  3357    18143,1363    16790,9502 19064591    7,45%
  17859 10955    18010,9270  1372    18143,1363    16791,3973 19169455    7,45%
  17917 10966    18112,0825  1565    18143,1363    16791,8897 19176750    7,45%
  17954 10985    18112,4928  2290    18143,1363    16791,8897 19217720    7,45%
  17983 11172    17432,8125  3093    18143,1363    16791,8897 19519504    7,45%
  18010 11177    17546,8183  3037    18143,1363    16791,8897 19523801    7,45%
Elapsed time = 11345,74 sec. (1675354,93 ticks, tree = 691,08 MB, solutions = 16)
  18038 11207    17588,3681  3000    18143,1363    16792,5595 19595935    7,44%
  18065 11188    17722,1001  1892    18143,1363    16793,0536 19533068    7,44%
  18098 11194    17863,9995  1695    18143,1363    16794,1062 19538307    7,44%
  18126 11291    17375,8471  3015    18143,1363    16794,1062 19683203    7,44%
  18160 11272    17726,0610  2466    18143,1363    16795,0840 19653325    7,43%
  18184 11316    17620,8881  2745    18143,1363    16795,1426 19732109    7,43%
  18215 11318    17679,8235  2805    18143,1363    16795,1426 19734732    7,43%
  18252 11432    17418,2686  2938    18143,1363    16795,1426 19962561    7,43%
  18276 11409    17228,3653  3342    18143,1363    16795,1426 19926203    7,43%
  18312 11556    18109,7334  1477    18143,1363    16795,1426 20116722    7,43%
Elapsed time = 11629,70 sec. (1714590,04 ticks, tree = 708,53 MB, solutions = 16)
  18339 11565    18029,0593  2063    18143,1363    16795,1426 20143891    7,43%
  18366 11525    17516,9814  3129    18143,1363    16795,1426 20089663    7,43%
  18394 11442    17920,7415  1935    18143,1363    16795,1426 19986103    7,43%
  18422 11658    18068,1004  1878    18143,1363    16795,1426 20304002    7,43%
  18463 11621    18044,5101  2007    18143,1363    16795,1426 20224053    7,43%
  18504 11646        cutoff          18143,1363    16795,1426 20276689    7,43%
  18534 11568    17848,7120  2450    18143,1363    16795,1426 20147321    7,43%
  18575 11578        cutoff          18143,1363    16795,1426 20177606    7,43%
  18620 11633    17441,5545  3019    18143,1363    16796,7982 20243256    7,42%
  18674 11694    17283,2193  2939    18143,1363    16797,4761 20396804    7,42%
Elapsed time = 11844,07 sec. (1753295,94 ticks, tree = 712,22 MB, solutions = 16)
  18719 11769    17788,2077  2750    18143,1363    16797,4761 20573689    7,42%
  18769 11699    17643,6663  2917    18143,1363    16797,4761 20405576    7,42%
  18810 11857    18095,3826  1169    18143,1363    16797,4761 20740184    7,42%
  18865 11705    18087,0843  2032    18143,1363    16797,8402 20415699    7,41%
  18910 11804    18035,6779  2303    18143,1363    16797,8402 20634223    7,41%
  18953 11766    18084,7341  2335    18143,1363    16797,8402 20551296    7,41%
  18990 11840    17738,9765  2802    18143,1363    16797,8402 20717384    7,41%
  19026 11784    18014,6325  2742    18143,1363    16797,8402 20605874    7,41%
  19066 11818    17225,2426  3016    18143,1363    16797,8402 20681486    7,41%
  19105 11923    17426,2898  2718    18143,1363    16797,8402 20850308    7,41%
Elapsed time = 12106,00 sec. (1792164,25 ticks, tree = 722,72 MB, solutions = 16)
  19142 12050    17845,2184  2743    18143,1363    16797,8402 21004101    7,41%
  19177 12055    17954,0875  2303    18143,1363    16797,8402 21009016    7,41%
  19233 12024    17806,9386  1576    18143,1363    16804,2147 20974544    7,38%
  19296 12120    17536,9943  3324    18143,1363    16804,2147 21147063    7,38%
  19332 12247    17398,4891  3840    18143,1363    16804,2147 21363667    7,38%
  19401 12235    17897,6395  1971    18143,1363    16804,2147 21325062    7,38%
  19456 12081    17269,9784  2690    18143,1363    16804,3524 21033418    7,38%
  19505 12269    18103,7734  1460    18143,1363    16804,3524 21337451    7,38%
  19547 12412    17667,3770  2937    18143,1363    16804,3524 21537545    7,38%
  19607 12381        cutoff          18143,1363    16804,3524 21503128    7,38%
Elapsed time = 12385,76 sec. (1831394,99 ticks, tree = 754,84 MB, solutions = 16)
  19653 12267    17920,5495  2465    18143,1363    16804,3524 21389037    7,38%
  19705 12472    18023,8389  1324    18143,1363    16804,3524 21589472    7,38%
  19772 12672    17987,6368  2439    18143,1363    16804,3524 21914140    7,38%
  19825 12685    18080,7674  1593    18143,1363    16804,3524 21919736    7,38%
  19890 12651    17776,6012  2752    18143,1363    16804,3524 21882834    7,38%
  19939 12657    17900,4630  2344    18143,1363    16804,3524 21887589    7,38%
  19964 12705    17968,4380  2455    18143,1363    16806,2940 21964806    7,37%
  20002 12778    17116,7881  2829    18143,1363    16808,0116 22061412    7,36%
  20035 12755    17817,7236  2720    18143,1363    16808,8250 22021077    7,35%
  20071 12853        cutoff          18143,1363    16808,9425 22116206    7,35%
Elapsed time = 12651,80 sec. (1870666,75 ticks, tree = 789,81 MB, solutions = 16)
  20106 12906    17985,8184  2023    18143,1363    16808,9425 22203385    7,35%
  20154 12883    18060,9234  1836    18143,1363    16808,9425 22163915    7,35%
  20201 12719    17864,6731  2713    18143,1363    16808,9425 21994734    7,35%
  20247 12934    18105,1909  2133    18143,1363    16808,9425 22260671    7,35%
  20295 13032    17851,6240  2561    18143,1363    16808,9425 22419332    7,35%
  20331 12798    17247,5041  2836    18143,1363    16808,9425 22095868    7,35%
  20381 13009    17161,1069  2984    18143,1363    16808,9425 22389362    7,35%
  20427 12985    17661,1706  3172    18143,1363    16808,9425 22353565    7,35%
  20458 13056    17559,8909  3440    18143,1363    16809,5182 22440248    7,35%
  20484 13131    17996,9225  2705    18143,1363    16809,5182 22601064    7,35%
Elapsed time = 12921,96 sec. (1910029,41 ticks, tree = 804,32 MB, solutions = 16)
  20510 13156    17400,6114  2801    18143,1363    16814,1466 22649661    7,33%
  20548 13064    17817,0232  2781    18143,1363    16816,5181 22453828    7,31%
  20594 13162    17665,0261  2863    18143,1363    16817,1788 22658872    7,31%
  20644 13299    17934,4229  2518    18143,1363    16817,1788 22830807    7,31%
  20680 13306    18054,9072  2367    18143,1363    16817,1788 22835901    7,31%
  20732 13115    17960,2273  2690    18143,1363    16817,1788 22587893    7,31%
  20771 13234        cutoff          18143,1363    16817,1788 22759550    7,31%
  20804 13491    17499,5148  3481    18143,1363    16818,3242 23183511    7,30%
  20841 13415    17973,7948  2386    18143,1363    16818,3242 23022281    7,30%
* 20852 13276      integral     0    18072,7236    16818,4886 22815342    6,94%
  20873 13498    17686,8504  3210    18072,7236    16818,9350 23191821    6,94%
Elapsed time = 13190,36 sec. (1949154,21 ticks, tree = 811,39 MB, solutions = 17)
  20906 13336    17372,5815  2779    18072,7236    16818,9350 22911798    6,94%
  20942 13430    17266,4229  2799    18072,7236    16819,6854 23037278    6,93%
  20979 13542    17698,3341  2743    18072,7236    16819,7654 23290905    6,93%
  21019 13431    18023,4875  2940    18072,7236    16819,9874 23077045    6,93%
  21059 12301    16945,0676  2952    18072,7236    16819,9874 23430130    6,93%
  21079 13459    17985,2114  2621    18072,7236    16819,9874 23129878    6,93%
  21109 12251    17585,4210  3514    18072,7236    16819,9874 23357474    6,93%
  21133 12276    17461,0968  3843    18072,7236    16819,9874 23396408    6,93%
  21163 12338    17828,4545  2672    18072,7236    16821,0187 23496045    6,93%
  21200 12433    18066,8666  2346    18072,7236    16821,3826 23703156    6,92%
Elapsed time = 13467,02 sec. (1988702,58 ticks, tree = 733,34 MB, solutions = 17)
  21241 12515    17777,8100  2074    18072,7236    16821,4865 23876063    6,92%
  21282 12522    17856,8611  1188    18072,7236    16821,6560 23881089    6,92%

Zero-half cuts applied:  279
Gomory fractional cuts applied:  5

Root node processing (before b&c):
  Real time             =   55,23 sec. (24150,74 ticks)
Parallel b&c, 12 threads:
  Real time             = 13484,32 sec. (1976049,81 ticks)
  Sync time (average)   = 1639,85 sec.
  Wait time (average)   =    0,05 sec.
                          ------------
Total (root+branch&cut) = 13539,55 sec. (2000200,55 ticks)

