
Version identifier: 22.1.1.0 | 2022-11-28 | 9160aff4d
CPXPARAM_MultiObjective_Display                  0
CPXPARAM_TimeLimit                               600000
CPXPARAM_WorkMem                                 8192
CPXPARAM_DetTimeLimit                            600000
Tried aggregator 3 times.
MIP Presolve eliminated 106823 rows and 1087484 columns.
Aggregator did 1175 substitutions.
Reduced MIP has 4568 rows, 21443 columns, and 47816 nonzeros.
Reduced MIP has 21413 binaries, 30 generals, 0 SOSs, and 0 indicators.
Presolve time = 0,79 sec. (611,66 ticks)
Found incumbent of value 184854,350821 after 0,92 sec. (726,48 ticks)
Probing time = 0,03 sec. (14,03 ticks)
Tried aggregator 2 times.
Detecting symmetries...
MIP Presolve eliminated 1 rows and 1 columns.
Aggregator did 15 substitutions.
Reduced MIP has 4552 rows, 21427 columns, and 47784 nonzeros.
Reduced MIP has 21412 binaries, 15 generals, 0 SOSs, and 0 indicators.
Presolve time = 0,05 sec. (50,84 ticks)
Probing time = 0,03 sec. (9,99 ticks)
Clique table members: 26967.
MIP emphasis: balance optimality and feasibility.
MIP search method: dynamic search.
Parallel mode: deterministic, using up to 12 threads.
Root relaxation solution time = 0,57 sec. (379,20 ticks)

        Nodes                                         Cuts/
   Node  Left     Objective  IInf  Best Integer    Best Bound    ItCnt     Gap

*     0+    0                       184854,3508 -1635118,6910           984,54%
*     0+    0                       162398,7538 -1635118,6910              --- 
*     0+    0                       162381,5548 -1635118,6910              --- 
*     0+    0                       162364,3558 -1635118,6910              --- 
*     0+    0                       162347,1568 -1635118,6910              --- 
*     0+    0                       162329,9578 -1635118,6910              --- 
*     0+    0                       162312,7588 -1635118,6910              --- 
*     0+    0                       162295,5598 -1635118,6910              --- 
*     0+    0                       162279,4408 -1635118,6910              --- 
*     0+    0                       162263,6458 -1635118,6910              --- 
      0     0    25009,1097  1385   162263,6458    25009,1097       43   84,59%
*     0+    0                        71925,1340    25009,1097            65,23%
      0     0    25039,3958  1418    71925,1340  ZeroHalf: 11      363   65,19%
*     0+    0                        35667,6355    25039,3958            29,80%
      0     0    25130,3666  1431    35667,6355      Cuts: 10      866   29,54%
      0     0    25150,1353  1463    35667,6355   ZeroHalf: 8     1031   29,49%
*     0+    0                        34041,0070    25150,1353            26,12%
*     0+    0                        33937,0809    25150,1353            25,89%
*     0+    0                        33020,7192    25150,1353            23,84%
*     0+    0                        32966,2875    25150,1353            23,71%
      0     0  -1,00000e+75     0    32966,2875    25150,1353     1031   23,71%
*     0+    0                        27164,5255    25150,1353             7,42%
      0     0    25156,0642  1513    27164,5255   ZeroHalf: 3     1203    7,39%
*     0+    0                        25682,9114    25156,0642             2,05%
*     0+    0                        25652,0759    25156,0642             1,93%
Detecting symmetries...

Repeating presolve.
Tried aggregator 3 times.
MIP Presolve eliminated 788 rows and 8989 columns.
Aggregator did 220 substitutions.
Reduced MIP has 3544 rows, 12218 columns, and 28435 nonzeros.
Reduced MIP has 12204 binaries, 14 generals, 0 SOSs, and 0 indicators.
Presolve time = 0,03 sec. (31,76 ticks)
Probing time = 0,02 sec. (6,99 ticks)
Tried aggregator 2 times.
Detecting symmetries...
Aggregator did 1 substitutions.
Reduced MIP has 3543 rows, 12217 columns, and 28436 nonzeros.
Reduced MIP has 12203 binaries, 14 generals, 0 SOSs, and 0 indicators.
Presolve time = 0,02 sec. (23,65 ticks)
Represolve time = 0,70 sec. (732,60 ticks)
Probing time = 0,01 sec. (6,93 ticks)
Clique table members: 16540.
MIP emphasis: balance optimality and feasibility.
MIP search method: dynamic search.
Parallel mode: deterministic, using up to 12 threads.
Root relaxation solution time = 0,35 sec. (284,88 ticks)

        Nodes                                         Cuts/
   Node  Left     Objective  IInf  Best Integer    Best Bound    ItCnt     Gap

*     0+    0                        25652,0759    25156,0642             1,93%
      0     0    25156,0642  1467    25652,0759    25156,0642     1242    1,93%
      0     0    25156,3988  1467    25652,0759   ZeroHalf: 1     1265    1,93%
Detecting symmetries...
      0     2    25156,3988  1467    25652,0759    25231,2049     1265    1,64%
Elapsed time = 13,19 sec. (9171,74 ticks, tree = 0,02 MB, solutions = 19)
      1     3    25187,1672  1318    25652,0759    25231,2049     2436    1,64%
      3     4    25372,1070  1507    25652,0759    25231,2049     4019    1,64%
      7     7    25476,8755  1098    25652,0759    25231,2049     7556    1,64%
     24    11    25609,9690  1355    25652,0759    25384,2350    12254    1,04%
*    26    17      integral     0    25538,9294    25384,2350    18833    0,61%
     45     2        cutoff          25538,9294    25458,6265    26252    0,31%

Zero-half cuts applied:  16
Gomory fractional cuts applied:  4

Root node processing (before b&c):
  Real time             =   12,84 sec. (9311,77 ticks)
Parallel b&c, 12 threads:
  Real time             =    3,46 sec. (1808,65 ticks)
  Sync time (average)   =    1,63 sec.
  Wait time (average)   =    0,00 sec.
                          ------------
Total (root+branch&cut) =   16,30 sec. (11120,42 ticks)

