
Version identifier: 22.1.1.0 | 2022-11-28 | 9160aff4d
CPXPARAM_MultiObjective_Display                  0
CPXPARAM_WorkMem                                 8192
CPXPARAM_DetTimeLimit                            2000000
Tried aggregator 3 times.
MIP Presolve eliminated 19618 rows and 123781 columns.
Aggregator did 314 substitutions.
Reduced MIP has 1567 rows, 5831 columns, and 13180 nonzeros.
Reduced MIP has 5816 binaries, 15 generals, 0 SOSs, and 0 indicators.
Presolve time = 0,10 sec. (79,67 ticks)
Found incumbent of value 101450,290000 after 0,13 sec. (103,32 ticks)
Probing time = 0,01 sec. (5,05 ticks)
Tried aggregator 2 times.
Detecting symmetries...
Aggregator did 7 substitutions.
Reduced MIP has 1560 rows, 5824 columns, and 13166 nonzeros.
Reduced MIP has 5816 binaries, 8 generals, 0 SOSs, and 0 indicators.
Presolve time = 0,01 sec. (12,86 ticks)
Probing time = 0,01 sec. (5,02 ticks)
Clique table members: 7736.
MIP emphasis: balance optimality and feasibility.
MIP search method: dynamic search.
Parallel mode: deterministic, using up to 12 threads.
Root relaxation solution time = 0,18 sec. (138,38 ticks)

        Nodes                                         Cuts/
   Node  Left     Objective  IInf  Best Integer    Best Bound    ItCnt     Gap

*     0+    0                       101450,2900  -439380,0000           533,10%
*     0+    0                        85759,9440  -439380,0000           612,34%
*     0+    0                        85752,2220  -439380,0000           612,38%
*     0+    0                        85744,5000  -439380,0000           612,43%
*     0+    0                        85736,7780  -439380,0000           612,48%
*     0+    0                        85729,0560  -439380,0000           612,52%
*     0+    0                        85721,3340  -439380,0000           612,57%
*     0+    0                        85713,6120  -439380,0000           612,61%
*     0+    0                        85705,8900  -439380,0000           612,66%
*     0+    0                        85698,1680  -439380,0000           612,71%
*     0     0      integral     0     7863,0000     7863,0000     3060    0,00%
Elapsed time = 0,39 sec. (295,98 ticks, tree = 0,00 MB, solutions = 11)

Root node processing (before b&c):
  Real time             =    0,40 sec. (308,22 ticks)
Parallel b&c, 12 threads:
  Real time             =    0,00 sec. (0,00 ticks)
  Sync time (average)   =    0,00 sec.
  Wait time (average)   =    0,00 sec.
                          ------------
Total (root+branch&cut) =    0,40 sec. (308,22 ticks)

