
Version identifier: 22.1.1.0 | 2022-11-28 | 9160aff4d
CPXPARAM_MultiObjective_Display                  0
CPXPARAM_WorkMem                                 8192
CPXPARAM_DetTimeLimit                            2000000
Tried aggregator 3 times.
MIP Presolve eliminated 121916 rows and 1087910 columns.
Aggregator did 1208 substitutions.
Reduced MIP has 5350 rows, 26744 columns, and 59046 nonzeros.
Reduced MIP has 26712 binaries, 32 generals, 0 SOSs, and 0 indicators.
Presolve time = 0,94 sec. (632,10 ticks)
Found incumbent of value 194662,386141 after 1,10 sec. (762,09 ticks)
Probing time = 0,04 sec. (16,44 ticks)
Tried aggregator 2 times.
Detecting symmetries...
MIP Presolve eliminated 1 rows and 1 columns.
Aggregator did 16 substitutions.
Reduced MIP has 5333 rows, 26727 columns, and 59012 nonzeros.
Reduced MIP has 26711 binaries, 16 generals, 0 SOSs, and 0 indicators.
Presolve time = 0,07 sec. (62,28 ticks)
Probing time = 0,04 sec. (11,78 ticks)
Clique table members: 33188.
MIP emphasis: balance optimality and feasibility.
MIP search method: dynamic search.
Parallel mode: deterministic, using up to 12 threads.
Root relaxation solution time = 0,78 sec. (470,87 ticks)

        Nodes                                         Cuts/
   Node  Left     Objective  IInf  Best Integer    Best Bound    ItCnt     Gap

*     0+    0                       194662,3861 -1794762,0000              --- 
*     0+    0                       170210,3781 -1794762,0000              --- 
*     0+    0                       170192,1261 -1794762,0000              --- 
*     0+    0                       170173,8741 -1794762,0000              --- 
*     0+    0                       170155,6221 -1794762,0000              --- 
*     0+    0                       170137,3701 -1794762,0000              --- 
*     0+    0                       170119,1181 -1794762,0000              --- 
*     0+    0                       170101,9461 -1794762,0000              --- 
*     0+    0                       170085,0981 -1794762,0000              --- 
*     0+    0                       170068,2501 -1794762,0000              --- 
      0     0    23461,4787  2042   170068,2501    23461,4787       40   86,20%
*     0+    0                       123748,3686    23461,4787            81,04%
      0     0    23511,2858  2049   123748,3686  ZeroHalf: 19      569   81,00%
      0     0    23547,9126  2178   123748,3686      Cuts: 14     1279   80,97%
      0     0    23595,4788  2241   123748,3686  ZeroHalf: 13     1974   80,93%
*     0+    0                        94448,2729    23595,4788            75,02%
*     0+    0                        67161,0746    23595,4788            64,87%
*     0+    0                        57463,3372    23595,4788            58,94%
*     0+    0                        53840,6197    23595,4788            56,18%
      0     0  -1,00000e+75     0    53840,6197    23595,4788     1974   56,18%
*     0+    0                        46111,2071    23595,4788            48,83%
*     0+    0                        46111,0451    23595,4788            48,83%
      0     0    23652,6213  2349    46111,0451  ZeroHalf: 12     2817   48,71%
      0     0    23663,7920  2372    46111,0451   ZeroHalf: 7     3211   48,68%
Detecting symmetries...
      0     0    23666,0715  2415    46111,0451   ZeroHalf: 5     3369   48,68%
      0     0    23671,7254  2405    46111,0451   ZeroHalf: 6     3659   48,66%
      0     0    23680,6804  2357    46111,0451   ZeroHalf: 8     3960   48,64%
      0     0    23684,0961  2454    46111,0451   ZeroHalf: 7     4171   48,64%
      0     0    23685,8876  2458    46111,0451   ZeroHalf: 3     4272   48,63%
      0     0    23686,0199  2433    46111,0451   ZeroHalf: 3     4323   48,63%
      0     0    23689,1812  2455    46111,0451   ZeroHalf: 1     4495   48,63%
      0     0    23689,3900  2438    46111,0451   ZeroHalf: 1     4549   48,63%
      0     0    23694,6351  2474    46111,0451   ZeroHalf: 4     4887   48,61%
      0     0    23694,9211  2518    46111,0451   ZeroHalf: 1     4940   48,61%
*     0+    0                        31606,2644    23694,9211            25,03%
*     0+    0                        30119,0649    23694,9211            21,33%
Detecting symmetries...
      0     2    23694,9211  2518    30119,0649    23694,9211     4940   21,33%
Elapsed time = 34,76 sec. (16058,62 ticks, tree = 0,02 MB, solutions = 19)
      1     3    23739,7463  2358    30119,0649    23695,0200     5714   21,33%
      3     4    23772,8566  2284    30119,0649    23695,0200     6409   21,33%
      5     5    23749,3362  2178    30119,0649    23708,9207     7689   21,28%
      8     7    23847,7545  2138    30119,0649    23709,0750     9078   21,28%
     11     8    23811,2726  2221    30119,0649    23709,0750    10374   21,28%
     14     8    23927,2589  1834    30119,0649    23749,3511    10970   21,15%
     19     9    23976,2268  2289    30119,0649    23749,3511    13110   21,15%
     27    22    24116,4695  1641    30119,0649    23764,6012    28195   21,10%
     33    24    24108,3407  1522    30119,0649    23811,3471    31330   20,94%
     65    31    24171,1989  1670    30119,0649    23811,3471    39174   20,94%
Elapsed time = 58,05 sec. (20523,92 ticks, tree = 0,24 MB, solutions = 19)
     92    78    24402,9243  1357    30119,0649    23811,3471    69164   20,94%
    124   101    24862,6241  1152    30119,0649    23811,3471    80296   20,94%
*   132+   81                        28101,7071    23811,3471            15,27%
    162   133    24276,5105  1674    28101,7071    23811,3471    96902   15,27%
*   171+   89                        27461,3594    23811,3471            13,29%
    212   134    24464,3107  1202    27461,3594    23811,3471    97841   13,29%
    276   220    25052,0418  1045    27461,3594    23811,3471   140444   13,29%
*   322+  256                        26687,7057    23811,3471            10,78%
    356   295    24820,8893  1042    26687,7057    23811,3471   168332   10,78%
    433   338    24799,9469  1072    26687,7057    23811,3471   183378   10,78%
    501   379    26299,5339   818    26687,7057    23811,3471   197641   10,78%
    583   474    25917,6411  1030    26687,7057    23811,3471   239315   10,78%
    622   501    25254,0710  1018    26687,7057    23841,3663   250532   10,67%
Elapsed time = 126,68 sec. (30263,29 ticks, tree = 14,40 MB, solutions = 26)
    659   531    24583,9050  1419    26687,7057    23861,6031   268362   10,59%
    703   565    26304,8693   842    26687,7057    23861,6031   291718   10,59%
    761   628    26575,0739   362    26687,7057    23861,6031   324830   10,59%
    818   643    26116,3494   422    26687,7057    23861,6031   329958   10,59%
    890   671        cutoff          26687,7057    23861,6031   348413   10,59%
    945   715    24371,8057  1542    26687,7057    23861,6031   366602   10,59%
    997   752    24296,5208  1846    26687,7057    23861,6031   379810   10,59%
   1056   831    25051,0032  1456    26687,7057    23861,6031   410099   10,59%
   1110   941    25511,5995  1061    26687,7057    23861,6031   455380   10,59%
   1175   951    26371,5087   583    26687,7057    23861,6031   457672   10,59%
Elapsed time = 198,28 sec. (40015,63 ticks, tree = 34,48 MB, solutions = 26)
*  1248   972      integral     0    26368,7716    23861,6031   467982    9,51%
   1253  1030    25913,7569   767    26368,7716    23861,6031   494557    9,51%
   1322  1013    25936,4625  1456    26368,7716    23900,2713   486320    9,36%
   1401  1056    25460,8145   972    26368,7716    23900,2713   529431    9,36%
   1461  1095    24529,2051  1645    26368,7716    23900,2713   549633    9,36%
   1520  1057    26162,0912  1536    26368,7716    23955,7184   529334    9,15%
   1579  1119    24645,7248  1440    26368,7716    23955,7184   559704    9,15%
   1632  1232    25081,5274  1480    26368,7716    23955,7184   605840    9,15%
   1701  1283    26014,2786  1429    26368,7716    23955,7184   623734    9,15%
   1780  1348    25814,1230  1226    26368,7716    23955,7184   647677    9,15%
   1844  1379    26095,1181  1125    26368,7716    23955,7184   658265    9,15%
Elapsed time = 270,11 sec. (49669,17 ticks, tree = 52,91 MB, solutions = 28)
   1911  1449    24721,6040  1628    26368,7716    24028,1374   682658    8,88%
   1967  1556    25067,4916  1207    26368,7716    24028,1374   725801    8,88%
   2053  1537    25240,2878  1256    26368,7716    24061,3454   717136    8,75%
   2126  1653    24995,5668  1208    26368,7716    24065,5637   761550    8,73%
   2200  1590    24538,6992  1417    26368,7716    24065,5637   739201    8,73%
   2264  1795    24243,9956  1436    26368,7716    24073,2955   810866    8,71%
   2331  1802    24524,2791  1234    26368,7716    24080,3904   812873    8,68%
   2406  1861    25342,4163  1229    26368,7716    24081,5782   836175    8,67%
   2472  2009    25871,4656  1121    26368,7716    24081,5782   889040    8,67%
   2538  2034    24196,3812  1570    26368,7716    24089,2690   896020    8,64%
Elapsed time = 343,62 sec. (59348,84 ticks, tree = 69,32 MB, solutions = 28)
   2607  2095    25315,5801  1127    26368,7716    24089,2690   922550    8,64%
   2666  2082    25458,3383  1074    26368,7716    24089,2690   915634    8,64%
   2736  2125    24997,2211  1188    26368,7716    24109,7505   936301    8,57%
   2805  2215    26163,4264  1135    26368,7716    24120,7653   974600    8,53%
   2874  2275        cutoff          26368,7716    24120,7653   997358    8,53%
   2947  2291    24908,7646  1531    26368,7716    24124,7896  1004315    8,51%
   3024  2376    25557,2083  1217    26368,7716    24126,6106  1038089    8,50%
   3116  2465    26324,1784   874    26368,7716    24129,2225  1080506    8,49%
   3192  2430    24267,6739  1546    26368,7716    24129,2225  1064269    8,49%
   3275  2503    24782,8897  1366    26368,7716    24129,8171  1096064    8,49%
Elapsed time = 415,65 sec. (69012,41 ticks, tree = 89,69 MB, solutions = 28)
   3332  2561    24567,6883  1310    26368,7716    24134,3314  1114113    8,47%
   3419  2725    26056,7312   621    26368,7716    24136,7640  1169321    8,46%
   3518  2858    26349,1867  1241    26368,7716    24136,8213  1216890    8,46%
   3602  2947    26210,9699  1290    26368,7716    24138,0006  1245950    8,46%
*  3658+ 2825                        26344,6118    24141,1880             8,36%
   3672  3014    24442,7403  1445    26344,6118    24141,1880  1272538    8,36%
   3747  3064    24624,5388  1196    26344,6118    24142,4706  1292213    8,36%
   3827  3069    25140,4752  1355    26344,6118    24142,4706  1294254    8,36%
   3903  3088    24413,3544  1440    26344,6118    24142,4706  1300427    8,36%
   3943  3166    25834,2254  1489    26344,6118    24142,4706  1328241    8,36%

Performing restart 1

Repeating presolve.
Tried aggregator 1 time.
Reduced MIP has 5333 rows, 26727 columns, and 59012 nonzeros.
Reduced MIP has 26711 binaries, 16 generals, 0 SOSs, and 0 indicators.
Presolve time = 0,04 sec. (35,46 ticks)
Tried aggregator 1 time.
Reduced MIP has 5333 rows, 26727 columns, and 59012 nonzeros.
Reduced MIP has 26711 binaries, 16 generals, 0 SOSs, and 0 indicators.
Presolve time = 0,06 sec. (44,48 ticks)
Represolve time = 1,56 sec. (1030,63 ticks)
   3959     0    23720,7328  2573    26344,6118   ZeroHalf: 4  1414216    8,31%
   3959     0    23724,7845  2581    26344,6118   ZeroHalf: 7  1414488    8,31%
   3959     0    23728,3424  2617    26344,6118   ZeroHalf: 7  1414731    8,31%
   3959     0    23735,9214  2552    26344,6118  ZeroHalf: 13  1415177    8,31%
   3959     0    23741,6170  2504    26344,6118   ZeroHalf: 9  1415710    8,31%
   3959     0    23745,9344  2653    26344,6118  ZeroHalf: 12  1416125    8,31%
   3959     2    23745,9344  2653    26344,6118    24154,0964  1416125    8,31%
Elapsed time = 541,01 sec. (112869,51 ticks, tree = 0,02 MB, solutions = 29)
   3960     3    23747,1160  2545    26344,6118    24154,0964  1416491    8,31%
   3961     3    23934,4240  2131    26344,6118    24154,0964  1418854    8,31%
   3965     8    23948,3705  2062    26344,6118    24154,0964  1422539    8,31%
   3970    10    23951,1959  2065    26344,6118    24154,0964  1427136    8,31%
   3979    15    24034,9807  2120    26344,6118    24154,0964  1436183    8,31%
   3995    25    23818,4392  2146    26344,6118    24154,0964  1455399    8,31%
   4022    22    24374,0190  2036    26344,6118    24154,0964  1447653    8,31%
   4041    42    24701,0212  1972    26344,6118    24154,0964  1475064    8,31%
   4052    73    24981,4475  1398    26344,6118    24154,0964  1492930    8,31%
   4073   108    24632,4994  1871    26344,6118    24154,0964  1522296    8,31%
Elapsed time = 591,24 sec. (124037,12 ticks, tree = 1,68 MB, solutions = 29)
   4101   110    23930,2866  1871    26344,6118    24154,0964  1527065    8,31%
   4115   119    25156,2470  1608    26344,6118    24154,0964  1536502    8,31%
   4147   133    24658,0061  1660    26344,6118    24154,0964  1542599    8,31%
   4179   190    24282,7943  1905    26344,6118    24154,0964  1581387    8,31%
   4207   191    24509,0266  1645    26344,6118    24154,0964  1583227    8,31%
   4233   223    25276,6402  1368    26344,6118    24154,0964  1600025    8,31%
   4270   232    24916,5403  1723    26344,6118    24154,0964  1607909    8,31%
   4317   260    24275,1875  1627    26344,6118    24154,0964  1624191    8,31%
   4360   336    25606,4523  1279    26344,6118    24154,0964  1663121    8,31%
   4400   384    24842,6349  1888    26344,6118    24154,0964  1690861    8,31%
Elapsed time = 658,56 sec. (133909,57 ticks, tree = 8,12 MB, solutions = 29)
   4444   339    24411,3694  1705    26344,6118    24154,0964  1669382    8,31%
   4470   370    24495,6480  1878    26344,6118    24154,0964  1683906    8,31%
   4511   436    25151,0217  1595    26344,6118    24154,0964  1720535    8,31%
   4546   469    25027,6077  1703    26344,6118    24154,0964  1734344    8,31%
   4574   487    24315,8382  1363    26344,6118    24154,0964  1743216    8,31%
   4614   576    24195,3015  2041    26344,6118    24154,0964  1795821    8,31%
   4656   545    24023,4620  2003    26344,6118    24154,0964  1779442    8,31%
   4692   588    25269,6054  1520    26344,6118    24154,0964  1802055    8,31%
   4727   598    24140,0759  1687    26344,6118    24154,0964  1807482    8,31%
*  4862+  710                        26115,6171    24154,0964             7,51%
   4870   689    25322,2891  1659    26115,6171    24154,0964  1852409    7,51%
Elapsed time = 748,14 sec. (146651,84 ticks, tree = 22,37 MB, solutions = 30)
   5065   872    24352,4088  1510    26115,6171    24154,0964  1944695    7,51%
   5260  1011    24547,0712  1881    26115,6171    24154,0964  2014961    7,51%
*  5352  1105      integral     0    25323,7583    24154,0964  2051032    4,62%
   5523  1109    24643,3258  1497    25323,7583    24154,0964  2137001    4,62%
   5755  1170        cutoff          25323,7583    24154,0964  2179197    4,62%
   5980  1408    25099,4492  1314    25323,7583    24154,0964  2288685    4,62%
   6203  1534    24546,0330  1620    25323,7583    24154,0964  2342292    4,62%
   6333  1705    25090,3116  1591    25323,7583    24154,0964  2420826    4,62%
   6430  1897    24635,9398  1930    25323,7583    24154,0964  2539110    4,62%
   6611  1946    24596,6514  1544    25323,7583    24154,0964  2571542    4,62%
Elapsed time = 1009,78 sec. (184005,94 ticks, tree = 77,45 MB, solutions = 31)
   6781  2041    25058,0970  1524    25323,7583    24154,0964  2623793    4,62%
   6995  2181    24986,9801  1606    25323,7583    24154,0964  2716738    4,62%
   7171  2287    25237,3311  1123    25323,7583    24154,0964  2785867    4,62%
   7332  2470    25226,1374  1410    25323,7583    24154,0964  2907503    4,62%
   7546  2535    24159,7616  1704    25323,7583    24154,0964  2946524    4,62%
   7726  2766    24900,0260  1374    25323,7583    24154,0964  3084791    4,62%
   7864  2816    24488,0384  1546    25323,7583    24154,0964  3121519    4,62%
   7978  3036    24664,4037  1609    25323,7583    24154,0964  3265528    4,62%
   8095  3118    24207,1182  2008    25323,7583    24154,0964  3314461    4,62%
   8281  3150    24611,8233  1746    25323,7583    24154,0964  3330702    4,62%
Elapsed time = 1280,41 sec. (222339,03 ticks, tree = 125,10 MB, solutions = 31)
   8478  3298    25066,8149  1601    25323,7583    24154,0964  3436262    4,62%
   8659  3467    25233,7624  1196    25323,7583    24154,0964  3552329    4,62%
   8845  3570    25115,9472  1110    25323,7583    24154,0964  3629065    4,62%
   9018  3686    24233,8074  1548    25323,7583    24154,0964  3710452    4,62%
   9194  3860    24278,5364  1706    25323,7583    24154,0964  3821853    4,62%
   9391  3998    24383,9254  1676    25323,7583    24154,0964  3922431    4,62%
   9565  4181    24927,1898  1395    25323,7583    24154,0964  4041665    4,62%
   9765  4270    25310,0556  1606    25323,7583    24154,0964  4110769    4,62%
   9957  4302    24407,1234  1768    25323,7583    24154,0964  4138602    4,62%
  10071  4444    24581,1950  1657    25323,7583    24154,0964  4237105    4,62%
Elapsed time = 1568,74 sec. (260646,27 ticks, tree = 174,68 MB, solutions = 31)
  10174  4605    24853,6953  1448    25323,7583    24154,0964  4365528    4,62%
  10317  4684    25045,5814  1512    25323,7583    24154,0964  4425612    4,62%
  10477  4693    24464,9467  1635    25323,7583    24154,0964  4432783    4,62%
  10694  4816    25239,2808  1425    25323,7583    24156,2699  4535378    4,61%
* 10867  5001      integral     0    25296,5052    24161,5024  4654098    4,49%
  10893  4968    25178,2136  1726    25296,5052    24163,0330  4635856    4,48%
* 10907+ 5021                        25291,6452    24163,5680             4,46%
  11069  5060    24660,7607  1764    25291,6452    24168,0572  4730024    4,44%
  11243  5149    24985,9940  1713    25291,6452    24180,2797  4794121    4,39%
  11422  5347    24813,5606  1600    25291,6452    24182,7757  4939793    4,38%
  11621  5457    25027,8865  1711    25291,6452    24185,7404  5039790    4,37%
  11822  5565    24921,8855  1416    25291,6452    24199,2639  5114925    4,32%
Elapsed time = 1839,87 sec. (298998,62 ticks, tree = 206,33 MB, solutions = 33)
  12039  5598    24958,2759  1435    25291,6452    24200,1723  5134535    4,32%
  12189  5743    25153,3284  1493    25291,6452    24210,3979  5236326    4,28%
  12309  6053        cutoff          25291,6452    24210,9213  5447379    4,27%
  12442  6060    24449,4440  1413    25291,6452    24214,1764  5455864    4,26%
  12613  6224    25030,4512  1873    25291,6452    24221,0364  5569800    4,23%
  12819  6243    25084,4395  1443    25291,6452    24221,0364  5578266    4,23%
  13014  6385    24743,1337  1593    25291,6452    24227,3334  5685272    4,21%
  13209  6402    25277,7805  1523    25291,6452    24228,6360  5693978    4,20%
  13411  6717    24815,2741  1714    25291,6452    24235,0298  5943842    4,18%
  13603  6737    25228,9779  1781    25291,6452    24237,5389  5951861    4,17%
Elapsed time = 2122,90 sec. (337400,36 ticks, tree = 247,71 MB, solutions = 33)
  13796  6809    25273,0365  1663    25291,6452    24242,4351  6010601    4,15%
  13973  7116    25111,9336  1370    25291,6452    24250,8886  6242158    4,12%
  14109  6998    25034,0153  1591    25291,6452    24252,9144  6156655    4,11%
  14204  7260        cutoff          25291,6452    24259,3342  6336195    4,08%
  14339  7339    24701,8814  1589    25291,6452    24259,8382  6395276    4,08%
  14505  7414    25227,8427  1412    25291,6452    24260,2206  6468091    4,08%
  14688  7371    24700,3548  1404    25291,6452    24261,7848  6421012    4,07%
  14889  7670        cutoff          25291,6452    24265,5524  6678072    4,06%
  15112  7568    25224,7483  1468    25291,6452    24265,8965  6589137    4,06%
  15322  7937    25210,2065  1353    25291,6452    24272,3962  6864578    4,03%
Elapsed time = 2410,64 sec. (375748,52 ticks, tree = 282,24 MB, solutions = 33)
  15529  7973        cutoff          25291,6452    24272,7317  6902360    4,03%
  15736  8072    24523,6991  1700    25291,6452    24279,4310  6981721    4,00%
  15913  8027    24925,4733  1703    25291,6452    24280,8768  6942840    4,00%
  16113  8281    24769,2470  1471    25291,6452    24287,1964  7146146    3,97%
  16301  8347        cutoff          25291,6452    24289,1655  7203499    3,96%
  16436  8477    24702,6273  1738    25291,6452    24296,5122  7327687    3,93%
  16543  8470    24567,8832  1645    25291,6452    24297,6185  7319581    3,93%
  16634  8711    24951,9145  1708    25291,6452    24306,5404  7527010    3,89%
  16822  8758    24493,7018  1569    25291,6452    24309,1290  7561916    3,88%
  17018  8858    25021,8579  1569    25291,6452    24312,7555  7644067    3,87%
Elapsed time = 2700,92 sec. (414088,56 ticks, tree = 316,63 MB, solutions = 33)
  17212  9031    24717,0645  1491    25291,6452    24314,3019  7772138    3,86%
  17393  8997    24931,6289  1439    25291,6452    24316,4111  7745613    3,86%
  17593  9230    24945,8760  1626    25291,6452    24318,1763  7934582    3,85%
  17796  9306    25151,1789  1597    25291,6452    24321,7931  7994310    3,83%
  18007  9325    24647,8534  1763    25291,6452    24329,4801  8012478    3,80%
  18217  9359    25187,9746  1286    25291,6452    24330,2939  8039615    3,80%
  18433  9710    25228,0178  1292    25291,6452    24337,5618  8325279    3,77%
  18638  9794    25125,0160  1294    25291,6452    24338,4730  8403775    3,77%
  18827  9783    24882,4650  1529    25291,6452    24340,9651  8393682    3,76%
  18969  9882    25100,5359  1525    25291,6452    24346,2380  8466584    3,74%
Elapsed time = 2991,58 sec. (452374,04 ticks, tree = 359,24 MB, solutions = 33)
  19087  9990        cutoff          25291,6452    24347,5906  8557822    3,73%
  19167 10269    24603,7481  1896    25291,6452    24352,7314  8788119    3,71%
  19286 10275    24930,0351  1681    25291,6452    24353,2845  8796627    3,71%
  19475 10311    25261,6986  1438    25291,6452    24358,0929  8825151    3,69%
  19674 10339    25012,7233  1885    25291,6452    24359,5987  8845700    3,69%
  19887 10396    24788,6405  1686    25291,6452    24361,2151  8906026    3,68%
  20084 10685        cutoff          25291,6452    24364,4651  9158731    3,67%
  20304 10780    25271,8987  1200    25291,6452    24365,6867  9237573    3,66%
  20497 10953        cutoff          25291,6452    24370,6742  9385670    3,64%
  20695 10792        cutoff          25291,6452    24372,8280  9255013    3,63%
Elapsed time = 3266,85 sec. (490966,16 ticks, tree = 390,65 MB, solutions = 33)
  20893 10968    24962,4815  1430    25291,6452    24375,7109  9402450    3,62%
  21090 11151    24568,2515  1618    25291,6452    24382,1629  9566308    3,60%
  21299 11141    24677,2124  1273    25291,6452    24382,4279  9553090    3,59%
  21472 11444    25083,0573  1785    25291,6452    24386,6505  9825246    3,58%
  21675 11372        cutoff          25291,6452    24390,3914  9772967    3,56%
  21909 11603    25266,2869  1378    25291,6452    24392,2466  9962576    3,56%
  22096 11589    24866,0002  1545    25291,6452    24395,7699  9951471    3,54%
* 22106 11637      integral     0    25288,1100    24395,7699  9993670    3,53%
  22241 11842    24887,8144  1690    25288,1100    24399,3559 10172457    3,51%
  22365 12029    25042,3579  1675    25288,1100    24401,8113 10340229    3,50%
  22463 12091    25140,4629  1631    25288,1100    24403,8480 10391596    3,50%
Elapsed time = 3557,35 sec. (529356,72 ticks, tree = 431,08 MB, solutions = 34)
  22604 12123    24972,2254  1536    25288,1100    24406,3776 10420362    3,49%
  22769 12140    24876,4259  1433    25288,1100    24410,2585 10432614    3,47%
  22972 12163    24597,5665  1336    25288,1100    24412,4683 10453638    3,46%
  23180 12223    25249,3424  1517    25288,1100    24413,0015 10514307    3,46%
  23389 12456    24938,7079  1435    25288,1100    24415,4932 10736776    3,45%
  23582 12445    25128,7042  1857    25288,1100    24417,5098 10723415    3,44%
  23803 12601    25273,5295  1356    25288,1100    24417,8611 10868242    3,44%
  24021 12682        cutoff          25288,1100    24421,3136 10959365    3,43%
  24239 12761    24985,2077  1750    25288,1100    24423,9007 11036063    3,42%
  24467 12806    25113,4735  1290    25288,1100    24424,6144 11069853    3,41%
Elapsed time = 3832,52 sec. (567665,77 ticks, tree = 440,56 MB, solutions = 34)
  24682 13059    25274,9201  1427    25288,1100    24428,1422 11272194    3,40%
  24931 13189    25000,2266  1543    25288,1100    24431,7533 11375690    3,39%
  25154 13210    24702,1998  1600    25288,1100    24432,4331 11404239    3,38%
  25373 13487    25264,0720  1203    25288,1100    24439,5391 11618063    3,36%
  25576 13387    25062,9343  1652    25288,1100    24444,0578 11552242    3,34%
  25766 13646    24866,0379  1598    25288,1100    24444,4843 11756285    3,34%
  25976 13783    25269,2640  1454    25288,1100    24448,9772 11904980    3,32%
  26195 13779    25167,6860  1307    25288,1100    24451,3222 11889045    3,31%
  26413 13841    25152,1752  1673    25288,1100    24451,7807 11970792    3,31%
  26575 13972    24982,0026  1501    25288,1100    24456,7685 12098159    3,29%
Elapsed time = 4120,97 sec. (605921,68 ticks, tree = 487,17 MB, solutions = 34)
  26681 14055    24655,5083  1417    25288,1100    24458,5828 12172012    3,28%
  26784 14088    24809,8239  1333    25288,1100    24460,2260 12203509    3,27%
  26914 14280    25237,9195  1683    25288,1100    24462,6512 12353324    3,26%
  27077 14480    25286,0082  1362    25288,1100    24465,4405 12526085    3,25%
  27314 14440    24736,9646  1653    25288,1100    24466,4913 12492966    3,25%
  27545 14513    24991,2817  1503    25288,1100    24470,2978 12551459    3,23%
  27755 14531    25257,1662  1539    25288,1100    24470,8590 12566757    3,23%
  27961 14538        cutoff          25288,1100    24473,9918 12584781    3,22%
  28172 14734    25091,2136  1368    25288,1100    24475,8592 12741052    3,21%
  28377 14821        cutoff          25288,1100    24477,2378 12827565    3,21%
Elapsed time = 4404,90 sec. (644427,78 ticks, tree = 523,32 MB, solutions = 34)
  28606 15054    24982,6419  1394    25288,1100    24479,0694 13064918    3,20%
  28848 15195        cutoff          25288,1100    24480,5462 13208895    3,19%
  29071 15292        cutoff          25288,1100    24482,6443 13289179    3,19%
  29307 15273    25219,5174  1281    25288,1100    24484,5865 13270680    3,18%
  29543 15311    25067,0841  1716    25288,1100    24487,2446 13306602    3,17%
  29756 15689    25103,3391  1775    25288,1100    24493,0450 13626991    3,14%
  29968 15581    25143,9085  1458    25288,1100    24493,5524 13532921    3,14%
  30156 15938    24798,7074  1469    25288,1100    24498,4425 13859953    3,12%
  30375 15828    24785,1199  1635    25288,1100    24499,6791 13758989    3,12%
  30591 16127    25123,8852  1568    25288,1100    24501,1963 14064874    3,11%
Elapsed time = 4692,24 sec. (682678,13 ticks, tree = 566,63 MB, solutions = 34)
  30818 16064    24963,1989  1666    25288,1100    24503,3463 13990558    3,10%
  31030 16125    24846,0217  1623    25288,1100    24504,7266 14057311    3,10%
  31256 16338    24636,0032  1462    25288,1100    24509,2301 14281670    3,08%
  31494 16440    24984,1729  1734    25288,1100    24510,2080 14376202    3,08%
  31681 16462    25272,0459  1401    25288,1100    24513,2994 14385346    3,06%
  31816 16690    25174,7187  1064    25288,1100    24515,4061 14609928    3,06%
  31935 16889    25087,7166  1354    25288,1100    24517,6264 14778962    3,05%
  32036 16962    25094,0755  1245    25288,1100    24519,8061 14842304    3,04%
  32159 16726        cutoff          25288,1100    24521,2956 14649631    3,03%
  32291 16960    25026,8362  1232    25288,1100    24522,9529 14844481    3,03%
Elapsed time = 4998,52 sec. (721125,27 ticks, tree = 598,44 MB, solutions = 34)
  32489 16990        cutoff          25288,1100    24524,6899 14868403    3,02%
  32710 17143        cutoff          25288,1100    24527,5910 15041147    3,01%
  32931 17189    25286,7229  1502    25288,1100    24529,8168 15078474    3,00%
  33157 17275    25191,5249   774    25288,1100    24533,2810 15173621    2,98%
  33388 17161    25113,1256  1459    25288,1100    24534,4604 15067444    2,98%
  33622 17537    25273,8842  1393    25288,1100    24536,1042 15437014    2,97%
  33825 17612        cutoff          25288,1100    24536,1271 15509157    2,97%
  34043 17793    25199,9488  1407    25288,1100    24538,1462 15670993    2,97%
  34269 17548    25011,1369  1377    25288,1100    24538,8457 15430628    2,96%
  34520 17715    25118,9670  1492    25288,1100    24540,5825 15593392    2,96%
Elapsed time = 5244,98 sec. (759456,97 ticks, tree = 608,66 MB, solutions = 34)
  34759 17959    25208,9669  1481    25288,1100    24541,2017 15852500    2,95%
  34994 18192    25124,1461  1463    25288,1100    24543,1169 16078868    2,95%
  35241 18021    24981,6850  1701    25288,1100    24544,5076 15931719    2,94%
  35473 18207    25039,2124  1376    25288,1100    24547,8909 16096242    2,93%
  35715 18385    25129,5483  1955    25288,1100    24549,2866 16257496    2,92%
  35949 18332    25092,5772  1642    25288,1100    24551,1399 16200319    2,91%
  36176 18346    25128,5814  1502    25288,1100    24552,5771 16208374    2,91%
  36378 18607    25075,7676  1521    25288,1100    24555,3496 16469901    2,90%
  36602 18695        cutoff          25288,1100    24556,5421 16568177    2,89%
  36798 18699        cutoff          25288,1100    24558,4748 16577319    2,89%
Elapsed time = 5554,90 sec. (797771,73 ticks, tree = 647,41 MB, solutions = 34)
  36985 18750    25165,1622  1568    25288,1100    24559,9135 16615895    2,88%
  37131 18930    24893,3480  1702    25288,1100    24563,2814 16812595    2,87%
  37274 19036    25245,9201  1576    25288,1100    24563,2814 16918618    2,87%
  37388 19226    24991,7507  1338    25288,1100    24566,7036 17123083    2,85%
  37493 19426    24794,5774  1470    25288,1100    24568,3359 17327349    2,85%
  37613 19445    25102,5830  1580    25288,1100    24569,7656 17349507    2,84%
  37780 19402    24894,0165  1881    25288,1100    24571,7964 17297256    2,83%
  38003 19558    25035,0909  1372    25288,1100    24575,7891 17453263    2,82%
  38263 19568    24825,9338  1841    25288,1100    24578,1761 17462296    2,81%
  38520 19689        cutoff          25288,1100    24580,7927 17565136    2,80%
Elapsed time = 5815,82 sec. (836182,60 ticks, tree = 672,03 MB, solutions = 34)
  38772 19559    24874,4219  1731    25288,1100    24581,9328 17469028    2,79%
* 38877 19701      integral     0    25163,4338    24583,5006 17577889    2,30%
  38997 17274        cutoff          25163,4338    24584,6328 17839324    2,30%
  39203 19670        cutoff          25163,4338    24585,1279 17557980    2,30%
  39437 19837    25270,5876  1528    25163,4338    24586,5241 17703963    2,29%
* 39472+17418                        25159,8986    24587,4791             2,28%
  39653 17415    25156,3684  1626    25159,8986    24588,1792 18036206    2,27%
  39880 17382        cutoff          25159,8986    24589,8466 17976261    2,27%
  40107 17414    24716,7820  1545    25159,8986    24590,2183 18232622    2,26%
  40344 17321    24743,2367  1629    25159,8986    24591,9127 18100657    2,26%
  40588 17554        cutoff          25159,8986    24592,9332 18461414    2,25%
  40820 17437    24969,9264  1441    25159,8986    24592,9332 18298232    2,25%
Elapsed time = 6098,52 sec. (874544,62 ticks, tree = 589,06 MB, solutions = 36)
  41049 17645    25049,8698  1632    25159,8986    24596,1224 18623233    2,24%
  41288 17609    24851,9973  1479    25159,8986    24597,2883 18556939    2,24%
  41546 17633    25087,2783  1407    25159,8986    24598,3585 18601721    2,23%
  41798 17706        cutoff          25159,8986    24600,3068 18756669    2,22%
  42049 17783    25003,9623  1591    25159,8986    24602,5377 18879936    2,22%
  42252 17789    24785,4199  1494    25159,8986    24603,7052 18888388    2,21%
  42418 17920        cutoff          25159,8986    24603,7052 19112077    2,21%
  42537 18014    24667,7407  1553    25159,8986    24603,7052 19262041    2,21%
  42595 18012        cutoff          25159,8986    24603,7052 19269583    2,21%

Performing restart 2

Repeating presolve.
Tried aggregator 2 times.
MIP Presolve eliminated 47 rows and 602 columns.
Aggregator did 14 substitutions.
Reduced MIP has 5272 rows, 26111 columns, and 57773 nonzeros.
Reduced MIP has 26095 binaries, 16 generals, 0 SOSs, and 0 indicators.
Presolve time = 0,05 sec. (42,86 ticks)
Tried aggregator 1 time.
Reduced MIP has 5272 rows, 26111 columns, and 57773 nonzeros.
Reduced MIP has 26095 binaries, 16 generals, 0 SOSs, and 0 indicators.
Presolve time = 0,06 sec. (43,56 ticks)
Represolve time = 2,07 sec. (1378,09 ticks)
  42648     0    23765,4508  2548    25159,8986      Cuts: 12 19700129    2,17%
  42648     0    23768,7216  2524    25159,8986       Cuts: 5 19700517    2,17%
  42648     0    23769,6440  2560    25159,8986   ZeroHalf: 5 19700700    2,17%
  42648     0    23771,3178  2643    25159,8986   ZeroHalf: 6 19700930    2,17%
  42648     0    23772,1644  2573    25159,8986   ZeroHalf: 1 19701132    2,17%
  42648     0    23780,5597  2673    25159,8986  ZeroHalf: 10 19701600    2,17%
  42648     0    23789,7522  2619    25159,8986   ZeroHalf: 7 19702053    2,17%
  42648     0    23790,6692  2616    25159,8986   ZeroHalf: 4 19702179    2,17%
  42648     0    23794,8013  2577    25159,8986   ZeroHalf: 5 19702501    2,17%
  42648     0    23799,3377  2587    25159,8986   ZeroHalf: 9 19702846    2,17%
  42648     0    23802,5997  2622    25159,8986   ZeroHalf: 3 19703104    2,17%

Repeating presolve.
Tried aggregator 2 times.
MIP Presolve eliminated 146 rows and 1778 columns.
Aggregator did 14 substitutions.
Reduced MIP has 5112 rows, 24319 columns, and 53974 nonzeros.
Reduced MIP has 24303 binaries, 16 generals, 0 SOSs, and 0 indicators.
Presolve time = 0,05 sec. (42,60 ticks)
Tried aggregator 1 time.
Reduced MIP has 5112 rows, 24319 columns, and 53974 nonzeros.
Reduced MIP has 24303 binaries, 16 generals, 0 SOSs, and 0 indicators.
Presolve time = 0,05 sec. (40,89 ticks)
Represolve time = 1,93 sec. (1391,99 ticks)
  42648     0    23809,7322  2549    25159,8986  ZeroHalf: 16 19721174    2,17%
  42648     0    23813,5336  2561    25159,8986   ZeroHalf: 6 19721560    2,17%
  42648     0    23816,6620  2570    25159,8986   ZeroHalf: 4 19721906    2,17%
  42648     0    23817,9600  2534    25159,8986  ZeroHalf: 11 19722107    2,17%
  42648     0    23824,0866  2589    25159,8986       Cuts: 9 19722496    2,17%
  42648     0    23832,3476  2645    25159,8986      Cuts: 18 19723075    2,17%
  42648     0    23832,5820  2623    25159,8986   ZeroHalf: 4 19723172    2,17%
  42648     0    23834,9577  2687    25159,8986   ZeroHalf: 2 19723414    2,17%
  42648     0    23846,1296  2605    25159,8986  ZeroHalf: 10 19724110    2,17%
  42648     0    23855,9601  2591    25159,8986  ZeroHalf: 15 19724499    2,17%
  42648     0    23858,6871  2558    25159,8986   ZeroHalf: 5 19724801    2,17%
  42648     0    23861,4100  2618    25159,8986   ZeroHalf: 5 19725084    2,17%
  42648     2    23861,4100  2618    25159,8986    24613,7489 19725084    2,17%
Elapsed time = 6492,71 sec. (1038448,93 ticks, tree = 0,02 MB, solutions = 36)
  42651     4    23906,2522  2465    25159,8986    24613,7489 19727323    2,17%
  42669    17    24199,4207  2078    25159,8986    24613,7489 19746123    2,17%
  42735    57    24278,5097  2076    25159,8986    24613,7489 19813620    2,17%
  42815   110    24339,9529  2001    25159,8986    24613,7489 19885977    2,17%
  42920   182    24143,6302  2109    25159,8986    24613,7489 19948443    2,17%
  43038   270    24486,1403  1902    25159,8986    24613,7489 20000790    2,17%
  43171   335    24929,6883  1875    25159,8986    24613,7489 20053700    2,17%
  43327   452    24657,0510  1906    25159,8986    24613,7489 20110550    2,17%
  43486   592    25153,5717  1158    25159,8986    24613,7489 20171211    2,17%
  43655   673    24776,0477  1892    25159,8986    24613,7489 20221460    2,17%
Elapsed time = 6723,32 sec. (1077207,30 ticks, tree = 21,95 MB, solutions = 36)
  43861   815    25095,8165  1626    25159,8986    24613,7489 20309843    2,17%
  44006   905    24988,5225  1756    25159,8986    24613,7489 20348214    2,17%
  44184  1006    24389,1350  1863    25159,8986    24613,7489 20402094    2,17%
  44335  1193    24975,0590  1656    25159,8986    24613,7489 20496566    2,17%
  44506  1291    24954,8700  1627    25159,8986    24613,7489 20556557    2,17%
  44705  1395    24245,7737  1943    25159,8986    24613,7489 20606494    2,17%
  44864  1521    24720,8502  1828    25159,8986    24613,7489 20667441    2,17%
  45022  1679    25068,3807  1587    25159,8986    24613,7489 20775471    2,17%
  45152  1759    24622,8074  1704    25159,8986    24613,7489 20835931    2,17%
  45341  1934    25141,4855  1796    25159,8986    24613,7489 20943709    2,17%
Elapsed time = 6996,63 sec. (1115513,62 ticks, tree = 84,29 MB, solutions = 36)
  45555  1988    24849,3785  1936    25159,8986    24613,7489 20974031    2,17%
  45755  2186    24884,6826  1578    25159,8986    24613,7489 21083813    2,17%
  45969  2206    24885,6705  2037    25159,8986    24613,7489 21105620    2,17%
  46110  2335    23973,7389  2376    25159,8986    24613,7489 21176463    2,17%
  46242  2459    25044,8945  1709    25159,8986    24613,7489 21265717    2,17%
  46401  2599    24927,1124  1928    25159,8986    24613,7489 21377220    2,17%
  46590  2659    24966,5329  1718    25159,8986    24613,7489 21419199    2,17%
  46720  2799    24596,2362  1850    25159,8986    24613,7489 21500145    2,17%
  46877  2957    25073,1327  1626    25159,8986    24613,7489 21591185    2,17%
  47054  3041    25003,6213  1429    25159,8986    24613,7489 21672884    2,17%
Elapsed time = 7279,72 sec. (1153847,54 ticks, tree = 118,15 MB, solutions = 36)
  47218  3191    24356,4771  1751    25159,8986    24613,7489 21761836    2,17%
  47396  3225    25118,6107  1533    25159,8986    24613,7489 21773409    2,17%
  47548  3479    24265,2690  1843    25159,8986    24613,7489 21921986    2,17%
  47699  3560        cutoff          25159,8986    24613,7489 21970467    2,17%
  47862  3679    25056,4045  1544    25159,8986    24613,7489 22049190    2,17%
  48027  3728    24981,0695  1587    25159,8986    24613,7489 22088114    2,17%
  48170  3892    24610,0717  1858    25159,8986    24613,7489 22218268    2,17%
  48378  3913    24916,0304  1784    25159,8986    24613,7489 22234432    2,17%
  48575  4134    24865,7352  1788    25159,8986    24613,7489 22366911    2,17%
  48745  4323        cutoff          25159,8986    24613,7489 22461822    2,17%
Elapsed time = 7567,50 sec. (1192132,61 ticks, tree = 164,95 MB, solutions = 36)
  48891  4398    25010,6954  1621    25159,8986    24613,7489 22523492    2,17%
  49059  4441    25137,4945  1671    25159,8986    24613,7489 22557387    2,17%
  49226  4540        cutoff          25159,8986    24613,7489 22627401    2,17%
  49385  4643    24460,0417  1691    25159,8986    24613,7489 22699554    2,17%
  49545  4768    24290,5374  1984    25159,8986    24613,7489 22776318    2,17%
  49697  4958    25032,7193  1721    25159,8986    24613,7489 22892407    2,17%
  49859  5036    25110,2808  1794    25159,8986    24613,7489 22947077    2,17%
  50025  5103    25120,4837  1310    25159,8986    24613,7489 23017836    2,17%
  50199  5268    24308,4124  2099    25159,8986    24613,7489 23129898    2,17%
  50356  5420    25138,3304  1520    25159,8986    24613,7489 23236844    2,17%
Elapsed time = 7856,50 sec. (1230557,15 ticks, tree = 194,76 MB, solutions = 36)
  50499  5449    24712,9208  1652    25159,8986    24613,7489 23254335    2,17%
  50661  5564    24661,9580  1688    25159,8986    24613,7489 23341085    2,17%
  50828  5738    24785,0433  1925    25159,8986    24613,7489 23477253    2,17%
  51005  5736    24648,7779  1708    25159,8986    24613,7489 23473676    2,17%
  51171  5883    24946,9265  1615    25159,8986    24613,7489 23589477    2,17%
  51344  6005    24638,7273  1677    25159,8986    24613,7489 23682872    2,17%
  51511  6170    24753,0233  1541    25159,8986    24613,7489 23803303    2,17%
  51679  6271    24377,7867  1704    25159,8986    24613,7489 23865562    2,17%
  51860  6394    25012,3923  1817    25159,8986    24613,7489 23960841    2,17%
  52021  6353    24759,4965  1599    25159,8986    24613,7489 23934424    2,17%
Elapsed time = 8148,17 sec. (1268909,83 ticks, tree = 228,62 MB, solutions = 36)
  52171  6535        cutoff          25159,8986    24613,7489 24051302    2,17%
  52329  6660        cutoff          25159,8986    24613,7489 24150784    2,17%
  52509  6841        cutoff          25159,8986    24613,7489 24302607    2,17%
  52688  6874    24777,9125  1833    25159,8986    24613,7489 24332427    2,17%
  52874  6903    25039,2885  1472    25159,8986    24613,7489 24349802    2,17%
  53045  7121    25101,5213  1561    25159,8986    24613,7489 24483917    2,17%
  53208  7178    25008,7215  1833    25159,8986    24613,7489 24527919    2,17%
  53380  7257    24542,3600  1742    25159,8986    24613,7489 24586382    2,17%
  53525  7491        cutoff          25159,8986    24613,7489 24753983    2,17%
  53693  7504    24506,0894  2014    25159,8986    24613,7489 24770797    2,17%
Elapsed time = 8435,61 sec. (1307233,11 ticks, tree = 266,95 MB, solutions = 36)
  53889  7572    24770,1677  1614    25159,8986    24613,7489 24844726    2,17%
  54069  7685    24932,2661  1664    25159,8986    24613,7489 24896780    2,17%
  54244  7922        cutoff          25159,8986    24613,7489 25069287    2,17%
  54430  7866    24482,6598  2142    25159,8986    24613,7489 25034858    2,17%
  54601  8087    24568,1471  2037    25159,8986    24613,7489 25176284    2,17%
  54770  8286        cutoff          25159,8986    24613,7489 25322666    2,17%
  54957  8438    25150,3253  1680    25159,8986    24613,7489 25423607    2,17%
  55124  8449    25110,3033  1754    25159,8986    24613,7489 25430297    2,17%
  55297  8643    24979,6086  1843    25159,8986    24613,7489 25572726    2,17%
  55476  8646    24739,1863  1606    25159,8986    24613,7489 25580151    2,17%
Elapsed time = 8729,81 sec. (1345471,41 ticks, tree = 307,09 MB, solutions = 36)
  55643  8717    24899,1106  1578    25159,8986    24613,7489 25629397    2,17%
  55829  8912    25034,9329  1735    25159,8986    24613,7489 25794611    2,17%
  56005  8887    24990,6886  1694    25159,8986    24613,7489 25772939    2,17%
  56194  8989    25066,2693  1494    25159,8986    24613,7489 25847123    2,17%
  56372  9231    24857,9832  1791    25159,8986    24613,7489 26012488    2,17%
  56553  9235        cutoff          25159,8986    24613,7489 26020322    2,17%
  56723  9474    24926,1412  1750    25159,8986    24613,7489 26187328    2,17%
  56899  9593    24801,2035  1679    25159,8986    24613,7489 26288380    2,17%
  57055  9593    25157,3164  1767    25159,8986    24613,7489 26296340    2,17%
  57231  9773    24742,7583  1866    25159,8986    24613,7489 26426418    2,17%
Elapsed time = 9028,02 sec. (1383866,08 ticks, tree = 341,02 MB, solutions = 36)
  57433  9786    24832,5921  1764    25159,8986    24613,7489 26432876    2,17%
  57614  9901    25078,8611  1464    25159,8986    24613,7489 26534799    2,17%
  57807 10121        cutoff          25159,8986    24613,7489 26693670    2,17%
  57979 10127    24989,5689  1533    25159,8986    24613,7489 26685396    2,17%
  58147 10327    24513,2927  1776    25159,8986    24613,7489 26833175    2,17%
  58322 10428        cutoff          25159,8986    24613,7489 26920207    2,17%
  58498 10631    25010,0989  1607    25159,8986    24613,7489 27095140    2,17%
  58683 10544    24651,9731  1676    25159,8986    24613,7489 27013828    2,17%
  58869 10789    25090,3492  1680    25159,8986    24613,7489 27204645    2,17%
  59043 10977        cutoff          25159,8986    24613,7489 27345834    2,17%
Elapsed time = 9322,92 sec. (1422235,13 ticks, tree = 380,50 MB, solutions = 36)
  59231 10945    24962,8813  1406    25159,8986    24613,7489 27320661    2,17%
  59430 11061    24585,2292  1508    25159,8986    24613,7489 27424957    2,17%
  59606 11222        cutoff          25159,8986    24613,7489 27532216    2,17%
  59774 11263        cutoff          25159,8986    24613,7489 27572695    2,17%
  59958 11499    24829,8854  1672    25159,8986    24613,7489 27772888    2,17%
  60135 11562    24535,1333  1719    25159,8986    24613,7489 27815635    2,17%
  60301 11495    25127,2682  1491    25159,8986    24613,7489 27770292    2,17%
  60483 11575        cutoff          25159,8986    24613,7489 27830275    2,17%
  60665 11681    25158,3939  1741    25159,8986    24613,7489 27922463    2,17%
  60832 11960    25157,9051  1735    25159,8986    24613,7489 28158568    2,17%
Elapsed time = 9615,00 sec. (1460557,15 ticks, tree = 410,82 MB, solutions = 36)
  61021 11988    24954,6196  1658    25159,8986    24613,7489 28185115    2,17%
  61196 11946    24942,2899  1663    25159,8986    24613,7489 28136773    2,17%
  61382 12198    24933,8953  1909    25159,8986    24613,7489 28340129    2,17%
  61562 12274    24732,7314  1886    25159,8986    24613,7489 28400234    2,17%
  61746 12470    25032,0335  1575    25159,8986    24613,7489 28554833    2,17%
  61942 12641    24749,7377  1795    25159,8986    24613,7489 28695717    2,17%
  62119 12514    25007,2421  1720    25159,8986    24613,7489 28587478    2,17%
  62316 12742    24503,8439  1686    25159,8986    24613,7489 28787910    2,17%
  62522 12844    24584,7648  1925    25159,8986    24613,7489 28872820    2,17%
  62710 12810    24680,9915  1783    25159,8986    24613,7489 28861757    2,17%
Elapsed time = 9917,19 sec. (1498892,41 ticks, tree = 438,32 MB, solutions = 36)
  62903 13064    24939,4294  1852    25159,8986    24613,7489 29039299    2,17%
  63099 13108    25081,2399  1573    25159,8986    24613,7489 29065226    2,17%
  63270 13355        cutoff          25159,8986    24613,7489 29265876    2,17%
  63455 13437    24580,9921  1792    25159,8986    24613,7489 29308097    2,17%
  63644 13511    24862,5692  1718    25159,8986    24613,7489 29380274    2,17%
  63831 13627    24853,1924  1539    25159,8986    24613,7489 29514276    2,17%
  64007 13560    24930,5403  1795    25159,8986    24613,7489 29438777    2,17%
  64209 13725    24731,0374  1826    25159,8986    24613,7489 29586905    2,17%
  64375 13703        cutoff          25159,8986    24613,7489 29575084    2,17%
  64557 13821        cutoff          25159,8986    24613,7489 29665234    2,17%
Elapsed time = 10216,12 sec. (1537352,40 ticks, tree = 471,70 MB, solutions = 36)
  64737 13930    24711,2523  1737    25159,8986    24613,7489 29778275    2,17%
  64923 14146        cutoff          25159,8986    24613,7489 29956018    2,17%
  65133 14278    24598,3648  1818    25159,8986    24613,7489 30064416    2,17%
  65322 14310    24968,9292  1568    25159,8986    24613,7489 30092145    2,17%
  65504 14440        cutoff          25159,8986    24613,7489 30200648    2,17%
  65718 14658    24732,1117  1849    25159,8986    24613,7489 30374245    2,17%
  65904 14593    24758,4898  1627    25159,8986    24613,7489 30323466    2,17%
  66104 14874    24655,3981  1525    25159,8986    24613,7489 30561531    2,17%
  66284 14966        cutoff          25159,8986    24613,7489 30637231    2,17%
  66481 14752    24983,1432  1761    25159,8986    24613,7489 30467741    2,17%
Elapsed time = 10510,31 sec. (1575629,91 ticks, tree = 500,69 MB, solutions = 36)
  66647 14984    25139,9391  1503    25159,8986    24613,7489 30652680    2,17%
  66820 15094        cutoff          25159,8986    24613,7489 30745527    2,17%
  67003 15303    24798,3507  1974    25159,8986    24613,7489 30934063    2,17%
  67161 15376    24769,6819  1838    25159,8986    24613,7489 30984340    2,17%
  67338 15315    25010,6367  1179    25159,8986    24613,7489 30948209    2,17%
  67540 15670    25147,8494  1477    25159,8986    24613,7489 31267188    2,17%
  67733 15483    24828,9831  1345    25159,8986    24613,7489 31119494    2,17%
  67925 15651    24740,6892  1781    25159,8986    24613,7489 31257967    2,17%
  68132 15669    25127,2351  1414    25159,8986    24613,7489 31265175    2,17%
  68342 15982    25003,5698  1649    25159,8986    24613,7489 31521608    2,17%
Elapsed time = 10807,66 sec. (1613944,82 ticks, tree = 536,03 MB, solutions = 36)
  68548 15885    24910,1633  1540    25159,8986    24613,7489 31439863    2,17%
  68722 15994        cutoff          25159,8986    24613,7489 31536721    2,17%
  68912 16284    25071,4612   574    25159,8986    24613,7489 31753821    2,17%
  69110 16314        cutoff          25159,8986    24613,7489 31785983    2,17%
  69296 16416    25034,0004  1768    25159,8986    24613,7489 31861455    2,17%
  69472 16425    24968,2845  1536    25159,8986    24613,7489 31869253    2,17%
  69667 16520    24776,1355  1765    25159,8986    24613,7489 31969655    2,17%
  69843 16501    25105,1734  1760    25159,8986    24613,7489 31952029    2,17%
  70041 16732        cutoff          25159,8986    24613,7489 32188446    2,17%
  70227 16962    25139,0909  1799    25159,8986    24613,7489 32389102    2,17%
Elapsed time = 11104,91 sec. (1652290,74 ticks, tree = 566,51 MB, solutions = 36)
  70431 17054        cutoff          25159,8986    24613,7489 32476776    2,17%
  70618 16845        cutoff          25159,8986    24613,7489 32301089    2,17%
  70805 17065    25094,7085  1625    25159,8986    24613,7489 32491436    2,17%
  71005 17277        cutoff          25159,8986    24613,7489 32675606    2,17%
  71208 17472    24958,7669  1489    25159,8986    24613,7489 32832091    2,17%
  71398 17429    25103,3345  1711    25159,8986    24613,7489 32788183    2,17%
  71611 17679    25040,5037  1265    25159,8986    24613,7489 33022183    2,17%
  71818 17794    25039,4587  1354    25159,8986    24613,7489 33129789    2,17%
  72018 17601    25099,3458  1579    25159,8986    24613,7489 32931917    2,17%
  72198 17856    25144,8195  1624    25159,8986    24613,7489 33196209    2,17%
Elapsed time = 11400,91 sec. (1690635,66 ticks, tree = 599,92 MB, solutions = 36)
  72376 17956    24817,0661  1721    25159,8986    24613,7489 33274977    2,17%
  72571 18100    25064,7657  1549    25159,8986    24613,7489 33418769    2,17%
  72786 17936    24984,2186  1670    25159,8986    24613,7489 33264750    2,17%
  72973 17992    25004,7300  1442    25159,8986    24613,7489 33326365    2,17%
  73164 18191    25123,7870  1596    25159,8986    24613,7489 33493773    2,17%
  73360 18468        cutoff          25159,8986    24613,7489 33742846    2,17%
  73561 18272        cutoff          25159,8986    24613,7489 33588592    2,17%
  73746 18496    25089,1556  1686    25159,8986    24613,7489 33786955    2,17%
  73960 18533        cutoff          25159,8986    24613,7489 33824375    2,17%
  74157 18854    25107,8253  1720    25159,8986    24613,7489 34103190    2,17%
Elapsed time = 11699,75 sec. (1728975,23 ticks, tree = 620,69 MB, solutions = 36)
  74364 18903    24794,3278  1963    25159,8986    24613,7489 34167336    2,17%
  74566 18996    24922,4920  1828    25159,8986    24613,7489 34254593    2,17%
  74767 19103    25019,9989  1639    25159,8986    24613,7489 34337797    2,17%
  74958 19248        cutoff          25159,8986    24613,7489 34484496    2,17%
  75142 19068    24979,6388  1824    25159,8986    24613,7489 34295911    2,17%
  75349 19250    25109,9216  1756    25159,8986    24613,7489 34471468    2,17%
  75527 19256    25075,6214  1747    25159,8986    24613,7489 34478528    2,17%
  75740 19679        cutoff          25159,8986    24613,7489 34885135    2,17%
  75936 19507        cutoff          25159,8986    24613,7489 34715322    2,17%
  76149 19676        cutoff          25159,8986    24613,7489 34869154    2,17%
Elapsed time = 11998,62 sec. (1767286,66 ticks, tree = 656,03 MB, solutions = 36)
  76330 19703        cutoff          25159,8986    24613,7489 34908086    2,17%
  76513 20046    25015,6919  1854    25159,8986    24613,7489 35240540    2,17%
  76724 20132    24938,9995  1611    25159,8986    24613,7489 35341436    2,17%
  76942 19922    25136,3760  1612    25159,8986    24613,7489 35134914    2,17%
  77131 20075    25153,1633  1485    25159,8986    24613,7489 35262896    2,17%
  77326 20226    24808,5096  1747    25159,8986    24613,7489 35415671    2,17%
  77523 20167    24899,9588  1619    25159,8986    24613,7489 35371179    2,17%
  77761 20431        cutoff          25159,8986    24613,7489 35646053    2,17%
  77968 20393    24806,7617  1871    25159,8986    24613,7489 35622454    2,17%
  78153 20403    24849,4155  1793    25159,8986    24613,7489 35629033    2,17%
Elapsed time = 12291,88 sec. (1805610,92 ticks, tree = 665,36 MB, solutions = 36)
  78331 20542        cutoff          25159,8986    24613,7489 35758700    2,17%
  78537 20832        cutoff          25159,8986    24613,7489 36031103    2,17%
  78736 20674    25048,2358  1632    25159,8986    24613,7489 35856703    2,17%
  78945 20690    25125,8574  1650    25159,8986    24613,7489 35894344    2,17%
  79154 20996    25014,1936  1649    25159,8986    24613,7489 36201266    2,17%
  79348 21193    25153,7925  1548    25159,8986    24613,7489 36398323    2,17%
  79553 21010    24916,0221  1635    25159,8986    24613,7489 36216650    2,17%
  79747 21054        cutoff          25159,8986    24613,7489 36255120    2,17%
  79937 21462    25136,8754  1726    25159,8986    24613,7489 36669414    2,17%
  80116 21285    24873,2744  1853    25159,8986    24613,7489 36519565    2,17%
Elapsed time = 12585,49 sec. (1843947,70 ticks, tree = 693,77 MB, solutions = 36)
  80322 21480    24613,3680  1809    25159,8986    24613,7489 36684066    2,17%
  80521 21669        cutoff          25159,8986    24613,7489 36921252    2,17%
  80738 21596    25105,2040  1686    25159,8986    24613,7489 36832678    2,17%
  80959 21731        cutoff          25159,8986    24613,7489 37002873    2,17%
  81162 21918        cutoff          25159,8986    24613,7489 37201252    2,17%
  81348 22079        cutoff          25159,8986    24613,7489 37365350    2,17%
  81554 22046    24838,4352  1533    25159,8986    24613,7489 37336886    2,17%
  81760 21992        cutoff          25159,8986    24613,7489 37282190    2,17%
  81962 21995    25020,3580  1516    25159,8986    24613,7489 37289830    2,17%
  82149 22108    25034,4744  1778    25159,8986    24613,7489 37395752    2,17%
Elapsed time = 12890,35 sec. (1882216,18 ticks, tree = 719,87 MB, solutions = 36)
  82336 22493    25058,3135  1753    25159,8986    24613,7489 37797456    2,17%
  82536 22328        cutoff          25159,8986    24613,7489 37600291    2,17%
  82732 22368        cutoff          25159,8986    24613,7489 37644651    2,17%
  82924 22537    25121,7668  1630    25159,8986    24613,7489 37852708    2,17%
  83117 22698    25007,2240  1628    25159,8986    24613,7489 38034366    2,17%
  83318 22706    25106,1632  1614    25159,8986    24613,7489 38042007    2,17%
  83506 22632    25029,3514  1565    25159,8986    24613,7489 37977192    2,17%
  83713 22917        cutoff          25159,8986    24613,7489 38264227    2,17%
  83938 22945    25152,5365  1187    25159,8986    24613,7489 38303778    2,17%
  84143 23072    24725,6047  1889    25159,8986    24613,7489 38485829    2,17%
Elapsed time = 13198,37 sec. (1920520,75 ticks, tree = 736,81 MB, solutions = 36)
  84344 23156    24851,1021  1692    25159,8986    24613,7489 38562964    2,17%
  84559 23228    24887,4763  1389    25159,8986    24613,7489 38644589    2,17%
  84776 23317        cutoff          25159,8986    24613,7489 38712985    2,17%
  84975 23144    24921,4837  1869    25159,8986    24613,7489 38551424    2,17%
  85169 23346        cutoff          25159,8986    24613,7489 38761071    2,17%
  85375 23352    24891,3015  1720    25159,8986    24613,7489 38768506    2,17%
  85564 23648    24972,2161  1889    25159,8986    24613,7489 39120315    2,17%
  85762 23423    25153,7476  1753    25159,8986    24613,7489 38846265    2,17%
  85965 23603    25083,8497  1570    25159,8986    24613,7489 39062908    2,17%
  86181 23743        cutoff          25159,8986    24613,7489 39250364    2,17%
Elapsed time = 13501,80 sec. (1958811,04 ticks, tree = 774,06 MB, solutions = 36)
  86360 23865    25093,8750  1664    25159,8986    24613,7489 39409418    2,17%
  86549 23848    25089,6551  1871    25159,8986    24613,7489 39373392    2,17%
  86733 23911    24929,0685  1877    25159,8986    24613,7489 39463214    2,17%
  86916 23852        cutoff          25159,8986    24613,7489 39389004    2,17%
  87114 24223    24949,4527  2044    25159,8986    24613,7489 39848515    2,17%
  87307 24310    24757,3224  1735    25159,8986    24613,7489 40055851    2,17%
  87499 24292    24955,8524  1632    25159,8986    24613,7489 40021732    2,17%
  87705 24350    24963,0106  1471    25159,8986    24613,7489 40146891    2,17%
  87931 24292    25023,3513  1575    25159,8986    24613,7489 39959534    2,17%
  88150 24307    25103,9337  1568    25159,8986    24615,0373 40004587    2,17%
Elapsed time = 13806,29 sec. (1997085,09 ticks, tree = 780,87 MB, solutions = 36)

Clique cuts applied:  1
Zero-half cuts applied:  189
Lift and project cuts applied:  3
Gomory fractional cuts applied:  1

Root node processing (before b&c):
  Real time             =   33,81 sec. (16161,69 ticks)
Parallel b&c, 12 threads:
  Real time             = 13790,23 sec. (1984151,01 ticks)
  Sync time (average)   = 1327,77 sec.
  Wait time (average)   =    0,18 sec.
                          ------------
Total (root+branch&cut) = 13824,04 sec. (2000312,70 ticks)

