
Version identifier: 22.1.1.0 | 2022-11-28 | 9160aff4d
CPXPARAM_MultiObjective_Display                  0
CPXPARAM_TimeLimit                               2000000
CPXPARAM_WorkMem                                 8192
CPXPARAM_DetTimeLimit                            2000000
Tried aggregator 4 times.
MIP Presolve eliminated 123312 rows and 1084009 columns.
Aggregator did 1463 substitutions.
Reduced MIP has 5796 rows, 30900 columns, and 67920 nonzeros.
Reduced MIP has 30870 binaries, 30 generals, 0 SOSs, and 0 indicators.
Presolve time = 0,99 sec. (708,18 ticks)
Found incumbent of value 187902,761361 after 1,15 sec. (842,93 ticks)
Tried aggregator 2 times.
Detecting symmetries...
Aggregator did 15 substitutions.
Reduced MIP has 5781 rows, 30885 columns, and 67890 nonzeros.
Reduced MIP has 30870 binaries, 15 generals, 0 SOSs, and 0 indicators.
Presolve time = 0,07 sec. (62,65 ticks)
Probing time = 0,06 sec. (13,82 ticks)
Clique table members: 37891.
MIP emphasis: balance optimality and feasibility.
MIP search method: dynamic search.
Parallel mode: deterministic, using up to 12 threads.
Root relaxation solution time = 0,96 sec. (551,99 ticks)

        Nodes                                         Cuts/
   Node  Left     Objective  IInf  Best Integer    Best Bound    ItCnt     Gap

*     0+    0                       187902,7614 -2147476,6669              --- 
*     0+    0                       172205,7664 -2147476,6669              --- 
*     0+    0                       172188,5674 -2147476,6669              --- 
*     0+    0                       172171,3684 -2147476,6669              --- 
*     0+    0                       172154,1694 -2147476,6669              --- 
*     0+    0                       172136,9704 -2147476,6669              --- 
*     0+    0                       172120,8514 -2147476,6669              --- 
*     0+    0                       172105,0564 -2147476,6669              --- 
*     0+    0                       172089,2614 -2147476,6669              --- 
*     0+    0                       172073,4664 -2147476,6669              --- 
      0     0    17942,2867  2180   172073,4664    17942,2867       47   89,57%
      0     0    18021,2267  2231   172073,4664      Cuts: 14     1021   89,53%
*     0+    0                       110785,6096    18021,2267            83,73%
      0     0    18033,7229  2336   110785,6096  ZeroHalf: 12     1583   83,72%
      0     0    18035,7502  2316   110785,6096   ZeroHalf: 5     1744   83,72%
*     0+    0                        66557,5387    18035,7502            72,90%
*     0+    0                        40793,5881    18035,7502            55,79%
*     0+    0                        35988,5254    18035,7502            49,88%
      0     0  -1,00000e+75     0    35988,5254    18035,7502     1744   49,88%
      0     0    18047,4745  2288    35988,5254   ZeroHalf: 8     2056   49,85%
      0     0    18052,4687  2326    35988,5254   ZeroHalf: 4     2341   49,84%
Detecting symmetries...
      0     0    18056,5340  2308    35988,5254   ZeroHalf: 3     2583   49,83%
      0     0    18057,3302  2374    35988,5254   ZeroHalf: 2     2687   49,82%
      0     0    18060,2637  2359    35988,5254   ZeroHalf: 2     2918   49,82%
      0     0    18067,5516  2287    35988,5254   ZeroHalf: 3     3262   49,80%
      0     0    18071,1443  2421    35988,5254   ZeroHalf: 3     3476   49,79%
      0     0    18080,1023  2437    35988,5254   ZeroHalf: 9     4001   49,76%
      0     0    18084,7778  2470    35988,5254   ZeroHalf: 4     4325   49,75%
      0     0    18088,3969  2330    35988,5254   ZeroHalf: 2     4501   49,74%
*     0+    0                        22205,3089    18088,3969            18,54%
Detecting symmetries...
      0     2    18088,3969  2330    22205,3089    18088,3969     4501   18,54%
Elapsed time = 30,76 sec. (16102,29 ticks, tree = 0,02 MB, solutions = 15)
      1     3    18155,6104  2064    22205,3089    18088,4051     5354   18,54%
      3     4    18175,0464  1924    22205,3089    18088,4051     5947   18,54%
      5     6    18189,5204  1982    22205,3089    18117,6524     7049   18,41%
      9     6    18224,1786  1818    22205,3089    18117,6524     7311   18,41%
     12    10    18232,8818  1917    22205,3089    18137,6172    10192   18,32%
     19    12    18309,8070  1568    22205,3089    18137,6172    11802   18,32%
     26    20    18342,1329  1893    22205,3089    18153,0801    18223   18,25%
     33    21    18305,0072  1750    22205,3089    18153,0801    19570   18,25%
     37    30    18303,4020  1852    22205,3089    18189,3746    28488   18,09%
     62    49    18621,2193  1365    22205,3089    18189,3746    50072   18,09%
Elapsed time = 52,72 sec. (20180,10 ticks, tree = 0,34 MB, solutions = 15)
     68    52    18388,2860  1777    22205,3089    18189,3746    60909   18,09%
     80    74    18422,7003  1717    22205,3089    18189,3746   103596   18,09%
     91    83    18478,1268  1422    22205,3089    18189,3746   162298   18,09%
    102   104    18700,2771  1227    22205,3089    18189,3746   220931   18,09%
    124   107    18909,7087   995    22205,3089    18189,3746   222965   18,09%
*   127+   88                        22121,9164    18189,3746            17,78%
    145   121    18566,5022  1567    22121,9164    18189,3746   247202   17,78%
    179   144    18640,3793  1467    22121,9164    18189,3746   267645   17,78%
    219   148    19418,2222  1309    22121,9164    18189,3746   269767   17,78%
    258   202    18785,8759  1234    22121,9164    18189,3746   298897   17,78%
*   260+  165                        20553,8404    18189,3746            11,50%
*   260+  181                        19929,3384    18189,3746             8,73%
    311   230    18916,7990  1222    19929,3384    18189,3746   313635    8,73%
Elapsed time = 124,55 sec. (29936,60 ticks, tree = 2,18 MB, solutions = 18)
*   334   279      integral     0    19891,5672    18189,3746   339655    8,56%
    375   267    19774,3662   833    19891,5672    18208,4522   331011    8,46%
    434   379    19812,5981  1009    19891,5672    18208,4522   388173    8,46%
*   439   357      integral     0    19882,6015    18208,4522   378816    8,42%
    499   379    18338,5395  1560    19882,6015    18208,4522   389846    8,42%
    542   430    18486,0970  1692    19882,6015    18208,7175   416754    8,42%
    602   442    18406,4209  1807    19882,6015    18217,1728   422742    8,38%
*   608+  446                        18790,2509    18217,1728             3,05%
    657   452    19112,6387  1006    18790,2509    18223,7545   427739    3,01%
    704   281    18714,2933  1468    18790,2509    18223,7545   479943    3,01%
    774   293        cutoff          18790,2509    18244,6331   475792    2,90%
    815   290    18722,1088  1310    18790,2509    18244,6331   496548    2,90%
Elapsed time = 189,11 sec. (38907,34 ticks, tree = 5,95 MB, solutions = 21)
    873   361    18736,3690  1268    18790,2509    18277,0992   545912    2,73%
    937   337        cutoff          18790,2509    18292,1364   528600    2,65%
    979   388        cutoff          18790,2509    18292,1364   562502    2,65%
   1042   464    18750,8295  1331    18790,2509    18293,6683   606538    2,64%
   1105   466    18438,4433  1888    18790,2509    18296,2078   608666    2,63%
   1174   479    18770,0615   950    18790,2509    18314,0899   619668    2,53%
   1252   516        cutoff          18790,2509    18314,0899   640375    2,53%
   1321   548    18581,3972  1385    18790,2509    18314,0899   660632    2,53%
   1398   567    18655,9312  1386    18790,2509    18336,8531   673697    2,41%
   1482   699    18787,7159  1249    18790,2509    18337,8947   747321    2,41%
Elapsed time = 260,56 sec. (48674,45 ticks, tree = 22,58 MB, solutions = 21)
   1545   751    18513,3822  1886    18790,2509    18344,1311   771943    2,37%
   1617   702    18512,9006  1483    18790,2509    18349,5657   744854    2,35%
   1683   750    18630,6492  1369    18790,2509    18357,0387   772034    2,31%
   1764   756    18439,3846  1763    18790,2509    18363,2517   776206    2,27%
   1845   895    18711,9389  1512    18790,2509    18376,3103   853045    2,20%
   1908   938    18701,0596  1326    18790,2509    18377,2213   875431    2,20%
   1994   924    18742,3683  1001    18790,2509    18380,4917   871686    2,18%
   2071  1025    18528,8911  1522    18790,2509    18384,6588   925065    2,16%
   2163  1081    18576,2389   958    18790,2509    18388,4257   953329    2,14%
   2237  1125    18555,0857  1455    18790,2509    18394,8065   977130    2,10%
Elapsed time = 331,44 sec. (58350,42 ticks, tree = 47,95 MB, solutions = 21)
   2321  1196        cutoff          18790,2509    18399,4341  1028244    2,08%
   2402  1214        cutoff          18790,2509    18402,2186  1041936    2,07%
   2498  1214    18539,1570  1433    18790,2509    18403,8929  1039211    2,06%
   2573  1291    18720,3305  1240    18790,2509    18409,3862  1081626    2,03%
   2652  1296    18667,3918  1287    18790,2509    18415,7920  1083964    1,99%
   2733  1328    18560,7921  1276    18790,2509    18417,5965  1105161    1,98%
   2810  1464    18599,2983  1513    18790,2509    18418,8372  1186605    1,98%
   2891  1431    18544,5273  1435    18790,2509    18422,7296  1158738    1,96%
   2965  1539    18573,0893  1524    18790,2509    18430,5437  1243517    1,91%
   3050  1579    18722,6489  1590    18790,2509    18432,2628  1272053    1,91%
Elapsed time = 402,69 sec. (68008,23 ticks, tree = 63,56 MB, solutions = 21)
   3140  1544        cutoff          18790,2509    18433,9835  1248732    1,90%
   3207  1610    18550,8463  1592    18790,2509    18437,7299  1307320    1,88%
   3299  1639    18565,9730  1516    18790,2509    18440,6558  1335330    1,86%
   3387  1683    18755,1672  1330    18790,2509    18443,1570  1375702    1,85%
   3470  1686    18674,8878  1444    18790,2509    18446,5996  1378331    1,83%
   3555  1708        cutoff          18790,2509    18449,9853  1398639    1,81%
   3629  1715    18715,5727  1288    18790,2509    18452,8200  1400959    1,80%
   3711  1800        cutoff          18790,2509    18456,4997  1465544    1,78%
   3808  1873    18616,1504  1298    18790,2509    18461,1512  1518970    1,75%
   3890  1852    18515,1206  1313    18790,2509    18461,1512  1487937    1,75%
Elapsed time = 474,12 sec. (77634,48 ticks, tree = 66,08 MB, solutions = 21)
   3931  1869        cutoff          18790,2509    18461,1512  1516440    1,75%
   3958  1909        cutoff          18790,2509    18461,1512  1543200    1,75%

Performing restart 1

Repeating presolve.
Tried aggregator 2 times.
MIP Presolve eliminated 742 rows and 9879 columns.
Aggregator did 136 substitutions.
Reduced MIP has 4903 rows, 20870 columns, and 47110 nonzeros.
Reduced MIP has 20855 binaries, 15 generals, 0 SOSs, and 0 indicators.
Presolve time = 0,05 sec. (43,31 ticks)
Tried aggregator 2 times.
MIP Presolve eliminated 7 rows and 123 columns.
Aggregator did 4 substitutions.
Reduced MIP has 4892 rows, 20743 columns, and 46859 nonzeros.
Reduced MIP has 20728 binaries, 15 generals, 0 SOSs, and 0 indicators.
Presolve time = 0,07 sec. (53,40 ticks)
Represolve time = 1,67 sec. (1179,42 ticks)
   3959     0    18100,2723  2294    18790,2509   ZeroHalf: 2  1638263    1,71%
   3959     0    18105,2939  2430    18790,2509   ZeroHalf: 3  1638515    1,71%
   3959     0    18109,0349  2367    18790,2509   ZeroHalf: 7  1638722    1,71%
   3959     0    18123,7894  2394    18790,2509  ZeroHalf: 10  1639301    1,71%
   3959     0    18127,1087  2395    18790,2509   ZeroHalf: 3  1639576    1,71%
   3959     0    18133,0821  2409    18790,2509  ZeroHalf: 11  1640006    1,71%
   3959     2    18133,0821  2408    18790,2509    18469,1266  1640006    1,71%
   3961     4    18136,8932  2431    18790,2509    18469,1266  1640673    1,71%
   3964     6    18202,0297  1948    18790,2509    18469,1266  1643378    1,71%
   3972    11    18355,3016  1820    18790,2509    18469,1266  1653131    1,71%
   3985    18    18493,6890  1916    18790,2509    18469,1266  1672525    1,71%
   3995    20    18410,8357  1742    18790,2509    18469,1266  1683894    1,71%
   4014    40    18454,1032  1782    18790,2509    18469,1266  1725653    1,71%
   4072    50    18577,3074  1571    18790,2509    18469,1266  1735735    1,71%
Elapsed time = 540,72 sec. (109571,11 ticks, tree = 0,25 MB, solutions = 21)
   4146   123        cutoff          18790,2509    18469,1266  1779233    1,71%
   4241   124    18529,5825  1786    18790,2509    18469,1266  1778809    1,71%
   4296   181    18385,0292  2072    18790,2509    18469,1266  1809995    1,71%
   4367   226    18188,0057  2102    18790,2509    18469,1266  1843754    1,71%
   4430   255    18317,5937  1928    18790,2509    18469,1266  1859820    1,71%
   4493   326    18337,9133  1826    18790,2509    18469,1266  1890951    1,71%
   4528   346    18317,5794  2005    18790,2509    18469,1266  1901162    1,71%
   4575   379    18219,0647  2259    18790,2509    18469,1266  1913927    1,71%
   4650   467    18456,1743  2009    18790,2509    18469,1266  1947243    1,71%
   4727   482    18324,3099  1952    18790,2509    18469,1266  1957223    1,71%
Elapsed time = 595,59 sec. (119325,96 ticks, tree = 7,88 MB, solutions = 21)
   4822   503    18361,2371  1581    18790,2509    18469,1266  1962607    1,71%
   4924   564    18511,5167  1880    18790,2509    18469,1266  1991006    1,71%
   5055   580    18774,0688  1372    18790,2509    18469,1266  2001407    1,71%
   5171   716    18636,0328  1730    18790,2509    18469,1266  2048306    1,71%
   5252   893    18706,8375  1763    18790,2509    18469,1266  2100921    1,71%
   5342   905    18486,6898  1850    18790,2509    18469,1266  2106616    1,71%
   5423   978    18695,8530  1396    18790,2509    18469,1266  2130468    1,71%
   5553  1089    18610,7141  1841    18790,2509    18469,1266  2176075    1,71%
   5616  1021    18761,5935  2040    18790,2509    18469,1266  2156298    1,71%
   5848  1308    18377,5690  1540    18790,2509    18469,1266  2283074    1,71%
Elapsed time = 669,80 sec. (131814,48 ticks, tree = 40,77 MB, solutions = 21)
   6143  1407        cutoff          18790,2509    18469,1266  2327826    1,71%
   6461  1659    18614,4647  1716    18790,2509    18469,1266  2432207    1,71%
   6779  1959    18672,0570  1504    18790,2509    18469,1266  2583997    1,71%
   7075  2053    18756,7421  1758    18790,2509    18469,1266  2640520    1,71%
   7238  2283        cutoff          18790,2509    18469,1266  2770379    1,71%
   7545  2354        cutoff          18790,2509    18469,1266  2816151    1,71%
   7848  2605    18499,7505  1806    18790,2509    18469,1266  2947252    1,71%
   8155  2833    18505,4692  1700    18790,2509    18469,1266  3085206    1,71%
   8336  2998    18650,0803  1699    18790,2509    18469,1266  3154478    1,71%
   8557  3134    18567,1196  2071    18790,2509    18469,1266  3235594    1,71%
Elapsed time = 893,31 sec. (170099,60 ticks, tree = 99,04 MB, solutions = 21)
   8815  3265    18582,6769  1627    18790,2509    18469,1266  3309821    1,71%
   9041  3423    18666,3762  1853    18790,2509    18469,1266  3404834    1,71%
   9233  3561    18789,0151  1892    18790,2509    18469,1266  3501823    1,71%
   9477  3694    18755,5681  1356    18790,2509    18469,1266  3604618    1,71%
   9652  3765        cutoff          18790,2509    18469,1266  3663691    1,71%
   9787  3887    18663,1822  1793    18790,2509    18469,1266  3777861    1,71%
   9969  4005    18726,1791  1634    18790,2509    18469,1266  3874130    1,71%
  10153  4024    18603,7113  1918    18790,2509    18469,1266  3894247    1,71%
  10337  4129    18746,0544  1859    18790,2509    18469,1266  3997935    1,71%
  10481  4224    18717,6513  1440    18790,2509    18469,1266  4084966    1,71%
Elapsed time = 1119,25 sec. (208412,66 ticks, tree = 135,07 MB, solutions = 21)
  10607  4309        cutoff          18790,2509    18469,1266  4168672    1,71%
  10779  4373    18560,1291  1752    18790,2509    18469,1266  4280308    1,71%
  10952  4396    18750,5865  1912    18790,2509    18469,1266  4299939    1,71%
  11073  4527    18777,1817  1999    18790,2509    18469,1266  4451652    1,71%
  11175  4588    18678,6251  1925    18790,2509    18469,1266  4540542    1,71%
  11356  4645        cutoff          18790,2509    18469,1266  4608108    1,71%
  11544  4753    18749,5233  1679    18790,2509    18469,1266  4698124    1,71%
  11709  4769    18785,9929  1458    18790,2509    18469,1266  4716482    1,71%
  11917  4885    18757,4926  1306    18790,2509    18469,1266  4849198    1,71%
  12067  5025        cutoff          18790,2509    18469,1266  4986780    1,71%
Elapsed time = 1350,38 sec. (246712,45 ticks, tree = 162,20 MB, solutions = 21)
  12200  5096    18748,0542  1644    18790,2509    18469,1266  5050118    1,71%
  12361  5148    18620,7638  1784    18790,2509    18469,1266  5110779    1,71%
  12534  5136    18784,2562  1938    18790,2509    18469,1266  5095492    1,71%
  12691  5260    18636,1491  1479    18790,2509    18469,1266  5244522    1,71%
  12837  5347    18610,1325  1477    18790,2509    18469,1266  5371744    1,71%
  13028  5417        cutoff          18790,2509    18469,1266  5481035    1,71%
  13144  5466    18727,8406  2216    18790,2509    18469,1266  5535536    1,71%
  13267  5514        cutoff          18790,2509    18469,1266  5566584    1,71%
  13392  5550    18694,5540  1883    18790,2509    18469,1266  5631259    1,71%
  13558  5571    18777,5752  1666    18790,2509    18469,1266  5662861    1,71%
Elapsed time = 1588,31 sec. (284970,71 ticks, tree = 183,88 MB, solutions = 21)
  13721  5619        cutoff          18790,2509    18469,7287  5741249    1,71%
  13896  5735    18640,1382  1415    18790,2509    18471,8527  5891596    1,69%
  14044  5754        cutoff          18790,2509    18474,2997  5918721    1,68%
  14200  5859    18691,4191  2040    18790,2509    18478,7906  6062102    1,66%
  14306  5875    18761,9077  1142    18790,2509    18481,2818  6087409    1,64%
  14417  5922        cutoff          18790,2509    18484,2590  6169968    1,63%
  14555  5975    18602,2957  1507    18790,2509    18487,3162  6230959    1,61%
  14740  6013        cutoff          18790,2509    18491,0781  6297639    1,59%
  14908  6028    18694,8854  1640    18790,2509    18493,1888  6362516    1,58%
  15114  6181    18718,3711  1357    18790,2509    18497,3018  6532538    1,56%
Elapsed time = 1832,87 sec. (323446,30 ticks, tree = 203,66 MB, solutions = 21)
  15315  6178        cutoff          18790,2509    18499,9785  6551541    1,54%
  15493  6195    18672,7425  1503    18790,2509    18502,0458  6590988    1,53%
  15619  6447    18643,6233  1410    18790,2509    18505,8603  6846175    1,51%
  15733  6462        cutoff          18790,2509    18508,0787  6903529    1,50%
  15850  6480    18663,6913  1336    18790,2509    18511,7661  6925291    1,48%
  16007  6494        cutoff          18790,2509    18515,6921  6970065    1,46%
  16164  6543    18694,1735  1677    18790,2509    18518,4953  7009997    1,45%
  16324  6574        cutoff          18790,2509    18519,3884  7128777    1,44%
  16492  6632    18704,0877  1989    18790,2509    18521,4995  7179391    1,43%
  16620  6661    18777,0015  1347    18790,2509    18524,1089  7284433    1,42%
Elapsed time = 2070,22 sec. (361838,74 ticks, tree = 221,75 MB, solutions = 21)
  16741  6684    18736,5546  1597    18790,2509    18526,2072  7316085    1,41%
  16872  6759    18777,1184  1778    18790,2509    18529,5826  7433349    1,39%
  16986  6756    18600,6272  1457    18790,2509    18533,0030  7501311    1,37%
  17115  6785    18778,9223  1328    18790,2509    18536,1540  7626994    1,35%
  17269  6857    18646,8428  1641    18790,2509    18538,3698  7726474    1,34%
  17414  6855    18755,8842   909    18790,2509    18540,3651  7698979    1,33%
  17577  6885    18686,6313  1381    18790,2509    18541,8596  7798336    1,32%
  17747  6942    18739,0437  1220    18790,2509    18545,0966  7951336    1,30%
  17900  7005        cutoff          18790,2509    18548,7934  8039168    1,29%
  18045  6984    18668,5378  1967    18790,2509    18550,3757  8003109    1,28%
Elapsed time = 2323,24 sec. (400358,04 ticks, tree = 231,25 MB, solutions = 21)
  18188  7073    18696,1900  1534    18790,2509    18552,2919  8164969    1,27%
  18333  7117    18789,6546  1777    18790,2509    18554,9508  8262838    1,25%
  18457  7123    18645,8214  1748    18790,2509    18558,6909  8338575    1,23%
  18587  7171    18727,4033  1721    18790,2509    18560,7580  8426081    1,22%
  18732  7170        cutoff          18790,2509    18563,1410  8407993    1,21%
  18910  7213        cutoff          18790,2509    18566,1390  8563386    1,19%
  19078  7255        cutoff          18790,2509    18567,4658  8630059    1,19%
  19228  7220        cutoff          18790,2509    18570,1221  8590554    1,17%
  19390  7316        cutoff          18790,2509    18571,1797  8834838    1,17%
  19590  7316    18704,9096  1415    18790,2509    18573,5153  8806297    1,15%
Elapsed time = 2582,02 sec. (438865,27 ticks, tree = 239,15 MB, solutions = 21)
  19820  7364    18659,9102  1486    18790,2509    18575,2558  8914696    1,14%
  20006  7399    18772,7225  1294    18790,2509    18577,7654  8989988    1,13%
  20174  7388    18757,0255  2278    18790,2509    18579,6813  9075012    1,12%
  20320  7446    18779,9664  1807    18790,2509    18582,3510  9229185    1,11%
  20463  7465        cutoff          18790,2509    18584,4568  9338891    1,10%
  20599  7509    18758,4448  1411    18790,2509    18586,0886  9436214    1,09%
  20756  7511        cutoff          18790,2509    18586,8747  9526048    1,08%
  20950  7520        cutoff          18790,2509    18589,6885  9602211    1,07%
  21162  7524        cutoff          18790,2509    18593,0790  9668783    1,05%
  21370  7541    18720,7122  1833    18790,2509    18596,2751  9712649    1,03%
Elapsed time = 2839,82 sec. (477229,64 ticks, tree = 246,16 MB, solutions = 21)
  21578  7568    18765,3353  1672    18790,2509    18598,2939  9738549    1,02%
  21806  7616        cutoff          18790,2509    18600,5242  9912772    1,01%
  22009  7612        cutoff          18790,2509    18601,3467  9903266    1,01%
  22142  7654    18753,5573  1724    18790,2509    18602,6719 10046685    1,00%
  22287  7646    18663,9316  1659    18790,2509    18605,1529 10222726    0,99%
  22435  7658    18750,5271  1136    18790,2509    18608,2424 10213406    0,97%
  22634  7643        cutoff          18790,2509    18609,7565 10324796    0,96%
  22797  7651        cutoff          18790,2509    18612,5783 10368774    0,95%
  22988  7635        cutoff          18790,2509    18614,8187 10441237    0,93%
  23194  7626        cutoff          18790,2509    18616,5216 10541738    0,92%
Elapsed time = 3102,97 sec. (515640,00 ticks, tree = 246,87 MB, solutions = 21)
  23416  7648        cutoff          18790,2509    18618,4158 10667804    0,91%
  23634  7637        cutoff          18790,2509    18619,8798 10739800    0,91%
  23837  7624        cutoff          18790,2509    18622,8587 10723943    0,89%
  24039  7627        cutoff          18790,2509    18624,1253 10962188    0,88%
  24215  7604    18757,4654  1789    18790,2509    18625,2885 11005763    0,88%
  24385  7618        cutoff          18790,2509    18628,7874 11068989    0,86%
  24551  7620    18763,5488  1718    18790,2509    18630,2470 11182223    0,85%
  24719  7632    18748,3700  1892    18790,2509    18631,7937 11128641    0,84%
  24911  7562        cutoff          18790,2509    18634,8079 11276776    0,83%
  25102  7552    18789,4034  1645    18790,2509    18636,9817 11436173    0,82%
Elapsed time = 3358,78 sec. (553970,58 ticks, tree = 244,22 MB, solutions = 21)
  25309  7523        cutoff          18790,2509    18637,6154 11513448    0,81%
  25524  7519        cutoff          18790,2509    18643,0440 11538012    0,78%
  25775  7496    18775,0923  1303    18790,2509    18645,0104 11569306    0,77%
  26002  7420        cutoff          18790,2509    18645,9218 11748191    0,77%
  26195  7323    18741,2015  1526    18790,2509    18650,1031 11935783    0,75%
  26403  7303        cutoff          18790,2509    18652,1572 11987506    0,73%
  26579  7202        cutoff          18790,2509    18654,2850 12113700    0,72%
  26764  7180        cutoff          18790,2509    18656,7914 12145478    0,71%
  26973  7103    18760,5647  1915    18790,2509    18657,9902 12256601    0,70%
  27153  7194    18764,8293  1143    18790,2509    18661,1754 12152000    0,69%
Elapsed time = 3611,87 sec. (592321,43 ticks, tree = 232,47 MB, solutions = 21)
* 27300+ 7011                        18784,2562    18664,1955             0,64%
  27369  7078    18764,2496  1793    18784,2562    18664,5468 12304629    0,64%
  27612  6878        cutoff          18784,2562    18666,9823 12513326    0,62%
  27848  6702        cutoff          18784,2562    18671,7962 12681223    0,60%
  28082  6631        cutoff          18784,2562    18673,9900 12741078    0,59%
  28301  6533        cutoff          18784,2562    18674,7475 12812453    0,58%
  28530  6493        cutoff          18784,2562    18679,0328 12835599    0,56%
  28757  6453        cutoff          18784,2562    18682,1661 12873436    0,54%
  28990  6217        cutoff          18784,2562    18684,6964 13042515    0,53%
  29226  6237        cutoff          18784,2562    18686,1664 13024670    0,52%
  29501  5984        cutoff          18784,2562    18690,6439 13252653    0,50%
Elapsed time = 3852,13 sec. (630590,92 ticks, tree = 186,50 MB, solutions = 22)
  29817  5864        cutoff          18784,2562    18693,5466 13321714    0,48%
  30107  5785    18772,4422  1542    18784,2562    18696,8170 13357862    0,47%
  30348  5503    18761,2357  1328    18784,2562    18701,4521 13486504    0,44%
  30603  5373        cutoff          18784,2562    18703,9852 13561579    0,43%
  30894  5221        cutoff          18784,2562    18706,1386 13641417    0,42%
  31195  5010        cutoff          18784,2562    18710,9969 13726245    0,39%
  31509  4697        cutoff          18784,2562    18713,8743 13833787    0,37%
  31814  4595    18779,0620  1464    18784,2562    18717,7389 13873553    0,35%
  32131  4292        cutoff          18784,2562    18721,0725 14001978    0,34%
  32450  4025        cutoff          18784,2562    18723,1572 14104326    0,33%
Elapsed time = 4083,83 sec. (668843,52 ticks, tree = 117,51 MB, solutions = 22)
  32824  3783        cutoff          18784,2562    18728,9745 14192408    0,29%
  33210  3387        cutoff          18784,2562    18730,7472 14312981    0,28%
  33677  3014        cutoff          18784,2562    18738,7227 14414238    0,24%
  34215  2459        cutoff          18784,2562    18744,2020 14527998    0,21%
  34830  1949        cutoff          18784,2562    18751,6588 14623714    0,17%
  35788  1009    18783,3126   976    18784,2562    18764,1254 14730809    0,11%

Cover cuts applied:  2
Mixed integer rounding cuts applied:  2
Zero-half cuts applied:  896
Lift and project cuts applied:  2
Gomory fractional cuts applied:  1

Root node processing (before b&c):
  Real time             =   29,58 sec. (16092,43 ticks)
Parallel b&c, 12 threads:
  Real time             = 4205,93 sec. (677418,07 ticks)
  Sync time (average)   =  557,64 sec.
  Wait time (average)   =    0,03 sec.
                          ------------
Total (root+branch&cut) = 4235,51 sec. (693510,49 ticks)

