
Version identifier: 22.1.1.0 | 2022-11-28 | 9160aff4d
CPXPARAM_MultiObjective_Display                  0
CPXPARAM_TimeLimit                               2000000
CPXPARAM_WorkMem                                 8192
CPXPARAM_DetTimeLimit                            2000000
Tried aggregator 3 times.
MIP Presolve eliminated 105807 rows and 1079669 columns.
Aggregator did 1257 substitutions.
Reduced MIP has 5417 rows, 28836 columns, and 63302 nonzeros.
Reduced MIP has 28804 binaries, 32 generals, 0 SOSs, and 0 indicators.
Presolve time = 0,87 sec. (613,32 ticks)
Found incumbent of value 191025,510015 after 1,02 sec. (739,75 ticks)
Tried aggregator 2 times.
Detecting symmetries...
Aggregator did 16 substitutions.
Reduced MIP has 5401 rows, 28820 columns, and 63270 nonzeros.
Reduced MIP has 28804 binaries, 16 generals, 0 SOSs, and 0 indicators.
Presolve time = 0,06 sec. (58,57 ticks)
Probing time = 0,07 sec. (13,17 ticks)
Clique table members: 35331.
MIP emphasis: balance optimality and feasibility.
MIP search method: dynamic search.
Parallel mode: deterministic, using up to 12 threads.
Root relaxation solution time = 0,83 sec. (522,43 ticks)

        Nodes                                         Cuts/
   Node  Left     Objective  IInf  Best Integer    Best Bound    ItCnt     Gap

*     0+    0                       191025,5100 -1829461,0000              --- 
*     0+    0                       165599,2500 -1829461,0000              --- 
*     0+    0                       165580,9980 -1829461,0000              --- 
*     0+    0                       165562,7460 -1829461,0000              --- 
*     0+    0                       165544,4940 -1829461,0000              --- 
*     0+    0                       165526,2420 -1829461,0000              --- 
*     0+    0                       165509,0700 -1829461,0000              --- 
*     0+    0                       165492,2220 -1829461,0000              --- 
*     0+    0                       165475,3740 -1829461,0000              --- 
*     0+    0                       165458,5260 -1829461,0000              --- 
      0     0    19932,2365  2062   165458,5260    19932,2365       41   87,95%
*     0+    0                       137572,1716    19932,2365            85,51%
      0     0    20053,6259  2211   137572,1716      Cuts: 41     1500   85,42%
      0     0    20112,5156  2251   137572,1716  ZeroHalf: 30     2593   85,38%
*     0+    0                        53263,7476    20112,5156            62,24%
      0     0    20136,9286  2278    53263,7476  ZeroHalf: 12     3333   62,19%
      0     0    20157,6437  2332    53263,7476  ZeroHalf: 39     3969   62,16%
      0     0    20166,9116  2299    53263,7476   ZeroHalf: 4     4429   62,14%
Detecting symmetries...
      0     0    20175,7273  2337    53263,7476   ZeroHalf: 6     4850   62,12%
      0     0    20191,5729  2347    53263,7476  ZeroHalf: 10     5459   62,09%
      0     0    20197,4357  2399    53263,7476   ZeroHalf: 4     5759   62,08%
      0     0    20202,8432  2330    53263,7476  ZeroHalf: 10     6040   62,07%
      0     0    20214,2827  2375    53263,7476   ZeroHalf: 4     6500   62,05%
      0     0    20215,1423  2349    53263,7476   ZeroHalf: 1     6659   62,05%
      0     0    20215,7194  2374    53263,7476   ZeroHalf: 2     6774   62,05%
*     0+    0                        25764,9874    20215,7194            21,54%
      0     0    20220,0334  2394    25764,9874   ZeroHalf: 5     7032   21,52%
      0     0    20221,8390  2416    25764,9874   ZeroHalf: 6     7187   21,51%
Detecting symmetries...
      0     2    20221,8390  2416    25764,9874    20221,8390     7187   21,51%
Elapsed time = 37,72 sec. (19523,56 ticks, tree = 0,02 MB, solutions = 13)
      1     3    20237,1560  2436    25764,9874    20221,8399     8108   21,51%
      2     4    20243,1438  2338    25764,9874    20221,8399     8731   21,51%
      3     3    20289,0036  2219    25764,9874    20221,8399     8591   21,51%
      4     6    20319,0799  2278    25764,9874    20237,1712    11310   21,45%
      7     4    20333,9307  2134    25764,9874    20237,1712    10323   21,45%
      9     8    20275,7123  2225    25764,9874    20237,1712    13318   21,45%
     12     8    20338,5089  2250    25764,9874    20237,1712    14057   21,45%
     17     7    20390,7145  2023    25764,9874    20255,2048    13517   21,38%
     21    18    20406,1034  2074    25764,9874    20275,7522    26655   21,31%
     48    22    20328,2699  2151    25764,9874    20282,8867    32873   21,28%
Elapsed time = 56,54 sec. (24024,98 ticks, tree = 0,04 MB, solutions = 13)
     72    54    20594,8003  2016    25764,9874    20282,8867    61786   21,28%
     89    71    20472,8338  1818    25764,9874    20282,8867    76353   21,28%
*   113+   82                        21066,6795    20282,8867             3,72%
    113    98    20608,3276  1700    21066,6795    20282,8867    97222    3,72%
    136   113    20640,8281  1585    21066,6795    20282,8867   109269    3,72%
    176   129    20971,7574  1047    21066,6795    20282,8867   124460    3,72%
    239   173    21014,9975  1080    21066,6795    20325,6771   150630    3,52%
*   268   187      integral     0    20855,4441    20325,6771   160304    2,54%
    290   210    21048,3607  1000    20855,4441    20325,6771   169493    2,54%
    336   214    20824,9027  1321    20855,4441    20338,5091   184822    2,48%
    374   244        cutoff          20855,4441    20353,2803   222095    2,41%
    413   261    20569,6458  1326    20855,4441    20353,2803   232716    2,41%
Elapsed time = 122,44 sec. (33966,23 ticks, tree = 4,84 MB, solutions = 17)
    464   274    20511,3969  1819    20855,4441    20353,2803   245949    2,41%
    530   347    20763,9189  1225    20855,4441    20353,2803   291028    2,41%
*   531+  298                        20807,0452    20353,2803             2,18%
*   562   343      integral     0    20723,0239    20353,2803   295008    1,78%
    607   352        cutoff          20723,0239    20365,5839   299739    1,72%
    646   334    20566,7593  1850    20723,0239    20365,5839   304872    1,72%
    684   337    20670,5004  1705    20723,0239    20390,5278   344842    1,60%
    750   332    20721,4993  1773    20723,0239    20390,5278   343412    1,60%
    788   384    20717,3452  1542    20723,0239    20390,5278   376211    1,60%
    833   445    20528,2318  1824    20723,0239    20392,4801   423813    1,60%
    883   454    20481,5982  2072    20723,0239    20416,7608   432432    1,48%
Elapsed time = 184,13 sec. (43091,32 ticks, tree = 9,32 MB, solutions = 19)
    918   470    20489,4538  1837    20723,0239    20416,7608   445627    1,48%
    969   526    20696,5985  1846    20723,0239    20418,1775   489436    1,47%
   1015   523    20654,2519  1957    20723,0239    20428,4157   487095    1,42%
   1072   567        cutoff          20723,0239    20428,4157   525410    1,42%
   1125   574    20568,4757  1964    20723,0239    20428,4157   531481    1,42%
   1177   637    20633,6986  1551    20723,0239    20434,6214   575619    1,39%
   1231   664    20685,0721  1523    20723,0239    20451,0195   591390    1,31%
   1287   658        cutoff          20723,0239    20451,4260   588899    1,31%
   1337   738        cutoff          20723,0239    20451,4260   641875    1,31%
   1387   696    20579,7244  1342    20723,0239    20451,4260   613683    1,31%
Elapsed time = 250,66 sec. (52809,00 ticks, tree = 17,42 MB, solutions = 19)
   1444   781    20524,8399  1529    20723,0239    20461,1865   682072    1,26%
   1504   753    20626,3389  1752    20723,0239    20462,7737   651710    1,26%
   1567   780        cutoff          20723,0239    20465,0342   677930    1,24%
   1620   868    20567,8009  1546    20723,0239    20467,6041   742352    1,23%
   1679   882    20657,8225  1829    20723,0239    20474,0237   751197    1,20%
   1741   903    20702,9764  1698    20723,0239    20476,6121   768021    1,19%
   1790   932    20649,4636  1812    20723,0239    20479,1693   783383    1,18%
   1870  1013    20712,1830  1594    20723,0239    20481,7234   851768    1,16%
   1932  1014    20572,1432  1781    20723,0239    20482,1506   853656    1,16%
   2002  1078    20575,1490  1836    20723,0239    20482,1506   902966    1,16%
Elapsed time = 318,05 sec. (62474,91 ticks, tree = 24,67 MB, solutions = 19)
   2067  1087    20629,6687  1626    20723,0239    20485,6588   911450    1,15%
   2127  1104    20664,9999  1682    20723,0239    20489,5123   920589    1,13%
   2193  1121    20718,8349  1766    20723,0239    20490,0193   936800    1,12%
   2266  1174    20562,6770  1430    20723,0239    20494,9191   969589    1,10%
   2318  1221    20557,4605  1587    20723,0239    20496,9405  1009389    1,09%
   2376  1242    20553,6166  1745    20723,0239    20496,9405  1029842    1,09%
   2428  1291    20646,2070  1258    20723,0239    20499,5798  1065454    1,08%
   2481  1333    20594,5069  1540    20723,0239    20502,8159  1101429    1,06%
   2546  1367    20564,2932  1572    20723,0239    20504,3077  1135356    1,06%
   2607  1408    20683,9016  1609    20723,0239    20505,3650  1169428    1,05%
Elapsed time = 384,95 sec. (72191,41 ticks, tree = 37,88 MB, solutions = 19)
   2669  1425    20576,0931  1947    20723,0239    20507,7725  1184730    1,04%
   2720  1451        cutoff          20723,0239    20507,9840  1205192    1,04%
   2795  1491    20693,2607  1580    20723,0239    20509,4372  1238150    1,03%
   2865  1478        cutoff          20723,0239    20511,5462  1225726    1,02%
   2932  1487        cutoff          20723,0239    20513,4691  1235352    1,01%
   2997  1600    20613,4808  1602    20723,0239    20514,8525  1331510    1,00%
   3067  1594        cutoff          20723,0239    20518,2716  1326899    0,99%
   3128  1599    20680,8197  1539    20723,0239    20519,2556  1329128    0,98%
   3186  1594    20710,0745  1758    20723,0239    20519,5921  1324576    0,98%
   3251  1642    20556,8347  1836    20723,0239    20522,7674  1365944    0,97%
Elapsed time = 450,47 sec. (81834,01 ticks, tree = 49,00 MB, solutions = 19)
   3317  1731        cutoff          20723,0239    20522,8131  1446182    0,97%
   3382  1726    20703,2237  1851    20723,0239    20523,4843  1441767    0,96%
   3438  1778    20719,6123  1210    20723,0239    20526,5603  1485138    0,95%
   3499  1800        cutoff          20723,0239    20528,7893  1509600    0,94%
   3568  1823        cutoff          20723,0239    20529,3046  1526447    0,93%
   3638  1834    20587,4779  1670    20723,0239    20530,3465  1535628    0,93%
   3714  1928    20660,6362  1427    20723,0239    20531,2657  1615324    0,93%
   3780  1908    20622,3980  1779    20723,0239    20531,2657  1601789    0,93%
   3828  1911    20618,7216  1136    20723,0239    20531,2657  1604208    0,93%
   3853  1954    20628,6332  1845    20723,0239    20531,2657  1637096    0,93%
Elapsed time = 508,33 sec. (91520,27 ticks, tree = 56,44 MB, solutions = 19)

Performing restart 1

Repeating presolve.
Tried aggregator 4 times.
MIP Presolve eliminated 928 rows and 10676 columns.
Aggregator did 209 substitutions.
Reduced MIP has 4264 rows, 17935 columns, and 40515 nonzeros.
Reduced MIP has 17919 binaries, 16 generals, 0 SOSs, and 0 indicators.
Presolve time = 0,06 sec. (48,65 ticks)
Tried aggregator 1 time.
Reduced MIP has 4264 rows, 17935 columns, and 40515 nonzeros.
Reduced MIP has 17919 binaries, 16 generals, 0 SOSs, and 0 indicators.
Presolve time = 0,04 sec. (30,80 ticks)
Represolve time = 1,21 sec. (927,15 ticks)
   3855     0    20242,4225  2259    20723,0239   ZeroHalf: 6  1733510    0,90%
   3855     0    20250,8334  2306    20723,0239   ZeroHalf: 7  1733864    0,90%
   3855     0    20252,4733  2319    20723,0239   ZeroHalf: 2  1734044    0,90%
   3855     0    20261,4755  2312    20723,0239  ZeroHalf: 17  1734571    0,90%
   3855     0    20263,0245  2299    20723,0239   ZeroHalf: 1  1734778    0,90%
   3855     0    20266,0199  2305    20723,0239   ZeroHalf: 2  1735027    0,90%
   3855     2    20266,0199  2300    20723,0239    20536,5753  1735027    0,90%
   3857     4    20271,6167  2281    20723,0239    20536,5753  1735683    0,90%
   3860     7    20409,5309  2211    20723,0239    20536,5753  1739774    0,90%
   3874     8    20549,6915  2057    20723,0239    20536,5753  1741512    0,90%
   3890    10    20446,1087  1821    20723,0239    20536,5753  1742179    0,90%
   3909    46    20722,9763  1849    20723,0239    20536,5753  1783899    0,90%
   3934    46    20378,6709  2281    20723,0239    20536,5753  1784892    0,90%
   3965    64    20423,6878  2140    20723,0239    20536,5753  1799876    0,90%
   4014   117    20591,3553  1361    20723,0239    20536,5753  1848146    0,90%
   4068   120    20394,8506  1999    20723,0239    20536,5753  1852674    0,90%
Elapsed time = 566,84 sec. (117559,94 ticks, tree = 1,18 MB, solutions = 19)
   4127   162    20571,4783  1934    20723,0239    20536,5753  1882881    0,90%
   4195   191    20377,4303  2159    20723,0239    20536,5753  1896019    0,90%
   4251   262    20553,8643  2036    20723,0239    20536,5753  1947185    0,90%
   4322   283    20680,8720  1405    20723,0239    20536,5753  1959503    0,90%
   4397   288    infeasible          20723,0239    20536,5753  1963757    0,90%
   4477   339    20711,6379  1502    20723,0239    20536,5753  1995037    0,90%
   4561   389    20445,4834  1975    20723,0239    20536,5753  2028778    0,90%
   4632   436    20687,2427  1748    20723,0239    20536,5753  2057106    0,90%
   4684   483    20638,9942  1953    20723,0239    20536,5753  2078681    0,90%
   4887   666        cutoff          20723,0239    20536,5753  2181657    0,90%
Elapsed time = 634,35 sec. (130208,52 ticks, tree = 11,03 MB, solutions = 19)
   5114   746    20627,0228  1548    20723,0239    20536,5753  2262944    0,90%
   5492   856    20588,1516  1651    20723,0239    20536,5753  2340376    0,90%
   5680   993    20713,9695  1526    20723,0239    20536,5753  2436221    0,90%
   5947  1114    20563,8058  1563    20723,0239    20536,5753  2536413    0,90%
   6314  1245    20682,3124  1727    20723,0239    20536,5753  2640715    0,90%
   6640  1553        cutoff          20723,0239    20536,5753  2811108    0,90%
   6928  1585        cutoff          20723,0239    20536,5753  2873090    0,90%
   7221  1747        cutoff          20723,0239    20536,5753  3023973    0,90%
   7483  1817    20638,1666  1545    20723,0239    20540,3018  3125248    0,88%
   7719  1910    20705,2935  1524    20723,0239    20549,0658  3236117    0,84%
Elapsed time = 840,09 sec. (168501,92 ticks, tree = 43,57 MB, solutions = 19)
   8055  1993    20705,3668  1707    20723,0239    20557,0812  3356867    0,80%
   8424  2068    20647,1051  1561    20723,0239    20567,8297  3442629    0,75%
   8798  2147        cutoff          20723,0239    20573,5916  3565404    0,72%
   9058  2267    20645,4110  1397    20723,0239    20582,4951  3743563    0,68%
   9421  2280        cutoff          20723,0239    20593,2540  3814214    0,63%
   9804  2319    20698,0749  1457    20723,0239    20600,8786  3942042    0,59%
  10222  2337    20710,5988  1782    20723,0239    20609,6646  4069432    0,55%
  10673  2299    20685,3133  1309    20723,0239    20618,0586  4240689    0,51%
  11062  2256    20684,8482  1328    20723,0239    20627,5744  4308548    0,46%
  11452  2158        cutoff          20723,0239    20638,3492  4490515    0,41%
Elapsed time = 1036,60 sec. (206769,92 ticks, tree = 45,47 MB, solutions = 19)
  12023  2042        cutoff          20723,0239    20649,6073  4575687    0,35%
  12568  1736        cutoff          20723,0239    20660,3301  4748012    0,30%
  13302  1208        cutoff          20723,0239    20679,7793  4916164    0,21%

Cover cuts applied:  2
Zero-half cuts applied:  118
Gomory fractional cuts applied:  1

Root node processing (before b&c):
  Real time             =   35,71 sec. (18567,06 ticks)
Parallel b&c, 12 threads:
  Real time             = 1070,47 sec. (203153,68 ticks)
  Sync time (average)   =  129,48 sec.
  Wait time (average)   =    0,02 sec.
                          ------------
Total (root+branch&cut) = 1106,18 sec. (221720,74 ticks)

